2024-10-31 12:07:11,825 [INFO] WebApp:189 - Connection lost
2024-10-31 12:07:12,154 [INFO] WebApp:186 - Connection restablished
2024-10-31 17:46:45,556 [INFO] WebApp:189 - Connection lost
2024-10-31 17:46:59,483 [INFO] WebApp:186 - Connection restablished
2024-10-31 17:47:03,834 [INFO] WebApp:189 - Connection lost
2024-10-31 17:47:03,970 [INFO] WebApp:186 - Connection restablished
2024-10-31 17:47:06,846 [INFO] WebApp:189 - Connection lost
2024-10-31 17:47:07,000 [INFO] WebApp:186 - Connection restablished
2024-10-31 17:47:10,004 [INFO] WebApp:189 - Connection lost
2024-10-31 17:47:10,135 [INFO] WebApp:186 - Connection restablished
2024-10-31 17:48:44,019 [INFO] WebApp:189 - Connection lost
2024-10-31 17:48:44,364 [INFO] WebApp:186 - Connection restablished
2024-10-31 17:49:59,507 [INFO] WebApp:189 - Connection lost
2024-10-31 17:50:00,718 [INFO] WebApp:186 - Connection restablished
2024-10-31 17:53:02,521 [INFO] WebApp:189 - Connection lost
2024-10-31 17:53:02,884 [INFO] WebApp:186 - Connection restablished
2024-10-31 18:28:17,967 [INFO] NvicIntPanel:101 - NVIC parent = com.st.microxplorer.plugins.ip.nvic.MultiNvicIntPanel[,0,0,0x0,invalid,layout=javax.swing.BoxLayout,alignmentX=0.0,alignmentY=0.0,border=,flags=9,maximumSize=,minimumSize=,preferredSize=]
2024-10-31 18:28:19,661 [INFO] UtilMem:75 - End SaveConfig() Used Memory: 302748616 Bytes (1006632960)
2024-10-31 18:28:19,873 [INFO] UtilMem:75 - End SaveConfig() Used Memory: 332817248 Bytes (1006632960)
2024-10-31 18:28:20,431 [INFO] UtilMem:75 - End SaveConfig() Used Memory: 382440376 Bytes (1006632960)
2024-10-31 18:28:20,667 [INFO] BlockDiagram:2766 - set Specific Code input for plugin: SPI
2024-10-31 18:28:20,667 [INFO] BlockDiagram:2766 - set Specific Code input for plugin: SYS
2024-10-31 18:28:20,668 [INFO] BlockDiagram:2766 - set Specific Code input for plugin: RCC
2024-10-31 18:28:20,668 [INFO] BlockDiagram:2766 - set Specific Code input for plugin: NVIC
2024-10-31 18:28:20,668 [INFO] BlockDiagram:2766 - set Specific Code input for plugin: GPIO
2024-10-31 18:28:20,669 [INFO] CodeGenerator:807 - code generatio: config db path: C:\ST\STM32CubeIDE_1.11.2\STM32CubeIDE\plugins\com.st.stm32cube.common.mx_6.12.1.202409122256\\db\
2024-10-31 18:28:20,849 [INFO] CodeEngine:255 - oldGeneratedFile, C:\Users\bakra\Desktop\STM32F767ZI\spi_read_registers\MXTmpFiles\license.tmp_save
2024-10-31 18:28:20,953 [INFO] CodeEngine:279 - Generated code: C:\Users\bakra\Desktop\STM32F767ZI\spi_read_registers\MXTmpFiles\license.tmp
2024-10-31 18:28:21,020 [INFO] CodeEngine:255 - oldGeneratedFile, C:\Users\bakra\Desktop\STM32F767ZI\spi_read_registers\MXTmpFiles\gpio.tmp_save
2024-10-31 18:28:21,139 [INFO] CodeEngine:279 - Generated code: C:\Users\bakra\Desktop\STM32F767ZI\spi_read_registers\MXTmpFiles\gpio.tmp
2024-10-31 18:28:21,327 [INFO] CodeEngine:255 - oldGeneratedFile, C:\Users\bakra\Desktop\STM32F767ZI\spi_read_registers\MXTmpFiles\cortex.tmp_save
2024-10-31 18:28:21,438 [INFO] CodeEngine:279 - Generated code: C:\Users\bakra\Desktop\STM32F767ZI\spi_read_registers\MXTmpFiles\cortex.tmp
2024-10-31 18:28:21,477 [INFO] CodeEngine:255 - oldGeneratedFile, C:\Users\bakra\Desktop\STM32F767ZI\spi_read_registers\Core\Src\stm32f7xx_it.c_save
2024-10-31 18:28:21,706 [INFO] CodeEngine:279 - Generated code: C:\Users\bakra\Desktop\STM32F767ZI\spi_read_registers\Core\Src\stm32f7xx_it.c
2024-10-31 18:28:21,735 [INFO] CodeEngine:255 - oldGeneratedFile, C:\Users\bakra\Desktop\STM32F767ZI\spi_read_registers\Core\Inc\stm32f7xx_it.h_save
2024-10-31 18:28:21,821 [INFO] CodeEngine:279 - Generated code: C:\Users\bakra\Desktop\STM32F767ZI\spi_read_registers\Core\Inc\stm32f7xx_it.h
2024-10-31 18:28:21,865 [INFO] CodeEngine:255 - oldGeneratedFile, C:\Users\bakra\Desktop\STM32F767ZI\spi_read_registers\Core\Src\stm32f7xx_hal_msp.c_save
2024-10-31 18:28:21,990 [INFO] CodeEngine:279 - Generated code: C:\Users\bakra\Desktop\STM32F767ZI\spi_read_registers\Core\Src\stm32f7xx_hal_msp.c
2024-10-31 18:28:22,004 [INFO] CodeEngine:255 - oldGeneratedFile, C:\Users\bakra\Desktop\STM32F767ZI\spi_read_registers\MXTmpFiles\system.tmp_save
2024-10-31 18:28:22,076 [INFO] CodeEngine:279 - Generated code: C:\Users\bakra\Desktop\STM32F767ZI\spi_read_registers\MXTmpFiles\system.tmp
2024-10-31 18:28:22,110 [INFO] CodeEngine:311 - oldGeneratedFile, C:\Users\bakra\Desktop\STM32F767ZI\spi_read_registers\Core\Inc\stm32f7xx_hal_conf.h_save
2024-10-31 18:28:22,214 [INFO] CodeEngine:335 - Generated code: C:\Users\bakra\Desktop\STM32F767ZI\spi_read_registers\Core\Inc\stm32f7xx_hal_conf.h
2024-10-31 18:28:22,270 [INFO] CodeEngine:255 - oldGeneratedFile, C:\Users\bakra\Desktop\STM32F767ZI\spi_read_registers\Core\Inc\main.h_save
2024-10-31 18:28:22,380 [INFO] CodeEngine:279 - Generated code: C:\Users\bakra\Desktop\STM32F767ZI\spi_read_registers\Core\Inc\main.h
2024-10-31 18:28:22,406 [INFO] CodeEngine:255 - oldGeneratedFile, C:\Users\bakra\Desktop\STM32F767ZI\spi_read_registers\Core\Src\main.c_save
2024-10-31 18:28:22,535 [INFO] CodeEngine:279 - Generated code: C:\Users\bakra\Desktop\STM32F767ZI\spi_read_registers\Core\Src\main.c
2024-10-31 18:28:23,054 [INFO] ProjectBuilder:3249 - Time for Copy HAL[1] : 274mS.
2024-10-31 18:28:23,058 [INFO] ProjectBuilder:4828 - Project Generator version: 4.5.0-B34
2024-10-31 18:28:23,151 [INFO] ConfigFileManager:1531 - The Die is : DIE451
2024-10-31 18:28:23,837 [INFO] ProjectBuilder:5097 - Time for Generating toolchain IDE Files: 779mS.
2024-10-31 18:28:23,838 [INFO] ProjectBuilder:3107 - Time for Copy CMSIS : 1mS.
2024-10-31 18:28:23,841 [INFO] ProjectBuilder:3107 - Time for Copy CMSIS : 0mS.
2024-10-31 18:31:27,464 [INFO] NvicIntPanel:101 - NVIC parent = com.st.microxplorer.plugins.ip.nvic.MultiNvicIntPanel[,0,0,0x0,invalid,layout=javax.swing.BoxLayout,alignmentX=0.0,alignmentY=0.0,border=,flags=9,maximumSize=,minimumSize=,preferredSize=]
2024-10-31 18:31:29,450 [INFO] UtilMem:75 - End SaveConfig() Used Memory: 693703112 Bytes (1006632960)
2024-10-31 18:31:29,560 [INFO] UtilMem:75 - End SaveConfig() Used Memory: 724111816 Bytes (1006632960)
2024-10-31 18:31:30,140 [INFO] UtilMem:75 - End SaveConfig() Used Memory: 770070584 Bytes (1006632960)
2024-10-31 18:31:30,446 [INFO] BlockDiagram:2766 - set Specific Code input for plugin: SPI
2024-10-31 18:31:30,446 [INFO] BlockDiagram:2766 - set Specific Code input for plugin: SYS
2024-10-31 18:31:30,446 [INFO] BlockDiagram:2766 - set Specific Code input for plugin: RCC
2024-10-31 18:31:30,446 [INFO] BlockDiagram:2766 - set Specific Code input for plugin: NVIC
2024-10-31 18:31:30,447 [INFO] BlockDiagram:2766 - set Specific Code input for plugin: GPIO
2024-10-31 18:31:30,447 [INFO] CodeGenerator:807 - code generatio: config db path: C:\ST\STM32CubeIDE_1.11.2\STM32CubeIDE\plugins\com.st.stm32cube.common.mx_6.12.1.202409122256\\db\
2024-10-31 18:31:30,605 [INFO] CodeEngine:255 - oldGeneratedFile, C:\Users\bakra\Desktop\STM32F767ZI\spi_read_registers\MXTmpFiles\license.tmp_save
2024-10-31 18:31:30,697 [INFO] CodeEngine:279 - Generated code: C:\Users\bakra\Desktop\STM32F767ZI\spi_read_registers\MXTmpFiles\license.tmp
2024-10-31 18:31:30,761 [INFO] CodeEngine:255 - oldGeneratedFile, C:\Users\bakra\Desktop\STM32F767ZI\spi_read_registers\MXTmpFiles\gpio.tmp_save
2024-10-31 18:31:30,876 [INFO] CodeEngine:279 - Generated code: C:\Users\bakra\Desktop\STM32F767ZI\spi_read_registers\MXTmpFiles\gpio.tmp
2024-10-31 18:31:31,028 [INFO] CodeEngine:255 - oldGeneratedFile, C:\Users\bakra\Desktop\STM32F767ZI\spi_read_registers\MXTmpFiles\cortex.tmp_save
2024-10-31 18:31:31,120 [INFO] CodeEngine:279 - Generated code: C:\Users\bakra\Desktop\STM32F767ZI\spi_read_registers\MXTmpFiles\cortex.tmp
2024-10-31 18:31:31,144 [INFO] CodeEngine:255 - oldGeneratedFile, C:\Users\bakra\Desktop\STM32F767ZI\spi_read_registers\Core\Src\stm32f7xx_it.c_save
2024-10-31 18:31:31,235 [INFO] CodeEngine:279 - Generated code: C:\Users\bakra\Desktop\STM32F767ZI\spi_read_registers\Core\Src\stm32f7xx_it.c
2024-10-31 18:31:31,241 [INFO] CodeEngine:255 - oldGeneratedFile, C:\Users\bakra\Desktop\STM32F767ZI\spi_read_registers\Core\Inc\stm32f7xx_it.h_save
2024-10-31 18:31:31,311 [INFO] CodeEngine:279 - Generated code: C:\Users\bakra\Desktop\STM32F767ZI\spi_read_registers\Core\Inc\stm32f7xx_it.h
2024-10-31 18:31:31,335 [INFO] CodeEngine:255 - oldGeneratedFile, C:\Users\bakra\Desktop\STM32F767ZI\spi_read_registers\Core\Src\stm32f7xx_hal_msp.c_save
2024-10-31 18:31:31,429 [INFO] CodeEngine:279 - Generated code: C:\Users\bakra\Desktop\STM32F767ZI\spi_read_registers\Core\Src\stm32f7xx_hal_msp.c
2024-10-31 18:31:31,432 [INFO] CodeEngine:255 - oldGeneratedFile, C:\Users\bakra\Desktop\STM32F767ZI\spi_read_registers\MXTmpFiles\system.tmp_save
2024-10-31 18:31:31,497 [INFO] CodeEngine:279 - Generated code: C:\Users\bakra\Desktop\STM32F767ZI\spi_read_registers\MXTmpFiles\system.tmp
2024-10-31 18:31:31,521 [INFO] CodeEngine:311 - oldGeneratedFile, C:\Users\bakra\Desktop\STM32F767ZI\spi_read_registers\Core\Inc\stm32f7xx_hal_conf.h_save
2024-10-31 18:31:31,637 [INFO] CodeEngine:335 - Generated code: C:\Users\bakra\Desktop\STM32F767ZI\spi_read_registers\Core\Inc\stm32f7xx_hal_conf.h
2024-10-31 18:31:31,688 [INFO] CodeEngine:255 - oldGeneratedFile, C:\Users\bakra\Desktop\STM32F767ZI\spi_read_registers\Core\Inc\main.h_save
2024-10-31 18:31:31,763 [INFO] CodeEngine:279 - Generated code: C:\Users\bakra\Desktop\STM32F767ZI\spi_read_registers\Core\Inc\main.h
2024-10-31 18:31:31,780 [INFO] CodeEngine:255 - oldGeneratedFile, C:\Users\bakra\Desktop\STM32F767ZI\spi_read_registers\Core\Src\main.c_save
2024-10-31 18:31:31,913 [INFO] CodeEngine:279 - Generated code: C:\Users\bakra\Desktop\STM32F767ZI\spi_read_registers\Core\Src\main.c
2024-10-31 18:31:32,295 [INFO] ProjectBuilder:3249 - Time for Copy HAL[1] : 159mS.
2024-10-31 18:31:32,295 [INFO] ProjectBuilder:4828 - Project Generator version: 4.5.0-B34
2024-10-31 18:31:32,389 [INFO] ConfigFileManager:1531 - The Die is : DIE451
2024-10-31 18:31:32,980 [INFO] ProjectBuilder:5097 - Time for Generating toolchain IDE Files: 685mS.
2024-10-31 18:31:32,981 [INFO] ProjectBuilder:3107 - Time for Copy CMSIS : 1mS.
2024-10-31 18:31:32,984 [INFO] ProjectBuilder:3107 - Time for Copy CMSIS : 1mS.
2024-10-31 18:41:48,035 [INFO] WebApp:189 - Connection lost
2024-10-31 18:41:48,494 [INFO] WebApp:186 - Connection restablished
2024-10-31 18:42:44,515 [INFO] WebApp:189 - Connection lost
2024-10-31 18:42:44,963 [INFO] WebApp:186 - Connection restablished
2024-10-31 18:43:01,031 [INFO] WebApp:189 - Connection lost
2024-10-31 18:43:01,227 [INFO] WebApp:186 - Connection restablished
