2024-03-07 19:38:59,458 [INFO] Activator:176 - 


2024-03-07 19:38:59,465 [INFO] Activator:177 - !SESSION log4j initialized
2024-03-07 19:39:12,149 [INFO] LogOutputStream:77 - [STDOUT_REDIRECT] 
2024-03-07 19:39:13,467 [INFO] ApplicationProperties:184 - Using Application install path: C:\ST\STM32CubeIDE_1.11.2\STM32CubeIDE\plugins\com.st.stm32cube.common.mx_6.10.0.202311202037
2024-03-07 19:39:13,508 [INFO] DbMcusXml:78 - Set database path to: C:\ST\STM32CubeIDE_1.11.2\STM32CubeIDE\plugins\com.st.stm32cube.common.mx_6.10.0.202311202037\\db\/mcu/
2024-03-07 19:39:13,508 [INFO] ApiDb:274 - Set plugin database path to: C:\ST\STM32CubeIDE_1.11.2\STM32CubeIDE\plugins\com.st.stm32cube.common.mx_6.10.0.202311202037\\db\/plugins/boardmanager/
2024-03-07 19:39:13,509 [WARN] ApiDb:259 - Overriding images path with different value:  => C:\ST\STM32CubeIDE_1.11.2\STM32CubeIDE\plugins\com.st.stm32cube.common.mx_6.10.0.202311202037\\db\/plugins/mcufinder/images/
2024-03-07 19:39:13,527 [INFO] ApiDb:250 - Set database path to: C:\Users\bakra\.stmcufinder\plugins\mcufinder//mcu/
2024-03-07 19:39:13,530 [INFO] DbMcusAds:125 - Set database path to: C:\Users\bakra\.stmcufinder\plugins\mcufinder//mcu/
2024-03-07 19:39:13,533 [INFO] CrossReferenceDbSqlite:203 - Set database path to: C:\Users\bakra\.stmcufinder\plugins\mcufinder//mcu/cs/
2024-03-07 19:39:13,689 [INFO] RulesReader:64 - Compatibility file has been processed (297 Rules)
2024-03-07 19:39:13,829 [INFO] DbMcusXml:78 - Set database path to: C:\ST\STM32CubeIDE_1.11.2\STM32CubeIDE\plugins\com.st.stm32cube.common.mx_6.10.0.202311202037\\db\/mcu/
2024-03-07 19:39:13,829 [INFO] ApiDb:274 - Set plugin database path to: C:\ST\STM32CubeIDE_1.11.2\STM32CubeIDE\plugins\com.st.stm32cube.common.mx_6.10.0.202311202037\\db\/plugins/boardmanager/
2024-03-07 19:39:13,829 [INFO] ApiDb:261 - Set plugin images path to: C:\ST\STM32CubeIDE_1.11.2\STM32CubeIDE\plugins\com.st.stm32cube.common.mx_6.10.0.202311202037\\db\/plugins/mcufinder/images/
2024-03-07 19:39:13,829 [WARN] DbFile:41 - Overriding database path with different value: C:\Users\bakra\.stmcufinder\plugins\mcufinder/ => C:\Users\bakra\.stmcufinder\plugins\mcufinder
2024-03-07 19:39:13,829 [INFO] ApiDb:250 - Set database path to: C:\Users\bakra\.stmcufinder\plugins\mcufinder//mcu/
2024-03-07 19:39:13,829 [WARN] DbFile:41 - Overriding database path with different value: C:\Users\bakra\.stmcufinder\plugins\mcufinder/ => C:\Users\bakra\.stmcufinder\plugins\mcufinder
2024-03-07 19:39:13,830 [INFO] DbMcusAds:125 - Set database path to: C:\Users\bakra\.stmcufinder\plugins\mcufinder//mcu/
2024-03-07 19:39:13,830 [WARN] DbFile:41 - Overriding database path with different value: C:\Users\bakra\.stmcufinder\plugins\mcufinder/ => C:\Users\bakra\.stmcufinder\plugins\mcufinder
2024-03-07 19:39:13,830 [WARN] DbFile:41 - Overriding database path with different value: C:\Users\bakra\.stmcufinder\plugins\mcufinder/ => C:\Users\bakra\.stmcufinder\plugins\mcufinder
2024-03-07 19:39:13,830 [INFO] CrossReferenceDbSqlite:203 - Set database path to: C:\Users\bakra\.stmcufinder\plugins\mcufinder//mcu/cs/
2024-03-07 19:39:13,964 [INFO] MainPanel:264 - HeapMemory: 268435456
2024-03-07 19:39:14,151 [INFO] DbMcusXml:78 - Set database path to: C:\ST\STM32CubeIDE_1.11.2\STM32CubeIDE\plugins\com.st.stm32cube.common.mx_6.10.0.202311202037\\db\/mcu/
2024-03-07 19:39:14,152 [INFO] ApiDb:274 - Set plugin database path to: C:\ST\STM32CubeIDE_1.11.2\STM32CubeIDE\plugins\com.st.stm32cube.common.mx_6.10.0.202311202037\\db\/plugins/boardmanager/
2024-03-07 19:39:14,152 [INFO] ApiDb:261 - Set plugin images path to: C:\ST\STM32CubeIDE_1.11.2\STM32CubeIDE\plugins\com.st.stm32cube.common.mx_6.10.0.202311202037\\db\/plugins/mcufinder/images/
2024-03-07 19:39:14,152 [WARN] DbFile:41 - Overriding database path with different value: C:\Users\bakra\.stmcufinder\plugins\mcufinder/ => C:\Users\bakra\.stmcufinder\plugins\mcufinder
2024-03-07 19:39:14,153 [INFO] ApiDb:250 - Set database path to: C:\Users\bakra\.stmcufinder\plugins\mcufinder//mcu/
2024-03-07 19:39:14,153 [WARN] DbFile:41 - Overriding database path with different value: C:\Users\bakra\.stmcufinder\plugins\mcufinder/ => C:\Users\bakra\.stmcufinder\plugins\mcufinder
2024-03-07 19:39:14,153 [INFO] DbMcusAds:125 - Set database path to: C:\Users\bakra\.stmcufinder\plugins\mcufinder//mcu/
2024-03-07 19:39:14,153 [WARN] DbFile:41 - Overriding database path with different value: C:\Users\bakra\.stmcufinder\plugins\mcufinder/ => C:\Users\bakra\.stmcufinder\plugins\mcufinder
2024-03-07 19:39:14,153 [WARN] DbFile:41 - Overriding database path with different value: C:\Users\bakra\.stmcufinder\plugins\mcufinder/ => C:\Users\bakra\.stmcufinder\plugins\mcufinder
2024-03-07 19:39:14,153 [INFO] CrossReferenceDbSqlite:203 - Set database path to: C:\Users\bakra\.stmcufinder\plugins\mcufinder//mcu/cs/
2024-03-07 19:39:14,188 [INFO] ApplicationProperties:184 - Using Application install path: C:\ST\STM32CubeIDE_1.11.2\STM32CubeIDE\plugins\com.st.stm32cube.common.mx_6.10.0.202311202037
2024-03-07 19:39:14,193 [INFO] PluginManage:196 - Search for loadable plugins [exclusion list=, ]
2024-03-07 19:39:14,195 [INFO] PluginManage:310 - Check plugin analytics
2024-03-07 19:39:14,420 [INFO] AnalyticsPlugin:253 - Accepted Software Licenses: 
2024-03-07 19:39:14,422 [INFO] AnalyticsPlugin:255 - Accepted CMSIS Pack Licenses: 
2024-03-07 19:39:14,422 [INFO] AnalyticsPlugin:257 - Accepted Firmware Licenses: 
2024-03-07 19:39:14,427 [INFO] PluginManage:359 - Loaded plugin analytics (category:tool,tabindex:-1)
2024-03-07 19:39:14,427 [INFO] PluginManage:310 - Check plugin cadmodel
2024-03-07 19:39:14,448 [INFO] CADModel:105 - Init CAD model plugin
2024-03-07 19:39:14,449 [INFO] PluginManage:359 - Loaded plugin cadmodel (category:power,tabindex:5)
2024-03-07 19:39:14,449 [INFO] PluginManage:310 - Check plugin clock
2024-03-07 19:39:14,478 [INFO] PluginManage:359 - Loaded plugin clock (category:base,tabindex:2)
2024-03-07 19:39:14,479 [INFO] PluginManage:310 - Check plugin ddr
2024-03-07 19:39:14,484 [INFO] PluginManage:359 - Loaded plugin ddr (category:tool,tabindex:6)
2024-03-07 19:39:14,484 [INFO] PluginManage:310 - Check plugin filemanager
2024-03-07 19:39:14,705 [INFO] PluginManage:359 - Loaded plugin filemanager (category:base,tabindex:10)
2024-03-07 19:39:14,705 [INFO] PluginManage:310 - Check plugin ipmanager
2024-03-07 19:39:14,715 [INFO] PluginManage:359 - Loaded plugin ipmanager (category:base,tabindex:5)
2024-03-07 19:39:14,715 [INFO] PluginManage:310 - Check plugin lpbam
2024-03-07 19:39:14,743 [INFO] PluginManage:359 - Loaded plugin lpbam (category:base,tabindex:0)
2024-03-07 19:39:14,743 [INFO] PluginManage:310 - Check plugin memorymap
2024-03-07 19:39:14,789 [INFO] PluginManage:359 - Loaded plugin memorymap (category:base,tabindex:4)
2024-03-07 19:39:14,789 [INFO] PluginManage:310 - Check plugin pinoutandconfiguration
2024-03-07 19:39:14,812 [INFO] PluginManage:359 - Loaded plugin pinoutandconfiguration (category:base,tabindex:1)
2024-03-07 19:39:14,812 [INFO] PluginManage:310 - Check plugin pinoutconfig
2024-03-07 19:39:14,986 [WARN] SupportedApi:132 - Cannot load RTOS API schema: s4s-elt-must-match.1: The content of 'definitions' must match (annotation?, (simpleType | complexType)?, (unique | key | keyref)*)). A problem was found starting at: attribute.
2024-03-07 19:39:15,224 [INFO] PluginManage:359 - Loaded plugin pinoutconfig (category:base,tabindex:0)
2024-03-07 19:39:15,226 [INFO] PluginManage:310 - Check plugin power
2024-03-07 19:39:15,258 [INFO] PluginManage:359 - Loaded plugin power (category:power,tabindex:4)
2024-03-07 19:39:15,258 [INFO] PluginManage:310 - Check plugin projectmanager
2024-03-07 19:39:15,289 [INFO] PluginManage:359 - Loaded plugin projectmanager (category:projectmanager,tabindex:3)
2024-03-07 19:39:15,289 [INFO] PluginManage:310 - Check plugin thirdparty
2024-03-07 19:39:15,802 [INFO] PluginManage:359 - Loaded plugin thirdparty (category:base,tabindex:-1)
2024-03-07 19:39:15,802 [WARN] IntegrityCheckThread:84 - waiting for thirdparty lock release [integrity check]
2024-03-07 19:39:15,802 [INFO] PluginManage:310 - Check plugin tools
2024-03-07 19:39:15,802 [INFO] IntegrityCheckThread:86 - entering critical section [integrity check]
2024-03-07 19:39:15,803 [INFO] ThirdPartyUpdaterWithRetryManager:70 - Updater plugin not ready yet. [1/15]
2024-03-07 19:39:15,864 [INFO] PluginManage:359 - Loaded plugin tools (category:base,tabindex:7)
2024-03-07 19:39:15,864 [INFO] PluginManage:310 - Check plugin tutovideos
2024-03-07 19:39:16,235 [INFO] PluginManage:359 - Loaded plugin tutovideos (category:base,tabindex:-1)
2024-03-07 19:39:16,236 [INFO] PluginManage:310 - Check plugin updater
2024-03-07 19:39:16,251 [INFO] PluginManage:359 - Loaded plugin updater (category:base,tabindex:12)
2024-03-07 19:39:16,252 [INFO] PluginManage:310 - Check plugin userauth
2024-03-07 19:39:16,260 [INFO] UserAuth:114 - Init User Auth plugin
2024-03-07 19:39:16,260 [INFO] PluginManage:359 - Loaded plugin userauth (category:base,tabindex:14)
2024-03-07 19:39:16,261 [INFO] PluginManage:283 - PluginManage : Loaded plugins [17]
2024-03-07 19:39:16,650 [INFO] PinOutPanel:1499 - setPackage(No Configuration,No Configuration)
2024-03-07 19:39:16,752 [INFO] CADModel:165 - CPN selected for project level
2024-03-07 19:39:16,753 [INFO] CADModel:114 - Register for checkConnection events
2024-03-07 19:39:16,784 [INFO] IPUIPlugin:80 - create IPUIPlugin
2024-03-07 19:39:16,784 [INFO] PluginManager:220 - loadIPPluginJar : add adc
2024-03-07 19:39:16,823 [INFO] IPUIPlugin:80 - create IPUIPlugin
2024-03-07 19:39:16,824 [INFO] PluginManager:220 - loadIPPluginJar : add aes
2024-03-07 19:39:16,879 [INFO] IPUIPlugin:80 - create IPUIPlugin
2024-03-07 19:39:16,879 [INFO] PluginManager:220 - loadIPPluginJar : add can
2024-03-07 19:39:16,908 [INFO] IPUIPlugin:80 - create IPUIPlugin
2024-03-07 19:39:16,908 [INFO] PluginManager:220 - loadIPPluginJar : add comp
2024-03-07 19:39:16,945 [INFO] IPUIPlugin:80 - create IPUIPlugin
2024-03-07 19:39:16,946 [INFO] PluginManager:220 - loadIPPluginJar : add cryp
2024-03-07 19:39:16,974 [INFO] IPUIPlugin:80 - create IPUIPlugin
2024-03-07 19:39:16,974 [INFO] PluginManager:220 - loadIPPluginJar : add dfsdm
2024-03-07 19:39:16,991 [INFO] IPUIPlugin:80 - create IPUIPlugin
2024-03-07 19:39:16,992 [INFO] PluginManager:220 - loadIPPluginJar : add dma
2024-03-07 19:39:17,033 [INFO] IPUIPlugin:80 - create IPUIPlugin
2024-03-07 19:39:17,033 [INFO] PluginManager:220 - loadIPPluginJar : add dma3
2024-03-07 19:39:17,053 [INFO] IPUIPlugin:80 - create IPUIPlugin
2024-03-07 19:39:17,053 [INFO] PluginManager:220 - loadIPPluginJar : add fatfs
2024-03-07 19:39:17,117 [INFO] IPUIPlugin:80 - create IPUIPlugin
2024-03-07 19:39:17,117 [INFO] PluginManager:220 - loadIPPluginJar : add fmc
2024-03-07 19:39:17,138 [INFO] IPUIPlugin:80 - create IPUIPlugin
2024-03-07 19:39:17,139 [INFO] PluginManager:220 - loadIPPluginJar : add freertos
2024-03-07 19:39:17,163 [INFO] IPUIPlugin:80 - create IPUIPlugin
2024-03-07 19:39:17,163 [INFO] PluginManager:220 - loadIPPluginJar : add genericplugin
2024-03-07 19:39:17,284 [INFO] IPUIPlugin:80 - create IPUIPlugin
2024-03-07 19:39:17,284 [INFO] PluginManager:220 - loadIPPluginJar : add gfxmmu
2024-03-07 19:39:17,465 [INFO] IPUIPlugin:80 - create IPUIPlugin
2024-03-07 19:39:17,465 [INFO] PluginManager:220 - loadIPPluginJar : add gic
2024-03-07 19:39:17,481 [INFO] IPUIPlugin:80 - create IPUIPlugin
2024-03-07 19:39:17,481 [INFO] PluginManager:220 - loadIPPluginJar : add gpio
2024-03-07 19:39:17,586 [INFO] IPUIPlugin:80 - create IPUIPlugin
2024-03-07 19:39:17,587 [INFO] PluginManager:220 - loadIPPluginJar : add gtzc
2024-03-07 19:39:17,630 [INFO] IPUIPlugin:80 - create IPUIPlugin
2024-03-07 19:39:17,630 [INFO] PluginManager:220 - loadIPPluginJar : add hash
2024-03-07 19:39:17,692 [INFO] IPUIPlugin:80 - create IPUIPlugin
2024-03-07 19:39:17,692 [INFO] PluginManager:220 - loadIPPluginJar : add i2c
2024-03-07 19:39:17,738 [INFO] IPUIPlugin:80 - create IPUIPlugin
2024-03-07 19:39:17,738 [INFO] PluginManager:220 - loadIPPluginJar : add i2s
2024-03-07 19:39:17,774 [INFO] IPUIPlugin:80 - create IPUIPlugin
2024-03-07 19:39:17,774 [INFO] PluginManager:220 - loadIPPluginJar : add i3c
2024-03-07 19:39:17,892 [INFO] IPUIPlugin:80 - create IPUIPlugin
2024-03-07 19:39:17,892 [INFO] PluginManager:220 - loadIPPluginJar : add ipddr
2024-03-07 19:39:17,993 [INFO] IPUIPlugin:80 - create IPUIPlugin
2024-03-07 19:39:17,993 [INFO] PluginManager:220 - loadIPPluginJar : add linkedlist
2024-03-07 19:39:18,026 [INFO] IPUIPlugin:80 - create IPUIPlugin
2024-03-07 19:39:18,026 [INFO] PluginManager:220 - loadIPPluginJar : add lorawan
2024-03-07 19:39:18,061 [INFO] IPUIPlugin:80 - create IPUIPlugin
2024-03-07 19:39:18,061 [INFO] PluginManager:220 - loadIPPluginJar : add ltdc
2024-03-07 19:39:18,076 [INFO] IPUIPlugin:80 - create IPUIPlugin
2024-03-07 19:39:18,076 [INFO] PluginManager:220 - loadIPPluginJar : add mdma
2024-03-07 19:39:18,089 [INFO] IPUIPlugin:80 - create IPUIPlugin
2024-03-07 19:39:18,089 [INFO] PluginManager:220 - loadIPPluginJar : add nvic
2024-03-07 19:39:18,117 [INFO] IPUIPlugin:80 - create IPUIPlugin
2024-03-07 19:39:18,117 [INFO] PluginManager:220 - loadIPPluginJar : add opamp
2024-03-07 19:39:18,165 [INFO] IPUIPlugin:80 - create IPUIPlugin
2024-03-07 19:39:18,165 [INFO] PluginManager:220 - loadIPPluginJar : add openamp
2024-03-07 19:39:18,202 [INFO] IPUIPlugin:80 - create IPUIPlugin
2024-03-07 19:39:18,202 [INFO] PluginManager:220 - loadIPPluginJar : add pdm2pcm
2024-03-07 19:39:18,215 [INFO] IPUIPlugin:80 - create IPUIPlugin
2024-03-07 19:39:18,215 [INFO] PluginManager:220 - loadIPPluginJar : add plateformsettings
2024-03-07 19:39:18,243 [INFO] IPUIPlugin:80 - create IPUIPlugin
2024-03-07 19:39:18,243 [INFO] PluginManager:220 - loadIPPluginJar : add quadspi
2024-03-07 19:39:18,255 [INFO] IPUIPlugin:80 - create IPUIPlugin
2024-03-07 19:39:18,255 [INFO] PluginManager:220 - loadIPPluginJar : add resmgrutility
2024-03-07 19:39:18,303 [INFO] IPUIPlugin:80 - create IPUIPlugin
2024-03-07 19:39:18,303 [INFO] PluginManager:220 - loadIPPluginJar : add sai
2024-03-07 19:39:18,343 [INFO] IPUIPlugin:80 - create IPUIPlugin
2024-03-07 19:39:18,343 [INFO] PluginManager:220 - loadIPPluginJar : add spi
2024-03-07 19:39:18,410 [INFO] IPUIPlugin:80 - create IPUIPlugin
2024-03-07 19:39:18,410 [INFO] PluginManager:220 - loadIPPluginJar : add stm32_wpan
2024-03-07 19:39:18,433 [INFO] IPUIPlugin:80 - create IPUIPlugin
2024-03-07 19:39:18,433 [INFO] PluginManager:220 - loadIPPluginJar : add tim
2024-03-07 19:39:18,481 [INFO] IPUIPlugin:80 - create IPUIPlugin
2024-03-07 19:39:18,481 [INFO] PluginManager:220 - loadIPPluginJar : add touchsensing
2024-03-07 19:39:18,511 [INFO] IPUIPlugin:80 - create IPUIPlugin
2024-03-07 19:39:18,511 [INFO] PluginManager:220 - loadIPPluginJar : add tracer_emb
2024-03-07 19:39:18,530 [INFO] IPUIPlugin:80 - create IPUIPlugin
2024-03-07 19:39:18,530 [INFO] PluginManager:220 - loadIPPluginJar : add ts
2024-03-07 19:39:18,556 [INFO] IPUIPlugin:80 - create IPUIPlugin
2024-03-07 19:39:18,556 [INFO] PluginManager:220 - loadIPPluginJar : add tsc
2024-03-07 19:39:18,576 [INFO] IPUIPlugin:80 - create IPUIPlugin
2024-03-07 19:39:18,576 [INFO] PluginManager:220 - loadIPPluginJar : add ucpd
2024-03-07 19:39:18,635 [INFO] IPUIPlugin:80 - create IPUIPlugin
2024-03-07 19:39:18,635 [INFO] PluginManager:220 - loadIPPluginJar : add usart
2024-03-07 19:39:18,682 [INFO] IPUIPlugin:80 - create IPUIPlugin
2024-03-07 19:39:18,682 [INFO] PluginManager:220 - loadIPPluginJar : add usbx
2024-03-07 19:39:18,805 [INFO] ThirdPartyUpdaterWithRetryManager:70 - Updater plugin not ready yet. [2/15]
2024-03-07 19:39:18,807 [INFO] CADModel:165 - CPN selected for project level
2024-03-07 19:39:18,807 [INFO] CADModel:114 - Register for checkConnection events
2024-03-07 19:39:18,807 [FATAL] Updater:308 - Updater called before beeing initialized
2024-03-07 19:39:18,807 [ERROR] CADModel:125 - Updater not yet initialized, retry later 
2024-03-07 19:39:19,040 [INFO] CADModel:165 - CPN selected for project level
2024-03-07 19:39:19,040 [INFO] CADModel:114 - Register for checkConnection events
2024-03-07 19:39:19,040 [FATAL] Updater:308 - Updater called before beeing initialized
2024-03-07 19:39:19,040 [ERROR] CADModel:125 - Updater not yet initialized, retry later 
2024-03-07 19:39:19,044 [FATAL] Updater:308 - Updater called before beeing initialized
2024-03-07 19:39:19,211 [FATAL] Updater:308 - Updater called before beeing initialized
2024-03-07 19:39:19,225 [INFO] DbMcusAds:53 - JSON generation date=Wed Nov 29 05:52:27 EST 2023 (1701255147349)
2024-03-07 19:39:19,226 [FATAL] Updater:308 - Updater called before beeing initialized
2024-03-07 19:39:19,344 [WARN] DetailPanel:346 - Failed to get advertising image, set to default
2024-03-07 19:39:19,545 [FATAL] Updater:308 - Updater called before beeing initialized
2024-03-07 19:39:19,554 [FATAL] Updater:308 - Updater called before beeing initialized
2024-03-07 19:39:19,555 [FATAL] Updater:308 - Updater called before beeing initialized
2024-03-07 19:39:19,555 [WARN] DetailPanel:346 - Failed to get advertising image, set to default
2024-03-07 19:39:19,556 [FATAL] Updater:308 - Updater called before beeing initialized
2024-03-07 19:39:19,693 [ERROR] Updater:1120 - MainUpdater not yet initialized. External WinMGr cannot be set.
2024-03-07 19:39:19,712 [INFO] Updater:1056 - Updater Version found : 6.10.0
2024-03-07 19:39:19,742 [INFO] ApplicationProperties:184 - Using Application install path: C:\ST\STM32CubeIDE_1.11.2\STM32CubeIDE\plugins\com.st.stm32cube.common.mx_6.10.0.202311202037
2024-03-07 19:39:21,377 [ERROR] LogOutputStream:75 - [STDERR_REDIRECT] Mar 07, 2024 7:39:21 PM java.util.prefs.WindowsPreferences <init>
2024-03-07 19:39:21,380 [ERROR] LogOutputStream:75 - [STDERR_REDIRECT] WARNING: Could not open/create prefs root node Software\JavaSoft\Prefs at root 0xffffffff80000002. Windows RegCreateKeyEx(...) returned error code 5.
2024-03-07 19:39:21,380 [ERROR] LogOutputStream:75 - [STDERR_REDIRECT] 
2024-03-07 19:39:21,806 [FATAL] Updater:308 - Updater called before beeing initialized
2024-03-07 19:39:21,807 [ERROR] IntegrityCheckThread:130 - Cannot retrieve database content from updater: error 21
2024-03-07 19:39:21,807 [INFO] ThirdParty:978 - Integrity check success = false
2024-03-07 19:39:21,807 [INFO] IntegrityCheckThread:100 - exiting critical section [integrity check]
2024-03-07 19:39:21,807 [INFO] IntegrityCheckThread:103 - End integrity checks thread
2024-03-07 19:39:22,115 [INFO] MainUpdater:2873 - connection check result : 10
2024-03-07 19:39:22,117 [INFO] MainUpdater:290 - Updater Check For Update Now.
2024-03-07 19:39:22,117 [INFO] MicroXplorer:498 - Change Database Version : DB.6.0.100
2024-03-07 19:39:22,142 [INFO] McuFinderGlobals:63 - Set McuFinder mode to 2 (CubeIDE integrated)
2024-03-07 19:39:22,171 [INFO] UserAuth:404 - Internet connection configuration mode: 1
2024-03-07 19:39:22,226 [INFO] JxBrowserEngine:152 - Initiate JxBrowser Engine with user profile folder
2024-03-07 19:39:22,384 [INFO] CheckServerUpdateThread:120 - End of CheckServer Thread
2024-03-07 19:39:25,073 [INFO] WebApp:161 - Instantiating new browser for Auth
2024-03-07 19:39:25,791 [INFO] WebApp:780 - Register for checkConnection events
2024-03-07 19:39:25,792 [INFO] WebApp:414 - Apply proxy settings
2024-03-07 19:39:25,792 [INFO] WebApp:499 - Chromium requires no authentication
2024-03-07 19:39:25,803 [INFO] WebApp:442 - Direct internet connection detected
2024-03-07 19:39:25,994 [INFO] WebApp:192 - Starting web application
2024-03-07 19:39:25,994 [INFO] WebApp:544 - Web application path used C:\ST\STM32CubeIDE_1.11.2\STM32CubeIDE\plugins\com.st.stm32cube.common.mx_6.10.0.202311202037\db\plugins\mcufinder\reactClient1\index.html
2024-03-07 19:39:33,386 [ERROR] LogOutputStream:75 - [STDERR_REDIRECT] SLF4J: Failed to load class "org.slf4j.impl.StaticLoggerBinder".
2024-03-07 19:39:33,387 [ERROR] LogOutputStream:75 - [STDERR_REDIRECT] SLF4J: Defaulting to no-operation (NOP) logger implementation
2024-03-07 19:39:33,388 [ERROR] LogOutputStream:75 - [STDERR_REDIRECT] SLF4J: See http://www.slf4j.org/codes.html#StaticLoggerBinder for further details.
2024-03-07 21:28:53,031 [ERROR] LogOutputStream:75 - [STDERR_REDIRECT] 
