2024-06-19 08:11:56,361 [INFO] Activator:176 - 


2024-06-19 08:11:56,381 [INFO] Activator:177 - !SESSION log4j initialized
2024-06-19 08:12:00,328 [INFO] LogOutputStream:77 - [STDOUT_REDIRECT] 
2024-06-19 08:12:01,293 [INFO] ApplicationProperties:184 - Using Application install path: C:\ST\STM32CubeIDE_1.11.2\STM32CubeIDE\plugins\com.st.stm32cube.common.mx_6.11.1.202404110753
2024-06-19 08:12:01,305 [INFO] DbMcusXml:78 - Set database path to: C:\ST\STM32CubeIDE_1.11.2\STM32CubeIDE\plugins\com.st.stm32cube.common.mx_6.11.1.202404110753\\db\/mcu/
2024-06-19 08:12:01,305 [INFO] ApiDb:274 - Set plugin database path to: C:\ST\STM32CubeIDE_1.11.2\STM32CubeIDE\plugins\com.st.stm32cube.common.mx_6.11.1.202404110753\\db\/plugins/boardmanager/
2024-06-19 08:12:01,305 [WARN] ApiDb:259 - Overriding images path with different value:  => C:\ST\STM32CubeIDE_1.11.2\STM32CubeIDE\plugins\com.st.stm32cube.common.mx_6.11.1.202404110753\\db\/plugins/mcufinder/images/
2024-06-19 08:12:01,309 [INFO] ApiDb:250 - Set database path to: C:\Users\bakra\.stmcufinder\plugins\mcufinder//mcu/
2024-06-19 08:12:01,310 [INFO] DbMcusAds:125 - Set database path to: C:\Users\bakra\.stmcufinder\plugins\mcufinder//mcu/
2024-06-19 08:12:01,311 [INFO] CrossReferenceDbSqlite:203 - Set database path to: C:\Users\bakra\.stmcufinder\plugins\mcufinder//mcu/cs/
2024-06-19 08:12:01,389 [INFO] RulesReader:64 - Compatibility file has been processed (297 Rules)
2024-06-19 08:12:01,453 [INFO] DbMcusXml:78 - Set database path to: C:\ST\STM32CubeIDE_1.11.2\STM32CubeIDE\plugins\com.st.stm32cube.common.mx_6.11.1.202404110753\\db\/mcu/
2024-06-19 08:12:01,453 [INFO] ApiDb:274 - Set plugin database path to: C:\ST\STM32CubeIDE_1.11.2\STM32CubeIDE\plugins\com.st.stm32cube.common.mx_6.11.1.202404110753\\db\/plugins/boardmanager/
2024-06-19 08:12:01,454 [INFO] ApiDb:261 - Set plugin images path to: C:\ST\STM32CubeIDE_1.11.2\STM32CubeIDE\plugins\com.st.stm32cube.common.mx_6.11.1.202404110753\\db\/plugins/mcufinder/images/
2024-06-19 08:12:01,454 [WARN] DbFile:41 - Overriding database path with different value: C:\Users\bakra\.stmcufinder\plugins\mcufinder/ => C:\Users\bakra\.stmcufinder\plugins\mcufinder
2024-06-19 08:12:01,454 [INFO] ApiDb:250 - Set database path to: C:\Users\bakra\.stmcufinder\plugins\mcufinder//mcu/
2024-06-19 08:12:01,454 [WARN] DbFile:41 - Overriding database path with different value: C:\Users\bakra\.stmcufinder\plugins\mcufinder/ => C:\Users\bakra\.stmcufinder\plugins\mcufinder
2024-06-19 08:12:01,454 [INFO] DbMcusAds:125 - Set database path to: C:\Users\bakra\.stmcufinder\plugins\mcufinder//mcu/
2024-06-19 08:12:01,454 [WARN] DbFile:41 - Overriding database path with different value: C:\Users\bakra\.stmcufinder\plugins\mcufinder/ => C:\Users\bakra\.stmcufinder\plugins\mcufinder
2024-06-19 08:12:01,454 [WARN] DbFile:41 - Overriding database path with different value: C:\Users\bakra\.stmcufinder\plugins\mcufinder/ => C:\Users\bakra\.stmcufinder\plugins\mcufinder
2024-06-19 08:12:01,454 [INFO] CrossReferenceDbSqlite:203 - Set database path to: C:\Users\bakra\.stmcufinder\plugins\mcufinder//mcu/cs/
2024-06-19 08:12:01,513 [INFO] MainPanel:264 - HeapMemory: 268435456
2024-06-19 08:12:01,585 [INFO] DbMcusXml:78 - Set database path to: C:\ST\STM32CubeIDE_1.11.2\STM32CubeIDE\plugins\com.st.stm32cube.common.mx_6.11.1.202404110753\\db\/mcu/
2024-06-19 08:12:01,585 [INFO] ApiDb:274 - Set plugin database path to: C:\ST\STM32CubeIDE_1.11.2\STM32CubeIDE\plugins\com.st.stm32cube.common.mx_6.11.1.202404110753\\db\/plugins/boardmanager/
2024-06-19 08:12:01,585 [INFO] ApiDb:261 - Set plugin images path to: C:\ST\STM32CubeIDE_1.11.2\STM32CubeIDE\plugins\com.st.stm32cube.common.mx_6.11.1.202404110753\\db\/plugins/mcufinder/images/
2024-06-19 08:12:01,586 [WARN] DbFile:41 - Overriding database path with different value: C:\Users\bakra\.stmcufinder\plugins\mcufinder/ => C:\Users\bakra\.stmcufinder\plugins\mcufinder
2024-06-19 08:12:01,586 [INFO] ApiDb:250 - Set database path to: C:\Users\bakra\.stmcufinder\plugins\mcufinder//mcu/
2024-06-19 08:12:01,586 [WARN] DbFile:41 - Overriding database path with different value: C:\Users\bakra\.stmcufinder\plugins\mcufinder/ => C:\Users\bakra\.stmcufinder\plugins\mcufinder
2024-06-19 08:12:01,586 [INFO] DbMcusAds:125 - Set database path to: C:\Users\bakra\.stmcufinder\plugins\mcufinder//mcu/
2024-06-19 08:12:01,586 [WARN] DbFile:41 - Overriding database path with different value: C:\Users\bakra\.stmcufinder\plugins\mcufinder/ => C:\Users\bakra\.stmcufinder\plugins\mcufinder
2024-06-19 08:12:01,586 [WARN] DbFile:41 - Overriding database path with different value: C:\Users\bakra\.stmcufinder\plugins\mcufinder/ => C:\Users\bakra\.stmcufinder\plugins\mcufinder
2024-06-19 08:12:01,586 [INFO] CrossReferenceDbSqlite:203 - Set database path to: C:\Users\bakra\.stmcufinder\plugins\mcufinder//mcu/cs/
2024-06-19 08:12:01,600 [INFO] ApplicationProperties:184 - Using Application install path: C:\ST\STM32CubeIDE_1.11.2\STM32CubeIDE\plugins\com.st.stm32cube.common.mx_6.11.1.202404110753
2024-06-19 08:12:01,601 [INFO] PluginManage:196 - Search for loadable plugins [exclusion list=, ]
2024-06-19 08:12:01,602 [INFO] PluginManage:310 - Check plugin analytics
2024-06-19 08:12:01,723 [INFO] AnalyticsPlugin:253 - Accepted Software Licenses: 
2024-06-19 08:12:01,723 [INFO] AnalyticsPlugin:255 - Accepted CMSIS Pack Licenses: 
2024-06-19 08:12:01,723 [INFO] AnalyticsPlugin:257 - Accepted Firmware Licenses: 
2024-06-19 08:12:01,739 [INFO] PluginManage:359 - Loaded plugin analytics (category:tool,tabindex:-1)
2024-06-19 08:12:01,739 [INFO] PluginManage:310 - Check plugin cadmodel
2024-06-19 08:12:01,779 [INFO] CADModel:105 - Init CAD model plugin
2024-06-19 08:12:01,779 [INFO] PluginManage:359 - Loaded plugin cadmodel (category:power,tabindex:5)
2024-06-19 08:12:01,779 [INFO] PluginManage:310 - Check plugin clock
2024-06-19 08:12:01,793 [INFO] PluginManage:359 - Loaded plugin clock (category:base,tabindex:2)
2024-06-19 08:12:01,794 [INFO] PluginManage:310 - Check plugin ddr
2024-06-19 08:12:01,795 [INFO] PluginManage:359 - Loaded plugin ddr (category:tool,tabindex:6)
2024-06-19 08:12:01,795 [INFO] PluginManage:310 - Check plugin filemanager
2024-06-19 08:12:01,888 [INFO] PluginManage:359 - Loaded plugin filemanager (category:base,tabindex:10)
2024-06-19 08:12:01,888 [INFO] PluginManage:310 - Check plugin ipmanager
2024-06-19 08:12:01,893 [INFO] PluginManage:359 - Loaded plugin ipmanager (category:base,tabindex:5)
2024-06-19 08:12:01,893 [INFO] PluginManage:310 - Check plugin lpbam
2024-06-19 08:12:01,908 [INFO] PluginManage:359 - Loaded plugin lpbam (category:base,tabindex:0)
2024-06-19 08:12:01,908 [INFO] PluginManage:310 - Check plugin memorymap
2024-06-19 08:12:01,924 [INFO] PluginManage:359 - Loaded plugin memorymap (category:base,tabindex:4)
2024-06-19 08:12:01,924 [INFO] PluginManage:310 - Check plugin pinoutandconfiguration
2024-06-19 08:12:01,937 [INFO] PluginManage:359 - Loaded plugin pinoutandconfiguration (category:base,tabindex:1)
2024-06-19 08:12:01,937 [INFO] PluginManage:310 - Check plugin pinoutconfig
2024-06-19 08:12:02,005 [WARN] SupportedApi:132 - Cannot load RTOS API schema: s4s-elt-must-match.1: The content of 'definitions' must match (annotation?, (simpleType | complexType)?, (unique | key | keyref)*)). A problem was found starting at: attribute.
2024-06-19 08:12:02,093 [INFO] PluginManage:359 - Loaded plugin pinoutconfig (category:base,tabindex:0)
2024-06-19 08:12:02,093 [INFO] PluginManage:310 - Check plugin power
2024-06-19 08:12:02,106 [INFO] PluginManage:359 - Loaded plugin power (category:power,tabindex:4)
2024-06-19 08:12:02,107 [INFO] PluginManage:310 - Check plugin projectmanager
2024-06-19 08:12:02,118 [INFO] PluginManage:359 - Loaded plugin projectmanager (category:projectmanager,tabindex:3)
2024-06-19 08:12:02,118 [INFO] PluginManage:310 - Check plugin thirdparty
2024-06-19 08:12:02,344 [INFO] PluginManage:359 - Loaded plugin thirdparty (category:base,tabindex:-1)
2024-06-19 08:12:02,344 [WARN] IntegrityCheckThread:84 - waiting for thirdparty lock release [integrity check]
2024-06-19 08:12:02,344 [INFO] PluginManage:310 - Check plugin tools
2024-06-19 08:12:02,344 [INFO] IntegrityCheckThread:86 - entering critical section [integrity check]
2024-06-19 08:12:02,344 [INFO] ThirdPartyUpdaterWithRetryManager:70 - Updater plugin not ready yet. [1/15]
2024-06-19 08:12:02,375 [INFO] PluginManage:359 - Loaded plugin tools (category:base,tabindex:7)
2024-06-19 08:12:02,375 [INFO] PluginManage:310 - Check plugin tutovideos
2024-06-19 08:12:02,507 [INFO] PluginManage:359 - Loaded plugin tutovideos (category:base,tabindex:-1)
2024-06-19 08:12:02,508 [INFO] PluginManage:310 - Check plugin updater
2024-06-19 08:12:02,515 [INFO] PluginManage:359 - Loaded plugin updater (category:base,tabindex:12)
2024-06-19 08:12:02,515 [INFO] PluginManage:310 - Check plugin userauth
2024-06-19 08:12:02,518 [INFO] UserAuth:114 - Init User Auth plugin
2024-06-19 08:12:02,518 [INFO] PluginManage:359 - Loaded plugin userauth (category:base,tabindex:14)
2024-06-19 08:12:02,519 [INFO] PluginManage:283 - PluginManage : Loaded plugins [17]
2024-06-19 08:12:02,666 [INFO] PinOutPanel:1561 - setPackage(No Configuration,No Configuration)
2024-06-19 08:12:02,716 [INFO] CADModel:165 - CPN selected for project level
2024-06-19 08:12:02,717 [INFO] CADModel:114 - Register for checkConnection events
2024-06-19 08:12:02,735 [INFO] IPUIPlugin:80 - create IPUIPlugin
2024-06-19 08:12:02,736 [INFO] PluginManager:220 - loadIPPluginJar : add adc
2024-06-19 08:12:02,764 [INFO] IPUIPlugin:80 - create IPUIPlugin
2024-06-19 08:12:02,764 [INFO] PluginManager:220 - loadIPPluginJar : add aes
2024-06-19 08:12:02,796 [INFO] IPUIPlugin:80 - create IPUIPlugin
2024-06-19 08:12:02,796 [INFO] PluginManager:220 - loadIPPluginJar : add can
2024-06-19 08:12:02,814 [INFO] IPUIPlugin:80 - create IPUIPlugin
2024-06-19 08:12:02,814 [INFO] PluginManager:220 - loadIPPluginJar : add comp
2024-06-19 08:12:02,841 [INFO] IPUIPlugin:80 - create IPUIPlugin
2024-06-19 08:12:02,841 [INFO] PluginManager:220 - loadIPPluginJar : add cryp
2024-06-19 08:12:02,865 [INFO] IPUIPlugin:80 - create IPUIPlugin
2024-06-19 08:12:02,865 [INFO] PluginManager:220 - loadIPPluginJar : add dfsdm
2024-06-19 08:12:02,876 [INFO] IPUIPlugin:80 - create IPUIPlugin
2024-06-19 08:12:02,877 [INFO] PluginManager:220 - loadIPPluginJar : add dma
2024-06-19 08:12:02,910 [INFO] IPUIPlugin:80 - create IPUIPlugin
2024-06-19 08:12:02,910 [INFO] PluginManager:220 - loadIPPluginJar : add dma3
2024-06-19 08:12:02,946 [INFO] IPUIPlugin:80 - create IPUIPlugin
2024-06-19 08:12:02,946 [INFO] PluginManager:220 - loadIPPluginJar : add extmemmanager
2024-06-19 08:12:02,962 [INFO] IPUIPlugin:80 - create IPUIPlugin
2024-06-19 08:12:02,962 [INFO] PluginManager:220 - loadIPPluginJar : add fatfs
2024-06-19 08:12:02,999 [INFO] IPUIPlugin:80 - create IPUIPlugin
2024-06-19 08:12:02,999 [INFO] PluginManager:220 - loadIPPluginJar : add fmc
2024-06-19 08:12:03,010 [INFO] IPUIPlugin:80 - create IPUIPlugin
2024-06-19 08:12:03,011 [INFO] PluginManager:220 - loadIPPluginJar : add freertos
2024-06-19 08:12:03,027 [INFO] IPUIPlugin:80 - create IPUIPlugin
2024-06-19 08:12:03,027 [INFO] PluginManager:220 - loadIPPluginJar : add genericplugin
2024-06-19 08:12:03,097 [INFO] IPUIPlugin:80 - create IPUIPlugin
2024-06-19 08:12:03,097 [INFO] PluginManager:220 - loadIPPluginJar : add gfxmmu
2024-06-19 08:12:03,196 [INFO] IPUIPlugin:80 - create IPUIPlugin
2024-06-19 08:12:03,196 [INFO] PluginManager:220 - loadIPPluginJar : add gic
2024-06-19 08:12:03,206 [INFO] IPUIPlugin:80 - create IPUIPlugin
2024-06-19 08:12:03,206 [INFO] PluginManager:220 - loadIPPluginJar : add gpio
2024-06-19 08:12:03,279 [INFO] IPUIPlugin:80 - create IPUIPlugin
2024-06-19 08:12:03,279 [INFO] PluginManager:220 - loadIPPluginJar : add gtzc
2024-06-19 08:12:03,304 [INFO] IPUIPlugin:80 - create IPUIPlugin
2024-06-19 08:12:03,304 [INFO] PluginManager:220 - loadIPPluginJar : add hash
2024-06-19 08:12:03,345 [INFO] IPUIPlugin:80 - create IPUIPlugin
2024-06-19 08:12:03,345 [INFO] PluginManager:220 - loadIPPluginJar : add i2c
2024-06-19 08:12:03,375 [INFO] IPUIPlugin:80 - create IPUIPlugin
2024-06-19 08:12:03,375 [INFO] PluginManager:220 - loadIPPluginJar : add i2s
2024-06-19 08:12:03,408 [INFO] IPUIPlugin:80 - create IPUIPlugin
2024-06-19 08:12:03,408 [INFO] PluginManager:220 - loadIPPluginJar : add i3c
2024-06-19 08:12:03,496 [INFO] IPUIPlugin:80 - create IPUIPlugin
2024-06-19 08:12:03,496 [INFO] PluginManager:220 - loadIPPluginJar : add ipddr
2024-06-19 08:12:03,575 [INFO] IPUIPlugin:80 - create IPUIPlugin
2024-06-19 08:12:03,575 [INFO] PluginManager:220 - loadIPPluginJar : add linkedlist
2024-06-19 08:12:03,607 [INFO] IPUIPlugin:80 - create IPUIPlugin
2024-06-19 08:12:03,607 [INFO] PluginManager:220 - loadIPPluginJar : add lorawan
2024-06-19 08:12:03,641 [INFO] IPUIPlugin:80 - create IPUIPlugin
2024-06-19 08:12:03,641 [INFO] PluginManager:220 - loadIPPluginJar : add ltdc
2024-06-19 08:12:03,653 [INFO] IPUIPlugin:80 - create IPUIPlugin
2024-06-19 08:12:03,654 [INFO] PluginManager:220 - loadIPPluginJar : add mdma
2024-06-19 08:12:03,664 [INFO] IPUIPlugin:80 - create IPUIPlugin
2024-06-19 08:12:03,664 [INFO] PluginManager:220 - loadIPPluginJar : add nvic
2024-06-19 08:12:03,705 [INFO] IPUIPlugin:80 - create IPUIPlugin
2024-06-19 08:12:03,706 [INFO] PluginManager:220 - loadIPPluginJar : add opamp
2024-06-19 08:12:03,755 [INFO] IPUIPlugin:80 - create IPUIPlugin
2024-06-19 08:12:03,755 [INFO] PluginManager:220 - loadIPPluginJar : add openamp
2024-06-19 08:12:03,790 [INFO] IPUIPlugin:80 - create IPUIPlugin
2024-06-19 08:12:03,790 [INFO] PluginManager:220 - loadIPPluginJar : add pdm2pcm
2024-06-19 08:12:03,802 [INFO] IPUIPlugin:80 - create IPUIPlugin
2024-06-19 08:12:03,803 [INFO] PluginManager:220 - loadIPPluginJar : add plateformsettings
2024-06-19 08:12:03,824 [INFO] IPUIPlugin:80 - create IPUIPlugin
2024-06-19 08:12:03,824 [INFO] PluginManager:220 - loadIPPluginJar : add quadspi
2024-06-19 08:12:03,834 [INFO] IPUIPlugin:80 - create IPUIPlugin
2024-06-19 08:12:03,834 [INFO] PluginManager:220 - loadIPPluginJar : add resmgrutility
2024-06-19 08:12:03,875 [INFO] IPUIPlugin:80 - create IPUIPlugin
2024-06-19 08:12:03,875 [INFO] PluginManager:220 - loadIPPluginJar : add sai
2024-06-19 08:12:03,906 [INFO] IPUIPlugin:80 - create IPUIPlugin
2024-06-19 08:12:03,906 [INFO] PluginManager:220 - loadIPPluginJar : add spi
2024-06-19 08:12:03,964 [INFO] IPUIPlugin:80 - create IPUIPlugin
2024-06-19 08:12:03,964 [INFO] PluginManager:220 - loadIPPluginJar : add stm32_wpan
2024-06-19 08:12:03,983 [INFO] IPUIPlugin:80 - create IPUIPlugin
2024-06-19 08:12:03,983 [INFO] PluginManager:220 - loadIPPluginJar : add tim
2024-06-19 08:12:04,032 [INFO] IPUIPlugin:80 - create IPUIPlugin
2024-06-19 08:12:04,032 [INFO] PluginManager:220 - loadIPPluginJar : add touchsensing
2024-06-19 08:12:04,050 [INFO] IPUIPlugin:80 - create IPUIPlugin
2024-06-19 08:12:04,050 [INFO] PluginManager:220 - loadIPPluginJar : add tracer_emb
2024-06-19 08:12:04,068 [INFO] IPUIPlugin:80 - create IPUIPlugin
2024-06-19 08:12:04,068 [INFO] PluginManager:220 - loadIPPluginJar : add ts
2024-06-19 08:12:04,086 [INFO] IPUIPlugin:80 - create IPUIPlugin
2024-06-19 08:12:04,086 [INFO] PluginManager:220 - loadIPPluginJar : add tsc
2024-06-19 08:12:04,104 [INFO] IPUIPlugin:80 - create IPUIPlugin
2024-06-19 08:12:04,104 [INFO] PluginManager:220 - loadIPPluginJar : add ucpd
2024-06-19 08:12:04,138 [INFO] IPUIPlugin:80 - create IPUIPlugin
2024-06-19 08:12:04,138 [INFO] PluginManager:220 - loadIPPluginJar : add usart
2024-06-19 08:12:04,172 [INFO] IPUIPlugin:80 - create IPUIPlugin
2024-06-19 08:12:04,172 [INFO] PluginManager:220 - loadIPPluginJar : add usbx
2024-06-19 08:12:04,284 [INFO] CADModel:165 - CPN selected for project level
2024-06-19 08:12:04,284 [INFO] CADModel:114 - Register for checkConnection events
2024-06-19 08:12:04,284 [FATAL] Updater:308 - Updater called before beeing initialized
2024-06-19 08:12:04,285 [ERROR] CADModel:125 - Updater not yet initialized, retry later 
2024-06-19 08:12:04,372 [INFO] CADModel:165 - CPN selected for project level
2024-06-19 08:12:04,372 [INFO] CADModel:114 - Register for checkConnection events
2024-06-19 08:12:04,372 [FATAL] Updater:308 - Updater called before beeing initialized
2024-06-19 08:12:04,372 [ERROR] CADModel:125 - Updater not yet initialized, retry later 
2024-06-19 08:12:04,374 [FATAL] Updater:308 - Updater called before beeing initialized
2024-06-19 08:12:04,459 [FATAL] Updater:308 - Updater called before beeing initialized
2024-06-19 08:12:04,469 [INFO] DbMcusAds:53 - JSON generation date=Thu May 16 05:22:00 EDT 2024 (1715851320852)
2024-06-19 08:12:04,469 [FATAL] Updater:308 - Updater called before beeing initialized
2024-06-19 08:12:04,498 [WARN] DetailPanel:346 - Failed to get advertising image, set to default
2024-06-19 08:12:04,580 [FATAL] Updater:308 - Updater called before beeing initialized
2024-06-19 08:12:04,581 [FATAL] Updater:308 - Updater called before beeing initialized
2024-06-19 08:12:04,581 [FATAL] Updater:308 - Updater called before beeing initialized
2024-06-19 08:12:04,582 [WARN] DetailPanel:346 - Failed to get advertising image, set to default
2024-06-19 08:12:04,582 [FATAL] Updater:308 - Updater called before beeing initialized
2024-06-19 08:12:04,628 [ERROR] Updater:1120 - MainUpdater not yet initialized. External WinMGr cannot be set.
2024-06-19 08:12:04,638 [INFO] Updater:1056 - Updater Version found : 6.11.1
2024-06-19 08:12:04,655 [INFO] ApplicationProperties:184 - Using Application install path: C:\ST\STM32CubeIDE_1.11.2\STM32CubeIDE\plugins\com.st.stm32cube.common.mx_6.11.1.202404110753
2024-06-19 08:12:05,349 [INFO] ThirdPartyUpdaterWithRetryManager:70 - Updater plugin not ready yet. [2/15]
2024-06-19 08:12:06,235 [ERROR] LogOutputStream:75 - [STDERR_REDIRECT] Jun 19, 2024 8:12:06 AM java.util.prefs.WindowsPreferences <init>
2024-06-19 08:12:06,236 [ERROR] LogOutputStream:75 - [STDERR_REDIRECT] WARNING: Could not open/create prefs root node Software\JavaSoft\Prefs at root 0xffffffff80000002. Windows RegCreateKeyEx(...) returned error code 5.
2024-06-19 08:12:06,236 [ERROR] LogOutputStream:75 - [STDERR_REDIRECT] 
2024-06-19 08:12:06,760 [INFO] MainUpdater:2873 - connection check result : 10
2024-06-19 08:12:06,761 [INFO] MainUpdater:290 - Updater Check For Update Now.
2024-06-19 08:12:06,761 [INFO] MicroXplorer:498 - Change Database Version : DB.6.0.111
2024-06-19 08:12:06,775 [INFO] McuFinderGlobals:63 - Set McuFinder mode to 2 (CubeIDE integrated)
2024-06-19 08:12:06,789 [INFO] UserAuth:415 - Internet connection configuration mode: 1
2024-06-19 08:12:06,825 [INFO] JxBrowserEngine:152 - Initiate JxBrowser Engine with user profile folder
2024-06-19 08:12:06,950 [INFO] CheckServerUpdateThread:120 - End of CheckServer Thread
2024-06-19 08:12:08,496 [WARN] PackLoader:240 - Cannot read IP mode file for STMicroelectronics.FP-SNS-MOTENVWB1.1.4.0
2024-06-19 08:12:08,512 [WARN] PackLoader:240 - Cannot read IP mode file for STMicroelectronics.X-CUBE-SMBUS.2.1.0
2024-06-19 08:12:08,523 [WARN] PackLoader:240 - Cannot read IP mode file for STMicroelectronics.X-CUBE-TOUCHGFX.4.23.0
2024-06-19 08:12:08,533 [WARN] PackLoader:240 - Cannot read IP mode file for STMicroelectronics.X-CUBE-TOUCHGFX.4.23.2
2024-06-19 08:12:08,576 [WARN] PackLoader:240 - Cannot read IP mode file for STMicroelectronics.X-CUBE-AZRTOS-F7.1.1.0
2024-06-19 08:12:08,594 [ERROR] RealEvaluatedCondition:428 - Found unsupported composite condition: CLASS='Data Exchange' GROUP='STM32_MetaDataManager'
2024-06-19 08:12:08,594 [ERROR] RealEvaluatedCondition:428 - Found unsupported composite condition: CLASS='Data Exchange' GROUP='STM32_MetaDataManager'
2024-06-19 08:12:08,597 [WARN] PackLoader:240 - Cannot read IP mode file for STMicroelectronics.FP-SNS-MOTENV1.4.3.0
2024-06-19 08:12:08,612 [WARN] PackLoader:240 - Cannot read IP mode file for STMicroelectronics.FP-SNS-MOTENV1.4.3.2
2024-06-19 08:12:08,624 [WARN] PackLoader:240 - Cannot read IP mode file for STMicroelectronics.FP-SNS-FLIGHT1.5.0.0
2024-06-19 08:12:08,638 [ERROR] RealEvaluatedCondition:428 - Found unsupported composite condition: GROUP='STM32_MetaDataManager' CLASS='Data Exchange'
2024-06-19 08:12:08,638 [ERROR] RealEvaluatedCondition:428 - Found unsupported composite condition: GROUP='STM32_MetaDataManager' CLASS='Data Exchange'
2024-06-19 08:12:08,640 [WARN] PackLoader:240 - Cannot read IP mode file for STMicroelectronics.FP-SNS-MOTENV1.4.3.1
2024-06-19 08:12:08,654 [WARN] PackLoader:240 - Cannot read IP mode file for STMicroelectronics.FP-SNS-FLIGHT1.5.0.1
2024-06-19 08:12:08,670 [WARN] PackLoader:240 - Cannot read IP mode file for STMicroelectronics.X-CUBE-BLE1.6.2.4
2024-06-19 08:12:08,681 [WARN] PackLoader:240 - Cannot read IP mode file for STMicroelectronics.FP-SNS-FLIGHT1.5.0.2
2024-06-19 08:12:08,696 [WARN] PackLoader:240 - Cannot read IP mode file for STMicroelectronics.X-CUBE-DISPLAY.3.0.0
2024-06-19 08:12:08,710 [WARN] PackLoader:240 - Cannot read IP mode file for STMicroelectronics.X-CUBE-BLE1.7.0.0
2024-06-19 08:12:08,722 [WARN] PackLoader:240 - Cannot read IP mode file for STMicroelectronics.X-CUBE-TOUCHGFX.4.22.0
2024-06-19 08:12:08,732 [WARN] PackLoader:240 - Cannot read IP mode file for STMicroelectronics.X-CUBE-TOUCHGFX.4.22.1
2024-06-19 08:12:08,746 [WARN] PackLoader:240 - Cannot read IP mode file for STMicroelectronics.X-CUBE-BLEMGR.3.1.0
2024-06-19 08:12:08,759 [WARN] PackLoader:240 - Cannot read IP mode file for STMicroelectronics.FP-SNS-SMARTAG2.1.2.0
2024-06-19 08:12:08,776 [INFO] LogOutputStream:77 - [STDOUT_REDIRECT] 1 : Invalid condition id : UX_CORESTACK_Condition cause : null
2024-06-19 08:12:08,776 [INFO] LogOutputStream:77 - [STDOUT_REDIRECT] 1 : Invalid condition id : UX_CORESTACK_Condition cause : null
2024-06-19 08:12:08,777 [INFO] LogOutputStream:77 - [STDOUT_REDIRECT] 1 : Invalid condition id : UX_CORESTACK_Condition cause : null
2024-06-19 08:12:08,778 [INFO] LogOutputStream:77 - [STDOUT_REDIRECT] 1 : Invalid condition id : UX_CORESTACK_Condition cause : null
2024-06-19 08:12:08,778 [INFO] LogOutputStream:77 - [STDOUT_REDIRECT] 1 : Invalid condition id : UX_CORESTACK_Condition cause : null
2024-06-19 08:12:08,780 [WARN] PackLoader:240 - Cannot read IP mode file for STMicroelectronics.X-CUBE-AZRTOS-WL.2.0.0
2024-06-19 08:12:08,791 [WARN] PackLoader:240 - Cannot read IP mode file for STMicroelectronics.FP-SNS-MOTENV1.5.0.0
2024-06-19 08:12:08,806 [WARN] PackLoader:240 - Cannot read IP mode file for WES.I-CUBE-Cesium.1.3.0
2024-06-19 08:12:08,818 [WARN] PackLoader:240 - Cannot read IP mode file for STMicroelectronics.X-CUBE-BLE2.3.3.0
2024-06-19 08:12:08,833 [WARN] PackLoader:240 - Cannot read IP mode file for STMicroelectronics.X-CUBE-TOF1.3.2.0
2024-06-19 08:12:08,854 [WARN] PackLoader:240 - Cannot read IP mode file for STMicroelectronics.X-CUBE-TCPP.4.1.0
2024-06-19 08:12:08,870 [WARN] PackLoader:240 - Cannot read IP mode file for STMicroelectronics.X-CUBE-TOUCHGFX.4.21.1
2024-06-19 08:12:08,882 [WARN] PackLoader:240 - Cannot read IP mode file for STMicroelectronics.X-CUBE-TOUCHGFX.4.21.3
2024-06-19 08:12:08,895 [WARN] PackLoader:240 - Cannot read IP mode file for STMicroelectronics.X-CUBE-TOUCHGFX.4.21.4
2024-06-19 08:12:08,912 [WARN] PackLoader:240 - Cannot read IP mode file for STMicroelectronics.X-CUBE-ALGOBUILD.1.3.0
2024-06-19 08:12:08,944 [WARN] PackLoader:240 - Cannot read IP mode file for STMicroelectronics.X-CUBE-AZRTOS-G0.1.1.0
2024-06-19 08:12:08,963 [WARN] PackLoader:240 - Cannot read IP mode file for STMicroelectronics.X-CUBE-SAFEA1.1.2.2
2024-06-19 08:12:08,978 [WARN] PackLoader:240 - Cannot read IP mode file for STMicroelectronics.X-CUBE-NFC4.3.0.0
2024-06-19 08:12:08,990 [WARN] PackLoader:240 - Cannot read IP mode file for wolfSSL.I-CUBE-wolfMQTT.1.18.0
2024-06-19 08:12:09,006 [WARN] PackLoader:240 - Cannot read IP mode file for STMicroelectronics.X-CUBE-BLEMGR.3.0.0
2024-06-19 08:12:09,026 [WARN] PackLoader:240 - Cannot read IP mode file for STMicroelectronics.X-CUBE-BLEMGR.1.3.0
2024-06-19 08:12:09,038 [WARN] PackLoader:240 - Cannot read IP mode file for STMicroelectronics.FP-ATR-SIGFOX1.3.2.0
2024-06-19 08:12:09,050 [WARN] PackLoader:240 - Cannot read IP mode file for STMicroelectronics.X-CUBE-EEPRMA1.5.1.0
2024-06-19 08:12:09,096 [WARN] PackLoader:240 - Cannot read IP mode file for STMicroelectronics.X-CUBE-MEMS1.9.5.0
2024-06-19 08:12:09,251 [WARN] PackLoader:240 - Cannot read IP mode file for SEGGER.I-CUBE-embOS.1.3.1
2024-06-19 08:12:09,284 [WARN] PackLoader:240 - Cannot read IP mode file for STMicroelectronics.X-CUBE-ALGOBUILD.1.4.0
2024-06-19 08:12:09,300 [WARN] PackLoader:240 - Cannot read IP mode file for STMicroelectronics.X-CUBE-GNSS1.6.0.0
2024-06-19 08:12:09,330 [WARN] PackLoader:240 - Cannot read IP mode file for STMicroelectronics.X-CUBE-AZRTOS-F4.1.1.0
2024-06-19 08:12:09,345 [WARN] PackLoader:240 - Cannot read IP mode file for STMicroelectronics.X-CUBE-FREERTOS.1.2.0
2024-06-19 08:12:09,370 [WARN] PackLoader:240 - Cannot read IP mode file for STMicroelectronics.X-CUBE-AZRTOS-L5.2.0.0
2024-06-19 08:12:09,418 [WARN] PackLoader:240 - Cannot read IP mode file for STMicroelectronics.X-CUBE-MEMS1.9.6.0
2024-06-19 08:12:09,529 [WARN] PackLoader:240 - Cannot read IP mode file for STMicroelectronics.X-CUBE-EEPRMA1.4.2.0
2024-06-19 08:12:09,546 [WARN] PackLoader:240 - Cannot read IP mode file for STMicroelectronics.X-CUBE-NFC6.3.1.0
2024-06-19 08:12:09,562 [WARN] PackLoader:240 - Cannot read IP mode file for ITTIA_DB.I-CUBE-ITTIADB.8.8.0
2024-06-19 08:12:09,578 [WARN] PackLoader:240 - Cannot read IP mode file for emotas.I-CUBE-CANOPEN.1.1.3
2024-06-19 08:12:09,596 [WARN] PackLoader:240 - Cannot read IP mode file for STMicroelectronics.X-CUBE-BLEMGR.2.0.0
2024-06-19 08:12:09,612 [WARN] PackLoader:240 - Cannot read IP mode file for STMicroelectronics.X-CUBE-AI.9.0.0
2024-06-19 08:12:09,638 [WARN] ConditionMgr:438 - getConditionDescription Invalid condition id : UX DEVICE CLASS RTOS Condition cause : null
2024-06-19 08:12:09,638 [WARN] ConditionMgr:438 - getConditionDescription Invalid condition id : UX DEVICE CLASS RTOS Condition cause : null
2024-06-19 08:12:09,641 [WARN] PackLoader:240 - Cannot read IP mode file for STMicroelectronics.X-CUBE-AZRTOS-H7.3.1.0
2024-06-19 08:12:09,642 [WARN] ConditionMgr:1039 - genDependencies : Invalid condition id : UX DEVICE CLASS RTOS Condition cause : null
2024-06-19 08:12:09,642 [WARN] ConditionMgr:1039 - genDependencies : Invalid condition id : UX DEVICE CLASS RTOS Condition cause : null
2024-06-19 08:12:09,643 [WARN] ConditionMgr:1039 - genDependencies : Invalid condition id : UX DEVICE CLASS RTOS Condition cause : null
2024-06-19 08:12:09,643 [WARN] ConditionMgr:1039 - genDependencies : Invalid condition id : UX DEVICE CLASS RTOS Condition cause : null
2024-06-19 08:12:09,643 [WARN] ConditionMgr:1039 - genDependencies : Invalid condition id : UX DEVICE CLASS RTOS Condition cause : null
2024-06-19 08:12:09,658 [WARN] PackLoader:240 - Cannot read IP mode file for wolfSSL.I-CUBE-wolfSSL.5.5.4
2024-06-19 08:12:09,671 [WARN] PackLoader:240 - Cannot read IP mode file for STMicroelectronics.X-CUBE-NFC7.1.0.1
2024-06-19 08:12:09,683 [WARN] PackLoader:240 - Cannot read IP mode file for STMicroelectronics.X-CUBE-NFC7.1.0.0
2024-06-19 08:12:09,700 [WARN] PackLoader:240 - Cannot read IP mode file for STMicroelectronics.X-CUBE-NFC6.3.0.0
2024-06-19 08:12:09,718 [WARN] PackLoader:240 - Cannot read IP mode file for STMicroelectronics.X-CUBE-EEPRMA1.4.1.0
2024-06-19 08:12:09,734 [WARN] PackLoader:240 - Cannot read IP mode file for STMicroelectronics.X-CUBE-AI.8.1.0
2024-06-19 08:12:09,758 [WARN] ConditionMgr:438 - getConditionDescription Invalid condition id : LAN8742 Phy interface Condition cause : null
2024-06-19 08:12:09,759 [WARN] PackLoader:240 - Cannot read IP mode file for STMicroelectronics.X-CUBE-AZRTOS-L4.2.0.0
2024-06-19 08:12:09,760 [WARN] ConditionMgr:1039 - genDependencies : Invalid condition id : LAN8742 Phy interface Condition cause : null
2024-06-19 08:12:09,760 [WARN] ConditionMgr:1039 - genDependencies : Invalid condition id : LAN8742 Phy interface Condition cause : null
2024-06-19 08:12:09,761 [WARN] ConditionMgr:1039 - genDependencies : Invalid condition id : LAN8742 Phy interface Condition cause : null
2024-06-19 08:12:09,777 [WARN] PackLoader:240 - Cannot read IP mode file for STMicroelectronics.X-CUBE-SFXS2LP1.4.0.0
2024-06-19 08:12:09,805 [WARN] PackLoader:240 - Cannot read IP mode file for STMicroelectronics.X-CUBE-AZRTOS-H7.3.0.0
2024-06-19 08:12:09,820 [WARN] PackLoader:240 - Cannot read IP mode file for STMicroelectronics.X-CUBE-ISPU.1.1.0
2024-06-19 08:12:09,836 [WARN] PackLoader:240 - Cannot read IP mode file for RoweBots.I-CUBE-UNISONRTOS.5.5.0-4
2024-06-19 08:12:09,852 [WARN] PackLoader:240 - Cannot read IP mode file for STMicroelectronics.X-CUBE-AI.8.0.0
2024-06-19 08:12:09,872 [WARN] ConditionMgr:438 - getConditionDescription Invalid condition id : UX DEVICE CLASS RTOS Condition cause : null
2024-06-19 08:12:09,872 [WARN] ConditionMgr:438 - getConditionDescription Invalid condition id : UX DEVICE CLASS RTOS Condition cause : null
2024-06-19 08:12:09,873 [WARN] PackLoader:240 - Cannot read IP mode file for STMicroelectronics.X-CUBE-AZRTOS-WB.2.0.0
2024-06-19 08:12:09,873 [WARN] ConditionMgr:1039 - genDependencies : Invalid condition id : UX DEVICE CLASS RTOS Condition cause : null
2024-06-19 08:12:09,874 [WARN] ConditionMgr:1039 - genDependencies : Invalid condition id : UX DEVICE CLASS RTOS Condition cause : null
2024-06-19 08:12:09,874 [WARN] ConditionMgr:1039 - genDependencies : Invalid condition id : UX DEVICE CLASS RTOS Condition cause : null
2024-06-19 08:12:09,874 [WARN] ConditionMgr:1039 - genDependencies : Invalid condition id : UX DEVICE CLASS RTOS Condition cause : null
2024-06-19 08:12:09,874 [WARN] ConditionMgr:1039 - genDependencies : Invalid condition id : UX DEVICE CLASS RTOS Condition cause : null
2024-06-19 08:12:09,885 [WARN] PackLoader:240 - Cannot read IP mode file for STMicroelectronics.X-CUBE-FREERTOS.1.0.0
2024-06-19 08:12:09,897 [WARN] PackLoader:240 - Cannot read IP mode file for STMicroelectronics.X-CUBE-FREERTOS.1.0.1
2024-06-19 08:12:09,919 [WARN] PackLoader:240 - Cannot read IP mode file for STMicroelectronics.X-CUBE-AZRTOS-L5.1.1.0
2024-06-19 08:12:09,936 [WARN] PackLoader:240 - Cannot read IP mode file for STMicroelectronics.X-CUBE-AI.8.0.1
2024-06-19 08:12:09,951 [WARN] PackLoader:240 - Cannot read IP mode file for STMicroelectronics.X-CUBE-SUBG2.5.0.0
2024-06-19 08:12:09,965 [WARN] PackLoader:240 - Cannot read IP mode file for Cesanta.I-CUBE-Mongoose.7.13.0
2024-06-19 08:12:09,984 [WARN] PackLoader:240 - Cannot read IP mode file for STMicroelectronics.X-CUBE-TOF1.3.3.1
2024-06-19 08:12:10,012 [WARN] PackLoader:240 - Cannot read IP mode file for STMicroelectronics.X-CUBE-AZRTOS-G4.2.0.0
2024-06-19 08:12:10,032 [WARN] PackLoader:240 - Cannot read IP mode file for STMicroelectronics.X-CUBE-TOF1.3.3.0
2024-06-19 08:12:10,051 [WARN] PackLoader:240 - Cannot read IP mode file for STMicroelectronics.FP-ATR-ASTRA1.1.1.1
2024-06-19 08:12:10,072 [WARN] PackLoader:240 - Cannot read IP mode file for Infineon.AIROC-Wi-Fi-Bluetooth-STM32.1.5.1
2024-06-19 08:12:10,089 [WARN] PackLoader:240 - Cannot read IP mode file for STMicroelectronics.FP-SNS-MOTENVWB1.1.3.0
2024-06-19 08:12:10,102 [WARN] PackLoader:240 - Cannot read IP mode file for STMicroelectronics.FP-SNS-MOTENVWB1.1.3.1
2024-06-19 08:12:10,124 [WARN] PackLoader:240 - Cannot read IP mode file for STMicroelectronics.X-CUBE-AZRTOS-G4.1.0.0
2024-06-19 08:12:10,152 [WARN] PackLoader:240 - Cannot read IP mode file for STMicroelectronics.X-CUBE-AZRTOS-L4.1.0.0
2024-06-19 08:12:10,169 [WARN] PackLoader:240 - Cannot read IP mode file for STMicroelectronics.X-CUBE-ISPU.2.0.0
2024-06-19 08:12:10,181 [WARN] PackLoader:240 - Cannot read IP mode file for STMicroelectronics.X-CUBE-ALS.1.0.2
2024-06-19 08:12:10,219 [WARN] PackLoader:240 - Cannot read IP mode file for STMicroelectronics.X-CUBE-MEMS1.10.0.0
2024-06-19 08:12:10,336 [WARN] PackLoader:240 - Cannot read IP mode file for STMicroelectronics.X-CUBE-FREERTOS.1.1.0
2024-06-19 08:12:10,357 [WARN] PackLoader:240 - Cannot read IP mode file for STMicroelectronics.X-CUBE-AZRTOS-WL.1.0.0
2024-06-19 08:12:10,371 [WARN] PackLoader:240 - Cannot read IP mode file for portGmbH.I-Cube-SoM-uGOAL.1.1.0
2024-06-19 08:12:10,384 [WARN] PackLoader:240 - Cannot read IP mode file for STMicroelectronics.X-CUBE-ALS.1.0.1
2024-06-19 08:12:10,405 [WARN] PackLoader:240 - Cannot read IP mode file for STMicroelectronics.X-CUBE-AZRTOS-WB.1.1.0
2024-06-19 08:12:10,432 [WARN] PackLoader:240 - Cannot read IP mode file for STMicroelectronics.X-CUBE-AZRTOS-H7RS.1.0.0
2024-06-19 08:12:10,447 [WARN] PackLoader:240 - Cannot read IP mode file for STMicroelectronics.FP-ATR-ASTRA1.2.0.0
2024-06-19 08:12:10,463 [WARN] PackLoader:240 - Cannot read IP mode file for STMicroelectronics.X-CUBE-TOF1.3.4.0
2024-06-19 08:12:10,489 [WARN] PackLoader:240 - Cannot read IP mode file for STMicroelectronics.X-CUBE-TOF1.3.4.1
2024-06-19 08:12:10,528 [WARN] PackLoader:240 - Cannot read IP mode file for STMicroelectronics.X-CUBE-AZRTOS-H7.3.2.0
2024-06-19 08:12:10,530 [INFO] ThirdParty:978 - Integrity check success = true
2024-06-19 08:12:10,532 [INFO] IntegrityCheckThread:100 - exiting critical section [integrity check]
2024-06-19 08:12:10,532 [INFO] IntegrityCheckThread:103 - End integrity checks thread
2024-06-19 08:12:10,837 [INFO] WebApp:161 - Instantiating new browser for Auth
2024-06-19 08:12:11,254 [INFO] WebApp:779 - Register for checkConnection events
2024-06-19 08:12:11,254 [INFO] WebApp:414 - Apply proxy settings
2024-06-19 08:12:11,254 [INFO] WebApp:499 - Chromium requires no authentication
2024-06-19 08:12:11,259 [INFO] WebApp:442 - Direct internet connection detected
2024-06-19 08:12:11,374 [INFO] WebApp:192 - Starting web application
2024-06-19 08:12:11,374 [INFO] WebApp:544 - Web application path used C:\ST\STM32CubeIDE_1.11.2\STM32CubeIDE\plugins\com.st.stm32cube.common.mx_6.11.1.202404110753\db\plugins\mcufinder\reactClient1\index.html
2024-06-19 08:12:17,555 [INFO] McuFinderGlobals:63 - Set McuFinder mode to 2 (CubeIDE integrated)
2024-06-19 08:12:17,578 [INFO] MainUpdater:2873 - connection check result : 10
2024-06-19 08:12:17,585 [INFO] MainUpdater:2873 - connection check result : 10
2024-06-19 08:12:17,707 [INFO] MicroXplorer:468 - Change Database Path : 
2024-06-19 08:12:17,707 [INFO] MicroXplorer:498 - Change Database Version : DB.6.0.111
2024-06-19 08:12:17,713 [WARN] ThirdParty:871 - waiting for thirdparty lock release [close project]
2024-06-19 08:12:17,713 [INFO] ThirdParty:873 - entering critical section [close project]
2024-06-19 08:12:17,713 [INFO] ThirdParty:883 - exiting critical section [close project]
2024-06-19 08:12:17,714 [INFO] PinOutPanel:1561 - setPackage(No Configuration,No Configuration)
2024-06-19 08:12:17,717 [INFO] UtilMem:75 - Begin LoadConfig() Used Memory: 184062920 Bytes (268435456)
2024-06-19 08:12:17,718 [INFO] MicroXplorer:468 - Change Database Path : 
2024-06-19 08:12:17,719 [INFO] MicroXplorer:498 - Change Database Version : DB.6.0.111
2024-06-19 08:12:17,719 [INFO] OpenFileManager:312 - Change cursor
2024-06-19 08:12:17,748 [INFO] Mcu:2021 - Initializing MCU STM32F767ZITx STM32F767ZITx STM32F767ZIT6
2024-06-19 08:12:20,051 [INFO] Context:663 - Trying to add GPIOservice into a context  which must be forbidden
2024-06-19 08:12:20,775 [INFO] RtosManager:555 - Registered RTOS mode: class=CMSIS, group=RTOS, mode=CMSIS_V1, owner=FREERTOS
2024-06-19 08:12:20,775 [INFO] RtosManager:555 - Registered RTOS mode: class=CMSIS, group=RTOS2, mode=CMSIS_V2, owner=FREERTOS
2024-06-19 08:12:20,775 [INFO] RtosManager:555 - Registered RTOS mode: class=RTOS, group=Core, mode=CMSIS_V1, owner=FREERTOS
2024-06-19 08:12:20,775 [INFO] RtosManager:555 - Registered RTOS mode: class=RTOS, group=Core, mode=CMSIS_V2, owner=FREERTOS
2024-06-19 08:12:20,776 [WARN] ModelIntegratedComponent:184 - Missing modes for component STMicroelectronics:FreeRTOS:0.0.1:STMicroelectronics:RTOS:FreeRTOS:Core:::10.2.0:
2024-06-19 08:12:20,783 [WARN] ModelIntegratedComponent:63 - No mode defined for component null
2024-06-19 08:12:20,783 [WARN] ModelIntegratedComponent:63 - No mode defined for component null
2024-06-19 08:12:20,784 [WARN] ModelIntegratedComponent:63 - No mode defined for component null
2024-06-19 08:12:20,784 [WARN] ModelIntegratedComponent:63 - No mode defined for component null
2024-06-19 08:12:20,784 [WARN] ModelIntegratedComponent:63 - No mode defined for component null
2024-06-19 08:12:20,784 [WARN] ModelIntegratedComponent:63 - No mode defined for component null
2024-06-19 08:12:20,784 [WARN] ModelIntegratedComponent:63 - No mode defined for component null
2024-06-19 08:12:20,784 [WARN] ModelIntegratedComponent:63 - No mode defined for component null
2024-06-19 08:12:20,784 [WARN] ModelIntegratedComponent:63 - No mode defined for component null
2024-06-19 08:12:20,784 [WARN] ModelIntegratedComponent:63 - No mode defined for component null
2024-06-19 08:12:20,784 [WARN] ModelIntegratedComponent:63 - No mode defined for component null
2024-06-19 08:12:20,784 [WARN] ModelIntegratedComponent:63 - No mode defined for component null
2024-06-19 08:12:20,784 [WARN] ModelIntegratedComponent:63 - No mode defined for component null
2024-06-19 08:12:20,784 [WARN] ModelIntegratedComponent:63 - No mode defined for component null
2024-06-19 08:12:20,784 [WARN] ModelIntegratedComponent:63 - No mode defined for component null
2024-06-19 08:12:20,784 [WARN] ModelIntegratedComponent:63 - No mode defined for component null
2024-06-19 08:12:20,784 [WARN] ModelIntegratedComponent:63 - No mode defined for component null
2024-06-19 08:12:20,784 [WARN] ModelIntegratedComponent:63 - No mode defined for component null
2024-06-19 08:12:20,784 [WARN] ModelIntegratedComponent:63 - No mode defined for component null
2024-06-19 08:12:20,784 [WARN] ModelIntegratedComponent:63 - No mode defined for component null
2024-06-19 08:12:20,785 [WARN] ModelIntegratedComponent:63 - No mode defined for component null
2024-06-19 08:12:20,785 [WARN] ModelIntegratedComponent:63 - No mode defined for component null
2024-06-19 08:12:20,785 [WARN] ModelIntegratedComponent:63 - No mode defined for component null
2024-06-19 08:12:20,785 [WARN] ModelIntegratedComponent:63 - No mode defined for component null
2024-06-19 08:12:20,785 [WARN] ModelIntegratedComponent:63 - No mode defined for component null
2024-06-19 08:12:20,785 [WARN] ModelIntegratedComponent:63 - No mode defined for component null
2024-06-19 08:12:20,785 [WARN] ModelIntegratedComponent:63 - No mode defined for component null
2024-06-19 08:12:20,785 [WARN] ModelIntegratedComponent:63 - No mode defined for component null
2024-06-19 08:12:20,785 [WARN] ModelIntegratedComponent:63 - No mode defined for component null
2024-06-19 08:12:20,785 [WARN] ModelIntegratedComponent:63 - No mode defined for component null
2024-06-19 08:12:20,785 [WARN] ModelIntegratedComponent:63 - No mode defined for component null
2024-06-19 08:12:20,785 [WARN] ModelIntegratedComponent:63 - No mode defined for component null
2024-06-19 08:12:20,785 [WARN] ModelIntegratedComponent:63 - No mode defined for component null
2024-06-19 08:12:20,785 [WARN] ModelIntegratedComponent:63 - No mode defined for component null
2024-06-19 08:12:20,941 [INFO] ThirdPartyModel:298 - Start build external matchings
2024-06-19 08:12:22,140 [INFO] ThirdPartyModel:316 - End build external matchings
2024-06-19 08:12:22,699 [INFO] ApiDb:581 - Connected to CubeFinder SQLite database (C:\Users\bakra\.stmcufinder\plugins\mcufinder\mcu\cube-finder-db.db)
2024-06-19 08:12:22,753 [INFO] ApiDb:668 - CubeFinder database Data Model version=2.1
2024-06-19 08:12:22,753 [INFO] ApiDb:669 - CubeFinder database Configuration version=3.0.39
2024-06-19 08:12:22,753 [INFO] ApiDb:670 - CubeFinder database generation date=2024-06-06 (1717689626)
2024-06-19 08:12:22,753 [INFO] ApiDb:671 - CubeFinder database FW Pack versions=[FP-ATR-ASTRA1_V2.0.0, FP-SNS-FLIGHT1_V5.0.2, FP-SNS-MOTENV1_V5.0.0, FP-SNS-MOTENVWB1_V1.4.0, FP-SNS-SMARTAG2_V1.2.0, STM32Cube_FW_C0_V1.2.0, STM32Cube_FW_F4_V1.28.0, STM32Cube_FW_F7_V1.17.2, STM32Cube_FW_G0_V1.6.2, STM32Cube_FW_G4_V1.6.0, STM32Cube_FW_H5_V1.3.0, STM32Cube_FW_H7RS_V1.1.0, STM32Cube_FW_H7_V1.11.2, STM32Cube_FW_L0_V1.12.2, STM32Cube_FW_L5_V1.5.1, STM32Cube_FW_U0_V1.1.0, STM32Cube_FW_U5_V1.6.0, STM32Cube_FW_WB0_V1.0.0, STM32Cube_FW_WBA_V1.4.0, STM32Cube_FW_WB_V1.20.0, STM32Cube_FW_WL_V1.3.0, X-CUBE-ALGOBUILD_V1.4.0, X-CUBE-ALS_V1.0.2, X-CUBE-AZRTOS-F4_V1.1.0, X-CUBE-AZRTOS-F7_V1.1.0, X-CUBE-AZRTOS-G0_V1.1.0, X-CUBE-AZRTOS-G4_V2.0.0, X-CUBE-AZRTOS-H7RS_V1.0.0, X-CUBE-AZRTOS-H7_V3.2.0, X-CUBE-AZRTOS-L4_V2.0.0, X-CUBE-AZRTOS-L5_V1.1.0, X-CUBE-AZRTOS-WB_V2.0.0, X-CUBE-AZRTOS-WL_V2.0.0, X-CUBE-BLE1_V7.0.0, X-CUBE-BLE2_V3.3.0, X-CUBE-BLEMGR_V3.1.0, X-CUBE-EEPRMA1_V5.1.0, X-CUBE-FREERTOS_V1.2.0, X-CUBE-GNSS1_V6.0.0, X-CUBE-MEMS1_V10.0.0, X-CUBE-NFC4_V3.0.0, X-CUBE-NFC7_V1.0.1, X-CUBE-SFXS2LP1_V4.0.0, X-CUBE-SUBG2_V5.0.0, X-CUBE-TOF1_V3.4.1]
2024-06-19 08:12:22,806 [INFO] DbBoardsSqlite:226 - include board P-NUCLEO-WB55-NUCLEO as a kit item of type 'Nucleo-64'
2024-06-19 08:12:22,807 [INFO] DbBoardsSqlite:226 - include board P-NUCLEO-WB55-USBDONGLE as a kit item of type 'Nucleo USB Dongle'
2024-06-19 08:12:22,807 [INFO] DbBoardsSqlite:226 - include board STEVAL-IDP005V1 as a kit item of type 'Evaluation Board'
2024-06-19 08:12:22,807 [INFO] DbBoardsSqlite:226 - include board STEVAL-IDP005V2 as a kit item of type 'Evaluation Board'
2024-06-19 08:12:22,856 [INFO] ApiDb:240 - Found 483 in-development CPN: [B-G473E-ZEST1S, B-WB1M-WPAN1, B-WL5M-SUBG1, NUCLEO-C031C6, NUCLEO-H503RB, NUCLEO-H533RE, NUCLEO-H563ZI, NUCLEO-H7S3L8, NUCLEO-U031R8, NUCLEO-U083RC, NUCLEO-U545RE-Q, NUCLEO-U5A5ZJ-Q, NUCLEO-WBA52CG, NUCLEO-WBA55CG, STEVAL-PROTEUS1, STEVAL-SMARTAG2, STEVAL-STWINBX1, STM320518-EVAL, STM32C0116-DK, STM32C011D6Y3TR, STM32C011D6Y6TR, STM32C011F4P3, STM32C011F4P6, STM32C011F4U3, STM32C011F4U6TR, STM32C011F6P3, STM32C011F6P6, STM32C011F6U3, STM32C011F6U6TR, STM32C011J4M3, STM32C011J4M6, STM32C011J6M3, STM32C011J6M6, STM32C0316-DK, STM32C031C4T3, STM32C031C4T6, STM32C031C4U3, STM32C031C4U6, STM32C031C6T3, STM32C031C6T6, STM32C031C6U3, STM32C031C6U6, STM32C031F4P3, STM32C031F4P6, STM32C031F6P3, STM32C031F6P6, STM32C031G4U3, STM32C031G4U6, STM32C031G6U3, STM32C031G6U6, STM32C031K4T3, STM32C031K4T6, STM32C031K4U3, STM32C031K4U6, STM32C031K6T3, STM32C031K6T6, STM32C031K6U3, STM32C031K6U6, STM32G071K8TXN, STM32G071K8UXN, STM32G081GBU6N, STM32G081KBT6N, STM32G081KBUXN, STM32G0B1CCT6N, STM32G0B1KCT6, STM32G0B1NEY6TR, STM32G0B1RCT6N, STM32G0C1CCT6, STM32G0C1CCT6N, STM32G0C1CCU6N, STM32G0C1CET6N, STM32G0C1CEU6N, STM32G0C1KCT6, STM32G0C1NEY6TR, STM32G0C1RCI6N, STM32G0C1RCT6N, STM32G0C1REI6N, STM32G0C1RET6N, STM32G0C1VCI6, STM32G0C1VEI6, STM32G471CCT6, STM32G471CCU6, STM32G471CET3, STM32G471CET6, STM32G471CEU3, STM32G471CEU6, STM32G471MCT6, STM32G471MET3, STM32G471MET6, STM32G471MEY6TR, STM32G471QCT6, STM32G471QET3, STM32G471RCT6, STM32G471RET3, STM32G471RET6, STM32G471VCH6, STM32G471VCI6, STM32G471VCT6, STM32G471VEH3, STM32G471VEH6, STM32G471VEI3, STM32G471VEI6, STM32G471VET3, STM32G471VET6, STM32G474CCT6, STM32H503CBT6, STM32H503CBU6, STM32H503EBY6TR, STM32H503KBU6, STM32H503RBT6, STM32H523CCT6, STM32H523CCU6, STM32H523CET6, STM32H523CEU6, STM32H523HEY6TR, STM32H523RCT6, STM32H523RET6, STM32H523VCI6, STM32H523VCT6, STM32H523VEI6, STM32H523VET6, STM32H523ZCJ6, STM32H523ZCT6, STM32H523ZEJ6, STM32H523ZET6, STM32H533CET6, STM32H533CEU6, STM32H533HEY6TR, STM32H533RET6, STM32H533VEI6, STM32H533VET6, STM32H533ZEJ6, STM32H533ZET6, STM32H562AGI6, STM32H562AII6, STM32H562IGK6, STM32H562IGT6, STM32H562IIK6, STM32H562IIT6, STM32H562RGT6, STM32H562RGV6, STM32H562RIT6, STM32H562RIV6, STM32H562VGT6, STM32H562VIT6, STM32H562ZGT6, STM32H562ZIT6, STM32H563AGI6, STM32H563AII3Q, STM32H563AII6, STM32H563IGK6, STM32H563IGT6, STM32H563IIK3Q, STM32H563IIK6, STM32H563IIT3Q, STM32H563IIT6, STM32H563MIY3QTR, STM32H563RGT6, STM32H563RGV6, STM32H563RIT6, STM32H563RIV6, STM32H563VGT6, STM32H563VIT3Q, STM32H563VIT6, STM32H563ZGT6, STM32H563ZIT3Q, STM32H563ZIT6, STM32H573AII3Q, STM32H573AII6, STM32H573I-DK, STM32H573IIK3Q, STM32H573IIK6, STM32H573IIT3Q, STM32H573IIT6, STM32H573MIY3QTR, STM32H573RIT6, STM32H573RIV6, STM32H573VIT3Q, STM32H573VIT6, STM32H573ZIT3Q, STM32H573ZIT6, STM32H7R3A8I6, STM32H7R3I8K6, STM32H7R3I8T6, STM32H7R3L8H6, STM32H7R3L8H6H, STM32H7R3R8V6, STM32H7R3V8H6, STM32H7R3V8T6, STM32H7R3V8Y6, STM32H7R3Z8J6, STM32H7R3Z8T6, STM32H7R7A8I6, STM32H7R7I8K6, STM32H7R7I8T6, STM32H7R7L8H6, STM32H7R7L8H6H, STM32H7R7Z8J6, STM32H7S3A8I6, STM32H7S3I8K6, STM32H7S3I8T6, STM32H7S3L8H6, STM32H7S3L8H6H, STM32H7S3R8V6, STM32H7S3V8H6, STM32H7S3V8T6, STM32H7S3V8Y6, STM32H7S3Z8J6, STM32H7S3Z8T6, STM32H7S78-DK, STM32H7S7A8I6, STM32H7S7I8K6, STM32H7S7I8T6, STM32H7S7L8H6, STM32H7S7L8H6H, STM32H7S7Z8J6, STM32L4R5QGI6STR, STM32MP131AAE3, STM32MP131AAF3, STM32MP131AAG3, STM32MP131CAE3, STM32MP131CAF3, STM32MP131CAG3, STM32MP131DAE7, STM32MP131DAF7, STM32MP131DAG7, STM32MP131FAE7, STM32MP131FAF7, STM32MP131FAG7, STM32MP133AAE3, STM32MP133AAF3, STM32MP133AAG3, STM32MP133CAE3, STM32MP133CAF3, STM32MP133CAG3, STM32MP133DAE7, STM32MP133DAF7, STM32MP133DAG7, STM32MP133FAE7, STM32MP133FAF7, STM32MP133FAG7, STM32MP135AAE3, STM32MP135AAF3, STM32MP135AAG3, STM32MP135CAE3, STM32MP135CAF3, STM32MP135CAG3, STM32MP135DAE7, STM32MP135DAF7, STM32MP135DAG7, STM32MP135F-DK, STM32MP135FAE7, STM32MP135FAF7, STM32MP135FAF7T, STM32MP135FAF7U, STM32MP135FAG7, STM32U031C6T6, STM32U031C6U6, STM32U031C8T6, STM32U031C8U6, STM32U031F4P6, STM32U031F6P6, STM32U031F8P6, STM32U031G6Y6TR, STM32U031G8Y6TR, STM32U031K4U6, STM32U031K6U6, STM32U031K8U6, STM32U031R6I6, STM32U031R6T6, STM32U031R8I6, STM32U031R8T6, STM32U073C8T6, STM32U073C8U6, STM32U073CBT6, STM32U073CBU6, STM32U073CCT6, STM32U073CCU6, STM32U073H8Y6TR, STM32U073HBY6TR, STM32U073HCY6TR, STM32U073K8U6, STM32U073KBU6, STM32U073KCU6, STM32U073M8I6, STM32U073M8T6, STM32U073MBI6, STM32U073MBT6, STM32U073MCI6, STM32U073MCT6, STM32U073R8I6, STM32U073R8T6, STM32U073RBI6, STM32U073RBT6, STM32U073RCI6, STM32U073RCT6, STM32U083C-DK, STM32U083CCT6, STM32U083CCU6, STM32U083HCY6TR, STM32U083KCU6, STM32U083MCI6, STM32U083MCT6, STM32U083RCI6, STM32U083RCT6, STM32U535CBT6, STM32U535CBT6Q, STM32U535CBU6, STM32U535CBU6Q, STM32U535CCT6, STM32U535CCT6Q, STM32U535CCU6, STM32U535CCU6Q, STM32U535CET6, STM32U535CET6Q, STM32U535CEU6, STM32U535CEU6Q, STM32U535JEY6QTR, STM32U535NCY6QTR, STM32U535NEY6QTR, STM32U535RBI6, STM32U535RBI6Q, STM32U535RBT6, STM32U535RBT6Q, STM32U535RCI6, STM32U535RCI6Q, STM32U535RCT6, STM32U535RCT6Q, STM32U535REI6, STM32U535REI6Q, STM32U535RET6, STM32U535RET6Q, STM32U535VCI6, STM32U535VCI6Q, STM32U535VCT6, STM32U535VCT6Q, STM32U535VEI6, STM32U535VEI6Q, STM32U535VET6, STM32U535VET6Q, STM32U545CET6, STM32U545CET6Q, STM32U545CEU6, STM32U545CEU6Q, STM32U545JEY6QTR, STM32U545NEY6QTR, STM32U545REI6, STM32U545REI6Q, STM32U545RET6, STM32U545RET6Q, STM32U545VEI6, STM32U545VEI6Q, STM32U545VET6, STM32U545VET6Q, STM32U595AIH6, STM32U595AIH6Q, STM32U595AJH6, STM32U595AJH6Q, STM32U595QII6, STM32U595QII6Q, STM32U595QJI6, STM32U595QJI6Q, STM32U595RIT6, STM32U595RIT6Q, STM32U595RJT6, STM32U595RJT6Q, STM32U595VIT6, STM32U595VIT6Q, STM32U595VJT6, STM32U595VJT6Q, STM32U595ZIT6, STM32U595ZIT6Q, STM32U595ZIY6QTR, STM32U595ZJT6, STM32U595ZJT6Q, STM32U595ZJY6QTR, STM32U599BJY6QTR, STM32U599NIH6Q, STM32U599NJH6Q, STM32U599VIT6Q, STM32U599VJT6, STM32U599VJT6Q, STM32U599ZIT6Q, STM32U599ZIY6QTR, STM32U599ZJT6Q, STM32U599ZJY6QTR, STM32U5A5AJH6, STM32U5A5AJH6Q, STM32U5A5QII3Q , STM32U5A5QJI6, STM32U5A5QJI6Q, STM32U5A5RJT6, STM32U5A5RJT6Q, STM32U5A5VJT6, STM32U5A5VJT6Q, STM32U5A5ZJT6, STM32U5A5ZJT6Q, STM32U5A5ZJY6QTR, STM32U5A9BJY6QTR, STM32U5A9J-DK, STM32U5A9NJH6Q, STM32U5A9VJT6Q, STM32U5A9ZJT6Q, STM32U5A9ZJY6QTR, STM32U5F7VIT6, STM32U5F7VIT6Q, STM32U5F7VJT6, STM32U5F7VJT6Q, STM32U5F9BJY6QTR, STM32U5F9NJH6Q, STM32U5F9VIT6Q, STM32U5F9VJT6Q, STM32U5F9ZIJ6QTR, STM32U5F9ZIT6Q, STM32U5F9ZJJ6QTR, STM32U5F9ZJT6Q, STM32U5G7VJT6, STM32U5G7VJT6Q, STM32U5G9BJY6QTR, STM32U5G9J-DK1, STM32U5G9J-DK2, STM32U5G9NJH6Q, STM32U5G9VJT6Q, STM32U5G9ZJJ6QTR, STM32U5G9ZJT6Q, STM32WB1MMCH6, STM32WBA50KEU6, STM32WBA50KEU6TR, STM32WBA50KGU6, STM32WBA50KGU6TR, STM32WBA52CEU6, STM32WBA52CEU6TR, STM32WBA52CEU7, STM32WBA52CEU7TR, STM32WBA52CGU6, STM32WBA52CGU6TR, STM32WBA52CGU6U, STM32WBA52CGU7, STM32WBA52CGU7TR, STM32WBA52KEU6, STM32WBA52KEU6TR, STM32WBA52KGU6, STM32WBA52KGU6TR, STM32WBA54CEU6, STM32WBA54CEU6TR, STM32WBA54CEU7, STM32WBA54CEU7TR, STM32WBA54CGU6, STM32WBA54CGU6TR, STM32WBA54CGU7, STM32WBA54CGU7TR, STM32WBA54KEU6, STM32WBA54KEU6TR, STM32WBA54KEU7, STM32WBA54KEU7TR, STM32WBA54KGU6, STM32WBA54KGU6TR, STM32WBA54KGU7, STM32WBA54KGU7TR, STM32WBA55CEU6, STM32WBA55CEU6TR, STM32WBA55CEU7, STM32WBA55CEU7TR, STM32WBA55CGU6, STM32WBA55CGU6TR, STM32WBA55CGU6U, STM32WBA55CGU7, STM32WBA55CGU7TR, STM32WBA55G-DK1, STM32WBA55HEF6, STM32WBA55HEF7, STM32WBA55HGF6, STM32WBA55HGF7, STM32WBA55UEI6, STM32WBA55UEI6TR, STM32WBA55UEI7, STM32WBA55UEI7TR, STM32WBA55UGI6, STM32WBA55UGI6TR, STM32WBA55UGI7, STM32WBA55UGI7TR, STM32WL5MOCH6, STM32WL5MOCH6TR]
2024-06-19 08:12:22,861 [INFO] ApiDb:668 - CubeFinder database Data Model version=2.1
2024-06-19 08:12:22,861 [INFO] ApiDb:669 - CubeFinder database Configuration version=3.0.39
2024-06-19 08:12:22,861 [INFO] ApiDb:670 - CubeFinder database generation date=2024-06-06 (1717689626)
2024-06-19 08:12:22,861 [INFO] ApiDb:671 - CubeFinder database FW Pack versions=[FP-ATR-ASTRA1_V2.0.0, FP-SNS-FLIGHT1_V5.0.2, FP-SNS-MOTENV1_V5.0.0, FP-SNS-MOTENVWB1_V1.4.0, FP-SNS-SMARTAG2_V1.2.0, STM32Cube_FW_C0_V1.2.0, STM32Cube_FW_F4_V1.28.0, STM32Cube_FW_F7_V1.17.2, STM32Cube_FW_G0_V1.6.2, STM32Cube_FW_G4_V1.6.0, STM32Cube_FW_H5_V1.3.0, STM32Cube_FW_H7RS_V1.1.0, STM32Cube_FW_H7_V1.11.2, STM32Cube_FW_L0_V1.12.2, STM32Cube_FW_L5_V1.5.1, STM32Cube_FW_U0_V1.1.0, STM32Cube_FW_U5_V1.6.0, STM32Cube_FW_WB0_V1.0.0, STM32Cube_FW_WBA_V1.4.0, STM32Cube_FW_WB_V1.20.0, STM32Cube_FW_WL_V1.3.0, X-CUBE-ALGOBUILD_V1.4.0, X-CUBE-ALS_V1.0.2, X-CUBE-AZRTOS-F4_V1.1.0, X-CUBE-AZRTOS-F7_V1.1.0, X-CUBE-AZRTOS-G0_V1.1.0, X-CUBE-AZRTOS-G4_V2.0.0, X-CUBE-AZRTOS-H7RS_V1.0.0, X-CUBE-AZRTOS-H7_V3.2.0, X-CUBE-AZRTOS-L4_V2.0.0, X-CUBE-AZRTOS-L5_V1.1.0, X-CUBE-AZRTOS-WB_V2.0.0, X-CUBE-AZRTOS-WL_V2.0.0, X-CUBE-BLE1_V7.0.0, X-CUBE-BLE2_V3.3.0, X-CUBE-BLEMGR_V3.1.0, X-CUBE-EEPRMA1_V5.1.0, X-CUBE-FREERTOS_V1.2.0, X-CUBE-GNSS1_V6.0.0, X-CUBE-MEMS1_V10.0.0, X-CUBE-NFC4_V3.0.0, X-CUBE-NFC7_V1.0.1, X-CUBE-SFXS2LP1_V4.0.0, X-CUBE-SUBG2_V5.0.0, X-CUBE-TOF1_V3.4.1]
2024-06-19 08:12:24,636 [INFO] ApiDb:240 - Found 483 in-development CPN: [B-G473E-ZEST1S, B-WB1M-WPAN1, B-WL5M-SUBG1, NUCLEO-C031C6, NUCLEO-H503RB, NUCLEO-H533RE, NUCLEO-H563ZI, NUCLEO-H7S3L8, NUCLEO-U031R8, NUCLEO-U083RC, NUCLEO-U545RE-Q, NUCLEO-U5A5ZJ-Q, NUCLEO-WBA52CG, NUCLEO-WBA55CG, STEVAL-PROTEUS1, STEVAL-SMARTAG2, STEVAL-STWINBX1, STM320518-EVAL, STM32C0116-DK, STM32C011D6Y3TR, STM32C011D6Y6TR, STM32C011F4P3, STM32C011F4P6, STM32C011F4U3, STM32C011F4U6TR, STM32C011F6P3, STM32C011F6P6, STM32C011F6U3, STM32C011F6U6TR, STM32C011J4M3, STM32C011J4M6, STM32C011J6M3, STM32C011J6M6, STM32C0316-DK, STM32C031C4T3, STM32C031C4T6, STM32C031C4U3, STM32C031C4U6, STM32C031C6T3, STM32C031C6T6, STM32C031C6U3, STM32C031C6U6, STM32C031F4P3, STM32C031F4P6, STM32C031F6P3, STM32C031F6P6, STM32C031G4U3, STM32C031G4U6, STM32C031G6U3, STM32C031G6U6, STM32C031K4T3, STM32C031K4T6, STM32C031K4U3, STM32C031K4U6, STM32C031K6T3, STM32C031K6T6, STM32C031K6U3, STM32C031K6U6, STM32G071K8TXN, STM32G071K8UXN, STM32G081GBU6N, STM32G081KBT6N, STM32G081KBUXN, STM32G0B1CCT6N, STM32G0B1KCT6, STM32G0B1NEY6TR, STM32G0B1RCT6N, STM32G0C1CCT6, STM32G0C1CCT6N, STM32G0C1CCU6N, STM32G0C1CET6N, STM32G0C1CEU6N, STM32G0C1KCT6, STM32G0C1NEY6TR, STM32G0C1RCI6N, STM32G0C1RCT6N, STM32G0C1REI6N, STM32G0C1RET6N, STM32G0C1VCI6, STM32G0C1VEI6, STM32G471CCT6, STM32G471CCU6, STM32G471CET3, STM32G471CET6, STM32G471CEU3, STM32G471CEU6, STM32G471MCT6, STM32G471MET3, STM32G471MET6, STM32G471MEY6TR, STM32G471QCT6, STM32G471QET3, STM32G471RCT6, STM32G471RET3, STM32G471RET6, STM32G471VCH6, STM32G471VCI6, STM32G471VCT6, STM32G471VEH3, STM32G471VEH6, STM32G471VEI3, STM32G471VEI6, STM32G471VET3, STM32G471VET6, STM32G474CCT6, STM32H503CBT6, STM32H503CBU6, STM32H503EBY6TR, STM32H503KBU6, STM32H503RBT6, STM32H523CCT6, STM32H523CCU6, STM32H523CET6, STM32H523CEU6, STM32H523HEY6TR, STM32H523RCT6, STM32H523RET6, STM32H523VCI6, STM32H523VCT6, STM32H523VEI6, STM32H523VET6, STM32H523ZCJ6, STM32H523ZCT6, STM32H523ZEJ6, STM32H523ZET6, STM32H533CET6, STM32H533CEU6, STM32H533HEY6TR, STM32H533RET6, STM32H533VEI6, STM32H533VET6, STM32H533ZEJ6, STM32H533ZET6, STM32H562AGI6, STM32H562AII6, STM32H562IGK6, STM32H562IGT6, STM32H562IIK6, STM32H562IIT6, STM32H562RGT6, STM32H562RGV6, STM32H562RIT6, STM32H562RIV6, STM32H562VGT6, STM32H562VIT6, STM32H562ZGT6, STM32H562ZIT6, STM32H563AGI6, STM32H563AII3Q, STM32H563AII6, STM32H563IGK6, STM32H563IGT6, STM32H563IIK3Q, STM32H563IIK6, STM32H563IIT3Q, STM32H563IIT6, STM32H563MIY3QTR, STM32H563RGT6, STM32H563RGV6, STM32H563RIT6, STM32H563RIV6, STM32H563VGT6, STM32H563VIT3Q, STM32H563VIT6, STM32H563ZGT6, STM32H563ZIT3Q, STM32H563ZIT6, STM32H573AII3Q, STM32H573AII6, STM32H573I-DK, STM32H573IIK3Q, STM32H573IIK6, STM32H573IIT3Q, STM32H573IIT6, STM32H573MIY3QTR, STM32H573RIT6, STM32H573RIV6, STM32H573VIT3Q, STM32H573VIT6, STM32H573ZIT3Q, STM32H573ZIT6, STM32H7R3A8I6, STM32H7R3I8K6, STM32H7R3I8T6, STM32H7R3L8H6, STM32H7R3L8H6H, STM32H7R3R8V6, STM32H7R3V8H6, STM32H7R3V8T6, STM32H7R3V8Y6, STM32H7R3Z8J6, STM32H7R3Z8T6, STM32H7R7A8I6, STM32H7R7I8K6, STM32H7R7I8T6, STM32H7R7L8H6, STM32H7R7L8H6H, STM32H7R7Z8J6, STM32H7S3A8I6, STM32H7S3I8K6, STM32H7S3I8T6, STM32H7S3L8H6, STM32H7S3L8H6H, STM32H7S3R8V6, STM32H7S3V8H6, STM32H7S3V8T6, STM32H7S3V8Y6, STM32H7S3Z8J6, STM32H7S3Z8T6, STM32H7S78-DK, STM32H7S7A8I6, STM32H7S7I8K6, STM32H7S7I8T6, STM32H7S7L8H6, STM32H7S7L8H6H, STM32H7S7Z8J6, STM32L4R5QGI6STR, STM32MP131AAE3, STM32MP131AAF3, STM32MP131AAG3, STM32MP131CAE3, STM32MP131CAF3, STM32MP131CAG3, STM32MP131DAE7, STM32MP131DAF7, STM32MP131DAG7, STM32MP131FAE7, STM32MP131FAF7, STM32MP131FAG7, STM32MP133AAE3, STM32MP133AAF3, STM32MP133AAG3, STM32MP133CAE3, STM32MP133CAF3, STM32MP133CAG3, STM32MP133DAE7, STM32MP133DAF7, STM32MP133DAG7, STM32MP133FAE7, STM32MP133FAF7, STM32MP133FAG7, STM32MP135AAE3, STM32MP135AAF3, STM32MP135AAG3, STM32MP135CAE3, STM32MP135CAF3, STM32MP135CAG3, STM32MP135DAE7, STM32MP135DAF7, STM32MP135DAG7, STM32MP135F-DK, STM32MP135FAE7, STM32MP135FAF7, STM32MP135FAF7T, STM32MP135FAF7U, STM32MP135FAG7, STM32U031C6T6, STM32U031C6U6, STM32U031C8T6, STM32U031C8U6, STM32U031F4P6, STM32U031F6P6, STM32U031F8P6, STM32U031G6Y6TR, STM32U031G8Y6TR, STM32U031K4U6, STM32U031K6U6, STM32U031K8U6, STM32U031R6I6, STM32U031R6T6, STM32U031R8I6, STM32U031R8T6, STM32U073C8T6, STM32U073C8U6, STM32U073CBT6, STM32U073CBU6, STM32U073CCT6, STM32U073CCU6, STM32U073H8Y6TR, STM32U073HBY6TR, STM32U073HCY6TR, STM32U073K8U6, STM32U073KBU6, STM32U073KCU6, STM32U073M8I6, STM32U073M8T6, STM32U073MBI6, STM32U073MBT6, STM32U073MCI6, STM32U073MCT6, STM32U073R8I6, STM32U073R8T6, STM32U073RBI6, STM32U073RBT6, STM32U073RCI6, STM32U073RCT6, STM32U083C-DK, STM32U083CCT6, STM32U083CCU6, STM32U083HCY6TR, STM32U083KCU6, STM32U083MCI6, STM32U083MCT6, STM32U083RCI6, STM32U083RCT6, STM32U535CBT6, STM32U535CBT6Q, STM32U535CBU6, STM32U535CBU6Q, STM32U535CCT6, STM32U535CCT6Q, STM32U535CCU6, STM32U535CCU6Q, STM32U535CET6, STM32U535CET6Q, STM32U535CEU6, STM32U535CEU6Q, STM32U535JEY6QTR, STM32U535NCY6QTR, STM32U535NEY6QTR, STM32U535RBI6, STM32U535RBI6Q, STM32U535RBT6, STM32U535RBT6Q, STM32U535RCI6, STM32U535RCI6Q, STM32U535RCT6, STM32U535RCT6Q, STM32U535REI6, STM32U535REI6Q, STM32U535RET6, STM32U535RET6Q, STM32U535VCI6, STM32U535VCI6Q, STM32U535VCT6, STM32U535VCT6Q, STM32U535VEI6, STM32U535VEI6Q, STM32U535VET6, STM32U535VET6Q, STM32U545CET6, STM32U545CET6Q, STM32U545CEU6, STM32U545CEU6Q, STM32U545JEY6QTR, STM32U545NEY6QTR, STM32U545REI6, STM32U545REI6Q, STM32U545RET6, STM32U545RET6Q, STM32U545VEI6, STM32U545VEI6Q, STM32U545VET6, STM32U545VET6Q, STM32U595AIH6, STM32U595AIH6Q, STM32U595AJH6, STM32U595AJH6Q, STM32U595QII6, STM32U595QII6Q, STM32U595QJI6, STM32U595QJI6Q, STM32U595RIT6, STM32U595RIT6Q, STM32U595RJT6, STM32U595RJT6Q, STM32U595VIT6, STM32U595VIT6Q, STM32U595VJT6, STM32U595VJT6Q, STM32U595ZIT6, STM32U595ZIT6Q, STM32U595ZIY6QTR, STM32U595ZJT6, STM32U595ZJT6Q, STM32U595ZJY6QTR, STM32U599BJY6QTR, STM32U599NIH6Q, STM32U599NJH6Q, STM32U599VIT6Q, STM32U599VJT6, STM32U599VJT6Q, STM32U599ZIT6Q, STM32U599ZIY6QTR, STM32U599ZJT6Q, STM32U599ZJY6QTR, STM32U5A5AJH6, STM32U5A5AJH6Q, STM32U5A5QII3Q , STM32U5A5QJI6, STM32U5A5QJI6Q, STM32U5A5RJT6, STM32U5A5RJT6Q, STM32U5A5VJT6, STM32U5A5VJT6Q, STM32U5A5ZJT6, STM32U5A5ZJT6Q, STM32U5A5ZJY6QTR, STM32U5A9BJY6QTR, STM32U5A9J-DK, STM32U5A9NJH6Q, STM32U5A9VJT6Q, STM32U5A9ZJT6Q, STM32U5A9ZJY6QTR, STM32U5F7VIT6, STM32U5F7VIT6Q, STM32U5F7VJT6, STM32U5F7VJT6Q, STM32U5F9BJY6QTR, STM32U5F9NJH6Q, STM32U5F9VIT6Q, STM32U5F9VJT6Q, STM32U5F9ZIJ6QTR, STM32U5F9ZIT6Q, STM32U5F9ZJJ6QTR, STM32U5F9ZJT6Q, STM32U5G7VJT6, STM32U5G7VJT6Q, STM32U5G9BJY6QTR, STM32U5G9J-DK1, STM32U5G9J-DK2, STM32U5G9NJH6Q, STM32U5G9VJT6Q, STM32U5G9ZJJ6QTR, STM32U5G9ZJT6Q, STM32WB1MMCH6, STM32WBA50KEU6, STM32WBA50KEU6TR, STM32WBA50KGU6, STM32WBA50KGU6TR, STM32WBA52CEU6, STM32WBA52CEU6TR, STM32WBA52CEU7, STM32WBA52CEU7TR, STM32WBA52CGU6, STM32WBA52CGU6TR, STM32WBA52CGU6U, STM32WBA52CGU7, STM32WBA52CGU7TR, STM32WBA52KEU6, STM32WBA52KEU6TR, STM32WBA52KGU6, STM32WBA52KGU6TR, STM32WBA54CEU6, STM32WBA54CEU6TR, STM32WBA54CEU7, STM32WBA54CEU7TR, STM32WBA54CGU6, STM32WBA54CGU6TR, STM32WBA54CGU7, STM32WBA54CGU7TR, STM32WBA54KEU6, STM32WBA54KEU6TR, STM32WBA54KEU7, STM32WBA54KEU7TR, STM32WBA54KGU6, STM32WBA54KGU6TR, STM32WBA54KGU7, STM32WBA54KGU7TR, STM32WBA55CEU6, STM32WBA55CEU6TR, STM32WBA55CEU7, STM32WBA55CEU7TR, STM32WBA55CGU6, STM32WBA55CGU6TR, STM32WBA55CGU6U, STM32WBA55CGU7, STM32WBA55CGU7TR, STM32WBA55G-DK1, STM32WBA55HEF6, STM32WBA55HEF7, STM32WBA55HGF6, STM32WBA55HGF7, STM32WBA55UEI6, STM32WBA55UEI6TR, STM32WBA55UEI7, STM32WBA55UEI7TR, STM32WBA55UGI6, STM32WBA55UGI6TR, STM32WBA55UGI7, STM32WBA55UGI7TR, STM32WL5MOCH6, STM32WL5MOCH6TR]
2024-06-19 08:12:24,641 [INFO] DbMcus:218 - Found 4229 MCUs, 4229 are supported
2024-06-19 08:12:24,641 [INFO] ApiDb:423 - Load user favorites file C:\Users\bakra/.stm32cubeide/favorites.mcus.txt: 0 item(s)
2024-06-19 08:12:24,641 [INFO] ApiDb:427 - User favorites MCUs=[]
2024-06-19 08:12:24,641 [INFO] DbMcus:224 - Set 0 / 0 favorites MCUs
2024-06-19 08:12:24,988 [INFO] BoardInfo:889 - No configuration file found for board P-NUCLEO-WB55
2024-06-19 08:12:24,988 [INFO] DbBoards:161 - Kit is not supported: P-NUCLEO-WB55
2024-06-19 08:12:24,993 [INFO] BoardInfo:889 - No configuration file found for board STEVAL-BFA001V1B
2024-06-19 08:12:24,993 [INFO] DbBoards:161 - Kit is not supported: STEVAL-BFA001V1B
2024-06-19 08:12:24,994 [INFO] BoardInfo:889 - No configuration file found for board STEVAL-BFA001V2B
2024-06-19 08:12:24,994 [INFO] DbBoards:161 - Kit is not supported: STEVAL-BFA001V2B
2024-06-19 08:12:25,100 [INFO] DbBoards:168 - Found 195 boards, 192 are supported
2024-06-19 08:12:25,100 [INFO] DbBoards:169 - Found 195 boards, 8 of them is supported for  Bsp
2024-06-19 08:12:25,107 [INFO] ApiDb:423 - Load user favorites file C:\Users\bakra/.stm32cubeide/favorites.boards.txt: 1 item(s)
2024-06-19 08:12:25,107 [INFO] ApiDb:427 - User favorites Boards=[NUCLEO-F767ZI]
2024-06-19 08:12:25,107 [INFO] DbBoards:198 - Set 1 / 1 favorites Boards
2024-06-19 08:12:25,160 [INFO] UtilMem:75 - End LoadConfig() Used Memory: 238861432 Bytes (367001600)
2024-06-19 08:12:25,262 [WARN] ThirdParty:833 - waiting for thirdparty lock release [change project]
2024-06-19 08:12:25,262 [INFO] ThirdParty:835 - entering critical section [change project]
2024-06-19 08:12:25,262 [INFO] ThirdParty:1030 - CMSIS Pack Vendor :STMicroelectronics USBPD 4.1
2024-06-19 08:12:25,262 [INFO] ThirdParty:1030 - CMSIS Pack Vendor :STMicroelectronics X-CUBE-GNSS1 6.0.0
2024-06-19 08:12:25,262 [INFO] ThirdParty:1030 - CMSIS Pack Vendor :STMicroelectronics USB_HOST 2.0.0
2024-06-19 08:12:25,262 [INFO] ThirdParty:1030 - CMSIS Pack Vendor :STMicroelectronics FP-SNS-MOTENVWB1 1.4.0
2024-06-19 08:12:25,262 [INFO] ThirdParty:1030 - CMSIS Pack Vendor :STMicroelectronics X-CUBE-AZRTOS-F4 1.1.0
2024-06-19 08:12:25,262 [INFO] ThirdParty:1030 - CMSIS Pack Vendor :STMicroelectronics LIBJPEG 8.0.0
2024-06-19 08:12:25,262 [INFO] ThirdParty:1030 - CMSIS Pack Vendor :STMicroelectronics X-CUBE-SMBUS 2.1.0
2024-06-19 08:12:25,262 [INFO] ThirdParty:1030 - CMSIS Pack Vendor :STMicroelectronics X-CUBE-FREERTOS 1.2.0
2024-06-19 08:12:25,262 [INFO] ThirdParty:1030 - CMSIS Pack Vendor :STMicroelectronics X-CUBE-TOUCHGFX 4.23.0
2024-06-19 08:12:25,262 [INFO] ThirdParty:1030 - CMSIS Pack Vendor :STMicroelectronics X-CUBE-TOUCHGFX 4.23.2
2024-06-19 08:12:25,262 [INFO] ThirdParty:1030 - CMSIS Pack Vendor :STMicroelectronics X-CUBE-AZRTOS-F7 1.1.0
2024-06-19 08:12:25,262 [INFO] ThirdParty:1030 - CMSIS Pack Vendor :STMicroelectronics X-CUBE-AZRTOS-L5 2.0.0
2024-06-19 08:12:25,262 [INFO] ThirdParty:1030 - CMSIS Pack Vendor :STMicroelectronics USB_DEVICE 2.0.0
2024-06-19 08:12:25,263 [INFO] ThirdParty:1030 - CMSIS Pack Vendor :STMicroelectronics X-CUBE-MEMS1 9.6.0
2024-06-19 08:12:25,263 [INFO] ThirdParty:1030 - CMSIS Pack Vendor :STMicroelectronics X-CUBE-EEPRMA1 4.2.0
2024-06-19 08:12:25,263 [INFO] ThirdParty:1030 - CMSIS Pack Vendor :STMicroelectronics X-CUBE-NFC6 3.1.0
2024-06-19 08:12:25,263 [INFO] ThirdParty:1030 - CMSIS Pack Vendor :ITTIA_DB I-CUBE-ITTIADB 8.8.0
2024-06-19 08:12:25,263 [INFO] ThirdParty:1030 - CMSIS Pack Vendor :STMicroelectronics FP-SNS-MOTENV1 4.3.0
2024-06-19 08:12:25,263 [INFO] ThirdParty:1030 - CMSIS Pack Vendor :STMicroelectronics FP-SNS-MOTENV1 4.3.2
2024-06-19 08:12:25,263 [INFO] ThirdParty:1030 - CMSIS Pack Vendor :STMicroelectronics FP-SNS-FLIGHT1 5.0.0
2024-06-19 08:12:25,263 [INFO] ThirdParty:1030 - CMSIS Pack Vendor :STMicroelectronics FP-SNS-MOTENV1 4.3.1
2024-06-19 08:12:25,263 [INFO] ThirdParty:1030 - CMSIS Pack Vendor :STMicroelectronics FP-SNS-FLIGHT1 5.0.1
2024-06-19 08:12:25,263 [INFO] ThirdParty:1030 - CMSIS Pack Vendor :STMicroelectronics X-CUBE-BLE1 6.2.4
2024-06-19 08:12:25,263 [INFO] ThirdParty:1030 - CMSIS Pack Vendor :STMicroelectronics FreeRTOS 0.0.1
2024-06-19 08:12:25,263 [INFO] ThirdParty:1030 - CMSIS Pack Vendor :emotas I-CUBE-CANOPEN 1.1.3
2024-06-19 08:12:25,263 [INFO] ThirdParty:1030 - CMSIS Pack Vendor :STMicroelectronics X-CUBE-BLEMGR 2.0.0
2024-06-19 08:12:25,263 [INFO] ThirdParty:1030 - CMSIS Pack Vendor :STMicroelectronics FP-SNS-FLIGHT1 5.0.2
2024-06-19 08:12:25,263 [INFO] ThirdParty:1030 - CMSIS Pack Vendor :STMicroelectronics X-CUBE-AI 9.0.0
2024-06-19 08:12:25,263 [INFO] ThirdParty:1030 - CMSIS Pack Vendor :STMicroelectronics X-CUBE-AZRTOS-H7 3.1.0
2024-06-19 08:12:25,263 [INFO] ThirdParty:1030 - CMSIS Pack Vendor :STMicroelectronics PDM2PCM 3.3.0
2024-06-19 08:12:25,263 [INFO] ThirdParty:1030 - CMSIS Pack Vendor :STMicroelectronics X-CUBE-DISPLAY 3.0.0
2024-06-19 08:12:25,263 [INFO] ThirdParty:1030 - CMSIS Pack Vendor :STMicroelectronics X-CUBE-BLE1 7.0.0
2024-06-19 08:12:25,263 [INFO] ThirdParty:1030 - CMSIS Pack Vendor :wolfSSL I-CUBE-wolfSSL 5.5.4
2024-06-19 08:12:25,263 [INFO] ThirdParty:1030 - CMSIS Pack Vendor :STMicroelectronics HAL Drivers 0.0.0
2024-06-19 08:12:25,263 [INFO] ThirdParty:1030 - CMSIS Pack Vendor :STMicroelectronics X-CUBE-TOUCHGFX 4.22.0
2024-06-19 08:12:25,263 [INFO] ThirdParty:1030 - CMSIS Pack Vendor :STMicroelectronics X-CUBE-NFC7 1.0.1
2024-06-19 08:12:25,263 [INFO] ThirdParty:1030 - CMSIS Pack Vendor :STMicroelectronics MBEDTLS 2.14.1
2024-06-19 08:12:25,263 [INFO] ThirdParty:1030 - CMSIS Pack Vendor :STMicroelectronics X-CUBE-NFC7 1.0.0
2024-06-19 08:12:25,263 [INFO] ThirdParty:1030 - CMSIS Pack Vendor :STMicroelectronics X-CUBE-TOUCHGFX 4.22.1
2024-06-19 08:12:25,263 [INFO] ThirdParty:1030 - CMSIS Pack Vendor :STMicroelectronics X-CUBE-NFC6 3.0.0
2024-06-19 08:12:25,263 [INFO] ThirdParty:1030 - CMSIS Pack Vendor :STMicroelectronics X-CUBE-EEPRMA1 4.1.0
2024-06-19 08:12:25,263 [INFO] ThirdParty:1030 - CMSIS Pack Vendor :STMicroelectronics X-CUBE-BLEMGR 3.1.0
2024-06-19 08:12:25,263 [INFO] ThirdParty:1030 - CMSIS Pack Vendor :STMicroelectronics FP-SNS-SMARTAG2 1.2.0
2024-06-19 08:12:25,263 [INFO] ThirdParty:1030 - CMSIS Pack Vendor :STMicroelectronics X-CUBE-AZRTOS-WL 2.0.0
2024-06-19 08:12:25,263 [INFO] ThirdParty:1030 - CMSIS Pack Vendor :STMicroelectronics FP-SNS-MOTENV1 5.0.0
2024-06-19 08:12:25,263 [INFO] ThirdParty:1030 - CMSIS Pack Vendor :STMicroelectronics USB_DEVICE 1.0.0
2024-06-19 08:12:25,263 [INFO] ThirdParty:1030 - CMSIS Pack Vendor :STMicroelectronics X-CUBE-AI 8.1.0
2024-06-19 08:12:25,263 [INFO] ThirdParty:1030 - CMSIS Pack Vendor :STMicroelectronics X-CUBE-AZRTOS-L4 2.0.0
2024-06-19 08:12:25,263 [INFO] ThirdParty:1030 - CMSIS Pack Vendor :STMicroelectronics ThreadX 0.0.2
2024-06-19 08:12:25,263 [INFO] ThirdParty:1030 - CMSIS Pack Vendor :WES I-CUBE-Cesium 1.3.0
2024-06-19 08:12:25,263 [INFO] ThirdParty:1030 - CMSIS Pack Vendor :STMicroelectronics lwIP 2.1.2
2024-06-19 08:12:25,263 [INFO] ThirdParty:1030 - CMSIS Pack Vendor :STMicroelectronics X-CUBE-SFXS2LP1 4.0.0
2024-06-19 08:12:25,264 [INFO] ThirdParty:1030 - CMSIS Pack Vendor :STMicroelectronics X-CUBE-BLE2 3.3.0
2024-06-19 08:12:25,264 [INFO] ThirdParty:1030 - CMSIS Pack Vendor :STMicroelectronics X-CUBE-TOF1 3.2.0
2024-06-19 08:12:25,264 [INFO] ThirdParty:1030 - CMSIS Pack Vendor :STMicroelectronics PDM2PCM 3.2.0
2024-06-19 08:12:25,264 [INFO] ThirdParty:1030 - CMSIS Pack Vendor :STMicroelectronics X-CUBE-AZRTOS-H7 3.0.0
2024-06-19 08:12:25,264 [INFO] ThirdParty:1030 - CMSIS Pack Vendor :STMicroelectronics X-CUBE-ISPU 1.1.0
2024-06-19 08:12:25,264 [INFO] ThirdParty:1030 - CMSIS Pack Vendor :RoweBots I-CUBE-UNISONRTOS 5.5.0-4
2024-06-19 08:12:25,264 [INFO] ThirdParty:1030 - CMSIS Pack Vendor :STMicroelectronics USB_DEVICE 3.0.0
2024-06-19 08:12:25,264 [INFO] ThirdParty:1030 - CMSIS Pack Vendor :STMicroelectronics X-CUBE-TCPP 4.1.0
2024-06-19 08:12:25,264 [INFO] ThirdParty:1030 - CMSIS Pack Vendor :STMicroelectronics X-CUBE-AI 8.0.0
2024-06-19 08:12:25,264 [INFO] ThirdParty:1030 - CMSIS Pack Vendor :STMicroelectronics X-CUBE-AZRTOS-WB 2.0.0
2024-06-19 08:12:25,264 [INFO] ThirdParty:1030 - CMSIS Pack Vendor :STMicroelectronics X-CUBE-FREERTOS 1.0.0
2024-06-19 08:12:25,264 [INFO] ThirdParty:1030 - CMSIS Pack Vendor :STMicroelectronics X-CUBE-FREERTOS 1.0.1
2024-06-19 08:12:25,264 [INFO] ThirdParty:1030 - CMSIS Pack Vendor :STMicroelectronics X-CUBE-TOUCHGFX 4.21.1
2024-06-19 08:12:25,264 [INFO] ThirdParty:1030 - CMSIS Pack Vendor :STMicroelectronics X-CUBE-TOUCHGFX 4.21.3
2024-06-19 08:12:25,264 [INFO] ThirdParty:1030 - CMSIS Pack Vendor :STMicroelectronics X-CUBE-TOUCHGFX 4.21.4
2024-06-19 08:12:25,264 [INFO] ThirdParty:1030 - CMSIS Pack Vendor :STMicroelectronics X-CUBE-ALGOBUILD 1.3.0
2024-06-19 08:12:25,264 [INFO] ThirdParty:1030 - CMSIS Pack Vendor :STMicroelectronics X-CUBE-AZRTOS-L5 1.1.0
2024-06-19 08:12:25,264 [INFO] ThirdParty:1030 - CMSIS Pack Vendor :STMicroelectronics X-CUBE-AZRTOS-G0 1.1.0
2024-06-19 08:12:25,264 [INFO] ThirdParty:1030 - CMSIS Pack Vendor :STMicroelectronics X-CUBE-AI 8.0.1
2024-06-19 08:12:25,264 [INFO] ThirdParty:1030 - CMSIS Pack Vendor :STMicroelectronics X-CUBE-SAFEA1 1.2.2
2024-06-19 08:12:25,264 [INFO] ThirdParty:1030 - CMSIS Pack Vendor :STMicroelectronics X-CUBE-NFC4 3.0.0
2024-06-19 08:12:25,264 [INFO] ThirdParty:1030 - CMSIS Pack Vendor :STMicroelectronics X-CUBE-SUBG2 5.0.0
2024-06-19 08:12:25,264 [INFO] ThirdParty:1030 - CMSIS Pack Vendor :STMicroelectronics STM32_WPAN 1.0.0
2024-06-19 08:12:25,264 [INFO] ThirdParty:1030 - CMSIS Pack Vendor :wolfSSL I-CUBE-wolfMQTT 1.18.0
2024-06-19 08:12:25,264 [INFO] ThirdParty:1030 - CMSIS Pack Vendor :STMicroelectronics lwIP 2.0.3
2024-06-19 08:12:25,264 [INFO] ThirdParty:1030 - CMSIS Pack Vendor :Cesanta I-CUBE-Mongoose 7.13.0
2024-06-19 08:12:25,264 [INFO] ThirdParty:1030 - CMSIS Pack Vendor :STMicroelectronics USB_HOST 1.0.0
2024-06-19 08:12:25,264 [INFO] ThirdParty:1030 - CMSIS Pack Vendor :STMicroelectronics X-CUBE-TOF1 3.3.1
2024-06-19 08:12:25,264 [INFO] ThirdParty:1030 - CMSIS Pack Vendor :STMicroelectronics X-CUBE-AZRTOS-G4 2.0.0
2024-06-19 08:12:25,264 [INFO] ThirdParty:1030 - CMSIS Pack Vendor :STMicroelectronics PDM2PCM 3.1.0
2024-06-19 08:12:25,264 [INFO] ThirdParty:1030 - CMSIS Pack Vendor :STMicroelectronics X-CUBE-TOF1 3.3.0
2024-06-19 08:12:25,264 [INFO] ThirdParty:1030 - CMSIS Pack Vendor :STMicroelectronics FP-ATR-ASTRA1 1.1.1
2024-06-19 08:12:25,264 [INFO] ThirdParty:1030 - CMSIS Pack Vendor :Infineon AIROC-Wi-Fi-Bluetooth-STM32 1.5.1
2024-06-19 08:12:25,264 [INFO] ThirdParty:1030 - CMSIS Pack Vendor :STMicroelectronics X-CUBE-BLEMGR 3.0.0
2024-06-19 08:12:25,264 [INFO] ThirdParty:1030 - CMSIS Pack Vendor :STMicroelectronics X-CUBE-BLEMGR 1.3.0
2024-06-19 08:12:25,264 [INFO] ThirdParty:1030 - CMSIS Pack Vendor :STMicroelectronics FP-SNS-MOTENVWB1 1.3.0
2024-06-19 08:12:25,264 [INFO] ThirdParty:1030 - CMSIS Pack Vendor :STMicroelectronics FP-SNS-MOTENVWB1 1.3.1
2024-06-19 08:12:25,264 [INFO] ThirdParty:1030 - CMSIS Pack Vendor :STMicroelectronics FP-ATR-SIGFOX1 3.2.0
2024-06-19 08:12:25,265 [INFO] ThirdParty:1030 - CMSIS Pack Vendor :STMicroelectronics X-CUBE-AZRTOS-G4 1.0.0
2024-06-19 08:12:25,265 [INFO] ThirdParty:1030 - CMSIS Pack Vendor :STMicroelectronics X-CUBE-AZRTOS-L4 1.0.0
2024-06-19 08:12:25,265 [INFO] ThirdParty:1030 - CMSIS Pack Vendor :STMicroelectronics X-CUBE-ISPU 2.0.0
2024-06-19 08:12:25,265 [INFO] ThirdParty:1030 - CMSIS Pack Vendor :STMicroelectronics X-CUBE-EEPRMA1 5.1.0
2024-06-19 08:12:25,265 [INFO] ThirdParty:1030 - CMSIS Pack Vendor :STMicroelectronics MBEDTLS 2.16.2
2024-06-19 08:12:25,265 [INFO] ThirdParty:1030 - CMSIS Pack Vendor :STMicroelectronics X-CUBE-ALS 1.0.2
2024-06-19 08:12:25,265 [INFO] ThirdParty:1030 - CMSIS Pack Vendor :STMicroelectronics X-CUBE-MEMS1 10.0.0
2024-06-19 08:12:25,265 [INFO] ThirdParty:1030 - CMSIS Pack Vendor :STMicroelectronics X-CUBE-FREERTOS 1.1.0
2024-06-19 08:12:25,265 [INFO] ThirdParty:1030 - CMSIS Pack Vendor :STMicroelectronics X-CUBE-AZRTOS-WL 1.0.0
2024-06-19 08:12:25,265 [INFO] ThirdParty:1030 - CMSIS Pack Vendor :portGmbH I-Cube-SoM-uGOAL 1.1.0
2024-06-19 08:12:25,265 [INFO] ThirdParty:1030 - CMSIS Pack Vendor :STMicroelectronics X-CUBE-ALS 1.0.1
2024-06-19 08:12:25,265 [INFO] ThirdParty:1030 - CMSIS Pack Vendor :STMicroelectronics X-CUBE-MEMS1 9.5.0
2024-06-19 08:12:25,265 [INFO] ThirdParty:1030 - CMSIS Pack Vendor :STMicroelectronics ThreadX 1.0.0
2024-06-19 08:12:25,265 [INFO] ThirdParty:1030 - CMSIS Pack Vendor :STMicroelectronics X-CUBE-AZRTOS-WB 1.1.0
2024-06-19 08:12:25,265 [INFO] ThirdParty:1030 - CMSIS Pack Vendor :SEGGER I-CUBE-embOS 1.3.1
2024-06-19 08:12:25,265 [INFO] ThirdParty:1030 - CMSIS Pack Vendor :STMicroelectronics X-CUBE-ALGOBUILD 1.4.0
2024-06-19 08:12:25,265 [INFO] ThirdParty:1030 - CMSIS Pack Vendor :STMicroelectronics X-CUBE-AZRTOS-H7RS 1.0.0
2024-06-19 08:12:25,265 [INFO] ThirdParty:1030 - CMSIS Pack Vendor :STMicroelectronics FP-ATR-ASTRA1 2.0.0
2024-06-19 08:12:25,265 [INFO] ThirdParty:1030 - CMSIS Pack Vendor :STMicroelectronics X-CUBE-TOF1 3.4.0
2024-06-19 08:12:25,265 [INFO] ThirdParty:1030 - CMSIS Pack Vendor :STMicroelectronics X-CUBE-TOF1 3.4.1
2024-06-19 08:12:25,265 [INFO] ThirdParty:1030 - CMSIS Pack Vendor :STMicroelectronics X-CUBE-AZRTOS-H7 3.2.0
2024-06-19 08:12:25,266 [INFO] ThirdParty:841 - exiting critical section [change project]
2024-06-19 08:12:25,854 [INFO] PinOutPanel:1561 - setPackage(No Configuration,No Configuration)
2024-06-19 08:12:25,856 [INFO] PinOutPanel:1561 - setPackage(STM32F767ZITx,LQFP144)
2024-06-19 08:12:26,429 [INFO] UtilMem:75 - Before build in PCC Used Memory: 247698528 Bytes (367001600)
2024-06-19 08:12:27,528 [INFO] UtilMem:75 - After build in PCC Used Memory: 250995248 Bytes (367001600)
2024-06-19 08:12:27,576 [INFO] IPUIPlugin:80 - create IPUIPlugin
2024-06-19 08:12:27,576 [INFO] IPUIPlugin:80 - create IPUIPlugin
2024-06-19 08:12:27,576 [INFO] IPUIPlugin:80 - create IPUIPlugin
2024-06-19 08:12:27,576 [INFO] IPUIPlugin:80 - create IPUIPlugin
2024-06-19 08:12:27,576 [INFO] IPUIPlugin:80 - create IPUIPlugin
2024-06-19 08:12:27,576 [INFO] IPUIPlugin:80 - create IPUIPlugin
2024-06-19 08:12:27,577 [INFO] IPUIPlugin:80 - create IPUIPlugin
2024-06-19 08:12:27,577 [INFO] IPUIPlugin:80 - create IPUIPlugin
2024-06-19 08:12:27,577 [INFO] IPUIPlugin:80 - create IPUIPlugin
2024-06-19 08:12:27,577 [INFO] IPUIPlugin:80 - create IPUIPlugin
2024-06-19 08:12:27,577 [INFO] IPUIPlugin:80 - create IPUIPlugin
2024-06-19 08:12:27,577 [INFO] IPUIPlugin:80 - create IPUIPlugin
2024-06-19 08:12:27,577 [INFO] IPUIPlugin:80 - create IPUIPlugin
2024-06-19 08:12:27,577 [INFO] IPUIPlugin:80 - create IPUIPlugin
2024-06-19 08:12:27,577 [INFO] IPUIPlugin:80 - create IPUIPlugin
2024-06-19 08:12:27,577 [INFO] IPUIPlugin:80 - create IPUIPlugin
2024-06-19 08:12:27,577 [INFO] IPUIPlugin:80 - create IPUIPlugin
2024-06-19 08:12:27,578 [INFO] IPUIPlugin:80 - create IPUIPlugin
2024-06-19 08:12:27,578 [INFO] IPUIPlugin:80 - create IPUIPlugin
2024-06-19 08:12:27,578 [INFO] IPUIPlugin:80 - create IPUIPlugin
2024-06-19 08:12:27,578 [INFO] IPUIPlugin:80 - create IPUIPlugin
2024-06-19 08:12:27,578 [INFO] IPUIPlugin:80 - create IPUIPlugin
2024-06-19 08:12:27,578 [INFO] IPUIPlugin:80 - create IPUIPlugin
2024-06-19 08:12:27,578 [INFO] IPUIPlugin:80 - create IPUIPlugin
2024-06-19 08:12:27,578 [INFO] IPUIPlugin:80 - create IPUIPlugin
2024-06-19 08:12:27,578 [INFO] IPUIPlugin:80 - create IPUIPlugin
2024-06-19 08:12:27,578 [INFO] IPUIPlugin:80 - create IPUIPlugin
2024-06-19 08:12:27,579 [INFO] IPUIPlugin:80 - create IPUIPlugin
2024-06-19 08:12:27,579 [INFO] IPUIPlugin:80 - create IPUIPlugin
2024-06-19 08:12:27,579 [INFO] IPUIPlugin:80 - create IPUIPlugin
2024-06-19 08:12:27,579 [INFO] IPUIPlugin:80 - create IPUIPlugin
2024-06-19 08:12:27,579 [INFO] IPUIPlugin:80 - create IPUIPlugin
2024-06-19 08:12:27,579 [INFO] IPUIPlugin:80 - create IPUIPlugin
2024-06-19 08:12:27,580 [INFO] IPUIPlugin:80 - create IPUIPlugin
2024-06-19 08:12:27,580 [INFO] IPUIPlugin:80 - create IPUIPlugin
2024-06-19 08:12:27,581 [INFO] IPUIPlugin:80 - create IPUIPlugin
2024-06-19 08:12:27,583 [INFO] IPUIPlugin:80 - create IPUIPlugin
2024-06-19 08:12:27,584 [INFO] IPUIPlugin:80 - create IPUIPlugin
2024-06-19 08:12:27,584 [INFO] IPUIPlugin:80 - create IPUIPlugin
2024-06-19 08:12:27,584 [INFO] IPUIPlugin:80 - create IPUIPlugin
2024-06-19 08:12:27,584 [INFO] IPUIPlugin:80 - create IPUIPlugin
2024-06-19 08:12:27,584 [INFO] IPUIPlugin:80 - create IPUIPlugin
2024-06-19 08:12:27,585 [INFO] IPUIPlugin:80 - create IPUIPlugin
2024-06-19 08:12:27,585 [INFO] IPUIPlugin:80 - create IPUIPlugin
2024-06-19 08:12:27,585 [INFO] IPUIPlugin:80 - create IPUIPlugin
2024-06-19 08:12:27,585 [INFO] IPUIPlugin:80 - create IPUIPlugin
2024-06-19 08:12:27,586 [INFO] IPUIPlugin:80 - create IPUIPlugin
2024-06-19 08:12:27,586 [INFO] IPUIPlugin:80 - create IPUIPlugin
2024-06-19 08:12:27,586 [INFO] IPUIPlugin:80 - create IPUIPlugin
2024-06-19 08:12:27,586 [INFO] IPUIPlugin:80 - create IPUIPlugin
2024-06-19 08:12:27,586 [INFO] IPUIPlugin:80 - create IPUIPlugin
2024-06-19 08:12:27,586 [INFO] IPUIPlugin:80 - create IPUIPlugin
2024-06-19 08:12:27,586 [INFO] IPUIPlugin:80 - create IPUIPlugin
2024-06-19 08:12:27,588 [INFO] IPUIPlugin:80 - create IPUIPlugin
2024-06-19 08:12:27,588 [INFO] IPUIPlugin:80 - create IPUIPlugin
2024-06-19 08:12:27,588 [INFO] IPUIPlugin:80 - create IPUIPlugin
2024-06-19 08:12:27,588 [INFO] IPUIPlugin:80 - create IPUIPlugin
2024-06-19 08:12:27,589 [INFO] IPUIPlugin:80 - create IPUIPlugin
2024-06-19 08:12:27,589 [INFO] IPUIPlugin:80 - create IPUIPlugin
2024-06-19 08:12:27,589 [INFO] IPUIPlugin:80 - create IPUIPlugin
2024-06-19 08:12:27,590 [INFO] IPUIPlugin:80 - create IPUIPlugin
2024-06-19 08:12:27,590 [INFO] IPUIPlugin:80 - create IPUIPlugin
2024-06-19 08:12:27,590 [INFO] IPUIPlugin:80 - create IPUIPlugin
2024-06-19 08:12:27,590 [INFO] IPUIPlugin:80 - create IPUIPlugin
2024-06-19 08:12:27,590 [INFO] IPUIPlugin:80 - create IPUIPlugin
2024-06-19 08:12:27,590 [INFO] IPUIPlugin:80 - create IPUIPlugin
2024-06-19 08:12:27,591 [INFO] IPUIPlugin:80 - create IPUIPlugin
2024-06-19 08:12:27,591 [INFO] IPUIPlugin:80 - create IPUIPlugin
2024-06-19 08:12:27,591 [INFO] IPUIPlugin:80 - create IPUIPlugin
2024-06-19 08:12:27,592 [INFO] IPUIPlugin:80 - create IPUIPlugin
2024-06-19 08:12:27,592 [INFO] IPUIPlugin:80 - create IPUIPlugin
2024-06-19 08:12:27,592 [INFO] IPUIPlugin:80 - create IPUIPlugin
2024-06-19 08:12:27,593 [INFO] IPUIPlugin:80 - create IPUIPlugin
2024-06-19 08:12:27,593 [INFO] IPUIPlugin:80 - create IPUIPlugin
2024-06-19 08:12:27,593 [INFO] IPUIPlugin:80 - create IPUIPlugin
2024-06-19 08:12:27,593 [INFO] IPUIPlugin:80 - create IPUIPlugin
2024-06-19 08:12:27,594 [INFO] IPUIPlugin:80 - create IPUIPlugin
2024-06-19 08:12:27,594 [INFO] IPUIPlugin:80 - create IPUIPlugin
2024-06-19 08:12:27,594 [INFO] IPUIPlugin:80 - create IPUIPlugin
2024-06-19 08:12:27,763 [INFO] ApiDbMcu:508 - Load IP Config File for PDM2PCM
2024-06-19 08:12:28,001 [INFO] CADModel:165 - CPN selected for project levelSTM32F767ZIT6
2024-06-19 08:12:28,002 [INFO] CADModel:114 - Register for checkConnection events
2024-06-19 08:12:28,052 [INFO] OpenFileManager:343 - Restore cursor
2024-06-19 08:20:58,618 [INFO] UtilMem:75 - End SaveConfig() Used Memory: 323744880 Bytes (985661440)
2024-06-19 08:20:58,691 [INFO] UtilMem:75 - End SaveConfig() Used Memory: 352409744 Bytes (985661440)
2024-06-19 08:20:59,263 [INFO] UtilMem:75 - End SaveConfig() Used Memory: 394875024 Bytes (985661440)
2024-06-19 08:20:59,726 [INFO] BlockDiagram:2759 - set Specific Code input for plugin: SYS
2024-06-19 08:20:59,726 [INFO] BlockDiagram:2759 - set Specific Code input for plugin: RCC
2024-06-19 08:20:59,726 [INFO] BlockDiagram:2759 - set Specific Code input for plugin: SDMMC
2024-06-19 08:20:59,726 [INFO] BlockDiagram:2759 - set Specific Code input for plugin: NVIC
2024-06-19 08:20:59,728 [INFO] BlockDiagram:2759 - set Specific Code input for plugin: GPIO
2024-06-19 08:20:59,729 [INFO] CodeGenerator:807 - code generatio: config db path: C:\ST\STM32CubeIDE_1.11.2\STM32CubeIDE\plugins\com.st.stm32cube.common.mx_6.11.1.202404110753\\db\
2024-06-19 08:20:59,965 [INFO] CodeEngine:255 - oldGeneratedFile, C:\Users\bakra\Desktop\STM32F767ZI\sd_card\MXTmpFiles\license.tmp_save
2024-06-19 08:21:00,296 [INFO] CodeEngine:279 - Generated code: C:\Users\bakra\Desktop\STM32F767ZI\sd_card\MXTmpFiles\license.tmp
2024-06-19 08:21:00,456 [INFO] CodeEngine:255 - oldGeneratedFile, C:\Users\bakra\Desktop\STM32F767ZI\sd_card\MXTmpFiles\gpio.tmp_save
2024-06-19 08:21:00,622 [INFO] CodeEngine:279 - Generated code: C:\Users\bakra\Desktop\STM32F767ZI\sd_card\MXTmpFiles\gpio.tmp
2024-06-19 08:21:00,916 [INFO] CodeEngine:255 - oldGeneratedFile, C:\Users\bakra\Desktop\STM32F767ZI\sd_card\MXTmpFiles\cortex.tmp_save
2024-06-19 08:21:01,042 [INFO] CodeEngine:279 - Generated code: C:\Users\bakra\Desktop\STM32F767ZI\sd_card\MXTmpFiles\cortex.tmp
2024-06-19 08:21:01,088 [INFO] CodeEngine:255 - oldGeneratedFile, C:\Users\bakra\Desktop\STM32F767ZI\sd_card\Core\Src\stm32f7xx_it.c_save
2024-06-19 08:21:01,232 [INFO] CodeEngine:279 - Generated code: C:\Users\bakra\Desktop\STM32F767ZI\sd_card\Core\Src\stm32f7xx_it.c
2024-06-19 08:21:01,257 [INFO] CodeEngine:255 - oldGeneratedFile, C:\Users\bakra\Desktop\STM32F767ZI\sd_card\Core\Inc\stm32f7xx_it.h_save
2024-06-19 08:21:01,350 [INFO] CodeEngine:279 - Generated code: C:\Users\bakra\Desktop\STM32F767ZI\sd_card\Core\Inc\stm32f7xx_it.h
2024-06-19 08:21:01,433 [INFO] CodeEngine:255 - oldGeneratedFile, C:\Users\bakra\Desktop\STM32F767ZI\sd_card\Core\Src\stm32f7xx_hal_msp.c_save
2024-06-19 08:21:01,581 [INFO] CodeEngine:279 - Generated code: C:\Users\bakra\Desktop\STM32F767ZI\sd_card\Core\Src\stm32f7xx_hal_msp.c
2024-06-19 08:21:01,593 [INFO] CodeEngine:255 - oldGeneratedFile, C:\Users\bakra\Desktop\STM32F767ZI\sd_card\MXTmpFiles\system.tmp_save
2024-06-19 08:21:01,654 [INFO] CodeEngine:279 - Generated code: C:\Users\bakra\Desktop\STM32F767ZI\sd_card\MXTmpFiles\system.tmp
2024-06-19 08:21:01,676 [INFO] CodeEngine:311 - oldGeneratedFile, C:\Users\bakra\Desktop\STM32F767ZI\sd_card\Core\Inc\stm32f7xx_hal_conf.h_save
2024-06-19 08:21:01,769 [INFO] CodeEngine:335 - Generated code: C:\Users\bakra\Desktop\STM32F767ZI\sd_card\Core\Inc\stm32f7xx_hal_conf.h
2024-06-19 08:21:01,836 [INFO] CodeEngine:255 - oldGeneratedFile, C:\Users\bakra\Desktop\STM32F767ZI\sd_card\Core\Inc\main.h_save
2024-06-19 08:21:01,926 [INFO] CodeEngine:279 - Generated code: C:\Users\bakra\Desktop\STM32F767ZI\sd_card\Core\Inc\main.h
2024-06-19 08:21:01,948 [INFO] CodeEngine:255 - oldGeneratedFile, C:\Users\bakra\Desktop\STM32F767ZI\sd_card\Core\Src\main.c_save
2024-06-19 08:21:02,091 [INFO] CodeEngine:279 - Generated code: C:\Users\bakra\Desktop\STM32F767ZI\sd_card\Core\Src\main.c
2024-06-19 08:21:02,466 [INFO] ProjectBuilder:3163 - Time for Copy HAL[1] : 161mS.
2024-06-19 08:21:02,471 [INFO] ProjectBuilder:4736 - Project Generator version: 4.3.0-B58
2024-06-19 08:21:02,543 [INFO] ConfigFileManager:1503 - The Die is : DIE451
2024-06-19 08:21:02,555 [INFO] ApiDbMcu:508 - Load IP Config File for FATFS
2024-06-19 08:21:02,567 [INFO] ApiDbMcu:508 - Load IP Config File for FREERTOS
2024-06-19 08:21:02,577 [INFO] ApiDbMcu:508 - Load IP Config File for LIBJPEG
2024-06-19 08:21:02,589 [INFO] ApiDbMcu:508 - Load IP Config File for LWIP
2024-06-19 08:21:02,602 [INFO] ApiDbMcu:508 - Load IP Config File for MBEDTLS
2024-06-19 08:21:02,615 [INFO] ApiDbMcu:508 - Load IP Config File for USB_DEVICE
2024-06-19 08:21:02,625 [INFO] ApiDbMcu:508 - Load IP Config File for USB_HOST
2024-06-19 08:21:03,166 [INFO] LogOutputStream:77 - [STDOUT_REDIRECT] 
2024-06-19 08:21:04,710 [INFO] ProjectBuilder:5002 - Time for Generating toolchain IDE Files: 2238mS.
2024-06-19 08:21:04,710 [INFO] ProjectBuilder:3034 - Time for Copy CMSIS : 0mS.
2024-06-19 08:21:04,711 [INFO] ProjectBuilder:3034 - Time for Copy CMSIS : 0mS.
2024-06-19 15:13:00,930 [ERROR] LogOutputStream:75 - [STDERR_REDIRECT] 
