2024-12-17 20:16:34,919 [INFO] Activator:176 - 


2024-12-17 20:16:34,925 [INFO] Activator:177 - !SESSION log4j initialized
2024-12-17 20:16:42,595 [INFO] LogOutputStream:77 - [STDOUT_REDIRECT] 
2024-12-17 20:16:45,316 [INFO] ApplicationProperties:184 - Using Application install path: C:\ST\STM32CubeIDE_1.11.2\STM32CubeIDE\plugins\com.st.stm32cube.common.mx_6.13.0.202411220809
2024-12-17 20:16:45,333 [INFO] DbMcusXml:78 - Set database path to: C:\ST\STM32CubeIDE_1.11.2\STM32CubeIDE\plugins\com.st.stm32cube.common.mx_6.13.0.202411220809\\db\/mcu/
2024-12-17 20:16:45,333 [INFO] ApiDb:274 - Set plugin database path to: C:\ST\STM32CubeIDE_1.11.2\STM32CubeIDE\plugins\com.st.stm32cube.common.mx_6.13.0.202411220809\\db\/plugins/boardmanager/
2024-12-17 20:16:45,333 [WARN] ApiDb:259 - Overriding images path with different value:  => C:\ST\STM32CubeIDE_1.11.2\STM32CubeIDE\plugins\com.st.stm32cube.common.mx_6.13.0.202411220809\\db\/plugins/mcufinder/images/
2024-12-17 20:16:45,345 [INFO] ApiDb:250 - Set database path to: C:\Users\bakra\.stmcufinder\plugins\mcufinder//mcu/
2024-12-17 20:16:45,346 [INFO] DbMcusAds:125 - Set database path to: C:\Users\bakra\.stmcufinder\plugins\mcufinder//mcu/
2024-12-17 20:16:45,349 [INFO] CrossReferenceDbSqlite:203 - Set database path to: C:\Users\bakra\.stmcufinder\plugins\mcufinder//mcu/cs/
2024-12-17 20:16:45,544 [INFO] RulesReader:64 - Compatibility file has been processed (297 Rules)
2024-12-17 20:16:45,678 [INFO] DbMcusXml:78 - Set database path to: C:\ST\STM32CubeIDE_1.11.2\STM32CubeIDE\plugins\com.st.stm32cube.common.mx_6.13.0.202411220809\\db\/mcu/
2024-12-17 20:16:45,678 [INFO] ApiDb:274 - Set plugin database path to: C:\ST\STM32CubeIDE_1.11.2\STM32CubeIDE\plugins\com.st.stm32cube.common.mx_6.13.0.202411220809\\db\/plugins/boardmanager/
2024-12-17 20:16:45,678 [INFO] ApiDb:261 - Set plugin images path to: C:\ST\STM32CubeIDE_1.11.2\STM32CubeIDE\plugins\com.st.stm32cube.common.mx_6.13.0.202411220809\\db\/plugins/mcufinder/images/
2024-12-17 20:16:45,678 [WARN] DbFile:41 - Overriding database path with different value: C:\Users\bakra\.stmcufinder\plugins\mcufinder/ => C:\Users\bakra\.stmcufinder\plugins\mcufinder
2024-12-17 20:16:45,679 [INFO] ApiDb:250 - Set database path to: C:\Users\bakra\.stmcufinder\plugins\mcufinder//mcu/
2024-12-17 20:16:45,679 [WARN] DbFile:41 - Overriding database path with different value: C:\Users\bakra\.stmcufinder\plugins\mcufinder/ => C:\Users\bakra\.stmcufinder\plugins\mcufinder
2024-12-17 20:16:45,679 [INFO] DbMcusAds:125 - Set database path to: C:\Users\bakra\.stmcufinder\plugins\mcufinder//mcu/
2024-12-17 20:16:45,679 [WARN] DbFile:41 - Overriding database path with different value: C:\Users\bakra\.stmcufinder\plugins\mcufinder/ => C:\Users\bakra\.stmcufinder\plugins\mcufinder
2024-12-17 20:16:45,679 [WARN] DbFile:41 - Overriding database path with different value: C:\Users\bakra\.stmcufinder\plugins\mcufinder/ => C:\Users\bakra\.stmcufinder\plugins\mcufinder
2024-12-17 20:16:45,679 [INFO] CrossReferenceDbSqlite:203 - Set database path to: C:\Users\bakra\.stmcufinder\plugins\mcufinder//mcu/cs/
2024-12-17 20:16:45,770 [INFO] MainPanel:272 - HeapMemory: 268435456
2024-12-17 20:16:45,895 [INFO] DbMcusXml:78 - Set database path to: C:\ST\STM32CubeIDE_1.11.2\STM32CubeIDE\plugins\com.st.stm32cube.common.mx_6.13.0.202411220809\\db\/mcu/
2024-12-17 20:16:45,895 [INFO] ApiDb:274 - Set plugin database path to: C:\ST\STM32CubeIDE_1.11.2\STM32CubeIDE\plugins\com.st.stm32cube.common.mx_6.13.0.202411220809\\db\/plugins/boardmanager/
2024-12-17 20:16:45,895 [INFO] ApiDb:261 - Set plugin images path to: C:\ST\STM32CubeIDE_1.11.2\STM32CubeIDE\plugins\com.st.stm32cube.common.mx_6.13.0.202411220809\\db\/plugins/mcufinder/images/
2024-12-17 20:16:45,896 [WARN] DbFile:41 - Overriding database path with different value: C:\Users\bakra\.stmcufinder\plugins\mcufinder/ => C:\Users\bakra\.stmcufinder\plugins\mcufinder
2024-12-17 20:16:45,896 [INFO] ApiDb:250 - Set database path to: C:\Users\bakra\.stmcufinder\plugins\mcufinder//mcu/
2024-12-17 20:16:45,896 [WARN] DbFile:41 - Overriding database path with different value: C:\Users\bakra\.stmcufinder\plugins\mcufinder/ => C:\Users\bakra\.stmcufinder\plugins\mcufinder
2024-12-17 20:16:45,896 [INFO] DbMcusAds:125 - Set database path to: C:\Users\bakra\.stmcufinder\plugins\mcufinder//mcu/
2024-12-17 20:16:45,896 [WARN] DbFile:41 - Overriding database path with different value: C:\Users\bakra\.stmcufinder\plugins\mcufinder/ => C:\Users\bakra\.stmcufinder\plugins\mcufinder
2024-12-17 20:16:45,896 [WARN] DbFile:41 - Overriding database path with different value: C:\Users\bakra\.stmcufinder\plugins\mcufinder/ => C:\Users\bakra\.stmcufinder\plugins\mcufinder
2024-12-17 20:16:45,896 [INFO] CrossReferenceDbSqlite:203 - Set database path to: C:\Users\bakra\.stmcufinder\plugins\mcufinder//mcu/cs/
2024-12-17 20:16:45,917 [INFO] ApplicationProperties:184 - Using Application install path: C:\ST\STM32CubeIDE_1.11.2\STM32CubeIDE\plugins\com.st.stm32cube.common.mx_6.13.0.202411220809
2024-12-17 20:16:45,918 [INFO] PluginManage:196 - Search for loadable plugins [exclusion list=, ]
2024-12-17 20:16:45,919 [INFO] PluginManage:310 - Check plugin analytics
2024-12-17 20:16:46,090 [INFO] AnalyticsPlugin:253 - Accepted Software Licenses: 
2024-12-17 20:16:46,091 [INFO] AnalyticsPlugin:255 - Accepted CMSIS Pack Licenses: 
2024-12-17 20:16:46,091 [INFO] AnalyticsPlugin:257 - Accepted Firmware Licenses: 
2024-12-17 20:16:46,093 [INFO] PluginManage:359 - Loaded plugin analytics (category:tool,tabindex:-1)
2024-12-17 20:16:46,093 [INFO] PluginManage:310 - Check plugin cadmodel
2024-12-17 20:16:46,112 [INFO] CADModel:105 - Init CAD model plugin
2024-12-17 20:16:46,113 [INFO] PluginManage:359 - Loaded plugin cadmodel (category:power,tabindex:5)
2024-12-17 20:16:46,113 [INFO] PluginManage:310 - Check plugin clock
2024-12-17 20:16:46,138 [INFO] PluginManage:359 - Loaded plugin clock (category:base,tabindex:2)
2024-12-17 20:16:46,138 [INFO] PluginManage:310 - Check plugin ddr
2024-12-17 20:16:46,141 [INFO] PluginManage:359 - Loaded plugin ddr (category:tool,tabindex:6)
2024-12-17 20:16:46,142 [INFO] PluginManage:310 - Check plugin filemanager
2024-12-17 20:16:46,318 [INFO] PluginManage:359 - Loaded plugin filemanager (category:base,tabindex:10)
2024-12-17 20:16:46,318 [INFO] PluginManage:310 - Check plugin ipmanager
2024-12-17 20:16:46,324 [INFO] PluginManage:359 - Loaded plugin ipmanager (category:base,tabindex:5)
2024-12-17 20:16:46,324 [INFO] PluginManage:310 - Check plugin lpbam
2024-12-17 20:16:46,344 [INFO] PluginManage:359 - Loaded plugin lpbam (category:base,tabindex:0)
2024-12-17 20:16:46,344 [INFO] PluginManage:310 - Check plugin memorymap
2024-12-17 20:16:46,370 [INFO] PluginManage:359 - Loaded plugin memorymap (category:base,tabindex:4)
2024-12-17 20:16:46,371 [INFO] PluginManage:310 - Check plugin pinoutandconfiguration
2024-12-17 20:16:46,393 [INFO] PluginManage:359 - Loaded plugin pinoutandconfiguration (category:base,tabindex:1)
2024-12-17 20:16:46,393 [INFO] PluginManage:310 - Check plugin pinoutconfig
2024-12-17 20:16:46,498 [WARN] SupportedApi:132 - Cannot load RTOS API schema: s4s-elt-must-match.1: The content of 'definitions' must match (annotation?, (simpleType | complexType)?, (unique | key | keyref)*)). A problem was found starting at: attribute.
2024-12-17 20:16:46,633 [INFO] PluginManage:359 - Loaded plugin pinoutconfig (category:base,tabindex:0)
2024-12-17 20:16:46,633 [INFO] PluginManage:310 - Check plugin power
2024-12-17 20:16:46,659 [INFO] PluginManage:359 - Loaded plugin power (category:power,tabindex:4)
2024-12-17 20:16:46,659 [INFO] PluginManage:310 - Check plugin projectmanager
2024-12-17 20:16:46,672 [INFO] PluginManage:359 - Loaded plugin projectmanager (category:projectmanager,tabindex:4)
2024-12-17 20:16:46,672 [INFO] PluginManage:310 - Check plugin rif
2024-12-17 20:16:46,693 [INFO] PluginManage:359 - Loaded plugin rif (category:base,tabindex:3)
2024-12-17 20:16:46,693 [INFO] PluginManage:310 - Check plugin thirdparty
2024-12-17 20:16:46,989 [WARN] IntegrityCheckThread:84 - waiting for thirdparty lock release [integrity check]
2024-12-17 20:16:46,990 [INFO] PluginManage:359 - Loaded plugin thirdparty (category:base,tabindex:-1)
2024-12-17 20:16:46,990 [INFO] IntegrityCheckThread:86 - entering critical section [integrity check]
2024-12-17 20:16:46,990 [INFO] PluginManage:310 - Check plugin tools
2024-12-17 20:16:46,990 [INFO] ThirdPartyUpdaterWithRetryManager:70 - Updater plugin not ready yet. [1/15]
2024-12-17 20:16:47,033 [INFO] PluginManage:359 - Loaded plugin tools (category:base,tabindex:7)
2024-12-17 20:16:47,033 [INFO] PluginManage:310 - Check plugin tutovideos
2024-12-17 20:16:47,233 [INFO] PluginManage:359 - Loaded plugin tutovideos (category:base,tabindex:-1)
2024-12-17 20:16:47,234 [INFO] PluginManage:310 - Check plugin updater
2024-12-17 20:16:47,257 [INFO] PluginManage:359 - Loaded plugin updater (category:base,tabindex:12)
2024-12-17 20:16:47,257 [INFO] PluginManage:310 - Check plugin userauth
2024-12-17 20:16:47,262 [INFO] UserAuth:118 - Init User Auth plugin
2024-12-17 20:16:47,263 [INFO] PluginManage:359 - Loaded plugin userauth (category:base,tabindex:14)
2024-12-17 20:16:47,263 [INFO] PluginManage:283 - PluginManage : Loaded plugins [18]
2024-12-17 20:16:47,463 [INFO] PinOutPanel:1589 - setPackage(No Configuration,No Configuration)
2024-12-17 20:16:47,561 [INFO] CADModel:165 - CPN selected for project level
2024-12-17 20:16:47,561 [INFO] CADModel:114 - Register for checkConnection events
2024-12-17 20:16:47,606 [INFO] IPUIPlugin:80 - create IPUIPlugin
2024-12-17 20:16:47,606 [INFO] PluginManager:220 - loadIPPluginJar : add adc
2024-12-17 20:16:47,665 [INFO] IPUIPlugin:80 - create IPUIPlugin
2024-12-17 20:16:47,666 [INFO] PluginManager:220 - loadIPPluginJar : add aes
2024-12-17 20:16:47,724 [INFO] IPUIPlugin:80 - create IPUIPlugin
2024-12-17 20:16:47,724 [INFO] PluginManager:220 - loadIPPluginJar : add can
2024-12-17 20:16:47,762 [INFO] IPUIPlugin:80 - create IPUIPlugin
2024-12-17 20:16:47,762 [INFO] PluginManager:220 - loadIPPluginJar : add comp
2024-12-17 20:16:47,810 [INFO] IPUIPlugin:80 - create IPUIPlugin
2024-12-17 20:16:47,810 [INFO] PluginManager:220 - loadIPPluginJar : add cryp
2024-12-17 20:16:47,827 [INFO] IPUIPlugin:80 - create IPUIPlugin
2024-12-17 20:16:47,827 [INFO] PluginManager:220 - loadIPPluginJar : add ddr_ctrl_phy
2024-12-17 20:16:47,868 [INFO] IPUIPlugin:80 - create IPUIPlugin
2024-12-17 20:16:47,869 [INFO] PluginManager:220 - loadIPPluginJar : add dfsdm
2024-12-17 20:16:47,898 [INFO] IPUIPlugin:80 - create IPUIPlugin
2024-12-17 20:16:47,898 [INFO] PluginManager:220 - loadIPPluginJar : add dma
2024-12-17 20:16:47,947 [INFO] IPUIPlugin:80 - create IPUIPlugin
2024-12-17 20:16:47,947 [INFO] PluginManager:220 - loadIPPluginJar : add dma3
2024-12-17 20:16:47,995 [INFO] IPUIPlugin:80 - create IPUIPlugin
2024-12-17 20:16:47,996 [INFO] PluginManager:220 - loadIPPluginJar : add extmemmanager
2024-12-17 20:16:48,016 [INFO] IPUIPlugin:80 - create IPUIPlugin
2024-12-17 20:16:48,016 [INFO] PluginManager:220 - loadIPPluginJar : add fatfs
2024-12-17 20:16:48,060 [INFO] IPUIPlugin:80 - create IPUIPlugin
2024-12-17 20:16:48,060 [INFO] PluginManager:220 - loadIPPluginJar : add fmc
2024-12-17 20:16:48,076 [INFO] IPUIPlugin:80 - create IPUIPlugin
2024-12-17 20:16:48,076 [INFO] PluginManager:220 - loadIPPluginJar : add freertos
2024-12-17 20:16:48,098 [INFO] IPUIPlugin:80 - create IPUIPlugin
2024-12-17 20:16:48,098 [INFO] PluginManager:220 - loadIPPluginJar : add genericplugin
2024-12-17 20:16:48,206 [INFO] IPUIPlugin:80 - create IPUIPlugin
2024-12-17 20:16:48,206 [INFO] PluginManager:220 - loadIPPluginJar : add gfxmmu
2024-12-17 20:16:48,366 [INFO] IPUIPlugin:80 - create IPUIPlugin
2024-12-17 20:16:48,366 [INFO] PluginManager:220 - loadIPPluginJar : add gic
2024-12-17 20:16:48,383 [INFO] IPUIPlugin:80 - create IPUIPlugin
2024-12-17 20:16:48,384 [INFO] PluginManager:220 - loadIPPluginJar : add gpio
2024-12-17 20:16:48,500 [INFO] IPUIPlugin:80 - create IPUIPlugin
2024-12-17 20:16:48,500 [INFO] PluginManager:220 - loadIPPluginJar : add gtzc
2024-12-17 20:16:48,535 [INFO] IPUIPlugin:80 - create IPUIPlugin
2024-12-17 20:16:48,535 [INFO] PluginManager:220 - loadIPPluginJar : add hash
2024-12-17 20:16:48,589 [INFO] IPUIPlugin:80 - create IPUIPlugin
2024-12-17 20:16:48,589 [INFO] PluginManager:220 - loadIPPluginJar : add i2c
2024-12-17 20:16:48,630 [INFO] IPUIPlugin:80 - create IPUIPlugin
2024-12-17 20:16:48,630 [INFO] PluginManager:220 - loadIPPluginJar : add i2s
2024-12-17 20:16:48,672 [INFO] IPUIPlugin:80 - create IPUIPlugin
2024-12-17 20:16:48,672 [INFO] PluginManager:220 - loadIPPluginJar : add i3c
2024-12-17 20:16:48,777 [INFO] IPUIPlugin:80 - create IPUIPlugin
2024-12-17 20:16:48,777 [INFO] PluginManager:220 - loadIPPluginJar : add ipddr
2024-12-17 20:16:48,859 [INFO] IPUIPlugin:80 - create IPUIPlugin
2024-12-17 20:16:48,859 [INFO] PluginManager:220 - loadIPPluginJar : add linkedlist
2024-12-17 20:16:48,898 [INFO] IPUIPlugin:80 - create IPUIPlugin
2024-12-17 20:16:48,898 [INFO] PluginManager:220 - loadIPPluginJar : add lorawan
2024-12-17 20:16:48,945 [INFO] IPUIPlugin:80 - create IPUIPlugin
2024-12-17 20:16:48,945 [INFO] PluginManager:220 - loadIPPluginJar : add ltdc
2024-12-17 20:16:48,963 [INFO] IPUIPlugin:80 - create IPUIPlugin
2024-12-17 20:16:48,964 [INFO] PluginManager:220 - loadIPPluginJar : add mdma
2024-12-17 20:16:48,979 [INFO] IPUIPlugin:80 - create IPUIPlugin
2024-12-17 20:16:48,979 [INFO] PluginManager:220 - loadIPPluginJar : add nvic
2024-12-17 20:16:49,027 [INFO] IPUIPlugin:80 - create IPUIPlugin
2024-12-17 20:16:49,027 [INFO] PluginManager:220 - loadIPPluginJar : add opamp
2024-12-17 20:16:49,099 [INFO] IPUIPlugin:80 - create IPUIPlugin
2024-12-17 20:16:49,099 [INFO] PluginManager:220 - loadIPPluginJar : add openamp
2024-12-17 20:16:49,150 [INFO] IPUIPlugin:80 - create IPUIPlugin
2024-12-17 20:16:49,150 [INFO] PluginManager:220 - loadIPPluginJar : add pdm2pcm
2024-12-17 20:16:49,168 [INFO] IPUIPlugin:80 - create IPUIPlugin
2024-12-17 20:16:49,170 [INFO] PluginManager:220 - loadIPPluginJar : add plateformsettings
2024-12-17 20:16:49,198 [INFO] IPUIPlugin:80 - create IPUIPlugin
2024-12-17 20:16:49,198 [INFO] PluginManager:220 - loadIPPluginJar : add quadspi
2024-12-17 20:16:49,227 [INFO] IPUIPlugin:80 - create IPUIPlugin
2024-12-17 20:16:49,227 [INFO] PluginManager:220 - loadIPPluginJar : add radio
2024-12-17 20:16:49,242 [INFO] IPUIPlugin:80 - create IPUIPlugin
2024-12-17 20:16:49,242 [INFO] PluginManager:220 - loadIPPluginJar : add resmgrutility
2024-12-17 20:16:49,293 [INFO] IPUIPlugin:80 - create IPUIPlugin
2024-12-17 20:16:49,293 [INFO] PluginManager:220 - loadIPPluginJar : add sai
2024-12-17 20:16:49,339 [INFO] IPUIPlugin:80 - create IPUIPlugin
2024-12-17 20:16:49,339 [INFO] PluginManager:220 - loadIPPluginJar : add spi
2024-12-17 20:16:49,409 [INFO] IPUIPlugin:80 - create IPUIPlugin
2024-12-17 20:16:49,410 [INFO] PluginManager:220 - loadIPPluginJar : add stm32_wpan
2024-12-17 20:16:49,434 [INFO] IPUIPlugin:80 - create IPUIPlugin
2024-12-17 20:16:49,434 [INFO] PluginManager:220 - loadIPPluginJar : add tim
2024-12-17 20:16:49,493 [INFO] IPUIPlugin:80 - create IPUIPlugin
2024-12-17 20:16:49,493 [INFO] PluginManager:220 - loadIPPluginJar : add touchsensing
2024-12-17 20:16:49,516 [INFO] IPUIPlugin:80 - create IPUIPlugin
2024-12-17 20:16:49,516 [INFO] PluginManager:220 - loadIPPluginJar : add tracer_emb
2024-12-17 20:16:49,541 [INFO] IPUIPlugin:80 - create IPUIPlugin
2024-12-17 20:16:49,541 [INFO] PluginManager:220 - loadIPPluginJar : add ts
2024-12-17 20:16:49,564 [INFO] IPUIPlugin:80 - create IPUIPlugin
2024-12-17 20:16:49,564 [INFO] PluginManager:220 - loadIPPluginJar : add tsc
2024-12-17 20:16:49,587 [INFO] IPUIPlugin:80 - create IPUIPlugin
2024-12-17 20:16:49,587 [INFO] PluginManager:220 - loadIPPluginJar : add ucpd
2024-12-17 20:16:49,632 [INFO] IPUIPlugin:80 - create IPUIPlugin
2024-12-17 20:16:49,632 [INFO] PluginManager:220 - loadIPPluginJar : add usart
2024-12-17 20:16:49,672 [INFO] IPUIPlugin:80 - create IPUIPlugin
2024-12-17 20:16:49,672 [INFO] PluginManager:220 - loadIPPluginJar : add usbx
2024-12-17 20:16:49,792 [FATAL] Updater:351 - Updater called before beeing initialized
2024-12-17 20:16:49,814 [INFO] RulesReader:64 - Compatibility file has been processed (297 Rules)
2024-12-17 20:16:49,825 [INFO] RulesReader:64 - Compatibility file has been processed (297 Rules)
2024-12-17 20:16:49,834 [INFO] CADModel:165 - CPN selected for project level
2024-12-17 20:16:49,834 [INFO] CADModel:114 - Register for checkConnection events
2024-12-17 20:16:49,834 [FATAL] Updater:351 - Updater called before beeing initialized
2024-12-17 20:16:49,834 [ERROR] CADModel:125 - Updater not yet initialized, retry later 
2024-12-17 20:16:49,991 [INFO] ThirdPartyUpdaterWithRetryManager:70 - Updater plugin not ready yet. [2/15]
2024-12-17 20:16:50,020 [FATAL] Updater:351 - Updater called before beeing initialized
2024-12-17 20:16:50,022 [INFO] CADModel:165 - CPN selected for project level
2024-12-17 20:16:50,022 [INFO] CADModel:114 - Register for checkConnection events
2024-12-17 20:16:50,022 [FATAL] Updater:351 - Updater called before beeing initialized
2024-12-17 20:16:50,022 [ERROR] CADModel:125 - Updater not yet initialized, retry later 
2024-12-17 20:16:50,027 [FATAL] Updater:351 - Updater called before beeing initialized
2024-12-17 20:16:50,221 [FATAL] Updater:351 - Updater called before beeing initialized
2024-12-17 20:16:50,241 [INFO] DbMcusAds:53 - JSON generation date=Fri Sep 20 09:04:23 EDT 2024 (1726837463109)
2024-12-17 20:16:50,242 [FATAL] Updater:351 - Updater called before beeing initialized
2024-12-17 20:16:50,296 [WARN] DetailPanel:346 - Failed to get advertising image, set to default
2024-12-17 20:16:50,613 [FATAL] Updater:351 - Updater called before beeing initialized
2024-12-17 20:16:50,615 [FATAL] Updater:351 - Updater called before beeing initialized
2024-12-17 20:16:50,616 [FATAL] Updater:351 - Updater called before beeing initialized
2024-12-17 20:16:50,616 [WARN] DetailPanel:346 - Failed to get advertising image, set to default
2024-12-17 20:16:50,617 [FATAL] Updater:351 - Updater called before beeing initialized
2024-12-17 20:16:50,694 [ERROR] Updater:1198 - MainUpdater not yet initialized. External WinMGr cannot be set.
2024-12-17 20:16:50,709 [INFO] Updater:1134 - Updater Version found : 6.13.0
2024-12-17 20:16:50,732 [INFO] ApplicationProperties:184 - Using Application install path: C:\ST\STM32CubeIDE_1.11.2\STM32CubeIDE\plugins\com.st.stm32cube.common.mx_6.13.0.202411220809
2024-12-17 20:16:52,317 [ERROR] LogOutputStream:75 - [STDERR_REDIRECT] Dec 17, 2024 8:16:52 PM java.util.prefs.WindowsPreferences <init>
2024-12-17 20:16:52,318 [ERROR] LogOutputStream:75 - [STDERR_REDIRECT] WARNING: Could not open/create prefs root node Software\JavaSoft\Prefs at root 0xffffffff80000002. Windows RegCreateKeyEx(...) returned error code 5.
2024-12-17 20:16:52,318 [ERROR] LogOutputStream:75 - [STDERR_REDIRECT] 
2024-12-17 20:16:52,992 [FATAL] Updater:351 - Updater called before beeing initialized
2024-12-17 20:16:52,992 [ERROR] IntegrityCheckThread:130 - Cannot retrieve database content from updater: error 21
2024-12-17 20:16:52,992 [INFO] ThirdParty:978 - Integrity check success = false
2024-12-17 20:16:52,992 [INFO] IntegrityCheckThread:100 - exiting critical section [integrity check]
2024-12-17 20:16:52,993 [INFO] IntegrityCheckThread:103 - End integrity checks thread
2024-12-17 20:16:53,147 [INFO] MainUpdater:2872 - connection check result : 10
2024-12-17 20:16:53,147 [INFO] MainUpdater:3566 - Updater definition file requires update
2024-12-17 20:16:53,148 [INFO] MainUpdater:289 - Updater Check For Update Now.
2024-12-17 20:16:53,148 [INFO] MicroXplorer:498 - Change Database Version : DB.6.0.130
2024-12-17 20:16:53,166 [INFO] McuFinderGlobals:63 - Set McuFinder mode to 2 (CubeIDE integrated)
2024-12-17 20:16:53,174 [INFO] UserAuth:486 - Internet connection configuration mode: 1
2024-12-17 20:16:53,205 [INFO] JxBrowserEngine:152 - Initiate JxBrowser Engine with user profile folder
2024-12-17 20:16:53,379 [INFO] ServerAccessManage:473 - Download File updaters.zip
2024-12-17 20:16:53,568 [INFO] FileExtend:240 - Unzip File : updaters.zip
2024-12-17 20:16:53,568 [INFO] FileExtend:255 - Standard Zip Deflate
2024-12-17 20:16:54,696 [INFO] ServerAccessManage:473 - Download File PacksControlFlags.xml
2024-12-17 20:16:55,085 [INFO] ServerAccessManage:473 - Download File cubemx.pidx
2024-12-17 20:16:55,690 [ERROR] LogOutputStream:75 - [STDERR_REDIRECT] 
2024-12-17 20:16:55,693 [ERROR] LogOutputStream:75 - [STDERR_REDIRECT] 
