2025-01-31 07:47:21,306 [INFO] Activator:176 - 


2025-01-31 07:47:21,319 [INFO] Activator:177 - !SESSION log4j initialized
2025-01-31 07:47:27,497 [INFO] LogOutputStream:77 - [STDOUT_REDIRECT] 
2025-01-31 07:47:28,870 [INFO] ApplicationProperties:184 - Using Application install path: C:\ST\STM32CubeIDE_1.11.2\STM32CubeIDE\plugins\com.st.stm32cube.common.mx_6.13.0.202411220809
2025-01-31 07:47:28,882 [INFO] DbMcusXml:78 - Set database path to: C:\ST\STM32CubeIDE_1.11.2\STM32CubeIDE\plugins\com.st.stm32cube.common.mx_6.13.0.202411220809\\db\/mcu/
2025-01-31 07:47:28,882 [INFO] ApiDb:274 - Set plugin database path to: C:\ST\STM32CubeIDE_1.11.2\STM32CubeIDE\plugins\com.st.stm32cube.common.mx_6.13.0.202411220809\\db\/plugins/boardmanager/
2025-01-31 07:47:28,883 [WARN] ApiDb:259 - Overriding images path with different value:  => C:\ST\STM32CubeIDE_1.11.2\STM32CubeIDE\plugins\com.st.stm32cube.common.mx_6.13.0.202411220809\\db\/plugins/mcufinder/images/
2025-01-31 07:47:28,887 [INFO] ApiDb:250 - Set database path to: C:\Users\bakra\.stmcufinder\plugins\mcufinder//mcu/
2025-01-31 07:47:28,888 [INFO] DbMcusAds:125 - Set database path to: C:\Users\bakra\.stmcufinder\plugins\mcufinder//mcu/
2025-01-31 07:47:28,889 [INFO] CrossReferenceDbSqlite:203 - Set database path to: C:\Users\bakra\.stmcufinder\plugins\mcufinder//mcu/cs/
2025-01-31 07:47:28,978 [INFO] RulesReader:64 - Compatibility file has been processed (297 Rules)
2025-01-31 07:47:29,051 [INFO] DbMcusXml:78 - Set database path to: C:\ST\STM32CubeIDE_1.11.2\STM32CubeIDE\plugins\com.st.stm32cube.common.mx_6.13.0.202411220809\\db\/mcu/
2025-01-31 07:47:29,051 [INFO] ApiDb:274 - Set plugin database path to: C:\ST\STM32CubeIDE_1.11.2\STM32CubeIDE\plugins\com.st.stm32cube.common.mx_6.13.0.202411220809\\db\/plugins/boardmanager/
2025-01-31 07:47:29,051 [INFO] ApiDb:261 - Set plugin images path to: C:\ST\STM32CubeIDE_1.11.2\STM32CubeIDE\plugins\com.st.stm32cube.common.mx_6.13.0.202411220809\\db\/plugins/mcufinder/images/
2025-01-31 07:47:29,051 [WARN] DbFile:41 - Overriding database path with different value: C:\Users\bakra\.stmcufinder\plugins\mcufinder/ => C:\Users\bakra\.stmcufinder\plugins\mcufinder
2025-01-31 07:47:29,051 [INFO] ApiDb:250 - Set database path to: C:\Users\bakra\.stmcufinder\plugins\mcufinder//mcu/
2025-01-31 07:47:29,051 [WARN] DbFile:41 - Overriding database path with different value: C:\Users\bakra\.stmcufinder\plugins\mcufinder/ => C:\Users\bakra\.stmcufinder\plugins\mcufinder
2025-01-31 07:47:29,051 [INFO] DbMcusAds:125 - Set database path to: C:\Users\bakra\.stmcufinder\plugins\mcufinder//mcu/
2025-01-31 07:47:29,051 [WARN] DbFile:41 - Overriding database path with different value: C:\Users\bakra\.stmcufinder\plugins\mcufinder/ => C:\Users\bakra\.stmcufinder\plugins\mcufinder
2025-01-31 07:47:29,051 [WARN] DbFile:41 - Overriding database path with different value: C:\Users\bakra\.stmcufinder\plugins\mcufinder/ => C:\Users\bakra\.stmcufinder\plugins\mcufinder
2025-01-31 07:47:29,051 [INFO] CrossReferenceDbSqlite:203 - Set database path to: C:\Users\bakra\.stmcufinder\plugins\mcufinder//mcu/cs/
2025-01-31 07:47:29,110 [INFO] MainPanel:272 - HeapMemory: 268435456
2025-01-31 07:47:29,172 [INFO] DbMcusXml:78 - Set database path to: C:\ST\STM32CubeIDE_1.11.2\STM32CubeIDE\plugins\com.st.stm32cube.common.mx_6.13.0.202411220809\\db\/mcu/
2025-01-31 07:47:29,172 [INFO] ApiDb:274 - Set plugin database path to: C:\ST\STM32CubeIDE_1.11.2\STM32CubeIDE\plugins\com.st.stm32cube.common.mx_6.13.0.202411220809\\db\/plugins/boardmanager/
2025-01-31 07:47:29,172 [INFO] ApiDb:261 - Set plugin images path to: C:\ST\STM32CubeIDE_1.11.2\STM32CubeIDE\plugins\com.st.stm32cube.common.mx_6.13.0.202411220809\\db\/plugins/mcufinder/images/
2025-01-31 07:47:29,173 [WARN] DbFile:41 - Overriding database path with different value: C:\Users\bakra\.stmcufinder\plugins\mcufinder/ => C:\Users\bakra\.stmcufinder\plugins\mcufinder
2025-01-31 07:47:29,173 [INFO] ApiDb:250 - Set database path to: C:\Users\bakra\.stmcufinder\plugins\mcufinder//mcu/
2025-01-31 07:47:29,173 [WARN] DbFile:41 - Overriding database path with different value: C:\Users\bakra\.stmcufinder\plugins\mcufinder/ => C:\Users\bakra\.stmcufinder\plugins\mcufinder
2025-01-31 07:47:29,173 [INFO] DbMcusAds:125 - Set database path to: C:\Users\bakra\.stmcufinder\plugins\mcufinder//mcu/
2025-01-31 07:47:29,173 [WARN] DbFile:41 - Overriding database path with different value: C:\Users\bakra\.stmcufinder\plugins\mcufinder/ => C:\Users\bakra\.stmcufinder\plugins\mcufinder
2025-01-31 07:47:29,173 [WARN] DbFile:41 - Overriding database path with different value: C:\Users\bakra\.stmcufinder\plugins\mcufinder/ => C:\Users\bakra\.stmcufinder\plugins\mcufinder
2025-01-31 07:47:29,173 [INFO] CrossReferenceDbSqlite:203 - Set database path to: C:\Users\bakra\.stmcufinder\plugins\mcufinder//mcu/cs/
2025-01-31 07:47:29,188 [INFO] ApplicationProperties:184 - Using Application install path: C:\ST\STM32CubeIDE_1.11.2\STM32CubeIDE\plugins\com.st.stm32cube.common.mx_6.13.0.202411220809
2025-01-31 07:47:29,189 [INFO] PluginManage:196 - Search for loadable plugins [exclusion list=, ]
2025-01-31 07:47:29,189 [INFO] PluginManage:310 - Check plugin analytics
2025-01-31 07:47:29,309 [INFO] AnalyticsPlugin:253 - Accepted Software Licenses: 
2025-01-31 07:47:29,309 [INFO] AnalyticsPlugin:255 - Accepted CMSIS Pack Licenses: 
2025-01-31 07:47:29,309 [INFO] AnalyticsPlugin:257 - Accepted Firmware Licenses: 
2025-01-31 07:47:29,311 [INFO] PluginManage:359 - Loaded plugin analytics (category:tool,tabindex:-1)
2025-01-31 07:47:29,311 [INFO] PluginManage:310 - Check plugin cadmodel
2025-01-31 07:47:29,326 [INFO] CADModel:105 - Init CAD model plugin
2025-01-31 07:47:29,326 [INFO] PluginManage:359 - Loaded plugin cadmodel (category:power,tabindex:5)
2025-01-31 07:47:29,326 [INFO] PluginManage:310 - Check plugin clock
2025-01-31 07:47:29,343 [INFO] PluginManage:359 - Loaded plugin clock (category:base,tabindex:2)
2025-01-31 07:47:29,343 [INFO] PluginManage:310 - Check plugin ddr
2025-01-31 07:47:29,345 [INFO] PluginManage:359 - Loaded plugin ddr (category:tool,tabindex:6)
2025-01-31 07:47:29,345 [INFO] PluginManage:310 - Check plugin filemanager
2025-01-31 07:47:29,448 [INFO] PluginManage:359 - Loaded plugin filemanager (category:base,tabindex:10)
2025-01-31 07:47:29,449 [INFO] PluginManage:310 - Check plugin ipmanager
2025-01-31 07:47:29,454 [INFO] PluginManage:359 - Loaded plugin ipmanager (category:base,tabindex:5)
2025-01-31 07:47:29,455 [INFO] PluginManage:310 - Check plugin lpbam
2025-01-31 07:47:29,472 [INFO] PluginManage:359 - Loaded plugin lpbam (category:base,tabindex:0)
2025-01-31 07:47:29,473 [INFO] PluginManage:310 - Check plugin memorymap
2025-01-31 07:47:29,491 [INFO] PluginManage:359 - Loaded plugin memorymap (category:base,tabindex:4)
2025-01-31 07:47:29,491 [INFO] PluginManage:310 - Check plugin pinoutandconfiguration
2025-01-31 07:47:29,507 [INFO] PluginManage:359 - Loaded plugin pinoutandconfiguration (category:base,tabindex:1)
2025-01-31 07:47:29,507 [INFO] PluginManage:310 - Check plugin pinoutconfig
2025-01-31 07:47:29,584 [WARN] SupportedApi:132 - Cannot load RTOS API schema: s4s-elt-must-match.1: The content of 'definitions' must match (annotation?, (simpleType | complexType)?, (unique | key | keyref)*)). A problem was found starting at: attribute.
2025-01-31 07:47:29,689 [INFO] PluginManage:359 - Loaded plugin pinoutconfig (category:base,tabindex:0)
2025-01-31 07:47:29,690 [INFO] PluginManage:310 - Check plugin power
2025-01-31 07:47:29,708 [INFO] PluginManage:359 - Loaded plugin power (category:power,tabindex:4)
2025-01-31 07:47:29,708 [INFO] PluginManage:310 - Check plugin projectmanager
2025-01-31 07:47:29,720 [INFO] PluginManage:359 - Loaded plugin projectmanager (category:projectmanager,tabindex:4)
2025-01-31 07:47:29,720 [INFO] PluginManage:310 - Check plugin rif
2025-01-31 07:47:29,736 [INFO] PluginManage:359 - Loaded plugin rif (category:base,tabindex:3)
2025-01-31 07:47:29,736 [INFO] PluginManage:310 - Check plugin thirdparty
2025-01-31 07:47:29,978 [INFO] PluginManage:359 - Loaded plugin thirdparty (category:base,tabindex:-1)
2025-01-31 07:47:29,978 [WARN] IntegrityCheckThread:84 - waiting for thirdparty lock release [integrity check]
2025-01-31 07:47:29,978 [INFO] IntegrityCheckThread:86 - entering critical section [integrity check]
2025-01-31 07:47:29,978 [INFO] PluginManage:310 - Check plugin tools
2025-01-31 07:47:29,979 [INFO] ThirdPartyUpdaterWithRetryManager:70 - Updater plugin not ready yet. [1/15]
2025-01-31 07:47:30,012 [INFO] PluginManage:359 - Loaded plugin tools (category:base,tabindex:7)
2025-01-31 07:47:30,012 [INFO] PluginManage:310 - Check plugin tutovideos
2025-01-31 07:47:30,147 [INFO] PluginManage:359 - Loaded plugin tutovideos (category:base,tabindex:-1)
2025-01-31 07:47:30,147 [INFO] PluginManage:310 - Check plugin updater
2025-01-31 07:47:30,164 [INFO] PluginManage:359 - Loaded plugin updater (category:base,tabindex:12)
2025-01-31 07:47:30,165 [INFO] PluginManage:310 - Check plugin userauth
2025-01-31 07:47:30,167 [INFO] UserAuth:118 - Init User Auth plugin
2025-01-31 07:47:30,168 [INFO] PluginManage:359 - Loaded plugin userauth (category:base,tabindex:14)
2025-01-31 07:47:30,168 [INFO] PluginManage:283 - PluginManage : Loaded plugins [18]
2025-01-31 07:47:30,326 [INFO] PinOutPanel:1589 - setPackage(No Configuration,No Configuration)
2025-01-31 07:47:30,394 [INFO] CADModel:165 - CPN selected for project level
2025-01-31 07:47:30,394 [INFO] CADModel:114 - Register for checkConnection events
2025-01-31 07:47:30,418 [INFO] IPUIPlugin:80 - create IPUIPlugin
2025-01-31 07:47:30,418 [INFO] PluginManager:220 - loadIPPluginJar : add adc
2025-01-31 07:47:30,461 [INFO] IPUIPlugin:80 - create IPUIPlugin
2025-01-31 07:47:30,461 [INFO] PluginManager:220 - loadIPPluginJar : add aes
2025-01-31 07:47:30,501 [INFO] IPUIPlugin:80 - create IPUIPlugin
2025-01-31 07:47:30,501 [INFO] PluginManager:220 - loadIPPluginJar : add can
2025-01-31 07:47:30,523 [INFO] IPUIPlugin:80 - create IPUIPlugin
2025-01-31 07:47:30,524 [INFO] PluginManager:220 - loadIPPluginJar : add comp
2025-01-31 07:47:30,551 [INFO] IPUIPlugin:80 - create IPUIPlugin
2025-01-31 07:47:30,551 [INFO] PluginManager:220 - loadIPPluginJar : add cryp
2025-01-31 07:47:30,562 [INFO] IPUIPlugin:80 - create IPUIPlugin
2025-01-31 07:47:30,562 [INFO] PluginManager:220 - loadIPPluginJar : add ddr_ctrl_phy
2025-01-31 07:47:30,587 [INFO] IPUIPlugin:80 - create IPUIPlugin
2025-01-31 07:47:30,587 [INFO] PluginManager:220 - loadIPPluginJar : add dfsdm
2025-01-31 07:47:30,600 [INFO] IPUIPlugin:80 - create IPUIPlugin
2025-01-31 07:47:30,600 [INFO] PluginManager:220 - loadIPPluginJar : add dma
2025-01-31 07:47:30,632 [INFO] IPUIPlugin:80 - create IPUIPlugin
2025-01-31 07:47:30,632 [INFO] PluginManager:220 - loadIPPluginJar : add dma3
2025-01-31 07:47:30,670 [INFO] IPUIPlugin:80 - create IPUIPlugin
2025-01-31 07:47:30,670 [INFO] PluginManager:220 - loadIPPluginJar : add extmemmanager
2025-01-31 07:47:30,689 [INFO] IPUIPlugin:80 - create IPUIPlugin
2025-01-31 07:47:30,689 [INFO] PluginManager:220 - loadIPPluginJar : add fatfs
2025-01-31 07:47:30,729 [INFO] IPUIPlugin:80 - create IPUIPlugin
2025-01-31 07:47:30,729 [INFO] PluginManager:220 - loadIPPluginJar : add fmc
2025-01-31 07:47:30,744 [INFO] IPUIPlugin:80 - create IPUIPlugin
2025-01-31 07:47:30,745 [INFO] PluginManager:220 - loadIPPluginJar : add freertos
2025-01-31 07:47:30,763 [INFO] IPUIPlugin:80 - create IPUIPlugin
2025-01-31 07:47:30,763 [INFO] PluginManager:220 - loadIPPluginJar : add genericplugin
2025-01-31 07:47:30,838 [INFO] IPUIPlugin:80 - create IPUIPlugin
2025-01-31 07:47:30,838 [INFO] PluginManager:220 - loadIPPluginJar : add gfxmmu
2025-01-31 07:47:30,938 [INFO] IPUIPlugin:80 - create IPUIPlugin
2025-01-31 07:47:30,938 [INFO] PluginManager:220 - loadIPPluginJar : add gic
2025-01-31 07:47:30,952 [INFO] IPUIPlugin:80 - create IPUIPlugin
2025-01-31 07:47:30,952 [INFO] PluginManager:220 - loadIPPluginJar : add gpio
2025-01-31 07:47:31,027 [INFO] IPUIPlugin:80 - create IPUIPlugin
2025-01-31 07:47:31,027 [INFO] PluginManager:220 - loadIPPluginJar : add gtzc
2025-01-31 07:47:31,054 [INFO] IPUIPlugin:80 - create IPUIPlugin
2025-01-31 07:47:31,054 [INFO] PluginManager:220 - loadIPPluginJar : add hash
2025-01-31 07:47:31,097 [INFO] IPUIPlugin:80 - create IPUIPlugin
2025-01-31 07:47:31,097 [INFO] PluginManager:220 - loadIPPluginJar : add i2c
2025-01-31 07:47:31,129 [INFO] IPUIPlugin:80 - create IPUIPlugin
2025-01-31 07:47:31,129 [INFO] PluginManager:220 - loadIPPluginJar : add i2s
2025-01-31 07:47:31,164 [INFO] IPUIPlugin:80 - create IPUIPlugin
2025-01-31 07:47:31,164 [INFO] PluginManager:220 - loadIPPluginJar : add i3c
2025-01-31 07:47:31,251 [INFO] IPUIPlugin:80 - create IPUIPlugin
2025-01-31 07:47:31,251 [INFO] PluginManager:220 - loadIPPluginJar : add ipddr
2025-01-31 07:47:31,322 [INFO] IPUIPlugin:80 - create IPUIPlugin
2025-01-31 07:47:31,322 [INFO] PluginManager:220 - loadIPPluginJar : add linkedlist
2025-01-31 07:47:31,353 [INFO] IPUIPlugin:80 - create IPUIPlugin
2025-01-31 07:47:31,353 [INFO] PluginManager:220 - loadIPPluginJar : add lorawan
2025-01-31 07:47:31,385 [INFO] IPUIPlugin:80 - create IPUIPlugin
2025-01-31 07:47:31,385 [INFO] PluginManager:220 - loadIPPluginJar : add ltdc
2025-01-31 07:47:31,397 [INFO] IPUIPlugin:80 - create IPUIPlugin
2025-01-31 07:47:31,397 [INFO] PluginManager:220 - loadIPPluginJar : add mdma
2025-01-31 07:47:31,409 [INFO] IPUIPlugin:80 - create IPUIPlugin
2025-01-31 07:47:31,409 [INFO] PluginManager:220 - loadIPPluginJar : add nvic
2025-01-31 07:47:31,440 [INFO] IPUIPlugin:80 - create IPUIPlugin
2025-01-31 07:47:31,440 [INFO] PluginManager:220 - loadIPPluginJar : add opamp
2025-01-31 07:47:31,488 [INFO] IPUIPlugin:80 - create IPUIPlugin
2025-01-31 07:47:31,488 [INFO] PluginManager:220 - loadIPPluginJar : add openamp
2025-01-31 07:47:31,524 [INFO] IPUIPlugin:80 - create IPUIPlugin
2025-01-31 07:47:31,524 [INFO] PluginManager:220 - loadIPPluginJar : add pdm2pcm
2025-01-31 07:47:31,538 [INFO] IPUIPlugin:80 - create IPUIPlugin
2025-01-31 07:47:31,540 [INFO] PluginManager:220 - loadIPPluginJar : add plateformsettings
2025-01-31 07:47:31,560 [INFO] IPUIPlugin:80 - create IPUIPlugin
2025-01-31 07:47:31,560 [INFO] PluginManager:220 - loadIPPluginJar : add quadspi
2025-01-31 07:47:31,582 [INFO] IPUIPlugin:80 - create IPUIPlugin
2025-01-31 07:47:31,583 [INFO] PluginManager:220 - loadIPPluginJar : add radio
2025-01-31 07:47:31,596 [INFO] IPUIPlugin:80 - create IPUIPlugin
2025-01-31 07:47:31,596 [INFO] PluginManager:220 - loadIPPluginJar : add resmgrutility
2025-01-31 07:47:31,635 [INFO] IPUIPlugin:80 - create IPUIPlugin
2025-01-31 07:47:31,635 [INFO] PluginManager:220 - loadIPPluginJar : add sai
2025-01-31 07:47:31,665 [INFO] IPUIPlugin:80 - create IPUIPlugin
2025-01-31 07:47:31,665 [INFO] PluginManager:220 - loadIPPluginJar : add spi
2025-01-31 07:47:31,724 [INFO] IPUIPlugin:80 - create IPUIPlugin
2025-01-31 07:47:31,724 [INFO] PluginManager:220 - loadIPPluginJar : add stm32_wpan
2025-01-31 07:47:31,746 [INFO] IPUIPlugin:80 - create IPUIPlugin
2025-01-31 07:47:31,746 [INFO] PluginManager:220 - loadIPPluginJar : add tim
2025-01-31 07:47:31,795 [INFO] IPUIPlugin:80 - create IPUIPlugin
2025-01-31 07:47:31,795 [INFO] PluginManager:220 - loadIPPluginJar : add touchsensing
2025-01-31 07:47:31,815 [INFO] IPUIPlugin:80 - create IPUIPlugin
2025-01-31 07:47:31,815 [INFO] PluginManager:220 - loadIPPluginJar : add tracer_emb
2025-01-31 07:47:31,835 [INFO] IPUIPlugin:80 - create IPUIPlugin
2025-01-31 07:47:31,835 [INFO] PluginManager:220 - loadIPPluginJar : add ts
2025-01-31 07:47:31,855 [INFO] IPUIPlugin:80 - create IPUIPlugin
2025-01-31 07:47:31,855 [INFO] PluginManager:220 - loadIPPluginJar : add tsc
2025-01-31 07:47:31,874 [INFO] IPUIPlugin:80 - create IPUIPlugin
2025-01-31 07:47:31,874 [INFO] PluginManager:220 - loadIPPluginJar : add ucpd
2025-01-31 07:47:31,912 [INFO] IPUIPlugin:80 - create IPUIPlugin
2025-01-31 07:47:31,913 [INFO] PluginManager:220 - loadIPPluginJar : add usart
2025-01-31 07:47:31,949 [INFO] IPUIPlugin:80 - create IPUIPlugin
2025-01-31 07:47:31,949 [INFO] PluginManager:220 - loadIPPluginJar : add usbx
2025-01-31 07:47:32,061 [FATAL] Updater:351 - Updater called before beeing initialized
2025-01-31 07:47:32,082 [INFO] RulesReader:64 - Compatibility file has been processed (297 Rules)
2025-01-31 07:47:32,091 [INFO] RulesReader:64 - Compatibility file has been processed (297 Rules)
2025-01-31 07:47:32,099 [INFO] CADModel:165 - CPN selected for project level
2025-01-31 07:47:32,099 [INFO] CADModel:114 - Register for checkConnection events
2025-01-31 07:47:32,099 [FATAL] Updater:351 - Updater called before beeing initialized
2025-01-31 07:47:32,099 [ERROR] CADModel:125 - Updater not yet initialized, retry later 
2025-01-31 07:47:32,214 [FATAL] Updater:351 - Updater called before beeing initialized
2025-01-31 07:47:32,215 [INFO] CADModel:165 - CPN selected for project level
2025-01-31 07:47:32,215 [INFO] CADModel:114 - Register for checkConnection events
2025-01-31 07:47:32,215 [FATAL] Updater:351 - Updater called before beeing initialized
2025-01-31 07:47:32,215 [ERROR] CADModel:125 - Updater not yet initialized, retry later 
2025-01-31 07:47:32,218 [FATAL] Updater:351 - Updater called before beeing initialized
2025-01-31 07:47:32,310 [FATAL] Updater:351 - Updater called before beeing initialized
2025-01-31 07:47:32,321 [INFO] DbMcusAds:53 - JSON generation date=Tue Dec 17 11:01:15 EST 2024 (1734451275111)
2025-01-31 07:47:32,321 [FATAL] Updater:351 - Updater called before beeing initialized
2025-01-31 07:47:32,348 [WARN] DetailPanel:346 - Failed to get advertising image, set to default
2025-01-31 07:47:32,556 [FATAL] Updater:351 - Updater called before beeing initialized
2025-01-31 07:47:32,558 [FATAL] Updater:351 - Updater called before beeing initialized
2025-01-31 07:47:32,558 [FATAL] Updater:351 - Updater called before beeing initialized
2025-01-31 07:47:32,558 [WARN] DetailPanel:346 - Failed to get advertising image, set to default
2025-01-31 07:47:32,559 [FATAL] Updater:351 - Updater called before beeing initialized
2025-01-31 07:47:32,608 [ERROR] Updater:1198 - MainUpdater not yet initialized. External WinMGr cannot be set.
2025-01-31 07:47:32,617 [INFO] Updater:1134 - Updater Version found : 6.13.0
2025-01-31 07:47:32,628 [INFO] ApplicationProperties:184 - Using Application install path: C:\ST\STM32CubeIDE_1.11.2\STM32CubeIDE\plugins\com.st.stm32cube.common.mx_6.13.0.202411220809
2025-01-31 07:47:32,980 [INFO] ThirdPartyUpdaterWithRetryManager:70 - Updater plugin not ready yet. [2/15]
2025-01-31 07:47:34,199 [ERROR] LogOutputStream:75 - [STDERR_REDIRECT] Jan 31, 2025 7:47:34 AM java.util.prefs.WindowsPreferences <init>
2025-01-31 07:47:34,200 [ERROR] LogOutputStream:75 - [STDERR_REDIRECT] WARNING: Could not open/create prefs root node Software\JavaSoft\Prefs at root 0xffffffff80000002. Windows RegCreateKeyEx(...) returned error code 5.
2025-01-31 07:47:34,200 [ERROR] LogOutputStream:75 - [STDERR_REDIRECT] 
2025-01-31 07:47:35,015 [INFO] MainUpdater:2872 - connection check result : 10
2025-01-31 07:47:35,015 [INFO] MainUpdater:289 - Updater Check For Update Now.
2025-01-31 07:47:35,016 [INFO] MicroXplorer:498 - Change Database Version : DB.6.0.130
2025-01-31 07:47:35,031 [INFO] McuFinderGlobals:63 - Set McuFinder mode to 2 (CubeIDE integrated)
2025-01-31 07:47:35,041 [INFO] UserAuth:486 - Internet connection configuration mode: 1
2025-01-31 07:47:35,067 [INFO] JxBrowserEngine:152 - Initiate JxBrowser Engine with user profile folder
2025-01-31 07:47:35,236 [INFO] CheckServerUpdateThread:120 - End of CheckServer Thread
2025-01-31 07:47:35,767 [INFO] WebApp:168 - Instantiating new browser for Auth
2025-01-31 07:47:36,205 [WARN] PackLoader:240 - Cannot read IP mode file for STMicroelectronics.FP-SNS-MOTENVWB1.1.4.0
2025-01-31 07:47:36,231 [WARN] PackLoader:240 - Cannot read IP mode file for STMicroelectronics.FP-ATR-ASTRA1.2.0.1
2025-01-31 07:47:36,254 [WARN] PackLoader:240 - Cannot read IP mode file for STMicroelectronics.X-CUBE-SMBUS.2.1.0
2025-01-31 07:47:36,284 [WARN] PackLoader:240 - Cannot read IP mode file for STMicroelectronics.X-CUBE-WB05N.1.1.0
2025-01-31 07:47:36,302 [WARN] PackLoader:240 - Cannot read IP mode file for STMicroelectronics.X-CUBE-TOUCHGFX.4.23.0
2025-01-31 07:47:36,316 [WARN] PackLoader:240 - Cannot read IP mode file for STMicroelectronics.X-CUBE-TOUCHGFX.4.23.2
2025-01-31 07:47:36,343 [INFO] WebApp:449 - Apply proxy settings
2025-01-31 07:47:36,343 [INFO] WebApp:534 - Chromium requires no authentication
2025-01-31 07:47:36,363 [WARN] PackLoader:240 - Cannot read IP mode file for STMicroelectronics.X-CUBE-AZRTOS-F7.1.1.0
2025-01-31 07:47:36,367 [INFO] WebApp:477 - Direct internet connection detected
2025-01-31 07:47:36,385 [ERROR] RealEvaluatedCondition:428 - Found unsupported composite condition: GROUP='STM32_MetaDataManager' CLASS='Data Exchange'
2025-01-31 07:47:36,385 [ERROR] RealEvaluatedCondition:428 - Found unsupported composite condition: GROUP='STM32_MetaDataManager' CLASS='Data Exchange'
2025-01-31 07:47:36,386 [WARN] PackLoader:240 - Cannot read IP mode file for STMicroelectronics.FP-SNS-MOTENV1.4.3.0
2025-01-31 07:47:36,407 [WARN] PackLoader:240 - Cannot read IP mode file for STMicroelectronics.FP-SNS-MOTENV1.4.3.2
2025-01-31 07:47:36,419 [INFO] WebApp:880 - Register for checkConnection events
2025-01-31 07:47:36,420 [INFO] WebApp:449 - Apply proxy settings
2025-01-31 07:47:36,420 [INFO] WebApp:534 - Chromium requires no authentication
2025-01-31 07:47:36,421 [INFO] WebApp:477 - Direct internet connection detected
2025-01-31 07:47:36,428 [WARN] PackLoader:240 - Cannot read IP mode file for STMicroelectronics.FP-SNS-FLIGHT1.5.0.0
2025-01-31 07:47:36,446 [ERROR] RealEvaluatedCondition:428 - Found unsupported composite condition: CLASS='Data Exchange' GROUP='STM32_MetaDataManager'
2025-01-31 07:47:36,446 [ERROR] RealEvaluatedCondition:428 - Found unsupported composite condition: GROUP='STM32_MetaDataManager' CLASS='Data Exchange'
2025-01-31 07:47:36,447 [WARN] PackLoader:240 - Cannot read IP mode file for STMicroelectronics.FP-SNS-MOTENV1.4.3.1
2025-01-31 07:47:36,464 [WARN] PackLoader:240 - Cannot read IP mode file for STMicroelectronics.FP-SNS-FLIGHT1.5.0.1
2025-01-31 07:47:36,529 [WARN] PackLoader:240 - Cannot read IP mode file for STMicroelectronics.X-CUBE-MEMS1.11.0.0
2025-01-31 07:47:36,652 [WARN] PackLoader:240 - Cannot read IP mode file for STMicroelectronics.X-CUBE-BLE1.6.2.4
2025-01-31 07:47:36,663 [INFO] WebApp:187 - Connection restablished
2025-01-31 07:47:36,671 [WARN] PackLoader:240 - Cannot read IP mode file for STMicroelectronics.FP-SNS-FLIGHT1.5.0.2
2025-01-31 07:47:36,697 [WARN] PackLoader:240 - Cannot read IP mode file for STMicroelectronics.X-CUBE-DISPLAY.3.0.0
2025-01-31 07:47:36,722 [WARN] PackLoader:240 - Cannot read IP mode file for STMicroelectronics.X-CUBE-BLE1.7.0.0
2025-01-31 07:47:36,743 [WARN] PackLoader:240 - Cannot read IP mode file for STMicroelectronics.X-CUBE-NFC10.1.0.0
2025-01-31 07:47:36,770 [WARN] PackLoader:240 - Cannot read IP mode file for STMicroelectronics.X-CUBE-BLEMGR.4.0.0
2025-01-31 07:47:36,791 [WARN] PackLoader:240 - Cannot read IP mode file for STMicroelectronics.X-CUBE-TOUCHGFX.4.22.0
2025-01-31 07:47:36,813 [WARN] PackLoader:240 - Cannot read IP mode file for STMicroelectronics.X-CUBE-TOUCHGFX.4.22.1
2025-01-31 07:47:36,836 [WARN] PackLoader:240 - Cannot read IP mode file for STMicroelectronics.X-CUBE-BLEMGR.3.1.0
2025-01-31 07:47:36,859 [WARN] PackLoader:240 - Cannot read IP mode file for STMicroelectronics.X-CUBE-AI.10.0.0
2025-01-31 07:47:36,876 [WARN] PackLoader:240 - Cannot read IP mode file for STMicroelectronics.FP-SNS-SMARTAG2.1.2.0
2025-01-31 07:47:36,899 [INFO] WebApp:221 - Starting web application
2025-01-31 07:47:36,900 [INFO] WebApp:579 - Web application path used C:\ST\STM32CubeIDE_1.11.2\STM32CubeIDE\plugins\com.st.stm32cube.common.mx_6.13.0.202411220809\db\plugins\mcufinder\reactClient1\index.html
2025-01-31 07:47:36,947 [WARN] PackLoader:240 - Cannot read IP mode file for STMicroelectronics.X-CUBE-MEMS1.11.1.0
2025-01-31 07:47:37,152 [INFO] LogOutputStream:77 - [STDOUT_REDIRECT] 1 : Invalid condition id : UX_CORESTACK_Condition cause : null
2025-01-31 07:47:37,154 [INFO] LogOutputStream:77 - [STDOUT_REDIRECT] 1 : Invalid condition id : UX_CORESTACK_Condition cause : null
2025-01-31 07:47:37,155 [INFO] LogOutputStream:77 - [STDOUT_REDIRECT] 1 : Invalid condition id : UX_CORESTACK_Condition cause : null
2025-01-31 07:47:37,157 [INFO] LogOutputStream:77 - [STDOUT_REDIRECT] 1 : Invalid condition id : UX_CORESTACK_Condition cause : null
2025-01-31 07:47:37,158 [INFO] LogOutputStream:77 - [STDOUT_REDIRECT] 1 : Invalid condition id : UX_CORESTACK_Condition cause : null
2025-01-31 07:47:37,163 [WARN] PackLoader:240 - Cannot read IP mode file for STMicroelectronics.X-CUBE-AZRTOS-WL.2.0.0
2025-01-31 07:47:37,168 [INFO] UserAuth:486 - Internet connection configuration mode: 1
2025-01-31 07:47:37,190 [WARN] PackLoader:240 - Cannot read IP mode file for STMicroelectronics.FP-SNS-MOTENV1.5.0.0
2025-01-31 07:47:37,215 [WARN] PackLoader:240 - Cannot read IP mode file for wolfSSL.I-CUBE-wolfMQTT.1.19.0
2025-01-31 07:47:37,240 [WARN] PackLoader:240 - Cannot read IP mode file for WES.I-CUBE-Cesium.1.3.0
2025-01-31 07:47:37,262 [WARN] PackLoader:240 - Cannot read IP mode file for STMicroelectronics.X-CUBE-BLE2.3.3.0
2025-01-31 07:47:37,281 [WARN] PackLoader:240 - Cannot read IP mode file for STMicroelectronics.X-CUBE-TOF1.3.2.0
2025-01-31 07:47:37,301 [WARN] PackLoader:240 - Cannot read IP mode file for STMicroelectronics.X-CUBE-NFC9.1.0.0
2025-01-31 07:47:37,319 [WARN] PackLoader:240 - Cannot read IP mode file for STMicroelectronics.X-CUBE-TCPP.4.1.0
2025-01-31 07:47:37,340 [WARN] PackLoader:240 - Cannot read IP mode file for STMicroelectronics.X-CUBE-TOUCHGFX.4.21.1
2025-01-31 07:47:37,362 [WARN] PackLoader:240 - Cannot read IP mode file for STMicroelectronics.X-CUBE-TOUCHGFX.4.21.3
2025-01-31 07:47:37,386 [WARN] PackLoader:240 - Cannot read IP mode file for STMicroelectronics.X-CUBE-TOUCHGFX.4.21.4
2025-01-31 07:47:37,406 [WARN] PackLoader:240 - Cannot read IP mode file for STMicroelectronics.X-CUBE-ALGOBUILD.1.3.0
2025-01-31 07:47:37,438 [WARN] PackLoader:240 - Cannot read IP mode file for STMicroelectronics.X-CUBE-AZRTOS-G0.1.1.0
2025-01-31 07:47:37,466 [WARN] PackLoader:240 - Cannot read IP mode file for STMicroelectronics.X-CUBE-SAFEA1.1.2.2
2025-01-31 07:47:37,484 [WARN] PackLoader:240 - Cannot read IP mode file for STMicroelectronics.X-CUBE-NFC4.3.0.0
2025-01-31 07:47:37,495 [WARN] PackLoader:240 - Cannot read IP mode file for wolfSSL.I-CUBE-wolfMQTT.1.18.0
2025-01-31 07:47:37,515 [WARN] PackLoader:240 - Cannot read IP mode file for EmbeddedOffice.I-CUBE-FS-RTOS.1.0.1
2025-01-31 07:47:37,532 [WARN] PackLoader:240 - Cannot read IP mode file for STMicroelectronics.X-CUBE-BLEMGR.3.0.0
2025-01-31 07:47:37,550 [WARN] PackLoader:240 - Cannot read IP mode file for STMicroelectronics.X-CUBE-BLEMGR.1.3.0
2025-01-31 07:47:37,571 [WARN] PackLoader:240 - Cannot read IP mode file for STMicroelectronics.X-CUBE-TCPP.4.2.0
2025-01-31 07:47:37,591 [WARN] PackLoader:240 - Cannot read IP mode file for RealThread.X-CUBE-RT-Thread_Nano.4.1.1
2025-01-31 07:47:37,607 [WARN] PackLoader:240 - Cannot read IP mode file for STMicroelectronics.FP-ATR-SIGFOX1.3.2.0
2025-01-31 07:47:37,623 [WARN] ConditionMgr:438 - getConditionDescription Invalid condition id : Cortex-A Device cause : null
2025-01-31 07:47:37,648 [WARN] ConditionMgr:1044 - genDependencies : Invalid condition id : Cortex-A Device cause : null
2025-01-31 07:47:37,648 [WARN] ConditionMgr:1044 - genDependencies : Invalid condition id : Cortex-A Device cause : null
2025-01-31 07:47:37,648 [WARN] ConditionMgr:1044 - genDependencies : Invalid condition id : Cortex-A Device cause : null
2025-01-31 07:47:37,666 [WARN] PackLoader:240 - Cannot read IP mode file for STMicroelectronics.X-CUBE-EEPRMA1.5.1.0
2025-01-31 07:47:37,712 [WARN] PackLoader:240 - Cannot read IP mode file for STMicroelectronics.X-CUBE-MEMS1.9.5.0
2025-01-31 07:47:37,803 [WARN] PackLoader:240 - Cannot read IP mode file for SEGGER.I-CUBE-embOS.1.3.1
2025-01-31 07:47:37,835 [WARN] PackLoader:240 - Cannot read IP mode file for STMicroelectronics.X-CUBE-ALGOBUILD.1.4.0
2025-01-31 07:47:37,849 [WARN] PackLoader:240 - Cannot read IP mode file for STMicroelectronics.X-CUBE-AI.9.1.0
2025-01-31 07:47:37,867 [WARN] PackLoader:240 - Cannot read IP mode file for STMicroelectronics.X-CUBE-GNSS1.6.0.0
2025-01-31 07:47:37,890 [WARN] PackLoader:240 - Cannot read IP mode file for STMicroelectronics.X-CUBE-AZRTOS-F4.1.1.0
2025-01-31 07:47:37,905 [WARN] PackLoader:240 - Cannot read IP mode file for STMicroelectronics.X-CUBE-ISPU.2.1.0
2025-01-31 07:47:37,917 [WARN] PackLoader:240 - Cannot read IP mode file for STMicroelectronics.X-CUBE-FREERTOS.1.2.0
2025-01-31 07:47:37,937 [WARN] PackLoader:240 - Cannot read IP mode file for STMicroelectronics.X-CUBE-AZRTOS-L5.2.0.0
2025-01-31 07:47:37,972 [WARN] PackLoader:240 - Cannot read IP mode file for STMicroelectronics.X-CUBE-MEMS1.9.6.0
2025-01-31 07:47:38,059 [WARN] PackLoader:240 - Cannot read IP mode file for STMicroelectronics.X-CUBE-EEPRMA1.4.2.0
2025-01-31 07:47:38,076 [WARN] PackLoader:240 - Cannot read IP mode file for STMicroelectronics.X-CUBE-NFC6.3.1.0
2025-01-31 07:47:38,089 [WARN] PackLoader:240 - Cannot read IP mode file for ITTIA_DB.I-CUBE-ITTIADB.8.8.0
2025-01-31 07:47:38,102 [WARN] PackLoader:240 - Cannot read IP mode file for emotas.I-CUBE-CANOPEN.1.1.3
2025-01-31 07:47:38,114 [WARN] PackLoader:240 - Cannot read IP mode file for STMicroelectronics.X-CUBE-BLEMGR.2.0.0
2025-01-31 07:47:38,126 [WARN] PackLoader:240 - Cannot read IP mode file for STMicroelectronics.X-CUBE-DPower.1.2.0
2025-01-31 07:47:38,138 [WARN] PackLoader:240 - Cannot read IP mode file for STMicroelectronics.X-CUBE-AI.9.0.0
2025-01-31 07:47:38,157 [WARN] ConditionMgr:438 - getConditionDescription Invalid condition id : UX DEVICE CLASS RTOS Condition cause : null
2025-01-31 07:47:38,157 [WARN] ConditionMgr:438 - getConditionDescription Invalid condition id : UX DEVICE CLASS RTOS Condition cause : null
2025-01-31 07:47:38,158 [WARN] PackLoader:240 - Cannot read IP mode file for STMicroelectronics.X-CUBE-AZRTOS-H7.3.1.0
2025-01-31 07:47:38,159 [WARN] ConditionMgr:1044 - genDependencies : Invalid condition id : UX DEVICE CLASS RTOS Condition cause : null
2025-01-31 07:47:38,159 [WARN] ConditionMgr:1044 - genDependencies : Invalid condition id : UX DEVICE CLASS RTOS Condition cause : null
2025-01-31 07:47:38,159 [WARN] ConditionMgr:1044 - genDependencies : Invalid condition id : UX DEVICE CLASS RTOS Condition cause : null
2025-01-31 07:47:38,159 [WARN] ConditionMgr:1044 - genDependencies : Invalid condition id : UX DEVICE CLASS RTOS Condition cause : null
2025-01-31 07:47:38,159 [WARN] ConditionMgr:1044 - genDependencies : Invalid condition id : UX DEVICE CLASS RTOS Condition cause : null
2025-01-31 07:47:38,171 [WARN] PackLoader:240 - Cannot read IP mode file for wolfSSL.I-CUBE-wolfSSL.5.5.4
2025-01-31 07:47:38,183 [WARN] PackLoader:240 - Cannot read IP mode file for STMicroelectronics.X-CUBE-FREERTOS.1.3.0
2025-01-31 07:47:38,197 [WARN] PackLoader:240 - Cannot read IP mode file for STMicroelectronics.X-CUBE-NFC7.1.0.1
2025-01-31 07:47:38,209 [WARN] PackLoader:240 - Cannot read IP mode file for STMicroelectronics.X-CUBE-NFC7.1.0.0
2025-01-31 07:47:38,221 [WARN] PackLoader:240 - Cannot read IP mode file for wolfSSL.I-CUBE-wolfTPM.3.2.0
2025-01-31 07:47:38,235 [WARN] PackLoader:240 - Cannot read IP mode file for STMicroelectronics.X-CUBE-NFC6.3.0.0
2025-01-31 07:47:38,247 [WARN] PackLoader:240 - Cannot read IP mode file for STMicroelectronics.X-CUBE-EEPRMA1.4.1.0
2025-01-31 07:47:38,259 [WARN] PackLoader:240 - Cannot read IP mode file for STMicroelectronics.X-CUBE-AI.8.1.0
2025-01-31 07:47:38,279 [WARN] ConditionMgr:438 - getConditionDescription Invalid condition id : LAN8742 Phy interface Condition cause : null
2025-01-31 07:47:38,279 [WARN] PackLoader:240 - Cannot read IP mode file for STMicroelectronics.X-CUBE-AZRTOS-L4.2.0.0
2025-01-31 07:47:38,280 [WARN] ConditionMgr:1044 - genDependencies : Invalid condition id : LAN8742 Phy interface Condition cause : null
2025-01-31 07:47:38,280 [WARN] ConditionMgr:1044 - genDependencies : Invalid condition id : LAN8742 Phy interface Condition cause : null
2025-01-31 07:47:38,280 [WARN] ConditionMgr:1044 - genDependencies : Invalid condition id : LAN8742 Phy interface Condition cause : null
2025-01-31 07:47:38,296 [WARN] PackLoader:240 - Cannot read IP mode file for STMicroelectronics.X-CUBE-SFXS2LP1.4.0.0
2025-01-31 07:47:38,318 [WARN] PackLoader:240 - Cannot read IP mode file for STMicroelectronics.X-CUBE-AZRTOS-H7.3.0.0
2025-01-31 07:47:38,331 [WARN] PackLoader:240 - Cannot read IP mode file for STMicroelectronics.X-CUBE-ISPU.1.1.0
2025-01-31 07:47:38,352 [WARN] PackLoader:240 - Cannot read IP mode file for STMicroelectronics.X-CUBE-AZRTOS-H7.3.3.0
2025-01-31 07:47:38,367 [WARN] PackLoader:240 - Cannot read IP mode file for RoweBots.I-CUBE-UNISONRTOS.5.5.0-4
2025-01-31 07:47:38,381 [WARN] PackLoader:240 - Cannot read IP mode file for STMicroelectronics.X-CUBE-AI.8.0.0
2025-01-31 07:47:38,399 [WARN] PackLoader:240 - Cannot read IP mode file for STMicroelectronics.X-CUBE-IPS.3.0.0
2025-01-31 07:47:38,423 [WARN] ConditionMgr:438 - getConditionDescription Invalid condition id : UX DEVICE CLASS RTOS Condition cause : null
2025-01-31 07:47:38,423 [WARN] ConditionMgr:438 - getConditionDescription Invalid condition id : UX DEVICE CLASS RTOS Condition cause : null
2025-01-31 07:47:38,424 [WARN] PackLoader:240 - Cannot read IP mode file for STMicroelectronics.X-CUBE-AZRTOS-WB.2.0.0
2025-01-31 07:47:38,425 [WARN] ConditionMgr:1044 - genDependencies : Invalid condition id : UX DEVICE CLASS RTOS Condition cause : null
2025-01-31 07:47:38,425 [WARN] ConditionMgr:1044 - genDependencies : Invalid condition id : UX DEVICE CLASS RTOS Condition cause : null
2025-01-31 07:47:38,425 [WARN] ConditionMgr:1044 - genDependencies : Invalid condition id : UX DEVICE CLASS RTOS Condition cause : null
2025-01-31 07:47:38,425 [WARN] ConditionMgr:1044 - genDependencies : Invalid condition id : UX DEVICE CLASS RTOS Condition cause : null
2025-01-31 07:47:38,425 [WARN] ConditionMgr:1044 - genDependencies : Invalid condition id : UX DEVICE CLASS RTOS Condition cause : null
2025-01-31 07:47:38,437 [WARN] PackLoader:240 - Cannot read IP mode file for STMicroelectronics.X-CUBE-FREERTOS.1.0.0
2025-01-31 07:47:38,449 [WARN] PackLoader:240 - Cannot read IP mode file for STMicroelectronics.X-CUBE-FREERTOS.1.0.1
2025-01-31 07:47:38,461 [WARN] PackLoader:240 - Cannot read IP mode file for STMicroelectronics.X-CUBE-GNSS1.7.0.0
2025-01-31 07:47:38,476 [WARN] PackLoader:240 - Cannot read IP mode file for STMicroelectronics.X-CUBE-GNSS1.7.0.1
2025-01-31 07:47:38,491 [WARN] PackLoader:240 - Cannot read IP mode file for STMicroelectronics.FP-SNS-STBOX1.2.0.0
2025-01-31 07:47:38,513 [WARN] PackLoader:240 - Cannot read IP mode file for STMicroelectronics.X-CUBE-AZRTOS-L5.1.1.0
2025-01-31 07:47:38,527 [WARN] PackLoader:240 - Cannot read IP mode file for STMicroelectronics.X-CUBE-AI.8.0.1
2025-01-31 07:47:38,543 [WARN] PackLoader:240 - Cannot read IP mode file for STMicroelectronics.X-CUBE-SUBG2.5.0.0
2025-01-31 07:47:38,559 [WARN] PackLoader:240 - Cannot read IP mode file for Cesanta.I-CUBE-Mongoose.7.13.0
2025-01-31 07:47:38,574 [WARN] PackLoader:240 - Cannot read IP mode file for STMicroelectronics.X-CUBE-TOF1.3.3.1
2025-01-31 07:47:38,595 [WARN] PackLoader:240 - Cannot read IP mode file for STMicroelectronics.X-CUBE-AZRTOS-G4.2.0.0
2025-01-31 07:47:38,610 [WARN] PackLoader:240 - Cannot read IP mode file for STMicroelectronics.X-CUBE-TOF1.3.3.0
2025-01-31 07:47:38,623 [WARN] PackLoader:240 - Cannot read IP mode file for STMicroelectronics.FP-ATR-ASTRA1.1.1.1
2025-01-31 07:47:38,644 [WARN] PackLoader:240 - Cannot read IP mode file for Infineon.AIROC-Wi-Fi-Bluetooth-STM32.1.5.1
2025-01-31 07:47:38,658 [WARN] PackLoader:240 - Cannot read IP mode file for STMicroelectronics.FP-SNS-MOTENVWB1.1.3.0
2025-01-31 07:47:38,670 [WARN] PackLoader:240 - Cannot read IP mode file for STMicroelectronics.FP-SNS-MOTENVWB1.1.3.1
2025-01-31 07:47:38,686 [WARN] PackLoader:240 - Cannot read IP mode file for STMicroelectronics.X-CUBE-AZRTOS-G4.1.0.0
2025-01-31 07:47:38,706 [WARN] PackLoader:240 - Cannot read IP mode file for STMicroelectronics.X-CUBE-AZRTOS-L4.1.0.0
2025-01-31 07:47:38,719 [WARN] PackLoader:240 - Cannot read IP mode file for STMicroelectronics.X-CUBE-ISPU.2.0.0
2025-01-31 07:47:38,733 [WARN] PackLoader:240 - Cannot read IP mode file for STMicroelectronics.X-CUBE-IPS.3.1.0
2025-01-31 07:47:38,746 [WARN] PackLoader:240 - Cannot read IP mode file for STMicroelectronics.X-CUBE-ALS.1.0.2
2025-01-31 07:47:38,779 [WARN] PackLoader:240 - Cannot read IP mode file for STMicroelectronics.X-CUBE-MEMS1.10.0.0
2025-01-31 07:47:38,836 [WARN] PackLoader:240 - Cannot read IP mode file for STMicroelectronics.X-CUBE-FREERTOS.1.1.0
2025-01-31 07:47:38,846 [WARN] PackLoader:240 - Cannot read IP mode file for STMicroelectronics.X-CUBE-TOUCHGFX.4.24.0
2025-01-31 07:47:38,858 [WARN] PackLoader:240 - Cannot read IP mode file for STMicroelectronics.X-CUBE-TOUCHGFX.4.24.2
2025-01-31 07:47:38,872 [WARN] PackLoader:240 - Cannot read IP mode file for STMicroelectronics.X-CUBE-AZRTOS-WL.1.0.0
2025-01-31 07:47:38,883 [WARN] PackLoader:240 - Cannot read IP mode file for STMicroelectronics.X-CUBE-TOUCHGFX.4.24.1
2025-01-31 07:47:38,895 [WARN] PackLoader:240 - Cannot read IP mode file for portGmbH.I-Cube-SoM-uGOAL.1.1.0
2025-01-31 07:47:38,907 [WARN] PackLoader:240 - Cannot read IP mode file for STMicroelectronics.X-CUBE-ALS.1.0.1
2025-01-31 07:47:38,922 [WARN] PackLoader:240 - Cannot read IP mode file for STMicroelectronics.X-CUBE-AZRTOS-WB.1.1.0
2025-01-31 07:47:38,942 [WARN] PackLoader:240 - Cannot read IP mode file for STMicroelectronics.X-CUBE-AZRTOS-H7RS.1.0.0
2025-01-31 07:47:38,953 [WARN] PackLoader:240 - Cannot read IP mode file for STMicroelectronics.FP-ATR-ASTRA1.2.0.0
2025-01-31 07:47:38,966 [WARN] PackLoader:240 - Cannot read IP mode file for STMicroelectronics.X-CUBE-TOF1.3.4.2
2025-01-31 07:47:38,984 [WARN] PackLoader:240 - Cannot read IP mode file for STMicroelectronics.X-CUBE-TOF1.3.4.0
2025-01-31 07:47:39,001 [WARN] PackLoader:240 - Cannot read IP mode file for STMicroelectronics.X-CUBE-TOF1.3.4.1
2025-01-31 07:47:39,024 [WARN] PackLoader:240 - Cannot read IP mode file for STMicroelectronics.X-CUBE-AZRTOS-H7.3.2.0
2025-01-31 07:47:39,036 [WARN] PackLoader:240 - Cannot read IP mode file for wolfSSL.I-CUBE-wolfSSH.1.4.17
2025-01-31 07:47:39,036 [INFO] ThirdParty:978 - Integrity check success = true
2025-01-31 07:47:39,036 [INFO] IntegrityCheckThread:100 - exiting critical section [integrity check]
2025-01-31 07:47:39,036 [INFO] IntegrityCheckThread:103 - End integrity checks thread
2025-01-31 08:26:54,050 [INFO] WebApp:190 - Connection lost
2025-01-31 10:47:18,978 [INFO] WebApp:187 - Connection restablished
2025-01-31 10:47:22,109 [INFO] WebApp:190 - Connection lost
2025-01-31 10:47:22,220 [INFO] WebApp:187 - Connection restablished
2025-01-31 10:48:15,491 [ERROR] LogOutputStream:75 - [STDERR_REDIRECT] 
2025-01-31 19:08:03,083 [INFO] Activator:176 - 


2025-01-31 19:08:03,089 [INFO] Activator:177 - !SESSION log4j initialized
2025-01-31 19:08:17,291 [INFO] LogOutputStream:77 - [STDOUT_REDIRECT] 
2025-01-31 19:08:19,709 [INFO] ApplicationProperties:184 - Using Application install path: C:\ST\STM32CubeIDE_1.11.2\STM32CubeIDE\plugins\com.st.stm32cube.common.mx_6.13.0.202411220809
2025-01-31 19:08:19,774 [INFO] DbMcusXml:78 - Set database path to: C:\ST\STM32CubeIDE_1.11.2\STM32CubeIDE\plugins\com.st.stm32cube.common.mx_6.13.0.202411220809\\db\/mcu/
2025-01-31 19:08:19,775 [INFO] ApiDb:274 - Set plugin database path to: C:\ST\STM32CubeIDE_1.11.2\STM32CubeIDE\plugins\com.st.stm32cube.common.mx_6.13.0.202411220809\\db\/plugins/boardmanager/
2025-01-31 19:08:19,775 [WARN] ApiDb:259 - Overriding images path with different value:  => C:\ST\STM32CubeIDE_1.11.2\STM32CubeIDE\plugins\com.st.stm32cube.common.mx_6.13.0.202411220809\\db\/plugins/mcufinder/images/
2025-01-31 19:08:19,799 [INFO] ApiDb:250 - Set database path to: C:\Users\bakra\.stmcufinder\plugins\mcufinder//mcu/
2025-01-31 19:08:19,804 [INFO] DbMcusAds:125 - Set database path to: C:\Users\bakra\.stmcufinder\plugins\mcufinder//mcu/
2025-01-31 19:08:19,812 [INFO] CrossReferenceDbSqlite:203 - Set database path to: C:\Users\bakra\.stmcufinder\plugins\mcufinder//mcu/cs/
2025-01-31 19:08:20,108 [INFO] RulesReader:64 - Compatibility file has been processed (297 Rules)
2025-01-31 19:08:20,350 [INFO] DbMcusXml:78 - Set database path to: C:\ST\STM32CubeIDE_1.11.2\STM32CubeIDE\plugins\com.st.stm32cube.common.mx_6.13.0.202411220809\\db\/mcu/
2025-01-31 19:08:20,351 [INFO] ApiDb:274 - Set plugin database path to: C:\ST\STM32CubeIDE_1.11.2\STM32CubeIDE\plugins\com.st.stm32cube.common.mx_6.13.0.202411220809\\db\/plugins/boardmanager/
2025-01-31 19:08:20,351 [INFO] ApiDb:261 - Set plugin images path to: C:\ST\STM32CubeIDE_1.11.2\STM32CubeIDE\plugins\com.st.stm32cube.common.mx_6.13.0.202411220809\\db\/plugins/mcufinder/images/
2025-01-31 19:08:20,352 [WARN] DbFile:41 - Overriding database path with different value: C:\Users\bakra\.stmcufinder\plugins\mcufinder/ => C:\Users\bakra\.stmcufinder\plugins\mcufinder
2025-01-31 19:08:20,352 [INFO] ApiDb:250 - Set database path to: C:\Users\bakra\.stmcufinder\plugins\mcufinder//mcu/
2025-01-31 19:08:20,352 [WARN] DbFile:41 - Overriding database path with different value: C:\Users\bakra\.stmcufinder\plugins\mcufinder/ => C:\Users\bakra\.stmcufinder\plugins\mcufinder
2025-01-31 19:08:20,352 [INFO] DbMcusAds:125 - Set database path to: C:\Users\bakra\.stmcufinder\plugins\mcufinder//mcu/
2025-01-31 19:08:20,352 [WARN] DbFile:41 - Overriding database path with different value: C:\Users\bakra\.stmcufinder\plugins\mcufinder/ => C:\Users\bakra\.stmcufinder\plugins\mcufinder
2025-01-31 19:08:20,352 [WARN] DbFile:41 - Overriding database path with different value: C:\Users\bakra\.stmcufinder\plugins\mcufinder/ => C:\Users\bakra\.stmcufinder\plugins\mcufinder
2025-01-31 19:08:20,353 [INFO] CrossReferenceDbSqlite:203 - Set database path to: C:\Users\bakra\.stmcufinder\plugins\mcufinder//mcu/cs/
2025-01-31 19:08:20,608 [INFO] MainPanel:272 - HeapMemory: 268435456
2025-01-31 19:08:20,900 [INFO] DbMcusXml:78 - Set database path to: C:\ST\STM32CubeIDE_1.11.2\STM32CubeIDE\plugins\com.st.stm32cube.common.mx_6.13.0.202411220809\\db\/mcu/
2025-01-31 19:08:20,900 [INFO] ApiDb:274 - Set plugin database path to: C:\ST\STM32CubeIDE_1.11.2\STM32CubeIDE\plugins\com.st.stm32cube.common.mx_6.13.0.202411220809\\db\/plugins/boardmanager/
2025-01-31 19:08:20,900 [INFO] ApiDb:261 - Set plugin images path to: C:\ST\STM32CubeIDE_1.11.2\STM32CubeIDE\plugins\com.st.stm32cube.common.mx_6.13.0.202411220809\\db\/plugins/mcufinder/images/
2025-01-31 19:08:20,901 [WARN] DbFile:41 - Overriding database path with different value: C:\Users\bakra\.stmcufinder\plugins\mcufinder/ => C:\Users\bakra\.stmcufinder\plugins\mcufinder
2025-01-31 19:08:20,902 [INFO] ApiDb:250 - Set database path to: C:\Users\bakra\.stmcufinder\plugins\mcufinder//mcu/
2025-01-31 19:08:20,902 [WARN] DbFile:41 - Overriding database path with different value: C:\Users\bakra\.stmcufinder\plugins\mcufinder/ => C:\Users\bakra\.stmcufinder\plugins\mcufinder
2025-01-31 19:08:20,902 [INFO] DbMcusAds:125 - Set database path to: C:\Users\bakra\.stmcufinder\plugins\mcufinder//mcu/
2025-01-31 19:08:20,902 [WARN] DbFile:41 - Overriding database path with different value: C:\Users\bakra\.stmcufinder\plugins\mcufinder/ => C:\Users\bakra\.stmcufinder\plugins\mcufinder
2025-01-31 19:08:20,903 [WARN] DbFile:41 - Overriding database path with different value: C:\Users\bakra\.stmcufinder\plugins\mcufinder/ => C:\Users\bakra\.stmcufinder\plugins\mcufinder
2025-01-31 19:08:20,903 [INFO] CrossReferenceDbSqlite:203 - Set database path to: C:\Users\bakra\.stmcufinder\plugins\mcufinder//mcu/cs/
2025-01-31 19:08:20,960 [INFO] ApplicationProperties:184 - Using Application install path: C:\ST\STM32CubeIDE_1.11.2\STM32CubeIDE\plugins\com.st.stm32cube.common.mx_6.13.0.202411220809
2025-01-31 19:08:20,966 [INFO] PluginManage:196 - Search for loadable plugins [exclusion list=, ]
2025-01-31 19:08:20,972 [INFO] PluginManage:310 - Check plugin analytics
2025-01-31 19:08:21,409 [INFO] AnalyticsPlugin:253 - Accepted Software Licenses: 
2025-01-31 19:08:21,410 [INFO] AnalyticsPlugin:255 - Accepted CMSIS Pack Licenses: 
2025-01-31 19:08:21,410 [INFO] AnalyticsPlugin:257 - Accepted Firmware Licenses: 
2025-01-31 19:08:21,415 [INFO] PluginManage:359 - Loaded plugin analytics (category:tool,tabindex:-1)
2025-01-31 19:08:21,417 [INFO] PluginManage:310 - Check plugin cadmodel
2025-01-31 19:08:21,429 [INFO] CADModel:105 - Init CAD model plugin
2025-01-31 19:08:21,431 [INFO] PluginManage:359 - Loaded plugin cadmodel (category:power,tabindex:5)
2025-01-31 19:08:21,431 [INFO] PluginManage:310 - Check plugin clock
2025-01-31 19:08:21,456 [INFO] PluginManage:359 - Loaded plugin clock (category:base,tabindex:2)
2025-01-31 19:08:21,457 [INFO] PluginManage:310 - Check plugin ddr
2025-01-31 19:08:21,465 [INFO] PluginManage:359 - Loaded plugin ddr (category:tool,tabindex:6)
2025-01-31 19:08:21,467 [INFO] PluginManage:310 - Check plugin filemanager
2025-01-31 19:08:21,881 [INFO] PluginManage:359 - Loaded plugin filemanager (category:base,tabindex:10)
2025-01-31 19:08:21,882 [INFO] PluginManage:310 - Check plugin ipmanager
2025-01-31 19:08:21,906 [INFO] PluginManage:359 - Loaded plugin ipmanager (category:base,tabindex:5)
2025-01-31 19:08:21,907 [INFO] PluginManage:310 - Check plugin lpbam
2025-01-31 19:08:21,925 [INFO] PluginManage:359 - Loaded plugin lpbam (category:base,tabindex:0)
2025-01-31 19:08:21,926 [INFO] PluginManage:310 - Check plugin memorymap
2025-01-31 19:08:21,968 [INFO] PluginManage:359 - Loaded plugin memorymap (category:base,tabindex:4)
2025-01-31 19:08:21,968 [INFO] PluginManage:310 - Check plugin pinoutandconfiguration
2025-01-31 19:08:21,999 [INFO] PluginManage:359 - Loaded plugin pinoutandconfiguration (category:base,tabindex:1)
2025-01-31 19:08:21,999 [INFO] PluginManage:310 - Check plugin pinoutconfig
2025-01-31 19:08:22,283 [WARN] SupportedApi:132 - Cannot load RTOS API schema: s4s-elt-must-match.1: The content of 'definitions' must match (annotation?, (simpleType | complexType)?, (unique | key | keyref)*)). A problem was found starting at: attribute.
2025-01-31 19:08:22,723 [INFO] PluginManage:359 - Loaded plugin pinoutconfig (category:base,tabindex:0)
2025-01-31 19:08:22,723 [INFO] PluginManage:310 - Check plugin power
2025-01-31 19:08:22,755 [INFO] PluginManage:359 - Loaded plugin power (category:power,tabindex:4)
2025-01-31 19:08:22,755 [INFO] PluginManage:310 - Check plugin projectmanager
2025-01-31 19:08:22,800 [INFO] PluginManage:359 - Loaded plugin projectmanager (category:projectmanager,tabindex:4)
2025-01-31 19:08:22,800 [INFO] PluginManage:310 - Check plugin rif
2025-01-31 19:08:22,832 [INFO] PluginManage:359 - Loaded plugin rif (category:base,tabindex:3)
2025-01-31 19:08:22,833 [INFO] PluginManage:310 - Check plugin thirdparty
2025-01-31 19:08:23,292 [WARN] IntegrityCheckThread:84 - waiting for thirdparty lock release [integrity check]
2025-01-31 19:08:23,292 [INFO] IntegrityCheckThread:86 - entering critical section [integrity check]
2025-01-31 19:08:23,299 [INFO] ThirdPartyUpdaterWithRetryManager:70 - Updater plugin not ready yet. [1/15]
2025-01-31 19:08:23,299 [INFO] PluginManage:359 - Loaded plugin thirdparty (category:base,tabindex:-1)
2025-01-31 19:08:23,299 [INFO] PluginManage:310 - Check plugin tools
2025-01-31 19:08:23,309 [INFO] PluginManage:359 - Loaded plugin tools (category:base,tabindex:7)
2025-01-31 19:08:23,309 [INFO] PluginManage:310 - Check plugin tutovideos
2025-01-31 19:08:23,843 [INFO] PluginManage:359 - Loaded plugin tutovideos (category:base,tabindex:-1)
2025-01-31 19:08:23,844 [INFO] PluginManage:310 - Check plugin updater
2025-01-31 19:08:23,908 [INFO] PluginManage:359 - Loaded plugin updater (category:base,tabindex:12)
2025-01-31 19:08:23,908 [INFO] PluginManage:310 - Check plugin userauth
2025-01-31 19:08:23,919 [INFO] UserAuth:118 - Init User Auth plugin
2025-01-31 19:08:23,923 [INFO] PluginManage:359 - Loaded plugin userauth (category:base,tabindex:14)
2025-01-31 19:08:23,923 [INFO] PluginManage:283 - PluginManage : Loaded plugins [18]
2025-01-31 19:08:24,649 [INFO] PinOutPanel:1589 - setPackage(No Configuration,No Configuration)
2025-01-31 19:08:25,018 [INFO] CADModel:165 - CPN selected for project level
2025-01-31 19:08:25,018 [INFO] CADModel:114 - Register for checkConnection events
2025-01-31 19:08:25,109 [INFO] IPUIPlugin:80 - create IPUIPlugin
2025-01-31 19:08:25,109 [INFO] PluginManager:220 - loadIPPluginJar : add adc
2025-01-31 19:08:25,120 [INFO] IPUIPlugin:80 - create IPUIPlugin
2025-01-31 19:08:25,122 [INFO] PluginManager:220 - loadIPPluginJar : add aes
2025-01-31 19:08:25,135 [INFO] IPUIPlugin:80 - create IPUIPlugin
2025-01-31 19:08:25,135 [INFO] PluginManager:220 - loadIPPluginJar : add can
2025-01-31 19:08:25,141 [INFO] IPUIPlugin:80 - create IPUIPlugin
2025-01-31 19:08:25,143 [INFO] PluginManager:220 - loadIPPluginJar : add comp
2025-01-31 19:08:25,153 [INFO] IPUIPlugin:80 - create IPUIPlugin
2025-01-31 19:08:25,155 [INFO] PluginManager:220 - loadIPPluginJar : add cryp
2025-01-31 19:08:25,173 [INFO] IPUIPlugin:80 - create IPUIPlugin
2025-01-31 19:08:25,175 [INFO] PluginManager:220 - loadIPPluginJar : add ddr_ctrl_phy
2025-01-31 19:08:25,193 [INFO] IPUIPlugin:80 - create IPUIPlugin
2025-01-31 19:08:25,195 [INFO] PluginManager:220 - loadIPPluginJar : add dfsdm
2025-01-31 19:08:25,217 [INFO] IPUIPlugin:80 - create IPUIPlugin
2025-01-31 19:08:25,219 [INFO] PluginManager:220 - loadIPPluginJar : add dma
2025-01-31 19:08:25,230 [INFO] IPUIPlugin:80 - create IPUIPlugin
2025-01-31 19:08:25,230 [INFO] PluginManager:220 - loadIPPluginJar : add dma3
2025-01-31 19:08:25,240 [INFO] IPUIPlugin:80 - create IPUIPlugin
2025-01-31 19:08:25,241 [INFO] PluginManager:220 - loadIPPluginJar : add extmemmanager
2025-01-31 19:08:25,245 [INFO] IPUIPlugin:80 - create IPUIPlugin
2025-01-31 19:08:25,248 [INFO] PluginManager:220 - loadIPPluginJar : add fatfs
2025-01-31 19:08:25,264 [INFO] IPUIPlugin:80 - create IPUIPlugin
2025-01-31 19:08:25,266 [INFO] PluginManager:220 - loadIPPluginJar : add fmc
2025-01-31 19:08:25,279 [INFO] IPUIPlugin:80 - create IPUIPlugin
2025-01-31 19:08:25,279 [INFO] PluginManager:220 - loadIPPluginJar : add freertos
2025-01-31 19:08:25,289 [INFO] IPUIPlugin:80 - create IPUIPlugin
2025-01-31 19:08:25,292 [INFO] PluginManager:220 - loadIPPluginJar : add genericplugin
2025-01-31 19:08:25,301 [INFO] IPUIPlugin:80 - create IPUIPlugin
2025-01-31 19:08:25,301 [INFO] PluginManager:220 - loadIPPluginJar : add gfxmmu
2025-01-31 19:08:25,315 [INFO] IPUIPlugin:80 - create IPUIPlugin
2025-01-31 19:08:25,315 [INFO] PluginManager:220 - loadIPPluginJar : add gic
2025-01-31 19:08:25,329 [INFO] IPUIPlugin:80 - create IPUIPlugin
2025-01-31 19:08:25,331 [INFO] PluginManager:220 - loadIPPluginJar : add gpio
2025-01-31 19:08:25,331 [INFO] IPUIPlugin:80 - create IPUIPlugin
2025-01-31 19:08:25,331 [INFO] PluginManager:220 - loadIPPluginJar : add gtzc
2025-01-31 19:08:25,347 [INFO] IPUIPlugin:80 - create IPUIPlugin
2025-01-31 19:08:25,347 [INFO] PluginManager:220 - loadIPPluginJar : add hash
2025-01-31 19:08:25,356 [INFO] IPUIPlugin:80 - create IPUIPlugin
2025-01-31 19:08:25,358 [INFO] PluginManager:220 - loadIPPluginJar : add i2c
2025-01-31 19:08:25,368 [INFO] IPUIPlugin:80 - create IPUIPlugin
2025-01-31 19:08:25,368 [INFO] PluginManager:220 - loadIPPluginJar : add i2s
2025-01-31 19:08:25,377 [INFO] IPUIPlugin:80 - create IPUIPlugin
2025-01-31 19:08:25,378 [INFO] PluginManager:220 - loadIPPluginJar : add i3c
2025-01-31 19:08:25,387 [INFO] IPUIPlugin:80 - create IPUIPlugin
2025-01-31 19:08:25,389 [INFO] PluginManager:220 - loadIPPluginJar : add ipddr
2025-01-31 19:08:25,409 [INFO] IPUIPlugin:80 - create IPUIPlugin
2025-01-31 19:08:25,409 [INFO] PluginManager:220 - loadIPPluginJar : add linkedlist
2025-01-31 19:08:25,418 [INFO] IPUIPlugin:80 - create IPUIPlugin
2025-01-31 19:08:25,418 [INFO] PluginManager:220 - loadIPPluginJar : add lorawan
2025-01-31 19:08:25,425 [INFO] IPUIPlugin:80 - create IPUIPlugin
2025-01-31 19:08:25,426 [INFO] PluginManager:220 - loadIPPluginJar : add ltdc
2025-01-31 19:08:25,442 [INFO] IPUIPlugin:80 - create IPUIPlugin
2025-01-31 19:08:25,442 [INFO] PluginManager:220 - loadIPPluginJar : add mdma
2025-01-31 19:08:25,453 [INFO] IPUIPlugin:80 - create IPUIPlugin
2025-01-31 19:08:25,453 [INFO] PluginManager:220 - loadIPPluginJar : add nvic
2025-01-31 19:08:25,460 [INFO] IPUIPlugin:80 - create IPUIPlugin
2025-01-31 19:08:25,460 [INFO] PluginManager:220 - loadIPPluginJar : add opamp
2025-01-31 19:08:25,475 [INFO] IPUIPlugin:80 - create IPUIPlugin
2025-01-31 19:08:25,475 [INFO] PluginManager:220 - loadIPPluginJar : add openamp
2025-01-31 19:08:25,493 [INFO] IPUIPlugin:80 - create IPUIPlugin
2025-01-31 19:08:25,493 [INFO] PluginManager:220 - loadIPPluginJar : add pdm2pcm
2025-01-31 19:08:25,509 [INFO] IPUIPlugin:80 - create IPUIPlugin
2025-01-31 19:08:25,525 [INFO] PluginManager:220 - loadIPPluginJar : add plateformsettings
2025-01-31 19:08:25,531 [INFO] IPUIPlugin:80 - create IPUIPlugin
2025-01-31 19:08:25,531 [INFO] PluginManager:220 - loadIPPluginJar : add quadspi
2025-01-31 19:08:25,539 [INFO] IPUIPlugin:80 - create IPUIPlugin
2025-01-31 19:08:25,541 [INFO] PluginManager:220 - loadIPPluginJar : add radio
2025-01-31 19:08:25,555 [INFO] IPUIPlugin:80 - create IPUIPlugin
2025-01-31 19:08:25,555 [INFO] PluginManager:220 - loadIPPluginJar : add resmgrutility
2025-01-31 19:08:25,555 [INFO] IPUIPlugin:80 - create IPUIPlugin
2025-01-31 19:08:25,555 [INFO] PluginManager:220 - loadIPPluginJar : add sai
2025-01-31 19:08:25,577 [INFO] IPUIPlugin:80 - create IPUIPlugin
2025-01-31 19:08:25,577 [INFO] PluginManager:220 - loadIPPluginJar : add spi
2025-01-31 19:08:25,600 [INFO] IPUIPlugin:80 - create IPUIPlugin
2025-01-31 19:08:25,602 [INFO] PluginManager:220 - loadIPPluginJar : add stm32_wpan
2025-01-31 19:08:25,606 [INFO] IPUIPlugin:80 - create IPUIPlugin
2025-01-31 19:08:25,606 [INFO] PluginManager:220 - loadIPPluginJar : add tim
2025-01-31 19:08:25,632 [INFO] IPUIPlugin:80 - create IPUIPlugin
2025-01-31 19:08:25,632 [INFO] PluginManager:220 - loadIPPluginJar : add touchsensing
2025-01-31 19:08:25,640 [INFO] IPUIPlugin:80 - create IPUIPlugin
2025-01-31 19:08:25,642 [INFO] PluginManager:220 - loadIPPluginJar : add tracer_emb
2025-01-31 19:08:25,648 [INFO] IPUIPlugin:80 - create IPUIPlugin
2025-01-31 19:08:25,648 [INFO] PluginManager:220 - loadIPPluginJar : add ts
2025-01-31 19:08:25,654 [INFO] IPUIPlugin:80 - create IPUIPlugin
2025-01-31 19:08:25,654 [INFO] PluginManager:220 - loadIPPluginJar : add tsc
2025-01-31 19:08:25,664 [INFO] IPUIPlugin:80 - create IPUIPlugin
2025-01-31 19:08:25,666 [INFO] PluginManager:220 - loadIPPluginJar : add ucpd
2025-01-31 19:08:25,680 [INFO] IPUIPlugin:80 - create IPUIPlugin
2025-01-31 19:08:25,682 [INFO] PluginManager:220 - loadIPPluginJar : add usart
2025-01-31 19:08:25,700 [INFO] IPUIPlugin:80 - create IPUIPlugin
2025-01-31 19:08:25,702 [INFO] PluginManager:220 - loadIPPluginJar : add usbx
2025-01-31 19:08:25,979 [FATAL] Updater:351 - Updater called before beeing initialized
2025-01-31 19:08:26,055 [INFO] RulesReader:64 - Compatibility file has been processed (297 Rules)
2025-01-31 19:08:26,085 [INFO] RulesReader:64 - Compatibility file has been processed (297 Rules)
2025-01-31 19:08:26,110 [INFO] CADModel:165 - CPN selected for project level
2025-01-31 19:08:26,110 [INFO] CADModel:114 - Register for checkConnection events
2025-01-31 19:08:26,110 [FATAL] Updater:351 - Updater called before beeing initialized
2025-01-31 19:08:26,110 [ERROR] CADModel:125 - Updater not yet initialized, retry later 
2025-01-31 19:08:26,309 [INFO] ThirdPartyUpdaterWithRetryManager:70 - Updater plugin not ready yet. [2/15]
2025-01-31 19:08:26,582 [FATAL] Updater:351 - Updater called before beeing initialized
2025-01-31 19:08:26,588 [INFO] CADModel:165 - CPN selected for project level
2025-01-31 19:08:26,590 [INFO] CADModel:114 - Register for checkConnection events
2025-01-31 19:08:26,590 [FATAL] Updater:351 - Updater called before beeing initialized
2025-01-31 19:08:26,590 [ERROR] CADModel:125 - Updater not yet initialized, retry later 
2025-01-31 19:08:26,602 [FATAL] Updater:351 - Updater called before beeing initialized
2025-01-31 19:08:26,905 [FATAL] Updater:351 - Updater called before beeing initialized
2025-01-31 19:08:26,923 [INFO] DbMcusAds:53 - JSON generation date=Tue Dec 17 11:01:15 EST 2024 (1734451275111)
2025-01-31 19:08:26,924 [FATAL] Updater:351 - Updater called before beeing initialized
2025-01-31 19:08:27,025 [WARN] DetailPanel:346 - Failed to get advertising image, set to default
2025-01-31 19:08:27,696 [FATAL] Updater:351 - Updater called before beeing initialized
2025-01-31 19:08:27,696 [FATAL] Updater:351 - Updater called before beeing initialized
2025-01-31 19:08:27,696 [FATAL] Updater:351 - Updater called before beeing initialized
2025-01-31 19:08:27,696 [WARN] DetailPanel:346 - Failed to get advertising image, set to default
2025-01-31 19:08:27,696 [FATAL] Updater:351 - Updater called before beeing initialized
2025-01-31 19:08:27,826 [ERROR] Updater:1198 - MainUpdater not yet initialized. External WinMGr cannot be set.
2025-01-31 19:08:27,826 [INFO] Updater:1134 - Updater Version found : 6.13.0
2025-01-31 19:08:27,893 [INFO] ApplicationProperties:184 - Using Application install path: C:\ST\STM32CubeIDE_1.11.2\STM32CubeIDE\plugins\com.st.stm32cube.common.mx_6.13.0.202411220809
2025-01-31 19:08:29,310 [FATAL] Updater:351 - Updater called before beeing initialized
2025-01-31 19:08:29,310 [ERROR] IntegrityCheckThread:130 - Cannot retrieve database content from updater: error 21
2025-01-31 19:08:29,310 [INFO] ThirdParty:978 - Integrity check success = false
2025-01-31 19:08:29,310 [INFO] IntegrityCheckThread:100 - exiting critical section [integrity check]
2025-01-31 19:08:29,310 [INFO] IntegrityCheckThread:103 - End integrity checks thread
2025-01-31 19:08:29,538 [ERROR] LogOutputStream:75 - [STDERR_REDIRECT] Jan 31, 2025 7:08:29 PM java.util.prefs.WindowsPreferences <init>
2025-01-31 19:08:29,542 [ERROR] LogOutputStream:75 - [STDERR_REDIRECT] WARNING: Could not open/create prefs root node Software\JavaSoft\Prefs at root 0xffffffff80000002. Windows RegCreateKeyEx(...) returned error code 5.
2025-01-31 19:08:29,543 [ERROR] LogOutputStream:75 - [STDERR_REDIRECT] 
2025-01-31 19:08:30,656 [INFO] MainUpdater:2872 - connection check result : 10
2025-01-31 19:08:30,658 [INFO] MainUpdater:289 - Updater Check For Update Now.
2025-01-31 19:08:30,658 [INFO] MicroXplorer:498 - Change Database Version : DB.6.0.130
2025-01-31 19:08:30,672 [INFO] McuFinderGlobals:63 - Set McuFinder mode to 2 (CubeIDE integrated)
2025-01-31 19:08:30,674 [INFO] UserAuth:486 - Internet connection configuration mode: 1
2025-01-31 19:08:30,761 [INFO] JxBrowserEngine:152 - Initiate JxBrowser Engine with user profile folder
2025-01-31 19:08:31,008 [INFO] CheckServerUpdateThread:120 - End of CheckServer Thread
2025-01-31 19:08:33,228 [INFO] WebApp:168 - Instantiating new browser for Auth
2025-01-31 19:08:34,973 [INFO] WebApp:449 - Apply proxy settings
2025-01-31 19:08:34,974 [INFO] WebApp:534 - Chromium requires no authentication
2025-01-31 19:08:35,034 [INFO] WebApp:477 - Direct internet connection detected
2025-01-31 19:08:35,457 [INFO] WebApp:880 - Register for checkConnection events
2025-01-31 19:08:35,458 [INFO] WebApp:449 - Apply proxy settings
2025-01-31 19:08:35,459 [INFO] WebApp:534 - Chromium requires no authentication
2025-01-31 19:08:35,462 [INFO] WebApp:477 - Direct internet connection detected
2025-01-31 19:08:35,706 [INFO] WebApp:187 - Connection restablished
2025-01-31 19:08:37,040 [INFO] WebApp:221 - Starting web application
2025-01-31 19:08:37,042 [INFO] WebApp:579 - Web application path used C:\ST\STM32CubeIDE_1.11.2\STM32CubeIDE\plugins\com.st.stm32cube.common.mx_6.13.0.202411220809\db\plugins\mcufinder\reactClient1\index.html
2025-01-31 19:08:37,256 [INFO] UserAuth:486 - Internet connection configuration mode: 1
