2024-08-01 21:57:58,133 [ERROR] LogOutputStream:75 - [STDERR_REDIRECT] 
2024-08-01 22:07:54,383 [INFO] Activator:176 - 


2024-08-01 22:07:54,386 [INFO] Activator:177 - !SESSION log4j initialized
2024-08-01 22:08:09,946 [INFO] LogOutputStream:77 - [STDOUT_REDIRECT] 
2024-08-01 22:08:14,067 [INFO] ApplicationProperties:184 - Using Application install path: C:\ST\STM32CubeIDE_1.11.2\STM32CubeIDE\plugins\com.st.stm32cube.common.mx_6.12.0.202406281431
2024-08-01 22:08:14,128 [INFO] DbMcusXml:78 - Set database path to: C:\ST\STM32CubeIDE_1.11.2\STM32CubeIDE\plugins\com.st.stm32cube.common.mx_6.12.0.202406281431\\db\/mcu/
2024-08-01 22:08:14,129 [INFO] ApiDb:274 - Set plugin database path to: C:\ST\STM32CubeIDE_1.11.2\STM32CubeIDE\plugins\com.st.stm32cube.common.mx_6.12.0.202406281431\\db\/plugins/boardmanager/
2024-08-01 22:08:14,130 [WARN] ApiDb:259 - Overriding images path with different value:  => C:\ST\STM32CubeIDE_1.11.2\STM32CubeIDE\plugins\com.st.stm32cube.common.mx_6.12.0.202406281431\\db\/plugins/mcufinder/images/
2024-08-01 22:08:14,172 [INFO] ApiDb:250 - Set database path to: C:\Users\bakra\.stmcufinder\plugins\mcufinder//mcu/
2024-08-01 22:08:14,175 [INFO] DbMcusAds:125 - Set database path to: C:\Users\bakra\.stmcufinder\plugins\mcufinder//mcu/
2024-08-01 22:08:14,185 [INFO] CrossReferenceDbSqlite:203 - Set database path to: C:\Users\bakra\.stmcufinder\plugins\mcufinder//mcu/cs/
2024-08-01 22:08:14,508 [INFO] RulesReader:64 - Compatibility file has been processed (297 Rules)
2024-08-01 22:08:14,723 [INFO] DbMcusXml:78 - Set database path to: C:\ST\STM32CubeIDE_1.11.2\STM32CubeIDE\plugins\com.st.stm32cube.common.mx_6.12.0.202406281431\\db\/mcu/
2024-08-01 22:08:14,723 [INFO] ApiDb:274 - Set plugin database path to: C:\ST\STM32CubeIDE_1.11.2\STM32CubeIDE\plugins\com.st.stm32cube.common.mx_6.12.0.202406281431\\db\/plugins/boardmanager/
2024-08-01 22:08:14,724 [INFO] ApiDb:261 - Set plugin images path to: C:\ST\STM32CubeIDE_1.11.2\STM32CubeIDE\plugins\com.st.stm32cube.common.mx_6.12.0.202406281431\\db\/plugins/mcufinder/images/
2024-08-01 22:08:14,724 [WARN] DbFile:41 - Overriding database path with different value: C:\Users\bakra\.stmcufinder\plugins\mcufinder/ => C:\Users\bakra\.stmcufinder\plugins\mcufinder
2024-08-01 22:08:14,725 [INFO] ApiDb:250 - Set database path to: C:\Users\bakra\.stmcufinder\plugins\mcufinder//mcu/
2024-08-01 22:08:14,725 [WARN] DbFile:41 - Overriding database path with different value: C:\Users\bakra\.stmcufinder\plugins\mcufinder/ => C:\Users\bakra\.stmcufinder\plugins\mcufinder
2024-08-01 22:08:14,725 [INFO] DbMcusAds:125 - Set database path to: C:\Users\bakra\.stmcufinder\plugins\mcufinder//mcu/
2024-08-01 22:08:14,725 [WARN] DbFile:41 - Overriding database path with different value: C:\Users\bakra\.stmcufinder\plugins\mcufinder/ => C:\Users\bakra\.stmcufinder\plugins\mcufinder
2024-08-01 22:08:14,725 [WARN] DbFile:41 - Overriding database path with different value: C:\Users\bakra\.stmcufinder\plugins\mcufinder/ => C:\Users\bakra\.stmcufinder\plugins\mcufinder
2024-08-01 22:08:14,725 [INFO] CrossReferenceDbSqlite:203 - Set database path to: C:\Users\bakra\.stmcufinder\plugins\mcufinder//mcu/cs/
2024-08-01 22:08:14,961 [INFO] MainPanel:268 - HeapMemory: 268435456
2024-08-01 22:08:15,236 [INFO] DbMcusXml:78 - Set database path to: C:\ST\STM32CubeIDE_1.11.2\STM32CubeIDE\plugins\com.st.stm32cube.common.mx_6.12.0.202406281431\\db\/mcu/
2024-08-01 22:08:15,237 [INFO] ApiDb:274 - Set plugin database path to: C:\ST\STM32CubeIDE_1.11.2\STM32CubeIDE\plugins\com.st.stm32cube.common.mx_6.12.0.202406281431\\db\/plugins/boardmanager/
2024-08-01 22:08:15,237 [INFO] ApiDb:261 - Set plugin images path to: C:\ST\STM32CubeIDE_1.11.2\STM32CubeIDE\plugins\com.st.stm32cube.common.mx_6.12.0.202406281431\\db\/plugins/mcufinder/images/
2024-08-01 22:08:15,238 [WARN] DbFile:41 - Overriding database path with different value: C:\Users\bakra\.stmcufinder\plugins\mcufinder/ => C:\Users\bakra\.stmcufinder\plugins\mcufinder
2024-08-01 22:08:15,238 [INFO] ApiDb:250 - Set database path to: C:\Users\bakra\.stmcufinder\plugins\mcufinder//mcu/
2024-08-01 22:08:15,239 [WARN] DbFile:41 - Overriding database path with different value: C:\Users\bakra\.stmcufinder\plugins\mcufinder/ => C:\Users\bakra\.stmcufinder\plugins\mcufinder
2024-08-01 22:08:15,239 [INFO] DbMcusAds:125 - Set database path to: C:\Users\bakra\.stmcufinder\plugins\mcufinder//mcu/
2024-08-01 22:08:15,239 [WARN] DbFile:41 - Overriding database path with different value: C:\Users\bakra\.stmcufinder\plugins\mcufinder/ => C:\Users\bakra\.stmcufinder\plugins\mcufinder
2024-08-01 22:08:15,239 [WARN] DbFile:41 - Overriding database path with different value: C:\Users\bakra\.stmcufinder\plugins\mcufinder/ => C:\Users\bakra\.stmcufinder\plugins\mcufinder
2024-08-01 22:08:15,239 [INFO] CrossReferenceDbSqlite:203 - Set database path to: C:\Users\bakra\.stmcufinder\plugins\mcufinder//mcu/cs/
2024-08-01 22:08:15,278 [INFO] ApplicationProperties:184 - Using Application install path: C:\ST\STM32CubeIDE_1.11.2\STM32CubeIDE\plugins\com.st.stm32cube.common.mx_6.12.0.202406281431
2024-08-01 22:08:15,281 [INFO] PluginManage:196 - Search for loadable plugins [exclusion list=, ]
2024-08-01 22:08:15,284 [INFO] PluginManage:310 - Check plugin analytics
2024-08-01 22:08:15,683 [INFO] AnalyticsPlugin:253 - Accepted Software Licenses: 
2024-08-01 22:08:15,683 [INFO] AnalyticsPlugin:255 - Accepted CMSIS Pack Licenses: 
2024-08-01 22:08:15,684 [INFO] AnalyticsPlugin:257 - Accepted Firmware Licenses: 
2024-08-01 22:08:15,691 [INFO] PluginManage:359 - Loaded plugin analytics (category:tool,tabindex:-1)
2024-08-01 22:08:15,693 [INFO] PluginManage:310 - Check plugin cadmodel
2024-08-01 22:08:15,750 [INFO] CADModel:105 - Init CAD model plugin
2024-08-01 22:08:15,750 [INFO] PluginManage:359 - Loaded plugin cadmodel (category:power,tabindex:5)
2024-08-01 22:08:15,751 [INFO] PluginManage:310 - Check plugin clock
2024-08-01 22:08:15,874 [INFO] PluginManage:359 - Loaded plugin clock (category:base,tabindex:2)
2024-08-01 22:08:15,876 [INFO] PluginManage:310 - Check plugin ddr
2024-08-01 22:08:15,887 [INFO] PluginManage:359 - Loaded plugin ddr (category:tool,tabindex:6)
2024-08-01 22:08:15,887 [INFO] PluginManage:310 - Check plugin filemanager
2024-08-01 22:08:16,403 [INFO] PluginManage:359 - Loaded plugin filemanager (category:base,tabindex:10)
2024-08-01 22:08:16,403 [INFO] PluginManage:310 - Check plugin ipmanager
2024-08-01 22:08:16,433 [INFO] PluginManage:359 - Loaded plugin ipmanager (category:base,tabindex:5)
2024-08-01 22:08:16,434 [INFO] PluginManage:310 - Check plugin lpbam
2024-08-01 22:08:16,509 [INFO] PluginManage:359 - Loaded plugin lpbam (category:base,tabindex:0)
2024-08-01 22:08:16,510 [INFO] PluginManage:310 - Check plugin memorymap
2024-08-01 22:08:16,625 [INFO] PluginManage:359 - Loaded plugin memorymap (category:base,tabindex:4)
2024-08-01 22:08:16,626 [INFO] PluginManage:310 - Check plugin pinoutandconfiguration
2024-08-01 22:08:16,687 [INFO] PluginManage:359 - Loaded plugin pinoutandconfiguration (category:base,tabindex:1)
2024-08-01 22:08:16,688 [INFO] PluginManage:310 - Check plugin pinoutconfig
2024-08-01 22:08:17,087 [WARN] SupportedApi:132 - Cannot load RTOS API schema: s4s-elt-must-match.1: The content of 'definitions' must match (annotation?, (simpleType | complexType)?, (unique | key | keyref)*)). A problem was found starting at: attribute.
2024-08-01 22:08:17,588 [INFO] PluginManage:359 - Loaded plugin pinoutconfig (category:base,tabindex:0)
2024-08-01 22:08:17,588 [INFO] PluginManage:310 - Check plugin power
2024-08-01 22:08:17,655 [INFO] PluginManage:359 - Loaded plugin power (category:power,tabindex:4)
2024-08-01 22:08:17,655 [INFO] PluginManage:310 - Check plugin projectmanager
2024-08-01 22:08:17,700 [INFO] PluginManage:359 - Loaded plugin projectmanager (category:projectmanager,tabindex:4)
2024-08-01 22:08:17,700 [INFO] PluginManage:310 - Check plugin rif
2024-08-01 22:08:17,861 [INFO] PluginManage:359 - Loaded plugin rif (category:base,tabindex:3)
2024-08-01 22:08:17,862 [INFO] PluginManage:310 - Check plugin thirdparty
2024-08-01 22:08:18,653 [INFO] PluginManage:359 - Loaded plugin thirdparty (category:base,tabindex:-1)
2024-08-01 22:08:18,653 [WARN] IntegrityCheckThread:84 - waiting for thirdparty lock release [integrity check]
2024-08-01 22:08:18,653 [INFO] PluginManage:310 - Check plugin tools
2024-08-01 22:08:18,653 [INFO] IntegrityCheckThread:86 - entering critical section [integrity check]
2024-08-01 22:08:18,654 [INFO] ThirdPartyUpdaterWithRetryManager:70 - Updater plugin not ready yet. [1/15]
2024-08-01 22:08:18,753 [INFO] PluginManage:359 - Loaded plugin tools (category:base,tabindex:7)
2024-08-01 22:08:18,754 [INFO] PluginManage:310 - Check plugin tutovideos
2024-08-01 22:08:19,334 [INFO] PluginManage:359 - Loaded plugin tutovideos (category:base,tabindex:-1)
2024-08-01 22:08:19,334 [INFO] PluginManage:310 - Check plugin updater
2024-08-01 22:08:19,376 [INFO] PluginManage:359 - Loaded plugin updater (category:base,tabindex:12)
2024-08-01 22:08:19,376 [INFO] PluginManage:310 - Check plugin userauth
2024-08-01 22:08:19,394 [INFO] UserAuth:113 - Init User Auth plugin
2024-08-01 22:08:19,394 [INFO] PluginManage:359 - Loaded plugin userauth (category:base,tabindex:14)
2024-08-01 22:08:19,396 [INFO] PluginManage:283 - PluginManage : Loaded plugins [18]
2024-08-01 22:08:20,053 [INFO] PinOutPanel:1561 - setPackage(No Configuration,No Configuration)
2024-08-01 22:08:20,375 [INFO] CADModel:165 - CPN selected for project level
2024-08-01 22:08:20,375 [INFO] CADModel:114 - Register for checkConnection events
2024-08-01 22:08:20,475 [INFO] IPUIPlugin:80 - create IPUIPlugin
2024-08-01 22:08:20,475 [INFO] PluginManager:220 - loadIPPluginJar : add adc
2024-08-01 22:08:20,624 [INFO] IPUIPlugin:80 - create IPUIPlugin
2024-08-01 22:08:20,625 [INFO] PluginManager:220 - loadIPPluginJar : add aes
2024-08-01 22:08:20,800 [INFO] IPUIPlugin:80 - create IPUIPlugin
2024-08-01 22:08:20,800 [INFO] PluginManager:220 - loadIPPluginJar : add can
2024-08-01 22:08:20,864 [INFO] IPUIPlugin:80 - create IPUIPlugin
2024-08-01 22:08:20,865 [INFO] PluginManager:220 - loadIPPluginJar : add comp
2024-08-01 22:08:20,978 [INFO] IPUIPlugin:80 - create IPUIPlugin
2024-08-01 22:08:20,978 [INFO] PluginManager:220 - loadIPPluginJar : add cryp
2024-08-01 22:08:21,010 [INFO] IPUIPlugin:80 - create IPUIPlugin
2024-08-01 22:08:21,010 [INFO] PluginManager:220 - loadIPPluginJar : add ddr_ctrl_phy
2024-08-01 22:08:21,095 [INFO] IPUIPlugin:80 - create IPUIPlugin
2024-08-01 22:08:21,095 [INFO] PluginManager:220 - loadIPPluginJar : add dfsdm
2024-08-01 22:08:21,128 [INFO] IPUIPlugin:80 - create IPUIPlugin
2024-08-01 22:08:21,130 [INFO] PluginManager:220 - loadIPPluginJar : add dma
2024-08-01 22:08:21,240 [INFO] IPUIPlugin:80 - create IPUIPlugin
2024-08-01 22:08:21,240 [INFO] PluginManager:220 - loadIPPluginJar : add dma3
2024-08-01 22:08:21,353 [INFO] IPUIPlugin:80 - create IPUIPlugin
2024-08-01 22:08:21,355 [INFO] PluginManager:220 - loadIPPluginJar : add extmemmanager
2024-08-01 22:08:21,409 [INFO] IPUIPlugin:80 - create IPUIPlugin
2024-08-01 22:08:21,409 [INFO] PluginManager:220 - loadIPPluginJar : add fatfs
2024-08-01 22:08:21,523 [INFO] IPUIPlugin:80 - create IPUIPlugin
2024-08-01 22:08:21,523 [INFO] PluginManager:220 - loadIPPluginJar : add fmc
2024-08-01 22:08:21,558 [INFO] IPUIPlugin:80 - create IPUIPlugin
2024-08-01 22:08:21,558 [INFO] PluginManager:220 - loadIPPluginJar : add freertos
2024-08-01 22:08:21,617 [INFO] IPUIPlugin:80 - create IPUIPlugin
2024-08-01 22:08:21,618 [INFO] PluginManager:220 - loadIPPluginJar : add genericplugin
2024-08-01 22:08:21,657 [INFO] ThirdPartyUpdaterWithRetryManager:70 - Updater plugin not ready yet. [2/15]
2024-08-01 22:08:21,908 [INFO] IPUIPlugin:80 - create IPUIPlugin
2024-08-01 22:08:21,908 [INFO] PluginManager:220 - loadIPPluginJar : add gfxmmu
2024-08-01 22:08:22,225 [INFO] IPUIPlugin:80 - create IPUIPlugin
2024-08-01 22:08:22,225 [INFO] PluginManager:220 - loadIPPluginJar : add gic
2024-08-01 22:08:22,248 [INFO] IPUIPlugin:80 - create IPUIPlugin
2024-08-01 22:08:22,248 [INFO] PluginManager:220 - loadIPPluginJar : add gpio
2024-08-01 22:08:22,447 [INFO] IPUIPlugin:80 - create IPUIPlugin
2024-08-01 22:08:22,447 [INFO] PluginManager:220 - loadIPPluginJar : add gtzc
2024-08-01 22:08:22,516 [INFO] IPUIPlugin:80 - create IPUIPlugin
2024-08-01 22:08:22,516 [INFO] PluginManager:220 - loadIPPluginJar : add hash
2024-08-01 22:08:22,622 [INFO] IPUIPlugin:80 - create IPUIPlugin
2024-08-01 22:08:22,622 [INFO] PluginManager:220 - loadIPPluginJar : add i2c
2024-08-01 22:08:22,704 [INFO] IPUIPlugin:80 - create IPUIPlugin
2024-08-01 22:08:22,705 [INFO] PluginManager:220 - loadIPPluginJar : add i2s
2024-08-01 22:08:22,798 [INFO] IPUIPlugin:80 - create IPUIPlugin
2024-08-01 22:08:22,800 [INFO] PluginManager:220 - loadIPPluginJar : add i3c
2024-08-01 22:08:23,052 [INFO] IPUIPlugin:80 - create IPUIPlugin
2024-08-01 22:08:23,052 [INFO] PluginManager:220 - loadIPPluginJar : add ipddr
2024-08-01 22:08:23,305 [INFO] IPUIPlugin:80 - create IPUIPlugin
2024-08-01 22:08:23,306 [INFO] PluginManager:220 - loadIPPluginJar : add linkedlist
2024-08-01 22:08:23,405 [INFO] IPUIPlugin:80 - create IPUIPlugin
2024-08-01 22:08:23,405 [INFO] PluginManager:220 - loadIPPluginJar : add lorawan
2024-08-01 22:08:23,499 [INFO] IPUIPlugin:80 - create IPUIPlugin
2024-08-01 22:08:23,499 [INFO] PluginManager:220 - loadIPPluginJar : add ltdc
2024-08-01 22:08:23,532 [INFO] IPUIPlugin:80 - create IPUIPlugin
2024-08-01 22:08:23,532 [INFO] PluginManager:220 - loadIPPluginJar : add mdma
2024-08-01 22:08:23,561 [INFO] IPUIPlugin:80 - create IPUIPlugin
2024-08-01 22:08:23,561 [INFO] PluginManager:220 - loadIPPluginJar : add nvic
2024-08-01 22:08:23,640 [INFO] IPUIPlugin:80 - create IPUIPlugin
2024-08-01 22:08:23,640 [INFO] PluginManager:220 - loadIPPluginJar : add opamp
2024-08-01 22:08:23,807 [INFO] IPUIPlugin:80 - create IPUIPlugin
2024-08-01 22:08:23,808 [INFO] PluginManager:220 - loadIPPluginJar : add openamp
2024-08-01 22:08:23,922 [INFO] IPUIPlugin:80 - create IPUIPlugin
2024-08-01 22:08:23,922 [INFO] PluginManager:220 - loadIPPluginJar : add pdm2pcm
2024-08-01 22:08:23,958 [INFO] IPUIPlugin:80 - create IPUIPlugin
2024-08-01 22:08:23,963 [INFO] PluginManager:220 - loadIPPluginJar : add plateformsettings
2024-08-01 22:08:24,029 [INFO] IPUIPlugin:80 - create IPUIPlugin
2024-08-01 22:08:24,029 [INFO] PluginManager:220 - loadIPPluginJar : add quadspi
2024-08-01 22:08:24,101 [INFO] IPUIPlugin:80 - create IPUIPlugin
2024-08-01 22:08:24,102 [INFO] PluginManager:220 - loadIPPluginJar : add radio
2024-08-01 22:08:24,131 [INFO] IPUIPlugin:80 - create IPUIPlugin
2024-08-01 22:08:24,131 [INFO] PluginManager:220 - loadIPPluginJar : add resmgrutility
2024-08-01 22:08:24,255 [INFO] IPUIPlugin:80 - create IPUIPlugin
2024-08-01 22:08:24,255 [INFO] PluginManager:220 - loadIPPluginJar : add sai
2024-08-01 22:08:24,342 [INFO] IPUIPlugin:80 - create IPUIPlugin
2024-08-01 22:08:24,342 [INFO] PluginManager:220 - loadIPPluginJar : add spi
2024-08-01 22:08:24,480 [INFO] IPUIPlugin:80 - create IPUIPlugin
2024-08-01 22:08:24,481 [INFO] PluginManager:220 - loadIPPluginJar : add stm32_wpan
2024-08-01 22:08:24,531 [INFO] IPUIPlugin:80 - create IPUIPlugin
2024-08-01 22:08:24,531 [INFO] PluginManager:220 - loadIPPluginJar : add tim
2024-08-01 22:08:24,658 [INFO] ThirdPartyUpdaterWithRetryManager:70 - Updater plugin not ready yet. [3/15]
2024-08-01 22:08:24,674 [INFO] IPUIPlugin:80 - create IPUIPlugin
2024-08-01 22:08:24,675 [INFO] PluginManager:220 - loadIPPluginJar : add touchsensing
2024-08-01 22:08:24,734 [INFO] IPUIPlugin:80 - create IPUIPlugin
2024-08-01 22:08:24,734 [INFO] PluginManager:220 - loadIPPluginJar : add tracer_emb
2024-08-01 22:08:24,797 [INFO] IPUIPlugin:80 - create IPUIPlugin
2024-08-01 22:08:24,797 [INFO] PluginManager:220 - loadIPPluginJar : add ts
2024-08-01 22:08:24,845 [INFO] IPUIPlugin:80 - create IPUIPlugin
2024-08-01 22:08:24,846 [INFO] PluginManager:220 - loadIPPluginJar : add tsc
2024-08-01 22:08:24,892 [INFO] IPUIPlugin:80 - create IPUIPlugin
2024-08-01 22:08:24,892 [INFO] PluginManager:220 - loadIPPluginJar : add ucpd
2024-08-01 22:08:24,997 [INFO] IPUIPlugin:80 - create IPUIPlugin
2024-08-01 22:08:24,997 [INFO] PluginManager:220 - loadIPPluginJar : add usart
2024-08-01 22:08:25,123 [INFO] IPUIPlugin:80 - create IPUIPlugin
2024-08-01 22:08:25,123 [INFO] PluginManager:220 - loadIPPluginJar : add usbx
2024-08-01 22:08:25,320 [INFO] CADModel:165 - CPN selected for project level
2024-08-01 22:08:25,320 [INFO] CADModel:114 - Register for checkConnection events
2024-08-01 22:08:25,320 [FATAL] Updater:334 - Updater called before beeing initialized
2024-08-01 22:08:25,320 [ERROR] CADModel:125 - Updater not yet initialized, retry later 
2024-08-01 22:08:25,606 [INFO] CADModel:165 - CPN selected for project level
2024-08-01 22:08:25,606 [INFO] CADModel:114 - Register for checkConnection events
2024-08-01 22:08:25,607 [FATAL] Updater:334 - Updater called before beeing initialized
2024-08-01 22:08:25,607 [ERROR] CADModel:125 - Updater not yet initialized, retry later 
2024-08-01 22:08:25,613 [FATAL] Updater:334 - Updater called before beeing initialized
2024-08-01 22:08:25,821 [FATAL] Updater:334 - Updater called before beeing initialized
2024-08-01 22:08:25,846 [INFO] DbMcusAds:53 - JSON generation date=Thu May 16 05:22:00 EDT 2024 (1715851320667)
2024-08-01 22:08:25,846 [FATAL] Updater:334 - Updater called before beeing initialized
2024-08-01 22:08:25,914 [WARN] DetailPanel:346 - Failed to get advertising image, set to default
2024-08-01 22:08:26,146 [FATAL] Updater:334 - Updater called before beeing initialized
2024-08-01 22:08:26,151 [FATAL] Updater:334 - Updater called before beeing initialized
2024-08-01 22:08:26,151 [FATAL] Updater:334 - Updater called before beeing initialized
2024-08-01 22:08:26,151 [WARN] DetailPanel:346 - Failed to get advertising image, set to default
2024-08-01 22:08:26,152 [FATAL] Updater:334 - Updater called before beeing initialized
2024-08-01 22:08:26,302 [ERROR] Updater:1164 - MainUpdater not yet initialized. External WinMGr cannot be set.
2024-08-01 22:08:26,323 [INFO] Updater:1100 - Updater Version found : 6.12.0
2024-08-01 22:08:26,356 [INFO] ApplicationProperties:184 - Using Application install path: C:\ST\STM32CubeIDE_1.11.2\STM32CubeIDE\plugins\com.st.stm32cube.common.mx_6.12.0.202406281431
2024-08-01 22:08:27,662 [INFO] ThirdPartyUpdaterWithRetryManager:70 - Updater plugin not ready yet. [4/15]
2024-08-01 22:08:27,961 [ERROR] LogOutputStream:75 - [STDERR_REDIRECT] Aug 01, 2024 10:08:27 PM java.util.prefs.WindowsPreferences <init>
2024-08-01 22:08:27,968 [ERROR] LogOutputStream:75 - [STDERR_REDIRECT] WARNING: Could not open/create prefs root node Software\JavaSoft\Prefs at root 0xffffffff80000002. Windows RegCreateKeyEx(...) returned error code 5.
2024-08-01 22:08:27,969 [ERROR] LogOutputStream:75 - [STDERR_REDIRECT] 
2024-08-01 22:08:29,506 [INFO] MainUpdater:2873 - connection check result : 10
2024-08-01 22:08:29,509 [INFO] MainUpdater:290 - Updater Check For Update Now.
2024-08-01 22:08:29,510 [INFO] MicroXplorer:498 - Change Database Version : DB.6.0.120
2024-08-01 22:08:29,590 [INFO] McuFinderGlobals:63 - Set McuFinder mode to 2 (CubeIDE integrated)
2024-08-01 22:08:29,624 [INFO] UserAuth:417 - Internet connection configuration mode: 1
2024-08-01 22:08:29,803 [INFO] JxBrowserEngine:152 - Initiate JxBrowser Engine with user profile folder
2024-08-01 22:08:30,115 [INFO] CheckServerUpdateThread:120 - End of CheckServer Thread
2024-08-01 22:08:31,449 [WARN] PackLoader:240 - Cannot read IP mode file for STMicroelectronics.FP-SNS-MOTENVWB1.1.4.0
2024-08-01 22:08:31,528 [WARN] PackLoader:240 - Cannot read IP mode file for STMicroelectronics.X-CUBE-SMBUS.2.1.0
2024-08-01 22:08:31,583 [WARN] PackLoader:240 - Cannot read IP mode file for STMicroelectronics.X-CUBE-TOUCHGFX.4.23.0
2024-08-01 22:08:31,643 [WARN] PackLoader:240 - Cannot read IP mode file for STMicroelectronics.X-CUBE-TOUCHGFX.4.23.2
2024-08-01 22:08:31,783 [WARN] PackLoader:240 - Cannot read IP mode file for STMicroelectronics.X-CUBE-AZRTOS-F7.1.1.0
2024-08-01 22:08:31,830 [ERROR] RealEvaluatedCondition:428 - Found unsupported composite condition: GROUP='STM32_MetaDataManager' CLASS='Data Exchange'
2024-08-01 22:08:31,831 [ERROR] RealEvaluatedCondition:428 - Found unsupported composite condition: CLASS='Data Exchange' GROUP='STM32_MetaDataManager'
2024-08-01 22:08:31,834 [WARN] PackLoader:240 - Cannot read IP mode file for STMicroelectronics.FP-SNS-MOTENV1.4.3.0
2024-08-01 22:08:31,871 [WARN] PackLoader:240 - Cannot read IP mode file for STMicroelectronics.FP-SNS-MOTENV1.4.3.2
2024-08-01 22:08:31,902 [WARN] PackLoader:240 - Cannot read IP mode file for STMicroelectronics.FP-SNS-FLIGHT1.5.0.0
2024-08-01 22:08:31,931 [ERROR] RealEvaluatedCondition:428 - Found unsupported composite condition: GROUP='STM32_MetaDataManager' CLASS='Data Exchange'
2024-08-01 22:08:31,932 [ERROR] RealEvaluatedCondition:428 - Found unsupported composite condition: GROUP='STM32_MetaDataManager' CLASS='Data Exchange'
2024-08-01 22:08:31,934 [WARN] PackLoader:240 - Cannot read IP mode file for STMicroelectronics.FP-SNS-MOTENV1.4.3.1
2024-08-01 22:08:31,974 [WARN] PackLoader:240 - Cannot read IP mode file for STMicroelectronics.FP-SNS-FLIGHT1.5.0.1
2024-08-01 22:08:32,009 [WARN] PackLoader:240 - Cannot read IP mode file for STMicroelectronics.X-CUBE-BLE1.6.2.4
2024-08-01 22:08:32,034 [WARN] PackLoader:240 - Cannot read IP mode file for STMicroelectronics.FP-SNS-FLIGHT1.5.0.2
2024-08-01 22:08:32,070 [WARN] PackLoader:240 - Cannot read IP mode file for STMicroelectronics.X-CUBE-DISPLAY.3.0.0
2024-08-01 22:08:32,106 [WARN] PackLoader:240 - Cannot read IP mode file for STMicroelectronics.X-CUBE-BLE1.7.0.0
2024-08-01 22:08:32,130 [WARN] PackLoader:240 - Cannot read IP mode file for STMicroelectronics.X-CUBE-TOUCHGFX.4.22.0
2024-08-01 22:08:32,153 [WARN] PackLoader:240 - Cannot read IP mode file for STMicroelectronics.X-CUBE-TOUCHGFX.4.22.1
2024-08-01 22:08:32,193 [WARN] PackLoader:240 - Cannot read IP mode file for STMicroelectronics.X-CUBE-BLEMGR.3.1.0
2024-08-01 22:08:32,243 [WARN] PackLoader:240 - Cannot read IP mode file for STMicroelectronics.FP-SNS-SMARTAG2.1.2.0
2024-08-01 22:08:32,310 [INFO] LogOutputStream:77 - [STDOUT_REDIRECT] 1 : Invalid condition id : UX_CORESTACK_Condition cause : null
2024-08-01 22:08:32,313 [INFO] LogOutputStream:77 - [STDOUT_REDIRECT] 1 : Invalid condition id : UX_CORESTACK_Condition cause : null
2024-08-01 22:08:32,315 [INFO] LogOutputStream:77 - [STDOUT_REDIRECT] 1 : Invalid condition id : UX_CORESTACK_Condition cause : null
2024-08-01 22:08:32,318 [INFO] LogOutputStream:77 - [STDOUT_REDIRECT] 1 : Invalid condition id : UX_CORESTACK_Condition cause : null
2024-08-01 22:08:32,320 [INFO] LogOutputStream:77 - [STDOUT_REDIRECT] 1 : Invalid condition id : UX_CORESTACK_Condition cause : null
2024-08-01 22:08:32,332 [WARN] PackLoader:240 - Cannot read IP mode file for STMicroelectronics.X-CUBE-AZRTOS-WL.2.0.0
2024-08-01 22:08:32,402 [WARN] PackLoader:240 - Cannot read IP mode file for STMicroelectronics.FP-SNS-MOTENV1.5.0.0
2024-08-01 22:08:32,439 [WARN] PackLoader:240 - Cannot read IP mode file for wolfSSL.I-CUBE-wolfMQTT.1.19.0
2024-08-01 22:08:32,477 [WARN] PackLoader:240 - Cannot read IP mode file for WES.I-CUBE-Cesium.1.3.0
2024-08-01 22:08:32,505 [WARN] PackLoader:240 - Cannot read IP mode file for STMicroelectronics.X-CUBE-BLE2.3.3.0
2024-08-01 22:08:32,551 [WARN] PackLoader:240 - Cannot read IP mode file for STMicroelectronics.X-CUBE-TOF1.3.2.0
2024-08-01 22:08:32,612 [WARN] PackLoader:240 - Cannot read IP mode file for STMicroelectronics.X-CUBE-TCPP.4.1.0
2024-08-01 22:08:32,654 [WARN] PackLoader:240 - Cannot read IP mode file for STMicroelectronics.X-CUBE-TOUCHGFX.4.21.1
2024-08-01 22:08:32,707 [WARN] PackLoader:240 - Cannot read IP mode file for STMicroelectronics.X-CUBE-TOUCHGFX.4.21.3
2024-08-01 22:08:32,739 [WARN] PackLoader:240 - Cannot read IP mode file for STMicroelectronics.X-CUBE-TOUCHGFX.4.21.4
2024-08-01 22:08:32,783 [WARN] PackLoader:240 - Cannot read IP mode file for STMicroelectronics.X-CUBE-ALGOBUILD.1.3.0
2024-08-01 22:08:32,862 [WARN] PackLoader:240 - Cannot read IP mode file for STMicroelectronics.X-CUBE-AZRTOS-G0.1.1.0
2024-08-01 22:08:32,915 [WARN] PackLoader:240 - Cannot read IP mode file for STMicroelectronics.X-CUBE-SAFEA1.1.2.2
2024-08-01 22:08:32,947 [WARN] PackLoader:240 - Cannot read IP mode file for STMicroelectronics.X-CUBE-NFC4.3.0.0
2024-08-01 22:08:32,975 [WARN] PackLoader:240 - Cannot read IP mode file for wolfSSL.I-CUBE-wolfMQTT.1.18.0
2024-08-01 22:08:33,025 [WARN] PackLoader:240 - Cannot read IP mode file for EmbeddedOffice.I-CUBE-FS-RTOS.1.0.1
2024-08-01 22:08:33,026 [ERROR] ConditionMgr:805 - Attr not supported : Dmpu
2024-08-01 22:08:33,026 [ERROR] ConditionMgr:805 - Attr not supported : Dmpu
2024-08-01 22:08:33,026 [ERROR] ConditionMgr:805 - Attr not supported : Dmpu
2024-08-01 22:08:33,027 [ERROR] ConditionMgr:805 - Attr not supported : Dmpu
2024-08-01 22:08:33,028 [ERROR] ConditionMgr:805 - Attr not supported : Dmpu
2024-08-01 22:08:33,028 [ERROR] ConditionMgr:805 - Attr not supported : Dmpu
2024-08-01 22:08:33,028 [ERROR] ConditionMgr:805 - Attr not supported : Dmpu
2024-08-01 22:08:33,028 [ERROR] ConditionMgr:805 - Attr not supported : Dmpu
2024-08-01 22:08:33,028 [ERROR] ConditionMgr:805 - Attr not supported : Dmpu
2024-08-01 22:08:33,028 [ERROR] ConditionMgr:805 - Attr not supported : Dmpu
2024-08-01 22:08:33,029 [ERROR] ConditionMgr:805 - Attr not supported : Dmpu
2024-08-01 22:08:33,029 [ERROR] ConditionMgr:805 - Attr not supported : Dmpu
2024-08-01 22:08:33,030 [ERROR] ConditionMgr:805 - Attr not supported : Dmpu
2024-08-01 22:08:33,030 [ERROR] ConditionMgr:805 - Attr not supported : Dmpu
2024-08-01 22:08:33,030 [ERROR] ConditionMgr:805 - Attr not supported : Dmpu
2024-08-01 22:08:33,031 [ERROR] ConditionMgr:805 - Attr not supported : Dmpu
2024-08-01 22:08:33,031 [ERROR] ConditionMgr:805 - Attr not supported : Dmpu
2024-08-01 22:08:33,031 [ERROR] ConditionMgr:805 - Attr not supported : Dmpu
2024-08-01 22:08:33,031 [ERROR] ConditionMgr:805 - Attr not supported : Dmpu
2024-08-01 22:08:33,031 [ERROR] ConditionMgr:805 - Attr not supported : Dmpu
2024-08-01 22:08:33,032 [ERROR] ConditionMgr:805 - Attr not supported : Dmpu
2024-08-01 22:08:33,032 [ERROR] ConditionMgr:805 - Attr not supported : Dmpu
2024-08-01 22:08:33,032 [ERROR] ConditionMgr:805 - Attr not supported : Dmpu
2024-08-01 22:08:33,032 [ERROR] ConditionMgr:805 - Attr not supported : Dmpu
2024-08-01 22:08:33,032 [ERROR] ConditionMgr:805 - Attr not supported : Dmpu
2024-08-01 22:08:33,032 [ERROR] ConditionMgr:805 - Attr not supported : Dmpu
2024-08-01 22:08:33,032 [ERROR] ConditionMgr:805 - Attr not supported : Dmpu
2024-08-01 22:08:33,032 [ERROR] ConditionMgr:805 - Attr not supported : Dmpu
2024-08-01 22:08:33,033 [ERROR] ConditionMgr:805 - Attr not supported : Dmpu
2024-08-01 22:08:33,033 [ERROR] ConditionMgr:805 - Attr not supported : Dmpu
2024-08-01 22:08:33,033 [ERROR] ConditionMgr:805 - Attr not supported : Dmpu
2024-08-01 22:08:33,034 [ERROR] ConditionMgr:805 - Attr not supported : Dmpu
2024-08-01 22:08:33,034 [ERROR] ConditionMgr:805 - Attr not supported : Dmpu
2024-08-01 22:08:33,034 [ERROR] ConditionMgr:805 - Attr not supported : Dmpu
2024-08-01 22:08:33,034 [ERROR] ConditionMgr:805 - Attr not supported : Dmpu
2024-08-01 22:08:33,034 [ERROR] ConditionMgr:805 - Attr not supported : Dmpu
2024-08-01 22:08:33,035 [ERROR] ConditionMgr:805 - Attr not supported : Dmpu
2024-08-01 22:08:33,035 [ERROR] ConditionMgr:805 - Attr not supported : Dmpu
2024-08-01 22:08:33,035 [ERROR] ConditionMgr:805 - Attr not supported : Dmpu
2024-08-01 22:08:33,035 [ERROR] ConditionMgr:805 - Attr not supported : Dmpu
2024-08-01 22:08:33,036 [ERROR] ConditionMgr:805 - Attr not supported : Dmpu
2024-08-01 22:08:33,036 [ERROR] ConditionMgr:805 - Attr not supported : Dmpu
2024-08-01 22:08:33,037 [ERROR] ConditionMgr:805 - Attr not supported : Dmpu
2024-08-01 22:08:33,037 [ERROR] ConditionMgr:805 - Attr not supported : Dmpu
2024-08-01 22:08:33,037 [ERROR] ConditionMgr:805 - Attr not supported : Dmpu
2024-08-01 22:08:33,037 [ERROR] ConditionMgr:805 - Attr not supported : Dmpu
2024-08-01 22:08:33,038 [ERROR] ConditionMgr:805 - Attr not supported : Dmpu
2024-08-01 22:08:33,038 [ERROR] ConditionMgr:805 - Attr not supported : Dmpu
2024-08-01 22:08:33,038 [ERROR] ConditionMgr:805 - Attr not supported : Dmpu
2024-08-01 22:08:33,038 [ERROR] ConditionMgr:805 - Attr not supported : Dmpu
2024-08-01 22:08:33,038 [ERROR] ConditionMgr:805 - Attr not supported : Dmpu
2024-08-01 22:08:33,039 [ERROR] ConditionMgr:805 - Attr not supported : Dmpu
2024-08-01 22:08:33,039 [ERROR] ConditionMgr:805 - Attr not supported : Dmpu
2024-08-01 22:08:33,039 [ERROR] ConditionMgr:805 - Attr not supported : Dmpu
2024-08-01 22:08:33,039 [ERROR] ConditionMgr:805 - Attr not supported : Dmpu
2024-08-01 22:08:33,039 [ERROR] ConditionMgr:805 - Attr not supported : Dmpu
2024-08-01 22:08:33,039 [ERROR] ConditionMgr:805 - Attr not supported : Dmpu
2024-08-01 22:08:33,040 [ERROR] ConditionMgr:805 - Attr not supported : Dmpu
2024-08-01 22:08:33,040 [ERROR] ConditionMgr:805 - Attr not supported : Dmpu
2024-08-01 22:08:33,040 [ERROR] ConditionMgr:805 - Attr not supported : Dmpu
2024-08-01 22:08:33,040 [ERROR] ConditionMgr:805 - Attr not supported : Dmpu
2024-08-01 22:08:33,040 [ERROR] ConditionMgr:805 - Attr not supported : Dmpu
2024-08-01 22:08:33,040 [ERROR] ConditionMgr:805 - Attr not supported : Dmpu
2024-08-01 22:08:33,041 [ERROR] ConditionMgr:805 - Attr not supported : Dmpu
2024-08-01 22:08:33,094 [WARN] PackLoader:240 - Cannot read IP mode file for STMicroelectronics.X-CUBE-BLEMGR.3.0.0
2024-08-01 22:08:33,166 [WARN] PackLoader:240 - Cannot read IP mode file for STMicroelectronics.X-CUBE-BLEMGR.1.3.0
2024-08-01 22:08:33,223 [WARN] PackLoader:240 - Cannot read IP mode file for RealThread.X-CUBE-RT-Thread_Nano.4.1.1
2024-08-01 22:08:33,275 [WARN] PackLoader:240 - Cannot read IP mode file for STMicroelectronics.FP-ATR-SIGFOX1.3.2.0
2024-08-01 22:08:33,342 [WARN] PackLoader:240 - Cannot read IP mode file for STMicroelectronics.X-CUBE-EEPRMA1.5.1.0
2024-08-01 22:08:33,567 [WARN] PackLoader:240 - Cannot read IP mode file for STMicroelectronics.X-CUBE-MEMS1.9.5.0
2024-08-01 22:08:34,498 [WARN] PackLoader:240 - Cannot read IP mode file for SEGGER.I-CUBE-embOS.1.3.1
2024-08-01 22:08:34,765 [WARN] PackLoader:240 - Cannot read IP mode file for STMicroelectronics.X-CUBE-ALGOBUILD.1.4.0
2024-08-01 22:08:34,839 [WARN] PackLoader:240 - Cannot read IP mode file for STMicroelectronics.X-CUBE-GNSS1.6.0.0
2024-08-01 22:08:34,973 [WARN] PackLoader:240 - Cannot read IP mode file for STMicroelectronics.X-CUBE-AZRTOS-F4.1.1.0
2024-08-01 22:08:35,050 [WARN] PackLoader:240 - Cannot read IP mode file for STMicroelectronics.X-CUBE-FREERTOS.1.2.0
2024-08-01 22:08:35,147 [WARN] PackLoader:240 - Cannot read IP mode file for STMicroelectronics.X-CUBE-AZRTOS-L5.2.0.0
2024-08-01 22:08:35,710 [WARN] PackLoader:240 - Cannot read IP mode file for STMicroelectronics.X-CUBE-MEMS1.9.6.0
2024-08-01 22:08:36,090 [WARN] PackLoader:240 - Cannot read IP mode file for STMicroelectronics.X-CUBE-EEPRMA1.4.2.0
2024-08-01 22:08:36,142 [WARN] PackLoader:240 - Cannot read IP mode file for STMicroelectronics.X-CUBE-NFC6.3.1.0
2024-08-01 22:08:36,190 [WARN] PackLoader:240 - Cannot read IP mode file for ITTIA_DB.I-CUBE-ITTIADB.8.8.0
2024-08-01 22:08:36,257 [WARN] PackLoader:240 - Cannot read IP mode file for emotas.I-CUBE-CANOPEN.1.1.3
2024-08-01 22:08:36,297 [WARN] PackLoader:240 - Cannot read IP mode file for STMicroelectronics.X-CUBE-BLEMGR.2.0.0
2024-08-01 22:08:36,342 [WARN] PackLoader:240 - Cannot read IP mode file for STMicroelectronics.X-CUBE-DPower.1.2.0
2024-08-01 22:08:36,400 [WARN] PackLoader:240 - Cannot read IP mode file for STMicroelectronics.X-CUBE-AI.9.0.0
2024-08-01 22:08:36,497 [WARN] ConditionMgr:438 - getConditionDescription Invalid condition id : UX DEVICE CLASS RTOS Condition cause : null
2024-08-01 22:08:36,498 [WARN] ConditionMgr:438 - getConditionDescription Invalid condition id : UX DEVICE CLASS RTOS Condition cause : null
2024-08-01 22:08:36,520 [WARN] PackLoader:240 - Cannot read IP mode file for STMicroelectronics.X-CUBE-AZRTOS-H7.3.1.0
2024-08-01 22:08:36,524 [WARN] ConditionMgr:1039 - genDependencies : Invalid condition id : UX DEVICE CLASS RTOS Condition cause : null
2024-08-01 22:08:36,525 [WARN] ConditionMgr:1039 - genDependencies : Invalid condition id : UX DEVICE CLASS RTOS Condition cause : null
2024-08-01 22:08:36,527 [WARN] ConditionMgr:1039 - genDependencies : Invalid condition id : UX DEVICE CLASS RTOS Condition cause : null
2024-08-01 22:08:36,528 [WARN] ConditionMgr:1039 - genDependencies : Invalid condition id : UX DEVICE CLASS RTOS Condition cause : null
2024-08-01 22:08:36,531 [WARN] ConditionMgr:1039 - genDependencies : Invalid condition id : UX DEVICE CLASS RTOS Condition cause : null
2024-08-01 22:08:36,610 [WARN] PackLoader:240 - Cannot read IP mode file for wolfSSL.I-CUBE-wolfSSL.5.5.4
2024-08-01 22:08:36,647 [WARN] PackLoader:240 - Cannot read IP mode file for STMicroelectronics.X-CUBE-NFC7.1.0.1
2024-08-01 22:08:36,704 [WARN] PackLoader:240 - Cannot read IP mode file for STMicroelectronics.X-CUBE-NFC7.1.0.0
2024-08-01 22:08:36,736 [WARN] PackLoader:240 - Cannot read IP mode file for wolfSSL.I-CUBE-wolfTPM.3.2.0
2024-08-01 22:08:36,776 [WARN] PackLoader:240 - Cannot read IP mode file for STMicroelectronics.X-CUBE-NFC6.3.0.0
2024-08-01 22:08:36,839 [WARN] PackLoader:240 - Cannot read IP mode file for STMicroelectronics.X-CUBE-EEPRMA1.4.1.0
2024-08-01 22:08:36,879 [WARN] PackLoader:240 - Cannot read IP mode file for STMicroelectronics.X-CUBE-AI.8.1.0
2024-08-01 22:08:36,999 [WARN] ConditionMgr:438 - getConditionDescription Invalid condition id : LAN8742 Phy interface Condition cause : null
2024-08-01 22:08:37,001 [WARN] PackLoader:240 - Cannot read IP mode file for STMicroelectronics.X-CUBE-AZRTOS-L4.2.0.0
2024-08-01 22:08:37,004 [WARN] ConditionMgr:1039 - genDependencies : Invalid condition id : LAN8742 Phy interface Condition cause : null
2024-08-01 22:08:37,005 [WARN] ConditionMgr:1039 - genDependencies : Invalid condition id : LAN8742 Phy interface Condition cause : null
2024-08-01 22:08:37,007 [WARN] ConditionMgr:1039 - genDependencies : Invalid condition id : LAN8742 Phy interface Condition cause : null
2024-08-01 22:08:37,064 [WARN] PackLoader:240 - Cannot read IP mode file for STMicroelectronics.X-CUBE-SFXS2LP1.4.0.0
2024-08-01 22:08:37,213 [WARN] PackLoader:240 - Cannot read IP mode file for STMicroelectronics.X-CUBE-AZRTOS-H7.3.0.0
2024-08-01 22:08:37,289 [WARN] PackLoader:240 - Cannot read IP mode file for STMicroelectronics.X-CUBE-ISPU.1.1.0
2024-08-01 22:08:37,336 [WARN] PackLoader:240 - Cannot read IP mode file for RoweBots.I-CUBE-UNISONRTOS.5.5.0-4
2024-08-01 22:08:37,370 [WARN] PackLoader:240 - Cannot read IP mode file for STMicroelectronics.X-CUBE-AI.8.0.0
2024-08-01 22:08:37,424 [WARN] ConditionMgr:438 - getConditionDescription Invalid condition id : UX DEVICE CLASS RTOS Condition cause : null
2024-08-01 22:08:37,425 [WARN] ConditionMgr:438 - getConditionDescription Invalid condition id : UX DEVICE CLASS RTOS Condition cause : null
2024-08-01 22:08:37,429 [WARN] PackLoader:240 - Cannot read IP mode file for STMicroelectronics.X-CUBE-AZRTOS-WB.2.0.0
2024-08-01 22:08:37,430 [WARN] ConditionMgr:1039 - genDependencies : Invalid condition id : UX DEVICE CLASS RTOS Condition cause : null
2024-08-01 22:08:37,430 [WARN] ConditionMgr:1039 - genDependencies : Invalid condition id : UX DEVICE CLASS RTOS Condition cause : null
2024-08-01 22:08:37,431 [WARN] ConditionMgr:1039 - genDependencies : Invalid condition id : UX DEVICE CLASS RTOS Condition cause : null
2024-08-01 22:08:37,431 [WARN] ConditionMgr:1039 - genDependencies : Invalid condition id : UX DEVICE CLASS RTOS Condition cause : null
2024-08-01 22:08:37,431 [WARN] ConditionMgr:1039 - genDependencies : Invalid condition id : UX DEVICE CLASS RTOS Condition cause : null
2024-08-01 22:08:37,459 [WARN] PackLoader:240 - Cannot read IP mode file for STMicroelectronics.X-CUBE-FREERTOS.1.0.0
2024-08-01 22:08:37,483 [WARN] PackLoader:240 - Cannot read IP mode file for STMicroelectronics.X-CUBE-FREERTOS.1.0.1
2024-08-01 22:08:37,509 [WARN] PackLoader:240 - Cannot read IP mode file for STMicroelectronics.FP-SNS-STBOX1.2.0.0
2024-08-01 22:08:37,557 [WARN] PackLoader:240 - Cannot read IP mode file for STMicroelectronics.X-CUBE-AZRTOS-L5.1.1.0
2024-08-01 22:08:37,581 [WARN] PackLoader:240 - Cannot read IP mode file for STMicroelectronics.X-CUBE-AI.8.0.1
2024-08-01 22:08:37,621 [WARN] PackLoader:240 - Cannot read IP mode file for STMicroelectronics.X-CUBE-SUBG2.5.0.0
2024-08-01 22:08:37,653 [WARN] PackLoader:240 - Cannot read IP mode file for Cesanta.I-CUBE-Mongoose.7.13.0
2024-08-01 22:08:37,691 [WARN] PackLoader:240 - Cannot read IP mode file for STMicroelectronics.X-CUBE-TOF1.3.3.1
2024-08-01 22:08:37,740 [WARN] PackLoader:240 - Cannot read IP mode file for STMicroelectronics.X-CUBE-AZRTOS-G4.2.0.0
2024-08-01 22:08:37,769 [WARN] PackLoader:240 - Cannot read IP mode file for STMicroelectronics.X-CUBE-TOF1.3.3.0
2024-08-01 22:08:37,799 [WARN] PackLoader:240 - Cannot read IP mode file for STMicroelectronics.FP-ATR-ASTRA1.1.1.1
2024-08-01 22:08:37,845 [WARN] PackLoader:240 - Cannot read IP mode file for Infineon.AIROC-Wi-Fi-Bluetooth-STM32.1.5.1
2024-08-01 22:08:37,872 [WARN] PackLoader:240 - Cannot read IP mode file for STMicroelectronics.FP-SNS-MOTENVWB1.1.3.0
2024-08-01 22:08:37,899 [WARN] PackLoader:240 - Cannot read IP mode file for STMicroelectronics.FP-SNS-MOTENVWB1.1.3.1
2024-08-01 22:08:37,946 [WARN] PackLoader:240 - Cannot read IP mode file for STMicroelectronics.X-CUBE-AZRTOS-G4.1.0.0
2024-08-01 22:08:37,996 [WARN] PackLoader:240 - Cannot read IP mode file for STMicroelectronics.X-CUBE-AZRTOS-L4.1.0.0
2024-08-01 22:08:38,035 [WARN] PackLoader:240 - Cannot read IP mode file for STMicroelectronics.X-CUBE-ISPU.2.0.0
2024-08-01 22:08:38,068 [WARN] PackLoader:240 - Cannot read IP mode file for STMicroelectronics.X-CUBE-ALS.1.0.2
2024-08-01 22:08:38,160 [WARN] PackLoader:240 - Cannot read IP mode file for STMicroelectronics.X-CUBE-MEMS1.10.0.0
2024-08-01 22:08:38,395 [WARN] PackLoader:240 - Cannot read IP mode file for STMicroelectronics.X-CUBE-FREERTOS.1.1.0
2024-08-01 22:08:38,481 [WARN] PackLoader:240 - Cannot read IP mode file for STMicroelectronics.X-CUBE-TOUCHGFX.4.24.0
2024-08-01 22:08:38,549 [WARN] PackLoader:240 - Cannot read IP mode file for STMicroelectronics.X-CUBE-AZRTOS-WL.1.0.0
2024-08-01 22:08:38,586 [WARN] PackLoader:240 - Cannot read IP mode file for portGmbH.I-Cube-SoM-uGOAL.1.1.0
2024-08-01 22:08:38,619 [WARN] PackLoader:240 - Cannot read IP mode file for STMicroelectronics.X-CUBE-ALS.1.0.1
2024-08-01 22:08:38,688 [WARN] PackLoader:240 - Cannot read IP mode file for STMicroelectronics.X-CUBE-AZRTOS-WB.1.1.0
2024-08-01 22:08:38,767 [WARN] PackLoader:240 - Cannot read IP mode file for STMicroelectronics.X-CUBE-AZRTOS-H7RS.1.0.0
2024-08-01 22:08:38,796 [WARN] PackLoader:240 - Cannot read IP mode file for STMicroelectronics.FP-ATR-ASTRA1.2.0.0
2024-08-01 22:08:38,831 [WARN] PackLoader:240 - Cannot read IP mode file for STMicroelectronics.X-CUBE-TOF1.3.4.2
2024-08-01 22:08:38,895 [WARN] PackLoader:240 - Cannot read IP mode file for STMicroelectronics.X-CUBE-TOF1.3.4.0
2024-08-01 22:08:38,948 [WARN] PackLoader:240 - Cannot read IP mode file for STMicroelectronics.X-CUBE-TOF1.3.4.1
2024-08-01 22:08:39,014 [WARN] PackLoader:240 - Cannot read IP mode file for STMicroelectronics.X-CUBE-AZRTOS-H7.3.2.0
2024-08-01 22:08:39,043 [WARN] PackLoader:240 - Cannot read IP mode file for wolfSSL.I-CUBE-wolfSSH.1.4.17
2024-08-01 22:08:39,043 [INFO] ThirdParty:978 - Integrity check success = true
2024-08-01 22:08:39,044 [INFO] IntegrityCheckThread:100 - exiting critical section [integrity check]
2024-08-01 22:08:39,044 [INFO] IntegrityCheckThread:103 - End integrity checks thread
2024-08-01 22:08:39,148 [INFO] WebApp:167 - Instantiating new browser for Auth
2024-08-01 22:08:40,555 [INFO] WebApp:448 - Apply proxy settings
2024-08-01 22:08:40,556 [INFO] WebApp:533 - Chromium requires no authentication
2024-08-01 22:08:40,575 [INFO] WebApp:476 - Direct internet connection detected
2024-08-01 22:08:40,625 [INFO] WebApp:869 - Register for checkConnection events
2024-08-01 22:08:40,626 [INFO] WebApp:448 - Apply proxy settings
2024-08-01 22:08:40,626 [INFO] WebApp:533 - Chromium requires no authentication
2024-08-01 22:08:40,626 [INFO] WebApp:476 - Direct internet connection detected
2024-08-01 22:08:40,959 [INFO] WebApp:186 - Connection restablished
2024-08-01 22:08:41,137 [INFO] WebApp:220 - Starting web application
2024-08-01 22:08:41,137 [INFO] WebApp:578 - Web application path used C:\ST\STM32CubeIDE_1.11.2\STM32CubeIDE\plugins\com.st.stm32cube.common.mx_6.12.0.202406281431\db\plugins\mcufinder\reactClient1\index.html
2024-08-01 22:08:41,503 [INFO] UserAuth:417 - Internet connection configuration mode: 1
2024-08-01 22:08:52,700 [ERROR] LogOutputStream:75 - [STDERR_REDIRECT] 
2024-08-01 22:08:52,701 [ERROR] LogOutputStream:75 - [STDERR_REDIRECT] 
