2025-01-11 08:33:36,317 [INFO] WebApp:190 - Connection lost
2025-01-11 08:33:42,046 [INFO] WebApp:187 - Connection restablished
2025-01-11 08:33:43,849 [INFO] WebApp:190 - Connection lost
2025-01-11 08:33:43,990 [INFO] WebApp:187 - Connection restablished
2025-01-11 08:33:46,860 [INFO] WebApp:190 - Connection lost
2025-01-11 08:33:46,988 [INFO] WebApp:187 - Connection restablished
2025-01-11 08:35:32,702 [INFO] WebApp:190 - Connection lost
2025-01-11 08:35:32,978 [INFO] WebApp:187 - Connection restablished
2025-01-11 08:38:06,235 [INFO] NvicIntPanel:101 - NVIC parent = com.st.microxplorer.plugins.ip.nvic.MultiNvicIntPanel[,0,0,0x0,invalid,layout=javax.swing.BoxLayout,alignmentX=0.0,alignmentY=0.0,border=,flags=9,maximumSize=,minimumSize=,preferredSize=]
2025-01-11 09:18:28,528 [INFO] MainUpdater:2872 - connection check result : 10
2025-01-11 09:18:28,528 [INFO] MainUpdater:2872 - connection check result : 10
2025-01-11 09:18:28,563 [INFO] MicroXplorer:468 - Change Database Path : 
2025-01-11 09:18:28,563 [INFO] MicroXplorer:498 - Change Database Version : DB.6.0.130
2025-01-11 09:18:28,632 [ERROR] ProjectManagerView:394 - 
java.lang.NullPointerException: Cannot invoke "javax.swing.JTextField.getText()" because the return value of "java.util.List.get(int)" is null
	at com.st.microxplorer.plugins.projectmanager.gui.ProjectChoiceTab$9.caretUpdate(ProjectChoiceTab.java:2616) ~[filemanager.jar:?]
	at javax.swing.text.JTextComponent.fireCaretUpdate(JTextComponent.java:408) ~[?:?]
	at javax.swing.text.JTextComponent$MutableCaretEvent.fire(JTextComponent.java:4484) ~[?:?]
	at javax.swing.text.JTextComponent$MutableCaretEvent.stateChanged(JTextComponent.java:4506) ~[?:?]
	at javax.swing.text.DefaultCaret.fireStateChanged(DefaultCaret.java:857) ~[?:?]
	at javax.swing.text.DefaultCaret.changeCaretPosition(DefaultCaret.java:1343) ~[?:?]
	at javax.swing.text.DefaultCaret.handleSetDot(DefaultCaret.java:1242) ~[?:?]
	at javax.swing.text.DefaultCaret.setDot(DefaultCaret.java:1223) ~[?:?]
	at javax.swing.text.DefaultCaret$Handler.insertUpdate(DefaultCaret.java:1819) ~[?:?]
	at javax.swing.text.AbstractDocument.fireInsertUpdate(AbstractDocument.java:227) ~[?:?]
	at javax.swing.text.AbstractDocument.handleInsertString(AbstractDocument.java:781) ~[?:?]
	at javax.swing.text.AbstractDocument.insertString(AbstractDocument.java:740) ~[?:?]
	at javax.swing.text.PlainDocument.insertString(PlainDocument.java:131) ~[?:?]
	at javax.swing.text.AbstractDocument.replace(AbstractDocument.java:699) ~[?:?]
	at javax.swing.text.JTextComponent.setText(JTextComponent.java:1725) ~[?:?]
	at com.st.microxplorer.plugins.projectmanager.gui.ProjectChoiceTab.createHeapStackFields(ProjectChoiceTab.java:975) ~[filemanager.jar:?]
	at com.st.microxplorer.plugins.projectmanager.gui.ProjectChoiceTab.buildLinkSettingsPanel(ProjectChoiceTab.java:3666) ~[filemanager.jar:?]
	at com.st.microxplorer.plugins.projectmanager.gui.ProjectChoiceTab.defineWindowsFields(ProjectChoiceTab.java:1934) ~[filemanager.jar:?]
	at com.st.microxplorer.plugins.projectmanager.gui.ProjectChoiceTab.updateSettings(ProjectChoiceTab.java:553) ~[filemanager.jar:?]
	at com.st.microxplorer.plugins.projectmanager.gui.ProjectSettingsPanel.UpdateDialog(ProjectSettingsPanel.java:245) ~[filemanager.jar:?]
	at com.st.microxplorer.plugins.projectmanager.ProjectManagerView.propertyChange(ProjectManagerView.java:391) ~[filemanager.jar:?]
	at java.beans.PropertyChangeSupport.fire(PropertyChangeSupport.java:343) ~[?:?]
	at java.beans.PropertyChangeSupport.firePropertyChange(PropertyChangeSupport.java:335) ~[?:?]
	at java.beans.PropertyChangeSupport.firePropertyChange(PropertyChangeSupport.java:268) ~[?:?]
	at com.st.microxplorer.util.MXPropertyChangeSupport.firePropertyChange(MXPropertyChangeSupport.java:54) ~[STM32CubeMX.jar:?]
	at com.st.microxplorer.mxsystem.MxSystem.closeConfig(MxSystem.java:899) ~[STM32CubeMX.jar:?]
	at com.st.microxplorer.maingui.MainPanel.closeConfig(MainPanel.java:789) ~[STM32CubeMX.jar:?]
	at com.st.microxplorer.plugins.filemanager.engine.OpenFileManager.loadConfigurationFile(OpenFileManager.java:265) ~[filemanager.jar:?]
	at com.st.microxplorer.plugins.filemanager.engine.MainFileManager.userLoadConfig(MainFileManager.java:340) ~[filemanager.jar:?]
	at com.st.microxplorer.plugins.filemanager.engine.MainFileManager.userLoadConfig(MainFileManager.java:318) ~[filemanager.jar:?]
	at com.st.microxplorer.plugins.filemanager.FileManagerView.getSpecificTask(FileManagerView.java:246) ~[filemanager.jar:?]
	at com.st.stm32cube.common.mx.editor.CubeMxEditor.getMxTabbedPaneInstance(CubeMxEditor.java:1198) ~[com.st.stm32cube.common.mx_6.13.0.202411220809/:?]
	at com.st.stm32cube.common.mx.editor.CubeMxEditor$12$1.createSwingComponent(CubeMxEditor.java:1068) ~[com.st.stm32cube.common.mx_6.13.0.202411220809/:?]
	at com.st.stm32cube.common.mx.oss.core.awtswtbridge.EmbeddedSwingComposite.doComponentCreation(EmbeddedSwingComposite.java:492) ~[com.st.stm32cube.common.mx.oss_6.13.0.202411220809/:?]
	at com.st.stm32cube.common.mx.oss.core.awtswtbridge.EmbeddedSwingComposite$4.run(EmbeddedSwingComposite.java:291) ~[com.st.stm32cube.common.mx.oss_6.13.0.202411220809/:?]
	at com.st.stm32cube.common.mx.oss.core.awtswtbridge.AwtEnvironment$2.run(AwtEnvironment.java:166) ~[com.st.stm32cube.common.mx.oss_6.13.0.202411220809/:?]
	at java.awt.event.InvocationEvent.dispatch(InvocationEvent.java:318) ~[?:?]
	at java.awt.EventQueue.dispatchEventImpl(EventQueue.java:773) ~[?:?]
	at java.awt.EventQueue$4.run(EventQueue.java:720) ~[?:?]
	at java.awt.EventQueue$4.run(EventQueue.java:714) ~[?:?]
	at java.security.AccessController.doPrivileged(AccessController.java:400) ~[?:?]
	at java.security.ProtectionDomain$JavaSecurityAccessImpl.doIntersectionPrivilege(ProtectionDomain.java:87) ~[?:?]
	at java.awt.EventQueue.dispatchEvent(EventQueue.java:742) ~[?:?]
	at java.awt.EventDispatchThread.pumpOneEventForFilters(EventDispatchThread.java:203) ~[?:?]
	at java.awt.EventDispatchThread.pumpEventsForFilter(EventDispatchThread.java:124) ~[?:?]
	at java.awt.EventDispatchThread.pumpEventsForHierarchy(EventDispatchThread.java:113) ~[?:?]
	at java.awt.EventDispatchThread.pumpEvents(EventDispatchThread.java:109) ~[?:?]
	at java.awt.EventDispatchThread.pumpEvents(EventDispatchThread.java:101) ~[?:?]
	at java.awt.EventDispatchThread.run(EventDispatchThread.java:90) ~[?:?]
2025-01-11 09:18:28,635 [WARN] ThirdParty:871 - waiting for thirdparty lock release [close project]
2025-01-11 09:18:28,635 [INFO] ThirdParty:873 - entering critical section [close project]
2025-01-11 09:18:28,635 [INFO] ThirdParty:883 - exiting critical section [close project]
2025-01-11 09:18:28,639 [INFO] PinOutPanel:1589 - setPackage(No Configuration,No Configuration)
2025-01-11 09:18:28,669 [WARN] IpParametersView:154 - Warning: This peripheral hasn't parameters
2025-01-11 09:18:28,691 [WARN] MainPanel:289 - <html><b><center>Warning: This peripheral has no parameters to be configured<br></b></html>
2025-01-11 09:18:28,691 [ERROR] MainPanel:599 - java.lang.IndexOutOfBoundsException: Index: 0, Tab count: 0
2025-01-11 09:18:28,701 [INFO] UtilMem:75 - Begin LoadConfig() Used Memory: 689050304 Bytes (1021313024)
2025-01-11 09:18:28,702 [INFO] MicroXplorer:468 - Change Database Path : 
2025-01-11 09:18:28,702 [INFO] MicroXplorer:498 - Change Database Version : DB.6.0.130
2025-01-11 09:18:28,702 [INFO] OpenFileManager:332 - Change cursor
2025-01-11 09:18:28,752 [INFO] Mcu:2035 - Initializing MCU STM32F767ZITx STM32F767ZITx STM32F767ZIT6
2025-01-11 09:18:31,388 [INFO] Context:748 - Trying to add GPIOservice into a context  which must be forbidden
2025-01-11 09:18:32,530 [INFO] RtosManager:555 - Registered RTOS mode: class=CMSIS, group=RTOS, mode=CMSIS_V1, owner=FREERTOS
2025-01-11 09:18:32,530 [INFO] RtosManager:555 - Registered RTOS mode: class=CMSIS, group=RTOS2, mode=CMSIS_V2, owner=FREERTOS
2025-01-11 09:18:32,530 [INFO] RtosManager:555 - Registered RTOS mode: class=RTOS, group=Core, mode=CMSIS_V1, owner=FREERTOS
2025-01-11 09:18:32,530 [INFO] RtosManager:555 - Registered RTOS mode: class=RTOS, group=Core, mode=CMSIS_V2, owner=FREERTOS
2025-01-11 09:18:32,530 [WARN] ModelIntegratedComponent:184 - Missing modes for component STMicroelectronics:FreeRTOS:0.0.1:STMicroelectronics:RTOS:FreeRTOS:Core:::10.2.0:
2025-01-11 09:18:32,534 [WARN] ModelIntegratedComponent:63 - No mode defined for component null
2025-01-11 09:18:32,535 [WARN] ModelIntegratedComponent:63 - No mode defined for component null
2025-01-11 09:18:32,535 [WARN] ModelIntegratedComponent:63 - No mode defined for component null
2025-01-11 09:18:32,535 [WARN] ModelIntegratedComponent:63 - No mode defined for component null
2025-01-11 09:18:32,535 [WARN] ModelIntegratedComponent:63 - No mode defined for component null
2025-01-11 09:18:32,535 [WARN] ModelIntegratedComponent:63 - No mode defined for component null
2025-01-11 09:18:32,535 [WARN] ModelIntegratedComponent:63 - No mode defined for component null
2025-01-11 09:18:32,535 [WARN] ModelIntegratedComponent:63 - No mode defined for component null
2025-01-11 09:18:32,535 [WARN] ModelIntegratedComponent:63 - No mode defined for component null
2025-01-11 09:18:32,535 [WARN] ModelIntegratedComponent:63 - No mode defined for component null
2025-01-11 09:18:32,537 [WARN] ModelIntegratedComponent:63 - No mode defined for component null
2025-01-11 09:18:32,537 [WARN] ModelIntegratedComponent:63 - No mode defined for component null
2025-01-11 09:18:32,537 [WARN] ModelIntegratedComponent:63 - No mode defined for component null
2025-01-11 09:18:32,537 [WARN] ModelIntegratedComponent:63 - No mode defined for component null
2025-01-11 09:18:32,537 [WARN] ModelIntegratedComponent:63 - No mode defined for component null
2025-01-11 09:18:32,537 [WARN] ModelIntegratedComponent:63 - No mode defined for component null
2025-01-11 09:18:32,537 [WARN] ModelIntegratedComponent:63 - No mode defined for component null
2025-01-11 09:18:32,537 [WARN] ModelIntegratedComponent:63 - No mode defined for component null
2025-01-11 09:18:32,537 [WARN] ModelIntegratedComponent:63 - No mode defined for component null
2025-01-11 09:18:32,537 [WARN] ModelIntegratedComponent:63 - No mode defined for component null
2025-01-11 09:18:32,537 [WARN] ModelIntegratedComponent:63 - No mode defined for component null
2025-01-11 09:18:32,537 [WARN] ModelIntegratedComponent:63 - No mode defined for component null
2025-01-11 09:18:32,537 [WARN] ModelIntegratedComponent:63 - No mode defined for component null
2025-01-11 09:18:32,537 [WARN] ModelIntegratedComponent:63 - No mode defined for component null
2025-01-11 09:18:32,537 [WARN] ModelIntegratedComponent:63 - No mode defined for component null
2025-01-11 09:18:32,537 [WARN] ModelIntegratedComponent:63 - No mode defined for component null
2025-01-11 09:18:32,538 [WARN] ModelIntegratedComponent:63 - No mode defined for component null
2025-01-11 09:18:32,538 [WARN] ModelIntegratedComponent:63 - No mode defined for component null
2025-01-11 09:18:32,538 [WARN] ModelIntegratedComponent:63 - No mode defined for component null
2025-01-11 09:18:32,538 [WARN] ModelIntegratedComponent:63 - No mode defined for component null
2025-01-11 09:18:32,538 [WARN] ModelIntegratedComponent:63 - No mode defined for component null
2025-01-11 09:18:32,538 [WARN] ModelIntegratedComponent:63 - No mode defined for component null
2025-01-11 09:18:32,538 [WARN] ModelIntegratedComponent:63 - No mode defined for component null
2025-01-11 09:18:32,538 [WARN] ModelIntegratedComponent:63 - No mode defined for component null
2025-01-11 09:18:32,538 [WARN] ModelIntegratedComponent:63 - No mode defined for component null
2025-01-11 09:18:32,538 [WARN] ModelPack:524 - Component already loaded: STMicroelectronics:HAL Drivers:0.0.0:STMicroelectronics:Device:STMicro_Driver:XSPI:HAL::0.0.1:HAL_XSPI
2025-01-11 09:18:32,675 [INFO] ThirdPartyModel:298 - Start build external matchings
2025-01-11 09:18:34,348 [INFO] ThirdPartyModel:316 - End build external matchings
2025-01-11 09:18:34,381 [INFO] RtosManager:922 - Current active RTOS is FREERTOS [Cortex-M7NS]
2025-01-11 09:18:34,830 [INFO] UtilMem:75 - End LoadConfig() Used Memory: 666767672 Bytes (1021313024)
2025-01-11 09:18:34,857 [WARN] ThirdParty:833 - waiting for thirdparty lock release [change project]
2025-01-11 09:18:34,858 [INFO] ThirdParty:835 - entering critical section [change project]
2025-01-11 09:18:34,858 [INFO] ThirdParty:1030 - CMSIS Pack Vendor :STMicroelectronics USBPD 4.1
2025-01-11 09:18:34,858 [INFO] ThirdParty:1030 - CMSIS Pack Vendor :STMicroelectronics X-CUBE-GNSS1 6.0.0
2025-01-11 09:18:34,858 [INFO] ThirdParty:1030 - CMSIS Pack Vendor :STMicroelectronics USB_HOST 2.0.0
2025-01-11 09:18:34,858 [INFO] ThirdParty:1030 - CMSIS Pack Vendor :STMicroelectronics FP-SNS-MOTENVWB1 1.4.0
2025-01-11 09:18:34,858 [INFO] ThirdParty:1030 - CMSIS Pack Vendor :STMicroelectronics X-CUBE-AZRTOS-F4 1.1.0
2025-01-11 09:18:34,858 [INFO] ThirdParty:1030 - CMSIS Pack Vendor :STMicroelectronics LIBJPEG 8.0.0
2025-01-11 09:18:34,858 [INFO] ThirdParty:1030 - CMSIS Pack Vendor :STMicroelectronics FP-ATR-ASTRA1 2.0.1
2025-01-11 09:18:34,858 [INFO] ThirdParty:1030 - CMSIS Pack Vendor :STMicroelectronics X-CUBE-SMBUS 2.1.0
2025-01-11 09:18:34,858 [INFO] ThirdParty:1030 - CMSIS Pack Vendor :STMicroelectronics X-CUBE-WB05N 1.1.0
2025-01-11 09:18:34,858 [INFO] ThirdParty:1030 - CMSIS Pack Vendor :STMicroelectronics X-CUBE-ISPU 2.1.0
2025-01-11 09:18:34,858 [INFO] ThirdParty:1030 - CMSIS Pack Vendor :STMicroelectronics X-CUBE-FREERTOS 1.2.0
2025-01-11 09:18:34,858 [INFO] ThirdParty:1030 - CMSIS Pack Vendor :STMicroelectronics X-CUBE-TOUCHGFX 4.23.0
2025-01-11 09:18:34,859 [INFO] ThirdParty:1030 - CMSIS Pack Vendor :STMicroelectronics X-CUBE-TOUCHGFX 4.23.2
2025-01-11 09:18:34,859 [INFO] ThirdParty:1030 - CMSIS Pack Vendor :STMicroelectronics X-CUBE-AZRTOS-F7 1.1.0
2025-01-11 09:18:34,859 [INFO] ThirdParty:1030 - CMSIS Pack Vendor :STMicroelectronics X-CUBE-AZRTOS-L5 2.0.0
2025-01-11 09:18:34,859 [INFO] ThirdParty:1030 - CMSIS Pack Vendor :STMicroelectronics USB_DEVICE 2.0.0
2025-01-11 09:18:34,859 [INFO] ThirdParty:1030 - CMSIS Pack Vendor :STMicroelectronics X-CUBE-MEMS1 9.6.0
2025-01-11 09:18:34,859 [INFO] ThirdParty:1030 - CMSIS Pack Vendor :STMicroelectronics X-CUBE-EEPRMA1 4.2.0
2025-01-11 09:18:34,859 [INFO] ThirdParty:1030 - CMSIS Pack Vendor :STMicroelectronics X-CUBE-NFC6 3.1.0
2025-01-11 09:18:34,859 [INFO] ThirdParty:1030 - CMSIS Pack Vendor :ITTIA_DB I-CUBE-ITTIADB 8.8.0
2025-01-11 09:18:34,859 [INFO] ThirdParty:1030 - CMSIS Pack Vendor :STMicroelectronics FP-SNS-MOTENV1 4.3.0
2025-01-11 09:18:34,859 [INFO] ThirdParty:1030 - CMSIS Pack Vendor :STMicroelectronics FP-SNS-MOTENV1 4.3.2
2025-01-11 09:18:34,859 [INFO] ThirdParty:1030 - CMSIS Pack Vendor :STMicroelectronics FP-SNS-FLIGHT1 5.0.0
2025-01-11 09:18:34,859 [INFO] ThirdParty:1030 - CMSIS Pack Vendor :STMicroelectronics FP-SNS-MOTENV1 4.3.1
2025-01-11 09:18:34,859 [INFO] ThirdParty:1030 - CMSIS Pack Vendor :STMicroelectronics FP-SNS-FLIGHT1 5.0.1
2025-01-11 09:18:34,861 [INFO] ThirdParty:1030 - CMSIS Pack Vendor :STMicroelectronics X-CUBE-MEMS1 11.0.0
2025-01-11 09:18:34,861 [INFO] ThirdParty:1030 - CMSIS Pack Vendor :STMicroelectronics X-CUBE-BLE1 6.2.4
2025-01-11 09:18:34,861 [INFO] ThirdParty:1030 - CMSIS Pack Vendor :STMicroelectronics FreeRTOS 0.0.1
2025-01-11 09:18:34,861 [INFO] ThirdParty:1030 - CMSIS Pack Vendor :emotas I-CUBE-CANOPEN 1.1.3
2025-01-11 09:18:34,861 [INFO] ThirdParty:1030 - CMSIS Pack Vendor :STMicroelectronics X-CUBE-BLEMGR 2.0.0
2025-01-11 09:18:34,861 [INFO] ThirdParty:1030 - CMSIS Pack Vendor :STMicroelectronics X-CUBE-DPower 1.2.0
2025-01-11 09:18:34,861 [INFO] ThirdParty:1030 - CMSIS Pack Vendor :STMicroelectronics FP-SNS-FLIGHT1 5.0.2
2025-01-11 09:18:34,861 [INFO] ThirdParty:1030 - CMSIS Pack Vendor :STMicroelectronics X-CUBE-AI 9.0.0
2025-01-11 09:18:34,861 [INFO] ThirdParty:1030 - CMSIS Pack Vendor :STMicroelectronics X-CUBE-AZRTOS-H7 3.1.0
2025-01-11 09:18:34,861 [INFO] ThirdParty:1030 - CMSIS Pack Vendor :STMicroelectronics PDM2PCM 3.3.0
2025-01-11 09:18:34,861 [INFO] ThirdParty:1030 - CMSIS Pack Vendor :STMicroelectronics X-CUBE-DISPLAY 3.0.0
2025-01-11 09:18:34,861 [INFO] ThirdParty:1030 - CMSIS Pack Vendor :STMicroelectronics X-CUBE-BLE1 7.0.0
2025-01-11 09:18:34,861 [INFO] ThirdParty:1030 - CMSIS Pack Vendor :STMicroelectronics X-CUBE-NFC10 1.0.0
2025-01-11 09:18:34,861 [INFO] ThirdParty:1030 - CMSIS Pack Vendor :wolfSSL I-CUBE-wolfSSL 5.5.4
2025-01-11 09:18:34,862 [INFO] ThirdParty:1030 - CMSIS Pack Vendor :STMicroelectronics X-CUBE-BLEMGR 4.0.0
2025-01-11 09:18:34,862 [INFO] ThirdParty:1030 - CMSIS Pack Vendor :STMicroelectronics HAL Drivers 0.0.0
2025-01-11 09:18:34,862 [INFO] ThirdParty:1030 - CMSIS Pack Vendor :STMicroelectronics X-CUBE-FREERTOS 1.3.0
2025-01-11 09:18:34,862 [INFO] ThirdParty:1030 - CMSIS Pack Vendor :STMicroelectronics X-CUBE-TOUCHGFX 4.22.0
2025-01-11 09:18:34,862 [INFO] ThirdParty:1030 - CMSIS Pack Vendor :STMicroelectronics X-CUBE-NFC7 1.0.1
2025-01-11 09:18:34,862 [INFO] ThirdParty:1030 - CMSIS Pack Vendor :STMicroelectronics MBEDTLS 2.14.1
2025-01-11 09:18:34,862 [INFO] ThirdParty:1030 - CMSIS Pack Vendor :STMicroelectronics X-CUBE-NFC7 1.0.0
2025-01-11 09:18:34,862 [INFO] ThirdParty:1030 - CMSIS Pack Vendor :STMicroelectronics X-CUBE-TOUCHGFX 4.22.1
2025-01-11 09:18:34,862 [INFO] ThirdParty:1030 - CMSIS Pack Vendor :wolfSSL I-CUBE-wolfTPM 3.2.0
2025-01-11 09:18:34,862 [INFO] ThirdParty:1030 - CMSIS Pack Vendor :STMicroelectronics X-CUBE-NFC6 3.0.0
2025-01-11 09:18:34,862 [INFO] ThirdParty:1030 - CMSIS Pack Vendor :STMicroelectronics X-CUBE-EEPRMA1 4.1.0
2025-01-11 09:18:34,862 [INFO] ThirdParty:1030 - CMSIS Pack Vendor :STMicroelectronics X-CUBE-BLEMGR 3.1.0
2025-01-11 09:18:34,862 [INFO] ThirdParty:1030 - CMSIS Pack Vendor :STMicroelectronics FP-SNS-SMARTAG2 1.2.0
2025-01-11 09:18:34,862 [INFO] ThirdParty:1030 - CMSIS Pack Vendor :STMicroelectronics X-CUBE-AZRTOS-WL 2.0.0
2025-01-11 09:18:34,862 [INFO] ThirdParty:1030 - CMSIS Pack Vendor :STMicroelectronics FP-SNS-MOTENV1 5.0.0
2025-01-11 09:18:34,862 [INFO] ThirdParty:1030 - CMSIS Pack Vendor :STMicroelectronics USB_DEVICE 1.0.0
2025-01-11 09:18:34,863 [INFO] ThirdParty:1030 - CMSIS Pack Vendor :STMicroelectronics X-CUBE-AI 8.1.0
2025-01-11 09:18:34,863 [INFO] ThirdParty:1030 - CMSIS Pack Vendor :wolfSSL I-CUBE-wolfMQTT 1.19.0
2025-01-11 09:18:34,863 [INFO] ThirdParty:1030 - CMSIS Pack Vendor :STMicroelectronics X-CUBE-AZRTOS-L4 2.0.0
2025-01-11 09:18:34,863 [INFO] ThirdParty:1030 - CMSIS Pack Vendor :STMicroelectronics ThreadX 0.0.2
2025-01-11 09:18:34,863 [INFO] ThirdParty:1030 - CMSIS Pack Vendor :WES I-CUBE-Cesium 1.3.0
2025-01-11 09:18:34,863 [INFO] ThirdParty:1030 - CMSIS Pack Vendor :STMicroelectronics lwIP 2.1.2
2025-01-11 09:18:34,863 [INFO] ThirdParty:1030 - CMSIS Pack Vendor :STMicroelectronics X-CUBE-SFXS2LP1 4.0.0
2025-01-11 09:18:34,863 [INFO] ThirdParty:1030 - CMSIS Pack Vendor :STMicroelectronics X-CUBE-BLE2 3.3.0
2025-01-11 09:18:34,863 [INFO] ThirdParty:1030 - CMSIS Pack Vendor :STMicroelectronics X-CUBE-TOF1 3.2.0
2025-01-11 09:18:34,864 [INFO] ThirdParty:1030 - CMSIS Pack Vendor :STMicroelectronics PDM2PCM 3.2.0
2025-01-11 09:18:34,864 [INFO] ThirdParty:1030 - CMSIS Pack Vendor :STMicroelectronics X-CUBE-AZRTOS-H7 3.0.0
2025-01-11 09:18:34,864 [INFO] ThirdParty:1030 - CMSIS Pack Vendor :STMicroelectronics X-CUBE-ISPU 1.1.0
2025-01-11 09:18:34,864 [INFO] ThirdParty:1030 - CMSIS Pack Vendor :STMicroelectronics X-CUBE-AZRTOS-H7 3.3.0
2025-01-11 09:18:34,864 [INFO] ThirdParty:1030 - CMSIS Pack Vendor :RoweBots I-CUBE-UNISONRTOS 5.5.0-4
2025-01-11 09:18:34,864 [INFO] ThirdParty:1030 - CMSIS Pack Vendor :STMicroelectronics X-CUBE-NFC9 1.0.0
2025-01-11 09:18:34,864 [INFO] ThirdParty:1030 - CMSIS Pack Vendor :STMicroelectronics USB_DEVICE 3.0.0
2025-01-11 09:18:34,864 [INFO] ThirdParty:1030 - CMSIS Pack Vendor :STMicroelectronics X-CUBE-TCPP 4.1.0
2025-01-11 09:18:34,864 [INFO] ThirdParty:1030 - CMSIS Pack Vendor :STMicroelectronics X-CUBE-AI 8.0.0
2025-01-11 09:18:34,864 [INFO] ThirdParty:1030 - CMSIS Pack Vendor :STMicroelectronics X-CUBE-IPS 3.0.0
2025-01-11 09:18:34,864 [INFO] ThirdParty:1030 - CMSIS Pack Vendor :STMicroelectronics X-CUBE-AZRTOS-WB 2.0.0
2025-01-11 09:18:34,864 [INFO] ThirdParty:1030 - CMSIS Pack Vendor :STMicroelectronics X-CUBE-FREERTOS 1.0.0
2025-01-11 09:18:34,864 [INFO] ThirdParty:1030 - CMSIS Pack Vendor :STMicroelectronics X-CUBE-FREERTOS 1.0.1
2025-01-11 09:18:34,864 [INFO] ThirdParty:1030 - CMSIS Pack Vendor :STMicroelectronics X-CUBE-TOUCHGFX 4.21.1
2025-01-11 09:18:34,864 [INFO] ThirdParty:1030 - CMSIS Pack Vendor :STMicroelectronics X-CUBE-GNSS1 7.0.0
2025-01-11 09:18:34,864 [INFO] ThirdParty:1030 - CMSIS Pack Vendor :STMicroelectronics X-CUBE-TOUCHGFX 4.21.3
2025-01-11 09:18:34,864 [INFO] ThirdParty:1030 - CMSIS Pack Vendor :STMicroelectronics X-CUBE-TOUCHGFX 4.21.4
2025-01-11 09:18:34,864 [INFO] ThirdParty:1030 - CMSIS Pack Vendor :STMicroelectronics FP-SNS-STBOX1 2.0.0
2025-01-11 09:18:34,864 [INFO] ThirdParty:1030 - CMSIS Pack Vendor :STMicroelectronics X-CUBE-ALGOBUILD 1.3.0
2025-01-11 09:18:34,864 [INFO] ThirdParty:1030 - CMSIS Pack Vendor :STMicroelectronics X-CUBE-AZRTOS-L5 1.1.0
2025-01-11 09:18:34,865 [INFO] ThirdParty:1030 - CMSIS Pack Vendor :STMicroelectronics X-CUBE-AZRTOS-G0 1.1.0
2025-01-11 09:18:34,865 [INFO] ThirdParty:1030 - CMSIS Pack Vendor :STMicroelectronics X-CUBE-AI 8.0.1
2025-01-11 09:18:34,865 [INFO] ThirdParty:1030 - CMSIS Pack Vendor :STMicroelectronics X-CUBE-SAFEA1 1.2.2
2025-01-11 09:18:34,865 [INFO] ThirdParty:1030 - CMSIS Pack Vendor :STMicroelectronics X-CUBE-NFC4 3.0.0
2025-01-11 09:18:34,865 [INFO] ThirdParty:1030 - CMSIS Pack Vendor :STMicroelectronics X-CUBE-SUBG2 5.0.0
2025-01-11 09:18:34,865 [INFO] ThirdParty:1030 - CMSIS Pack Vendor :STMicroelectronics STM32_WPAN 1.0.0
2025-01-11 09:18:34,865 [INFO] ThirdParty:1030 - CMSIS Pack Vendor :wolfSSL I-CUBE-wolfMQTT 1.18.0
2025-01-11 09:18:34,865 [INFO] ThirdParty:1030 - CMSIS Pack Vendor :EmbeddedOffice I-CUBE-FS-RTOS 1.0.1
2025-01-11 09:18:34,865 [INFO] ThirdParty:1030 - CMSIS Pack Vendor :STMicroelectronics lwIP 2.0.3
2025-01-11 09:18:34,865 [INFO] ThirdParty:1030 - CMSIS Pack Vendor :Cesanta I-CUBE-Mongoose 7.13.0
2025-01-11 09:18:34,865 [INFO] ThirdParty:1030 - CMSIS Pack Vendor :STMicroelectronics USB_HOST 1.0.0
2025-01-11 09:18:34,865 [INFO] ThirdParty:1030 - CMSIS Pack Vendor :STMicroelectronics X-CUBE-TOF1 3.3.1
2025-01-11 09:18:34,865 [INFO] ThirdParty:1030 - CMSIS Pack Vendor :STMicroelectronics X-CUBE-AZRTOS-G4 2.0.0
2025-01-11 09:18:34,865 [INFO] ThirdParty:1030 - CMSIS Pack Vendor :STMicroelectronics PDM2PCM 3.1.0
2025-01-11 09:18:34,865 [INFO] ThirdParty:1030 - CMSIS Pack Vendor :STMicroelectronics X-CUBE-TOF1 3.3.0
2025-01-11 09:18:34,865 [INFO] ThirdParty:1030 - CMSIS Pack Vendor :STMicroelectronics FP-ATR-ASTRA1 1.1.1
2025-01-11 09:18:34,865 [INFO] ThirdParty:1030 - CMSIS Pack Vendor :Infineon AIROC-Wi-Fi-Bluetooth-STM32 1.5.1
2025-01-11 09:18:34,866 [INFO] ThirdParty:1030 - CMSIS Pack Vendor :STMicroelectronics X-CUBE-BLEMGR 3.0.0
2025-01-11 09:18:34,866 [INFO] ThirdParty:1030 - CMSIS Pack Vendor :STMicroelectronics X-CUBE-BLEMGR 1.3.0
2025-01-11 09:18:34,866 [INFO] ThirdParty:1030 - CMSIS Pack Vendor :STMicroelectronics FP-SNS-MOTENVWB1 1.3.0
2025-01-11 09:18:34,866 [INFO] ThirdParty:1030 - CMSIS Pack Vendor :RealThread X-CUBE-RT-Thread_Nano 4.1.1
2025-01-11 09:18:34,866 [INFO] ThirdParty:1030 - CMSIS Pack Vendor :STMicroelectronics FP-SNS-MOTENVWB1 1.3.1
2025-01-11 09:18:34,866 [INFO] ThirdParty:1030 - CMSIS Pack Vendor :STMicroelectronics FP-ATR-SIGFOX1 3.2.0
2025-01-11 09:18:34,866 [INFO] ThirdParty:1030 - CMSIS Pack Vendor :STMicroelectronics X-CUBE-AZRTOS-G4 1.0.0
2025-01-11 09:18:34,866 [INFO] ThirdParty:1030 - CMSIS Pack Vendor :STMicroelectronics X-CUBE-AZRTOS-L4 1.0.0
2025-01-11 09:18:34,866 [INFO] ThirdParty:1030 - CMSIS Pack Vendor :quantropi X-CUBE-qispace-sdk-base 1.9.3
2025-01-11 09:18:34,866 [INFO] ThirdParty:1030 - CMSIS Pack Vendor :STMicroelectronics X-CUBE-ISPU 2.0.0
2025-01-11 09:18:34,866 [INFO] ThirdParty:1030 - CMSIS Pack Vendor :STMicroelectronics X-CUBE-EEPRMA1 5.1.0
2025-01-11 09:18:34,866 [INFO] ThirdParty:1030 - CMSIS Pack Vendor :STMicroelectronics MBEDTLS 2.16.2
2025-01-11 09:18:34,866 [INFO] ThirdParty:1030 - CMSIS Pack Vendor :STMicroelectronics X-CUBE-ALS 1.0.2
2025-01-11 09:18:34,866 [INFO] ThirdParty:1030 - CMSIS Pack Vendor :STMicroelectronics X-CUBE-MEMS1 10.0.0
2025-01-11 09:18:34,866 [INFO] ThirdParty:1030 - CMSIS Pack Vendor :STMicroelectronics X-CUBE-FREERTOS 1.1.0
2025-01-11 09:18:34,866 [INFO] ThirdParty:1030 - CMSIS Pack Vendor :STMicroelectronics X-CUBE-TOUCHGFX 4.24.0
2025-01-11 09:18:34,866 [INFO] ThirdParty:1030 - CMSIS Pack Vendor :STMicroelectronics X-CUBE-AZRTOS-WL 1.0.0
2025-01-11 09:18:34,866 [INFO] ThirdParty:1030 - CMSIS Pack Vendor :STMicroelectronics X-CUBE-TOUCHGFX 4.24.1
2025-01-11 09:18:34,866 [INFO] ThirdParty:1030 - CMSIS Pack Vendor :portGmbH I-Cube-SoM-uGOAL 1.1.0
2025-01-11 09:18:34,866 [INFO] ThirdParty:1030 - CMSIS Pack Vendor :STMicroelectronics X-CUBE-ALS 1.0.1
2025-01-11 09:18:34,866 [INFO] ThirdParty:1030 - CMSIS Pack Vendor :STMicroelectronics X-CUBE-MEMS1 9.5.0
2025-01-11 09:18:34,866 [INFO] ThirdParty:1030 - CMSIS Pack Vendor :STMicroelectronics ThreadX 1.0.0
2025-01-11 09:18:34,866 [INFO] ThirdParty:1030 - CMSIS Pack Vendor :STMicroelectronics X-CUBE-AZRTOS-WB 1.1.0
2025-01-11 09:18:34,866 [INFO] ThirdParty:1030 - CMSIS Pack Vendor :SEGGER I-CUBE-embOS 1.3.1
2025-01-11 09:18:34,866 [INFO] ThirdParty:1030 - CMSIS Pack Vendor :STMicroelectronics X-CUBE-ALGOBUILD 1.4.0
2025-01-11 09:18:34,866 [INFO] ThirdParty:1030 - CMSIS Pack Vendor :STMicroelectronics X-CUBE-AZRTOS-H7RS 1.0.0
2025-01-11 09:18:34,866 [INFO] ThirdParty:1030 - CMSIS Pack Vendor :STMicroelectronics FP-ATR-ASTRA1 2.0.0
2025-01-11 09:18:34,866 [INFO] ThirdParty:1030 - CMSIS Pack Vendor :STMicroelectronics X-CUBE-TOF1 3.4.2
2025-01-11 09:18:34,868 [INFO] ThirdParty:1030 - CMSIS Pack Vendor :STMicroelectronics X-CUBE-AI 9.1.0
2025-01-11 09:18:34,868 [INFO] ThirdParty:1030 - CMSIS Pack Vendor :STMicroelectronics X-CUBE-TOF1 3.4.0
2025-01-11 09:18:34,868 [INFO] ThirdParty:1030 - CMSIS Pack Vendor :STMicroelectronics X-CUBE-TOF1 3.4.1
2025-01-11 09:18:34,868 [INFO] ThirdParty:1030 - CMSIS Pack Vendor :STMicroelectronics X-CUBE-AZRTOS-H7 3.2.0
2025-01-11 09:18:34,868 [INFO] ThirdParty:1030 - CMSIS Pack Vendor :wolfSSL I-CUBE-wolfSSH 1.4.17
2025-01-11 09:18:34,868 [INFO] ThirdParty:841 - exiting critical section [change project]
2025-01-11 09:18:35,202 [INFO] PinOutPanel:1589 - setPackage(No Configuration,No Configuration)
2025-01-11 09:18:35,205 [INFO] PinOutPanel:1589 - setPackage(STM32F767ZITx,LQFP144)
2025-01-11 09:18:35,658 [INFO] UtilMem:75 - Before build in PCC Used Memory: 498035864 Bytes (1021313024)
2025-01-11 09:18:35,992 [INFO] UtilMem:75 - After build in PCC Used Memory: 550464664 Bytes (1021313024)
2025-01-11 09:18:36,011 [INFO] ApiDbMcu:508 - Load IP Config File for FREERTOS
2025-01-11 09:18:36,045 [INFO] IPUIPlugin:80 - create IPUIPlugin
2025-01-11 09:18:36,045 [INFO] IPUIPlugin:80 - create IPUIPlugin
2025-01-11 09:18:36,045 [INFO] IPUIPlugin:80 - create IPUIPlugin
2025-01-11 09:18:36,045 [INFO] IPUIPlugin:80 - create IPUIPlugin
2025-01-11 09:18:36,045 [INFO] IPUIPlugin:80 - create IPUIPlugin
2025-01-11 09:18:36,045 [INFO] IPUIPlugin:80 - create IPUIPlugin
2025-01-11 09:18:36,045 [INFO] IPUIPlugin:80 - create IPUIPlugin
2025-01-11 09:18:36,046 [INFO] IPUIPlugin:80 - create IPUIPlugin
2025-01-11 09:18:36,046 [INFO] IPUIPlugin:80 - create IPUIPlugin
2025-01-11 09:18:36,046 [INFO] IPUIPlugin:80 - create IPUIPlugin
2025-01-11 09:18:36,046 [INFO] IPUIPlugin:80 - create IPUIPlugin
2025-01-11 09:18:36,046 [INFO] IPUIPlugin:80 - create IPUIPlugin
2025-01-11 09:18:36,046 [INFO] IPUIPlugin:80 - create IPUIPlugin
2025-01-11 09:18:36,046 [INFO] IPUIPlugin:80 - create IPUIPlugin
2025-01-11 09:18:36,046 [INFO] IPUIPlugin:80 - create IPUIPlugin
2025-01-11 09:18:36,046 [INFO] IPUIPlugin:80 - create IPUIPlugin
2025-01-11 09:18:36,047 [INFO] IPUIPlugin:80 - create IPUIPlugin
2025-01-11 09:18:36,047 [INFO] IPUIPlugin:80 - create IPUIPlugin
2025-01-11 09:18:36,047 [INFO] IPUIPlugin:80 - create IPUIPlugin
2025-01-11 09:18:36,047 [INFO] IPUIPlugin:80 - create IPUIPlugin
2025-01-11 09:18:36,047 [INFO] IPUIPlugin:80 - create IPUIPlugin
2025-01-11 09:18:36,047 [INFO] IPUIPlugin:80 - create IPUIPlugin
2025-01-11 09:18:36,047 [INFO] IPUIPlugin:80 - create IPUIPlugin
2025-01-11 09:18:36,048 [INFO] IPUIPlugin:80 - create IPUIPlugin
2025-01-11 09:18:36,048 [INFO] IPUIPlugin:80 - create IPUIPlugin
2025-01-11 09:18:36,048 [INFO] IPUIPlugin:80 - create IPUIPlugin
2025-01-11 09:18:36,048 [INFO] IPUIPlugin:80 - create IPUIPlugin
2025-01-11 09:18:36,048 [INFO] IPUIPlugin:80 - create IPUIPlugin
2025-01-11 09:18:36,048 [INFO] IPUIPlugin:80 - create IPUIPlugin
2025-01-11 09:18:36,048 [INFO] IPUIPlugin:80 - create IPUIPlugin
2025-01-11 09:18:36,048 [INFO] IPUIPlugin:80 - create IPUIPlugin
2025-01-11 09:18:36,049 [INFO] IPUIPlugin:80 - create IPUIPlugin
2025-01-11 09:18:36,049 [INFO] IPUIPlugin:80 - create IPUIPlugin
2025-01-11 09:18:36,049 [INFO] IPUIPlugin:80 - create IPUIPlugin
2025-01-11 09:18:36,049 [INFO] IPUIPlugin:80 - create IPUIPlugin
2025-01-11 09:18:36,049 [INFO] IPUIPlugin:80 - create IPUIPlugin
2025-01-11 09:18:36,049 [INFO] IPUIPlugin:80 - create IPUIPlugin
2025-01-11 09:18:36,049 [INFO] IPUIPlugin:80 - create IPUIPlugin
2025-01-11 09:18:36,049 [INFO] IPUIPlugin:80 - create IPUIPlugin
2025-01-11 09:18:36,051 [INFO] IPUIPlugin:80 - create IPUIPlugin
2025-01-11 09:18:36,051 [INFO] IPUIPlugin:80 - create IPUIPlugin
2025-01-11 09:18:36,051 [INFO] IPUIPlugin:80 - create IPUIPlugin
2025-01-11 09:18:36,052 [INFO] IPUIPlugin:80 - create IPUIPlugin
2025-01-11 09:18:36,052 [INFO] IPUIPlugin:80 - create IPUIPlugin
2025-01-11 09:18:36,052 [INFO] IPUIPlugin:80 - create IPUIPlugin
2025-01-11 09:18:36,052 [INFO] IPUIPlugin:80 - create IPUIPlugin
2025-01-11 09:18:36,052 [INFO] IPUIPlugin:80 - create IPUIPlugin
2025-01-11 09:18:36,053 [INFO] IPUIPlugin:80 - create IPUIPlugin
2025-01-11 09:18:36,053 [INFO] IPUIPlugin:80 - create IPUIPlugin
2025-01-11 09:18:36,053 [INFO] IPUIPlugin:80 - create IPUIPlugin
2025-01-11 09:18:36,054 [INFO] IPUIPlugin:80 - create IPUIPlugin
2025-01-11 09:18:36,054 [INFO] IPUIPlugin:80 - create IPUIPlugin
2025-01-11 09:18:36,054 [INFO] IPUIPlugin:80 - create IPUIPlugin
2025-01-11 09:18:36,054 [INFO] IPUIPlugin:80 - create IPUIPlugin
2025-01-11 09:18:36,055 [INFO] IPUIPlugin:80 - create IPUIPlugin
2025-01-11 09:18:36,055 [INFO] IPUIPlugin:80 - create IPUIPlugin
2025-01-11 09:18:36,055 [INFO] IPUIPlugin:80 - create IPUIPlugin
2025-01-11 09:18:36,055 [INFO] IPUIPlugin:80 - create IPUIPlugin
2025-01-11 09:18:36,056 [INFO] IPUIPlugin:80 - create IPUIPlugin
2025-01-11 09:18:36,056 [INFO] IPUIPlugin:80 - create IPUIPlugin
2025-01-11 09:18:36,056 [INFO] IPUIPlugin:80 - create IPUIPlugin
2025-01-11 09:18:36,057 [INFO] IPUIPlugin:80 - create IPUIPlugin
2025-01-11 09:18:36,057 [INFO] IPUIPlugin:80 - create IPUIPlugin
2025-01-11 09:18:36,058 [INFO] IPUIPlugin:80 - create IPUIPlugin
2025-01-11 09:18:36,058 [INFO] IPUIPlugin:80 - create IPUIPlugin
2025-01-11 09:18:36,058 [INFO] IPUIPlugin:80 - create IPUIPlugin
2025-01-11 09:18:36,059 [INFO] IPUIPlugin:80 - create IPUIPlugin
2025-01-11 09:18:36,059 [INFO] IPUIPlugin:80 - create IPUIPlugin
2025-01-11 09:18:36,059 [INFO] IPUIPlugin:80 - create IPUIPlugin
2025-01-11 09:18:36,060 [INFO] IPUIPlugin:80 - create IPUIPlugin
2025-01-11 09:18:36,060 [INFO] IPUIPlugin:80 - create IPUIPlugin
2025-01-11 09:18:36,061 [INFO] IPUIPlugin:80 - create IPUIPlugin
2025-01-11 09:18:36,061 [INFO] IPUIPlugin:80 - create IPUIPlugin
2025-01-11 09:18:36,061 [INFO] IPUIPlugin:80 - create IPUIPlugin
2025-01-11 09:18:36,061 [INFO] IPUIPlugin:80 - create IPUIPlugin
2025-01-11 09:18:36,062 [INFO] IPUIPlugin:80 - create IPUIPlugin
2025-01-11 09:18:36,062 [INFO] IPUIPlugin:80 - create IPUIPlugin
2025-01-11 09:18:36,064 [INFO] IPUIPlugin:80 - create IPUIPlugin
2025-01-11 09:18:36,064 [INFO] IPUIPlugin:80 - create IPUIPlugin
2025-01-11 09:18:36,089 [INFO] ApiDbMcu:508 - Load IP Config File for PDM2PCM
2025-01-11 09:18:36,092 [INFO] Can:71 - Can Add PropertyChangeListener com.st.microxplorer.plugins.ip.can.Can@7f3c5251
2025-01-11 09:18:36,098 [WARN] FreeRTOS:1023 - Null or empty value: should not occur! (nothing added to the table)
2025-01-11 09:18:36,284 [INFO] CADModel:165 - CPN selected for project levelSTM32F767ZIT6
2025-01-11 09:18:36,284 [INFO] CADModel:114 - Register for checkConnection events
2025-01-11 09:18:36,286 [INFO] RtosManager:697 - Active RTOS found at IOC load: FREERTOS [Cortex-M7NS]
2025-01-11 09:18:36,346 [INFO] OpenFileManager:363 - Restore cursor
2025-01-11 09:18:50,349 [INFO] NvicIntPanel:101 - NVIC parent = com.st.microxplorer.plugins.ip.nvic.MultiNvicIntPanel[,0,0,553x250,layout=javax.swing.BoxLayout,alignmentX=0.0,alignmentY=0.0,border=,flags=9,maximumSize=,minimumSize=,preferredSize=]
2025-01-11 09:20:22,159 [INFO] CADModel:198 - CPN selected (Project mode): STM32F767ZIT6
2025-01-11 09:20:22,160 [INFO] CADModel:200 - Internet connection configuration mode: 1
2025-01-11 09:20:22,160 [INFO] CADModel:203 - rpn retrievedSTM32F767ZI
2025-01-11 09:20:22,174 [INFO] WebAppUi:325 - Instantiating new browser for Project
2025-01-11 09:20:22,480 [INFO] WebAppUi:1224 - Register for checkConnection events
2025-01-11 09:20:22,480 [INFO] WebAppUi:1259 - Apply proxy settings
2025-01-11 09:20:22,480 [INFO] WebAppUi:1297 - Chromium requires no authentication
2025-01-11 09:20:22,480 [INFO] WebAppUi:1283 - Direct internet connection detected
2025-01-11 09:20:22,484 [INFO] WebAppUi:1155 - Web application path used C:\ST\STM32CubeIDE_1.11.2\STM32CubeIDE\plugins\com.st.stm32cube.common.mx_6.13.0.202411220809\db\plugins\mcufinder\reactClient\index.html
2025-01-11 09:20:22,515 [INFO] WebAppUi:927 - Path where api_config.json is located C:\Users\bakra\.stmcufinder\plugins\mcufinder//mcu/api_config.json
2025-01-11 09:20:22,515 [INFO] WebAppUi:928 - Setting api config in window object
2025-01-11 09:20:22,541 [INFO] WebAppUi:936 - Path where cad_preferences.json is located C:\Users\bakra/.stm32cubeide/
2025-01-11 09:20:22,541 [INFO] WebAppUi:937 - Setting consent info in window object
2025-01-11 09:20:23,077 [INFO] WebAppUi:832 - Allow Downloads
2025-01-11 09:20:23,078 [INFO] WebAppUi:325 - Instantiating new browser for Finder
2025-01-11 09:20:23,190 [INFO] WebAppUi:1089 - Web application message: [UlApiManager component] Connecting to SSO
2025-01-11 09:20:23,212 [INFO] WebAppUi:1224 - Register for checkConnection events
2025-01-11 09:20:23,212 [INFO] WebAppUi:1259 - Apply proxy settings
2025-01-11 09:20:23,212 [INFO] WebAppUi:1297 - Chromium requires no authentication
2025-01-11 09:20:23,212 [INFO] WebAppUi:1283 - Direct internet connection detected
2025-01-11 09:20:23,215 [INFO] WebAppUi:1155 - Web application path used C:\ST\STM32CubeIDE_1.11.2\STM32CubeIDE\plugins\com.st.stm32cube.common.mx_6.13.0.202411220809\db\plugins\mcufinder\reactClient\index.html
2025-01-11 09:20:23,225 [INFO] WebAppUi:927 - Path where api_config.json is located C:\Users\bakra\.stmcufinder\plugins\mcufinder//mcu/api_config.json
2025-01-11 09:20:23,225 [INFO] WebAppUi:928 - Setting api config in window object
2025-01-11 09:20:23,246 [INFO] WebAppUi:936 - Path where cad_preferences.json is located C:\Users\bakra/.stm32cubeide/
2025-01-11 09:20:23,246 [INFO] WebAppUi:937 - Setting consent info in window object
2025-01-11 09:20:23,591 [INFO] WebAppUi:1089 - Web application message: [UlApiManager component] Connected to Ultra Librarian SSO
2025-01-11 09:20:23,593 [INFO] WebAppUi:1089 - Web application message: [UlApiManager component] Connected to Ultra Librarian API
2025-01-11 09:20:23,731 [INFO] WebAppUi:832 - Allow Downloads
2025-01-11 09:20:23,731 [INFO] WebAppUi:653 - RPN selected STM32F767ZI
2025-01-11 09:20:23,732 [INFO] WebAppUi:654 - RefName selected STM32F767ZITx
2025-01-11 09:20:23,732 [INFO] WebAppUi:655 - CPN selected STM32F767ZIT6
2025-01-11 09:20:23,734 [INFO] WebAppUi:818 - Which Bigleton in use 2 and which CPN is about STM32F767ZIT6
2025-01-11 09:20:23,738 [INFO] WebAppUi:692 - Have injected Javascript into web application
2025-01-11 09:20:23,738 [INFO] WebAppUiContainer:153 - Web application run mode: Project CPN: STM32F767ZIT6
2025-01-11 09:20:23,815 [INFO] WebAppUi:1089 - Web application message: [UlApiManager component] Connecting to SSO
2025-01-11 09:20:24,218 [INFO] WebAppUi:1089 - Web application message: [UlApiManager component] Connected to Ultra Librarian SSO
2025-01-11 09:20:24,219 [INFO] WebAppUi:1089 - Web application message: [UlApiManager component] Connected to Ultra Librarian API
2025-01-11 09:20:25,069 [INFO] WebAppUi:927 - Path where api_config.json is located C:\Users\bakra\.stmcufinder\plugins\mcufinder//mcu/api_config.json
2025-01-11 09:20:25,069 [INFO] WebAppUi:928 - Setting api config in window object
2025-01-11 09:20:25,084 [INFO] WebAppUi:936 - Path where cad_preferences.json is located C:\Users\bakra/.stm32cubeide/
2025-01-11 09:20:25,084 [INFO] WebAppUi:937 - Setting consent info in window object
2025-01-11 09:20:25,424 [INFO] WebAppUi:1089 - Web application message: THREE.WebGLRenderer 101
2025-01-11 09:20:32,591 [INFO] WebAppUi:294 - Path where cad_preferences.json is located C:\Users\bakra/.stm32cubeide/
2025-01-11 09:20:32,591 [INFO] WebAppUi:295 - Updating consent from JSON file
2025-01-11 09:20:32,592 [INFO] WebAppUi:294 - Path where cad_preferences.json is located C:\Users\bakra/.stm32cubeide/
2025-01-11 09:20:32,592 [INFO] WebAppUi:295 - Updating consent from JSON file
2025-01-11 10:15:40,709 [INFO] UtilMem:75 - End SaveConfig() Used Memory: 948095528 Bytes (1056964608)
2025-01-11 10:15:40,894 [INFO] UtilMem:75 - End SaveConfig() Used Memory: 976407080 Bytes (1056964608)
2025-01-11 10:15:42,174 [INFO] UtilMem:75 - End SaveConfig() Used Memory: 484328808 Bytes (1056964608)
2025-01-11 10:15:44,591 [INFO] BlockDiagram:2766 - set Specific Code input for plugin: SPI
2025-01-11 10:15:44,591 [INFO] BlockDiagram:2766 - set Specific Code input for plugin: FREERTOS
2025-01-11 10:15:44,592 [INFO] BlockDiagram:2766 - set Specific Code input for plugin: CAN
2025-01-11 10:15:44,592 [INFO] BlockDiagram:2766 - set Specific Code input for plugin: SYS
2025-01-11 10:15:44,592 [INFO] BlockDiagram:2766 - set Specific Code input for plugin: RCC
2025-01-11 10:15:44,592 [INFO] BlockDiagram:2766 - set Specific Code input for plugin: NVIC
2025-01-11 10:15:44,593 [INFO] BlockDiagram:2766 - set Specific Code input for plugin: GPIO
2025-01-11 10:15:44,595 [INFO] CodeGenerator:896 - code generatio: config db path: C:\ST\STM32CubeIDE_1.11.2\STM32CubeIDE\plugins\com.st.stm32cube.common.mx_6.13.0.202411220809\\db\
2025-01-11 10:15:44,908 [INFO] CodeEngine:255 - oldGeneratedFile, C:\Users\bakra\Desktop\STM32F767ZI\can_f767_2\MXTmpFiles\license.tmp_save
2025-01-11 10:15:45,720 [INFO] CodeEngine:279 - Generated code: C:\Users\bakra\Desktop\STM32F767ZI\can_f767_2\MXTmpFiles\license.tmp
2025-01-11 10:15:45,935 [INFO] CodeEngine:255 - oldGeneratedFile, C:\Users\bakra\Desktop\STM32F767ZI\can_f767_2\MXTmpFiles\gpio.tmp_save
2025-01-11 10:15:46,163 [INFO] CodeEngine:279 - Generated code: C:\Users\bakra\Desktop\STM32F767ZI\can_f767_2\MXTmpFiles\gpio.tmp
2025-01-11 10:15:46,798 [INFO] Middleware:1450 - No code input for Bsp Dependency
2025-01-11 10:15:46,819 [INFO] CodeEngine:255 - oldGeneratedFile, C:\Users\bakra\Desktop\STM32F767ZI\can_f767_2\MXTmpFiles\rtos_inc.tmp_save
2025-01-11 10:15:46,974 [INFO] CodeEngine:279 - Generated code: C:\Users\bakra\Desktop\STM32F767ZI\can_f767_2\MXTmpFiles\rtos_inc.tmp
2025-01-11 10:15:46,991 [INFO] CodeEngine:255 - oldGeneratedFile, C:\Users\bakra\Desktop\STM32F767ZI\can_f767_2\MXTmpFiles\rtos_kernelInit.tmp_save
2025-01-11 10:15:47,112 [INFO] CodeEngine:279 - Generated code: C:\Users\bakra\Desktop\STM32F767ZI\can_f767_2\MXTmpFiles\rtos_kernelInit.tmp
2025-01-11 10:15:47,127 [INFO] CodeEngine:255 - oldGeneratedFile, C:\Users\bakra\Desktop\STM32F767ZI\can_f767_2\MXTmpFiles\rtos_kernelStart.tmp_save
2025-01-11 10:15:47,265 [INFO] CodeEngine:279 - Generated code: C:\Users\bakra\Desktop\STM32F767ZI\can_f767_2\MXTmpFiles\rtos_kernelStart.tmp
2025-01-11 10:15:47,286 [INFO] CodeEngine:255 - oldGeneratedFile, C:\Users\bakra\Desktop\STM32F767ZI\can_f767_2\MXTmpFiles\rtos_typedefs.tmp_save
2025-01-11 10:15:47,367 [INFO] CodeEngine:279 - Generated code: C:\Users\bakra\Desktop\STM32F767ZI\can_f767_2\MXTmpFiles\rtos_typedefs.tmp
2025-01-11 10:15:47,383 [INFO] CodeEngine:255 - oldGeneratedFile, C:\Users\bakra\Desktop\STM32F767ZI\can_f767_2\MXTmpFiles\rtos_vars.tmp_save
2025-01-11 10:15:47,480 [INFO] CodeEngine:279 - Generated code: C:\Users\bakra\Desktop\STM32F767ZI\can_f767_2\MXTmpFiles\rtos_vars.tmp
2025-01-11 10:15:47,499 [INFO] CodeEngine:255 - oldGeneratedFile, C:\Users\bakra\Desktop\STM32F767ZI\can_f767_2\MXTmpFiles\rtos_pfp.tmp_save
2025-01-11 10:15:47,600 [INFO] CodeEngine:279 - Generated code: C:\Users\bakra\Desktop\STM32F767ZI\can_f767_2\MXTmpFiles\rtos_pfp.tmp
2025-01-11 10:15:47,621 [INFO] CodeEngine:255 - oldGeneratedFile, C:\Users\bakra\Desktop\STM32F767ZI\can_f767_2\MXTmpFiles\rtos_obj_creat.tmp_save
2025-01-11 10:15:47,724 [INFO] CodeEngine:279 - Generated code: C:\Users\bakra\Desktop\STM32F767ZI\can_f767_2\MXTmpFiles\rtos_obj_creat.tmp
2025-01-11 10:15:47,752 [INFO] CodeEngine:255 - oldGeneratedFile, C:\Users\bakra\Desktop\STM32F767ZI\can_f767_2\MXTmpFiles\rtos_default_thread.tmp_save
2025-01-11 10:15:47,851 [INFO] CodeEngine:279 - Generated code: C:\Users\bakra\Desktop\STM32F767ZI\can_f767_2\MXTmpFiles\rtos_default_thread.tmp
2025-01-11 10:15:47,875 [INFO] CodeEngine:255 - oldGeneratedFile, C:\Users\bakra\Desktop\STM32F767ZI\can_f767_2\MXTmpFiles\rtos_threads.tmp_save
2025-01-11 10:15:47,947 [INFO] CodeEngine:279 - Generated code: C:\Users\bakra\Desktop\STM32F767ZI\can_f767_2\MXTmpFiles\rtos_threads.tmp
2025-01-11 10:15:47,963 [INFO] Middleware:1450 - No code input for Bsp Dependency
2025-01-11 10:15:47,974 [INFO] CodeEngine:255 - oldGeneratedFile, C:\Users\bakra\Desktop\STM32F767ZI\can_f767_2\MXTmpFiles\rtos_inc.tmp_save
2025-01-11 10:15:48,055 [INFO] CodeEngine:279 - Generated code: C:\Users\bakra\Desktop\STM32F767ZI\can_f767_2\MXTmpFiles\rtos_inc.tmp
2025-01-11 10:15:48,062 [INFO] CodeEngine:255 - oldGeneratedFile, C:\Users\bakra\Desktop\STM32F767ZI\can_f767_2\MXTmpFiles\rtos_kernelInit.tmp_save
2025-01-11 10:15:48,120 [INFO] CodeEngine:279 - Generated code: C:\Users\bakra\Desktop\STM32F767ZI\can_f767_2\MXTmpFiles\rtos_kernelInit.tmp
2025-01-11 10:15:48,127 [INFO] CodeEngine:255 - oldGeneratedFile, C:\Users\bakra\Desktop\STM32F767ZI\can_f767_2\MXTmpFiles\rtos_kernelStart.tmp_save
2025-01-11 10:15:48,185 [INFO] CodeEngine:279 - Generated code: C:\Users\bakra\Desktop\STM32F767ZI\can_f767_2\MXTmpFiles\rtos_kernelStart.tmp
2025-01-11 10:15:48,193 [INFO] CodeEngine:255 - oldGeneratedFile, C:\Users\bakra\Desktop\STM32F767ZI\can_f767_2\MXTmpFiles\rtos_typedefs.tmp_save
2025-01-11 10:15:48,251 [INFO] CodeEngine:279 - Generated code: C:\Users\bakra\Desktop\STM32F767ZI\can_f767_2\MXTmpFiles\rtos_typedefs.tmp
2025-01-11 10:15:48,268 [INFO] CodeEngine:255 - oldGeneratedFile, C:\Users\bakra\Desktop\STM32F767ZI\can_f767_2\MXTmpFiles\rtos_vars.tmp_save
2025-01-11 10:15:48,330 [INFO] CodeEngine:279 - Generated code: C:\Users\bakra\Desktop\STM32F767ZI\can_f767_2\MXTmpFiles\rtos_vars.tmp
2025-01-11 10:15:48,337 [INFO] CodeEngine:255 - oldGeneratedFile, C:\Users\bakra\Desktop\STM32F767ZI\can_f767_2\MXTmpFiles\rtos_pfp.tmp_save
2025-01-11 10:15:48,396 [INFO] CodeEngine:279 - Generated code: C:\Users\bakra\Desktop\STM32F767ZI\can_f767_2\MXTmpFiles\rtos_pfp.tmp
2025-01-11 10:15:48,414 [INFO] CodeEngine:255 - oldGeneratedFile, C:\Users\bakra\Desktop\STM32F767ZI\can_f767_2\MXTmpFiles\rtos_obj_creat.tmp_save
2025-01-11 10:15:48,477 [INFO] CodeEngine:279 - Generated code: C:\Users\bakra\Desktop\STM32F767ZI\can_f767_2\MXTmpFiles\rtos_obj_creat.tmp
2025-01-11 10:15:48,485 [INFO] CodeEngine:255 - oldGeneratedFile, C:\Users\bakra\Desktop\STM32F767ZI\can_f767_2\MXTmpFiles\rtos_default_thread.tmp_save
2025-01-11 10:15:48,542 [INFO] CodeEngine:279 - Generated code: C:\Users\bakra\Desktop\STM32F767ZI\can_f767_2\MXTmpFiles\rtos_default_thread.tmp
2025-01-11 10:15:48,550 [INFO] CodeEngine:255 - oldGeneratedFile, C:\Users\bakra\Desktop\STM32F767ZI\can_f767_2\MXTmpFiles\rtos_threads.tmp_save
2025-01-11 10:15:48,607 [INFO] CodeEngine:279 - Generated code: C:\Users\bakra\Desktop\STM32F767ZI\can_f767_2\MXTmpFiles\rtos_threads.tmp
2025-01-11 10:15:48,642 [INFO] CodeEngine:255 - oldGeneratedFile, C:\Users\bakra\Desktop\STM32F767ZI\can_f767_2\Core\Inc\FreeRTOSConfig.h_save
2025-01-11 10:15:48,756 [INFO] CodeEngine:279 - Generated code: C:\Users\bakra\Desktop\STM32F767ZI\can_f767_2\Core\Inc\FreeRTOSConfig.h
2025-01-11 10:15:48,792 [INFO] CodeEngine:255 - oldGeneratedFile, C:\Users\bakra\Desktop\STM32F767ZI\can_f767_2\Core\Src\freertos.c_save
2025-01-11 10:15:48,891 [INFO] CodeEngine:279 - Generated code: C:\Users\bakra\Desktop\STM32F767ZI\can_f767_2\Core\Src\freertos.c
2025-01-11 10:15:48,914 [INFO] CodeEngine:255 - oldGeneratedFile, C:\Users\bakra\Desktop\STM32F767ZI\can_f767_2\MXTmpFiles\cortex.tmp_save
2025-01-11 10:15:49,005 [INFO] CodeEngine:279 - Generated code: C:\Users\bakra\Desktop\STM32F767ZI\can_f767_2\MXTmpFiles\cortex.tmp
2025-01-11 10:15:49,047 [INFO] CodeEngine:255 - oldGeneratedFile, C:\Users\bakra\Desktop\STM32F767ZI\can_f767_2\Core\Src\stm32f7xx_it.c_save
2025-01-11 10:15:49,206 [INFO] CodeEngine:279 - Generated code: C:\Users\bakra\Desktop\STM32F767ZI\can_f767_2\Core\Src\stm32f7xx_it.c
2025-01-11 10:15:49,233 [INFO] CodeEngine:255 - oldGeneratedFile, C:\Users\bakra\Desktop\STM32F767ZI\can_f767_2\Core\Inc\stm32f7xx_it.h_save
2025-01-11 10:15:49,331 [INFO] CodeEngine:279 - Generated code: C:\Users\bakra\Desktop\STM32F767ZI\can_f767_2\Core\Inc\stm32f7xx_it.h
2025-01-11 10:15:49,380 [INFO] CodeEngine:255 - oldGeneratedFile, C:\Users\bakra\Desktop\STM32F767ZI\can_f767_2\Core\Src\stm32f7xx_hal_msp.c_save
2025-01-11 10:15:49,540 [INFO] CodeEngine:279 - Generated code: C:\Users\bakra\Desktop\STM32F767ZI\can_f767_2\Core\Src\stm32f7xx_hal_msp.c
2025-01-11 10:15:49,572 [INFO] CodeEngine:255 - oldGeneratedFile, C:\Users\bakra\Desktop\STM32F767ZI\can_f767_2\MXTmpFiles\system.tmp_save
2025-01-11 10:15:49,671 [INFO] CodeEngine:279 - Generated code: C:\Users\bakra\Desktop\STM32F767ZI\can_f767_2\MXTmpFiles\system.tmp
2025-01-11 10:15:49,728 [INFO] CodeEngine:311 - oldGeneratedFile, C:\Users\bakra\Desktop\STM32F767ZI\can_f767_2\Core\Inc\stm32f7xx_hal_conf.h_save
2025-01-11 10:15:49,854 [INFO] CodeEngine:335 - Generated code: C:\Users\bakra\Desktop\STM32F767ZI\can_f767_2\Core\Inc\stm32f7xx_hal_conf.h
2025-01-11 10:15:49,917 [INFO] ApiDbMcu:508 - Load IP Config File for CAN1
2025-01-11 10:15:49,920 [INFO] ApiDbMcu:508 - Load IP Config File for SPI1
2025-01-11 10:15:49,924 [INFO] ApiDbMcu:508 - Load IP Config File for RCC
2025-01-11 10:15:49,967 [INFO] CodeEngine:255 - oldGeneratedFile, C:\Users\bakra\Desktop\STM32F767ZI\can_f767_2\Core\Inc\main.h_save
2025-01-11 10:15:50,094 [INFO] CodeEngine:279 - Generated code: C:\Users\bakra\Desktop\STM32F767ZI\can_f767_2\Core\Inc\main.h
2025-01-11 10:15:50,128 [INFO] CodeEngine:255 - oldGeneratedFile, C:\Users\bakra\Desktop\STM32F767ZI\can_f767_2\Core\Src\main.c_save
2025-01-11 10:15:50,338 [INFO] CodeEngine:279 - Generated code: C:\Users\bakra\Desktop\STM32F767ZI\can_f767_2\Core\Src\main.c
2025-01-11 10:15:50,979 [INFO] ProjectBuilder:3289 - Time for Copy HAL[1] : 443mS.
2025-01-11 10:15:50,992 [INFO] ProjectBuilder:4876 - Project Generator version: 4.5.0-RC5
2025-01-11 10:15:51,103 [INFO] ConfigFileManager:1579 - The Die is : DIE451
2025-01-11 10:15:51,122 [INFO] ApiDbMcu:508 - Load IP Config File for FATFS
2025-01-11 10:15:51,137 [INFO] ApiDbMcu:508 - Load IP Config File for LIBJPEG
2025-01-11 10:15:51,156 [INFO] ApiDbMcu:508 - Load IP Config File for LWIP
2025-01-11 10:15:51,177 [INFO] ApiDbMcu:508 - Load IP Config File for MBEDTLS
2025-01-11 10:15:51,201 [INFO] ApiDbMcu:508 - Load IP Config File for USB_DEVICE
2025-01-11 10:15:51,218 [INFO] ApiDbMcu:508 - Load IP Config File for USB_HOST
