2024-06-29 19:06:43,857 [INFO] NvicIntPanel:101 - NVIC parent = com.st.microxplorer.plugins.ip.nvic.MultiNvicIntPanel[,0,0,0x0,invalid,layout=javax.swing.BoxLayout,alignmentX=0.0,alignmentY=0.0,border=,flags=9,maximumSize=,minimumSize=,preferredSize=]
2024-06-29 19:06:56,430 [INFO] UtilMem:75 - End SaveConfig() Used Memory: 741957912 Bytes (901775360)
2024-06-29 19:06:56,583 [INFO] UtilMem:75 - End SaveConfig() Used Memory: 769220888 Bytes (901775360)
2024-06-29 19:06:57,054 [INFO] UtilMem:75 - End SaveConfig() Used Memory: 305441056 Bytes (901775360)
2024-06-29 19:06:57,197 [INFO] BlockDiagram:2759 - set Specific Code input for plugin: SPI
2024-06-29 19:06:57,197 [INFO] BlockDiagram:2759 - set Specific Code input for plugin: SPI
2024-06-29 19:06:57,197 [INFO] BlockDiagram:2759 - set Specific Code input for plugin: SYS
2024-06-29 19:06:57,197 [INFO] BlockDiagram:2759 - set Specific Code input for plugin: RCC
2024-06-29 19:06:57,197 [INFO] BlockDiagram:2759 - set Specific Code input for plugin: NVIC
2024-06-29 19:06:57,197 [INFO] BlockDiagram:2759 - set Specific Code input for plugin: USART
2024-06-29 19:06:57,197 [INFO] BlockDiagram:2759 - set Specific Code input for plugin: GPIO
2024-06-29 19:06:57,197 [INFO] BlockDiagram:2759 - set Specific Code input for plugin: FATFS
2024-06-29 19:06:57,198 [INFO] CodeGenerator:807 - code generatio: config db path: C:\ST\STM32CubeIDE_1.11.2\STM32CubeIDE\plugins\com.st.stm32cube.common.mx_6.11.1.202404110753\\db\
2024-06-29 19:06:57,316 [INFO] CodeEngine:255 - oldGeneratedFile, C:\Users\bakra\Desktop\STM32F767ZI\sd_card\MXTmpFiles\license.tmp_save
2024-06-29 19:06:57,410 [INFO] CodeEngine:279 - Generated code: C:\Users\bakra\Desktop\STM32F767ZI\sd_card\MXTmpFiles\license.tmp
2024-06-29 19:06:57,486 [INFO] CodeEngine:255 - oldGeneratedFile, C:\Users\bakra\Desktop\STM32F767ZI\sd_card\MXTmpFiles\gpio.tmp_save
2024-06-29 19:06:57,610 [INFO] CodeEngine:279 - Generated code: C:\Users\bakra\Desktop\STM32F767ZI\sd_card\MXTmpFiles\gpio.tmp
2024-06-29 19:06:57,986 [INFO] Middleware:1439 - No code input for Bsp Dependency
2024-06-29 19:06:57,999 [INFO] CodeEngine:255 - oldGeneratedFile, C:\Users\bakra\Desktop\STM32F767ZI\sd_card\MXTmpFiles\fatfs_HalInit.tmp_save
2024-06-29 19:06:58,083 [INFO] CodeEngine:279 - Generated code: C:\Users\bakra\Desktop\STM32F767ZI\sd_card\MXTmpFiles\fatfs_HalInit.tmp
2024-06-29 19:06:58,098 [INFO] CodeEngine:255 - oldGeneratedFile, C:\Users\bakra\Desktop\STM32F767ZI\sd_card\MXTmpFiles\fatfs_vars.tmp_save
2024-06-29 19:06:58,207 [INFO] CodeEngine:279 - Generated code: C:\Users\bakra\Desktop\STM32F767ZI\sd_card\MXTmpFiles\fatfs_vars.tmp
2024-06-29 19:06:58,222 [INFO] CodeEngine:255 - oldGeneratedFile, C:\Users\bakra\Desktop\STM32F767ZI\sd_card\MXTmpFiles\fatfs_ext_vars.tmp_save
2024-06-29 19:06:58,305 [INFO] CodeEngine:279 - Generated code: C:\Users\bakra\Desktop\STM32F767ZI\sd_card\MXTmpFiles\fatfs_ext_vars.tmp
2024-06-29 19:06:58,383 [INFO] CodeEngine:255 - oldGeneratedFile, C:\Users\bakra\Desktop\STM32F767ZI\sd_card\MXTmpFiles\fatfs_inc.tmp_save
2024-06-29 19:06:58,448 [INFO] CodeEngine:279 - Generated code: C:\Users\bakra\Desktop\STM32F767ZI\sd_card\MXTmpFiles\fatfs_inc.tmp
2024-06-29 19:06:58,466 [INFO] CodeEngine:255 - oldGeneratedFile, C:\Users\bakra\Desktop\STM32F767ZI\sd_card\MXTmpFiles\cortex.tmp_save
2024-06-29 19:06:58,539 [INFO] CodeEngine:279 - Generated code: C:\Users\bakra\Desktop\STM32F767ZI\sd_card\MXTmpFiles\cortex.tmp
2024-06-29 19:06:58,542 [INFO] Middleware:1439 - No code input for Bsp Dependency
2024-06-29 19:06:58,548 [INFO] CodeEngine:255 - oldGeneratedFile, C:\Users\bakra\Desktop\STM32F767ZI\sd_card\MXTmpFiles\fatfs_HalInit.tmp_save
2024-06-29 19:06:58,613 [INFO] CodeEngine:279 - Generated code: C:\Users\bakra\Desktop\STM32F767ZI\sd_card\MXTmpFiles\fatfs_HalInit.tmp
2024-06-29 19:06:58,618 [INFO] CodeEngine:255 - oldGeneratedFile, C:\Users\bakra\Desktop\STM32F767ZI\sd_card\MXTmpFiles\fatfs_vars.tmp_save
2024-06-29 19:06:58,665 [INFO] CodeEngine:279 - Generated code: C:\Users\bakra\Desktop\STM32F767ZI\sd_card\MXTmpFiles\fatfs_vars.tmp
2024-06-29 19:06:58,669 [INFO] CodeEngine:255 - oldGeneratedFile, C:\Users\bakra\Desktop\STM32F767ZI\sd_card\MXTmpFiles\fatfs_ext_vars.tmp_save
2024-06-29 19:06:58,714 [INFO] CodeEngine:279 - Generated code: C:\Users\bakra\Desktop\STM32F767ZI\sd_card\MXTmpFiles\fatfs_ext_vars.tmp
2024-06-29 19:06:58,718 [INFO] CodeEngine:255 - oldGeneratedFile, C:\Users\bakra\Desktop\STM32F767ZI\sd_card\MXTmpFiles\fatfs_inc.tmp_save
2024-06-29 19:06:58,765 [INFO] CodeEngine:279 - Generated code: C:\Users\bakra\Desktop\STM32F767ZI\sd_card\MXTmpFiles\fatfs_inc.tmp
2024-06-29 19:06:58,784 [INFO] CodeEngine:255 - oldGeneratedFile, C:\Users\bakra\Desktop\STM32F767ZI\sd_card\FATFS\Target\ffconf.h_save
2024-06-29 19:06:58,874 [INFO] CodeEngine:279 - Generated code: C:\Users\bakra\Desktop\STM32F767ZI\sd_card\FATFS\Target\ffconf.h
2024-06-29 19:06:58,893 [INFO] CodeEngine:255 - oldGeneratedFile, C:\Users\bakra\Desktop\STM32F767ZI\sd_card\FATFS\Target\user_diskio.c_save
2024-06-29 19:06:58,969 [INFO] CodeEngine:279 - Generated code: C:\Users\bakra\Desktop\STM32F767ZI\sd_card\FATFS\Target\user_diskio.c
2024-06-29 19:06:58,987 [INFO] CodeEngine:255 - oldGeneratedFile, C:\Users\bakra\Desktop\STM32F767ZI\sd_card\FATFS\Target\user_diskio.h_save
2024-06-29 19:06:59,052 [INFO] CodeEngine:279 - Generated code: C:\Users\bakra\Desktop\STM32F767ZI\sd_card\FATFS\Target\user_diskio.h
2024-06-29 19:06:59,071 [INFO] CodeEngine:255 - oldGeneratedFile, C:\Users\bakra\Desktop\STM32F767ZI\sd_card\FATFS\App\fatfs.c_save
2024-06-29 19:06:59,138 [INFO] CodeEngine:279 - Generated code: C:\Users\bakra\Desktop\STM32F767ZI\sd_card\FATFS\App\fatfs.c
2024-06-29 19:06:59,155 [INFO] CodeEngine:255 - oldGeneratedFile, C:\Users\bakra\Desktop\STM32F767ZI\sd_card\FATFS\App\fatfs.h_save
2024-06-29 19:06:59,223 [INFO] CodeEngine:279 - Generated code: C:\Users\bakra\Desktop\STM32F767ZI\sd_card\FATFS\App\fatfs.h
2024-06-29 19:06:59,249 [INFO] CodeEngine:255 - oldGeneratedFile, C:\Users\bakra\Desktop\STM32F767ZI\sd_card\Core\Src\stm32f7xx_it.c_save
2024-06-29 19:06:59,391 [INFO] CodeEngine:279 - Generated code: C:\Users\bakra\Desktop\STM32F767ZI\sd_card\Core\Src\stm32f7xx_it.c
2024-06-29 19:06:59,413 [INFO] CodeEngine:255 - oldGeneratedFile, C:\Users\bakra\Desktop\STM32F767ZI\sd_card\Core\Inc\stm32f7xx_it.h_save
2024-06-29 19:06:59,480 [INFO] CodeEngine:279 - Generated code: C:\Users\bakra\Desktop\STM32F767ZI\sd_card\Core\Inc\stm32f7xx_it.h
2024-06-29 19:06:59,516 [INFO] CodeEngine:255 - oldGeneratedFile, C:\Users\bakra\Desktop\STM32F767ZI\sd_card\Core\Src\stm32f7xx_hal_msp.c_save
2024-06-29 19:06:59,604 [INFO] CodeEngine:279 - Generated code: C:\Users\bakra\Desktop\STM32F767ZI\sd_card\Core\Src\stm32f7xx_hal_msp.c
2024-06-29 19:06:59,614 [INFO] CodeEngine:255 - oldGeneratedFile, C:\Users\bakra\Desktop\STM32F767ZI\sd_card\MXTmpFiles\system.tmp_save
2024-06-29 19:06:59,671 [INFO] CodeEngine:279 - Generated code: C:\Users\bakra\Desktop\STM32F767ZI\sd_card\MXTmpFiles\system.tmp
2024-06-29 19:06:59,696 [INFO] CodeEngine:311 - oldGeneratedFile, C:\Users\bakra\Desktop\STM32F767ZI\sd_card\Core\Inc\stm32f7xx_hal_conf.h_save
2024-06-29 19:06:59,770 [INFO] CodeEngine:335 - Generated code: C:\Users\bakra\Desktop\STM32F767ZI\sd_card\Core\Inc\stm32f7xx_hal_conf.h
2024-06-29 19:06:59,811 [INFO] CodeEngine:255 - oldGeneratedFile, C:\Users\bakra\Desktop\STM32F767ZI\sd_card\Core\Inc\main.h_save
2024-06-29 19:06:59,885 [INFO] CodeEngine:279 - Generated code: C:\Users\bakra\Desktop\STM32F767ZI\sd_card\Core\Inc\main.h
2024-06-29 19:06:59,905 [INFO] CodeEngine:255 - oldGeneratedFile, C:\Users\bakra\Desktop\STM32F767ZI\sd_card\Core\Src\main.c_save
2024-06-29 19:07:00,000 [INFO] CodeEngine:279 - Generated code: C:\Users\bakra\Desktop\STM32F767ZI\sd_card\Core\Src\main.c
2024-06-29 19:07:00,272 [INFO] ProjectBuilder:3163 - Time for Copy HAL[1] : 139mS.
2024-06-29 19:07:00,277 [INFO] ProjectBuilder:4736 - Project Generator version: 4.3.0-B58
2024-06-29 19:07:00,345 [INFO] ConfigFileManager:1503 - The Die is : DIE451
2024-06-29 19:07:01,094 [INFO] ProjectBuilder:5002 - Time for Generating toolchain IDE Files: 817mS.
2024-06-29 19:07:01,095 [INFO] ProjectBuilder:3034 - Time for Copy CMSIS : 0mS.
2024-06-29 19:07:01,098 [INFO] ProjectBuilder:3034 - Time for Copy CMSIS : 0mS.
