2024-05-20 18:32:18,659 [INFO] Activator:176 - 


2024-05-20 18:32:18,675 [INFO] Activator:177 - !SESSION log4j initialized
2024-05-20 18:32:23,902 [INFO] LogOutputStream:77 - [STDOUT_REDIRECT] 
2024-05-20 18:32:28,098 [INFO] ApplicationProperties:184 - Using Application install path: C:\ST\STM32CubeIDE_1.11.2\STM32CubeIDE\plugins\com.st.stm32cube.common.mx_6.11.1.202404110753
2024-05-20 18:32:28,113 [INFO] DbMcusXml:78 - Set database path to: C:\ST\STM32CubeIDE_1.11.2\STM32CubeIDE\plugins\com.st.stm32cube.common.mx_6.11.1.202404110753\\db\/mcu/
2024-05-20 18:32:28,114 [INFO] ApiDb:274 - Set plugin database path to: C:\ST\STM32CubeIDE_1.11.2\STM32CubeIDE\plugins\com.st.stm32cube.common.mx_6.11.1.202404110753\\db\/plugins/boardmanager/
2024-05-20 18:32:28,114 [WARN] ApiDb:259 - Overriding images path with different value:  => C:\ST\STM32CubeIDE_1.11.2\STM32CubeIDE\plugins\com.st.stm32cube.common.mx_6.11.1.202404110753\\db\/plugins/mcufinder/images/
2024-05-20 18:32:28,123 [INFO] ApiDb:250 - Set database path to: C:\Users\bakra\.stmcufinder\plugins\mcufinder//mcu/
2024-05-20 18:32:28,124 [INFO] DbMcusAds:125 - Set database path to: C:\Users\bakra\.stmcufinder\plugins\mcufinder//mcu/
2024-05-20 18:32:28,125 [INFO] CrossReferenceDbSqlite:203 - Set database path to: C:\Users\bakra\.stmcufinder\plugins\mcufinder//mcu/cs/
2024-05-20 18:32:28,218 [INFO] RulesReader:64 - Compatibility file has been processed (297 Rules)
2024-05-20 18:32:28,304 [INFO] DbMcusXml:78 - Set database path to: C:\ST\STM32CubeIDE_1.11.2\STM32CubeIDE\plugins\com.st.stm32cube.common.mx_6.11.1.202404110753\\db\/mcu/
2024-05-20 18:32:28,305 [INFO] ApiDb:274 - Set plugin database path to: C:\ST\STM32CubeIDE_1.11.2\STM32CubeIDE\plugins\com.st.stm32cube.common.mx_6.11.1.202404110753\\db\/plugins/boardmanager/
2024-05-20 18:32:28,305 [INFO] ApiDb:261 - Set plugin images path to: C:\ST\STM32CubeIDE_1.11.2\STM32CubeIDE\plugins\com.st.stm32cube.common.mx_6.11.1.202404110753\\db\/plugins/mcufinder/images/
2024-05-20 18:32:28,305 [WARN] DbFile:41 - Overriding database path with different value: C:\Users\bakra\.stmcufinder\plugins\mcufinder/ => C:\Users\bakra\.stmcufinder\plugins\mcufinder
2024-05-20 18:32:28,305 [INFO] ApiDb:250 - Set database path to: C:\Users\bakra\.stmcufinder\plugins\mcufinder//mcu/
2024-05-20 18:32:28,305 [WARN] DbFile:41 - Overriding database path with different value: C:\Users\bakra\.stmcufinder\plugins\mcufinder/ => C:\Users\bakra\.stmcufinder\plugins\mcufinder
2024-05-20 18:32:28,305 [INFO] DbMcusAds:125 - Set database path to: C:\Users\bakra\.stmcufinder\plugins\mcufinder//mcu/
2024-05-20 18:32:28,305 [WARN] DbFile:41 - Overriding database path with different value: C:\Users\bakra\.stmcufinder\plugins\mcufinder/ => C:\Users\bakra\.stmcufinder\plugins\mcufinder
2024-05-20 18:32:28,305 [WARN] DbFile:41 - Overriding database path with different value: C:\Users\bakra\.stmcufinder\plugins\mcufinder/ => C:\Users\bakra\.stmcufinder\plugins\mcufinder
2024-05-20 18:32:28,305 [INFO] CrossReferenceDbSqlite:203 - Set database path to: C:\Users\bakra\.stmcufinder\plugins\mcufinder//mcu/cs/
2024-05-20 18:32:28,384 [INFO] MainPanel:264 - HeapMemory: 268435456
2024-05-20 18:32:28,489 [INFO] DbMcusXml:78 - Set database path to: C:\ST\STM32CubeIDE_1.11.2\STM32CubeIDE\plugins\com.st.stm32cube.common.mx_6.11.1.202404110753\\db\/mcu/
2024-05-20 18:32:28,489 [INFO] ApiDb:274 - Set plugin database path to: C:\ST\STM32CubeIDE_1.11.2\STM32CubeIDE\plugins\com.st.stm32cube.common.mx_6.11.1.202404110753\\db\/plugins/boardmanager/
2024-05-20 18:32:28,489 [INFO] ApiDb:261 - Set plugin images path to: C:\ST\STM32CubeIDE_1.11.2\STM32CubeIDE\plugins\com.st.stm32cube.common.mx_6.11.1.202404110753\\db\/plugins/mcufinder/images/
2024-05-20 18:32:28,489 [WARN] DbFile:41 - Overriding database path with different value: C:\Users\bakra\.stmcufinder\plugins\mcufinder/ => C:\Users\bakra\.stmcufinder\plugins\mcufinder
2024-05-20 18:32:28,489 [INFO] ApiDb:250 - Set database path to: C:\Users\bakra\.stmcufinder\plugins\mcufinder//mcu/
2024-05-20 18:32:28,489 [WARN] DbFile:41 - Overriding database path with different value: C:\Users\bakra\.stmcufinder\plugins\mcufinder/ => C:\Users\bakra\.stmcufinder\plugins\mcufinder
2024-05-20 18:32:28,489 [INFO] DbMcusAds:125 - Set database path to: C:\Users\bakra\.stmcufinder\plugins\mcufinder//mcu/
2024-05-20 18:32:28,489 [WARN] DbFile:41 - Overriding database path with different value: C:\Users\bakra\.stmcufinder\plugins\mcufinder/ => C:\Users\bakra\.stmcufinder\plugins\mcufinder
2024-05-20 18:32:28,489 [WARN] DbFile:41 - Overriding database path with different value: C:\Users\bakra\.stmcufinder\plugins\mcufinder/ => C:\Users\bakra\.stmcufinder\plugins\mcufinder
2024-05-20 18:32:28,490 [INFO] CrossReferenceDbSqlite:203 - Set database path to: C:\Users\bakra\.stmcufinder\plugins\mcufinder//mcu/cs/
2024-05-20 18:32:28,509 [INFO] ApplicationProperties:184 - Using Application install path: C:\ST\STM32CubeIDE_1.11.2\STM32CubeIDE\plugins\com.st.stm32cube.common.mx_6.11.1.202404110753
2024-05-20 18:32:28,510 [INFO] PluginManage:196 - Search for loadable plugins [exclusion list=, ]
2024-05-20 18:32:28,512 [INFO] PluginManage:310 - Check plugin analytics
2024-05-20 18:32:28,655 [INFO] AnalyticsPlugin:253 - Accepted Software Licenses: 
2024-05-20 18:32:28,655 [INFO] AnalyticsPlugin:255 - Accepted CMSIS Pack Licenses: 
2024-05-20 18:32:28,656 [INFO] AnalyticsPlugin:257 - Accepted Firmware Licenses: 
2024-05-20 18:32:28,658 [INFO] PluginManage:359 - Loaded plugin analytics (category:tool,tabindex:-1)
2024-05-20 18:32:28,658 [INFO] PluginManage:310 - Check plugin cadmodel
2024-05-20 18:32:28,718 [INFO] CADModel:105 - Init CAD model plugin
2024-05-20 18:32:28,718 [INFO] PluginManage:359 - Loaded plugin cadmodel (category:power,tabindex:5)
2024-05-20 18:32:28,719 [INFO] PluginManage:310 - Check plugin clock
2024-05-20 18:32:28,743 [INFO] PluginManage:359 - Loaded plugin clock (category:base,tabindex:2)
2024-05-20 18:32:28,743 [INFO] PluginManage:310 - Check plugin ddr
2024-05-20 18:32:28,745 [INFO] PluginManage:359 - Loaded plugin ddr (category:tool,tabindex:6)
2024-05-20 18:32:28,745 [INFO] PluginManage:310 - Check plugin filemanager
2024-05-20 18:32:28,916 [INFO] PluginManage:359 - Loaded plugin filemanager (category:base,tabindex:10)
2024-05-20 18:32:28,916 [INFO] PluginManage:310 - Check plugin ipmanager
2024-05-20 18:32:28,925 [INFO] PluginManage:359 - Loaded plugin ipmanager (category:base,tabindex:5)
2024-05-20 18:32:28,925 [INFO] PluginManage:310 - Check plugin lpbam
2024-05-20 18:32:28,948 [INFO] PluginManage:359 - Loaded plugin lpbam (category:base,tabindex:0)
2024-05-20 18:32:28,948 [INFO] PluginManage:310 - Check plugin memorymap
2024-05-20 18:32:28,971 [INFO] PluginManage:359 - Loaded plugin memorymap (category:base,tabindex:4)
2024-05-20 18:32:28,972 [INFO] PluginManage:310 - Check plugin pinoutandconfiguration
2024-05-20 18:32:28,990 [INFO] PluginManage:359 - Loaded plugin pinoutandconfiguration (category:base,tabindex:1)
2024-05-20 18:32:28,990 [INFO] PluginManage:310 - Check plugin pinoutconfig
2024-05-20 18:32:29,099 [WARN] SupportedApi:132 - Cannot load RTOS API schema: s4s-elt-must-match.1: The content of 'definitions' must match (annotation?, (simpleType | complexType)?, (unique | key | keyref)*)). A problem was found starting at: attribute.
2024-05-20 18:32:29,272 [INFO] PluginManage:359 - Loaded plugin pinoutconfig (category:base,tabindex:0)
2024-05-20 18:32:29,273 [INFO] PluginManage:310 - Check plugin power
2024-05-20 18:32:29,301 [INFO] PluginManage:359 - Loaded plugin power (category:power,tabindex:4)
2024-05-20 18:32:29,301 [INFO] PluginManage:310 - Check plugin projectmanager
2024-05-20 18:32:29,320 [INFO] PluginManage:359 - Loaded plugin projectmanager (category:projectmanager,tabindex:3)
2024-05-20 18:32:29,320 [INFO] PluginManage:310 - Check plugin thirdparty
2024-05-20 18:32:29,634 [INFO] PluginManage:359 - Loaded plugin thirdparty (category:base,tabindex:-1)
2024-05-20 18:32:29,634 [WARN] IntegrityCheckThread:84 - waiting for thirdparty lock release [integrity check]
2024-05-20 18:32:29,634 [INFO] PluginManage:310 - Check plugin tools
2024-05-20 18:32:29,635 [INFO] IntegrityCheckThread:86 - entering critical section [integrity check]
2024-05-20 18:32:29,635 [INFO] ThirdPartyUpdaterWithRetryManager:70 - Updater plugin not ready yet. [1/15]
2024-05-20 18:32:29,663 [INFO] PluginManage:359 - Loaded plugin tools (category:base,tabindex:7)
2024-05-20 18:32:29,663 [INFO] PluginManage:310 - Check plugin tutovideos
2024-05-20 18:32:29,832 [INFO] PluginManage:359 - Loaded plugin tutovideos (category:base,tabindex:-1)
2024-05-20 18:32:29,833 [INFO] PluginManage:310 - Check plugin updater
2024-05-20 18:32:29,843 [INFO] PluginManage:359 - Loaded plugin updater (category:base,tabindex:12)
2024-05-20 18:32:29,843 [INFO] PluginManage:310 - Check plugin userauth
2024-05-20 18:32:29,848 [INFO] UserAuth:114 - Init User Auth plugin
2024-05-20 18:32:29,848 [INFO] PluginManage:359 - Loaded plugin userauth (category:base,tabindex:14)
2024-05-20 18:32:29,848 [INFO] PluginManage:283 - PluginManage : Loaded plugins [17]
2024-05-20 18:32:30,112 [INFO] PinOutPanel:1561 - setPackage(No Configuration,No Configuration)
2024-05-20 18:32:30,202 [INFO] CADModel:165 - CPN selected for project level
2024-05-20 18:32:30,203 [INFO] CADModel:114 - Register for checkConnection events
2024-05-20 18:32:30,226 [INFO] IPUIPlugin:80 - create IPUIPlugin
2024-05-20 18:32:30,226 [INFO] PluginManager:220 - loadIPPluginJar : add adc
2024-05-20 18:32:30,255 [INFO] IPUIPlugin:80 - create IPUIPlugin
2024-05-20 18:32:30,255 [INFO] PluginManager:220 - loadIPPluginJar : add aes
2024-05-20 18:32:30,289 [INFO] IPUIPlugin:80 - create IPUIPlugin
2024-05-20 18:32:30,289 [INFO] PluginManager:220 - loadIPPluginJar : add can
2024-05-20 18:32:30,310 [INFO] IPUIPlugin:80 - create IPUIPlugin
2024-05-20 18:32:30,310 [INFO] PluginManager:220 - loadIPPluginJar : add comp
2024-05-20 18:32:30,342 [INFO] IPUIPlugin:80 - create IPUIPlugin
2024-05-20 18:32:30,342 [INFO] PluginManager:220 - loadIPPluginJar : add cryp
2024-05-20 18:32:30,368 [INFO] IPUIPlugin:80 - create IPUIPlugin
2024-05-20 18:32:30,368 [INFO] PluginManager:220 - loadIPPluginJar : add dfsdm
2024-05-20 18:32:30,380 [INFO] IPUIPlugin:80 - create IPUIPlugin
2024-05-20 18:32:30,380 [INFO] PluginManager:220 - loadIPPluginJar : add dma
2024-05-20 18:32:30,415 [INFO] IPUIPlugin:80 - create IPUIPlugin
2024-05-20 18:32:30,415 [INFO] PluginManager:220 - loadIPPluginJar : add dma3
2024-05-20 18:32:30,449 [INFO] IPUIPlugin:80 - create IPUIPlugin
2024-05-20 18:32:30,449 [INFO] PluginManager:220 - loadIPPluginJar : add extmemmanager
2024-05-20 18:32:30,464 [INFO] IPUIPlugin:80 - create IPUIPlugin
2024-05-20 18:32:30,464 [INFO] PluginManager:220 - loadIPPluginJar : add fatfs
2024-05-20 18:32:30,500 [INFO] IPUIPlugin:80 - create IPUIPlugin
2024-05-20 18:32:30,500 [INFO] PluginManager:220 - loadIPPluginJar : add fmc
2024-05-20 18:32:30,513 [INFO] IPUIPlugin:80 - create IPUIPlugin
2024-05-20 18:32:30,513 [INFO] PluginManager:220 - loadIPPluginJar : add freertos
2024-05-20 18:32:30,529 [INFO] IPUIPlugin:80 - create IPUIPlugin
2024-05-20 18:32:30,529 [INFO] PluginManager:220 - loadIPPluginJar : add genericplugin
2024-05-20 18:32:30,593 [INFO] IPUIPlugin:80 - create IPUIPlugin
2024-05-20 18:32:30,593 [INFO] PluginManager:220 - loadIPPluginJar : add gfxmmu
2024-05-20 18:32:30,681 [INFO] IPUIPlugin:80 - create IPUIPlugin
2024-05-20 18:32:30,682 [INFO] PluginManager:220 - loadIPPluginJar : add gic
2024-05-20 18:32:30,693 [INFO] IPUIPlugin:80 - create IPUIPlugin
2024-05-20 18:32:30,693 [INFO] PluginManager:220 - loadIPPluginJar : add gpio
2024-05-20 18:32:30,774 [INFO] IPUIPlugin:80 - create IPUIPlugin
2024-05-20 18:32:30,774 [INFO] PluginManager:220 - loadIPPluginJar : add gtzc
2024-05-20 18:32:30,804 [INFO] IPUIPlugin:80 - create IPUIPlugin
2024-05-20 18:32:30,804 [INFO] PluginManager:220 - loadIPPluginJar : add hash
2024-05-20 18:32:30,844 [INFO] IPUIPlugin:80 - create IPUIPlugin
2024-05-20 18:32:30,844 [INFO] PluginManager:220 - loadIPPluginJar : add i2c
2024-05-20 18:32:30,875 [INFO] IPUIPlugin:80 - create IPUIPlugin
2024-05-20 18:32:30,875 [INFO] PluginManager:220 - loadIPPluginJar : add i2s
2024-05-20 18:32:30,904 [INFO] IPUIPlugin:80 - create IPUIPlugin
2024-05-20 18:32:30,904 [INFO] PluginManager:220 - loadIPPluginJar : add i3c
2024-05-20 18:32:30,981 [INFO] IPUIPlugin:80 - create IPUIPlugin
2024-05-20 18:32:30,981 [INFO] PluginManager:220 - loadIPPluginJar : add ipddr
2024-05-20 18:32:31,044 [INFO] IPUIPlugin:80 - create IPUIPlugin
2024-05-20 18:32:31,044 [INFO] PluginManager:220 - loadIPPluginJar : add linkedlist
2024-05-20 18:32:31,070 [INFO] IPUIPlugin:80 - create IPUIPlugin
2024-05-20 18:32:31,070 [INFO] PluginManager:220 - loadIPPluginJar : add lorawan
2024-05-20 18:32:31,096 [INFO] IPUIPlugin:80 - create IPUIPlugin
2024-05-20 18:32:31,096 [INFO] PluginManager:220 - loadIPPluginJar : add ltdc
2024-05-20 18:32:31,108 [INFO] IPUIPlugin:80 - create IPUIPlugin
2024-05-20 18:32:31,108 [INFO] PluginManager:220 - loadIPPluginJar : add mdma
2024-05-20 18:32:31,117 [INFO] IPUIPlugin:80 - create IPUIPlugin
2024-05-20 18:32:31,117 [INFO] PluginManager:220 - loadIPPluginJar : add nvic
2024-05-20 18:32:31,142 [INFO] IPUIPlugin:80 - create IPUIPlugin
2024-05-20 18:32:31,142 [INFO] PluginManager:220 - loadIPPluginJar : add opamp
2024-05-20 18:32:31,183 [INFO] IPUIPlugin:80 - create IPUIPlugin
2024-05-20 18:32:31,183 [INFO] PluginManager:220 - loadIPPluginJar : add openamp
2024-05-20 18:32:31,213 [INFO] IPUIPlugin:80 - create IPUIPlugin
2024-05-20 18:32:31,213 [INFO] PluginManager:220 - loadIPPluginJar : add pdm2pcm
2024-05-20 18:32:31,228 [INFO] IPUIPlugin:80 - create IPUIPlugin
2024-05-20 18:32:31,229 [INFO] PluginManager:220 - loadIPPluginJar : add plateformsettings
2024-05-20 18:32:31,247 [INFO] IPUIPlugin:80 - create IPUIPlugin
2024-05-20 18:32:31,247 [INFO] PluginManager:220 - loadIPPluginJar : add quadspi
2024-05-20 18:32:31,259 [INFO] IPUIPlugin:80 - create IPUIPlugin
2024-05-20 18:32:31,260 [INFO] PluginManager:220 - loadIPPluginJar : add resmgrutility
2024-05-20 18:32:31,297 [INFO] IPUIPlugin:80 - create IPUIPlugin
2024-05-20 18:32:31,297 [INFO] PluginManager:220 - loadIPPluginJar : add sai
2024-05-20 18:32:31,324 [INFO] IPUIPlugin:80 - create IPUIPlugin
2024-05-20 18:32:31,325 [INFO] PluginManager:220 - loadIPPluginJar : add spi
2024-05-20 18:32:31,374 [INFO] IPUIPlugin:80 - create IPUIPlugin
2024-05-20 18:32:31,374 [INFO] PluginManager:220 - loadIPPluginJar : add stm32_wpan
2024-05-20 18:32:31,394 [INFO] IPUIPlugin:80 - create IPUIPlugin
2024-05-20 18:32:31,394 [INFO] PluginManager:220 - loadIPPluginJar : add tim
2024-05-20 18:32:31,439 [INFO] IPUIPlugin:80 - create IPUIPlugin
2024-05-20 18:32:31,439 [INFO] PluginManager:220 - loadIPPluginJar : add touchsensing
2024-05-20 18:32:31,455 [INFO] IPUIPlugin:80 - create IPUIPlugin
2024-05-20 18:32:31,455 [INFO] PluginManager:220 - loadIPPluginJar : add tracer_emb
2024-05-20 18:32:31,472 [INFO] IPUIPlugin:80 - create IPUIPlugin
2024-05-20 18:32:31,472 [INFO] PluginManager:220 - loadIPPluginJar : add ts
2024-05-20 18:32:31,487 [INFO] IPUIPlugin:80 - create IPUIPlugin
2024-05-20 18:32:31,487 [INFO] PluginManager:220 - loadIPPluginJar : add tsc
2024-05-20 18:32:31,502 [INFO] IPUIPlugin:80 - create IPUIPlugin
2024-05-20 18:32:31,503 [INFO] PluginManager:220 - loadIPPluginJar : add ucpd
2024-05-20 18:32:31,533 [INFO] IPUIPlugin:80 - create IPUIPlugin
2024-05-20 18:32:31,533 [INFO] PluginManager:220 - loadIPPluginJar : add usart
2024-05-20 18:32:31,563 [INFO] IPUIPlugin:80 - create IPUIPlugin
2024-05-20 18:32:31,563 [INFO] PluginManager:220 - loadIPPluginJar : add usbx
2024-05-20 18:32:31,677 [INFO] CADModel:165 - CPN selected for project level
2024-05-20 18:32:31,677 [INFO] CADModel:114 - Register for checkConnection events
2024-05-20 18:32:31,678 [FATAL] Updater:308 - Updater called before beeing initialized
2024-05-20 18:32:31,678 [ERROR] CADModel:125 - Updater not yet initialized, retry later 
2024-05-20 18:32:31,795 [INFO] CADModel:165 - CPN selected for project level
2024-05-20 18:32:31,795 [INFO] CADModel:114 - Register for checkConnection events
2024-05-20 18:32:31,795 [FATAL] Updater:308 - Updater called before beeing initialized
2024-05-20 18:32:31,796 [ERROR] CADModel:125 - Updater not yet initialized, retry later 
2024-05-20 18:32:31,797 [FATAL] Updater:308 - Updater called before beeing initialized
2024-05-20 18:32:31,886 [FATAL] Updater:308 - Updater called before beeing initialized
2024-05-20 18:32:31,897 [INFO] DbMcusAds:53 - JSON generation date=Thu May 16 05:22:01 EDT 2024 (1715851321109)
2024-05-20 18:32:31,897 [FATAL] Updater:308 - Updater called before beeing initialized
2024-05-20 18:32:31,932 [WARN] DetailPanel:346 - Failed to get advertising image, set to default
2024-05-20 18:32:32,009 [FATAL] Updater:308 - Updater called before beeing initialized
2024-05-20 18:32:32,011 [FATAL] Updater:308 - Updater called before beeing initialized
2024-05-20 18:32:32,012 [FATAL] Updater:308 - Updater called before beeing initialized
2024-05-20 18:32:32,012 [WARN] DetailPanel:346 - Failed to get advertising image, set to default
2024-05-20 18:32:32,012 [FATAL] Updater:308 - Updater called before beeing initialized
2024-05-20 18:32:32,066 [ERROR] Updater:1120 - MainUpdater not yet initialized. External WinMGr cannot be set.
2024-05-20 18:32:32,076 [INFO] Updater:1056 - Updater Version found : 6.11.1
2024-05-20 18:32:32,094 [INFO] ApplicationProperties:184 - Using Application install path: C:\ST\STM32CubeIDE_1.11.2\STM32CubeIDE\plugins\com.st.stm32cube.common.mx_6.11.1.202404110753
2024-05-20 18:32:32,638 [INFO] ThirdPartyUpdaterWithRetryManager:70 - Updater plugin not ready yet. [2/15]
2024-05-20 18:32:33,668 [ERROR] LogOutputStream:75 - [STDERR_REDIRECT] May 20, 2024 6:32:33 PM java.util.prefs.WindowsPreferences <init>
2024-05-20 18:32:33,669 [ERROR] LogOutputStream:75 - [STDERR_REDIRECT] WARNING: Could not open/create prefs root node Software\JavaSoft\Prefs at root 0xffffffff80000002. Windows RegCreateKeyEx(...) returned error code 5.
2024-05-20 18:32:33,670 [ERROR] LogOutputStream:75 - [STDERR_REDIRECT] 
2024-05-20 18:32:34,241 [INFO] MainUpdater:2873 - connection check result : 10
2024-05-20 18:32:34,241 [INFO] MainUpdater:3567 - Updater definition file requires update
2024-05-20 18:32:34,242 [INFO] MainUpdater:290 - Updater Check For Update Now.
2024-05-20 18:32:34,242 [INFO] MicroXplorer:498 - Change Database Version : DB.6.0.111
2024-05-20 18:32:34,257 [INFO] McuFinderGlobals:63 - Set McuFinder mode to 2 (CubeIDE integrated)
2024-05-20 18:32:34,267 [INFO] UserAuth:415 - Internet connection configuration mode: 1
2024-05-20 18:32:34,285 [INFO] JxBrowserEngine:152 - Initiate JxBrowser Engine with user profile folder
2024-05-20 18:32:34,510 [INFO] ServerAccessManage:473 - Download File updaters.zip
2024-05-20 18:32:34,618 [INFO] FileExtend:240 - Unzip File : updaters.zip
2024-05-20 18:32:34,618 [INFO] FileExtend:255 - Standard Zip Deflate
2024-05-20 18:32:35,125 [INFO] ServerAccessManage:473 - Download File PacksControlFlags.xml
2024-05-20 18:32:35,231 [INFO] ServerAccessManage:473 - Download File cubemx.pidx
2024-05-20 18:32:35,639 [WARN] MainUpdater:1194 - Updater busy. Cannot search thirdparties
2024-05-20 18:32:35,639 [INFO] ThirdPartyUpdaterWithRetryManager:96 - Updater plugin is busy. [1/15]
2024-05-20 18:32:35,695 [INFO] ServerAccessManage:473 - Download File STMicroelectronics.X-CUBE-ALS.pdsc
2024-05-20 18:32:36,914 [WARN] PackLoader:240 - Cannot read IP mode file for STMicroelectronics.X-CUBE-ALS.1.0.2
2024-05-20 18:32:36,916 [INFO] PopulateThirdPartyThread:66 - Ending populate Thread
2024-05-20 18:32:36,917 [INFO] ThirdParty:1030 - CMSIS Pack Vendor :STMicroelectronics X-CUBE-ALS 1.0.2
2024-05-20 18:32:36,917 [INFO] LoadServerUpdatesThread:375 - End of LoadServerUpdate Thread
2024-05-20 18:32:37,032 [INFO] CheckServerUpdateThread:120 - End of CheckServer Thread
2024-05-20 18:32:38,914 [WARN] PackLoader:240 - Cannot read IP mode file for STMicroelectronics.FP-SNS-MOTENVWB1.1.4.0
2024-05-20 18:32:38,932 [WARN] PackLoader:240 - Cannot read IP mode file for STMicroelectronics.X-CUBE-SMBUS.2.1.0
2024-05-20 18:32:38,946 [WARN] PackLoader:240 - Cannot read IP mode file for STMicroelectronics.X-CUBE-TOUCHGFX.4.23.0
2024-05-20 18:32:38,959 [WARN] PackLoader:240 - Cannot read IP mode file for STMicroelectronics.X-CUBE-TOUCHGFX.4.23.2
2024-05-20 18:32:38,992 [WARN] PackLoader:240 - Cannot read IP mode file for STMicroelectronics.X-CUBE-AZRTOS-F7.1.1.0
2024-05-20 18:32:39,008 [ERROR] RealEvaluatedCondition:428 - Found unsupported composite condition: CLASS='Data Exchange' GROUP='STM32_MetaDataManager'
2024-05-20 18:32:39,008 [ERROR] RealEvaluatedCondition:428 - Found unsupported composite condition: CLASS='Data Exchange' GROUP='STM32_MetaDataManager'
2024-05-20 18:32:39,010 [WARN] PackLoader:240 - Cannot read IP mode file for STMicroelectronics.FP-SNS-MOTENV1.4.3.0
2024-05-20 18:32:39,026 [WARN] PackLoader:240 - Cannot read IP mode file for STMicroelectronics.FP-SNS-MOTENV1.4.3.2
2024-05-20 18:32:39,038 [WARN] PackLoader:240 - Cannot read IP mode file for STMicroelectronics.FP-SNS-FLIGHT1.5.0.0
2024-05-20 18:32:39,051 [ERROR] RealEvaluatedCondition:428 - Found unsupported composite condition: GROUP='STM32_MetaDataManager' CLASS='Data Exchange'
2024-05-20 18:32:39,051 [ERROR] RealEvaluatedCondition:428 - Found unsupported composite condition: CLASS='Data Exchange' GROUP='STM32_MetaDataManager'
2024-05-20 18:32:39,052 [WARN] PackLoader:240 - Cannot read IP mode file for STMicroelectronics.FP-SNS-MOTENV1.4.3.1
2024-05-20 18:32:39,064 [WARN] PackLoader:240 - Cannot read IP mode file for STMicroelectronics.FP-SNS-FLIGHT1.5.0.1
2024-05-20 18:32:39,084 [WARN] PackLoader:240 - Cannot read IP mode file for STMicroelectronics.X-CUBE-BLE1.6.2.4
2024-05-20 18:32:39,089 [WARN] PackLoader:240 - Cannot read IP mode file for STMicroelectronics.FP-SNS-FLIGHT1.5.0.2
2024-05-20 18:32:39,106 [INFO] WebApp:161 - Instantiating new browser for Auth
2024-05-20 18:32:39,108 [WARN] PackLoader:240 - Cannot read IP mode file for STMicroelectronics.X-CUBE-DISPLAY.3.0.0
2024-05-20 18:32:39,126 [WARN] PackLoader:240 - Cannot read IP mode file for STMicroelectronics.X-CUBE-BLE1.7.0.0
2024-05-20 18:32:39,143 [WARN] PackLoader:240 - Cannot read IP mode file for STMicroelectronics.X-CUBE-TOUCHGFX.4.22.0
2024-05-20 18:32:39,156 [WARN] PackLoader:240 - Cannot read IP mode file for STMicroelectronics.X-CUBE-TOUCHGFX.4.22.1
2024-05-20 18:32:39,171 [WARN] PackLoader:240 - Cannot read IP mode file for STMicroelectronics.X-CUBE-BLEMGR.3.1.0
2024-05-20 18:32:39,183 [WARN] PackLoader:240 - Cannot read IP mode file for STMicroelectronics.FP-SNS-SMARTAG2.1.2.0
2024-05-20 18:32:39,202 [INFO] LogOutputStream:77 - [STDOUT_REDIRECT] 1 : Invalid condition id : UX_CORESTACK_Condition cause : null
2024-05-20 18:32:39,202 [INFO] LogOutputStream:77 - [STDOUT_REDIRECT] 1 : Invalid condition id : UX_CORESTACK_Condition cause : null
2024-05-20 18:32:39,203 [INFO] LogOutputStream:77 - [STDOUT_REDIRECT] 1 : Invalid condition id : UX_CORESTACK_Condition cause : null
2024-05-20 18:32:39,203 [INFO] LogOutputStream:77 - [STDOUT_REDIRECT] 1 : Invalid condition id : UX_CORESTACK_Condition cause : null
2024-05-20 18:32:39,204 [INFO] LogOutputStream:77 - [STDOUT_REDIRECT] 1 : Invalid condition id : UX_CORESTACK_Condition cause : null
2024-05-20 18:32:39,206 [WARN] PackLoader:240 - Cannot read IP mode file for STMicroelectronics.X-CUBE-AZRTOS-WL.2.0.0
2024-05-20 18:32:39,220 [WARN] PackLoader:240 - Cannot read IP mode file for STMicroelectronics.FP-SNS-MOTENV1.5.0.0
2024-05-20 18:32:39,237 [WARN] PackLoader:240 - Cannot read IP mode file for WES.I-CUBE-Cesium.1.3.0
2024-05-20 18:32:39,253 [WARN] PackLoader:240 - Cannot read IP mode file for STMicroelectronics.X-CUBE-BLE2.3.3.0
2024-05-20 18:32:39,272 [WARN] PackLoader:240 - Cannot read IP mode file for STMicroelectronics.X-CUBE-TOF1.3.2.0
2024-05-20 18:32:39,289 [WARN] PackLoader:240 - Cannot read IP mode file for STMicroelectronics.X-CUBE-TCPP.4.1.0
2024-05-20 18:32:39,302 [WARN] PackLoader:240 - Cannot read IP mode file for STMicroelectronics.X-CUBE-TOUCHGFX.4.21.1
2024-05-20 18:32:39,313 [WARN] PackLoader:240 - Cannot read IP mode file for STMicroelectronics.X-CUBE-TOUCHGFX.4.21.3
2024-05-20 18:32:39,323 [WARN] PackLoader:240 - Cannot read IP mode file for STMicroelectronics.X-CUBE-TOUCHGFX.4.21.4
2024-05-20 18:32:39,338 [WARN] PackLoader:240 - Cannot read IP mode file for STMicroelectronics.X-CUBE-ALGOBUILD.1.3.0
2024-05-20 18:32:39,370 [WARN] PackLoader:240 - Cannot read IP mode file for STMicroelectronics.X-CUBE-AZRTOS-G0.1.1.0
2024-05-20 18:32:39,389 [WARN] PackLoader:240 - Cannot read IP mode file for STMicroelectronics.X-CUBE-SAFEA1.1.2.2
2024-05-20 18:32:39,405 [WARN] PackLoader:240 - Cannot read IP mode file for STMicroelectronics.X-CUBE-NFC4.3.0.0
2024-05-20 18:32:39,423 [WARN] PackLoader:240 - Cannot read IP mode file for STMicroelectronics.X-CUBE-BLEMGR.3.0.0
2024-05-20 18:32:39,439 [WARN] PackLoader:240 - Cannot read IP mode file for STMicroelectronics.X-CUBE-BLEMGR.1.3.0
2024-05-20 18:32:39,445 [WARN] PackLoader:240 - Cannot read IP mode file for STMicroelectronics.FP-ATR-SIGFOX1.3.2.0
2024-05-20 18:32:39,464 [WARN] PackLoader:240 - Cannot read IP mode file for STMicroelectronics.X-CUBE-EEPRMA1.5.1.0
2024-05-20 18:32:39,518 [WARN] PackLoader:240 - Cannot read IP mode file for STMicroelectronics.X-CUBE-MEMS1.9.5.0
2024-05-20 18:32:39,697 [WARN] PackLoader:240 - Cannot read IP mode file for SEGGER.I-CUBE-embOS.1.3.1
2024-05-20 18:32:39,768 [WARN] PackLoader:240 - Cannot read IP mode file for STMicroelectronics.X-CUBE-ALGOBUILD.1.4.0
2024-05-20 18:32:39,785 [WARN] PackLoader:240 - Cannot read IP mode file for STMicroelectronics.X-CUBE-GNSS1.6.0.0
2024-05-20 18:32:39,816 [WARN] PackLoader:240 - Cannot read IP mode file for STMicroelectronics.X-CUBE-AZRTOS-F4.1.1.0
2024-05-20 18:32:39,834 [WARN] PackLoader:240 - Cannot read IP mode file for STMicroelectronics.X-CUBE-FREERTOS.1.2.0
2024-05-20 18:32:39,862 [WARN] PackLoader:240 - Cannot read IP mode file for STMicroelectronics.X-CUBE-AZRTOS-L5.2.0.0
2024-05-20 18:32:39,926 [WARN] PackLoader:240 - Cannot read IP mode file for STMicroelectronics.X-CUBE-MEMS1.9.6.0
2024-05-20 18:32:40,067 [WARN] PackLoader:240 - Cannot read IP mode file for STMicroelectronics.X-CUBE-EEPRMA1.4.2.0
2024-05-20 18:32:40,085 [WARN] PackLoader:240 - Cannot read IP mode file for STMicroelectronics.X-CUBE-NFC6.3.1.0
2024-05-20 18:32:40,101 [WARN] PackLoader:240 - Cannot read IP mode file for ITTIA_DB.I-CUBE-ITTIADB.8.8.0
2024-05-20 18:32:40,118 [WARN] PackLoader:240 - Cannot read IP mode file for emotas.I-CUBE-CANOPEN.1.1.3
2024-05-20 18:32:40,135 [INFO] WebApp:779 - Register for checkConnection events
2024-05-20 18:32:40,135 [INFO] WebApp:414 - Apply proxy settings
2024-05-20 18:32:40,136 [INFO] WebApp:499 - Chromium requires no authentication
2024-05-20 18:32:40,137 [WARN] PackLoader:240 - Cannot read IP mode file for STMicroelectronics.X-CUBE-BLEMGR.2.0.0
2024-05-20 18:32:40,151 [INFO] WebApp:442 - Direct internet connection detected
2024-05-20 18:32:40,157 [WARN] PackLoader:240 - Cannot read IP mode file for STMicroelectronics.X-CUBE-AI.9.0.0
2024-05-20 18:32:40,186 [WARN] ConditionMgr:438 - getConditionDescription Invalid condition id : UX DEVICE CLASS RTOS Condition cause : null
2024-05-20 18:32:40,186 [WARN] ConditionMgr:438 - getConditionDescription Invalid condition id : UX DEVICE CLASS RTOS Condition cause : null
2024-05-20 18:32:40,188 [WARN] PackLoader:240 - Cannot read IP mode file for STMicroelectronics.X-CUBE-AZRTOS-H7.3.1.0
2024-05-20 18:32:40,190 [WARN] ConditionMgr:1039 - genDependencies : Invalid condition id : UX DEVICE CLASS RTOS Condition cause : null
2024-05-20 18:32:40,190 [WARN] ConditionMgr:1039 - genDependencies : Invalid condition id : UX DEVICE CLASS RTOS Condition cause : null
2024-05-20 18:32:40,190 [WARN] ConditionMgr:1039 - genDependencies : Invalid condition id : UX DEVICE CLASS RTOS Condition cause : null
2024-05-20 18:32:40,191 [WARN] ConditionMgr:1039 - genDependencies : Invalid condition id : UX DEVICE CLASS RTOS Condition cause : null
2024-05-20 18:32:40,191 [WARN] ConditionMgr:1039 - genDependencies : Invalid condition id : UX DEVICE CLASS RTOS Condition cause : null
2024-05-20 18:32:40,206 [WARN] PackLoader:240 - Cannot read IP mode file for wolfSSL.I-CUBE-wolfSSL.5.5.4
2024-05-20 18:32:40,219 [WARN] PackLoader:240 - Cannot read IP mode file for STMicroelectronics.X-CUBE-NFC7.1.0.1
2024-05-20 18:32:40,236 [WARN] PackLoader:240 - Cannot read IP mode file for STMicroelectronics.X-CUBE-NFC7.1.0.0
2024-05-20 18:32:40,248 [WARN] PackLoader:240 - Cannot read IP mode file for STMicroelectronics.X-CUBE-NFC6.3.0.0
2024-05-20 18:32:40,264 [WARN] PackLoader:240 - Cannot read IP mode file for STMicroelectronics.X-CUBE-EEPRMA1.4.1.0
2024-05-20 18:32:40,279 [WARN] PackLoader:240 - Cannot read IP mode file for STMicroelectronics.X-CUBE-AI.8.1.0
2024-05-20 18:32:40,303 [WARN] ConditionMgr:438 - getConditionDescription Invalid condition id : LAN8742 Phy interface Condition cause : null
2024-05-20 18:32:40,304 [WARN] PackLoader:240 - Cannot read IP mode file for STMicroelectronics.X-CUBE-AZRTOS-L4.2.0.0
2024-05-20 18:32:40,304 [WARN] ConditionMgr:1039 - genDependencies : Invalid condition id : LAN8742 Phy interface Condition cause : null
2024-05-20 18:32:40,304 [WARN] ConditionMgr:1039 - genDependencies : Invalid condition id : LAN8742 Phy interface Condition cause : null
2024-05-20 18:32:40,306 [WARN] ConditionMgr:1039 - genDependencies : Invalid condition id : LAN8742 Phy interface Condition cause : null
2024-05-20 18:32:40,320 [WARN] PackLoader:240 - Cannot read IP mode file for STMicroelectronics.X-CUBE-SFXS2LP1.4.0.0
2024-05-20 18:32:40,350 [WARN] PackLoader:240 - Cannot read IP mode file for STMicroelectronics.X-CUBE-AZRTOS-H7.3.0.0
2024-05-20 18:32:40,365 [WARN] PackLoader:240 - Cannot read IP mode file for STMicroelectronics.X-CUBE-ISPU.1.1.0
2024-05-20 18:32:40,378 [WARN] PackLoader:240 - Cannot read IP mode file for RoweBots.I-CUBE-UNISONRTOS.5.5.0-4
2024-05-20 18:32:40,392 [WARN] PackLoader:240 - Cannot read IP mode file for STMicroelectronics.X-CUBE-AI.8.0.0
2024-05-20 18:32:40,415 [WARN] ConditionMgr:438 - getConditionDescription Invalid condition id : UX DEVICE CLASS RTOS Condition cause : null
2024-05-20 18:32:40,416 [WARN] ConditionMgr:438 - getConditionDescription Invalid condition id : UX DEVICE CLASS RTOS Condition cause : null
2024-05-20 18:32:40,417 [WARN] PackLoader:240 - Cannot read IP mode file for STMicroelectronics.X-CUBE-AZRTOS-WB.2.0.0
2024-05-20 18:32:40,417 [WARN] ConditionMgr:1039 - genDependencies : Invalid condition id : UX DEVICE CLASS RTOS Condition cause : null
2024-05-20 18:32:40,417 [WARN] ConditionMgr:1039 - genDependencies : Invalid condition id : UX DEVICE CLASS RTOS Condition cause : null
2024-05-20 18:32:40,418 [WARN] ConditionMgr:1039 - genDependencies : Invalid condition id : UX DEVICE CLASS RTOS Condition cause : null
2024-05-20 18:32:40,418 [WARN] ConditionMgr:1039 - genDependencies : Invalid condition id : UX DEVICE CLASS RTOS Condition cause : null
2024-05-20 18:32:40,418 [WARN] ConditionMgr:1039 - genDependencies : Invalid condition id : UX DEVICE CLASS RTOS Condition cause : null
2024-05-20 18:32:40,433 [WARN] PackLoader:240 - Cannot read IP mode file for STMicroelectronics.X-CUBE-FREERTOS.1.0.0
2024-05-20 18:32:40,445 [WARN] PackLoader:240 - Cannot read IP mode file for STMicroelectronics.X-CUBE-FREERTOS.1.0.1
2024-05-20 18:32:40,477 [WARN] PackLoader:240 - Cannot read IP mode file for STMicroelectronics.X-CUBE-AZRTOS-L5.1.1.0
2024-05-20 18:32:40,502 [WARN] PackLoader:240 - Cannot read IP mode file for STMicroelectronics.X-CUBE-AI.8.0.1
2024-05-20 18:32:40,527 [WARN] PackLoader:240 - Cannot read IP mode file for STMicroelectronics.X-CUBE-SUBG2.5.0.0
2024-05-20 18:32:40,538 [WARN] PackLoader:240 - Cannot read IP mode file for Cesanta.I-CUBE-Mongoose.7.13.0
2024-05-20 18:32:40,563 [WARN] PackLoader:240 - Cannot read IP mode file for STMicroelectronics.X-CUBE-TOF1.3.3.1
2024-05-20 18:32:40,605 [WARN] PackLoader:240 - Cannot read IP mode file for STMicroelectronics.X-CUBE-AZRTOS-G4.2.0.0
2024-05-20 18:32:40,632 [WARN] PackLoader:240 - Cannot read IP mode file for STMicroelectronics.X-CUBE-TOF1.3.3.0
2024-05-20 18:32:40,653 [WARN] PackLoader:240 - Cannot read IP mode file for STMicroelectronics.FP-ATR-ASTRA1.1.1.1
2024-05-20 18:32:40,682 [WARN] PackLoader:240 - Cannot read IP mode file for Infineon.AIROC-Wi-Fi-Bluetooth-STM32.1.5.1
2024-05-20 18:32:40,700 [WARN] PackLoader:240 - Cannot read IP mode file for STMicroelectronics.FP-SNS-MOTENVWB1.1.3.0
2024-05-20 18:32:40,712 [WARN] PackLoader:240 - Cannot read IP mode file for STMicroelectronics.FP-SNS-MOTENVWB1.1.3.1
2024-05-20 18:32:40,718 [INFO] WebApp:192 - Starting web application
2024-05-20 18:32:40,719 [INFO] WebApp:544 - Web application path used C:\ST\STM32CubeIDE_1.11.2\STM32CubeIDE\plugins\com.st.stm32cube.common.mx_6.11.1.202404110753\db\plugins\mcufinder\reactClient1\index.html
2024-05-20 18:32:40,734 [WARN] PackLoader:240 - Cannot read IP mode file for STMicroelectronics.X-CUBE-AZRTOS-G4.1.0.0
2024-05-20 18:32:40,764 [WARN] PackLoader:240 - Cannot read IP mode file for STMicroelectronics.X-CUBE-AZRTOS-L4.1.0.0
2024-05-20 18:32:40,780 [WARN] PackLoader:240 - Cannot read IP mode file for STMicroelectronics.X-CUBE-ISPU.2.0.0
2024-05-20 18:32:40,785 [WARN] PackLoader:240 - Cannot read IP mode file for STMicroelectronics.X-CUBE-ALS.1.0.2
2024-05-20 18:32:40,829 [WARN] PackLoader:240 - Cannot read IP mode file for STMicroelectronics.X-CUBE-MEMS1.10.0.0
2024-05-20 18:32:40,975 [WARN] PackLoader:240 - Cannot read IP mode file for STMicroelectronics.X-CUBE-FREERTOS.1.1.0
2024-05-20 18:32:41,000 [WARN] PackLoader:240 - Cannot read IP mode file for STMicroelectronics.X-CUBE-AZRTOS-WL.1.0.0
2024-05-20 18:32:41,022 [WARN] PackLoader:240 - Cannot read IP mode file for portGmbH.I-Cube-SoM-uGOAL.1.1.0
2024-05-20 18:32:41,038 [WARN] PackLoader:240 - Cannot read IP mode file for STMicroelectronics.X-CUBE-ALS.1.0.1
2024-05-20 18:32:41,066 [WARN] PackLoader:240 - Cannot read IP mode file for STMicroelectronics.X-CUBE-AZRTOS-WB.1.1.0
2024-05-20 18:32:41,099 [WARN] PackLoader:240 - Cannot read IP mode file for STMicroelectronics.X-CUBE-AZRTOS-H7RS.1.0.0
2024-05-20 18:32:41,106 [WARN] PackLoader:240 - Cannot read IP mode file for STMicroelectronics.FP-ATR-ASTRA1.2.0.0
2024-05-20 18:32:41,126 [WARN] PackLoader:240 - Cannot read IP mode file for STMicroelectronics.X-CUBE-TOF1.3.4.0
2024-05-20 18:32:41,156 [WARN] PackLoader:240 - Cannot read IP mode file for STMicroelectronics.X-CUBE-TOF1.3.4.1
2024-05-20 18:32:41,193 [WARN] PackLoader:240 - Cannot read IP mode file for STMicroelectronics.X-CUBE-AZRTOS-H7.3.2.0
2024-05-20 18:32:41,196 [INFO] ThirdParty:978 - Integrity check success = true
2024-05-20 18:32:41,197 [INFO] IntegrityCheckThread:100 - exiting critical section [integrity check]
2024-05-20 18:32:41,197 [INFO] IntegrityCheckThread:103 - End integrity checks thread
2024-05-20 22:03:59,413 [INFO] WebApp:354 - JxBrowser engine has been closed 
2024-05-20 22:03:59,562 [ERROR] LogOutputStream:75 - [STDERR_REDIRECT] 
