2025-01-08 03:00:01,284 [INFO] WebApp:190 - Connection lost
2025-01-08 03:00:02,651 [INFO] WebApp:187 - Connection restablished
2025-01-08 07:07:00,317 [INFO] WebApp:190 - Connection lost
2025-01-08 07:07:03,903 [INFO] WebApp:187 - Connection restablished
2025-01-08 07:07:07,629 [INFO] WebApp:190 - Connection lost
2025-01-08 07:07:07,825 [INFO] WebApp:187 - Connection restablished
2025-01-08 10:53:26,899 [INFO] WebApp:190 - Connection lost
2025-01-08 10:53:35,475 [INFO] WebApp:187 - Connection restablished
2025-01-08 10:53:36,307 [INFO] WebApp:190 - Connection lost
2025-01-08 10:53:36,477 [INFO] WebApp:187 - Connection restablished
2025-01-08 10:53:39,361 [INFO] WebApp:190 - Connection lost
2025-01-08 10:53:39,788 [INFO] WebApp:187 - Connection restablished
2025-01-08 10:55:21,127 [INFO] WebApp:190 - Connection lost
2025-01-08 10:55:21,312 [INFO] WebApp:187 - Connection restablished
2025-01-08 12:27:12,301 [INFO] WebApp:190 - Connection lost
2025-01-08 12:27:12,509 [INFO] WebApp:187 - Connection restablished
2025-01-08 12:27:16,145 [INFO] WebApp:190 - Connection lost
2025-01-08 12:27:16,332 [INFO] WebApp:187 - Connection restablished
2025-01-08 12:53:18,808 [INFO] MainUpdater:2872 - connection check result : 10
2025-01-08 12:53:18,808 [INFO] MainUpdater:2872 - connection check result : 10
2025-01-08 12:53:18,867 [INFO] MicroXplorer:468 - Change Database Path : 
2025-01-08 12:53:18,867 [INFO] MicroXplorer:498 - Change Database Version : DB.6.0.130
2025-01-08 12:53:18,963 [ERROR] ProjectManagerView:394 - 
java.lang.NullPointerException: Cannot invoke "javax.swing.JTextField.getText()" because the return value of "java.util.List.get(int)" is null
	at com.st.microxplorer.plugins.projectmanager.gui.ProjectChoiceTab$9.caretUpdate(ProjectChoiceTab.java:2616) ~[filemanager.jar:?]
	at javax.swing.text.JTextComponent.fireCaretUpdate(JTextComponent.java:408) ~[?:?]
	at javax.swing.text.JTextComponent$MutableCaretEvent.fire(JTextComponent.java:4484) ~[?:?]
	at javax.swing.text.JTextComponent$MutableCaretEvent.stateChanged(JTextComponent.java:4506) ~[?:?]
	at javax.swing.text.DefaultCaret.fireStateChanged(DefaultCaret.java:857) ~[?:?]
	at javax.swing.text.DefaultCaret.changeCaretPosition(DefaultCaret.java:1343) ~[?:?]
	at javax.swing.text.DefaultCaret.handleSetDot(DefaultCaret.java:1242) ~[?:?]
	at javax.swing.text.DefaultCaret.setDot(DefaultCaret.java:1223) ~[?:?]
	at javax.swing.text.DefaultCaret$Handler.insertUpdate(DefaultCaret.java:1819) ~[?:?]
	at javax.swing.text.AbstractDocument.fireInsertUpdate(AbstractDocument.java:227) ~[?:?]
	at javax.swing.text.AbstractDocument.handleInsertString(AbstractDocument.java:781) ~[?:?]
	at javax.swing.text.AbstractDocument.insertString(AbstractDocument.java:740) ~[?:?]
	at javax.swing.text.PlainDocument.insertString(PlainDocument.java:131) ~[?:?]
	at javax.swing.text.AbstractDocument.replace(AbstractDocument.java:699) ~[?:?]
	at javax.swing.text.JTextComponent.setText(JTextComponent.java:1725) ~[?:?]
	at com.st.microxplorer.plugins.projectmanager.gui.ProjectChoiceTab.createHeapStackFields(ProjectChoiceTab.java:975) ~[filemanager.jar:?]
	at com.st.microxplorer.plugins.projectmanager.gui.ProjectChoiceTab.buildLinkSettingsPanel(ProjectChoiceTab.java:3666) ~[filemanager.jar:?]
	at com.st.microxplorer.plugins.projectmanager.gui.ProjectChoiceTab.defineWindowsFields(ProjectChoiceTab.java:1934) ~[filemanager.jar:?]
	at com.st.microxplorer.plugins.projectmanager.gui.ProjectChoiceTab.updateSettings(ProjectChoiceTab.java:553) ~[filemanager.jar:?]
	at com.st.microxplorer.plugins.projectmanager.gui.ProjectSettingsPanel.UpdateDialog(ProjectSettingsPanel.java:245) ~[filemanager.jar:?]
	at com.st.microxplorer.plugins.projectmanager.ProjectManagerView.propertyChange(ProjectManagerView.java:391) ~[filemanager.jar:?]
	at java.beans.PropertyChangeSupport.fire(PropertyChangeSupport.java:343) ~[?:?]
	at java.beans.PropertyChangeSupport.firePropertyChange(PropertyChangeSupport.java:335) ~[?:?]
	at java.beans.PropertyChangeSupport.firePropertyChange(PropertyChangeSupport.java:268) ~[?:?]
	at com.st.microxplorer.util.MXPropertyChangeSupport.firePropertyChange(MXPropertyChangeSupport.java:54) ~[STM32CubeMX.jar:?]
	at com.st.microxplorer.mxsystem.MxSystem.closeConfig(MxSystem.java:899) ~[STM32CubeMX.jar:?]
	at com.st.microxplorer.maingui.MainPanel.closeConfig(MainPanel.java:789) ~[STM32CubeMX.jar:?]
	at com.st.microxplorer.plugins.filemanager.engine.OpenFileManager.loadConfigurationFile(OpenFileManager.java:265) ~[filemanager.jar:?]
	at com.st.microxplorer.plugins.filemanager.engine.MainFileManager.userLoadConfig(MainFileManager.java:340) ~[filemanager.jar:?]
	at com.st.microxplorer.plugins.filemanager.engine.MainFileManager.userLoadConfig(MainFileManager.java:318) ~[filemanager.jar:?]
	at com.st.microxplorer.plugins.filemanager.FileManagerView.getSpecificTask(FileManagerView.java:246) ~[filemanager.jar:?]
	at com.st.stm32cube.common.mx.editor.CubeMxEditor.getMxTabbedPaneInstance(CubeMxEditor.java:1198) ~[com.st.stm32cube.common.mx_6.13.0.202411220809/:?]
	at com.st.stm32cube.common.mx.editor.CubeMxEditor$12$1.createSwingComponent(CubeMxEditor.java:1068) ~[com.st.stm32cube.common.mx_6.13.0.202411220809/:?]
	at com.st.stm32cube.common.mx.oss.core.awtswtbridge.EmbeddedSwingComposite.doComponentCreation(EmbeddedSwingComposite.java:492) ~[com.st.stm32cube.common.mx.oss_6.13.0.202411220809/:?]
	at com.st.stm32cube.common.mx.oss.core.awtswtbridge.EmbeddedSwingComposite$4.run(EmbeddedSwingComposite.java:291) ~[com.st.stm32cube.common.mx.oss_6.13.0.202411220809/:?]
	at com.st.stm32cube.common.mx.oss.core.awtswtbridge.AwtEnvironment$2.run(AwtEnvironment.java:166) ~[com.st.stm32cube.common.mx.oss_6.13.0.202411220809/:?]
	at java.awt.event.InvocationEvent.dispatch(InvocationEvent.java:318) ~[?:?]
	at java.awt.EventQueue.dispatchEventImpl(EventQueue.java:773) ~[?:?]
	at java.awt.EventQueue$4.run(EventQueue.java:720) ~[?:?]
	at java.awt.EventQueue$4.run(EventQueue.java:714) ~[?:?]
	at java.security.AccessController.doPrivileged(AccessController.java:400) ~[?:?]
	at java.security.ProtectionDomain$JavaSecurityAccessImpl.doIntersectionPrivilege(ProtectionDomain.java:87) ~[?:?]
	at java.awt.EventQueue.dispatchEvent(EventQueue.java:742) ~[?:?]
	at java.awt.EventDispatchThread.pumpOneEventForFilters(EventDispatchThread.java:203) ~[?:?]
	at java.awt.EventDispatchThread.pumpEventsForFilter(EventDispatchThread.java:124) ~[?:?]
	at java.awt.EventDispatchThread.pumpEventsForHierarchy(EventDispatchThread.java:113) ~[?:?]
	at java.awt.EventDispatchThread.pumpEvents(EventDispatchThread.java:109) ~[?:?]
	at java.awt.EventDispatchThread.pumpEvents(EventDispatchThread.java:101) ~[?:?]
	at java.awt.EventDispatchThread.run(EventDispatchThread.java:90) ~[?:?]
2025-01-08 12:53:19,000 [WARN] ThirdParty:871 - waiting for thirdparty lock release [close project]
2025-01-08 12:53:19,000 [INFO] ThirdParty:873 - entering critical section [close project]
2025-01-08 12:53:19,000 [INFO] ThirdParty:883 - exiting critical section [close project]
2025-01-08 12:53:19,006 [INFO] PinOutPanel:1589 - setPackage(No Configuration,No Configuration)
2025-01-08 12:53:19,046 [WARN] IpParametersView:154 - Warning: This peripheral hasn't parameters
2025-01-08 12:53:19,076 [WARN] MainPanel:289 - <html><b><center>Warning: This peripheral has no parameters to be configured<br></b></html>
2025-01-08 12:53:19,087 [ERROR] MainPanel:599 - java.lang.IndexOutOfBoundsException: Index: 0, Tab count: 0
2025-01-08 12:53:19,120 [INFO] UtilMem:75 - Begin LoadConfig() Used Memory: 759263488 Bytes (968884224)
2025-01-08 12:53:19,122 [INFO] MicroXplorer:468 - Change Database Path : 
2025-01-08 12:53:19,122 [INFO] MicroXplorer:498 - Change Database Version : DB.6.0.130
2025-01-08 12:53:19,122 [INFO] OpenFileManager:332 - Change cursor
2025-01-08 12:53:19,216 [INFO] Mcu:2035 - Initializing MCU STM32F767ZITx STM32F767ZITx STM32F767ZIT6
2025-01-08 12:53:22,679 [INFO] Context:748 - Trying to add GPIOservice into a context  which must be forbidden
2025-01-08 12:53:23,946 [INFO] RtosManager:555 - Registered RTOS mode: class=CMSIS, group=RTOS, mode=CMSIS_V1, owner=FREERTOS
2025-01-08 12:53:23,946 [INFO] RtosManager:555 - Registered RTOS mode: class=CMSIS, group=RTOS2, mode=CMSIS_V2, owner=FREERTOS
2025-01-08 12:53:23,946 [INFO] RtosManager:555 - Registered RTOS mode: class=RTOS, group=Core, mode=CMSIS_V1, owner=FREERTOS
2025-01-08 12:53:23,946 [INFO] RtosManager:555 - Registered RTOS mode: class=RTOS, group=Core, mode=CMSIS_V2, owner=FREERTOS
2025-01-08 12:53:23,946 [WARN] ModelIntegratedComponent:184 - Missing modes for component STMicroelectronics:FreeRTOS:0.0.1:STMicroelectronics:RTOS:FreeRTOS:Core:::10.2.0:
2025-01-08 12:53:23,950 [WARN] ModelIntegratedComponent:63 - No mode defined for component null
2025-01-08 12:53:23,950 [WARN] ModelIntegratedComponent:63 - No mode defined for component null
2025-01-08 12:53:23,950 [WARN] ModelIntegratedComponent:63 - No mode defined for component null
2025-01-08 12:53:23,950 [WARN] ModelIntegratedComponent:63 - No mode defined for component null
2025-01-08 12:53:23,950 [WARN] ModelIntegratedComponent:63 - No mode defined for component null
2025-01-08 12:53:23,950 [WARN] ModelIntegratedComponent:63 - No mode defined for component null
2025-01-08 12:53:23,950 [WARN] ModelIntegratedComponent:63 - No mode defined for component null
2025-01-08 12:53:23,950 [WARN] ModelIntegratedComponent:63 - No mode defined for component null
2025-01-08 12:53:23,950 [WARN] ModelIntegratedComponent:63 - No mode defined for component null
2025-01-08 12:53:23,950 [WARN] ModelIntegratedComponent:63 - No mode defined for component null
2025-01-08 12:53:23,950 [WARN] ModelIntegratedComponent:63 - No mode defined for component null
2025-01-08 12:53:23,950 [WARN] ModelIntegratedComponent:63 - No mode defined for component null
2025-01-08 12:53:23,950 [WARN] ModelIntegratedComponent:63 - No mode defined for component null
2025-01-08 12:53:23,950 [WARN] ModelIntegratedComponent:63 - No mode defined for component null
2025-01-08 12:53:23,950 [WARN] ModelIntegratedComponent:63 - No mode defined for component null
2025-01-08 12:53:23,950 [WARN] ModelIntegratedComponent:63 - No mode defined for component null
2025-01-08 12:53:23,951 [WARN] ModelIntegratedComponent:63 - No mode defined for component null
2025-01-08 12:53:23,951 [WARN] ModelIntegratedComponent:63 - No mode defined for component null
2025-01-08 12:53:23,951 [WARN] ModelIntegratedComponent:63 - No mode defined for component null
2025-01-08 12:53:23,951 [WARN] ModelIntegratedComponent:63 - No mode defined for component null
2025-01-08 12:53:23,951 [WARN] ModelIntegratedComponent:63 - No mode defined for component null
2025-01-08 12:53:23,951 [WARN] ModelIntegratedComponent:63 - No mode defined for component null
2025-01-08 12:53:23,951 [WARN] ModelIntegratedComponent:63 - No mode defined for component null
2025-01-08 12:53:23,951 [WARN] ModelIntegratedComponent:63 - No mode defined for component null
2025-01-08 12:53:23,951 [WARN] ModelIntegratedComponent:63 - No mode defined for component null
2025-01-08 12:53:23,951 [WARN] ModelIntegratedComponent:63 - No mode defined for component null
2025-01-08 12:53:23,951 [WARN] ModelIntegratedComponent:63 - No mode defined for component null
2025-01-08 12:53:23,951 [WARN] ModelIntegratedComponent:63 - No mode defined for component null
2025-01-08 12:53:23,952 [WARN] ModelIntegratedComponent:63 - No mode defined for component null
2025-01-08 12:53:23,952 [WARN] ModelIntegratedComponent:63 - No mode defined for component null
2025-01-08 12:53:23,952 [WARN] ModelIntegratedComponent:63 - No mode defined for component null
2025-01-08 12:53:23,952 [WARN] ModelIntegratedComponent:63 - No mode defined for component null
2025-01-08 12:53:23,952 [WARN] ModelIntegratedComponent:63 - No mode defined for component null
2025-01-08 12:53:23,952 [WARN] ModelIntegratedComponent:63 - No mode defined for component null
2025-01-08 12:53:23,952 [WARN] ModelIntegratedComponent:63 - No mode defined for component null
2025-01-08 12:53:23,952 [WARN] ModelPack:524 - Component already loaded: STMicroelectronics:HAL Drivers:0.0.0:STMicroelectronics:Device:STMicro_Driver:XSPI:HAL::0.0.1:HAL_XSPI
2025-01-08 12:53:24,148 [INFO] ThirdPartyModel:298 - Start build external matchings
2025-01-08 12:53:26,387 [INFO] ThirdPartyModel:316 - End build external matchings
2025-01-08 12:53:26,425 [INFO] RtosManager:922 - Current active RTOS is FREERTOS [Cortex-M7NS]
2025-01-08 12:53:27,075 [INFO] UtilMem:75 - End LoadConfig() Used Memory: 838023552 Bytes (968884224)
2025-01-08 12:53:27,134 [WARN] ThirdParty:833 - waiting for thirdparty lock release [change project]
2025-01-08 12:53:27,135 [INFO] ThirdParty:835 - entering critical section [change project]
2025-01-08 12:53:27,136 [INFO] ThirdParty:1030 - CMSIS Pack Vendor :STMicroelectronics USBPD 4.1
2025-01-08 12:53:27,136 [INFO] ThirdParty:1030 - CMSIS Pack Vendor :STMicroelectronics X-CUBE-GNSS1 6.0.0
2025-01-08 12:53:27,136 [INFO] ThirdParty:1030 - CMSIS Pack Vendor :STMicroelectronics USB_HOST 2.0.0
2025-01-08 12:53:27,137 [INFO] ThirdParty:1030 - CMSIS Pack Vendor :STMicroelectronics FP-SNS-MOTENVWB1 1.4.0
2025-01-08 12:53:27,137 [INFO] ThirdParty:1030 - CMSIS Pack Vendor :STMicroelectronics X-CUBE-AZRTOS-F4 1.1.0
2025-01-08 12:53:27,137 [INFO] ThirdParty:1030 - CMSIS Pack Vendor :STMicroelectronics LIBJPEG 8.0.0
2025-01-08 12:53:27,137 [INFO] ThirdParty:1030 - CMSIS Pack Vendor :STMicroelectronics FP-ATR-ASTRA1 2.0.1
2025-01-08 12:53:27,137 [INFO] ThirdParty:1030 - CMSIS Pack Vendor :STMicroelectronics X-CUBE-SMBUS 2.1.0
2025-01-08 12:53:27,137 [INFO] ThirdParty:1030 - CMSIS Pack Vendor :STMicroelectronics X-CUBE-WB05N 1.1.0
2025-01-08 12:53:27,137 [INFO] ThirdParty:1030 - CMSIS Pack Vendor :STMicroelectronics X-CUBE-ISPU 2.1.0
2025-01-08 12:53:27,137 [INFO] ThirdParty:1030 - CMSIS Pack Vendor :STMicroelectronics X-CUBE-FREERTOS 1.2.0
2025-01-08 12:53:27,137 [INFO] ThirdParty:1030 - CMSIS Pack Vendor :STMicroelectronics X-CUBE-TOUCHGFX 4.23.0
2025-01-08 12:53:27,137 [INFO] ThirdParty:1030 - CMSIS Pack Vendor :STMicroelectronics X-CUBE-TOUCHGFX 4.23.2
2025-01-08 12:53:27,137 [INFO] ThirdParty:1030 - CMSIS Pack Vendor :STMicroelectronics X-CUBE-AZRTOS-F7 1.1.0
2025-01-08 12:53:27,137 [INFO] ThirdParty:1030 - CMSIS Pack Vendor :STMicroelectronics X-CUBE-AZRTOS-L5 2.0.0
2025-01-08 12:53:27,138 [INFO] ThirdParty:1030 - CMSIS Pack Vendor :STMicroelectronics USB_DEVICE 2.0.0
2025-01-08 12:53:27,138 [INFO] ThirdParty:1030 - CMSIS Pack Vendor :STMicroelectronics X-CUBE-MEMS1 9.6.0
2025-01-08 12:53:27,138 [INFO] ThirdParty:1030 - CMSIS Pack Vendor :STMicroelectronics X-CUBE-EEPRMA1 4.2.0
2025-01-08 12:53:27,138 [INFO] ThirdParty:1030 - CMSIS Pack Vendor :STMicroelectronics X-CUBE-NFC6 3.1.0
2025-01-08 12:53:27,138 [INFO] ThirdParty:1030 - CMSIS Pack Vendor :ITTIA_DB I-CUBE-ITTIADB 8.8.0
2025-01-08 12:53:27,138 [INFO] ThirdParty:1030 - CMSIS Pack Vendor :STMicroelectronics FP-SNS-MOTENV1 4.3.0
2025-01-08 12:53:27,138 [INFO] ThirdParty:1030 - CMSIS Pack Vendor :STMicroelectronics FP-SNS-MOTENV1 4.3.2
2025-01-08 12:53:27,138 [INFO] ThirdParty:1030 - CMSIS Pack Vendor :STMicroelectronics FP-SNS-FLIGHT1 5.0.0
2025-01-08 12:53:27,139 [INFO] ThirdParty:1030 - CMSIS Pack Vendor :STMicroelectronics FP-SNS-MOTENV1 4.3.1
2025-01-08 12:53:27,139 [INFO] ThirdParty:1030 - CMSIS Pack Vendor :STMicroelectronics FP-SNS-FLIGHT1 5.0.1
2025-01-08 12:53:27,139 [INFO] ThirdParty:1030 - CMSIS Pack Vendor :STMicroelectronics X-CUBE-MEMS1 11.0.0
2025-01-08 12:53:27,139 [INFO] ThirdParty:1030 - CMSIS Pack Vendor :STMicroelectronics X-CUBE-BLE1 6.2.4
2025-01-08 12:53:27,139 [INFO] ThirdParty:1030 - CMSIS Pack Vendor :STMicroelectronics FreeRTOS 0.0.1
2025-01-08 12:53:27,139 [INFO] ThirdParty:1030 - CMSIS Pack Vendor :emotas I-CUBE-CANOPEN 1.1.3
2025-01-08 12:53:27,139 [INFO] ThirdParty:1030 - CMSIS Pack Vendor :STMicroelectronics X-CUBE-BLEMGR 2.0.0
2025-01-08 12:53:27,139 [INFO] ThirdParty:1030 - CMSIS Pack Vendor :STMicroelectronics X-CUBE-DPower 1.2.0
2025-01-08 12:53:27,139 [INFO] ThirdParty:1030 - CMSIS Pack Vendor :STMicroelectronics FP-SNS-FLIGHT1 5.0.2
2025-01-08 12:53:27,139 [INFO] ThirdParty:1030 - CMSIS Pack Vendor :STMicroelectronics X-CUBE-AI 9.0.0
2025-01-08 12:53:27,139 [INFO] ThirdParty:1030 - CMSIS Pack Vendor :STMicroelectronics X-CUBE-AZRTOS-H7 3.1.0
2025-01-08 12:53:27,139 [INFO] ThirdParty:1030 - CMSIS Pack Vendor :STMicroelectronics PDM2PCM 3.3.0
2025-01-08 12:53:27,140 [INFO] ThirdParty:1030 - CMSIS Pack Vendor :STMicroelectronics X-CUBE-DISPLAY 3.0.0
2025-01-08 12:53:27,140 [INFO] ThirdParty:1030 - CMSIS Pack Vendor :STMicroelectronics X-CUBE-BLE1 7.0.0
2025-01-08 12:53:27,140 [INFO] ThirdParty:1030 - CMSIS Pack Vendor :STMicroelectronics X-CUBE-NFC10 1.0.0
2025-01-08 12:53:27,140 [INFO] ThirdParty:1030 - CMSIS Pack Vendor :wolfSSL I-CUBE-wolfSSL 5.5.4
2025-01-08 12:53:27,140 [INFO] ThirdParty:1030 - CMSIS Pack Vendor :STMicroelectronics X-CUBE-BLEMGR 4.0.0
2025-01-08 12:53:27,140 [INFO] ThirdParty:1030 - CMSIS Pack Vendor :STMicroelectronics HAL Drivers 0.0.0
2025-01-08 12:53:27,140 [INFO] ThirdParty:1030 - CMSIS Pack Vendor :STMicroelectronics X-CUBE-FREERTOS 1.3.0
2025-01-08 12:53:27,140 [INFO] ThirdParty:1030 - CMSIS Pack Vendor :STMicroelectronics X-CUBE-TOUCHGFX 4.22.0
2025-01-08 12:53:27,140 [INFO] ThirdParty:1030 - CMSIS Pack Vendor :STMicroelectronics X-CUBE-NFC7 1.0.1
2025-01-08 12:53:27,140 [INFO] ThirdParty:1030 - CMSIS Pack Vendor :STMicroelectronics MBEDTLS 2.14.1
2025-01-08 12:53:27,140 [INFO] ThirdParty:1030 - CMSIS Pack Vendor :STMicroelectronics X-CUBE-NFC7 1.0.0
2025-01-08 12:53:27,140 [INFO] ThirdParty:1030 - CMSIS Pack Vendor :STMicroelectronics X-CUBE-TOUCHGFX 4.22.1
2025-01-08 12:53:27,141 [INFO] ThirdParty:1030 - CMSIS Pack Vendor :wolfSSL I-CUBE-wolfTPM 3.2.0
2025-01-08 12:53:27,141 [INFO] ThirdParty:1030 - CMSIS Pack Vendor :STMicroelectronics X-CUBE-NFC6 3.0.0
2025-01-08 12:53:27,141 [INFO] ThirdParty:1030 - CMSIS Pack Vendor :STMicroelectronics X-CUBE-EEPRMA1 4.1.0
2025-01-08 12:53:27,141 [INFO] ThirdParty:1030 - CMSIS Pack Vendor :STMicroelectronics X-CUBE-BLEMGR 3.1.0
2025-01-08 12:53:27,141 [INFO] ThirdParty:1030 - CMSIS Pack Vendor :STMicroelectronics FP-SNS-SMARTAG2 1.2.0
2025-01-08 12:53:27,141 [INFO] ThirdParty:1030 - CMSIS Pack Vendor :STMicroelectronics X-CUBE-AZRTOS-WL 2.0.0
2025-01-08 12:53:27,141 [INFO] ThirdParty:1030 - CMSIS Pack Vendor :STMicroelectronics FP-SNS-MOTENV1 5.0.0
2025-01-08 12:53:27,141 [INFO] ThirdParty:1030 - CMSIS Pack Vendor :STMicroelectronics USB_DEVICE 1.0.0
2025-01-08 12:53:27,141 [INFO] ThirdParty:1030 - CMSIS Pack Vendor :STMicroelectronics X-CUBE-AI 8.1.0
2025-01-08 12:53:27,141 [INFO] ThirdParty:1030 - CMSIS Pack Vendor :wolfSSL I-CUBE-wolfMQTT 1.19.0
2025-01-08 12:53:27,141 [INFO] ThirdParty:1030 - CMSIS Pack Vendor :STMicroelectronics X-CUBE-AZRTOS-L4 2.0.0
2025-01-08 12:53:27,141 [INFO] ThirdParty:1030 - CMSIS Pack Vendor :STMicroelectronics ThreadX 0.0.2
2025-01-08 12:53:27,141 [INFO] ThirdParty:1030 - CMSIS Pack Vendor :WES I-CUBE-Cesium 1.3.0
2025-01-08 12:53:27,142 [INFO] ThirdParty:1030 - CMSIS Pack Vendor :STMicroelectronics lwIP 2.1.2
2025-01-08 12:53:27,142 [INFO] ThirdParty:1030 - CMSIS Pack Vendor :STMicroelectronics X-CUBE-SFXS2LP1 4.0.0
2025-01-08 12:53:27,142 [INFO] ThirdParty:1030 - CMSIS Pack Vendor :STMicroelectronics X-CUBE-BLE2 3.3.0
2025-01-08 12:53:27,142 [INFO] ThirdParty:1030 - CMSIS Pack Vendor :STMicroelectronics X-CUBE-TOF1 3.2.0
2025-01-08 12:53:27,142 [INFO] ThirdParty:1030 - CMSIS Pack Vendor :STMicroelectronics PDM2PCM 3.2.0
2025-01-08 12:53:27,142 [INFO] ThirdParty:1030 - CMSIS Pack Vendor :STMicroelectronics X-CUBE-AZRTOS-H7 3.0.0
2025-01-08 12:53:27,142 [INFO] ThirdParty:1030 - CMSIS Pack Vendor :STMicroelectronics X-CUBE-ISPU 1.1.0
2025-01-08 12:53:27,142 [INFO] ThirdParty:1030 - CMSIS Pack Vendor :STMicroelectronics X-CUBE-AZRTOS-H7 3.3.0
2025-01-08 12:53:27,142 [INFO] ThirdParty:1030 - CMSIS Pack Vendor :RoweBots I-CUBE-UNISONRTOS 5.5.0-4
2025-01-08 12:53:27,142 [INFO] ThirdParty:1030 - CMSIS Pack Vendor :STMicroelectronics X-CUBE-NFC9 1.0.0
2025-01-08 12:53:27,142 [INFO] ThirdParty:1030 - CMSIS Pack Vendor :STMicroelectronics USB_DEVICE 3.0.0
2025-01-08 12:53:27,142 [INFO] ThirdParty:1030 - CMSIS Pack Vendor :STMicroelectronics X-CUBE-TCPP 4.1.0
2025-01-08 12:53:27,142 [INFO] ThirdParty:1030 - CMSIS Pack Vendor :STMicroelectronics X-CUBE-AI 8.0.0
2025-01-08 12:53:27,142 [INFO] ThirdParty:1030 - CMSIS Pack Vendor :STMicroelectronics X-CUBE-IPS 3.0.0
2025-01-08 12:53:27,142 [INFO] ThirdParty:1030 - CMSIS Pack Vendor :STMicroelectronics X-CUBE-AZRTOS-WB 2.0.0
2025-01-08 12:53:27,142 [INFO] ThirdParty:1030 - CMSIS Pack Vendor :STMicroelectronics X-CUBE-FREERTOS 1.0.0
2025-01-08 12:53:27,142 [INFO] ThirdParty:1030 - CMSIS Pack Vendor :STMicroelectronics X-CUBE-FREERTOS 1.0.1
2025-01-08 12:53:27,142 [INFO] ThirdParty:1030 - CMSIS Pack Vendor :STMicroelectronics X-CUBE-TOUCHGFX 4.21.1
2025-01-08 12:53:27,143 [INFO] ThirdParty:1030 - CMSIS Pack Vendor :STMicroelectronics X-CUBE-GNSS1 7.0.0
2025-01-08 12:53:27,143 [INFO] ThirdParty:1030 - CMSIS Pack Vendor :STMicroelectronics X-CUBE-TOUCHGFX 4.21.3
2025-01-08 12:53:27,143 [INFO] ThirdParty:1030 - CMSIS Pack Vendor :STMicroelectronics X-CUBE-TOUCHGFX 4.21.4
2025-01-08 12:53:27,143 [INFO] ThirdParty:1030 - CMSIS Pack Vendor :STMicroelectronics FP-SNS-STBOX1 2.0.0
2025-01-08 12:53:27,143 [INFO] ThirdParty:1030 - CMSIS Pack Vendor :STMicroelectronics X-CUBE-ALGOBUILD 1.3.0
2025-01-08 12:53:27,143 [INFO] ThirdParty:1030 - CMSIS Pack Vendor :STMicroelectronics X-CUBE-AZRTOS-L5 1.1.0
2025-01-08 12:53:27,143 [INFO] ThirdParty:1030 - CMSIS Pack Vendor :STMicroelectronics X-CUBE-AZRTOS-G0 1.1.0
2025-01-08 12:53:27,143 [INFO] ThirdParty:1030 - CMSIS Pack Vendor :STMicroelectronics X-CUBE-AI 8.0.1
2025-01-08 12:53:27,143 [INFO] ThirdParty:1030 - CMSIS Pack Vendor :STMicroelectronics X-CUBE-SAFEA1 1.2.2
2025-01-08 12:53:27,143 [INFO] ThirdParty:1030 - CMSIS Pack Vendor :STMicroelectronics X-CUBE-NFC4 3.0.0
2025-01-08 12:53:27,143 [INFO] ThirdParty:1030 - CMSIS Pack Vendor :STMicroelectronics X-CUBE-SUBG2 5.0.0
2025-01-08 12:53:27,143 [INFO] ThirdParty:1030 - CMSIS Pack Vendor :STMicroelectronics STM32_WPAN 1.0.0
2025-01-08 12:53:27,143 [INFO] ThirdParty:1030 - CMSIS Pack Vendor :wolfSSL I-CUBE-wolfMQTT 1.18.0
2025-01-08 12:53:27,143 [INFO] ThirdParty:1030 - CMSIS Pack Vendor :EmbeddedOffice I-CUBE-FS-RTOS 1.0.1
2025-01-08 12:53:27,143 [INFO] ThirdParty:1030 - CMSIS Pack Vendor :STMicroelectronics lwIP 2.0.3
2025-01-08 12:53:27,143 [INFO] ThirdParty:1030 - CMSIS Pack Vendor :Cesanta I-CUBE-Mongoose 7.13.0
2025-01-08 12:53:27,143 [INFO] ThirdParty:1030 - CMSIS Pack Vendor :STMicroelectronics USB_HOST 1.0.0
2025-01-08 12:53:27,143 [INFO] ThirdParty:1030 - CMSIS Pack Vendor :STMicroelectronics X-CUBE-TOF1 3.3.1
2025-01-08 12:53:27,143 [INFO] ThirdParty:1030 - CMSIS Pack Vendor :STMicroelectronics X-CUBE-AZRTOS-G4 2.0.0
2025-01-08 12:53:27,143 [INFO] ThirdParty:1030 - CMSIS Pack Vendor :STMicroelectronics PDM2PCM 3.1.0
2025-01-08 12:53:27,143 [INFO] ThirdParty:1030 - CMSIS Pack Vendor :STMicroelectronics X-CUBE-TOF1 3.3.0
2025-01-08 12:53:27,144 [INFO] ThirdParty:1030 - CMSIS Pack Vendor :STMicroelectronics FP-ATR-ASTRA1 1.1.1
2025-01-08 12:53:27,144 [INFO] ThirdParty:1030 - CMSIS Pack Vendor :Infineon AIROC-Wi-Fi-Bluetooth-STM32 1.5.1
2025-01-08 12:53:27,144 [INFO] ThirdParty:1030 - CMSIS Pack Vendor :STMicroelectronics X-CUBE-BLEMGR 3.0.0
2025-01-08 12:53:27,144 [INFO] ThirdParty:1030 - CMSIS Pack Vendor :STMicroelectronics X-CUBE-BLEMGR 1.3.0
2025-01-08 12:53:27,144 [INFO] ThirdParty:1030 - CMSIS Pack Vendor :STMicroelectronics FP-SNS-MOTENVWB1 1.3.0
2025-01-08 12:53:27,144 [INFO] ThirdParty:1030 - CMSIS Pack Vendor :RealThread X-CUBE-RT-Thread_Nano 4.1.1
2025-01-08 12:53:27,144 [INFO] ThirdParty:1030 - CMSIS Pack Vendor :STMicroelectronics FP-SNS-MOTENVWB1 1.3.1
2025-01-08 12:53:27,144 [INFO] ThirdParty:1030 - CMSIS Pack Vendor :STMicroelectronics FP-ATR-SIGFOX1 3.2.0
2025-01-08 12:53:27,144 [INFO] ThirdParty:1030 - CMSIS Pack Vendor :STMicroelectronics X-CUBE-AZRTOS-G4 1.0.0
2025-01-08 12:53:27,144 [INFO] ThirdParty:1030 - CMSIS Pack Vendor :STMicroelectronics X-CUBE-AZRTOS-L4 1.0.0
2025-01-08 12:53:27,144 [INFO] ThirdParty:1030 - CMSIS Pack Vendor :quantropi X-CUBE-qispace-sdk-base 1.9.3
2025-01-08 12:53:27,144 [INFO] ThirdParty:1030 - CMSIS Pack Vendor :STMicroelectronics X-CUBE-ISPU 2.0.0
2025-01-08 12:53:27,144 [INFO] ThirdParty:1030 - CMSIS Pack Vendor :STMicroelectronics X-CUBE-EEPRMA1 5.1.0
2025-01-08 12:53:27,144 [INFO] ThirdParty:1030 - CMSIS Pack Vendor :STMicroelectronics MBEDTLS 2.16.2
2025-01-08 12:53:27,144 [INFO] ThirdParty:1030 - CMSIS Pack Vendor :STMicroelectronics X-CUBE-ALS 1.0.2
2025-01-08 12:53:27,144 [INFO] ThirdParty:1030 - CMSIS Pack Vendor :STMicroelectronics X-CUBE-MEMS1 10.0.0
2025-01-08 12:53:27,144 [INFO] ThirdParty:1030 - CMSIS Pack Vendor :STMicroelectronics X-CUBE-FREERTOS 1.1.0
2025-01-08 12:53:27,144 [INFO] ThirdParty:1030 - CMSIS Pack Vendor :STMicroelectronics X-CUBE-TOUCHGFX 4.24.0
2025-01-08 12:53:27,144 [INFO] ThirdParty:1030 - CMSIS Pack Vendor :STMicroelectronics X-CUBE-AZRTOS-WL 1.0.0
2025-01-08 12:53:27,145 [INFO] ThirdParty:1030 - CMSIS Pack Vendor :STMicroelectronics X-CUBE-TOUCHGFX 4.24.1
2025-01-08 12:53:27,145 [INFO] ThirdParty:1030 - CMSIS Pack Vendor :portGmbH I-Cube-SoM-uGOAL 1.1.0
2025-01-08 12:53:27,145 [INFO] ThirdParty:1030 - CMSIS Pack Vendor :STMicroelectronics X-CUBE-ALS 1.0.1
2025-01-08 12:53:27,145 [INFO] ThirdParty:1030 - CMSIS Pack Vendor :STMicroelectronics X-CUBE-MEMS1 9.5.0
2025-01-08 12:53:27,145 [INFO] ThirdParty:1030 - CMSIS Pack Vendor :STMicroelectronics ThreadX 1.0.0
2025-01-08 12:53:27,145 [INFO] ThirdParty:1030 - CMSIS Pack Vendor :STMicroelectronics X-CUBE-AZRTOS-WB 1.1.0
2025-01-08 12:53:27,145 [INFO] ThirdParty:1030 - CMSIS Pack Vendor :SEGGER I-CUBE-embOS 1.3.1
2025-01-08 12:53:27,145 [INFO] ThirdParty:1030 - CMSIS Pack Vendor :STMicroelectronics X-CUBE-ALGOBUILD 1.4.0
2025-01-08 12:53:27,145 [INFO] ThirdParty:1030 - CMSIS Pack Vendor :STMicroelectronics X-CUBE-AZRTOS-H7RS 1.0.0
2025-01-08 12:53:27,145 [INFO] ThirdParty:1030 - CMSIS Pack Vendor :STMicroelectronics FP-ATR-ASTRA1 2.0.0
2025-01-08 12:53:27,145 [INFO] ThirdParty:1030 - CMSIS Pack Vendor :STMicroelectronics X-CUBE-TOF1 3.4.2
2025-01-08 12:53:27,145 [INFO] ThirdParty:1030 - CMSIS Pack Vendor :STMicroelectronics X-CUBE-AI 9.1.0
2025-01-08 12:53:27,145 [INFO] ThirdParty:1030 - CMSIS Pack Vendor :STMicroelectronics X-CUBE-TOF1 3.4.0
2025-01-08 12:53:27,145 [INFO] ThirdParty:1030 - CMSIS Pack Vendor :STMicroelectronics X-CUBE-TOF1 3.4.1
2025-01-08 12:53:27,145 [INFO] ThirdParty:1030 - CMSIS Pack Vendor :STMicroelectronics X-CUBE-AZRTOS-H7 3.2.0
2025-01-08 12:53:27,145 [INFO] ThirdParty:1030 - CMSIS Pack Vendor :wolfSSL I-CUBE-wolfSSH 1.4.17
2025-01-08 12:53:27,145 [INFO] ThirdParty:841 - exiting critical section [change project]
2025-01-08 12:53:27,771 [INFO] PinOutPanel:1589 - setPackage(No Configuration,No Configuration)
2025-01-08 12:53:27,774 [INFO] PinOutPanel:1589 - setPackage(STM32F767ZITx,LQFP144)
2025-01-08 12:53:28,286 [INFO] UtilMem:75 - Before build in PCC Used Memory: 652875184 Bytes (968884224)
2025-01-08 12:53:28,718 [INFO] UtilMem:75 - After build in PCC Used Memory: 704112328 Bytes (968884224)
2025-01-08 12:53:28,740 [INFO] ApiDbMcu:508 - Load IP Config File for FREERTOS
2025-01-08 12:53:28,775 [INFO] IPUIPlugin:80 - create IPUIPlugin
2025-01-08 12:53:28,775 [INFO] IPUIPlugin:80 - create IPUIPlugin
2025-01-08 12:53:28,775 [INFO] IPUIPlugin:80 - create IPUIPlugin
2025-01-08 12:53:28,775 [INFO] IPUIPlugin:80 - create IPUIPlugin
2025-01-08 12:53:28,775 [INFO] IPUIPlugin:80 - create IPUIPlugin
2025-01-08 12:53:28,775 [INFO] IPUIPlugin:80 - create IPUIPlugin
2025-01-08 12:53:28,775 [INFO] IPUIPlugin:80 - create IPUIPlugin
2025-01-08 12:53:28,775 [INFO] IPUIPlugin:80 - create IPUIPlugin
2025-01-08 12:53:28,775 [INFO] IPUIPlugin:80 - create IPUIPlugin
2025-01-08 12:53:28,776 [INFO] IPUIPlugin:80 - create IPUIPlugin
2025-01-08 12:53:28,776 [INFO] IPUIPlugin:80 - create IPUIPlugin
2025-01-08 12:53:28,776 [INFO] IPUIPlugin:80 - create IPUIPlugin
2025-01-08 12:53:28,776 [INFO] IPUIPlugin:80 - create IPUIPlugin
2025-01-08 12:53:28,776 [INFO] IPUIPlugin:80 - create IPUIPlugin
2025-01-08 12:53:28,776 [INFO] IPUIPlugin:80 - create IPUIPlugin
2025-01-08 12:53:28,776 [INFO] IPUIPlugin:80 - create IPUIPlugin
2025-01-08 12:53:28,776 [INFO] IPUIPlugin:80 - create IPUIPlugin
2025-01-08 12:53:28,777 [INFO] IPUIPlugin:80 - create IPUIPlugin
2025-01-08 12:53:28,777 [INFO] IPUIPlugin:80 - create IPUIPlugin
2025-01-08 12:53:28,777 [INFO] IPUIPlugin:80 - create IPUIPlugin
2025-01-08 12:53:28,777 [INFO] IPUIPlugin:80 - create IPUIPlugin
2025-01-08 12:53:28,777 [INFO] IPUIPlugin:80 - create IPUIPlugin
2025-01-08 12:53:28,777 [INFO] IPUIPlugin:80 - create IPUIPlugin
2025-01-08 12:53:28,777 [INFO] IPUIPlugin:80 - create IPUIPlugin
2025-01-08 12:53:28,777 [INFO] IPUIPlugin:80 - create IPUIPlugin
2025-01-08 12:53:28,777 [INFO] IPUIPlugin:80 - create IPUIPlugin
2025-01-08 12:53:28,778 [INFO] IPUIPlugin:80 - create IPUIPlugin
2025-01-08 12:53:28,778 [INFO] IPUIPlugin:80 - create IPUIPlugin
2025-01-08 12:53:28,778 [INFO] IPUIPlugin:80 - create IPUIPlugin
2025-01-08 12:53:28,778 [INFO] IPUIPlugin:80 - create IPUIPlugin
2025-01-08 12:53:28,778 [INFO] IPUIPlugin:80 - create IPUIPlugin
2025-01-08 12:53:28,779 [INFO] IPUIPlugin:80 - create IPUIPlugin
2025-01-08 12:53:28,779 [INFO] IPUIPlugin:80 - create IPUIPlugin
2025-01-08 12:53:28,779 [INFO] IPUIPlugin:80 - create IPUIPlugin
2025-01-08 12:53:28,779 [INFO] IPUIPlugin:80 - create IPUIPlugin
2025-01-08 12:53:28,780 [INFO] IPUIPlugin:80 - create IPUIPlugin
2025-01-08 12:53:28,780 [INFO] IPUIPlugin:80 - create IPUIPlugin
2025-01-08 12:53:28,780 [INFO] IPUIPlugin:80 - create IPUIPlugin
2025-01-08 12:53:28,780 [INFO] IPUIPlugin:80 - create IPUIPlugin
2025-01-08 12:53:28,781 [INFO] IPUIPlugin:80 - create IPUIPlugin
2025-01-08 12:53:28,781 [INFO] IPUIPlugin:80 - create IPUIPlugin
2025-01-08 12:53:28,781 [INFO] IPUIPlugin:80 - create IPUIPlugin
2025-01-08 12:53:28,781 [INFO] IPUIPlugin:80 - create IPUIPlugin
2025-01-08 12:53:28,781 [INFO] IPUIPlugin:80 - create IPUIPlugin
2025-01-08 12:53:28,782 [INFO] IPUIPlugin:80 - create IPUIPlugin
2025-01-08 12:53:28,782 [INFO] IPUIPlugin:80 - create IPUIPlugin
2025-01-08 12:53:28,782 [INFO] IPUIPlugin:80 - create IPUIPlugin
2025-01-08 12:53:28,782 [INFO] IPUIPlugin:80 - create IPUIPlugin
2025-01-08 12:53:28,783 [INFO] IPUIPlugin:80 - create IPUIPlugin
2025-01-08 12:53:28,783 [INFO] IPUIPlugin:80 - create IPUIPlugin
2025-01-08 12:53:28,783 [INFO] IPUIPlugin:80 - create IPUIPlugin
2025-01-08 12:53:28,783 [INFO] IPUIPlugin:80 - create IPUIPlugin
2025-01-08 12:53:28,783 [INFO] IPUIPlugin:80 - create IPUIPlugin
2025-01-08 12:53:28,784 [INFO] IPUIPlugin:80 - create IPUIPlugin
2025-01-08 12:53:28,784 [INFO] IPUIPlugin:80 - create IPUIPlugin
2025-01-08 12:53:28,784 [INFO] IPUIPlugin:80 - create IPUIPlugin
2025-01-08 12:53:28,784 [INFO] IPUIPlugin:80 - create IPUIPlugin
2025-01-08 12:53:28,784 [INFO] IPUIPlugin:80 - create IPUIPlugin
2025-01-08 12:53:28,786 [INFO] IPUIPlugin:80 - create IPUIPlugin
2025-01-08 12:53:28,786 [INFO] IPUIPlugin:80 - create IPUIPlugin
2025-01-08 12:53:28,786 [INFO] IPUIPlugin:80 - create IPUIPlugin
2025-01-08 12:53:28,786 [INFO] IPUIPlugin:80 - create IPUIPlugin
2025-01-08 12:53:28,787 [INFO] IPUIPlugin:80 - create IPUIPlugin
2025-01-08 12:53:28,787 [INFO] IPUIPlugin:80 - create IPUIPlugin
2025-01-08 12:53:28,787 [INFO] IPUIPlugin:80 - create IPUIPlugin
2025-01-08 12:53:28,787 [INFO] IPUIPlugin:80 - create IPUIPlugin
2025-01-08 12:53:28,787 [INFO] IPUIPlugin:80 - create IPUIPlugin
2025-01-08 12:53:28,788 [INFO] IPUIPlugin:80 - create IPUIPlugin
2025-01-08 12:53:28,788 [INFO] IPUIPlugin:80 - create IPUIPlugin
2025-01-08 12:53:28,788 [INFO] IPUIPlugin:80 - create IPUIPlugin
2025-01-08 12:53:28,789 [INFO] IPUIPlugin:80 - create IPUIPlugin
2025-01-08 12:53:28,789 [INFO] IPUIPlugin:80 - create IPUIPlugin
2025-01-08 12:53:28,789 [INFO] IPUIPlugin:80 - create IPUIPlugin
2025-01-08 12:53:28,789 [INFO] IPUIPlugin:80 - create IPUIPlugin
2025-01-08 12:53:28,791 [INFO] IPUIPlugin:80 - create IPUIPlugin
2025-01-08 12:53:28,791 [INFO] IPUIPlugin:80 - create IPUIPlugin
2025-01-08 12:53:28,791 [INFO] IPUIPlugin:80 - create IPUIPlugin
2025-01-08 12:53:28,792 [INFO] IPUIPlugin:80 - create IPUIPlugin
2025-01-08 12:53:28,792 [INFO] IPUIPlugin:80 - create IPUIPlugin
2025-01-08 12:53:28,820 [INFO] ApiDbMcu:508 - Load IP Config File for PDM2PCM
2025-01-08 12:53:28,823 [INFO] Can:71 - Can Add PropertyChangeListener com.st.microxplorer.plugins.ip.can.Can@608a97b4
2025-01-08 12:53:28,831 [WARN] FreeRTOS:1023 - Null or empty value: should not occur! (nothing added to the table)
2025-01-08 12:53:29,034 [INFO] CADModel:165 - CPN selected for project levelSTM32F767ZIT6
2025-01-08 12:53:29,034 [INFO] CADModel:114 - Register for checkConnection events
2025-01-08 12:53:29,039 [INFO] RtosManager:697 - Active RTOS found at IOC load: FREERTOS [Cortex-M7NS]
2025-01-08 12:53:29,113 [INFO] OpenFileManager:363 - Restore cursor
2025-01-08 13:09:24,810 [INFO] WebApp:190 - Connection lost
2025-01-08 14:03:23,956 [INFO] WebApp:187 - Connection restablished
2025-01-08 14:03:27,131 [INFO] WebApp:190 - Connection lost
2025-01-08 14:03:27,319 [INFO] WebApp:187 - Connection restablished
2025-01-08 14:17:27,657 [INFO] WebApp:190 - Connection lost
2025-01-08 16:37:30,589 [INFO] WebApp:187 - Connection restablished
2025-01-08 16:37:31,942 [INFO] WebApp:190 - Connection lost
2025-01-08 16:37:32,725 [INFO] WebApp:187 - Connection restablished
2025-01-08 16:37:35,154 [INFO] WebApp:190 - Connection lost
2025-01-08 16:37:35,328 [INFO] WebApp:187 - Connection restablished
2025-01-08 17:06:17,874 [INFO] WebApp:190 - Connection lost
2025-01-08 18:50:22,323 [INFO] WebApp:187 - Connection restablished
2025-01-08 18:50:25,180 [INFO] WebApp:190 - Connection lost
2025-01-08 18:50:25,386 [INFO] WebApp:187 - Connection restablished
2025-01-08 18:54:35,747 [INFO] WebApp:190 - Connection lost
2025-01-08 18:54:36,115 [INFO] WebApp:187 - Connection restablished
2025-01-08 20:55:34,052 [INFO] MainUpdater:2872 - connection check result : 10
2025-01-08 20:55:34,053 [INFO] MainUpdater:2872 - connection check result : 10
2025-01-08 20:55:34,121 [INFO] MicroXplorer:468 - Change Database Path : 
2025-01-08 20:55:34,121 [INFO] MicroXplorer:498 - Change Database Version : DB.6.0.130
2025-01-08 20:55:34,212 [ERROR] ProjectManagerView:394 - 
java.lang.NullPointerException: Cannot invoke "javax.swing.JTextField.getText()" because the return value of "java.util.List.get(int)" is null
	at com.st.microxplorer.plugins.projectmanager.gui.ProjectChoiceTab$9.caretUpdate(ProjectChoiceTab.java:2616) ~[filemanager.jar:?]
	at javax.swing.text.JTextComponent.fireCaretUpdate(JTextComponent.java:408) ~[?:?]
	at javax.swing.text.JTextComponent$MutableCaretEvent.fire(JTextComponent.java:4484) ~[?:?]
	at javax.swing.text.JTextComponent$MutableCaretEvent.stateChanged(JTextComponent.java:4506) ~[?:?]
	at javax.swing.text.DefaultCaret.fireStateChanged(DefaultCaret.java:857) ~[?:?]
	at javax.swing.text.DefaultCaret.changeCaretPosition(DefaultCaret.java:1343) ~[?:?]
	at javax.swing.text.DefaultCaret.handleSetDot(DefaultCaret.java:1242) ~[?:?]
	at javax.swing.text.DefaultCaret.setDot(DefaultCaret.java:1223) ~[?:?]
	at javax.swing.text.DefaultCaret$Handler.insertUpdate(DefaultCaret.java:1819) ~[?:?]
	at javax.swing.text.AbstractDocument.fireInsertUpdate(AbstractDocument.java:227) ~[?:?]
	at javax.swing.text.AbstractDocument.handleInsertString(AbstractDocument.java:781) ~[?:?]
	at javax.swing.text.AbstractDocument.insertString(AbstractDocument.java:740) ~[?:?]
	at javax.swing.text.PlainDocument.insertString(PlainDocument.java:131) ~[?:?]
	at javax.swing.text.AbstractDocument.replace(AbstractDocument.java:699) ~[?:?]
	at javax.swing.text.JTextComponent.setText(JTextComponent.java:1725) ~[?:?]
	at com.st.microxplorer.plugins.projectmanager.gui.ProjectChoiceTab.createHeapStackFields(ProjectChoiceTab.java:975) ~[filemanager.jar:?]
	at com.st.microxplorer.plugins.projectmanager.gui.ProjectChoiceTab.buildLinkSettingsPanel(ProjectChoiceTab.java:3666) ~[filemanager.jar:?]
	at com.st.microxplorer.plugins.projectmanager.gui.ProjectChoiceTab.defineWindowsFields(ProjectChoiceTab.java:1934) ~[filemanager.jar:?]
	at com.st.microxplorer.plugins.projectmanager.gui.ProjectChoiceTab.updateSettings(ProjectChoiceTab.java:553) ~[filemanager.jar:?]
	at com.st.microxplorer.plugins.projectmanager.gui.ProjectSettingsPanel.UpdateDialog(ProjectSettingsPanel.java:245) ~[filemanager.jar:?]
	at com.st.microxplorer.plugins.projectmanager.ProjectManagerView.propertyChange(ProjectManagerView.java:391) ~[filemanager.jar:?]
	at java.beans.PropertyChangeSupport.fire(PropertyChangeSupport.java:343) ~[?:?]
	at java.beans.PropertyChangeSupport.firePropertyChange(PropertyChangeSupport.java:335) ~[?:?]
	at java.beans.PropertyChangeSupport.firePropertyChange(PropertyChangeSupport.java:268) ~[?:?]
	at com.st.microxplorer.util.MXPropertyChangeSupport.firePropertyChange(MXPropertyChangeSupport.java:54) ~[STM32CubeMX.jar:?]
	at com.st.microxplorer.mxsystem.MxSystem.closeConfig(MxSystem.java:899) ~[STM32CubeMX.jar:?]
	at com.st.microxplorer.maingui.MainPanel.closeConfig(MainPanel.java:789) ~[STM32CubeMX.jar:?]
	at com.st.microxplorer.plugins.filemanager.engine.OpenFileManager.loadConfigurationFile(OpenFileManager.java:265) ~[filemanager.jar:?]
	at com.st.microxplorer.plugins.filemanager.engine.MainFileManager.userLoadConfig(MainFileManager.java:340) ~[filemanager.jar:?]
	at com.st.microxplorer.plugins.filemanager.engine.MainFileManager.userLoadConfig(MainFileManager.java:318) ~[filemanager.jar:?]
	at com.st.microxplorer.plugins.filemanager.FileManagerView.getSpecificTask(FileManagerView.java:246) ~[filemanager.jar:?]
	at com.st.stm32cube.common.mx.editor.CubeMxEditor.getMxTabbedPaneInstance(CubeMxEditor.java:1198) ~[com.st.stm32cube.common.mx_6.13.0.202411220809/:?]
	at com.st.stm32cube.common.mx.editor.CubeMxEditor$12$1.createSwingComponent(CubeMxEditor.java:1068) ~[com.st.stm32cube.common.mx_6.13.0.202411220809/:?]
	at com.st.stm32cube.common.mx.oss.core.awtswtbridge.EmbeddedSwingComposite.doComponentCreation(EmbeddedSwingComposite.java:492) ~[com.st.stm32cube.common.mx.oss_6.13.0.202411220809/:?]
	at com.st.stm32cube.common.mx.oss.core.awtswtbridge.EmbeddedSwingComposite$4.run(EmbeddedSwingComposite.java:291) ~[com.st.stm32cube.common.mx.oss_6.13.0.202411220809/:?]
	at com.st.stm32cube.common.mx.oss.core.awtswtbridge.AwtEnvironment$2.run(AwtEnvironment.java:166) ~[com.st.stm32cube.common.mx.oss_6.13.0.202411220809/:?]
	at java.awt.event.InvocationEvent.dispatch(InvocationEvent.java:318) ~[?:?]
	at java.awt.EventQueue.dispatchEventImpl(EventQueue.java:773) ~[?:?]
	at java.awt.EventQueue$4.run(EventQueue.java:720) ~[?:?]
	at java.awt.EventQueue$4.run(EventQueue.java:714) ~[?:?]
	at java.security.AccessController.doPrivileged(AccessController.java:400) ~[?:?]
	at java.security.ProtectionDomain$JavaSecurityAccessImpl.doIntersectionPrivilege(ProtectionDomain.java:87) ~[?:?]
	at java.awt.EventQueue.dispatchEvent(EventQueue.java:742) ~[?:?]
	at java.awt.EventDispatchThread.pumpOneEventForFilters(EventDispatchThread.java:203) ~[?:?]
	at java.awt.EventDispatchThread.pumpEventsForFilter(EventDispatchThread.java:124) ~[?:?]
	at java.awt.EventDispatchThread.pumpEventsForHierarchy(EventDispatchThread.java:113) ~[?:?]
	at java.awt.EventDispatchThread.pumpEvents(EventDispatchThread.java:109) ~[?:?]
	at java.awt.EventDispatchThread.pumpEvents(EventDispatchThread.java:101) ~[?:?]
	at java.awt.EventDispatchThread.run(EventDispatchThread.java:90) ~[?:?]
2025-01-08 20:55:34,215 [WARN] ThirdParty:871 - waiting for thirdparty lock release [close project]
2025-01-08 20:55:34,215 [INFO] ThirdParty:873 - entering critical section [close project]
2025-01-08 20:55:34,216 [INFO] ThirdParty:883 - exiting critical section [close project]
2025-01-08 20:55:34,230 [INFO] PinOutPanel:1589 - setPackage(No Configuration,No Configuration)
2025-01-08 20:55:34,268 [WARN] IpParametersView:154 - Warning: This peripheral hasn't parameters
2025-01-08 20:55:34,292 [WARN] MainPanel:289 - <html><b><center>Warning: This peripheral has no parameters to be configured<br></b></html>
2025-01-08 20:55:34,293 [ERROR] MainPanel:599 - java.lang.IndexOutOfBoundsException: Index: 0, Tab count: 0
2025-01-08 20:55:34,301 [INFO] UtilMem:75 - Begin LoadConfig() Used Memory: 594965472 Bytes (989855744)
2025-01-08 20:55:34,305 [INFO] MicroXplorer:468 - Change Database Path : 
2025-01-08 20:55:34,305 [INFO] MicroXplorer:498 - Change Database Version : DB.6.0.130
2025-01-08 20:55:34,305 [INFO] OpenFileManager:332 - Change cursor
2025-01-08 20:55:34,368 [INFO] Mcu:2035 - Initializing MCU STM32F767ZITx STM32F767ZITx STM32F767ZIT6
2025-01-08 20:55:37,076 [INFO] Context:748 - Trying to add GPIOservice into a context  which must be forbidden
2025-01-08 20:55:38,284 [INFO] RtosManager:555 - Registered RTOS mode: class=CMSIS, group=RTOS, mode=CMSIS_V1, owner=FREERTOS
2025-01-08 20:55:38,285 [INFO] RtosManager:555 - Registered RTOS mode: class=CMSIS, group=RTOS2, mode=CMSIS_V2, owner=FREERTOS
2025-01-08 20:55:38,285 [INFO] RtosManager:555 - Registered RTOS mode: class=RTOS, group=Core, mode=CMSIS_V1, owner=FREERTOS
2025-01-08 20:55:38,285 [INFO] RtosManager:555 - Registered RTOS mode: class=RTOS, group=Core, mode=CMSIS_V2, owner=FREERTOS
2025-01-08 20:55:38,285 [WARN] ModelIntegratedComponent:184 - Missing modes for component STMicroelectronics:FreeRTOS:0.0.1:STMicroelectronics:RTOS:FreeRTOS:Core:::10.2.0:
2025-01-08 20:55:38,288 [WARN] ModelIntegratedComponent:63 - No mode defined for component null
2025-01-08 20:55:38,289 [WARN] ModelIntegratedComponent:63 - No mode defined for component null
2025-01-08 20:55:38,289 [WARN] ModelIntegratedComponent:63 - No mode defined for component null
2025-01-08 20:55:38,289 [WARN] ModelIntegratedComponent:63 - No mode defined for component null
2025-01-08 20:55:38,289 [WARN] ModelIntegratedComponent:63 - No mode defined for component null
2025-01-08 20:55:38,289 [WARN] ModelIntegratedComponent:63 - No mode defined for component null
2025-01-08 20:55:38,289 [WARN] ModelIntegratedComponent:63 - No mode defined for component null
2025-01-08 20:55:38,289 [WARN] ModelIntegratedComponent:63 - No mode defined for component null
2025-01-08 20:55:38,289 [WARN] ModelIntegratedComponent:63 - No mode defined for component null
2025-01-08 20:55:38,289 [WARN] ModelIntegratedComponent:63 - No mode defined for component null
2025-01-08 20:55:38,289 [WARN] ModelIntegratedComponent:63 - No mode defined for component null
2025-01-08 20:55:38,290 [WARN] ModelIntegratedComponent:63 - No mode defined for component null
2025-01-08 20:55:38,290 [WARN] ModelIntegratedComponent:63 - No mode defined for component null
2025-01-08 20:55:38,290 [WARN] ModelIntegratedComponent:63 - No mode defined for component null
2025-01-08 20:55:38,290 [WARN] ModelIntegratedComponent:63 - No mode defined for component null
2025-01-08 20:55:38,290 [WARN] ModelIntegratedComponent:63 - No mode defined for component null
2025-01-08 20:55:38,290 [WARN] ModelIntegratedComponent:63 - No mode defined for component null
2025-01-08 20:55:38,290 [WARN] ModelIntegratedComponent:63 - No mode defined for component null
2025-01-08 20:55:38,290 [WARN] ModelIntegratedComponent:63 - No mode defined for component null
2025-01-08 20:55:38,291 [WARN] ModelIntegratedComponent:63 - No mode defined for component null
2025-01-08 20:55:38,291 [WARN] ModelIntegratedComponent:63 - No mode defined for component null
2025-01-08 20:55:38,291 [WARN] ModelIntegratedComponent:63 - No mode defined for component null
2025-01-08 20:55:38,291 [WARN] ModelIntegratedComponent:63 - No mode defined for component null
2025-01-08 20:55:38,291 [WARN] ModelIntegratedComponent:63 - No mode defined for component null
2025-01-08 20:55:38,291 [WARN] ModelIntegratedComponent:63 - No mode defined for component null
2025-01-08 20:55:38,291 [WARN] ModelIntegratedComponent:63 - No mode defined for component null
2025-01-08 20:55:38,291 [WARN] ModelIntegratedComponent:63 - No mode defined for component null
2025-01-08 20:55:38,291 [WARN] ModelIntegratedComponent:63 - No mode defined for component null
2025-01-08 20:55:38,291 [WARN] ModelIntegratedComponent:63 - No mode defined for component null
2025-01-08 20:55:38,291 [WARN] ModelIntegratedComponent:63 - No mode defined for component null
2025-01-08 20:55:38,291 [WARN] ModelIntegratedComponent:63 - No mode defined for component null
2025-01-08 20:55:38,291 [WARN] ModelIntegratedComponent:63 - No mode defined for component null
2025-01-08 20:55:38,292 [WARN] ModelIntegratedComponent:63 - No mode defined for component null
2025-01-08 20:55:38,292 [WARN] ModelIntegratedComponent:63 - No mode defined for component null
2025-01-08 20:55:38,292 [WARN] ModelIntegratedComponent:63 - No mode defined for component null
2025-01-08 20:55:38,292 [WARN] ModelPack:524 - Component already loaded: STMicroelectronics:HAL Drivers:0.0.0:STMicroelectronics:Device:STMicro_Driver:XSPI:HAL::0.0.1:HAL_XSPI
2025-01-08 20:55:38,437 [INFO] ThirdPartyModel:298 - Start build external matchings
2025-01-08 20:55:40,276 [INFO] ThirdPartyModel:316 - End build external matchings
2025-01-08 20:55:40,318 [INFO] RtosManager:922 - Current active RTOS is FREERTOS [Cortex-M7NS]
2025-01-08 20:55:40,709 [INFO] UtilMem:75 - End LoadConfig() Used Memory: 577450000 Bytes (989855744)
2025-01-08 20:55:40,738 [WARN] ThirdParty:833 - waiting for thirdparty lock release [change project]
2025-01-08 20:55:40,738 [INFO] ThirdParty:835 - entering critical section [change project]
2025-01-08 20:55:40,739 [INFO] ThirdParty:1030 - CMSIS Pack Vendor :STMicroelectronics USBPD 4.1
2025-01-08 20:55:40,739 [INFO] ThirdParty:1030 - CMSIS Pack Vendor :STMicroelectronics X-CUBE-GNSS1 6.0.0
2025-01-08 20:55:40,739 [INFO] ThirdParty:1030 - CMSIS Pack Vendor :STMicroelectronics USB_HOST 2.0.0
2025-01-08 20:55:40,739 [INFO] ThirdParty:1030 - CMSIS Pack Vendor :STMicroelectronics FP-SNS-MOTENVWB1 1.4.0
2025-01-08 20:55:40,739 [INFO] ThirdParty:1030 - CMSIS Pack Vendor :STMicroelectronics X-CUBE-AZRTOS-F4 1.1.0
2025-01-08 20:55:40,739 [INFO] ThirdParty:1030 - CMSIS Pack Vendor :STMicroelectronics LIBJPEG 8.0.0
2025-01-08 20:55:40,739 [INFO] ThirdParty:1030 - CMSIS Pack Vendor :STMicroelectronics FP-ATR-ASTRA1 2.0.1
2025-01-08 20:55:40,739 [INFO] ThirdParty:1030 - CMSIS Pack Vendor :STMicroelectronics X-CUBE-SMBUS 2.1.0
2025-01-08 20:55:40,739 [INFO] ThirdParty:1030 - CMSIS Pack Vendor :STMicroelectronics X-CUBE-WB05N 1.1.0
2025-01-08 20:55:40,739 [INFO] ThirdParty:1030 - CMSIS Pack Vendor :STMicroelectronics X-CUBE-ISPU 2.1.0
2025-01-08 20:55:40,739 [INFO] ThirdParty:1030 - CMSIS Pack Vendor :STMicroelectronics X-CUBE-FREERTOS 1.2.0
2025-01-08 20:55:40,740 [INFO] ThirdParty:1030 - CMSIS Pack Vendor :STMicroelectronics X-CUBE-TOUCHGFX 4.23.0
2025-01-08 20:55:40,740 [INFO] ThirdParty:1030 - CMSIS Pack Vendor :STMicroelectronics X-CUBE-TOUCHGFX 4.23.2
2025-01-08 20:55:40,740 [INFO] ThirdParty:1030 - CMSIS Pack Vendor :STMicroelectronics X-CUBE-AZRTOS-F7 1.1.0
2025-01-08 20:55:40,740 [INFO] ThirdParty:1030 - CMSIS Pack Vendor :STMicroelectronics X-CUBE-AZRTOS-L5 2.0.0
2025-01-08 20:55:40,740 [INFO] ThirdParty:1030 - CMSIS Pack Vendor :STMicroelectronics USB_DEVICE 2.0.0
2025-01-08 20:55:40,740 [INFO] ThirdParty:1030 - CMSIS Pack Vendor :STMicroelectronics X-CUBE-MEMS1 9.6.0
2025-01-08 20:55:40,740 [INFO] ThirdParty:1030 - CMSIS Pack Vendor :STMicroelectronics X-CUBE-EEPRMA1 4.2.0
2025-01-08 20:55:40,740 [INFO] ThirdParty:1030 - CMSIS Pack Vendor :STMicroelectronics X-CUBE-NFC6 3.1.0
2025-01-08 20:55:40,740 [INFO] ThirdParty:1030 - CMSIS Pack Vendor :ITTIA_DB I-CUBE-ITTIADB 8.8.0
2025-01-08 20:55:40,740 [INFO] ThirdParty:1030 - CMSIS Pack Vendor :STMicroelectronics FP-SNS-MOTENV1 4.3.0
2025-01-08 20:55:40,740 [INFO] ThirdParty:1030 - CMSIS Pack Vendor :STMicroelectronics FP-SNS-MOTENV1 4.3.2
2025-01-08 20:55:40,740 [INFO] ThirdParty:1030 - CMSIS Pack Vendor :STMicroelectronics FP-SNS-FLIGHT1 5.0.0
2025-01-08 20:55:40,740 [INFO] ThirdParty:1030 - CMSIS Pack Vendor :STMicroelectronics FP-SNS-MOTENV1 4.3.1
2025-01-08 20:55:40,740 [INFO] ThirdParty:1030 - CMSIS Pack Vendor :STMicroelectronics FP-SNS-FLIGHT1 5.0.1
2025-01-08 20:55:40,740 [INFO] ThirdParty:1030 - CMSIS Pack Vendor :STMicroelectronics X-CUBE-MEMS1 11.0.0
2025-01-08 20:55:40,740 [INFO] ThirdParty:1030 - CMSIS Pack Vendor :STMicroelectronics X-CUBE-BLE1 6.2.4
2025-01-08 20:55:40,740 [INFO] ThirdParty:1030 - CMSIS Pack Vendor :STMicroelectronics FreeRTOS 0.0.1
2025-01-08 20:55:40,740 [INFO] ThirdParty:1030 - CMSIS Pack Vendor :emotas I-CUBE-CANOPEN 1.1.3
2025-01-08 20:55:40,741 [INFO] ThirdParty:1030 - CMSIS Pack Vendor :STMicroelectronics X-CUBE-BLEMGR 2.0.0
2025-01-08 20:55:40,741 [INFO] ThirdParty:1030 - CMSIS Pack Vendor :STMicroelectronics X-CUBE-DPower 1.2.0
2025-01-08 20:55:40,741 [INFO] ThirdParty:1030 - CMSIS Pack Vendor :STMicroelectronics FP-SNS-FLIGHT1 5.0.2
2025-01-08 20:55:40,741 [INFO] ThirdParty:1030 - CMSIS Pack Vendor :STMicroelectronics X-CUBE-AI 9.0.0
2025-01-08 20:55:40,741 [INFO] ThirdParty:1030 - CMSIS Pack Vendor :STMicroelectronics X-CUBE-AZRTOS-H7 3.1.0
2025-01-08 20:55:40,741 [INFO] ThirdParty:1030 - CMSIS Pack Vendor :STMicroelectronics PDM2PCM 3.3.0
2025-01-08 20:55:40,741 [INFO] ThirdParty:1030 - CMSIS Pack Vendor :STMicroelectronics X-CUBE-DISPLAY 3.0.0
2025-01-08 20:55:40,741 [INFO] ThirdParty:1030 - CMSIS Pack Vendor :STMicroelectronics X-CUBE-BLE1 7.0.0
2025-01-08 20:55:40,741 [INFO] ThirdParty:1030 - CMSIS Pack Vendor :STMicroelectronics X-CUBE-NFC10 1.0.0
2025-01-08 20:55:40,741 [INFO] ThirdParty:1030 - CMSIS Pack Vendor :wolfSSL I-CUBE-wolfSSL 5.5.4
2025-01-08 20:55:40,741 [INFO] ThirdParty:1030 - CMSIS Pack Vendor :STMicroelectronics X-CUBE-BLEMGR 4.0.0
2025-01-08 20:55:40,742 [INFO] ThirdParty:1030 - CMSIS Pack Vendor :STMicroelectronics HAL Drivers 0.0.0
2025-01-08 20:55:40,742 [INFO] ThirdParty:1030 - CMSIS Pack Vendor :STMicroelectronics X-CUBE-FREERTOS 1.3.0
2025-01-08 20:55:40,742 [INFO] ThirdParty:1030 - CMSIS Pack Vendor :STMicroelectronics X-CUBE-TOUCHGFX 4.22.0
2025-01-08 20:55:40,742 [INFO] ThirdParty:1030 - CMSIS Pack Vendor :STMicroelectronics X-CUBE-NFC7 1.0.1
2025-01-08 20:55:40,742 [INFO] ThirdParty:1030 - CMSIS Pack Vendor :STMicroelectronics MBEDTLS 2.14.1
2025-01-08 20:55:40,742 [INFO] ThirdParty:1030 - CMSIS Pack Vendor :STMicroelectronics X-CUBE-NFC7 1.0.0
2025-01-08 20:55:40,742 [INFO] ThirdParty:1030 - CMSIS Pack Vendor :STMicroelectronics X-CUBE-TOUCHGFX 4.22.1
2025-01-08 20:55:40,742 [INFO] ThirdParty:1030 - CMSIS Pack Vendor :wolfSSL I-CUBE-wolfTPM 3.2.0
2025-01-08 20:55:40,742 [INFO] ThirdParty:1030 - CMSIS Pack Vendor :STMicroelectronics X-CUBE-NFC6 3.0.0
2025-01-08 20:55:40,742 [INFO] ThirdParty:1030 - CMSIS Pack Vendor :STMicroelectronics X-CUBE-EEPRMA1 4.1.0
2025-01-08 20:55:40,742 [INFO] ThirdParty:1030 - CMSIS Pack Vendor :STMicroelectronics X-CUBE-BLEMGR 3.1.0
2025-01-08 20:55:40,742 [INFO] ThirdParty:1030 - CMSIS Pack Vendor :STMicroelectronics FP-SNS-SMARTAG2 1.2.0
2025-01-08 20:55:40,742 [INFO] ThirdParty:1030 - CMSIS Pack Vendor :STMicroelectronics X-CUBE-AZRTOS-WL 2.0.0
2025-01-08 20:55:40,743 [INFO] ThirdParty:1030 - CMSIS Pack Vendor :STMicroelectronics FP-SNS-MOTENV1 5.0.0
2025-01-08 20:55:40,743 [INFO] ThirdParty:1030 - CMSIS Pack Vendor :STMicroelectronics USB_DEVICE 1.0.0
2025-01-08 20:55:40,743 [INFO] ThirdParty:1030 - CMSIS Pack Vendor :STMicroelectronics X-CUBE-AI 8.1.0
2025-01-08 20:55:40,743 [INFO] ThirdParty:1030 - CMSIS Pack Vendor :wolfSSL I-CUBE-wolfMQTT 1.19.0
2025-01-08 20:55:40,743 [INFO] ThirdParty:1030 - CMSIS Pack Vendor :STMicroelectronics X-CUBE-AZRTOS-L4 2.0.0
2025-01-08 20:55:40,743 [INFO] ThirdParty:1030 - CMSIS Pack Vendor :STMicroelectronics ThreadX 0.0.2
2025-01-08 20:55:40,743 [INFO] ThirdParty:1030 - CMSIS Pack Vendor :WES I-CUBE-Cesium 1.3.0
2025-01-08 20:55:40,743 [INFO] ThirdParty:1030 - CMSIS Pack Vendor :STMicroelectronics lwIP 2.1.2
2025-01-08 20:55:40,743 [INFO] ThirdParty:1030 - CMSIS Pack Vendor :STMicroelectronics X-CUBE-SFXS2LP1 4.0.0
2025-01-08 20:55:40,743 [INFO] ThirdParty:1030 - CMSIS Pack Vendor :STMicroelectronics X-CUBE-BLE2 3.3.0
2025-01-08 20:55:40,743 [INFO] ThirdParty:1030 - CMSIS Pack Vendor :STMicroelectronics X-CUBE-TOF1 3.2.0
2025-01-08 20:55:40,743 [INFO] ThirdParty:1030 - CMSIS Pack Vendor :STMicroelectronics PDM2PCM 3.2.0
2025-01-08 20:55:40,744 [INFO] ThirdParty:1030 - CMSIS Pack Vendor :STMicroelectronics X-CUBE-AZRTOS-H7 3.0.0
2025-01-08 20:55:40,744 [INFO] ThirdParty:1030 - CMSIS Pack Vendor :STMicroelectronics X-CUBE-ISPU 1.1.0
2025-01-08 20:55:40,744 [INFO] ThirdParty:1030 - CMSIS Pack Vendor :STMicroelectronics X-CUBE-AZRTOS-H7 3.3.0
2025-01-08 20:55:40,744 [INFO] ThirdParty:1030 - CMSIS Pack Vendor :RoweBots I-CUBE-UNISONRTOS 5.5.0-4
2025-01-08 20:55:40,744 [INFO] ThirdParty:1030 - CMSIS Pack Vendor :STMicroelectronics X-CUBE-NFC9 1.0.0
2025-01-08 20:55:40,744 [INFO] ThirdParty:1030 - CMSIS Pack Vendor :STMicroelectronics USB_DEVICE 3.0.0
2025-01-08 20:55:40,744 [INFO] ThirdParty:1030 - CMSIS Pack Vendor :STMicroelectronics X-CUBE-TCPP 4.1.0
2025-01-08 20:55:40,744 [INFO] ThirdParty:1030 - CMSIS Pack Vendor :STMicroelectronics X-CUBE-AI 8.0.0
2025-01-08 20:55:40,744 [INFO] ThirdParty:1030 - CMSIS Pack Vendor :STMicroelectronics X-CUBE-IPS 3.0.0
2025-01-08 20:55:40,744 [INFO] ThirdParty:1030 - CMSIS Pack Vendor :STMicroelectronics X-CUBE-AZRTOS-WB 2.0.0
2025-01-08 20:55:40,744 [INFO] ThirdParty:1030 - CMSIS Pack Vendor :STMicroelectronics X-CUBE-FREERTOS 1.0.0
2025-01-08 20:55:40,744 [INFO] ThirdParty:1030 - CMSIS Pack Vendor :STMicroelectronics X-CUBE-FREERTOS 1.0.1
2025-01-08 20:55:40,744 [INFO] ThirdParty:1030 - CMSIS Pack Vendor :STMicroelectronics X-CUBE-TOUCHGFX 4.21.1
2025-01-08 20:55:40,746 [INFO] ThirdParty:1030 - CMSIS Pack Vendor :STMicroelectronics X-CUBE-GNSS1 7.0.0
2025-01-08 20:55:40,746 [INFO] ThirdParty:1030 - CMSIS Pack Vendor :STMicroelectronics X-CUBE-TOUCHGFX 4.21.3
2025-01-08 20:55:40,746 [INFO] ThirdParty:1030 - CMSIS Pack Vendor :STMicroelectronics X-CUBE-TOUCHGFX 4.21.4
2025-01-08 20:55:40,746 [INFO] ThirdParty:1030 - CMSIS Pack Vendor :STMicroelectronics FP-SNS-STBOX1 2.0.0
2025-01-08 20:55:40,746 [INFO] ThirdParty:1030 - CMSIS Pack Vendor :STMicroelectronics X-CUBE-ALGOBUILD 1.3.0
2025-01-08 20:55:40,746 [INFO] ThirdParty:1030 - CMSIS Pack Vendor :STMicroelectronics X-CUBE-AZRTOS-L5 1.1.0
2025-01-08 20:55:40,746 [INFO] ThirdParty:1030 - CMSIS Pack Vendor :STMicroelectronics X-CUBE-AZRTOS-G0 1.1.0
2025-01-08 20:55:40,746 [INFO] ThirdParty:1030 - CMSIS Pack Vendor :STMicroelectronics X-CUBE-AI 8.0.1
2025-01-08 20:55:40,746 [INFO] ThirdParty:1030 - CMSIS Pack Vendor :STMicroelectronics X-CUBE-SAFEA1 1.2.2
2025-01-08 20:55:40,746 [INFO] ThirdParty:1030 - CMSIS Pack Vendor :STMicroelectronics X-CUBE-NFC4 3.0.0
2025-01-08 20:55:40,746 [INFO] ThirdParty:1030 - CMSIS Pack Vendor :STMicroelectronics X-CUBE-SUBG2 5.0.0
2025-01-08 20:55:40,746 [INFO] ThirdParty:1030 - CMSIS Pack Vendor :STMicroelectronics STM32_WPAN 1.0.0
2025-01-08 20:55:40,746 [INFO] ThirdParty:1030 - CMSIS Pack Vendor :wolfSSL I-CUBE-wolfMQTT 1.18.0
2025-01-08 20:55:40,746 [INFO] ThirdParty:1030 - CMSIS Pack Vendor :EmbeddedOffice I-CUBE-FS-RTOS 1.0.1
2025-01-08 20:55:40,747 [INFO] ThirdParty:1030 - CMSIS Pack Vendor :STMicroelectronics lwIP 2.0.3
2025-01-08 20:55:40,747 [INFO] ThirdParty:1030 - CMSIS Pack Vendor :Cesanta I-CUBE-Mongoose 7.13.0
2025-01-08 20:55:40,747 [INFO] ThirdParty:1030 - CMSIS Pack Vendor :STMicroelectronics USB_HOST 1.0.0
2025-01-08 20:55:40,747 [INFO] ThirdParty:1030 - CMSIS Pack Vendor :STMicroelectronics X-CUBE-TOF1 3.3.1
2025-01-08 20:55:40,747 [INFO] ThirdParty:1030 - CMSIS Pack Vendor :STMicroelectronics X-CUBE-AZRTOS-G4 2.0.0
2025-01-08 20:55:40,747 [INFO] ThirdParty:1030 - CMSIS Pack Vendor :STMicroelectronics PDM2PCM 3.1.0
2025-01-08 20:55:40,747 [INFO] ThirdParty:1030 - CMSIS Pack Vendor :STMicroelectronics X-CUBE-TOF1 3.3.0
2025-01-08 20:55:40,747 [INFO] ThirdParty:1030 - CMSIS Pack Vendor :STMicroelectronics FP-ATR-ASTRA1 1.1.1
2025-01-08 20:55:40,747 [INFO] ThirdParty:1030 - CMSIS Pack Vendor :Infineon AIROC-Wi-Fi-Bluetooth-STM32 1.5.1
2025-01-08 20:55:40,747 [INFO] ThirdParty:1030 - CMSIS Pack Vendor :STMicroelectronics X-CUBE-BLEMGR 3.0.0
2025-01-08 20:55:40,747 [INFO] ThirdParty:1030 - CMSIS Pack Vendor :STMicroelectronics X-CUBE-BLEMGR 1.3.0
2025-01-08 20:55:40,747 [INFO] ThirdParty:1030 - CMSIS Pack Vendor :STMicroelectronics FP-SNS-MOTENVWB1 1.3.0
2025-01-08 20:55:40,747 [INFO] ThirdParty:1030 - CMSIS Pack Vendor :RealThread X-CUBE-RT-Thread_Nano 4.1.1
2025-01-08 20:55:40,747 [INFO] ThirdParty:1030 - CMSIS Pack Vendor :STMicroelectronics FP-SNS-MOTENVWB1 1.3.1
2025-01-08 20:55:40,747 [INFO] ThirdParty:1030 - CMSIS Pack Vendor :STMicroelectronics FP-ATR-SIGFOX1 3.2.0
2025-01-08 20:55:40,747 [INFO] ThirdParty:1030 - CMSIS Pack Vendor :STMicroelectronics X-CUBE-AZRTOS-G4 1.0.0
2025-01-08 20:55:40,747 [INFO] ThirdParty:1030 - CMSIS Pack Vendor :STMicroelectronics X-CUBE-AZRTOS-L4 1.0.0
2025-01-08 20:55:40,747 [INFO] ThirdParty:1030 - CMSIS Pack Vendor :quantropi X-CUBE-qispace-sdk-base 1.9.3
2025-01-08 20:55:40,747 [INFO] ThirdParty:1030 - CMSIS Pack Vendor :STMicroelectronics X-CUBE-ISPU 2.0.0
2025-01-08 20:55:40,747 [INFO] ThirdParty:1030 - CMSIS Pack Vendor :STMicroelectronics X-CUBE-EEPRMA1 5.1.0
2025-01-08 20:55:40,748 [INFO] ThirdParty:1030 - CMSIS Pack Vendor :STMicroelectronics MBEDTLS 2.16.2
2025-01-08 20:55:40,748 [INFO] ThirdParty:1030 - CMSIS Pack Vendor :STMicroelectronics X-CUBE-ALS 1.0.2
2025-01-08 20:55:40,748 [INFO] ThirdParty:1030 - CMSIS Pack Vendor :STMicroelectronics X-CUBE-MEMS1 10.0.0
2025-01-08 20:55:40,748 [INFO] ThirdParty:1030 - CMSIS Pack Vendor :STMicroelectronics X-CUBE-FREERTOS 1.1.0
2025-01-08 20:55:40,748 [INFO] ThirdParty:1030 - CMSIS Pack Vendor :STMicroelectronics X-CUBE-TOUCHGFX 4.24.0
2025-01-08 20:55:40,748 [INFO] ThirdParty:1030 - CMSIS Pack Vendor :STMicroelectronics X-CUBE-AZRTOS-WL 1.0.0
2025-01-08 20:55:40,748 [INFO] ThirdParty:1030 - CMSIS Pack Vendor :STMicroelectronics X-CUBE-TOUCHGFX 4.24.1
2025-01-08 20:55:40,748 [INFO] ThirdParty:1030 - CMSIS Pack Vendor :portGmbH I-Cube-SoM-uGOAL 1.1.0
2025-01-08 20:55:40,748 [INFO] ThirdParty:1030 - CMSIS Pack Vendor :STMicroelectronics X-CUBE-ALS 1.0.1
2025-01-08 20:55:40,748 [INFO] ThirdParty:1030 - CMSIS Pack Vendor :STMicroelectronics X-CUBE-MEMS1 9.5.0
2025-01-08 20:55:40,748 [INFO] ThirdParty:1030 - CMSIS Pack Vendor :STMicroelectronics ThreadX 1.0.0
2025-01-08 20:55:40,748 [INFO] ThirdParty:1030 - CMSIS Pack Vendor :STMicroelectronics X-CUBE-AZRTOS-WB 1.1.0
2025-01-08 20:55:40,748 [INFO] ThirdParty:1030 - CMSIS Pack Vendor :SEGGER I-CUBE-embOS 1.3.1
2025-01-08 20:55:40,748 [INFO] ThirdParty:1030 - CMSIS Pack Vendor :STMicroelectronics X-CUBE-ALGOBUILD 1.4.0
2025-01-08 20:55:40,748 [INFO] ThirdParty:1030 - CMSIS Pack Vendor :STMicroelectronics X-CUBE-AZRTOS-H7RS 1.0.0
2025-01-08 20:55:40,748 [INFO] ThirdParty:1030 - CMSIS Pack Vendor :STMicroelectronics FP-ATR-ASTRA1 2.0.0
2025-01-08 20:55:40,748 [INFO] ThirdParty:1030 - CMSIS Pack Vendor :STMicroelectronics X-CUBE-TOF1 3.4.2
2025-01-08 20:55:40,748 [INFO] ThirdParty:1030 - CMSIS Pack Vendor :STMicroelectronics X-CUBE-AI 9.1.0
2025-01-08 20:55:40,748 [INFO] ThirdParty:1030 - CMSIS Pack Vendor :STMicroelectronics X-CUBE-TOF1 3.4.0
2025-01-08 20:55:40,749 [INFO] ThirdParty:1030 - CMSIS Pack Vendor :STMicroelectronics X-CUBE-TOF1 3.4.1
2025-01-08 20:55:40,749 [INFO] ThirdParty:1030 - CMSIS Pack Vendor :STMicroelectronics X-CUBE-AZRTOS-H7 3.2.0
2025-01-08 20:55:40,749 [INFO] ThirdParty:1030 - CMSIS Pack Vendor :wolfSSL I-CUBE-wolfSSH 1.4.17
2025-01-08 20:55:40,749 [INFO] ThirdParty:841 - exiting critical section [change project]
2025-01-08 20:55:41,136 [INFO] PinOutPanel:1589 - setPackage(No Configuration,No Configuration)
2025-01-08 20:55:41,137 [INFO] PinOutPanel:1589 - setPackage(STM32F767ZITx,LQFP144)
2025-01-08 20:55:41,656 [INFO] UtilMem:75 - Before build in PCC Used Memory: 446377216 Bytes (989855744)
2025-01-08 20:55:42,015 [INFO] UtilMem:75 - After build in PCC Used Memory: 496708880 Bytes (989855744)
2025-01-08 20:55:42,036 [INFO] ApiDbMcu:508 - Load IP Config File for FREERTOS
2025-01-08 20:55:42,074 [INFO] IPUIPlugin:80 - create IPUIPlugin
2025-01-08 20:55:42,074 [INFO] IPUIPlugin:80 - create IPUIPlugin
2025-01-08 20:55:42,074 [INFO] IPUIPlugin:80 - create IPUIPlugin
2025-01-08 20:55:42,074 [INFO] IPUIPlugin:80 - create IPUIPlugin
2025-01-08 20:55:42,074 [INFO] IPUIPlugin:80 - create IPUIPlugin
2025-01-08 20:55:42,075 [INFO] IPUIPlugin:80 - create IPUIPlugin
2025-01-08 20:55:42,075 [INFO] IPUIPlugin:80 - create IPUIPlugin
2025-01-08 20:55:42,075 [INFO] IPUIPlugin:80 - create IPUIPlugin
2025-01-08 20:55:42,075 [INFO] IPUIPlugin:80 - create IPUIPlugin
2025-01-08 20:55:42,075 [INFO] IPUIPlugin:80 - create IPUIPlugin
2025-01-08 20:55:42,075 [INFO] IPUIPlugin:80 - create IPUIPlugin
2025-01-08 20:55:42,075 [INFO] IPUIPlugin:80 - create IPUIPlugin
2025-01-08 20:55:42,076 [INFO] IPUIPlugin:80 - create IPUIPlugin
2025-01-08 20:55:42,076 [INFO] IPUIPlugin:80 - create IPUIPlugin
2025-01-08 20:55:42,076 [INFO] IPUIPlugin:80 - create IPUIPlugin
2025-01-08 20:55:42,076 [INFO] IPUIPlugin:80 - create IPUIPlugin
2025-01-08 20:55:42,076 [INFO] IPUIPlugin:80 - create IPUIPlugin
2025-01-08 20:55:42,076 [INFO] IPUIPlugin:80 - create IPUIPlugin
2025-01-08 20:55:42,076 [INFO] IPUIPlugin:80 - create IPUIPlugin
2025-01-08 20:55:42,077 [INFO] IPUIPlugin:80 - create IPUIPlugin
2025-01-08 20:55:42,077 [INFO] IPUIPlugin:80 - create IPUIPlugin
2025-01-08 20:55:42,077 [INFO] IPUIPlugin:80 - create IPUIPlugin
2025-01-08 20:55:42,077 [INFO] IPUIPlugin:80 - create IPUIPlugin
2025-01-08 20:55:42,077 [INFO] IPUIPlugin:80 - create IPUIPlugin
2025-01-08 20:55:42,077 [INFO] IPUIPlugin:80 - create IPUIPlugin
2025-01-08 20:55:42,077 [INFO] IPUIPlugin:80 - create IPUIPlugin
2025-01-08 20:55:42,079 [INFO] IPUIPlugin:80 - create IPUIPlugin
2025-01-08 20:55:42,079 [INFO] IPUIPlugin:80 - create IPUIPlugin
2025-01-08 20:55:42,079 [INFO] IPUIPlugin:80 - create IPUIPlugin
2025-01-08 20:55:42,079 [INFO] IPUIPlugin:80 - create IPUIPlugin
2025-01-08 20:55:42,079 [INFO] IPUIPlugin:80 - create IPUIPlugin
2025-01-08 20:55:42,080 [INFO] IPUIPlugin:80 - create IPUIPlugin
2025-01-08 20:55:42,080 [INFO] IPUIPlugin:80 - create IPUIPlugin
2025-01-08 20:55:42,080 [INFO] IPUIPlugin:80 - create IPUIPlugin
2025-01-08 20:55:42,080 [INFO] IPUIPlugin:80 - create IPUIPlugin
2025-01-08 20:55:42,081 [INFO] IPUIPlugin:80 - create IPUIPlugin
2025-01-08 20:55:42,081 [INFO] IPUIPlugin:80 - create IPUIPlugin
2025-01-08 20:55:42,081 [INFO] IPUIPlugin:80 - create IPUIPlugin
2025-01-08 20:55:42,081 [INFO] IPUIPlugin:80 - create IPUIPlugin
2025-01-08 20:55:42,082 [INFO] IPUIPlugin:80 - create IPUIPlugin
2025-01-08 20:55:42,082 [INFO] IPUIPlugin:80 - create IPUIPlugin
2025-01-08 20:55:42,082 [INFO] IPUIPlugin:80 - create IPUIPlugin
2025-01-08 20:55:42,083 [INFO] IPUIPlugin:80 - create IPUIPlugin
2025-01-08 20:55:42,083 [INFO] IPUIPlugin:80 - create IPUIPlugin
2025-01-08 20:55:42,083 [INFO] IPUIPlugin:80 - create IPUIPlugin
2025-01-08 20:55:42,083 [INFO] IPUIPlugin:80 - create IPUIPlugin
2025-01-08 20:55:42,085 [INFO] IPUIPlugin:80 - create IPUIPlugin
2025-01-08 20:55:42,085 [INFO] IPUIPlugin:80 - create IPUIPlugin
2025-01-08 20:55:42,085 [INFO] IPUIPlugin:80 - create IPUIPlugin
2025-01-08 20:55:42,086 [INFO] IPUIPlugin:80 - create IPUIPlugin
2025-01-08 20:55:42,086 [INFO] IPUIPlugin:80 - create IPUIPlugin
2025-01-08 20:55:42,086 [INFO] IPUIPlugin:80 - create IPUIPlugin
2025-01-08 20:55:42,087 [INFO] IPUIPlugin:80 - create IPUIPlugin
2025-01-08 20:55:42,087 [INFO] IPUIPlugin:80 - create IPUIPlugin
2025-01-08 20:55:42,087 [INFO] IPUIPlugin:80 - create IPUIPlugin
2025-01-08 20:55:42,087 [INFO] IPUIPlugin:80 - create IPUIPlugin
2025-01-08 20:55:42,087 [INFO] IPUIPlugin:80 - create IPUIPlugin
2025-01-08 20:55:42,088 [INFO] IPUIPlugin:80 - create IPUIPlugin
2025-01-08 20:55:42,088 [INFO] IPUIPlugin:80 - create IPUIPlugin
2025-01-08 20:55:42,088 [INFO] IPUIPlugin:80 - create IPUIPlugin
2025-01-08 20:55:42,088 [INFO] IPUIPlugin:80 - create IPUIPlugin
2025-01-08 20:55:42,089 [INFO] IPUIPlugin:80 - create IPUIPlugin
2025-01-08 20:55:42,089 [INFO] IPUIPlugin:80 - create IPUIPlugin
2025-01-08 20:55:42,089 [INFO] IPUIPlugin:80 - create IPUIPlugin
2025-01-08 20:55:42,090 [INFO] IPUIPlugin:80 - create IPUIPlugin
2025-01-08 20:55:42,090 [INFO] IPUIPlugin:80 - create IPUIPlugin
2025-01-08 20:55:42,091 [INFO] IPUIPlugin:80 - create IPUIPlugin
2025-01-08 20:55:42,091 [INFO] IPUIPlugin:80 - create IPUIPlugin
2025-01-08 20:55:42,091 [INFO] IPUIPlugin:80 - create IPUIPlugin
2025-01-08 20:55:42,092 [INFO] IPUIPlugin:80 - create IPUIPlugin
2025-01-08 20:55:42,092 [INFO] IPUIPlugin:80 - create IPUIPlugin
2025-01-08 20:55:42,092 [INFO] IPUIPlugin:80 - create IPUIPlugin
2025-01-08 20:55:42,093 [INFO] IPUIPlugin:80 - create IPUIPlugin
2025-01-08 20:55:42,093 [INFO] IPUIPlugin:80 - create IPUIPlugin
2025-01-08 20:55:42,093 [INFO] IPUIPlugin:80 - create IPUIPlugin
2025-01-08 20:55:42,093 [INFO] IPUIPlugin:80 - create IPUIPlugin
2025-01-08 20:55:42,095 [INFO] IPUIPlugin:80 - create IPUIPlugin
2025-01-08 20:55:42,095 [INFO] IPUIPlugin:80 - create IPUIPlugin
2025-01-08 20:55:42,096 [INFO] IPUIPlugin:80 - create IPUIPlugin
2025-01-08 20:55:42,124 [INFO] ApiDbMcu:508 - Load IP Config File for PDM2PCM
2025-01-08 20:55:42,128 [INFO] Can:71 - Can Add PropertyChangeListener com.st.microxplorer.plugins.ip.can.Can@5aee7205
2025-01-08 20:55:42,137 [WARN] FreeRTOS:1023 - Null or empty value: should not occur! (nothing added to the table)
2025-01-08 20:55:42,312 [INFO] CADModel:165 - CPN selected for project levelSTM32F767ZIT6
2025-01-08 20:55:42,312 [INFO] CADModel:114 - Register for checkConnection events
2025-01-08 20:55:42,314 [INFO] RtosManager:697 - Active RTOS found at IOC load: FREERTOS [Cortex-M7NS]
2025-01-08 20:55:42,382 [INFO] OpenFileManager:363 - Restore cursor
2025-01-08 20:56:00,225 [INFO] NvicIntPanel:101 - NVIC parent = com.st.microxplorer.plugins.ip.nvic.MultiNvicIntPanel[,0,0,0x0,invalid,layout=javax.swing.BoxLayout,alignmentX=0.0,alignmentY=0.0,border=,flags=9,maximumSize=,minimumSize=,preferredSize=]
2025-01-08 20:56:02,775 [INFO] NvicIntPanel:101 - NVIC parent = com.st.microxplorer.plugins.ip.nvic.MultiNvicIntPanel[,0,0,0x0,invalid,layout=javax.swing.BoxLayout,alignmentX=0.0,alignmentY=0.0,border=,flags=9,maximumSize=,minimumSize=,preferredSize=]
2025-01-08 20:56:05,255 [INFO] UtilMem:75 - End SaveConfig() Used Memory: 506885088 Bytes (989855744)
2025-01-08 20:56:05,342 [INFO] UtilMem:75 - End SaveConfig() Used Memory: 535158096 Bytes (989855744)
2025-01-08 20:56:06,022 [INFO] UtilMem:75 - End SaveConfig() Used Memory: 628319992 Bytes (989855744)
2025-01-08 20:56:09,193 [INFO] BlockDiagram:2766 - set Specific Code input for plugin: FREERTOS
2025-01-08 20:56:09,193 [INFO] BlockDiagram:2766 - set Specific Code input for plugin: CAN
2025-01-08 20:56:09,194 [INFO] BlockDiagram:2766 - set Specific Code input for plugin: SYS
2025-01-08 20:56:09,194 [INFO] BlockDiagram:2766 - set Specific Code input for plugin: RCC
2025-01-08 20:56:09,194 [INFO] BlockDiagram:2766 - set Specific Code input for plugin: NVIC
2025-01-08 20:56:09,194 [INFO] BlockDiagram:2766 - set Specific Code input for plugin: GPIO
2025-01-08 20:56:09,195 [INFO] CodeGenerator:896 - code generatio: config db path: C:\ST\STM32CubeIDE_1.11.2\STM32CubeIDE\plugins\com.st.stm32cube.common.mx_6.13.0.202411220809\\db\
2025-01-08 20:56:09,383 [INFO] CodeEngine:255 - oldGeneratedFile, C:\Users\bakra\Desktop\STM32F767ZI\can_f767_2\MXTmpFiles\license.tmp_save
2025-01-08 20:56:10,105 [INFO] CodeEngine:279 - Generated code: C:\Users\bakra\Desktop\STM32F767ZI\can_f767_2\MXTmpFiles\license.tmp
2025-01-08 20:56:10,231 [INFO] CodeEngine:255 - oldGeneratedFile, C:\Users\bakra\Desktop\STM32F767ZI\can_f767_2\MXTmpFiles\gpio.tmp_save
2025-01-08 20:56:10,412 [INFO] CodeEngine:279 - Generated code: C:\Users\bakra\Desktop\STM32F767ZI\can_f767_2\MXTmpFiles\gpio.tmp
2025-01-08 20:56:10,859 [INFO] Middleware:1450 - No code input for Bsp Dependency
2025-01-08 20:56:10,878 [INFO] CodeEngine:255 - oldGeneratedFile, C:\Users\bakra\Desktop\STM32F767ZI\can_f767_2\MXTmpFiles\rtos_inc.tmp_save
2025-01-08 20:56:11,009 [INFO] CodeEngine:279 - Generated code: C:\Users\bakra\Desktop\STM32F767ZI\can_f767_2\MXTmpFiles\rtos_inc.tmp
2025-01-08 20:56:11,025 [INFO] CodeEngine:255 - oldGeneratedFile, C:\Users\bakra\Desktop\STM32F767ZI\can_f767_2\MXTmpFiles\rtos_kernelInit.tmp_save
2025-01-08 20:56:11,129 [INFO] CodeEngine:279 - Generated code: C:\Users\bakra\Desktop\STM32F767ZI\can_f767_2\MXTmpFiles\rtos_kernelInit.tmp
2025-01-08 20:56:11,141 [INFO] CodeEngine:255 - oldGeneratedFile, C:\Users\bakra\Desktop\STM32F767ZI\can_f767_2\MXTmpFiles\rtos_kernelStart.tmp_save
2025-01-08 20:56:11,213 [INFO] CodeEngine:279 - Generated code: C:\Users\bakra\Desktop\STM32F767ZI\can_f767_2\MXTmpFiles\rtos_kernelStart.tmp
2025-01-08 20:56:11,228 [INFO] CodeEngine:255 - oldGeneratedFile, C:\Users\bakra\Desktop\STM32F767ZI\can_f767_2\MXTmpFiles\rtos_typedefs.tmp_save
2025-01-08 20:56:11,293 [INFO] CodeEngine:279 - Generated code: C:\Users\bakra\Desktop\STM32F767ZI\can_f767_2\MXTmpFiles\rtos_typedefs.tmp
2025-01-08 20:56:11,308 [INFO] CodeEngine:255 - oldGeneratedFile, C:\Users\bakra\Desktop\STM32F767ZI\can_f767_2\MXTmpFiles\rtos_vars.tmp_save
2025-01-08 20:56:11,384 [INFO] CodeEngine:279 - Generated code: C:\Users\bakra\Desktop\STM32F767ZI\can_f767_2\MXTmpFiles\rtos_vars.tmp
2025-01-08 20:56:11,399 [INFO] CodeEngine:255 - oldGeneratedFile, C:\Users\bakra\Desktop\STM32F767ZI\can_f767_2\MXTmpFiles\rtos_pfp.tmp_save
2025-01-08 20:56:11,468 [INFO] CodeEngine:279 - Generated code: C:\Users\bakra\Desktop\STM32F767ZI\can_f767_2\MXTmpFiles\rtos_pfp.tmp
2025-01-08 20:56:11,481 [INFO] CodeEngine:255 - oldGeneratedFile, C:\Users\bakra\Desktop\STM32F767ZI\can_f767_2\MXTmpFiles\rtos_obj_creat.tmp_save
2025-01-08 20:56:11,553 [INFO] CodeEngine:279 - Generated code: C:\Users\bakra\Desktop\STM32F767ZI\can_f767_2\MXTmpFiles\rtos_obj_creat.tmp
2025-01-08 20:56:11,570 [INFO] CodeEngine:255 - oldGeneratedFile, C:\Users\bakra\Desktop\STM32F767ZI\can_f767_2\MXTmpFiles\rtos_default_thread.tmp_save
2025-01-08 20:56:11,647 [INFO] CodeEngine:279 - Generated code: C:\Users\bakra\Desktop\STM32F767ZI\can_f767_2\MXTmpFiles\rtos_default_thread.tmp
2025-01-08 20:56:11,664 [INFO] CodeEngine:255 - oldGeneratedFile, C:\Users\bakra\Desktop\STM32F767ZI\can_f767_2\MXTmpFiles\rtos_threads.tmp_save
2025-01-08 20:56:11,725 [INFO] CodeEngine:279 - Generated code: C:\Users\bakra\Desktop\STM32F767ZI\can_f767_2\MXTmpFiles\rtos_threads.tmp
2025-01-08 20:56:11,738 [INFO] Middleware:1450 - No code input for Bsp Dependency
2025-01-08 20:56:11,746 [INFO] CodeEngine:255 - oldGeneratedFile, C:\Users\bakra\Desktop\STM32F767ZI\can_f767_2\MXTmpFiles\rtos_inc.tmp_save
2025-01-08 20:56:11,818 [INFO] CodeEngine:279 - Generated code: C:\Users\bakra\Desktop\STM32F767ZI\can_f767_2\MXTmpFiles\rtos_inc.tmp
2025-01-08 20:56:11,823 [INFO] CodeEngine:255 - oldGeneratedFile, C:\Users\bakra\Desktop\STM32F767ZI\can_f767_2\MXTmpFiles\rtos_kernelInit.tmp_save
2025-01-08 20:56:11,871 [INFO] CodeEngine:279 - Generated code: C:\Users\bakra\Desktop\STM32F767ZI\can_f767_2\MXTmpFiles\rtos_kernelInit.tmp
2025-01-08 20:56:11,876 [INFO] CodeEngine:255 - oldGeneratedFile, C:\Users\bakra\Desktop\STM32F767ZI\can_f767_2\MXTmpFiles\rtos_kernelStart.tmp_save
2025-01-08 20:56:11,925 [INFO] CodeEngine:279 - Generated code: C:\Users\bakra\Desktop\STM32F767ZI\can_f767_2\MXTmpFiles\rtos_kernelStart.tmp
2025-01-08 20:56:11,929 [INFO] CodeEngine:255 - oldGeneratedFile, C:\Users\bakra\Desktop\STM32F767ZI\can_f767_2\MXTmpFiles\rtos_typedefs.tmp_save
2025-01-08 20:56:11,977 [INFO] CodeEngine:279 - Generated code: C:\Users\bakra\Desktop\STM32F767ZI\can_f767_2\MXTmpFiles\rtos_typedefs.tmp
2025-01-08 20:56:11,991 [INFO] CodeEngine:255 - oldGeneratedFile, C:\Users\bakra\Desktop\STM32F767ZI\can_f767_2\MXTmpFiles\rtos_vars.tmp_save
2025-01-08 20:56:12,040 [INFO] CodeEngine:279 - Generated code: C:\Users\bakra\Desktop\STM32F767ZI\can_f767_2\MXTmpFiles\rtos_vars.tmp
2025-01-08 20:56:12,044 [INFO] CodeEngine:255 - oldGeneratedFile, C:\Users\bakra\Desktop\STM32F767ZI\can_f767_2\MXTmpFiles\rtos_pfp.tmp_save
2025-01-08 20:56:12,091 [INFO] CodeEngine:279 - Generated code: C:\Users\bakra\Desktop\STM32F767ZI\can_f767_2\MXTmpFiles\rtos_pfp.tmp
2025-01-08 20:56:12,106 [INFO] CodeEngine:255 - oldGeneratedFile, C:\Users\bakra\Desktop\STM32F767ZI\can_f767_2\MXTmpFiles\rtos_obj_creat.tmp_save
2025-01-08 20:56:12,155 [INFO] CodeEngine:279 - Generated code: C:\Users\bakra\Desktop\STM32F767ZI\can_f767_2\MXTmpFiles\rtos_obj_creat.tmp
2025-01-08 20:56:12,159 [INFO] CodeEngine:255 - oldGeneratedFile, C:\Users\bakra\Desktop\STM32F767ZI\can_f767_2\MXTmpFiles\rtos_default_thread.tmp_save
2025-01-08 20:56:12,207 [INFO] CodeEngine:279 - Generated code: C:\Users\bakra\Desktop\STM32F767ZI\can_f767_2\MXTmpFiles\rtos_default_thread.tmp
2025-01-08 20:56:12,212 [INFO] CodeEngine:255 - oldGeneratedFile, C:\Users\bakra\Desktop\STM32F767ZI\can_f767_2\MXTmpFiles\rtos_threads.tmp_save
2025-01-08 20:56:12,257 [INFO] CodeEngine:279 - Generated code: C:\Users\bakra\Desktop\STM32F767ZI\can_f767_2\MXTmpFiles\rtos_threads.tmp
2025-01-08 20:56:12,284 [INFO] CodeEngine:255 - oldGeneratedFile, C:\Users\bakra\Desktop\STM32F767ZI\can_f767_2\Core\Inc\FreeRTOSConfig.h_save
2025-01-08 20:56:12,380 [INFO] CodeEngine:279 - Generated code: C:\Users\bakra\Desktop\STM32F767ZI\can_f767_2\Core\Inc\FreeRTOSConfig.h
2025-01-08 20:56:12,408 [INFO] CodeEngine:255 - oldGeneratedFile, C:\Users\bakra\Desktop\STM32F767ZI\can_f767_2\Core\Src\freertos.c_save
2025-01-08 20:56:12,489 [INFO] CodeEngine:279 - Generated code: C:\Users\bakra\Desktop\STM32F767ZI\can_f767_2\Core\Src\freertos.c
2025-01-08 20:56:12,505 [INFO] CodeEngine:255 - oldGeneratedFile, C:\Users\bakra\Desktop\STM32F767ZI\can_f767_2\MXTmpFiles\cortex.tmp_save
2025-01-08 20:56:12,577 [INFO] CodeEngine:279 - Generated code: C:\Users\bakra\Desktop\STM32F767ZI\can_f767_2\MXTmpFiles\cortex.tmp
2025-01-08 20:56:12,608 [INFO] CodeEngine:255 - oldGeneratedFile, C:\Users\bakra\Desktop\STM32F767ZI\can_f767_2\Core\Src\stm32f7xx_it.c_save
2025-01-08 20:56:12,732 [INFO] CodeEngine:279 - Generated code: C:\Users\bakra\Desktop\STM32F767ZI\can_f767_2\Core\Src\stm32f7xx_it.c
2025-01-08 20:56:12,762 [INFO] CodeEngine:255 - oldGeneratedFile, C:\Users\bakra\Desktop\STM32F767ZI\can_f767_2\Core\Inc\stm32f7xx_it.h_save
2025-01-08 20:56:12,849 [INFO] CodeEngine:279 - Generated code: C:\Users\bakra\Desktop\STM32F767ZI\can_f767_2\Core\Inc\stm32f7xx_it.h
2025-01-08 20:56:12,895 [INFO] CodeEngine:255 - oldGeneratedFile, C:\Users\bakra\Desktop\STM32F767ZI\can_f767_2\Core\Src\stm32f7xx_hal_msp.c_save
2025-01-08 20:56:13,029 [INFO] CodeEngine:279 - Generated code: C:\Users\bakra\Desktop\STM32F767ZI\can_f767_2\Core\Src\stm32f7xx_hal_msp.c
2025-01-08 20:56:13,056 [INFO] CodeEngine:255 - oldGeneratedFile, C:\Users\bakra\Desktop\STM32F767ZI\can_f767_2\MXTmpFiles\system.tmp_save
2025-01-08 20:56:13,129 [INFO] CodeEngine:279 - Generated code: C:\Users\bakra\Desktop\STM32F767ZI\can_f767_2\MXTmpFiles\system.tmp
2025-01-08 20:56:13,167 [INFO] CodeEngine:311 - oldGeneratedFile, C:\Users\bakra\Desktop\STM32F767ZI\can_f767_2\Core\Inc\stm32f7xx_hal_conf.h_save
2025-01-08 20:56:13,267 [INFO] CodeEngine:335 - Generated code: C:\Users\bakra\Desktop\STM32F767ZI\can_f767_2\Core\Inc\stm32f7xx_hal_conf.h
2025-01-08 20:56:13,310 [INFO] ApiDbMcu:508 - Load IP Config File for CAN1
2025-01-08 20:56:13,313 [INFO] ApiDbMcu:508 - Load IP Config File for RCC
2025-01-08 20:56:13,348 [INFO] CodeEngine:255 - oldGeneratedFile, C:\Users\bakra\Desktop\STM32F767ZI\can_f767_2\Core\Inc\main.h_save
2025-01-08 20:56:13,453 [INFO] CodeEngine:279 - Generated code: C:\Users\bakra\Desktop\STM32F767ZI\can_f767_2\Core\Inc\main.h
2025-01-08 20:56:13,477 [INFO] CodeEngine:255 - oldGeneratedFile, C:\Users\bakra\Desktop\STM32F767ZI\can_f767_2\Core\Src\main.c_save
2025-01-08 20:56:13,669 [INFO] CodeEngine:279 - Generated code: C:\Users\bakra\Desktop\STM32F767ZI\can_f767_2\Core\Src\main.c
2025-01-08 20:56:14,219 [INFO] ProjectBuilder:3289 - Time for Copy HAL[1] : 365mS.
2025-01-08 20:56:14,230 [INFO] ProjectBuilder:4876 - Project Generator version: 4.5.0-RC5
2025-01-08 20:56:14,337 [INFO] ConfigFileManager:1579 - The Die is : DIE451
2025-01-08 20:56:14,356 [INFO] ApiDbMcu:508 - Load IP Config File for FATFS
2025-01-08 20:56:14,370 [INFO] ApiDbMcu:508 - Load IP Config File for LIBJPEG
2025-01-08 20:56:14,387 [INFO] ApiDbMcu:508 - Load IP Config File for LWIP
2025-01-08 20:56:14,406 [INFO] ApiDbMcu:508 - Load IP Config File for MBEDTLS
2025-01-08 20:56:14,424 [INFO] ApiDbMcu:508 - Load IP Config File for USB_DEVICE
2025-01-08 20:56:14,437 [INFO] ApiDbMcu:508 - Load IP Config File for USB_HOST
