2024-05-01 19:36:40,585 [INFO] Activator:176 - 


2024-05-01 19:36:40,592 [INFO] Activator:177 - !SESSION log4j initialized
2024-05-01 19:36:46,286 [INFO] LogOutputStream:77 - [STDOUT_REDIRECT] 
2024-05-01 19:36:49,138 [INFO] ApplicationProperties:184 - Using Application install path: C:\ST\STM32CubeIDE_1.11.2\STM32CubeIDE\plugins\com.st.stm32cube.common.mx_6.11.1.202404110753
2024-05-01 19:36:49,155 [INFO] DbMcusXml:78 - Set database path to: C:\ST\STM32CubeIDE_1.11.2\STM32CubeIDE\plugins\com.st.stm32cube.common.mx_6.11.1.202404110753\\db\/mcu/
2024-05-01 19:36:49,155 [INFO] ApiDb:274 - Set plugin database path to: C:\ST\STM32CubeIDE_1.11.2\STM32CubeIDE\plugins\com.st.stm32cube.common.mx_6.11.1.202404110753\\db\/plugins/boardmanager/
2024-05-01 19:36:49,156 [WARN] ApiDb:259 - Overriding images path with different value:  => C:\ST\STM32CubeIDE_1.11.2\STM32CubeIDE\plugins\com.st.stm32cube.common.mx_6.11.1.202404110753\\db\/plugins/mcufinder/images/
2024-05-01 19:36:49,163 [INFO] ApiDb:250 - Set database path to: C:\Users\bakra\.stmcufinder\plugins\mcufinder//mcu/
2024-05-01 19:36:49,164 [INFO] DbMcusAds:125 - Set database path to: C:\Users\bakra\.stmcufinder\plugins\mcufinder//mcu/
2024-05-01 19:36:49,165 [INFO] CrossReferenceDbSqlite:203 - Set database path to: C:\Users\bakra\.stmcufinder\plugins\mcufinder//mcu/cs/
2024-05-01 19:36:49,266 [INFO] RulesReader:64 - Compatibility file has been processed (297 Rules)
2024-05-01 19:36:49,352 [INFO] DbMcusXml:78 - Set database path to: C:\ST\STM32CubeIDE_1.11.2\STM32CubeIDE\plugins\com.st.stm32cube.common.mx_6.11.1.202404110753\\db\/mcu/
2024-05-01 19:36:49,353 [INFO] ApiDb:274 - Set plugin database path to: C:\ST\STM32CubeIDE_1.11.2\STM32CubeIDE\plugins\com.st.stm32cube.common.mx_6.11.1.202404110753\\db\/plugins/boardmanager/
2024-05-01 19:36:49,353 [INFO] ApiDb:261 - Set plugin images path to: C:\ST\STM32CubeIDE_1.11.2\STM32CubeIDE\plugins\com.st.stm32cube.common.mx_6.11.1.202404110753\\db\/plugins/mcufinder/images/
2024-05-01 19:36:49,353 [WARN] DbFile:41 - Overriding database path with different value: C:\Users\bakra\.stmcufinder\plugins\mcufinder/ => C:\Users\bakra\.stmcufinder\plugins\mcufinder
2024-05-01 19:36:49,353 [INFO] ApiDb:250 - Set database path to: C:\Users\bakra\.stmcufinder\plugins\mcufinder//mcu/
2024-05-01 19:36:49,353 [WARN] DbFile:41 - Overriding database path with different value: C:\Users\bakra\.stmcufinder\plugins\mcufinder/ => C:\Users\bakra\.stmcufinder\plugins\mcufinder
2024-05-01 19:36:49,353 [INFO] DbMcusAds:125 - Set database path to: C:\Users\bakra\.stmcufinder\plugins\mcufinder//mcu/
2024-05-01 19:36:49,353 [WARN] DbFile:41 - Overriding database path with different value: C:\Users\bakra\.stmcufinder\plugins\mcufinder/ => C:\Users\bakra\.stmcufinder\plugins\mcufinder
2024-05-01 19:36:49,353 [WARN] DbFile:41 - Overriding database path with different value: C:\Users\bakra\.stmcufinder\plugins\mcufinder/ => C:\Users\bakra\.stmcufinder\plugins\mcufinder
2024-05-01 19:36:49,353 [INFO] CrossReferenceDbSqlite:203 - Set database path to: C:\Users\bakra\.stmcufinder\plugins\mcufinder//mcu/cs/
2024-05-01 19:36:49,436 [INFO] MainPanel:264 - HeapMemory: 268435456
2024-05-01 19:36:49,545 [INFO] DbMcusXml:78 - Set database path to: C:\ST\STM32CubeIDE_1.11.2\STM32CubeIDE\plugins\com.st.stm32cube.common.mx_6.11.1.202404110753\\db\/mcu/
2024-05-01 19:36:49,545 [INFO] ApiDb:274 - Set plugin database path to: C:\ST\STM32CubeIDE_1.11.2\STM32CubeIDE\plugins\com.st.stm32cube.common.mx_6.11.1.202404110753\\db\/plugins/boardmanager/
2024-05-01 19:36:49,545 [INFO] ApiDb:261 - Set plugin images path to: C:\ST\STM32CubeIDE_1.11.2\STM32CubeIDE\plugins\com.st.stm32cube.common.mx_6.11.1.202404110753\\db\/plugins/mcufinder/images/
2024-05-01 19:36:49,545 [WARN] DbFile:41 - Overriding database path with different value: C:\Users\bakra\.stmcufinder\plugins\mcufinder/ => C:\Users\bakra\.stmcufinder\plugins\mcufinder
2024-05-01 19:36:49,546 [INFO] ApiDb:250 - Set database path to: C:\Users\bakra\.stmcufinder\plugins\mcufinder//mcu/
2024-05-01 19:36:49,546 [WARN] DbFile:41 - Overriding database path with different value: C:\Users\bakra\.stmcufinder\plugins\mcufinder/ => C:\Users\bakra\.stmcufinder\plugins\mcufinder
2024-05-01 19:36:49,546 [INFO] DbMcusAds:125 - Set database path to: C:\Users\bakra\.stmcufinder\plugins\mcufinder//mcu/
2024-05-01 19:36:49,546 [WARN] DbFile:41 - Overriding database path with different value: C:\Users\bakra\.stmcufinder\plugins\mcufinder/ => C:\Users\bakra\.stmcufinder\plugins\mcufinder
2024-05-01 19:36:49,546 [WARN] DbFile:41 - Overriding database path with different value: C:\Users\bakra\.stmcufinder\plugins\mcufinder/ => C:\Users\bakra\.stmcufinder\plugins\mcufinder
2024-05-01 19:36:49,546 [INFO] CrossReferenceDbSqlite:203 - Set database path to: C:\Users\bakra\.stmcufinder\plugins\mcufinder//mcu/cs/
2024-05-01 19:36:49,565 [INFO] ApplicationProperties:184 - Using Application install path: C:\ST\STM32CubeIDE_1.11.2\STM32CubeIDE\plugins\com.st.stm32cube.common.mx_6.11.1.202404110753
2024-05-01 19:36:49,566 [INFO] PluginManage:196 - Search for loadable plugins [exclusion list=, ]
2024-05-01 19:36:49,567 [INFO] PluginManage:310 - Check plugin analytics
2024-05-01 19:36:49,721 [INFO] AnalyticsPlugin:253 - Accepted Software Licenses: 
2024-05-01 19:36:49,721 [INFO] AnalyticsPlugin:255 - Accepted CMSIS Pack Licenses: 
2024-05-01 19:36:49,721 [INFO] AnalyticsPlugin:257 - Accepted Firmware Licenses: 
2024-05-01 19:36:49,723 [INFO] PluginManage:359 - Loaded plugin analytics (category:tool,tabindex:-1)
2024-05-01 19:36:49,723 [INFO] PluginManage:310 - Check plugin cadmodel
2024-05-01 19:36:49,772 [INFO] CADModel:105 - Init CAD model plugin
2024-05-01 19:36:49,772 [INFO] PluginManage:359 - Loaded plugin cadmodel (category:power,tabindex:5)
2024-05-01 19:36:49,772 [INFO] PluginManage:310 - Check plugin clock
2024-05-01 19:36:49,793 [INFO] PluginManage:359 - Loaded plugin clock (category:base,tabindex:2)
2024-05-01 19:36:49,794 [INFO] PluginManage:310 - Check plugin ddr
2024-05-01 19:36:49,796 [INFO] PluginManage:359 - Loaded plugin ddr (category:tool,tabindex:6)
2024-05-01 19:36:49,796 [INFO] PluginManage:310 - Check plugin filemanager
2024-05-01 19:36:49,920 [INFO] PluginManage:359 - Loaded plugin filemanager (category:base,tabindex:10)
2024-05-01 19:36:49,921 [INFO] PluginManage:310 - Check plugin ipmanager
2024-05-01 19:36:49,928 [INFO] PluginManage:359 - Loaded plugin ipmanager (category:base,tabindex:5)
2024-05-01 19:36:49,928 [INFO] PluginManage:310 - Check plugin lpbam
2024-05-01 19:36:49,946 [INFO] PluginManage:359 - Loaded plugin lpbam (category:base,tabindex:0)
2024-05-01 19:36:49,946 [INFO] PluginManage:310 - Check plugin memorymap
2024-05-01 19:36:49,969 [INFO] PluginManage:359 - Loaded plugin memorymap (category:base,tabindex:4)
2024-05-01 19:36:49,969 [INFO] PluginManage:310 - Check plugin pinoutandconfiguration
2024-05-01 19:36:49,987 [INFO] PluginManage:359 - Loaded plugin pinoutandconfiguration (category:base,tabindex:1)
2024-05-01 19:36:49,987 [INFO] PluginManage:310 - Check plugin pinoutconfig
2024-05-01 19:36:50,080 [WARN] SupportedApi:132 - Cannot load RTOS API schema: s4s-elt-must-match.1: The content of 'definitions' must match (annotation?, (simpleType | complexType)?, (unique | key | keyref)*)). A problem was found starting at: attribute.
2024-05-01 19:36:50,202 [INFO] PluginManage:359 - Loaded plugin pinoutconfig (category:base,tabindex:0)
2024-05-01 19:36:50,202 [INFO] PluginManage:310 - Check plugin power
2024-05-01 19:36:50,221 [INFO] PluginManage:359 - Loaded plugin power (category:power,tabindex:4)
2024-05-01 19:36:50,222 [INFO] PluginManage:310 - Check plugin projectmanager
2024-05-01 19:36:50,235 [INFO] PluginManage:359 - Loaded plugin projectmanager (category:projectmanager,tabindex:3)
2024-05-01 19:36:50,236 [INFO] PluginManage:310 - Check plugin thirdparty
2024-05-01 19:36:50,522 [INFO] PluginManage:359 - Loaded plugin thirdparty (category:base,tabindex:-1)
2024-05-01 19:36:50,522 [WARN] IntegrityCheckThread:84 - waiting for thirdparty lock release [integrity check]
2024-05-01 19:36:50,522 [INFO] PluginManage:310 - Check plugin tools
2024-05-01 19:36:50,522 [INFO] IntegrityCheckThread:86 - entering critical section [integrity check]
2024-05-01 19:36:50,523 [INFO] ThirdPartyUpdaterWithRetryManager:70 - Updater plugin not ready yet. [1/15]
2024-05-01 19:36:50,559 [INFO] PluginManage:359 - Loaded plugin tools (category:base,tabindex:7)
2024-05-01 19:36:50,559 [INFO] PluginManage:310 - Check plugin tutovideos
2024-05-01 19:36:50,777 [INFO] PluginManage:359 - Loaded plugin tutovideos (category:base,tabindex:-1)
2024-05-01 19:36:50,779 [INFO] PluginManage:310 - Check plugin updater
2024-05-01 19:36:50,790 [INFO] PluginManage:359 - Loaded plugin updater (category:base,tabindex:12)
2024-05-01 19:36:50,790 [INFO] PluginManage:310 - Check plugin userauth
2024-05-01 19:36:50,797 [INFO] UserAuth:114 - Init User Auth plugin
2024-05-01 19:36:50,797 [INFO] PluginManage:359 - Loaded plugin userauth (category:base,tabindex:14)
2024-05-01 19:36:50,798 [INFO] PluginManage:283 - PluginManage : Loaded plugins [17]
2024-05-01 19:36:51,033 [INFO] PinOutPanel:1561 - setPackage(No Configuration,No Configuration)
2024-05-01 19:36:51,111 [INFO] CADModel:165 - CPN selected for project level
2024-05-01 19:36:51,111 [INFO] CADModel:114 - Register for checkConnection events
2024-05-01 19:36:51,139 [INFO] IPUIPlugin:80 - create IPUIPlugin
2024-05-01 19:36:51,139 [INFO] PluginManager:220 - loadIPPluginJar : add adc
2024-05-01 19:36:51,172 [INFO] IPUIPlugin:80 - create IPUIPlugin
2024-05-01 19:36:51,172 [INFO] PluginManager:220 - loadIPPluginJar : add aes
2024-05-01 19:36:51,208 [INFO] IPUIPlugin:80 - create IPUIPlugin
2024-05-01 19:36:51,208 [INFO] PluginManager:220 - loadIPPluginJar : add can
2024-05-01 19:36:51,227 [INFO] IPUIPlugin:80 - create IPUIPlugin
2024-05-01 19:36:51,228 [INFO] PluginManager:220 - loadIPPluginJar : add comp
2024-05-01 19:36:51,256 [INFO] IPUIPlugin:80 - create IPUIPlugin
2024-05-01 19:36:51,256 [INFO] PluginManager:220 - loadIPPluginJar : add cryp
2024-05-01 19:36:51,281 [INFO] IPUIPlugin:80 - create IPUIPlugin
2024-05-01 19:36:51,281 [INFO] PluginManager:220 - loadIPPluginJar : add dfsdm
2024-05-01 19:36:51,295 [INFO] IPUIPlugin:80 - create IPUIPlugin
2024-05-01 19:36:51,295 [INFO] PluginManager:220 - loadIPPluginJar : add dma
2024-05-01 19:36:51,332 [INFO] IPUIPlugin:80 - create IPUIPlugin
2024-05-01 19:36:51,332 [INFO] PluginManager:220 - loadIPPluginJar : add dma3
2024-05-01 19:36:51,372 [INFO] IPUIPlugin:80 - create IPUIPlugin
2024-05-01 19:36:51,372 [INFO] PluginManager:220 - loadIPPluginJar : add extmemmanager
2024-05-01 19:36:51,389 [INFO] IPUIPlugin:80 - create IPUIPlugin
2024-05-01 19:36:51,389 [INFO] PluginManager:220 - loadIPPluginJar : add fatfs
2024-05-01 19:36:51,431 [INFO] IPUIPlugin:80 - create IPUIPlugin
2024-05-01 19:36:51,431 [INFO] PluginManager:220 - loadIPPluginJar : add fmc
2024-05-01 19:36:51,447 [INFO] IPUIPlugin:80 - create IPUIPlugin
2024-05-01 19:36:51,447 [INFO] PluginManager:220 - loadIPPluginJar : add freertos
2024-05-01 19:36:51,466 [INFO] IPUIPlugin:80 - create IPUIPlugin
2024-05-01 19:36:51,466 [INFO] PluginManager:220 - loadIPPluginJar : add genericplugin
2024-05-01 19:36:51,548 [INFO] IPUIPlugin:80 - create IPUIPlugin
2024-05-01 19:36:51,548 [INFO] PluginManager:220 - loadIPPluginJar : add gfxmmu
2024-05-01 19:36:51,656 [INFO] IPUIPlugin:80 - create IPUIPlugin
2024-05-01 19:36:51,656 [INFO] PluginManager:220 - loadIPPluginJar : add gic
2024-05-01 19:36:51,670 [INFO] IPUIPlugin:80 - create IPUIPlugin
2024-05-01 19:36:51,670 [INFO] PluginManager:220 - loadIPPluginJar : add gpio
2024-05-01 19:36:51,746 [INFO] IPUIPlugin:80 - create IPUIPlugin
2024-05-01 19:36:51,746 [INFO] PluginManager:220 - loadIPPluginJar : add gtzc
2024-05-01 19:36:51,776 [INFO] IPUIPlugin:80 - create IPUIPlugin
2024-05-01 19:36:51,776 [INFO] PluginManager:220 - loadIPPluginJar : add hash
2024-05-01 19:36:51,822 [INFO] IPUIPlugin:80 - create IPUIPlugin
2024-05-01 19:36:51,822 [INFO] PluginManager:220 - loadIPPluginJar : add i2c
2024-05-01 19:36:51,857 [INFO] IPUIPlugin:80 - create IPUIPlugin
2024-05-01 19:36:51,857 [INFO] PluginManager:220 - loadIPPluginJar : add i2s
2024-05-01 19:36:51,897 [INFO] IPUIPlugin:80 - create IPUIPlugin
2024-05-01 19:36:51,897 [INFO] PluginManager:220 - loadIPPluginJar : add i3c
2024-05-01 19:36:51,993 [INFO] IPUIPlugin:80 - create IPUIPlugin
2024-05-01 19:36:51,994 [INFO] PluginManager:220 - loadIPPluginJar : add ipddr
2024-05-01 19:36:52,072 [INFO] IPUIPlugin:80 - create IPUIPlugin
2024-05-01 19:36:52,072 [INFO] PluginManager:220 - loadIPPluginJar : add linkedlist
2024-05-01 19:36:52,101 [INFO] IPUIPlugin:80 - create IPUIPlugin
2024-05-01 19:36:52,102 [INFO] PluginManager:220 - loadIPPluginJar : add lorawan
2024-05-01 19:36:52,133 [INFO] IPUIPlugin:80 - create IPUIPlugin
2024-05-01 19:36:52,133 [INFO] PluginManager:220 - loadIPPluginJar : add ltdc
2024-05-01 19:36:52,148 [INFO] IPUIPlugin:80 - create IPUIPlugin
2024-05-01 19:36:52,148 [INFO] PluginManager:220 - loadIPPluginJar : add mdma
2024-05-01 19:36:52,160 [INFO] IPUIPlugin:80 - create IPUIPlugin
2024-05-01 19:36:52,160 [INFO] PluginManager:220 - loadIPPluginJar : add nvic
2024-05-01 19:36:52,193 [INFO] IPUIPlugin:80 - create IPUIPlugin
2024-05-01 19:36:52,193 [INFO] PluginManager:220 - loadIPPluginJar : add opamp
2024-05-01 19:36:52,246 [INFO] IPUIPlugin:80 - create IPUIPlugin
2024-05-01 19:36:52,246 [INFO] PluginManager:220 - loadIPPluginJar : add openamp
2024-05-01 19:36:52,283 [INFO] IPUIPlugin:80 - create IPUIPlugin
2024-05-01 19:36:52,283 [INFO] PluginManager:220 - loadIPPluginJar : add pdm2pcm
2024-05-01 19:36:52,297 [INFO] IPUIPlugin:80 - create IPUIPlugin
2024-05-01 19:36:52,299 [INFO] PluginManager:220 - loadIPPluginJar : add plateformsettings
2024-05-01 19:36:52,318 [INFO] IPUIPlugin:80 - create IPUIPlugin
2024-05-01 19:36:52,319 [INFO] PluginManager:220 - loadIPPluginJar : add quadspi
2024-05-01 19:36:52,331 [INFO] IPUIPlugin:80 - create IPUIPlugin
2024-05-01 19:36:52,331 [INFO] PluginManager:220 - loadIPPluginJar : add resmgrutility
2024-05-01 19:36:52,376 [INFO] IPUIPlugin:80 - create IPUIPlugin
2024-05-01 19:36:52,376 [INFO] PluginManager:220 - loadIPPluginJar : add sai
2024-05-01 19:36:52,412 [INFO] IPUIPlugin:80 - create IPUIPlugin
2024-05-01 19:36:52,412 [INFO] PluginManager:220 - loadIPPluginJar : add spi
2024-05-01 19:36:52,472 [INFO] IPUIPlugin:80 - create IPUIPlugin
2024-05-01 19:36:52,472 [INFO] PluginManager:220 - loadIPPluginJar : add stm32_wpan
2024-05-01 19:36:52,495 [INFO] IPUIPlugin:80 - create IPUIPlugin
2024-05-01 19:36:52,495 [INFO] PluginManager:220 - loadIPPluginJar : add tim
2024-05-01 19:36:52,548 [INFO] IPUIPlugin:80 - create IPUIPlugin
2024-05-01 19:36:52,548 [INFO] PluginManager:220 - loadIPPluginJar : add touchsensing
2024-05-01 19:36:52,569 [INFO] IPUIPlugin:80 - create IPUIPlugin
2024-05-01 19:36:52,569 [INFO] PluginManager:220 - loadIPPluginJar : add tracer_emb
2024-05-01 19:36:52,589 [INFO] IPUIPlugin:80 - create IPUIPlugin
2024-05-01 19:36:52,590 [INFO] PluginManager:220 - loadIPPluginJar : add ts
2024-05-01 19:36:52,609 [INFO] IPUIPlugin:80 - create IPUIPlugin
2024-05-01 19:36:52,609 [INFO] PluginManager:220 - loadIPPluginJar : add tsc
2024-05-01 19:36:52,629 [INFO] IPUIPlugin:80 - create IPUIPlugin
2024-05-01 19:36:52,629 [INFO] PluginManager:220 - loadIPPluginJar : add ucpd
2024-05-01 19:36:52,668 [INFO] IPUIPlugin:80 - create IPUIPlugin
2024-05-01 19:36:52,668 [INFO] PluginManager:220 - loadIPPluginJar : add usart
2024-05-01 19:36:52,705 [INFO] IPUIPlugin:80 - create IPUIPlugin
2024-05-01 19:36:52,705 [INFO] PluginManager:220 - loadIPPluginJar : add usbx
2024-05-01 19:36:52,825 [INFO] CADModel:165 - CPN selected for project level
2024-05-01 19:36:52,825 [INFO] CADModel:114 - Register for checkConnection events
2024-05-01 19:36:52,826 [FATAL] Updater:308 - Updater called before beeing initialized
2024-05-01 19:36:52,826 [ERROR] CADModel:125 - Updater not yet initialized, retry later 
2024-05-01 19:36:52,951 [INFO] CADModel:165 - CPN selected for project level
2024-05-01 19:36:52,952 [INFO] CADModel:114 - Register for checkConnection events
2024-05-01 19:36:52,952 [FATAL] Updater:308 - Updater called before beeing initialized
2024-05-01 19:36:52,952 [ERROR] CADModel:125 - Updater not yet initialized, retry later 
2024-05-01 19:36:52,954 [FATAL] Updater:308 - Updater called before beeing initialized
2024-05-01 19:36:53,063 [FATAL] Updater:308 - Updater called before beeing initialized
2024-05-01 19:36:53,074 [INFO] DbMcusAds:53 - JSON generation date=Wed Nov 29 05:52:27 EST 2023 (1701255147349)
2024-05-01 19:36:53,074 [FATAL] Updater:308 - Updater called before beeing initialized
2024-05-01 19:36:53,110 [WARN] DetailPanel:346 - Failed to get advertising image, set to default
2024-05-01 19:36:53,202 [FATAL] Updater:308 - Updater called before beeing initialized
2024-05-01 19:36:53,204 [FATAL] Updater:308 - Updater called before beeing initialized
2024-05-01 19:36:53,205 [FATAL] Updater:308 - Updater called before beeing initialized
2024-05-01 19:36:53,205 [WARN] DetailPanel:346 - Failed to get advertising image, set to default
2024-05-01 19:36:53,205 [FATAL] Updater:308 - Updater called before beeing initialized
2024-05-01 19:36:53,269 [ERROR] Updater:1120 - MainUpdater not yet initialized. External WinMGr cannot be set.
2024-05-01 19:36:53,280 [INFO] Updater:1056 - Updater Version found : 6.11.1
2024-05-01 19:36:53,303 [INFO] ApplicationProperties:184 - Using Application install path: C:\ST\STM32CubeIDE_1.11.2\STM32CubeIDE\plugins\com.st.stm32cube.common.mx_6.11.1.202404110753
2024-05-01 19:36:53,523 [INFO] ThirdPartyUpdaterWithRetryManager:70 - Updater plugin not ready yet. [2/15]
2024-05-01 19:36:54,882 [ERROR] LogOutputStream:75 - [STDERR_REDIRECT] May 01, 2024 7:36:54 PM java.util.prefs.WindowsPreferences <init>
2024-05-01 19:36:54,884 [ERROR] LogOutputStream:75 - [STDERR_REDIRECT] WARNING: Could not open/create prefs root node Software\JavaSoft\Prefs at root 0xffffffff80000002. Windows RegCreateKeyEx(...) returned error code 5.
2024-05-01 19:36:54,884 [ERROR] LogOutputStream:75 - [STDERR_REDIRECT] 
2024-05-01 19:36:55,391 [INFO] MainUpdater:2873 - connection check result : 10
2024-05-01 19:36:55,391 [INFO] MainUpdater:3567 - Updater definition file requires update
2024-05-01 19:36:55,392 [INFO] MainUpdater:290 - Updater Check For Update Now.
2024-05-01 19:36:55,392 [INFO] MicroXplorer:498 - Change Database Version : DB.6.0.111
2024-05-01 19:36:55,408 [INFO] McuFinderGlobals:63 - Set McuFinder mode to 2 (CubeIDE integrated)
2024-05-01 19:36:55,418 [INFO] UserAuth:415 - Internet connection configuration mode: 1
2024-05-01 19:36:55,440 [INFO] JxBrowserEngine:152 - Initiate JxBrowser Engine with user profile folder
2024-05-01 19:36:55,490 [INFO] ServerAccessManage:473 - Download File updaters.zip
2024-05-01 19:36:55,549 [INFO] FileExtend:240 - Unzip File : updaters.zip
2024-05-01 19:36:55,549 [INFO] FileExtend:255 - Standard Zip Deflate
2024-05-01 19:36:56,077 [INFO] ServerAccessManage:473 - Download File PacksControlFlags.xml
2024-05-01 19:36:56,155 [INFO] ServerAccessManage:473 - Download File cubemx.pidx
2024-05-01 19:36:56,248 [INFO] LoadServerUpdatesThread:375 - End of LoadServerUpdate Thread
2024-05-01 19:36:56,409 [INFO] CheckServerUpdateThread:120 - End of CheckServer Thread
2024-05-01 19:36:56,709 [WARN] PackLoader:240 - Cannot read IP mode file for STMicroelectronics.FP-SNS-MOTENVWB1.1.4.0
2024-05-01 19:36:56,725 [WARN] PackLoader:240 - Cannot read IP mode file for STMicroelectronics.X-CUBE-SMBUS.2.1.0
2024-05-01 19:36:56,738 [WARN] PackLoader:240 - Cannot read IP mode file for STMicroelectronics.X-CUBE-TOUCHGFX.4.23.0
2024-05-01 19:36:56,749 [WARN] PackLoader:240 - Cannot read IP mode file for STMicroelectronics.X-CUBE-TOUCHGFX.4.23.2
2024-05-01 19:36:56,785 [WARN] PackLoader:240 - Cannot read IP mode file for STMicroelectronics.X-CUBE-AZRTOS-F7.1.1.0
2024-05-01 19:36:56,807 [ERROR] RealEvaluatedCondition:428 - Found unsupported composite condition: CLASS='Data Exchange' GROUP='STM32_MetaDataManager'
2024-05-01 19:36:56,807 [ERROR] RealEvaluatedCondition:428 - Found unsupported composite condition: GROUP='STM32_MetaDataManager' CLASS='Data Exchange'
2024-05-01 19:36:56,809 [WARN] PackLoader:240 - Cannot read IP mode file for STMicroelectronics.FP-SNS-MOTENV1.4.3.0
2024-05-01 19:36:56,823 [WARN] PackLoader:240 - Cannot read IP mode file for STMicroelectronics.FP-SNS-MOTENV1.4.3.2
2024-05-01 19:36:56,840 [WARN] PackLoader:240 - Cannot read IP mode file for STMicroelectronics.FP-SNS-FLIGHT1.5.0.0
2024-05-01 19:36:56,850 [ERROR] RealEvaluatedCondition:428 - Found unsupported composite condition: CLASS='Data Exchange' GROUP='STM32_MetaDataManager'
2024-05-01 19:36:56,851 [ERROR] RealEvaluatedCondition:428 - Found unsupported composite condition: GROUP='STM32_MetaDataManager' CLASS='Data Exchange'
2024-05-01 19:36:56,852 [WARN] PackLoader:240 - Cannot read IP mode file for STMicroelectronics.FP-SNS-MOTENV1.4.3.1
2024-05-01 19:36:56,867 [WARN] PackLoader:240 - Cannot read IP mode file for STMicroelectronics.FP-SNS-FLIGHT1.5.0.1
2024-05-01 19:36:56,882 [WARN] PackLoader:240 - Cannot read IP mode file for STMicroelectronics.X-CUBE-BLE1.6.2.4
2024-05-01 19:36:56,895 [WARN] PackLoader:240 - Cannot read IP mode file for STMicroelectronics.FP-SNS-FLIGHT1.5.0.2
2024-05-01 19:36:56,911 [WARN] PackLoader:240 - Cannot read IP mode file for STMicroelectronics.X-CUBE-DISPLAY.3.0.0
2024-05-01 19:36:56,929 [WARN] PackLoader:240 - Cannot read IP mode file for STMicroelectronics.X-CUBE-BLE1.7.0.0
2024-05-01 19:36:56,940 [WARN] PackLoader:240 - Cannot read IP mode file for STMicroelectronics.X-CUBE-TOUCHGFX.4.22.0
2024-05-01 19:36:56,952 [WARN] PackLoader:240 - Cannot read IP mode file for STMicroelectronics.X-CUBE-TOUCHGFX.4.22.1
2024-05-01 19:36:56,968 [WARN] PackLoader:240 - Cannot read IP mode file for STMicroelectronics.X-CUBE-BLEMGR.3.1.0
2024-05-01 19:36:56,984 [WARN] PackLoader:240 - Cannot read IP mode file for STMicroelectronics.FP-SNS-SMARTAG2.1.2.0
2024-05-01 19:36:57,004 [INFO] LogOutputStream:77 - [STDOUT_REDIRECT] 1 : Invalid condition id : UX_CORESTACK_Condition cause : null
2024-05-01 19:36:57,004 [INFO] LogOutputStream:77 - [STDOUT_REDIRECT] 1 : Invalid condition id : UX_CORESTACK_Condition cause : null
2024-05-01 19:36:57,005 [INFO] LogOutputStream:77 - [STDOUT_REDIRECT] 1 : Invalid condition id : UX_CORESTACK_Condition cause : null
2024-05-01 19:36:57,006 [INFO] LogOutputStream:77 - [STDOUT_REDIRECT] 1 : Invalid condition id : UX_CORESTACK_Condition cause : null
2024-05-01 19:36:57,006 [INFO] LogOutputStream:77 - [STDOUT_REDIRECT] 1 : Invalid condition id : UX_CORESTACK_Condition cause : null
2024-05-01 19:36:57,009 [WARN] PackLoader:240 - Cannot read IP mode file for STMicroelectronics.X-CUBE-AZRTOS-WL.2.0.0
2024-05-01 19:36:57,021 [WARN] PackLoader:240 - Cannot read IP mode file for STMicroelectronics.FP-SNS-MOTENV1.5.0.0
2024-05-01 19:36:57,035 [WARN] PackLoader:240 - Cannot read IP mode file for WES.I-CUBE-Cesium.1.3.0
2024-05-01 19:36:57,048 [WARN] PackLoader:240 - Cannot read IP mode file for STMicroelectronics.X-CUBE-BLE2.3.3.0
2024-05-01 19:36:57,064 [WARN] PackLoader:240 - Cannot read IP mode file for STMicroelectronics.X-CUBE-TOF1.3.2.0
2024-05-01 19:36:57,085 [WARN] PackLoader:240 - Cannot read IP mode file for STMicroelectronics.X-CUBE-TCPP.4.1.0
2024-05-01 19:36:57,101 [WARN] PackLoader:240 - Cannot read IP mode file for STMicroelectronics.X-CUBE-TOUCHGFX.4.21.1
2024-05-01 19:36:57,113 [WARN] PackLoader:240 - Cannot read IP mode file for STMicroelectronics.X-CUBE-TOUCHGFX.4.21.3
2024-05-01 19:36:57,124 [WARN] PackLoader:240 - Cannot read IP mode file for STMicroelectronics.X-CUBE-TOUCHGFX.4.21.4
2024-05-01 19:36:57,137 [WARN] PackLoader:240 - Cannot read IP mode file for STMicroelectronics.X-CUBE-ALGOBUILD.1.3.0
2024-05-01 19:36:57,174 [WARN] PackLoader:240 - Cannot read IP mode file for STMicroelectronics.X-CUBE-AZRTOS-G0.1.1.0
2024-05-01 19:36:57,192 [WARN] PackLoader:240 - Cannot read IP mode file for STMicroelectronics.X-CUBE-SAFEA1.1.2.2
2024-05-01 19:36:57,209 [WARN] PackLoader:240 - Cannot read IP mode file for STMicroelectronics.X-CUBE-NFC4.3.0.0
2024-05-01 19:36:57,229 [WARN] PackLoader:240 - Cannot read IP mode file for STMicroelectronics.X-CUBE-BLEMGR.3.0.0
2024-05-01 19:36:57,248 [WARN] PackLoader:240 - Cannot read IP mode file for STMicroelectronics.X-CUBE-BLEMGR.1.3.0
2024-05-01 19:36:57,267 [WARN] PackLoader:240 - Cannot read IP mode file for STMicroelectronics.FP-ATR-SIGFOX1.3.2.0
2024-05-01 19:36:57,282 [WARN] PackLoader:240 - Cannot read IP mode file for STMicroelectronics.X-CUBE-EEPRMA1.5.1.0
2024-05-01 19:36:57,344 [WARN] PackLoader:240 - Cannot read IP mode file for STMicroelectronics.X-CUBE-MEMS1.9.5.0
2024-05-01 19:36:57,501 [WARN] PackLoader:240 - Cannot read IP mode file for SEGGER.I-CUBE-embOS.1.3.1
2024-05-01 19:36:57,559 [WARN] PackLoader:240 - Cannot read IP mode file for STMicroelectronics.X-CUBE-GNSS1.6.0.0
2024-05-01 19:36:57,591 [WARN] PackLoader:240 - Cannot read IP mode file for STMicroelectronics.X-CUBE-AZRTOS-F4.1.1.0
2024-05-01 19:36:57,610 [WARN] PackLoader:240 - Cannot read IP mode file for STMicroelectronics.X-CUBE-FREERTOS.1.2.0
2024-05-01 19:36:57,646 [WARN] PackLoader:240 - Cannot read IP mode file for STMicroelectronics.X-CUBE-AZRTOS-L5.2.0.0
2024-05-01 19:36:57,693 [WARN] PackLoader:240 - Cannot read IP mode file for STMicroelectronics.X-CUBE-MEMS1.9.6.0
2024-05-01 19:36:57,786 [WARN] PackLoader:240 - Cannot read IP mode file for STMicroelectronics.X-CUBE-EEPRMA1.4.2.0
2024-05-01 19:36:57,805 [WARN] PackLoader:240 - Cannot read IP mode file for STMicroelectronics.X-CUBE-NFC6.3.1.0
2024-05-01 19:36:57,823 [WARN] PackLoader:240 - Cannot read IP mode file for ITTIA_DB.I-CUBE-ITTIADB.8.8.0
2024-05-01 19:36:57,839 [WARN] PackLoader:240 - Cannot read IP mode file for emotas.I-CUBE-CANOPEN.1.1.3
2024-05-01 19:36:57,859 [WARN] PackLoader:240 - Cannot read IP mode file for STMicroelectronics.X-CUBE-BLEMGR.2.0.0
2024-05-01 19:36:57,876 [WARN] PackLoader:240 - Cannot read IP mode file for STMicroelectronics.X-CUBE-AI.9.0.0
2024-05-01 19:36:57,909 [WARN] ConditionMgr:438 - getConditionDescription Invalid condition id : UX DEVICE CLASS RTOS Condition cause : null
2024-05-01 19:36:57,910 [WARN] ConditionMgr:438 - getConditionDescription Invalid condition id : UX DEVICE CLASS RTOS Condition cause : null
2024-05-01 19:36:57,913 [WARN] PackLoader:240 - Cannot read IP mode file for STMicroelectronics.X-CUBE-AZRTOS-H7.3.1.0
2024-05-01 19:36:57,914 [WARN] ConditionMgr:1039 - genDependencies : Invalid condition id : UX DEVICE CLASS RTOS Condition cause : null
2024-05-01 19:36:57,914 [WARN] ConditionMgr:1039 - genDependencies : Invalid condition id : UX DEVICE CLASS RTOS Condition cause : null
2024-05-01 19:36:57,915 [WARN] ConditionMgr:1039 - genDependencies : Invalid condition id : UX DEVICE CLASS RTOS Condition cause : null
2024-05-01 19:36:57,915 [WARN] ConditionMgr:1039 - genDependencies : Invalid condition id : UX DEVICE CLASS RTOS Condition cause : null
2024-05-01 19:36:57,915 [WARN] ConditionMgr:1039 - genDependencies : Invalid condition id : UX DEVICE CLASS RTOS Condition cause : null
2024-05-01 19:36:57,932 [WARN] PackLoader:240 - Cannot read IP mode file for wolfSSL.I-CUBE-wolfSSL.5.5.4
2024-05-01 19:36:57,949 [WARN] PackLoader:240 - Cannot read IP mode file for STMicroelectronics.X-CUBE-NFC7.1.0.1
2024-05-01 19:36:57,965 [WARN] PackLoader:240 - Cannot read IP mode file for STMicroelectronics.X-CUBE-NFC7.1.0.0
2024-05-01 19:36:57,983 [WARN] PackLoader:240 - Cannot read IP mode file for STMicroelectronics.X-CUBE-NFC6.3.0.0
2024-05-01 19:36:57,997 [WARN] PackLoader:240 - Cannot read IP mode file for STMicroelectronics.X-CUBE-EEPRMA1.4.1.0
2024-05-01 19:36:58,010 [WARN] PackLoader:240 - Cannot read IP mode file for STMicroelectronics.X-CUBE-AI.8.1.0
2024-05-01 19:36:58,043 [WARN] ConditionMgr:438 - getConditionDescription Invalid condition id : LAN8742 Phy interface Condition cause : null
2024-05-01 19:36:58,044 [WARN] PackLoader:240 - Cannot read IP mode file for STMicroelectronics.X-CUBE-AZRTOS-L4.2.0.0
2024-05-01 19:36:58,045 [WARN] ConditionMgr:1039 - genDependencies : Invalid condition id : LAN8742 Phy interface Condition cause : null
2024-05-01 19:36:58,045 [WARN] ConditionMgr:1039 - genDependencies : Invalid condition id : LAN8742 Phy interface Condition cause : null
2024-05-01 19:36:58,045 [WARN] ConditionMgr:1039 - genDependencies : Invalid condition id : LAN8742 Phy interface Condition cause : null
2024-05-01 19:36:58,065 [WARN] PackLoader:240 - Cannot read IP mode file for STMicroelectronics.X-CUBE-SFXS2LP1.4.0.0
2024-05-01 19:36:58,099 [WARN] PackLoader:240 - Cannot read IP mode file for STMicroelectronics.X-CUBE-AZRTOS-H7.3.0.0
2024-05-01 19:36:58,120 [WARN] PackLoader:240 - Cannot read IP mode file for STMicroelectronics.X-CUBE-ISPU.1.1.0
2024-05-01 19:36:58,136 [WARN] PackLoader:240 - Cannot read IP mode file for RoweBots.I-CUBE-UNISONRTOS.5.5.0-4
2024-05-01 19:36:58,151 [WARN] PackLoader:240 - Cannot read IP mode file for STMicroelectronics.X-CUBE-AI.8.0.0
2024-05-01 19:36:58,177 [WARN] ConditionMgr:438 - getConditionDescription Invalid condition id : UX DEVICE CLASS RTOS Condition cause : null
2024-05-01 19:36:58,178 [WARN] ConditionMgr:438 - getConditionDescription Invalid condition id : UX DEVICE CLASS RTOS Condition cause : null
2024-05-01 19:36:58,179 [WARN] PackLoader:240 - Cannot read IP mode file for STMicroelectronics.X-CUBE-AZRTOS-WB.2.0.0
2024-05-01 19:36:58,181 [WARN] ConditionMgr:1039 - genDependencies : Invalid condition id : UX DEVICE CLASS RTOS Condition cause : null
2024-05-01 19:36:58,181 [WARN] ConditionMgr:1039 - genDependencies : Invalid condition id : UX DEVICE CLASS RTOS Condition cause : null
2024-05-01 19:36:58,182 [WARN] ConditionMgr:1039 - genDependencies : Invalid condition id : UX DEVICE CLASS RTOS Condition cause : null
2024-05-01 19:36:58,182 [WARN] ConditionMgr:1039 - genDependencies : Invalid condition id : UX DEVICE CLASS RTOS Condition cause : null
2024-05-01 19:36:58,182 [WARN] ConditionMgr:1039 - genDependencies : Invalid condition id : UX DEVICE CLASS RTOS Condition cause : null
2024-05-01 19:36:58,198 [WARN] PackLoader:240 - Cannot read IP mode file for STMicroelectronics.X-CUBE-FREERTOS.1.0.0
2024-05-01 19:36:58,213 [WARN] PackLoader:240 - Cannot read IP mode file for STMicroelectronics.X-CUBE-FREERTOS.1.0.1
2024-05-01 19:36:58,235 [WARN] PackLoader:240 - Cannot read IP mode file for STMicroelectronics.X-CUBE-AZRTOS-L5.1.1.0
2024-05-01 19:36:58,252 [WARN] PackLoader:240 - Cannot read IP mode file for STMicroelectronics.X-CUBE-AI.8.0.1
2024-05-01 19:36:58,268 [WARN] PackLoader:240 - Cannot read IP mode file for STMicroelectronics.X-CUBE-SUBG2.5.0.0
2024-05-01 19:36:58,286 [WARN] PackLoader:240 - Cannot read IP mode file for STMicroelectronics.X-CUBE-TOF1.3.3.1
2024-05-01 19:36:58,310 [WARN] PackLoader:240 - Cannot read IP mode file for STMicroelectronics.X-CUBE-AZRTOS-G4.2.0.0
2024-05-01 19:36:58,328 [WARN] PackLoader:240 - Cannot read IP mode file for STMicroelectronics.X-CUBE-TOF1.3.3.0
2024-05-01 19:36:58,349 [WARN] PackLoader:240 - Cannot read IP mode file for STMicroelectronics.FP-ATR-ASTRA1.1.1.1
2024-05-01 19:36:58,370 [WARN] PackLoader:240 - Cannot read IP mode file for Infineon.AIROC-Wi-Fi-Bluetooth-STM32.1.5.1
2024-05-01 19:36:58,385 [WARN] PackLoader:240 - Cannot read IP mode file for STMicroelectronics.FP-SNS-MOTENVWB1.1.3.0
2024-05-01 19:36:58,399 [WARN] PackLoader:240 - Cannot read IP mode file for STMicroelectronics.FP-SNS-MOTENVWB1.1.3.1
2024-05-01 19:36:58,422 [WARN] PackLoader:240 - Cannot read IP mode file for STMicroelectronics.X-CUBE-AZRTOS-G4.1.0.0
2024-05-01 19:36:58,447 [WARN] PackLoader:240 - Cannot read IP mode file for STMicroelectronics.X-CUBE-AZRTOS-L4.1.0.0
2024-05-01 19:36:58,462 [WARN] PackLoader:240 - Cannot read IP mode file for STMicroelectronics.X-CUBE-ISPU.2.0.0
2024-05-01 19:36:58,502 [WARN] PackLoader:240 - Cannot read IP mode file for STMicroelectronics.X-CUBE-MEMS1.10.0.0
2024-05-01 19:36:58,586 [WARN] PackLoader:240 - Cannot read IP mode file for STMicroelectronics.X-CUBE-FREERTOS.1.1.0
2024-05-01 19:36:58,605 [WARN] PackLoader:240 - Cannot read IP mode file for STMicroelectronics.X-CUBE-AZRTOS-WL.1.0.0
2024-05-01 19:36:58,619 [WARN] PackLoader:240 - Cannot read IP mode file for portGmbH.I-Cube-SoM-uGOAL.1.1.0
2024-05-01 19:36:58,631 [WARN] PackLoader:240 - Cannot read IP mode file for STMicroelectronics.X-CUBE-ALS.1.0.1
2024-05-01 19:36:58,652 [WARN] PackLoader:240 - Cannot read IP mode file for STMicroelectronics.X-CUBE-AZRTOS-WB.1.1.0
2024-05-01 19:36:58,677 [WARN] PackLoader:240 - Cannot read IP mode file for STMicroelectronics.X-CUBE-AZRTOS-H7RS.1.0.0
2024-05-01 19:36:58,690 [WARN] PackLoader:240 - Cannot read IP mode file for STMicroelectronics.FP-ATR-ASTRA1.2.0.0
2024-05-01 19:36:58,706 [WARN] PackLoader:240 - Cannot read IP mode file for STMicroelectronics.X-CUBE-TOF1.3.4.0
2024-05-01 19:36:58,730 [WARN] PackLoader:240 - Cannot read IP mode file for STMicroelectronics.X-CUBE-TOF1.3.4.1
2024-05-01 19:36:58,759 [WARN] PackLoader:240 - Cannot read IP mode file for STMicroelectronics.X-CUBE-AZRTOS-H7.3.2.0
2024-05-01 19:36:58,761 [INFO] ThirdParty:978 - Integrity check success = true
2024-05-01 19:36:58,761 [INFO] IntegrityCheckThread:100 - exiting critical section [integrity check]
2024-05-01 19:36:58,761 [INFO] IntegrityCheckThread:103 - End integrity checks thread
2024-05-01 19:37:01,055 [INFO] WebApp:161 - Instantiating new browser for Auth
2024-05-01 19:37:01,654 [INFO] WebApp:779 - Register for checkConnection events
2024-05-01 19:37:01,654 [INFO] WebApp:414 - Apply proxy settings
2024-05-01 19:37:01,654 [INFO] WebApp:499 - Chromium requires no authentication
2024-05-01 19:37:01,663 [INFO] WebApp:442 - Direct internet connection detected
2024-05-01 19:37:01,838 [INFO] WebApp:192 - Starting web application
2024-05-01 19:37:01,838 [INFO] WebApp:544 - Web application path used C:\ST\STM32CubeIDE_1.11.2\STM32CubeIDE\plugins\com.st.stm32cube.common.mx_6.11.1.202404110753\db\plugins\mcufinder\reactClient1\index.html
2024-05-01 22:36:35,325 [ERROR] LogOutputStream:75 - [STDERR_REDIRECT] 
2024-05-01 22:36:35,327 [ERROR] LogOutputStream:75 - [STDERR_REDIRECT] 
