2024-09-13 18:33:23,447 [INFO] Activator:176 - 


2024-09-13 18:33:23,452 [INFO] Activator:177 - !SESSION log4j initialized
2024-09-13 18:33:30,825 [INFO] LogOutputStream:77 - [STDOUT_REDIRECT] 
2024-09-13 18:33:34,931 [INFO] ApplicationProperties:184 - Using Application install path: C:\ST\STM32CubeIDE_1.11.2\STM32CubeIDE\plugins\com.st.stm32cube.common.mx_6.12.0.202406281431
2024-09-13 18:33:34,955 [INFO] DbMcusXml:78 - Set database path to: C:\ST\STM32CubeIDE_1.11.2\STM32CubeIDE\plugins\com.st.stm32cube.common.mx_6.12.0.202406281431\\db\/mcu/
2024-09-13 18:33:34,955 [INFO] ApiDb:274 - Set plugin database path to: C:\ST\STM32CubeIDE_1.11.2\STM32CubeIDE\plugins\com.st.stm32cube.common.mx_6.12.0.202406281431\\db\/plugins/boardmanager/
2024-09-13 18:33:34,956 [WARN] ApiDb:259 - Overriding images path with different value:  => C:\ST\STM32CubeIDE_1.11.2\STM32CubeIDE\plugins\com.st.stm32cube.common.mx_6.12.0.202406281431\\db\/plugins/mcufinder/images/
2024-09-13 18:33:34,972 [INFO] ApiDb:250 - Set database path to: C:\Users\bakra\.stmcufinder\plugins\mcufinder//mcu/
2024-09-13 18:33:34,974 [INFO] DbMcusAds:125 - Set database path to: C:\Users\bakra\.stmcufinder\plugins\mcufinder//mcu/
2024-09-13 18:33:34,978 [INFO] CrossReferenceDbSqlite:203 - Set database path to: C:\Users\bakra\.stmcufinder\plugins\mcufinder//mcu/cs/
2024-09-13 18:33:35,134 [INFO] RulesReader:64 - Compatibility file has been processed (297 Rules)
2024-09-13 18:33:35,251 [INFO] DbMcusXml:78 - Set database path to: C:\ST\STM32CubeIDE_1.11.2\STM32CubeIDE\plugins\com.st.stm32cube.common.mx_6.12.0.202406281431\\db\/mcu/
2024-09-13 18:33:35,252 [INFO] ApiDb:274 - Set plugin database path to: C:\ST\STM32CubeIDE_1.11.2\STM32CubeIDE\plugins\com.st.stm32cube.common.mx_6.12.0.202406281431\\db\/plugins/boardmanager/
2024-09-13 18:33:35,252 [INFO] ApiDb:261 - Set plugin images path to: C:\ST\STM32CubeIDE_1.11.2\STM32CubeIDE\plugins\com.st.stm32cube.common.mx_6.12.0.202406281431\\db\/plugins/mcufinder/images/
2024-09-13 18:33:35,252 [WARN] DbFile:41 - Overriding database path with different value: C:\Users\bakra\.stmcufinder\plugins\mcufinder/ => C:\Users\bakra\.stmcufinder\plugins\mcufinder
2024-09-13 18:33:35,252 [INFO] ApiDb:250 - Set database path to: C:\Users\bakra\.stmcufinder\plugins\mcufinder//mcu/
2024-09-13 18:33:35,252 [WARN] DbFile:41 - Overriding database path with different value: C:\Users\bakra\.stmcufinder\plugins\mcufinder/ => C:\Users\bakra\.stmcufinder\plugins\mcufinder
2024-09-13 18:33:35,252 [INFO] DbMcusAds:125 - Set database path to: C:\Users\bakra\.stmcufinder\plugins\mcufinder//mcu/
2024-09-13 18:33:35,253 [WARN] DbFile:41 - Overriding database path with different value: C:\Users\bakra\.stmcufinder\plugins\mcufinder/ => C:\Users\bakra\.stmcufinder\plugins\mcufinder
2024-09-13 18:33:35,253 [WARN] DbFile:41 - Overriding database path with different value: C:\Users\bakra\.stmcufinder\plugins\mcufinder/ => C:\Users\bakra\.stmcufinder\plugins\mcufinder
2024-09-13 18:33:35,253 [INFO] CrossReferenceDbSqlite:203 - Set database path to: C:\Users\bakra\.stmcufinder\plugins\mcufinder//mcu/cs/
2024-09-13 18:33:35,363 [INFO] MainPanel:268 - HeapMemory: 268435456
2024-09-13 18:33:35,481 [INFO] DbMcusXml:78 - Set database path to: C:\ST\STM32CubeIDE_1.11.2\STM32CubeIDE\plugins\com.st.stm32cube.common.mx_6.12.0.202406281431\\db\/mcu/
2024-09-13 18:33:35,481 [INFO] ApiDb:274 - Set plugin database path to: C:\ST\STM32CubeIDE_1.11.2\STM32CubeIDE\plugins\com.st.stm32cube.common.mx_6.12.0.202406281431\\db\/plugins/boardmanager/
2024-09-13 18:33:35,481 [INFO] ApiDb:261 - Set plugin images path to: C:\ST\STM32CubeIDE_1.11.2\STM32CubeIDE\plugins\com.st.stm32cube.common.mx_6.12.0.202406281431\\db\/plugins/mcufinder/images/
2024-09-13 18:33:35,482 [WARN] DbFile:41 - Overriding database path with different value: C:\Users\bakra\.stmcufinder\plugins\mcufinder/ => C:\Users\bakra\.stmcufinder\plugins\mcufinder
2024-09-13 18:33:35,482 [INFO] ApiDb:250 - Set database path to: C:\Users\bakra\.stmcufinder\plugins\mcufinder//mcu/
2024-09-13 18:33:35,482 [WARN] DbFile:41 - Overriding database path with different value: C:\Users\bakra\.stmcufinder\plugins\mcufinder/ => C:\Users\bakra\.stmcufinder\plugins\mcufinder
2024-09-13 18:33:35,482 [INFO] DbMcusAds:125 - Set database path to: C:\Users\bakra\.stmcufinder\plugins\mcufinder//mcu/
2024-09-13 18:33:35,482 [WARN] DbFile:41 - Overriding database path with different value: C:\Users\bakra\.stmcufinder\plugins\mcufinder/ => C:\Users\bakra\.stmcufinder\plugins\mcufinder
2024-09-13 18:33:35,482 [WARN] DbFile:41 - Overriding database path with different value: C:\Users\bakra\.stmcufinder\plugins\mcufinder/ => C:\Users\bakra\.stmcufinder\plugins\mcufinder
2024-09-13 18:33:35,482 [INFO] CrossReferenceDbSqlite:203 - Set database path to: C:\Users\bakra\.stmcufinder\plugins\mcufinder//mcu/cs/
2024-09-13 18:33:35,499 [INFO] ApplicationProperties:184 - Using Application install path: C:\ST\STM32CubeIDE_1.11.2\STM32CubeIDE\plugins\com.st.stm32cube.common.mx_6.12.0.202406281431
2024-09-13 18:33:35,500 [INFO] PluginManage:196 - Search for loadable plugins [exclusion list=, ]
2024-09-13 18:33:35,502 [INFO] PluginManage:310 - Check plugin analytics
2024-09-13 18:33:35,638 [INFO] AnalyticsPlugin:253 - Accepted Software Licenses: 
2024-09-13 18:33:35,638 [INFO] AnalyticsPlugin:255 - Accepted CMSIS Pack Licenses: 
2024-09-13 18:33:35,638 [INFO] AnalyticsPlugin:257 - Accepted Firmware Licenses: 
2024-09-13 18:33:35,641 [INFO] PluginManage:359 - Loaded plugin analytics (category:tool,tabindex:-1)
2024-09-13 18:33:35,641 [INFO] PluginManage:310 - Check plugin cadmodel
2024-09-13 18:33:35,658 [INFO] CADModel:105 - Init CAD model plugin
2024-09-13 18:33:35,659 [INFO] PluginManage:359 - Loaded plugin cadmodel (category:power,tabindex:5)
2024-09-13 18:33:35,659 [INFO] PluginManage:310 - Check plugin clock
2024-09-13 18:33:35,682 [INFO] PluginManage:359 - Loaded plugin clock (category:base,tabindex:2)
2024-09-13 18:33:35,682 [INFO] PluginManage:310 - Check plugin ddr
2024-09-13 18:33:35,685 [INFO] PluginManage:359 - Loaded plugin ddr (category:tool,tabindex:6)
2024-09-13 18:33:35,685 [INFO] PluginManage:310 - Check plugin filemanager
2024-09-13 18:33:35,826 [INFO] PluginManage:359 - Loaded plugin filemanager (category:base,tabindex:10)
2024-09-13 18:33:35,826 [INFO] PluginManage:310 - Check plugin ipmanager
2024-09-13 18:33:35,833 [INFO] PluginManage:359 - Loaded plugin ipmanager (category:base,tabindex:5)
2024-09-13 18:33:35,833 [INFO] PluginManage:310 - Check plugin lpbam
2024-09-13 18:33:35,852 [INFO] PluginManage:359 - Loaded plugin lpbam (category:base,tabindex:0)
2024-09-13 18:33:35,852 [INFO] PluginManage:310 - Check plugin memorymap
2024-09-13 18:33:35,874 [INFO] PluginManage:359 - Loaded plugin memorymap (category:base,tabindex:4)
2024-09-13 18:33:35,874 [INFO] PluginManage:310 - Check plugin pinoutandconfiguration
2024-09-13 18:33:35,889 [INFO] PluginManage:359 - Loaded plugin pinoutandconfiguration (category:base,tabindex:1)
2024-09-13 18:33:35,889 [INFO] PluginManage:310 - Check plugin pinoutconfig
2024-09-13 18:33:35,970 [WARN] SupportedApi:132 - Cannot load RTOS API schema: s4s-elt-must-match.1: The content of 'definitions' must match (annotation?, (simpleType | complexType)?, (unique | key | keyref)*)). A problem was found starting at: attribute.
2024-09-13 18:33:36,095 [INFO] PluginManage:359 - Loaded plugin pinoutconfig (category:base,tabindex:0)
2024-09-13 18:33:36,095 [INFO] PluginManage:310 - Check plugin power
2024-09-13 18:33:36,114 [INFO] PluginManage:359 - Loaded plugin power (category:power,tabindex:4)
2024-09-13 18:33:36,115 [INFO] PluginManage:310 - Check plugin projectmanager
2024-09-13 18:33:36,128 [INFO] PluginManage:359 - Loaded plugin projectmanager (category:projectmanager,tabindex:4)
2024-09-13 18:33:36,128 [INFO] PluginManage:310 - Check plugin rif
2024-09-13 18:33:36,144 [INFO] PluginManage:359 - Loaded plugin rif (category:base,tabindex:3)
2024-09-13 18:33:36,144 [INFO] PluginManage:310 - Check plugin thirdparty
2024-09-13 18:33:36,459 [INFO] PluginManage:359 - Loaded plugin thirdparty (category:base,tabindex:-1)
2024-09-13 18:33:36,459 [WARN] IntegrityCheckThread:84 - waiting for thirdparty lock release [integrity check]
2024-09-13 18:33:36,459 [INFO] PluginManage:310 - Check plugin tools
2024-09-13 18:33:36,459 [INFO] IntegrityCheckThread:86 - entering critical section [integrity check]
2024-09-13 18:33:36,459 [INFO] ThirdPartyUpdaterWithRetryManager:70 - Updater plugin not ready yet. [1/15]
2024-09-13 18:33:36,492 [INFO] PluginManage:359 - Loaded plugin tools (category:base,tabindex:7)
2024-09-13 18:33:36,492 [INFO] PluginManage:310 - Check plugin tutovideos
2024-09-13 18:33:36,679 [INFO] PluginManage:359 - Loaded plugin tutovideos (category:base,tabindex:-1)
2024-09-13 18:33:36,680 [INFO] PluginManage:310 - Check plugin updater
2024-09-13 18:33:36,698 [INFO] PluginManage:359 - Loaded plugin updater (category:base,tabindex:12)
2024-09-13 18:33:36,699 [INFO] PluginManage:310 - Check plugin userauth
2024-09-13 18:33:36,704 [INFO] UserAuth:113 - Init User Auth plugin
2024-09-13 18:33:36,705 [INFO] PluginManage:359 - Loaded plugin userauth (category:base,tabindex:14)
2024-09-13 18:33:36,705 [INFO] PluginManage:283 - PluginManage : Loaded plugins [18]
2024-09-13 18:33:36,917 [INFO] PinOutPanel:1561 - setPackage(No Configuration,No Configuration)
2024-09-13 18:33:37,019 [INFO] CADModel:165 - CPN selected for project level
2024-09-13 18:33:37,019 [INFO] CADModel:114 - Register for checkConnection events
2024-09-13 18:33:37,049 [INFO] IPUIPlugin:80 - create IPUIPlugin
2024-09-13 18:33:37,049 [INFO] PluginManager:220 - loadIPPluginJar : add adc
2024-09-13 18:33:37,095 [INFO] IPUIPlugin:80 - create IPUIPlugin
2024-09-13 18:33:37,095 [INFO] PluginManager:220 - loadIPPluginJar : add aes
2024-09-13 18:33:37,133 [INFO] IPUIPlugin:80 - create IPUIPlugin
2024-09-13 18:33:37,133 [INFO] PluginManager:220 - loadIPPluginJar : add can
2024-09-13 18:33:37,155 [INFO] IPUIPlugin:80 - create IPUIPlugin
2024-09-13 18:33:37,155 [INFO] PluginManager:220 - loadIPPluginJar : add comp
2024-09-13 18:33:37,183 [INFO] IPUIPlugin:80 - create IPUIPlugin
2024-09-13 18:33:37,183 [INFO] PluginManager:220 - loadIPPluginJar : add cryp
2024-09-13 18:33:37,196 [INFO] IPUIPlugin:80 - create IPUIPlugin
2024-09-13 18:33:37,196 [INFO] PluginManager:220 - loadIPPluginJar : add ddr_ctrl_phy
2024-09-13 18:33:37,220 [INFO] IPUIPlugin:80 - create IPUIPlugin
2024-09-13 18:33:37,220 [INFO] PluginManager:220 - loadIPPluginJar : add dfsdm
2024-09-13 18:33:37,237 [INFO] IPUIPlugin:80 - create IPUIPlugin
2024-09-13 18:33:37,237 [INFO] PluginManager:220 - loadIPPluginJar : add dma
2024-09-13 18:33:37,287 [INFO] IPUIPlugin:80 - create IPUIPlugin
2024-09-13 18:33:37,287 [INFO] PluginManager:220 - loadIPPluginJar : add dma3
2024-09-13 18:33:37,337 [INFO] IPUIPlugin:80 - create IPUIPlugin
2024-09-13 18:33:37,337 [INFO] PluginManager:220 - loadIPPluginJar : add extmemmanager
2024-09-13 18:33:37,359 [INFO] IPUIPlugin:80 - create IPUIPlugin
2024-09-13 18:33:37,359 [INFO] PluginManager:220 - loadIPPluginJar : add fatfs
2024-09-13 18:33:37,401 [INFO] IPUIPlugin:80 - create IPUIPlugin
2024-09-13 18:33:37,401 [INFO] PluginManager:220 - loadIPPluginJar : add fmc
2024-09-13 18:33:37,416 [INFO] IPUIPlugin:80 - create IPUIPlugin
2024-09-13 18:33:37,416 [INFO] PluginManager:220 - loadIPPluginJar : add freertos
2024-09-13 18:33:37,437 [INFO] IPUIPlugin:80 - create IPUIPlugin
2024-09-13 18:33:37,437 [INFO] PluginManager:220 - loadIPPluginJar : add genericplugin
2024-09-13 18:33:37,518 [INFO] IPUIPlugin:80 - create IPUIPlugin
2024-09-13 18:33:37,518 [INFO] PluginManager:220 - loadIPPluginJar : add gfxmmu
2024-09-13 18:33:37,633 [INFO] IPUIPlugin:80 - create IPUIPlugin
2024-09-13 18:33:37,634 [INFO] PluginManager:220 - loadIPPluginJar : add gic
2024-09-13 18:33:37,647 [INFO] IPUIPlugin:80 - create IPUIPlugin
2024-09-13 18:33:37,647 [INFO] PluginManager:220 - loadIPPluginJar : add gpio
2024-09-13 18:33:37,732 [INFO] IPUIPlugin:80 - create IPUIPlugin
2024-09-13 18:33:37,733 [INFO] PluginManager:220 - loadIPPluginJar : add gtzc
2024-09-13 18:33:37,766 [INFO] IPUIPlugin:80 - create IPUIPlugin
2024-09-13 18:33:37,766 [INFO] PluginManager:220 - loadIPPluginJar : add hash
2024-09-13 18:33:37,832 [INFO] IPUIPlugin:80 - create IPUIPlugin
2024-09-13 18:33:37,832 [INFO] PluginManager:220 - loadIPPluginJar : add i2c
2024-09-13 18:33:37,889 [INFO] IPUIPlugin:80 - create IPUIPlugin
2024-09-13 18:33:37,889 [INFO] PluginManager:220 - loadIPPluginJar : add i2s
2024-09-13 18:33:37,949 [INFO] IPUIPlugin:80 - create IPUIPlugin
2024-09-13 18:33:37,949 [INFO] PluginManager:220 - loadIPPluginJar : add i3c
2024-09-13 18:33:38,113 [INFO] IPUIPlugin:80 - create IPUIPlugin
2024-09-13 18:33:38,113 [INFO] PluginManager:220 - loadIPPluginJar : add ipddr
2024-09-13 18:33:38,257 [INFO] IPUIPlugin:80 - create IPUIPlugin
2024-09-13 18:33:38,257 [INFO] PluginManager:220 - loadIPPluginJar : add linkedlist
2024-09-13 18:33:38,313 [INFO] IPUIPlugin:80 - create IPUIPlugin
2024-09-13 18:33:38,313 [INFO] PluginManager:220 - loadIPPluginJar : add lorawan
2024-09-13 18:33:38,367 [INFO] IPUIPlugin:80 - create IPUIPlugin
2024-09-13 18:33:38,367 [INFO] PluginManager:220 - loadIPPluginJar : add ltdc
2024-09-13 18:33:38,389 [INFO] IPUIPlugin:80 - create IPUIPlugin
2024-09-13 18:33:38,389 [INFO] PluginManager:220 - loadIPPluginJar : add mdma
2024-09-13 18:33:38,405 [INFO] IPUIPlugin:80 - create IPUIPlugin
2024-09-13 18:33:38,405 [INFO] PluginManager:220 - loadIPPluginJar : add nvic
2024-09-13 18:33:38,450 [INFO] IPUIPlugin:80 - create IPUIPlugin
2024-09-13 18:33:38,451 [INFO] PluginManager:220 - loadIPPluginJar : add opamp
2024-09-13 18:33:38,527 [INFO] IPUIPlugin:80 - create IPUIPlugin
2024-09-13 18:33:38,527 [INFO] PluginManager:220 - loadIPPluginJar : add openamp
2024-09-13 18:33:38,599 [INFO] IPUIPlugin:80 - create IPUIPlugin
2024-09-13 18:33:38,599 [INFO] PluginManager:220 - loadIPPluginJar : add pdm2pcm
2024-09-13 18:33:38,626 [INFO] IPUIPlugin:80 - create IPUIPlugin
2024-09-13 18:33:38,630 [INFO] PluginManager:220 - loadIPPluginJar : add plateformsettings
2024-09-13 18:33:38,673 [INFO] IPUIPlugin:80 - create IPUIPlugin
2024-09-13 18:33:38,673 [INFO] PluginManager:220 - loadIPPluginJar : add quadspi
2024-09-13 18:33:38,719 [INFO] IPUIPlugin:80 - create IPUIPlugin
2024-09-13 18:33:38,720 [INFO] PluginManager:220 - loadIPPluginJar : add radio
2024-09-13 18:33:38,750 [INFO] IPUIPlugin:80 - create IPUIPlugin
2024-09-13 18:33:38,751 [INFO] PluginManager:220 - loadIPPluginJar : add resmgrutility
2024-09-13 18:33:38,816 [INFO] IPUIPlugin:80 - create IPUIPlugin
2024-09-13 18:33:38,816 [INFO] PluginManager:220 - loadIPPluginJar : add sai
2024-09-13 18:33:38,860 [INFO] IPUIPlugin:80 - create IPUIPlugin
2024-09-13 18:33:38,860 [INFO] PluginManager:220 - loadIPPluginJar : add spi
2024-09-13 18:33:38,948 [INFO] IPUIPlugin:80 - create IPUIPlugin
2024-09-13 18:33:38,948 [INFO] PluginManager:220 - loadIPPluginJar : add stm32_wpan
2024-09-13 18:33:38,974 [INFO] IPUIPlugin:80 - create IPUIPlugin
2024-09-13 18:33:38,974 [INFO] PluginManager:220 - loadIPPluginJar : add tim
2024-09-13 18:33:39,054 [INFO] IPUIPlugin:80 - create IPUIPlugin
2024-09-13 18:33:39,054 [INFO] PluginManager:220 - loadIPPluginJar : add touchsensing
2024-09-13 18:33:39,081 [INFO] IPUIPlugin:80 - create IPUIPlugin
2024-09-13 18:33:39,081 [INFO] PluginManager:220 - loadIPPluginJar : add tracer_emb
2024-09-13 18:33:39,103 [INFO] IPUIPlugin:80 - create IPUIPlugin
2024-09-13 18:33:39,103 [INFO] PluginManager:220 - loadIPPluginJar : add ts
2024-09-13 18:33:39,123 [INFO] IPUIPlugin:80 - create IPUIPlugin
2024-09-13 18:33:39,123 [INFO] PluginManager:220 - loadIPPluginJar : add tsc
2024-09-13 18:33:39,145 [INFO] IPUIPlugin:80 - create IPUIPlugin
2024-09-13 18:33:39,145 [INFO] PluginManager:220 - loadIPPluginJar : add ucpd
2024-09-13 18:33:39,188 [INFO] IPUIPlugin:80 - create IPUIPlugin
2024-09-13 18:33:39,188 [INFO] PluginManager:220 - loadIPPluginJar : add usart
2024-09-13 18:33:39,242 [INFO] IPUIPlugin:80 - create IPUIPlugin
2024-09-13 18:33:39,242 [INFO] PluginManager:220 - loadIPPluginJar : add usbx
2024-09-13 18:33:39,373 [INFO] CADModel:165 - CPN selected for project level
2024-09-13 18:33:39,373 [INFO] CADModel:114 - Register for checkConnection events
2024-09-13 18:33:39,373 [FATAL] Updater:334 - Updater called before beeing initialized
2024-09-13 18:33:39,375 [ERROR] CADModel:125 - Updater not yet initialized, retry later 
2024-09-13 18:33:39,461 [INFO] ThirdPartyUpdaterWithRetryManager:70 - Updater plugin not ready yet. [2/15]
2024-09-13 18:33:39,521 [INFO] CADModel:165 - CPN selected for project level
2024-09-13 18:33:39,521 [INFO] CADModel:114 - Register for checkConnection events
2024-09-13 18:33:39,521 [FATAL] Updater:334 - Updater called before beeing initialized
2024-09-13 18:33:39,521 [ERROR] CADModel:125 - Updater not yet initialized, retry later 
2024-09-13 18:33:39,524 [FATAL] Updater:334 - Updater called before beeing initialized
2024-09-13 18:33:39,657 [FATAL] Updater:334 - Updater called before beeing initialized
2024-09-13 18:33:39,675 [INFO] DbMcusAds:53 - JSON generation date=Thu May 16 05:22:00 EDT 2024 (1715851320667)
2024-09-13 18:33:39,675 [FATAL] Updater:334 - Updater called before beeing initialized
2024-09-13 18:33:39,741 [WARN] DetailPanel:346 - Failed to get advertising image, set to default
2024-09-13 18:33:39,842 [FATAL] Updater:334 - Updater called before beeing initialized
2024-09-13 18:33:39,844 [FATAL] Updater:334 - Updater called before beeing initialized
2024-09-13 18:33:39,844 [FATAL] Updater:334 - Updater called before beeing initialized
2024-09-13 18:33:39,844 [WARN] DetailPanel:346 - Failed to get advertising image, set to default
2024-09-13 18:33:39,845 [FATAL] Updater:334 - Updater called before beeing initialized
2024-09-13 18:33:39,924 [ERROR] Updater:1164 - MainUpdater not yet initialized. External WinMGr cannot be set.
2024-09-13 18:33:39,938 [INFO] Updater:1100 - Updater Version found : 6.12.0
2024-09-13 18:33:39,960 [INFO] ApplicationProperties:184 - Using Application install path: C:\ST\STM32CubeIDE_1.11.2\STM32CubeIDE\plugins\com.st.stm32cube.common.mx_6.12.0.202406281431
2024-09-13 18:33:41,543 [ERROR] LogOutputStream:75 - [STDERR_REDIRECT] Sep 13, 2024 6:33:41 PM java.util.prefs.WindowsPreferences <init>
2024-09-13 18:33:41,546 [ERROR] LogOutputStream:75 - [STDERR_REDIRECT] WARNING: Could not open/create prefs root node Software\JavaSoft\Prefs at root 0xffffffff80000002. Windows RegCreateKeyEx(...) returned error code 5.
2024-09-13 18:33:41,546 [ERROR] LogOutputStream:75 - [STDERR_REDIRECT] 
2024-09-13 18:33:42,444 [INFO] MainUpdater:2873 - connection check result : 10
2024-09-13 18:33:42,444 [INFO] MainUpdater:290 - Updater Check For Update Now.
2024-09-13 18:33:42,444 [INFO] MicroXplorer:498 - Change Database Version : DB.6.0.120
2024-09-13 18:33:42,459 [INFO] McuFinderGlobals:63 - Set McuFinder mode to 2 (CubeIDE integrated)
2024-09-13 18:33:42,461 [WARN] MainUpdater:1194 - Updater busy. Cannot search thirdparties
2024-09-13 18:33:42,461 [INFO] ThirdPartyUpdaterWithRetryManager:96 - Updater plugin is busy. [1/15]
2024-09-13 18:33:42,468 [INFO] UserAuth:417 - Internet connection configuration mode: 1
2024-09-13 18:33:42,528 [INFO] JxBrowserEngine:152 - Initiate JxBrowser Engine with user profile folder
2024-09-13 18:33:42,734 [INFO] CheckServerUpdateThread:120 - End of CheckServer Thread
2024-09-13 18:33:45,280 [INFO] WebApp:167 - Instantiating new browser for Auth
2024-09-13 18:33:45,925 [WARN] PackLoader:240 - Cannot read IP mode file for STMicroelectronics.FP-SNS-MOTENVWB1.1.4.0
2024-09-13 18:33:45,959 [WARN] PackLoader:240 - Cannot read IP mode file for STMicroelectronics.X-CUBE-SMBUS.2.1.0
2024-09-13 18:33:45,985 [WARN] PackLoader:240 - Cannot read IP mode file for STMicroelectronics.X-CUBE-TOUCHGFX.4.23.0
2024-09-13 18:33:46,008 [WARN] PackLoader:240 - Cannot read IP mode file for STMicroelectronics.X-CUBE-TOUCHGFX.4.23.2
2024-09-13 18:33:46,093 [WARN] PackLoader:240 - Cannot read IP mode file for STMicroelectronics.X-CUBE-AZRTOS-F7.1.1.0
2024-09-13 18:33:46,124 [ERROR] RealEvaluatedCondition:428 - Found unsupported composite condition: GROUP='STM32_MetaDataManager' CLASS='Data Exchange'
2024-09-13 18:33:46,124 [ERROR] RealEvaluatedCondition:428 - Found unsupported composite condition: GROUP='STM32_MetaDataManager' CLASS='Data Exchange'
2024-09-13 18:33:46,128 [WARN] PackLoader:240 - Cannot read IP mode file for STMicroelectronics.FP-SNS-MOTENV1.4.3.0
2024-09-13 18:33:46,158 [WARN] PackLoader:240 - Cannot read IP mode file for STMicroelectronics.FP-SNS-MOTENV1.4.3.2
2024-09-13 18:33:46,186 [WARN] PackLoader:240 - Cannot read IP mode file for STMicroelectronics.FP-SNS-FLIGHT1.5.0.0
2024-09-13 18:33:46,210 [ERROR] RealEvaluatedCondition:428 - Found unsupported composite condition: GROUP='STM32_MetaDataManager' CLASS='Data Exchange'
2024-09-13 18:33:46,210 [ERROR] RealEvaluatedCondition:428 - Found unsupported composite condition: CLASS='Data Exchange' GROUP='STM32_MetaDataManager'
2024-09-13 18:33:46,212 [WARN] PackLoader:240 - Cannot read IP mode file for STMicroelectronics.FP-SNS-MOTENV1.4.3.1
2024-09-13 18:33:46,243 [WARN] PackLoader:240 - Cannot read IP mode file for STMicroelectronics.FP-SNS-FLIGHT1.5.0.1
2024-09-13 18:33:46,386 [WARN] PackLoader:240 - Cannot read IP mode file for STMicroelectronics.X-CUBE-MEMS1.11.0.0
2024-09-13 18:33:46,847 [INFO] WebApp:448 - Apply proxy settings
2024-09-13 18:33:46,848 [INFO] WebApp:533 - Chromium requires no authentication
2024-09-13 18:33:46,865 [WARN] PackLoader:240 - Cannot read IP mode file for STMicroelectronics.X-CUBE-BLE1.6.2.4
2024-09-13 18:33:46,878 [INFO] WebApp:476 - Direct internet connection detected
2024-09-13 18:33:46,892 [WARN] PackLoader:240 - Cannot read IP mode file for STMicroelectronics.FP-SNS-FLIGHT1.5.0.2
2024-09-13 18:33:46,921 [WARN] PackLoader:240 - Cannot read IP mode file for STMicroelectronics.X-CUBE-DISPLAY.3.0.0
2024-09-13 18:33:46,949 [WARN] PackLoader:240 - Cannot read IP mode file for STMicroelectronics.X-CUBE-BLE1.7.0.0
2024-09-13 18:33:46,956 [INFO] WebApp:869 - Register for checkConnection events
2024-09-13 18:33:46,956 [INFO] WebApp:448 - Apply proxy settings
2024-09-13 18:33:46,956 [INFO] WebApp:533 - Chromium requires no authentication
2024-09-13 18:33:46,957 [INFO] WebApp:476 - Direct internet connection detected
2024-09-13 18:33:46,973 [WARN] PackLoader:240 - Cannot read IP mode file for STMicroelectronics.X-CUBE-TOUCHGFX.4.22.0
2024-09-13 18:33:46,993 [WARN] PackLoader:240 - Cannot read IP mode file for STMicroelectronics.X-CUBE-TOUCHGFX.4.22.1
2024-09-13 18:33:47,025 [WARN] PackLoader:240 - Cannot read IP mode file for STMicroelectronics.X-CUBE-BLEMGR.3.1.0
2024-09-13 18:33:47,058 [WARN] PackLoader:240 - Cannot read IP mode file for STMicroelectronics.FP-SNS-SMARTAG2.1.2.0
2024-09-13 18:33:47,096 [INFO] LogOutputStream:77 - [STDOUT_REDIRECT] 1 : Invalid condition id : UX_CORESTACK_Condition cause : null
2024-09-13 18:33:47,098 [INFO] LogOutputStream:77 - [STDOUT_REDIRECT] 1 : Invalid condition id : UX_CORESTACK_Condition cause : null
2024-09-13 18:33:47,100 [INFO] LogOutputStream:77 - [STDOUT_REDIRECT] 1 : Invalid condition id : UX_CORESTACK_Condition cause : null
2024-09-13 18:33:47,102 [INFO] LogOutputStream:77 - [STDOUT_REDIRECT] 1 : Invalid condition id : UX_CORESTACK_Condition cause : null
2024-09-13 18:33:47,103 [INFO] LogOutputStream:77 - [STDOUT_REDIRECT] 1 : Invalid condition id : UX_CORESTACK_Condition cause : null
2024-09-13 18:33:47,108 [WARN] PackLoader:240 - Cannot read IP mode file for STMicroelectronics.X-CUBE-AZRTOS-WL.2.0.0
2024-09-13 18:33:47,132 [WARN] PackLoader:240 - Cannot read IP mode file for STMicroelectronics.FP-SNS-MOTENV1.5.0.0
2024-09-13 18:33:47,155 [WARN] PackLoader:240 - Cannot read IP mode file for wolfSSL.I-CUBE-wolfMQTT.1.19.0
2024-09-13 18:33:47,203 [WARN] PackLoader:240 - Cannot read IP mode file for WES.I-CUBE-Cesium.1.3.0
2024-09-13 18:33:47,210 [INFO] WebApp:186 - Connection restablished
2024-09-13 18:33:47,238 [WARN] PackLoader:240 - Cannot read IP mode file for STMicroelectronics.X-CUBE-BLE2.3.3.0
2024-09-13 18:33:47,284 [WARN] PackLoader:240 - Cannot read IP mode file for STMicroelectronics.X-CUBE-TOF1.3.2.0
2024-09-13 18:33:47,323 [WARN] PackLoader:240 - Cannot read IP mode file for STMicroelectronics.X-CUBE-TCPP.4.1.0
2024-09-13 18:33:47,349 [WARN] PackLoader:240 - Cannot read IP mode file for STMicroelectronics.X-CUBE-TOUCHGFX.4.21.1
2024-09-13 18:33:47,373 [WARN] PackLoader:240 - Cannot read IP mode file for STMicroelectronics.X-CUBE-TOUCHGFX.4.21.3
2024-09-13 18:33:47,395 [WARN] PackLoader:240 - Cannot read IP mode file for STMicroelectronics.X-CUBE-TOUCHGFX.4.21.4
2024-09-13 18:33:47,418 [WARN] PackLoader:240 - Cannot read IP mode file for STMicroelectronics.X-CUBE-ALGOBUILD.1.3.0
2024-09-13 18:33:47,484 [WARN] PackLoader:240 - Cannot read IP mode file for STMicroelectronics.X-CUBE-AZRTOS-G0.1.1.0
2024-09-13 18:33:47,523 [WARN] PackLoader:240 - Cannot read IP mode file for STMicroelectronics.X-CUBE-SAFEA1.1.2.2
2024-09-13 18:33:47,559 [WARN] PackLoader:240 - Cannot read IP mode file for STMicroelectronics.X-CUBE-NFC4.3.0.0
2024-09-13 18:33:47,587 [WARN] PackLoader:240 - Cannot read IP mode file for wolfSSL.I-CUBE-wolfMQTT.1.18.0
2024-09-13 18:33:47,634 [WARN] PackLoader:240 - Cannot read IP mode file for EmbeddedOffice.I-CUBE-FS-RTOS.1.0.1
2024-09-13 18:33:47,635 [ERROR] ConditionMgr:805 - Attr not supported : Dmpu
2024-09-13 18:33:47,635 [ERROR] ConditionMgr:805 - Attr not supported : Dmpu
2024-09-13 18:33:47,635 [ERROR] ConditionMgr:805 - Attr not supported : Dmpu
2024-09-13 18:33:47,635 [ERROR] ConditionMgr:805 - Attr not supported : Dmpu
2024-09-13 18:33:47,635 [ERROR] ConditionMgr:805 - Attr not supported : Dmpu
2024-09-13 18:33:47,635 [ERROR] ConditionMgr:805 - Attr not supported : Dmpu
2024-09-13 18:33:47,637 [ERROR] ConditionMgr:805 - Attr not supported : Dmpu
2024-09-13 18:33:47,637 [ERROR] ConditionMgr:805 - Attr not supported : Dmpu
2024-09-13 18:33:47,637 [ERROR] ConditionMgr:805 - Attr not supported : Dmpu
2024-09-13 18:33:47,637 [ERROR] ConditionMgr:805 - Attr not supported : Dmpu
2024-09-13 18:33:47,637 [ERROR] ConditionMgr:805 - Attr not supported : Dmpu
2024-09-13 18:33:47,637 [ERROR] ConditionMgr:805 - Attr not supported : Dmpu
2024-09-13 18:33:47,637 [ERROR] ConditionMgr:805 - Attr not supported : Dmpu
2024-09-13 18:33:47,637 [ERROR] ConditionMgr:805 - Attr not supported : Dmpu
2024-09-13 18:33:47,637 [ERROR] ConditionMgr:805 - Attr not supported : Dmpu
2024-09-13 18:33:47,637 [ERROR] ConditionMgr:805 - Attr not supported : Dmpu
2024-09-13 18:33:47,637 [ERROR] ConditionMgr:805 - Attr not supported : Dmpu
2024-09-13 18:33:47,637 [ERROR] ConditionMgr:805 - Attr not supported : Dmpu
2024-09-13 18:33:47,637 [ERROR] ConditionMgr:805 - Attr not supported : Dmpu
2024-09-13 18:33:47,637 [ERROR] ConditionMgr:805 - Attr not supported : Dmpu
2024-09-13 18:33:47,638 [ERROR] ConditionMgr:805 - Attr not supported : Dmpu
2024-09-13 18:33:47,638 [ERROR] ConditionMgr:805 - Attr not supported : Dmpu
2024-09-13 18:33:47,638 [ERROR] ConditionMgr:805 - Attr not supported : Dmpu
2024-09-13 18:33:47,638 [ERROR] ConditionMgr:805 - Attr not supported : Dmpu
2024-09-13 18:33:47,638 [ERROR] ConditionMgr:805 - Attr not supported : Dmpu
2024-09-13 18:33:47,638 [ERROR] ConditionMgr:805 - Attr not supported : Dmpu
2024-09-13 18:33:47,638 [ERROR] ConditionMgr:805 - Attr not supported : Dmpu
2024-09-13 18:33:47,639 [ERROR] ConditionMgr:805 - Attr not supported : Dmpu
2024-09-13 18:33:47,639 [ERROR] ConditionMgr:805 - Attr not supported : Dmpu
2024-09-13 18:33:47,639 [ERROR] ConditionMgr:805 - Attr not supported : Dmpu
2024-09-13 18:33:47,639 [ERROR] ConditionMgr:805 - Attr not supported : Dmpu
2024-09-13 18:33:47,639 [ERROR] ConditionMgr:805 - Attr not supported : Dmpu
2024-09-13 18:33:47,639 [ERROR] ConditionMgr:805 - Attr not supported : Dmpu
2024-09-13 18:33:47,639 [ERROR] ConditionMgr:805 - Attr not supported : Dmpu
2024-09-13 18:33:47,639 [ERROR] ConditionMgr:805 - Attr not supported : Dmpu
2024-09-13 18:33:47,639 [ERROR] ConditionMgr:805 - Attr not supported : Dmpu
2024-09-13 18:33:47,639 [ERROR] ConditionMgr:805 - Attr not supported : Dmpu
2024-09-13 18:33:47,640 [ERROR] ConditionMgr:805 - Attr not supported : Dmpu
2024-09-13 18:33:47,640 [ERROR] ConditionMgr:805 - Attr not supported : Dmpu
2024-09-13 18:33:47,640 [ERROR] ConditionMgr:805 - Attr not supported : Dmpu
2024-09-13 18:33:47,640 [ERROR] ConditionMgr:805 - Attr not supported : Dmpu
2024-09-13 18:33:47,640 [ERROR] ConditionMgr:805 - Attr not supported : Dmpu
2024-09-13 18:33:47,640 [ERROR] ConditionMgr:805 - Attr not supported : Dmpu
2024-09-13 18:33:47,640 [ERROR] ConditionMgr:805 - Attr not supported : Dmpu
2024-09-13 18:33:47,641 [ERROR] ConditionMgr:805 - Attr not supported : Dmpu
2024-09-13 18:33:47,641 [ERROR] ConditionMgr:805 - Attr not supported : Dmpu
2024-09-13 18:33:47,641 [ERROR] ConditionMgr:805 - Attr not supported : Dmpu
2024-09-13 18:33:47,641 [ERROR] ConditionMgr:805 - Attr not supported : Dmpu
2024-09-13 18:33:47,641 [ERROR] ConditionMgr:805 - Attr not supported : Dmpu
2024-09-13 18:33:47,641 [ERROR] ConditionMgr:805 - Attr not supported : Dmpu
2024-09-13 18:33:47,641 [ERROR] ConditionMgr:805 - Attr not supported : Dmpu
2024-09-13 18:33:47,641 [ERROR] ConditionMgr:805 - Attr not supported : Dmpu
2024-09-13 18:33:47,641 [ERROR] ConditionMgr:805 - Attr not supported : Dmpu
2024-09-13 18:33:47,641 [ERROR] ConditionMgr:805 - Attr not supported : Dmpu
2024-09-13 18:33:47,641 [ERROR] ConditionMgr:805 - Attr not supported : Dmpu
2024-09-13 18:33:47,641 [ERROR] ConditionMgr:805 - Attr not supported : Dmpu
2024-09-13 18:33:47,641 [ERROR] ConditionMgr:805 - Attr not supported : Dmpu
2024-09-13 18:33:47,643 [ERROR] ConditionMgr:805 - Attr not supported : Dmpu
2024-09-13 18:33:47,643 [ERROR] ConditionMgr:805 - Attr not supported : Dmpu
2024-09-13 18:33:47,643 [ERROR] ConditionMgr:805 - Attr not supported : Dmpu
2024-09-13 18:33:47,643 [ERROR] ConditionMgr:805 - Attr not supported : Dmpu
2024-09-13 18:33:47,643 [ERROR] ConditionMgr:805 - Attr not supported : Dmpu
2024-09-13 18:33:47,643 [ERROR] ConditionMgr:805 - Attr not supported : Dmpu
2024-09-13 18:33:47,643 [ERROR] ConditionMgr:805 - Attr not supported : Dmpu
2024-09-13 18:33:47,686 [WARN] PackLoader:240 - Cannot read IP mode file for STMicroelectronics.X-CUBE-BLEMGR.3.0.0
2024-09-13 18:33:47,719 [WARN] PackLoader:240 - Cannot read IP mode file for STMicroelectronics.X-CUBE-BLEMGR.1.3.0
2024-09-13 18:33:47,753 [WARN] PackLoader:240 - Cannot read IP mode file for RealThread.X-CUBE-RT-Thread_Nano.4.1.1
2024-09-13 18:33:47,779 [WARN] PackLoader:240 - Cannot read IP mode file for STMicroelectronics.FP-ATR-SIGFOX1.3.2.0
2024-09-13 18:33:47,798 [INFO] WebApp:220 - Starting web application
2024-09-13 18:33:47,798 [INFO] WebApp:578 - Web application path used C:\ST\STM32CubeIDE_1.11.2\STM32CubeIDE\plugins\com.st.stm32cube.common.mx_6.12.0.202406281431\db\plugins\mcufinder\reactClient1\index.html
2024-09-13 18:33:47,812 [WARN] PackLoader:240 - Cannot read IP mode file for STMicroelectronics.X-CUBE-EEPRMA1.5.1.0
2024-09-13 18:33:47,932 [WARN] PackLoader:240 - Cannot read IP mode file for STMicroelectronics.X-CUBE-MEMS1.9.5.0
2024-09-13 18:33:48,149 [INFO] UserAuth:417 - Internet connection configuration mode: 1
2024-09-13 18:33:48,357 [WARN] PackLoader:240 - Cannot read IP mode file for SEGGER.I-CUBE-embOS.1.3.1
2024-09-13 18:33:48,449 [WARN] PackLoader:240 - Cannot read IP mode file for STMicroelectronics.X-CUBE-ALGOBUILD.1.4.0
2024-09-13 18:33:48,489 [WARN] PackLoader:240 - Cannot read IP mode file for STMicroelectronics.X-CUBE-GNSS1.6.0.0
2024-09-13 18:33:48,549 [WARN] PackLoader:240 - Cannot read IP mode file for STMicroelectronics.X-CUBE-AZRTOS-F4.1.1.0
2024-09-13 18:33:48,589 [WARN] PackLoader:240 - Cannot read IP mode file for STMicroelectronics.X-CUBE-FREERTOS.1.2.0
2024-09-13 18:33:48,660 [WARN] PackLoader:240 - Cannot read IP mode file for STMicroelectronics.X-CUBE-AZRTOS-L5.2.0.0
2024-09-13 18:33:48,790 [WARN] PackLoader:240 - Cannot read IP mode file for STMicroelectronics.X-CUBE-MEMS1.9.6.0
2024-09-13 18:33:49,147 [WARN] PackLoader:240 - Cannot read IP mode file for STMicroelectronics.X-CUBE-EEPRMA1.4.2.0
2024-09-13 18:33:49,185 [WARN] PackLoader:240 - Cannot read IP mode file for STMicroelectronics.X-CUBE-NFC6.3.1.0
2024-09-13 18:33:49,224 [WARN] PackLoader:240 - Cannot read IP mode file for ITTIA_DB.I-CUBE-ITTIADB.8.8.0
2024-09-13 18:33:49,265 [WARN] PackLoader:240 - Cannot read IP mode file for emotas.I-CUBE-CANOPEN.1.1.3
2024-09-13 18:33:49,301 [WARN] PackLoader:240 - Cannot read IP mode file for STMicroelectronics.X-CUBE-BLEMGR.2.0.0
2024-09-13 18:33:49,344 [WARN] PackLoader:240 - Cannot read IP mode file for STMicroelectronics.X-CUBE-DPower.1.2.0
2024-09-13 18:33:49,376 [WARN] PackLoader:240 - Cannot read IP mode file for STMicroelectronics.X-CUBE-AI.9.0.0
2024-09-13 18:33:49,463 [WARN] ConditionMgr:438 - getConditionDescription Invalid condition id : UX DEVICE CLASS RTOS Condition cause : null
2024-09-13 18:33:49,463 [WARN] ConditionMgr:438 - getConditionDescription Invalid condition id : UX DEVICE CLASS RTOS Condition cause : null
2024-09-13 18:33:49,467 [WARN] PackLoader:240 - Cannot read IP mode file for STMicroelectronics.X-CUBE-AZRTOS-H7.3.1.0
2024-09-13 18:33:49,469 [WARN] ConditionMgr:1039 - genDependencies : Invalid condition id : UX DEVICE CLASS RTOS Condition cause : null
2024-09-13 18:33:49,469 [WARN] ConditionMgr:1039 - genDependencies : Invalid condition id : UX DEVICE CLASS RTOS Condition cause : null
2024-09-13 18:33:49,471 [WARN] ConditionMgr:1039 - genDependencies : Invalid condition id : UX DEVICE CLASS RTOS Condition cause : null
2024-09-13 18:33:49,471 [WARN] ConditionMgr:1039 - genDependencies : Invalid condition id : UX DEVICE CLASS RTOS Condition cause : null
2024-09-13 18:33:49,471 [WARN] ConditionMgr:1039 - genDependencies : Invalid condition id : UX DEVICE CLASS RTOS Condition cause : null
2024-09-13 18:33:49,506 [WARN] PackLoader:240 - Cannot read IP mode file for wolfSSL.I-CUBE-wolfSSL.5.5.4
2024-09-13 18:33:49,524 [WARN] PackLoader:240 - Cannot read IP mode file for STMicroelectronics.X-CUBE-NFC7.1.0.1
2024-09-13 18:33:49,547 [WARN] PackLoader:240 - Cannot read IP mode file for STMicroelectronics.X-CUBE-NFC7.1.0.0
2024-09-13 18:33:49,567 [WARN] PackLoader:240 - Cannot read IP mode file for wolfSSL.I-CUBE-wolfTPM.3.2.0
2024-09-13 18:33:49,598 [WARN] PackLoader:240 - Cannot read IP mode file for STMicroelectronics.X-CUBE-NFC6.3.0.0
2024-09-13 18:33:49,628 [WARN] PackLoader:240 - Cannot read IP mode file for STMicroelectronics.X-CUBE-EEPRMA1.4.1.0
2024-09-13 18:33:49,653 [WARN] PackLoader:240 - Cannot read IP mode file for STMicroelectronics.X-CUBE-AI.8.1.0
2024-09-13 18:33:49,707 [WARN] ConditionMgr:438 - getConditionDescription Invalid condition id : LAN8742 Phy interface Condition cause : null
2024-09-13 18:33:49,707 [WARN] PackLoader:240 - Cannot read IP mode file for STMicroelectronics.X-CUBE-AZRTOS-L4.2.0.0
2024-09-13 18:33:49,707 [WARN] ConditionMgr:1039 - genDependencies : Invalid condition id : LAN8742 Phy interface Condition cause : null
2024-09-13 18:33:49,707 [WARN] ConditionMgr:1039 - genDependencies : Invalid condition id : LAN8742 Phy interface Condition cause : null
2024-09-13 18:33:49,707 [WARN] ConditionMgr:1039 - genDependencies : Invalid condition id : LAN8742 Phy interface Condition cause : null
2024-09-13 18:33:49,733 [WARN] PackLoader:240 - Cannot read IP mode file for STMicroelectronics.X-CUBE-SFXS2LP1.4.0.0
2024-09-13 18:33:49,787 [WARN] PackLoader:240 - Cannot read IP mode file for STMicroelectronics.X-CUBE-AZRTOS-H7.3.0.0
2024-09-13 18:33:49,819 [WARN] PackLoader:240 - Cannot read IP mode file for STMicroelectronics.X-CUBE-ISPU.1.1.0
2024-09-13 18:33:49,868 [WARN] PackLoader:240 - Cannot read IP mode file for STMicroelectronics.X-CUBE-AZRTOS-H7.3.3.0
2024-09-13 18:33:49,903 [WARN] PackLoader:240 - Cannot read IP mode file for RoweBots.I-CUBE-UNISONRTOS.5.5.0-4
2024-09-13 18:33:49,920 [WARN] PackLoader:240 - Cannot read IP mode file for STMicroelectronics.X-CUBE-AI.8.0.0
2024-09-13 18:33:49,962 [WARN] ConditionMgr:438 - getConditionDescription Invalid condition id : UX DEVICE CLASS RTOS Condition cause : null
2024-09-13 18:33:49,962 [WARN] ConditionMgr:438 - getConditionDescription Invalid condition id : UX DEVICE CLASS RTOS Condition cause : null
2024-09-13 18:33:49,962 [WARN] PackLoader:240 - Cannot read IP mode file for STMicroelectronics.X-CUBE-AZRTOS-WB.2.0.0
2024-09-13 18:33:49,965 [WARN] ConditionMgr:1039 - genDependencies : Invalid condition id : UX DEVICE CLASS RTOS Condition cause : null
2024-09-13 18:33:49,965 [WARN] ConditionMgr:1039 - genDependencies : Invalid condition id : UX DEVICE CLASS RTOS Condition cause : null
2024-09-13 18:33:49,967 [WARN] ConditionMgr:1039 - genDependencies : Invalid condition id : UX DEVICE CLASS RTOS Condition cause : null
2024-09-13 18:33:49,967 [WARN] ConditionMgr:1039 - genDependencies : Invalid condition id : UX DEVICE CLASS RTOS Condition cause : null
2024-09-13 18:33:49,967 [WARN] ConditionMgr:1039 - genDependencies : Invalid condition id : UX DEVICE CLASS RTOS Condition cause : null
2024-09-13 18:33:49,990 [WARN] PackLoader:240 - Cannot read IP mode file for STMicroelectronics.X-CUBE-FREERTOS.1.0.0
2024-09-13 18:33:50,014 [WARN] PackLoader:240 - Cannot read IP mode file for STMicroelectronics.X-CUBE-FREERTOS.1.0.1
2024-09-13 18:33:50,034 [WARN] PackLoader:240 - Cannot read IP mode file for STMicroelectronics.X-CUBE-GNSS1.7.0.0
2024-09-13 18:33:50,064 [WARN] PackLoader:240 - Cannot read IP mode file for STMicroelectronics.FP-SNS-STBOX1.2.0.0
2024-09-13 18:33:50,113 [WARN] PackLoader:240 - Cannot read IP mode file for STMicroelectronics.X-CUBE-AZRTOS-L5.1.1.0
2024-09-13 18:33:50,136 [WARN] PackLoader:240 - Cannot read IP mode file for STMicroelectronics.X-CUBE-AI.8.0.1
2024-09-13 18:33:50,152 [WARN] PackLoader:240 - Cannot read IP mode file for STMicroelectronics.X-CUBE-SUBG2.5.0.0
2024-09-13 18:33:50,189 [WARN] PackLoader:240 - Cannot read IP mode file for Cesanta.I-CUBE-Mongoose.7.13.0
2024-09-13 18:33:50,218 [WARN] PackLoader:240 - Cannot read IP mode file for STMicroelectronics.X-CUBE-TOF1.3.3.1
2024-09-13 18:33:50,279 [WARN] PackLoader:240 - Cannot read IP mode file for STMicroelectronics.X-CUBE-AZRTOS-G4.2.0.0
2024-09-13 18:33:50,327 [WARN] PackLoader:240 - Cannot read IP mode file for STMicroelectronics.X-CUBE-TOF1.3.3.0
2024-09-13 18:33:50,375 [WARN] PackLoader:240 - Cannot read IP mode file for STMicroelectronics.FP-ATR-ASTRA1.1.1.1
2024-09-13 18:33:50,426 [WARN] PackLoader:240 - Cannot read IP mode file for Infineon.AIROC-Wi-Fi-Bluetooth-STM32.1.5.1
2024-09-13 18:33:50,449 [WARN] PackLoader:240 - Cannot read IP mode file for STMicroelectronics.FP-SNS-MOTENVWB1.1.3.0
2024-09-13 18:33:50,470 [WARN] PackLoader:240 - Cannot read IP mode file for STMicroelectronics.FP-SNS-MOTENVWB1.1.3.1
2024-09-13 18:33:50,523 [WARN] PackLoader:240 - Cannot read IP mode file for STMicroelectronics.X-CUBE-AZRTOS-G4.1.0.0
2024-09-13 18:33:50,582 [WARN] PackLoader:240 - Cannot read IP mode file for STMicroelectronics.X-CUBE-AZRTOS-L4.1.0.0
2024-09-13 18:33:50,603 [WARN] PackLoader:240 - Cannot read IP mode file for STMicroelectronics.X-CUBE-ISPU.2.0.0
2024-09-13 18:33:50,633 [WARN] PackLoader:240 - Cannot read IP mode file for STMicroelectronics.X-CUBE-ALS.1.0.2
2024-09-13 18:33:50,728 [WARN] PackLoader:240 - Cannot read IP mode file for STMicroelectronics.X-CUBE-MEMS1.10.0.0
2024-09-13 18:33:50,919 [WARN] PackLoader:240 - Cannot read IP mode file for STMicroelectronics.X-CUBE-FREERTOS.1.1.0
2024-09-13 18:33:50,944 [WARN] PackLoader:240 - Cannot read IP mode file for STMicroelectronics.X-CUBE-TOUCHGFX.4.24.0
2024-09-13 18:33:50,979 [WARN] PackLoader:240 - Cannot read IP mode file for STMicroelectronics.X-CUBE-AZRTOS-WL.1.0.0
2024-09-13 18:33:50,998 [WARN] PackLoader:240 - Cannot read IP mode file for portGmbH.I-Cube-SoM-uGOAL.1.1.0
2024-09-13 18:33:51,014 [WARN] PackLoader:240 - Cannot read IP mode file for STMicroelectronics.X-CUBE-ALS.1.0.1
2024-09-13 18:33:51,061 [WARN] PackLoader:240 - Cannot read IP mode file for STMicroelectronics.X-CUBE-AZRTOS-WB.1.1.0
2024-09-13 18:33:51,093 [WARN] PackLoader:240 - Cannot read IP mode file for STMicroelectronics.X-CUBE-AZRTOS-H7RS.1.0.0
2024-09-13 18:33:51,129 [WARN] PackLoader:240 - Cannot read IP mode file for STMicroelectronics.FP-ATR-ASTRA1.2.0.0
2024-09-13 18:33:51,156 [WARN] PackLoader:240 - Cannot read IP mode file for STMicroelectronics.X-CUBE-TOF1.3.4.2
2024-09-13 18:33:51,199 [WARN] PackLoader:240 - Cannot read IP mode file for STMicroelectronics.X-CUBE-TOF1.3.4.0
2024-09-13 18:33:51,230 [WARN] PackLoader:240 - Cannot read IP mode file for STMicroelectronics.X-CUBE-TOF1.3.4.1
2024-09-13 18:33:51,295 [WARN] PackLoader:240 - Cannot read IP mode file for STMicroelectronics.X-CUBE-AZRTOS-H7.3.2.0
2024-09-13 18:33:51,320 [WARN] PackLoader:240 - Cannot read IP mode file for wolfSSL.I-CUBE-wolfSSH.1.4.17
2024-09-13 18:33:51,320 [INFO] ThirdParty:978 - Integrity check success = true
2024-09-13 18:33:51,320 [INFO] IntegrityCheckThread:100 - exiting critical section [integrity check]
2024-09-13 18:33:51,320 [INFO] IntegrityCheckThread:103 - End integrity checks thread
2024-09-13 18:34:43,757 [ERROR] LogOutputStream:75 - [STDERR_REDIRECT] 
2024-09-13 18:34:43,759 [ERROR] LogOutputStream:75 - [STDERR_REDIRECT] 
