2024-03-05 18:50:57,234 [INFO] Activator:176 - 


2024-03-05 18:50:57,242 [INFO] Activator:177 - !SESSION log4j initialized
2024-03-05 18:51:05,694 [INFO] LogOutputStream:77 - [STDOUT_REDIRECT] 
2024-03-05 18:51:06,653 [INFO] ApplicationProperties:184 - Using Application install path: C:\ST\STM32CubeIDE_1.11.2\STM32CubeIDE\plugins\com.st.stm32cube.common.mx_6.10.0.202311202037
2024-03-05 18:51:06,679 [INFO] DbMcusXml:78 - Set database path to: C:\ST\STM32CubeIDE_1.11.2\STM32CubeIDE\plugins\com.st.stm32cube.common.mx_6.10.0.202311202037\\db\/mcu/
2024-03-05 18:51:06,680 [INFO] ApiDb:274 - Set plugin database path to: C:\ST\STM32CubeIDE_1.11.2\STM32CubeIDE\plugins\com.st.stm32cube.common.mx_6.10.0.202311202037\\db\/plugins/boardmanager/
2024-03-05 18:51:06,680 [WARN] ApiDb:259 - Overriding images path with different value:  => C:\ST\STM32CubeIDE_1.11.2\STM32CubeIDE\plugins\com.st.stm32cube.common.mx_6.10.0.202311202037\\db\/plugins/mcufinder/images/
2024-03-05 18:51:06,691 [INFO] ApiDb:250 - Set database path to: C:\Users\bakra\.stmcufinder\plugins\mcufinder//mcu/
2024-03-05 18:51:06,693 [INFO] DbMcusAds:125 - Set database path to: C:\Users\bakra\.stmcufinder\plugins\mcufinder//mcu/
2024-03-05 18:51:06,695 [INFO] CrossReferenceDbSqlite:203 - Set database path to: C:\Users\bakra\.stmcufinder\plugins\mcufinder//mcu/cs/
2024-03-05 18:51:06,805 [INFO] RulesReader:64 - Compatibility file has been processed (297 Rules)
2024-03-05 18:51:06,913 [INFO] DbMcusXml:78 - Set database path to: C:\ST\STM32CubeIDE_1.11.2\STM32CubeIDE\plugins\com.st.stm32cube.common.mx_6.10.0.202311202037\\db\/mcu/
2024-03-05 18:51:06,913 [INFO] ApiDb:274 - Set plugin database path to: C:\ST\STM32CubeIDE_1.11.2\STM32CubeIDE\plugins\com.st.stm32cube.common.mx_6.10.0.202311202037\\db\/plugins/boardmanager/
2024-03-05 18:51:06,913 [INFO] ApiDb:261 - Set plugin images path to: C:\ST\STM32CubeIDE_1.11.2\STM32CubeIDE\plugins\com.st.stm32cube.common.mx_6.10.0.202311202037\\db\/plugins/mcufinder/images/
2024-03-05 18:51:06,913 [WARN] DbFile:41 - Overriding database path with different value: C:\Users\bakra\.stmcufinder\plugins\mcufinder/ => C:\Users\bakra\.stmcufinder\plugins\mcufinder
2024-03-05 18:51:06,914 [INFO] ApiDb:250 - Set database path to: C:\Users\bakra\.stmcufinder\plugins\mcufinder//mcu/
2024-03-05 18:51:06,914 [WARN] DbFile:41 - Overriding database path with different value: C:\Users\bakra\.stmcufinder\plugins\mcufinder/ => C:\Users\bakra\.stmcufinder\plugins\mcufinder
2024-03-05 18:51:06,914 [INFO] DbMcusAds:125 - Set database path to: C:\Users\bakra\.stmcufinder\plugins\mcufinder//mcu/
2024-03-05 18:51:06,914 [WARN] DbFile:41 - Overriding database path with different value: C:\Users\bakra\.stmcufinder\plugins\mcufinder/ => C:\Users\bakra\.stmcufinder\plugins\mcufinder
2024-03-05 18:51:06,914 [WARN] DbFile:41 - Overriding database path with different value: C:\Users\bakra\.stmcufinder\plugins\mcufinder/ => C:\Users\bakra\.stmcufinder\plugins\mcufinder
2024-03-05 18:51:06,914 [INFO] CrossReferenceDbSqlite:203 - Set database path to: C:\Users\bakra\.stmcufinder\plugins\mcufinder//mcu/cs/
2024-03-05 18:51:07,004 [INFO] MainPanel:264 - HeapMemory: 268435456
2024-03-05 18:51:07,135 [INFO] DbMcusXml:78 - Set database path to: C:\ST\STM32CubeIDE_1.11.2\STM32CubeIDE\plugins\com.st.stm32cube.common.mx_6.10.0.202311202037\\db\/mcu/
2024-03-05 18:51:07,135 [INFO] ApiDb:274 - Set plugin database path to: C:\ST\STM32CubeIDE_1.11.2\STM32CubeIDE\plugins\com.st.stm32cube.common.mx_6.10.0.202311202037\\db\/plugins/boardmanager/
2024-03-05 18:51:07,135 [INFO] ApiDb:261 - Set plugin images path to: C:\ST\STM32CubeIDE_1.11.2\STM32CubeIDE\plugins\com.st.stm32cube.common.mx_6.10.0.202311202037\\db\/plugins/mcufinder/images/
2024-03-05 18:51:07,136 [WARN] DbFile:41 - Overriding database path with different value: C:\Users\bakra\.stmcufinder\plugins\mcufinder/ => C:\Users\bakra\.stmcufinder\plugins\mcufinder
2024-03-05 18:51:07,136 [INFO] ApiDb:250 - Set database path to: C:\Users\bakra\.stmcufinder\plugins\mcufinder//mcu/
2024-03-05 18:51:07,136 [WARN] DbFile:41 - Overriding database path with different value: C:\Users\bakra\.stmcufinder\plugins\mcufinder/ => C:\Users\bakra\.stmcufinder\plugins\mcufinder
2024-03-05 18:51:07,136 [INFO] DbMcusAds:125 - Set database path to: C:\Users\bakra\.stmcufinder\plugins\mcufinder//mcu/
2024-03-05 18:51:07,136 [WARN] DbFile:41 - Overriding database path with different value: C:\Users\bakra\.stmcufinder\plugins\mcufinder/ => C:\Users\bakra\.stmcufinder\plugins\mcufinder
2024-03-05 18:51:07,136 [WARN] DbFile:41 - Overriding database path with different value: C:\Users\bakra\.stmcufinder\plugins\mcufinder/ => C:\Users\bakra\.stmcufinder\plugins\mcufinder
2024-03-05 18:51:07,136 [INFO] CrossReferenceDbSqlite:203 - Set database path to: C:\Users\bakra\.stmcufinder\plugins\mcufinder//mcu/cs/
2024-03-05 18:51:07,159 [INFO] ApplicationProperties:184 - Using Application install path: C:\ST\STM32CubeIDE_1.11.2\STM32CubeIDE\plugins\com.st.stm32cube.common.mx_6.10.0.202311202037
2024-03-05 18:51:07,162 [INFO] PluginManage:196 - Search for loadable plugins [exclusion list=, ]
2024-03-05 18:51:07,163 [INFO] PluginManage:310 - Check plugin analytics
2024-03-05 18:51:07,294 [INFO] AnalyticsPlugin:253 - Accepted Software Licenses: 
2024-03-05 18:51:07,294 [INFO] AnalyticsPlugin:255 - Accepted CMSIS Pack Licenses: 
2024-03-05 18:51:07,294 [INFO] AnalyticsPlugin:257 - Accepted Firmware Licenses: 
2024-03-05 18:51:07,297 [INFO] PluginManage:359 - Loaded plugin analytics (category:tool,tabindex:-1)
2024-03-05 18:51:07,297 [INFO] PluginManage:310 - Check plugin cadmodel
2024-03-05 18:51:07,309 [INFO] CADModel:105 - Init CAD model plugin
2024-03-05 18:51:07,309 [INFO] PluginManage:359 - Loaded plugin cadmodel (category:power,tabindex:5)
2024-03-05 18:51:07,309 [INFO] PluginManage:310 - Check plugin clock
2024-03-05 18:51:07,329 [INFO] PluginManage:359 - Loaded plugin clock (category:base,tabindex:2)
2024-03-05 18:51:07,329 [INFO] PluginManage:310 - Check plugin ddr
2024-03-05 18:51:07,332 [INFO] PluginManage:359 - Loaded plugin ddr (category:tool,tabindex:6)
2024-03-05 18:51:07,333 [INFO] PluginManage:310 - Check plugin filemanager
2024-03-05 18:51:07,454 [INFO] PluginManage:359 - Loaded plugin filemanager (category:base,tabindex:10)
2024-03-05 18:51:07,454 [INFO] PluginManage:310 - Check plugin ipmanager
2024-03-05 18:51:07,460 [INFO] PluginManage:359 - Loaded plugin ipmanager (category:base,tabindex:5)
2024-03-05 18:51:07,460 [INFO] PluginManage:310 - Check plugin lpbam
2024-03-05 18:51:07,476 [INFO] PluginManage:359 - Loaded plugin lpbam (category:base,tabindex:0)
2024-03-05 18:51:07,476 [INFO] PluginManage:310 - Check plugin memorymap
2024-03-05 18:51:07,507 [INFO] PluginManage:359 - Loaded plugin memorymap (category:base,tabindex:4)
2024-03-05 18:51:07,508 [INFO] PluginManage:310 - Check plugin pinoutandconfiguration
2024-03-05 18:51:07,520 [INFO] PluginManage:359 - Loaded plugin pinoutandconfiguration (category:base,tabindex:1)
2024-03-05 18:51:07,520 [INFO] PluginManage:310 - Check plugin pinoutconfig
2024-03-05 18:51:07,617 [WARN] SupportedApi:132 - Cannot load RTOS API schema: s4s-elt-must-match.1: The content of 'definitions' must match (annotation?, (simpleType | complexType)?, (unique | key | keyref)*)). A problem was found starting at: attribute.
2024-03-05 18:51:07,728 [INFO] PluginManage:359 - Loaded plugin pinoutconfig (category:base,tabindex:0)
2024-03-05 18:51:07,728 [INFO] PluginManage:310 - Check plugin power
2024-03-05 18:51:07,745 [INFO] PluginManage:359 - Loaded plugin power (category:power,tabindex:4)
2024-03-05 18:51:07,745 [INFO] PluginManage:310 - Check plugin projectmanager
2024-03-05 18:51:07,758 [INFO] PluginManage:359 - Loaded plugin projectmanager (category:projectmanager,tabindex:3)
2024-03-05 18:51:07,759 [INFO] PluginManage:310 - Check plugin thirdparty
2024-03-05 18:51:07,988 [INFO] PluginManage:359 - Loaded plugin thirdparty (category:base,tabindex:-1)
2024-03-05 18:51:07,988 [WARN] IntegrityCheckThread:84 - waiting for thirdparty lock release [integrity check]
2024-03-05 18:51:07,988 [INFO] PluginManage:310 - Check plugin tools
2024-03-05 18:51:07,988 [INFO] IntegrityCheckThread:86 - entering critical section [integrity check]
2024-03-05 18:51:07,989 [INFO] ThirdPartyUpdaterWithRetryManager:70 - Updater plugin not ready yet. [1/15]
2024-03-05 18:51:08,012 [INFO] PluginManage:359 - Loaded plugin tools (category:base,tabindex:7)
2024-03-05 18:51:08,012 [INFO] PluginManage:310 - Check plugin tutovideos
2024-03-05 18:51:08,248 [INFO] PluginManage:359 - Loaded plugin tutovideos (category:base,tabindex:-1)
2024-03-05 18:51:08,248 [INFO] PluginManage:310 - Check plugin updater
2024-03-05 18:51:08,257 [INFO] PluginManage:359 - Loaded plugin updater (category:base,tabindex:12)
2024-03-05 18:51:08,257 [INFO] PluginManage:310 - Check plugin userauth
2024-03-05 18:51:08,261 [INFO] UserAuth:114 - Init User Auth plugin
2024-03-05 18:51:08,262 [INFO] PluginManage:359 - Loaded plugin userauth (category:base,tabindex:14)
2024-03-05 18:51:08,262 [INFO] PluginManage:283 - PluginManage : Loaded plugins [17]
2024-03-05 18:51:08,487 [INFO] PinOutPanel:1499 - setPackage(No Configuration,No Configuration)
2024-03-05 18:51:08,555 [INFO] CADModel:165 - CPN selected for project level
2024-03-05 18:51:08,555 [INFO] CADModel:114 - Register for checkConnection events
2024-03-05 18:51:08,578 [INFO] IPUIPlugin:80 - create IPUIPlugin
2024-03-05 18:51:08,578 [INFO] PluginManager:220 - loadIPPluginJar : add adc
2024-03-05 18:51:08,606 [INFO] IPUIPlugin:80 - create IPUIPlugin
2024-03-05 18:51:08,606 [INFO] PluginManager:220 - loadIPPluginJar : add aes
2024-03-05 18:51:08,635 [INFO] IPUIPlugin:80 - create IPUIPlugin
2024-03-05 18:51:08,635 [INFO] PluginManager:220 - loadIPPluginJar : add can
2024-03-05 18:51:08,652 [INFO] IPUIPlugin:80 - create IPUIPlugin
2024-03-05 18:51:08,652 [INFO] PluginManager:220 - loadIPPluginJar : add comp
2024-03-05 18:51:08,676 [INFO] IPUIPlugin:80 - create IPUIPlugin
2024-03-05 18:51:08,676 [INFO] PluginManager:220 - loadIPPluginJar : add cryp
2024-03-05 18:51:08,696 [INFO] IPUIPlugin:80 - create IPUIPlugin
2024-03-05 18:51:08,696 [INFO] PluginManager:220 - loadIPPluginJar : add dfsdm
2024-03-05 18:51:08,707 [INFO] IPUIPlugin:80 - create IPUIPlugin
2024-03-05 18:51:08,707 [INFO] PluginManager:220 - loadIPPluginJar : add dma
2024-03-05 18:51:08,738 [INFO] IPUIPlugin:80 - create IPUIPlugin
2024-03-05 18:51:08,738 [INFO] PluginManager:220 - loadIPPluginJar : add dma3
2024-03-05 18:51:08,754 [INFO] IPUIPlugin:80 - create IPUIPlugin
2024-03-05 18:51:08,754 [INFO] PluginManager:220 - loadIPPluginJar : add fatfs
2024-03-05 18:51:08,788 [INFO] IPUIPlugin:80 - create IPUIPlugin
2024-03-05 18:51:08,788 [INFO] PluginManager:220 - loadIPPluginJar : add fmc
2024-03-05 18:51:08,801 [INFO] IPUIPlugin:80 - create IPUIPlugin
2024-03-05 18:51:08,801 [INFO] PluginManager:220 - loadIPPluginJar : add freertos
2024-03-05 18:51:08,816 [INFO] IPUIPlugin:80 - create IPUIPlugin
2024-03-05 18:51:08,816 [INFO] PluginManager:220 - loadIPPluginJar : add genericplugin
2024-03-05 18:51:08,877 [INFO] IPUIPlugin:80 - create IPUIPlugin
2024-03-05 18:51:08,878 [INFO] PluginManager:220 - loadIPPluginJar : add gfxmmu
2024-03-05 18:51:08,964 [INFO] IPUIPlugin:80 - create IPUIPlugin
2024-03-05 18:51:08,964 [INFO] PluginManager:220 - loadIPPluginJar : add gic
2024-03-05 18:51:08,975 [INFO] IPUIPlugin:80 - create IPUIPlugin
2024-03-05 18:51:08,975 [INFO] PluginManager:220 - loadIPPluginJar : add gpio
2024-03-05 18:51:09,038 [INFO] IPUIPlugin:80 - create IPUIPlugin
2024-03-05 18:51:09,038 [INFO] PluginManager:220 - loadIPPluginJar : add gtzc
2024-03-05 18:51:09,063 [INFO] IPUIPlugin:80 - create IPUIPlugin
2024-03-05 18:51:09,063 [INFO] PluginManager:220 - loadIPPluginJar : add hash
2024-03-05 18:51:09,098 [INFO] IPUIPlugin:80 - create IPUIPlugin
2024-03-05 18:51:09,098 [INFO] PluginManager:220 - loadIPPluginJar : add i2c
2024-03-05 18:51:09,125 [INFO] IPUIPlugin:80 - create IPUIPlugin
2024-03-05 18:51:09,125 [INFO] PluginManager:220 - loadIPPluginJar : add i2s
2024-03-05 18:51:09,153 [INFO] IPUIPlugin:80 - create IPUIPlugin
2024-03-05 18:51:09,153 [INFO] PluginManager:220 - loadIPPluginJar : add i3c
2024-03-05 18:51:09,229 [INFO] IPUIPlugin:80 - create IPUIPlugin
2024-03-05 18:51:09,229 [INFO] PluginManager:220 - loadIPPluginJar : add ipddr
2024-03-05 18:51:09,290 [INFO] IPUIPlugin:80 - create IPUIPlugin
2024-03-05 18:51:09,290 [INFO] PluginManager:220 - loadIPPluginJar : add linkedlist
2024-03-05 18:51:09,316 [INFO] IPUIPlugin:80 - create IPUIPlugin
2024-03-05 18:51:09,316 [INFO] PluginManager:220 - loadIPPluginJar : add lorawan
2024-03-05 18:51:09,343 [INFO] IPUIPlugin:80 - create IPUIPlugin
2024-03-05 18:51:09,343 [INFO] PluginManager:220 - loadIPPluginJar : add ltdc
2024-03-05 18:51:09,355 [INFO] IPUIPlugin:80 - create IPUIPlugin
2024-03-05 18:51:09,355 [INFO] PluginManager:220 - loadIPPluginJar : add mdma
2024-03-05 18:51:09,364 [INFO] IPUIPlugin:80 - create IPUIPlugin
2024-03-05 18:51:09,364 [INFO] PluginManager:220 - loadIPPluginJar : add nvic
2024-03-05 18:51:09,388 [INFO] IPUIPlugin:80 - create IPUIPlugin
2024-03-05 18:51:09,388 [INFO] PluginManager:220 - loadIPPluginJar : add opamp
2024-03-05 18:51:09,426 [INFO] IPUIPlugin:80 - create IPUIPlugin
2024-03-05 18:51:09,426 [INFO] PluginManager:220 - loadIPPluginJar : add openamp
2024-03-05 18:51:09,454 [INFO] IPUIPlugin:80 - create IPUIPlugin
2024-03-05 18:51:09,454 [INFO] PluginManager:220 - loadIPPluginJar : add pdm2pcm
2024-03-05 18:51:09,465 [INFO] IPUIPlugin:80 - create IPUIPlugin
2024-03-05 18:51:09,467 [INFO] PluginManager:220 - loadIPPluginJar : add plateformsettings
2024-03-05 18:51:09,483 [INFO] IPUIPlugin:80 - create IPUIPlugin
2024-03-05 18:51:09,484 [INFO] PluginManager:220 - loadIPPluginJar : add quadspi
2024-03-05 18:51:09,494 [INFO] IPUIPlugin:80 - create IPUIPlugin
2024-03-05 18:51:09,495 [INFO] PluginManager:220 - loadIPPluginJar : add resmgrutility
2024-03-05 18:51:09,530 [INFO] IPUIPlugin:80 - create IPUIPlugin
2024-03-05 18:51:09,530 [INFO] PluginManager:220 - loadIPPluginJar : add sai
2024-03-05 18:51:09,556 [INFO] IPUIPlugin:80 - create IPUIPlugin
2024-03-05 18:51:09,556 [INFO] PluginManager:220 - loadIPPluginJar : add spi
2024-03-05 18:51:09,602 [INFO] IPUIPlugin:80 - create IPUIPlugin
2024-03-05 18:51:09,602 [INFO] PluginManager:220 - loadIPPluginJar : add stm32_wpan
2024-03-05 18:51:09,618 [INFO] IPUIPlugin:80 - create IPUIPlugin
2024-03-05 18:51:09,618 [INFO] PluginManager:220 - loadIPPluginJar : add tim
2024-03-05 18:51:09,657 [INFO] IPUIPlugin:80 - create IPUIPlugin
2024-03-05 18:51:09,657 [INFO] PluginManager:220 - loadIPPluginJar : add touchsensing
2024-03-05 18:51:09,673 [INFO] IPUIPlugin:80 - create IPUIPlugin
2024-03-05 18:51:09,673 [INFO] PluginManager:220 - loadIPPluginJar : add tracer_emb
2024-03-05 18:51:09,689 [INFO] IPUIPlugin:80 - create IPUIPlugin
2024-03-05 18:51:09,689 [INFO] PluginManager:220 - loadIPPluginJar : add ts
2024-03-05 18:51:09,703 [INFO] IPUIPlugin:80 - create IPUIPlugin
2024-03-05 18:51:09,703 [INFO] PluginManager:220 - loadIPPluginJar : add tsc
2024-03-05 18:51:09,720 [INFO] IPUIPlugin:80 - create IPUIPlugin
2024-03-05 18:51:09,720 [INFO] PluginManager:220 - loadIPPluginJar : add ucpd
2024-03-05 18:51:09,745 [INFO] IPUIPlugin:80 - create IPUIPlugin
2024-03-05 18:51:09,745 [INFO] PluginManager:220 - loadIPPluginJar : add usart
2024-03-05 18:51:09,776 [INFO] IPUIPlugin:80 - create IPUIPlugin
2024-03-05 18:51:09,776 [INFO] PluginManager:220 - loadIPPluginJar : add usbx
2024-03-05 18:51:09,901 [INFO] CADModel:165 - CPN selected for project level
2024-03-05 18:51:09,901 [INFO] CADModel:114 - Register for checkConnection events
2024-03-05 18:51:09,901 [FATAL] Updater:308 - Updater called before beeing initialized
2024-03-05 18:51:09,901 [ERROR] CADModel:125 - Updater not yet initialized, retry later 
2024-03-05 18:51:10,058 [INFO] CADModel:165 - CPN selected for project level
2024-03-05 18:51:10,058 [INFO] CADModel:114 - Register for checkConnection events
2024-03-05 18:51:10,058 [FATAL] Updater:308 - Updater called before beeing initialized
2024-03-05 18:51:10,058 [ERROR] CADModel:125 - Updater not yet initialized, retry later 
2024-03-05 18:51:10,058 [FATAL] Updater:308 - Updater called before beeing initialized
2024-03-05 18:51:10,183 [FATAL] Updater:308 - Updater called before beeing initialized
2024-03-05 18:51:10,199 [INFO] DbMcusAds:53 - JSON generation date=Wed Nov 29 05:52:27 EST 2023 (1701255147349)
2024-03-05 18:51:10,199 [FATAL] Updater:308 - Updater called before beeing initialized
2024-03-05 18:51:10,262 [WARN] DetailPanel:346 - Failed to get advertising image, set to default
2024-03-05 18:51:10,340 [FATAL] Updater:308 - Updater called before beeing initialized
2024-03-05 18:51:10,340 [FATAL] Updater:308 - Updater called before beeing initialized
2024-03-05 18:51:10,340 [FATAL] Updater:308 - Updater called before beeing initialized
2024-03-05 18:51:10,340 [WARN] DetailPanel:346 - Failed to get advertising image, set to default
2024-03-05 18:51:10,355 [FATAL] Updater:308 - Updater called before beeing initialized
2024-03-05 18:51:10,402 [ERROR] Updater:1120 - MainUpdater not yet initialized. External WinMGr cannot be set.
2024-03-05 18:51:10,418 [INFO] Updater:1056 - Updater Version found : 6.10.0
2024-03-05 18:51:10,433 [INFO] ApplicationProperties:184 - Using Application install path: C:\ST\STM32CubeIDE_1.11.2\STM32CubeIDE\plugins\com.st.stm32cube.common.mx_6.10.0.202311202037
2024-03-05 18:51:10,996 [INFO] ThirdPartyUpdaterWithRetryManager:70 - Updater plugin not ready yet. [2/15]
2024-03-05 18:51:12,047 [ERROR] LogOutputStream:75 - [STDERR_REDIRECT] Mar 05, 2024 6:51:12 PM java.util.prefs.WindowsPreferences <init>
2024-03-05 18:51:12,047 [ERROR] LogOutputStream:75 - [STDERR_REDIRECT] WARNING: Could not open/create prefs root node Software\JavaSoft\Prefs at root 0xffffffff80000002. Windows RegCreateKeyEx(...) returned error code 5.
2024-03-05 18:51:12,047 [ERROR] LogOutputStream:75 - [STDERR_REDIRECT] 
2024-03-05 18:51:12,497 [INFO] MainUpdater:2873 - connection check result : 10
2024-03-05 18:51:12,497 [INFO] MainUpdater:290 - Updater Check For Update Now.
2024-03-05 18:51:12,497 [INFO] MicroXplorer:498 - Change Database Version : DB.6.0.100
2024-03-05 18:51:12,513 [INFO] McuFinderGlobals:63 - Set McuFinder mode to 2 (CubeIDE integrated)
2024-03-05 18:51:12,529 [INFO] UserAuth:404 - Internet connection configuration mode: 1
2024-03-05 18:51:12,560 [INFO] JxBrowserEngine:152 - Initiate JxBrowser Engine with user profile folder
2024-03-05 18:51:12,716 [INFO] CheckServerUpdateThread:120 - End of CheckServer Thread
2024-03-05 18:51:14,186 [WARN] PackLoader:240 - Cannot read IP mode file for STMicroelectronics.X-CUBE-SMBUS.2.1.0
2024-03-05 18:51:14,201 [WARN] PackLoader:240 - Cannot read IP mode file for STMicroelectronics.X-CUBE-TOUCHGFX.4.23.0
2024-03-05 18:51:14,232 [WARN] PackLoader:240 - Cannot read IP mode file for STMicroelectronics.X-CUBE-AZRTOS-F7.1.1.0
2024-03-05 18:51:14,248 [ERROR] RealEvaluatedCondition:428 - Found unsupported composite condition: GROUP='STM32_MetaDataManager' CLASS='Data Exchange'
2024-03-05 18:51:14,248 [ERROR] RealEvaluatedCondition:428 - Found unsupported composite condition: GROUP='STM32_MetaDataManager' CLASS='Data Exchange'
2024-03-05 18:51:14,248 [WARN] PackLoader:240 - Cannot read IP mode file for STMicroelectronics.FP-SNS-MOTENV1.4.3.0
2024-03-05 18:51:14,264 [WARN] PackLoader:240 - Cannot read IP mode file for STMicroelectronics.FP-SNS-MOTENV1.4.3.2
2024-03-05 18:51:14,279 [WARN] PackLoader:240 - Cannot read IP mode file for STMicroelectronics.FP-SNS-FLIGHT1.5.0.0
2024-03-05 18:51:14,303 [ERROR] RealEvaluatedCondition:428 - Found unsupported composite condition: CLASS='Data Exchange' GROUP='STM32_MetaDataManager'
2024-03-05 18:51:14,303 [ERROR] RealEvaluatedCondition:428 - Found unsupported composite condition: CLASS='Data Exchange' GROUP='STM32_MetaDataManager'
2024-03-05 18:51:14,303 [WARN] PackLoader:240 - Cannot read IP mode file for STMicroelectronics.FP-SNS-MOTENV1.4.3.1
2024-03-05 18:51:14,317 [WARN] PackLoader:240 - Cannot read IP mode file for STMicroelectronics.FP-SNS-FLIGHT1.5.0.1
2024-03-05 18:51:14,331 [WARN] PackLoader:240 - Cannot read IP mode file for STMicroelectronics.X-CUBE-BLE1.6.2.4
2024-03-05 18:51:14,343 [WARN] PackLoader:240 - Cannot read IP mode file for STMicroelectronics.FP-SNS-FLIGHT1.5.0.2
2024-03-05 18:51:14,359 [WARN] PackLoader:240 - Cannot read IP mode file for STMicroelectronics.X-CUBE-DISPLAY.3.0.0
2024-03-05 18:51:14,380 [WARN] PackLoader:240 - Cannot read IP mode file for STMicroelectronics.X-CUBE-BLE1.7.0.0
2024-03-05 18:51:14,392 [WARN] PackLoader:240 - Cannot read IP mode file for STMicroelectronics.X-CUBE-TOUCHGFX.4.22.0
2024-03-05 18:51:14,394 [WARN] PackLoader:240 - Cannot read IP mode file for STMicroelectronics.X-CUBE-TOUCHGFX.4.22.1
2024-03-05 18:51:14,414 [WARN] PackLoader:240 - Cannot read IP mode file for STMicroelectronics.X-CUBE-BLEMGR.3.1.0
2024-03-05 18:51:14,424 [WARN] PackLoader:240 - Cannot read IP mode file for STMicroelectronics.FP-SNS-SMARTAG2.1.2.0
2024-03-05 18:51:14,442 [INFO] LogOutputStream:77 - [STDOUT_REDIRECT] 1 : Invalid condition id : UX_CORESTACK_Condition cause : null
2024-03-05 18:51:14,442 [INFO] LogOutputStream:77 - [STDOUT_REDIRECT] 1 : Invalid condition id : UX_CORESTACK_Condition cause : null
2024-03-05 18:51:14,448 [INFO] LogOutputStream:77 - [STDOUT_REDIRECT] 1 : Invalid condition id : UX_CORESTACK_Condition cause : null
2024-03-05 18:51:14,448 [INFO] LogOutputStream:77 - [STDOUT_REDIRECT] 1 : Invalid condition id : UX_CORESTACK_Condition cause : null
2024-03-05 18:51:14,448 [INFO] LogOutputStream:77 - [STDOUT_REDIRECT] 1 : Invalid condition id : UX_CORESTACK_Condition cause : null
2024-03-05 18:51:14,451 [WARN] PackLoader:240 - Cannot read IP mode file for STMicroelectronics.X-CUBE-AZRTOS-WL.2.0.0
2024-03-05 18:51:14,453 [WARN] PackLoader:240 - Cannot read IP mode file for WES.I-CUBE-Cesium.1.3.0
2024-03-05 18:51:14,476 [WARN] PackLoader:240 - Cannot read IP mode file for STMicroelectronics.X-CUBE-BLE2.3.3.0
2024-03-05 18:51:14,490 [WARN] PackLoader:240 - Cannot read IP mode file for STMicroelectronics.X-CUBE-TOF1.3.2.0
2024-03-05 18:51:14,501 [WARN] PackLoader:240 - Cannot read IP mode file for STMicroelectronics.X-CUBE-TOUCHGFX.4.21.1
2024-03-05 18:51:14,516 [WARN] PackLoader:240 - Cannot read IP mode file for STMicroelectronics.X-CUBE-TOUCHGFX.4.21.3
2024-03-05 18:51:14,532 [WARN] PackLoader:240 - Cannot read IP mode file for STMicroelectronics.X-CUBE-TOUCHGFX.4.21.4
2024-03-05 18:51:14,546 [WARN] PackLoader:240 - Cannot read IP mode file for STMicroelectronics.X-CUBE-ALGOBUILD.1.3.0
2024-03-05 18:51:14,564 [WARN] PackLoader:240 - Cannot read IP mode file for STMicroelectronics.X-CUBE-AZRTOS-G0.1.1.0
2024-03-05 18:51:14,586 [WARN] PackLoader:240 - Cannot read IP mode file for STMicroelectronics.X-CUBE-NFC4.3.0.0
2024-03-05 18:51:14,601 [WARN] PackLoader:240 - Cannot read IP mode file for STMicroelectronics.X-CUBE-BLEMGR.3.0.0
2024-03-05 18:51:14,616 [WARN] PackLoader:240 - Cannot read IP mode file for STMicroelectronics.X-CUBE-BLEMGR.1.3.0
2024-03-05 18:51:14,628 [WARN] PackLoader:240 - Cannot read IP mode file for STMicroelectronics.FP-ATR-SIGFOX1.3.2.0
2024-03-05 18:51:14,644 [WARN] PackLoader:240 - Cannot read IP mode file for STMicroelectronics.X-CUBE-EEPRMA1.5.1.0
2024-03-05 18:51:14,694 [WARN] PackLoader:240 - Cannot read IP mode file for STMicroelectronics.X-CUBE-MEMS1.9.5.0
2024-03-05 18:51:14,887 [WARN] PackLoader:240 - Cannot read IP mode file for SEGGER.I-CUBE-embOS.1.3.1
2024-03-05 18:51:15,001 [WARN] PackLoader:240 - Cannot read IP mode file for STMicroelectronics.X-CUBE-GNSS1.6.0.0
2024-03-05 18:51:15,031 [WARN] PackLoader:240 - Cannot read IP mode file for STMicroelectronics.X-CUBE-AZRTOS-F4.1.1.0
2024-03-05 18:51:15,055 [WARN] PackLoader:240 - Cannot read IP mode file for STMicroelectronics.X-CUBE-AZRTOS-L5.2.0.0
2024-03-05 18:51:15,267 [WARN] PackLoader:240 - Cannot read IP mode file for STMicroelectronics.X-CUBE-MEMS1.9.6.0
2024-03-05 18:51:15,448 [WARN] PackLoader:240 - Cannot read IP mode file for STMicroelectronics.X-CUBE-EEPRMA1.4.2.0
2024-03-05 18:51:15,500 [WARN] PackLoader:240 - Cannot read IP mode file for ITTIA_DB.I-CUBE-ITTIADB.8.8.0
2024-03-05 18:51:15,518 [WARN] PackLoader:240 - Cannot read IP mode file for emotas.I-CUBE-CANOPEN.1.1.3
2024-03-05 18:51:15,538 [WARN] PackLoader:240 - Cannot read IP mode file for STMicroelectronics.X-CUBE-BLEMGR.2.0.0
2024-03-05 18:51:15,574 [WARN] ConditionMgr:438 - getConditionDescription Invalid condition id : UX DEVICE CLASS RTOS Condition cause : null
2024-03-05 18:51:15,574 [WARN] ConditionMgr:438 - getConditionDescription Invalid condition id : UX DEVICE CLASS RTOS Condition cause : null
2024-03-05 18:51:15,574 [WARN] PackLoader:240 - Cannot read IP mode file for STMicroelectronics.X-CUBE-AZRTOS-H7.3.1.0
2024-03-05 18:51:15,579 [WARN] ConditionMgr:1039 - genDependencies : Invalid condition id : UX DEVICE CLASS RTOS Condition cause : null
2024-03-05 18:51:15,579 [WARN] ConditionMgr:1039 - genDependencies : Invalid condition id : UX DEVICE CLASS RTOS Condition cause : null
2024-03-05 18:51:15,581 [WARN] ConditionMgr:1039 - genDependencies : Invalid condition id : UX DEVICE CLASS RTOS Condition cause : null
2024-03-05 18:51:15,581 [WARN] ConditionMgr:1039 - genDependencies : Invalid condition id : UX DEVICE CLASS RTOS Condition cause : null
2024-03-05 18:51:15,581 [WARN] ConditionMgr:1039 - genDependencies : Invalid condition id : UX DEVICE CLASS RTOS Condition cause : null
2024-03-05 18:51:15,593 [WARN] PackLoader:240 - Cannot read IP mode file for wolfSSL.I-CUBE-wolfSSL.5.5.4
2024-03-05 18:51:15,609 [WARN] PackLoader:240 - Cannot read IP mode file for STMicroelectronics.X-CUBE-NFC7.1.0.1
2024-03-05 18:51:15,623 [WARN] PackLoader:240 - Cannot read IP mode file for STMicroelectronics.X-CUBE-NFC7.1.0.0
2024-03-05 18:51:15,637 [WARN] PackLoader:240 - Cannot read IP mode file for STMicroelectronics.X-CUBE-NFC6.3.0.0
2024-03-05 18:51:15,653 [WARN] PackLoader:240 - Cannot read IP mode file for STMicroelectronics.X-CUBE-EEPRMA1.4.1.0
2024-03-05 18:51:15,670 [WARN] PackLoader:240 - Cannot read IP mode file for STMicroelectronics.X-CUBE-AI.8.1.0
2024-03-05 18:51:15,685 [WARN] ConditionMgr:438 - getConditionDescription Invalid condition id : LAN8742 Phy interface Condition cause : null
2024-03-05 18:51:15,685 [WARN] PackLoader:240 - Cannot read IP mode file for STMicroelectronics.X-CUBE-AZRTOS-L4.2.0.0
2024-03-05 18:51:15,685 [WARN] ConditionMgr:1039 - genDependencies : Invalid condition id : LAN8742 Phy interface Condition cause : null
2024-03-05 18:51:15,685 [WARN] ConditionMgr:1039 - genDependencies : Invalid condition id : LAN8742 Phy interface Condition cause : null
2024-03-05 18:51:15,685 [WARN] ConditionMgr:1039 - genDependencies : Invalid condition id : LAN8742 Phy interface Condition cause : null
2024-03-05 18:51:15,719 [WARN] PackLoader:240 - Cannot read IP mode file for STMicroelectronics.X-CUBE-SFXS2LP1.4.0.0
2024-03-05 18:51:15,747 [WARN] PackLoader:240 - Cannot read IP mode file for STMicroelectronics.X-CUBE-AZRTOS-H7.3.0.0
2024-03-05 18:51:15,766 [WARN] PackLoader:240 - Cannot read IP mode file for STMicroelectronics.X-CUBE-ISPU.1.1.0
2024-03-05 18:51:15,779 [INFO] WebApp:161 - Instantiating new browser for Auth
2024-03-05 18:51:15,779 [WARN] PackLoader:240 - Cannot read IP mode file for RoweBots.I-CUBE-UNISONRTOS.5.5.0-4
2024-03-05 18:51:15,795 [WARN] PackLoader:240 - Cannot read IP mode file for STMicroelectronics.X-CUBE-AI.8.0.0
2024-03-05 18:51:15,819 [WARN] ConditionMgr:438 - getConditionDescription Invalid condition id : UX DEVICE CLASS RTOS Condition cause : null
2024-03-05 18:51:15,819 [WARN] ConditionMgr:438 - getConditionDescription Invalid condition id : UX DEVICE CLASS RTOS Condition cause : null
2024-03-05 18:51:15,819 [WARN] PackLoader:240 - Cannot read IP mode file for STMicroelectronics.X-CUBE-AZRTOS-WB.2.0.0
2024-03-05 18:51:15,819 [WARN] ConditionMgr:1039 - genDependencies : Invalid condition id : UX DEVICE CLASS RTOS Condition cause : null
2024-03-05 18:51:15,819 [WARN] ConditionMgr:1039 - genDependencies : Invalid condition id : UX DEVICE CLASS RTOS Condition cause : null
2024-03-05 18:51:15,819 [WARN] ConditionMgr:1039 - genDependencies : Invalid condition id : UX DEVICE CLASS RTOS Condition cause : null
2024-03-05 18:51:15,819 [WARN] ConditionMgr:1039 - genDependencies : Invalid condition id : UX DEVICE CLASS RTOS Condition cause : null
2024-03-05 18:51:15,819 [WARN] ConditionMgr:1039 - genDependencies : Invalid condition id : UX DEVICE CLASS RTOS Condition cause : null
2024-03-05 18:51:15,833 [WARN] PackLoader:240 - Cannot read IP mode file for STMicroelectronics.X-CUBE-FREERTOS.1.0.0
2024-03-05 18:51:15,846 [WARN] PackLoader:240 - Cannot read IP mode file for STMicroelectronics.X-CUBE-FREERTOS.1.0.1
2024-03-05 18:51:15,870 [WARN] PackLoader:240 - Cannot read IP mode file for STMicroelectronics.X-CUBE-AZRTOS-L5.1.1.0
2024-03-05 18:51:15,884 [WARN] PackLoader:240 - Cannot read IP mode file for STMicroelectronics.X-CUBE-AI.8.0.1
2024-03-05 18:51:15,896 [WARN] PackLoader:240 - Cannot read IP mode file for STMicroelectronics.X-CUBE-SUBG2.5.0.0
2024-03-05 18:51:15,924 [WARN] PackLoader:240 - Cannot read IP mode file for STMicroelectronics.X-CUBE-TOF1.3.3.1
2024-03-05 18:51:15,959 [WARN] PackLoader:240 - Cannot read IP mode file for STMicroelectronics.X-CUBE-AZRTOS-G4.2.0.0
2024-03-05 18:51:15,976 [WARN] PackLoader:240 - Cannot read IP mode file for STMicroelectronics.X-CUBE-TOF1.3.3.0
2024-03-05 18:51:15,995 [WARN] PackLoader:240 - Cannot read IP mode file for STMicroelectronics.FP-ATR-ASTRA1.1.1.1
2024-03-05 18:51:16,007 [WARN] PackLoader:240 - Cannot read IP mode file for Infineon.AIROC-Wi-Fi-Bluetooth-STM32.1.5.1
2024-03-05 18:51:16,030 [WARN] PackLoader:240 - Cannot read IP mode file for STMicroelectronics.FP-SNS-MOTENVWB1.1.3.0
2024-03-05 18:51:16,039 [WARN] PackLoader:240 - Cannot read IP mode file for STMicroelectronics.FP-SNS-MOTENVWB1.1.3.1
2024-03-05 18:51:16,062 [WARN] PackLoader:240 - Cannot read IP mode file for STMicroelectronics.X-CUBE-AZRTOS-G4.1.0.0
2024-03-05 18:51:16,086 [WARN] PackLoader:240 - Cannot read IP mode file for STMicroelectronics.X-CUBE-AZRTOS-L4.1.0.0
2024-03-05 18:51:16,101 [WARN] PackLoader:240 - Cannot read IP mode file for STMicroelectronics.X-CUBE-ISPU.2.0.0
2024-03-05 18:51:16,128 [WARN] PackLoader:240 - Cannot read IP mode file for STMicroelectronics.X-CUBE-MEMS1.10.0.0
2024-03-05 18:51:16,255 [WARN] PackLoader:240 - Cannot read IP mode file for STMicroelectronics.X-CUBE-FREERTOS.1.1.0
2024-03-05 18:51:16,272 [WARN] PackLoader:240 - Cannot read IP mode file for STMicroelectronics.X-CUBE-AZRTOS-WL.1.0.0
2024-03-05 18:51:16,291 [WARN] PackLoader:240 - Cannot read IP mode file for portGmbH.I-Cube-SoM-uGOAL.1.1.0
2024-03-05 18:51:16,302 [WARN] PackLoader:240 - Cannot read IP mode file for STMicroelectronics.X-CUBE-ALS.1.0.1
2024-03-05 18:51:16,331 [WARN] PackLoader:240 - Cannot read IP mode file for STMicroelectronics.X-CUBE-AZRTOS-WB.1.1.0
2024-03-05 18:51:16,344 [WARN] PackLoader:240 - Cannot read IP mode file for STMicroelectronics.FP-ATR-ASTRA1.2.0.0
2024-03-05 18:51:16,364 [WARN] PackLoader:240 - Cannot read IP mode file for STMicroelectronics.X-CUBE-TOF1.3.4.0
2024-03-05 18:51:16,394 [WARN] PackLoader:240 - Cannot read IP mode file for STMicroelectronics.X-CUBE-TOF1.3.4.1
2024-03-05 18:51:16,427 [WARN] PackLoader:240 - Cannot read IP mode file for STMicroelectronics.X-CUBE-AZRTOS-H7.3.2.0
2024-03-05 18:51:16,427 [INFO] ThirdParty:978 - Integrity check success = true
2024-03-05 18:51:16,427 [INFO] IntegrityCheckThread:100 - exiting critical section [integrity check]
2024-03-05 18:51:16,427 [INFO] IntegrityCheckThread:103 - End integrity checks thread
2024-03-05 18:51:16,536 [INFO] WebApp:780 - Register for checkConnection events
2024-03-05 18:51:16,536 [INFO] WebApp:414 - Apply proxy settings
2024-03-05 18:51:16,536 [INFO] WebApp:499 - Chromium requires no authentication
2024-03-05 18:51:16,545 [INFO] WebApp:442 - Direct internet connection detected
2024-03-05 18:51:16,701 [INFO] WebApp:192 - Starting web application
2024-03-05 18:51:16,701 [INFO] WebApp:544 - Web application path used C:\ST\STM32CubeIDE_1.11.2\STM32CubeIDE\plugins\com.st.stm32cube.common.mx_6.10.0.202311202037\db\plugins\mcufinder\reactClient1\index.html
2024-03-05 18:51:26,668 [ERROR] LogOutputStream:75 - [STDERR_REDIRECT] SLF4J: Failed to load class "org.slf4j.impl.StaticLoggerBinder".
2024-03-05 18:51:26,670 [ERROR] LogOutputStream:75 - [STDERR_REDIRECT] SLF4J: Defaulting to no-operation (NOP) logger implementation
2024-03-05 18:51:26,671 [ERROR] LogOutputStream:75 - [STDERR_REDIRECT] SLF4J: See http://www.slf4j.org/codes.html#StaticLoggerBinder for further details.
2024-03-05 21:05:44,521 [ERROR] LogOutputStream:75 - [STDERR_REDIRECT] 
