2024-07-24 10:40:15,746 [INFO] Activator:176 - 


2024-07-24 10:40:15,751 [INFO] Activator:177 - !SESSION log4j initialized
2024-07-24 10:40:22,713 [INFO] LogOutputStream:77 - [STDOUT_REDIRECT] 
2024-07-24 10:40:28,061 [INFO] ApplicationProperties:184 - Using Application install path: C:\ST\STM32CubeIDE_1.11.2\STM32CubeIDE\plugins\com.st.stm32cube.common.mx_6.12.0.202406281431
2024-07-24 10:40:28,077 [INFO] DbMcusXml:78 - Set database path to: C:\ST\STM32CubeIDE_1.11.2\STM32CubeIDE\plugins\com.st.stm32cube.common.mx_6.12.0.202406281431\\db\/mcu/
2024-07-24 10:40:28,077 [INFO] ApiDb:274 - Set plugin database path to: C:\ST\STM32CubeIDE_1.11.2\STM32CubeIDE\plugins\com.st.stm32cube.common.mx_6.12.0.202406281431\\db\/plugins/boardmanager/
2024-07-24 10:40:28,077 [WARN] ApiDb:259 - Overriding images path with different value:  => C:\ST\STM32CubeIDE_1.11.2\STM32CubeIDE\plugins\com.st.stm32cube.common.mx_6.12.0.202406281431\\db\/plugins/mcufinder/images/
2024-07-24 10:40:28,081 [INFO] ApiDb:250 - Set database path to: C:\Users\bakra\.stmcufinder\plugins\mcufinder//mcu/
2024-07-24 10:40:28,083 [INFO] DbMcusAds:125 - Set database path to: C:\Users\bakra\.stmcufinder\plugins\mcufinder//mcu/
2024-07-24 10:40:28,086 [INFO] CrossReferenceDbSqlite:203 - Set database path to: C:\Users\bakra\.stmcufinder\plugins\mcufinder//mcu/cs/
2024-07-24 10:40:28,187 [INFO] RulesReader:64 - Compatibility file has been processed (297 Rules)
2024-07-24 10:40:28,268 [INFO] DbMcusXml:78 - Set database path to: C:\ST\STM32CubeIDE_1.11.2\STM32CubeIDE\plugins\com.st.stm32cube.common.mx_6.12.0.202406281431\\db\/mcu/
2024-07-24 10:40:28,268 [INFO] ApiDb:274 - Set plugin database path to: C:\ST\STM32CubeIDE_1.11.2\STM32CubeIDE\plugins\com.st.stm32cube.common.mx_6.12.0.202406281431\\db\/plugins/boardmanager/
2024-07-24 10:40:28,268 [INFO] ApiDb:261 - Set plugin images path to: C:\ST\STM32CubeIDE_1.11.2\STM32CubeIDE\plugins\com.st.stm32cube.common.mx_6.12.0.202406281431\\db\/plugins/mcufinder/images/
2024-07-24 10:40:28,268 [WARN] DbFile:41 - Overriding database path with different value: C:\Users\bakra\.stmcufinder\plugins\mcufinder/ => C:\Users\bakra\.stmcufinder\plugins\mcufinder
2024-07-24 10:40:28,268 [INFO] ApiDb:250 - Set database path to: C:\Users\bakra\.stmcufinder\plugins\mcufinder//mcu/
2024-07-24 10:40:28,268 [WARN] DbFile:41 - Overriding database path with different value: C:\Users\bakra\.stmcufinder\plugins\mcufinder/ => C:\Users\bakra\.stmcufinder\plugins\mcufinder
2024-07-24 10:40:28,269 [INFO] DbMcusAds:125 - Set database path to: C:\Users\bakra\.stmcufinder\plugins\mcufinder//mcu/
2024-07-24 10:40:28,269 [WARN] DbFile:41 - Overriding database path with different value: C:\Users\bakra\.stmcufinder\plugins\mcufinder/ => C:\Users\bakra\.stmcufinder\plugins\mcufinder
2024-07-24 10:40:28,269 [WARN] DbFile:41 - Overriding database path with different value: C:\Users\bakra\.stmcufinder\plugins\mcufinder/ => C:\Users\bakra\.stmcufinder\plugins\mcufinder
2024-07-24 10:40:28,269 [INFO] CrossReferenceDbSqlite:203 - Set database path to: C:\Users\bakra\.stmcufinder\plugins\mcufinder//mcu/cs/
2024-07-24 10:40:28,340 [INFO] MainPanel:268 - HeapMemory: 268435456
2024-07-24 10:40:28,414 [INFO] DbMcusXml:78 - Set database path to: C:\ST\STM32CubeIDE_1.11.2\STM32CubeIDE\plugins\com.st.stm32cube.common.mx_6.12.0.202406281431\\db\/mcu/
2024-07-24 10:40:28,415 [INFO] ApiDb:274 - Set plugin database path to: C:\ST\STM32CubeIDE_1.11.2\STM32CubeIDE\plugins\com.st.stm32cube.common.mx_6.12.0.202406281431\\db\/plugins/boardmanager/
2024-07-24 10:40:28,415 [INFO] ApiDb:261 - Set plugin images path to: C:\ST\STM32CubeIDE_1.11.2\STM32CubeIDE\plugins\com.st.stm32cube.common.mx_6.12.0.202406281431\\db\/plugins/mcufinder/images/
2024-07-24 10:40:28,415 [WARN] DbFile:41 - Overriding database path with different value: C:\Users\bakra\.stmcufinder\plugins\mcufinder/ => C:\Users\bakra\.stmcufinder\plugins\mcufinder
2024-07-24 10:40:28,415 [INFO] ApiDb:250 - Set database path to: C:\Users\bakra\.stmcufinder\plugins\mcufinder//mcu/
2024-07-24 10:40:28,415 [WARN] DbFile:41 - Overriding database path with different value: C:\Users\bakra\.stmcufinder\plugins\mcufinder/ => C:\Users\bakra\.stmcufinder\plugins\mcufinder
2024-07-24 10:40:28,415 [INFO] DbMcusAds:125 - Set database path to: C:\Users\bakra\.stmcufinder\plugins\mcufinder//mcu/
2024-07-24 10:40:28,415 [WARN] DbFile:41 - Overriding database path with different value: C:\Users\bakra\.stmcufinder\plugins\mcufinder/ => C:\Users\bakra\.stmcufinder\plugins\mcufinder
2024-07-24 10:40:28,415 [WARN] DbFile:41 - Overriding database path with different value: C:\Users\bakra\.stmcufinder\plugins\mcufinder/ => C:\Users\bakra\.stmcufinder\plugins\mcufinder
2024-07-24 10:40:28,416 [INFO] CrossReferenceDbSqlite:203 - Set database path to: C:\Users\bakra\.stmcufinder\plugins\mcufinder//mcu/cs/
2024-07-24 10:40:28,432 [INFO] ApplicationProperties:184 - Using Application install path: C:\ST\STM32CubeIDE_1.11.2\STM32CubeIDE\plugins\com.st.stm32cube.common.mx_6.12.0.202406281431
2024-07-24 10:40:28,433 [INFO] PluginManage:196 - Search for loadable plugins [exclusion list=, ]
2024-07-24 10:40:28,434 [INFO] PluginManage:310 - Check plugin analytics
2024-07-24 10:40:28,571 [INFO] AnalyticsPlugin:253 - Accepted Software Licenses: 
2024-07-24 10:40:28,572 [INFO] AnalyticsPlugin:255 - Accepted CMSIS Pack Licenses: 
2024-07-24 10:40:28,572 [INFO] AnalyticsPlugin:257 - Accepted Firmware Licenses: 
2024-07-24 10:40:28,575 [INFO] PluginManage:359 - Loaded plugin analytics (category:tool,tabindex:-1)
2024-07-24 10:40:28,575 [INFO] PluginManage:310 - Check plugin cadmodel
2024-07-24 10:40:28,588 [INFO] CADModel:105 - Init CAD model plugin
2024-07-24 10:40:28,588 [INFO] PluginManage:359 - Loaded plugin cadmodel (category:power,tabindex:5)
2024-07-24 10:40:28,588 [INFO] PluginManage:310 - Check plugin clock
2024-07-24 10:40:28,604 [INFO] PluginManage:359 - Loaded plugin clock (category:base,tabindex:2)
2024-07-24 10:40:28,604 [INFO] PluginManage:310 - Check plugin ddr
2024-07-24 10:40:28,606 [INFO] PluginManage:359 - Loaded plugin ddr (category:tool,tabindex:6)
2024-07-24 10:40:28,606 [INFO] PluginManage:310 - Check plugin filemanager
2024-07-24 10:40:28,722 [INFO] PluginManage:359 - Loaded plugin filemanager (category:base,tabindex:10)
2024-07-24 10:40:28,722 [INFO] PluginManage:310 - Check plugin ipmanager
2024-07-24 10:40:28,728 [INFO] PluginManage:359 - Loaded plugin ipmanager (category:base,tabindex:5)
2024-07-24 10:40:28,728 [INFO] PluginManage:310 - Check plugin lpbam
2024-07-24 10:40:28,746 [INFO] PluginManage:359 - Loaded plugin lpbam (category:base,tabindex:0)
2024-07-24 10:40:28,746 [INFO] PluginManage:310 - Check plugin memorymap
2024-07-24 10:40:28,766 [INFO] PluginManage:359 - Loaded plugin memorymap (category:base,tabindex:4)
2024-07-24 10:40:28,766 [INFO] PluginManage:310 - Check plugin pinoutandconfiguration
2024-07-24 10:40:28,783 [INFO] PluginManage:359 - Loaded plugin pinoutandconfiguration (category:base,tabindex:1)
2024-07-24 10:40:28,783 [INFO] PluginManage:310 - Check plugin pinoutconfig
2024-07-24 10:40:28,866 [WARN] SupportedApi:132 - Cannot load RTOS API schema: s4s-elt-must-match.1: The content of 'definitions' must match (annotation?, (simpleType | complexType)?, (unique | key | keyref)*)). A problem was found starting at: attribute.
2024-07-24 10:40:28,987 [INFO] PluginManage:359 - Loaded plugin pinoutconfig (category:base,tabindex:0)
2024-07-24 10:40:28,987 [INFO] PluginManage:310 - Check plugin power
2024-07-24 10:40:29,003 [INFO] PluginManage:359 - Loaded plugin power (category:power,tabindex:4)
2024-07-24 10:40:29,003 [INFO] PluginManage:310 - Check plugin projectmanager
2024-07-24 10:40:29,021 [INFO] PluginManage:359 - Loaded plugin projectmanager (category:projectmanager,tabindex:4)
2024-07-24 10:40:29,021 [INFO] PluginManage:310 - Check plugin rif
2024-07-24 10:40:29,035 [INFO] PluginManage:359 - Loaded plugin rif (category:base,tabindex:3)
2024-07-24 10:40:29,036 [INFO] PluginManage:310 - Check plugin thirdparty
2024-07-24 10:40:29,312 [INFO] PluginManage:359 - Loaded plugin thirdparty (category:base,tabindex:-1)
2024-07-24 10:40:29,312 [WARN] IntegrityCheckThread:84 - waiting for thirdparty lock release [integrity check]
2024-07-24 10:40:29,313 [INFO] PluginManage:310 - Check plugin tools
2024-07-24 10:40:29,313 [INFO] IntegrityCheckThread:86 - entering critical section [integrity check]
2024-07-24 10:40:29,313 [INFO] ThirdPartyUpdaterWithRetryManager:70 - Updater plugin not ready yet. [1/15]
2024-07-24 10:40:29,345 [INFO] PluginManage:359 - Loaded plugin tools (category:base,tabindex:7)
2024-07-24 10:40:29,345 [INFO] PluginManage:310 - Check plugin tutovideos
2024-07-24 10:40:29,498 [INFO] PluginManage:359 - Loaded plugin tutovideos (category:base,tabindex:-1)
2024-07-24 10:40:29,498 [INFO] PluginManage:310 - Check plugin updater
2024-07-24 10:40:29,514 [INFO] PluginManage:359 - Loaded plugin updater (category:base,tabindex:12)
2024-07-24 10:40:29,514 [INFO] PluginManage:310 - Check plugin userauth
2024-07-24 10:40:29,518 [INFO] UserAuth:113 - Init User Auth plugin
2024-07-24 10:40:29,519 [INFO] PluginManage:359 - Loaded plugin userauth (category:base,tabindex:14)
2024-07-24 10:40:29,519 [INFO] PluginManage:283 - PluginManage : Loaded plugins [18]
2024-07-24 10:40:29,697 [INFO] PinOutPanel:1561 - setPackage(No Configuration,No Configuration)
2024-07-24 10:40:29,775 [INFO] CADModel:165 - CPN selected for project level
2024-07-24 10:40:29,775 [INFO] CADModel:114 - Register for checkConnection events
2024-07-24 10:40:29,797 [INFO] IPUIPlugin:80 - create IPUIPlugin
2024-07-24 10:40:29,797 [INFO] PluginManager:220 - loadIPPluginJar : add adc
2024-07-24 10:40:29,843 [INFO] IPUIPlugin:80 - create IPUIPlugin
2024-07-24 10:40:29,843 [INFO] PluginManager:220 - loadIPPluginJar : add aes
2024-07-24 10:40:29,891 [INFO] IPUIPlugin:80 - create IPUIPlugin
2024-07-24 10:40:29,891 [INFO] PluginManager:220 - loadIPPluginJar : add can
2024-07-24 10:40:29,916 [INFO] IPUIPlugin:80 - create IPUIPlugin
2024-07-24 10:40:29,916 [INFO] PluginManager:220 - loadIPPluginJar : add comp
2024-07-24 10:40:29,964 [INFO] IPUIPlugin:80 - create IPUIPlugin
2024-07-24 10:40:29,964 [INFO] PluginManager:220 - loadIPPluginJar : add cryp
2024-07-24 10:40:29,975 [INFO] IPUIPlugin:80 - create IPUIPlugin
2024-07-24 10:40:29,975 [INFO] PluginManager:220 - loadIPPluginJar : add ddr_ctrl_phy
2024-07-24 10:40:30,001 [INFO] IPUIPlugin:80 - create IPUIPlugin
2024-07-24 10:40:30,002 [INFO] PluginManager:220 - loadIPPluginJar : add dfsdm
2024-07-24 10:40:30,014 [INFO] IPUIPlugin:80 - create IPUIPlugin
2024-07-24 10:40:30,014 [INFO] PluginManager:220 - loadIPPluginJar : add dma
2024-07-24 10:40:30,058 [INFO] IPUIPlugin:80 - create IPUIPlugin
2024-07-24 10:40:30,058 [INFO] PluginManager:220 - loadIPPluginJar : add dma3
2024-07-24 10:40:30,103 [INFO] IPUIPlugin:80 - create IPUIPlugin
2024-07-24 10:40:30,103 [INFO] PluginManager:220 - loadIPPluginJar : add extmemmanager
2024-07-24 10:40:30,126 [INFO] IPUIPlugin:80 - create IPUIPlugin
2024-07-24 10:40:30,126 [INFO] PluginManager:220 - loadIPPluginJar : add fatfs
2024-07-24 10:40:30,179 [INFO] IPUIPlugin:80 - create IPUIPlugin
2024-07-24 10:40:30,179 [INFO] PluginManager:220 - loadIPPluginJar : add fmc
2024-07-24 10:40:30,194 [INFO] IPUIPlugin:80 - create IPUIPlugin
2024-07-24 10:40:30,195 [INFO] PluginManager:220 - loadIPPluginJar : add freertos
2024-07-24 10:40:30,217 [INFO] IPUIPlugin:80 - create IPUIPlugin
2024-07-24 10:40:30,218 [INFO] PluginManager:220 - loadIPPluginJar : add genericplugin
2024-07-24 10:40:30,305 [INFO] IPUIPlugin:80 - create IPUIPlugin
2024-07-24 10:40:30,305 [INFO] PluginManager:220 - loadIPPluginJar : add gfxmmu
2024-07-24 10:40:30,418 [INFO] IPUIPlugin:80 - create IPUIPlugin
2024-07-24 10:40:30,419 [INFO] PluginManager:220 - loadIPPluginJar : add gic
2024-07-24 10:40:30,431 [INFO] IPUIPlugin:80 - create IPUIPlugin
2024-07-24 10:40:30,431 [INFO] PluginManager:220 - loadIPPluginJar : add gpio
2024-07-24 10:40:30,507 [INFO] IPUIPlugin:80 - create IPUIPlugin
2024-07-24 10:40:30,507 [INFO] PluginManager:220 - loadIPPluginJar : add gtzc
2024-07-24 10:40:30,533 [INFO] IPUIPlugin:80 - create IPUIPlugin
2024-07-24 10:40:30,533 [INFO] PluginManager:220 - loadIPPluginJar : add hash
2024-07-24 10:40:30,574 [INFO] IPUIPlugin:80 - create IPUIPlugin
2024-07-24 10:40:30,574 [INFO] PluginManager:220 - loadIPPluginJar : add i2c
2024-07-24 10:40:30,605 [INFO] IPUIPlugin:80 - create IPUIPlugin
2024-07-24 10:40:30,605 [INFO] PluginManager:220 - loadIPPluginJar : add i2s
2024-07-24 10:40:30,637 [INFO] IPUIPlugin:80 - create IPUIPlugin
2024-07-24 10:40:30,638 [INFO] PluginManager:220 - loadIPPluginJar : add i3c
2024-07-24 10:40:30,719 [INFO] IPUIPlugin:80 - create IPUIPlugin
2024-07-24 10:40:30,720 [INFO] PluginManager:220 - loadIPPluginJar : add ipddr
2024-07-24 10:40:30,797 [INFO] IPUIPlugin:80 - create IPUIPlugin
2024-07-24 10:40:30,798 [INFO] PluginManager:220 - loadIPPluginJar : add linkedlist
2024-07-24 10:40:30,827 [INFO] IPUIPlugin:80 - create IPUIPlugin
2024-07-24 10:40:30,827 [INFO] PluginManager:220 - loadIPPluginJar : add lorawan
2024-07-24 10:40:30,860 [INFO] IPUIPlugin:80 - create IPUIPlugin
2024-07-24 10:40:30,860 [INFO] PluginManager:220 - loadIPPluginJar : add ltdc
2024-07-24 10:40:30,873 [INFO] IPUIPlugin:80 - create IPUIPlugin
2024-07-24 10:40:30,874 [INFO] PluginManager:220 - loadIPPluginJar : add mdma
2024-07-24 10:40:30,883 [INFO] IPUIPlugin:80 - create IPUIPlugin
2024-07-24 10:40:30,883 [INFO] PluginManager:220 - loadIPPluginJar : add nvic
2024-07-24 10:40:30,915 [INFO] IPUIPlugin:80 - create IPUIPlugin
2024-07-24 10:40:30,915 [INFO] PluginManager:220 - loadIPPluginJar : add opamp
2024-07-24 10:40:30,968 [INFO] IPUIPlugin:80 - create IPUIPlugin
2024-07-24 10:40:30,968 [INFO] PluginManager:220 - loadIPPluginJar : add openamp
2024-07-24 10:40:31,006 [INFO] IPUIPlugin:80 - create IPUIPlugin
2024-07-24 10:40:31,006 [INFO] PluginManager:220 - loadIPPluginJar : add pdm2pcm
2024-07-24 10:40:31,019 [INFO] IPUIPlugin:80 - create IPUIPlugin
2024-07-24 10:40:31,021 [INFO] PluginManager:220 - loadIPPluginJar : add plateformsettings
2024-07-24 10:40:31,042 [INFO] IPUIPlugin:80 - create IPUIPlugin
2024-07-24 10:40:31,042 [INFO] PluginManager:220 - loadIPPluginJar : add quadspi
2024-07-24 10:40:31,066 [INFO] IPUIPlugin:80 - create IPUIPlugin
2024-07-24 10:40:31,066 [INFO] PluginManager:220 - loadIPPluginJar : add radio
2024-07-24 10:40:31,076 [INFO] IPUIPlugin:80 - create IPUIPlugin
2024-07-24 10:40:31,076 [INFO] PluginManager:220 - loadIPPluginJar : add resmgrutility
2024-07-24 10:40:31,115 [INFO] IPUIPlugin:80 - create IPUIPlugin
2024-07-24 10:40:31,115 [INFO] PluginManager:220 - loadIPPluginJar : add sai
2024-07-24 10:40:31,146 [INFO] IPUIPlugin:80 - create IPUIPlugin
2024-07-24 10:40:31,146 [INFO] PluginManager:220 - loadIPPluginJar : add spi
2024-07-24 10:40:31,205 [INFO] IPUIPlugin:80 - create IPUIPlugin
2024-07-24 10:40:31,205 [INFO] PluginManager:220 - loadIPPluginJar : add stm32_wpan
2024-07-24 10:40:31,226 [INFO] IPUIPlugin:80 - create IPUIPlugin
2024-07-24 10:40:31,226 [INFO] PluginManager:220 - loadIPPluginJar : add tim
2024-07-24 10:40:31,273 [INFO] IPUIPlugin:80 - create IPUIPlugin
2024-07-24 10:40:31,273 [INFO] PluginManager:220 - loadIPPluginJar : add touchsensing
2024-07-24 10:40:31,293 [INFO] IPUIPlugin:80 - create IPUIPlugin
2024-07-24 10:40:31,293 [INFO] PluginManager:220 - loadIPPluginJar : add tracer_emb
2024-07-24 10:40:31,313 [INFO] IPUIPlugin:80 - create IPUIPlugin
2024-07-24 10:40:31,313 [INFO] PluginManager:220 - loadIPPluginJar : add ts
2024-07-24 10:40:31,332 [INFO] IPUIPlugin:80 - create IPUIPlugin
2024-07-24 10:40:31,332 [INFO] PluginManager:220 - loadIPPluginJar : add tsc
2024-07-24 10:40:31,350 [INFO] IPUIPlugin:80 - create IPUIPlugin
2024-07-24 10:40:31,350 [INFO] PluginManager:220 - loadIPPluginJar : add ucpd
2024-07-24 10:40:31,388 [INFO] IPUIPlugin:80 - create IPUIPlugin
2024-07-24 10:40:31,388 [INFO] PluginManager:220 - loadIPPluginJar : add usart
2024-07-24 10:40:31,424 [INFO] IPUIPlugin:80 - create IPUIPlugin
2024-07-24 10:40:31,425 [INFO] PluginManager:220 - loadIPPluginJar : add usbx
2024-07-24 10:40:31,541 [INFO] CADModel:165 - CPN selected for project level
2024-07-24 10:40:31,541 [INFO] CADModel:114 - Register for checkConnection events
2024-07-24 10:40:31,541 [FATAL] Updater:334 - Updater called before beeing initialized
2024-07-24 10:40:31,541 [ERROR] CADModel:125 - Updater not yet initialized, retry later 
2024-07-24 10:40:31,658 [INFO] CADModel:165 - CPN selected for project level
2024-07-24 10:40:31,658 [INFO] CADModel:114 - Register for checkConnection events
2024-07-24 10:40:31,658 [FATAL] Updater:334 - Updater called before beeing initialized
2024-07-24 10:40:31,658 [ERROR] CADModel:125 - Updater not yet initialized, retry later 
2024-07-24 10:40:31,661 [FATAL] Updater:334 - Updater called before beeing initialized
2024-07-24 10:40:31,761 [FATAL] Updater:334 - Updater called before beeing initialized
2024-07-24 10:40:31,773 [INFO] DbMcusAds:53 - JSON generation date=Thu May 16 05:22:00 EDT 2024 (1715851320667)
2024-07-24 10:40:31,774 [FATAL] Updater:334 - Updater called before beeing initialized
2024-07-24 10:40:31,807 [WARN] DetailPanel:346 - Failed to get advertising image, set to default
2024-07-24 10:40:31,912 [FATAL] Updater:334 - Updater called before beeing initialized
2024-07-24 10:40:31,926 [FATAL] Updater:334 - Updater called before beeing initialized
2024-07-24 10:40:31,927 [FATAL] Updater:334 - Updater called before beeing initialized
2024-07-24 10:40:31,927 [WARN] DetailPanel:346 - Failed to get advertising image, set to default
2024-07-24 10:40:31,928 [FATAL] Updater:334 - Updater called before beeing initialized
2024-07-24 10:40:32,005 [ERROR] Updater:1164 - MainUpdater not yet initialized. External WinMGr cannot be set.
2024-07-24 10:40:32,018 [INFO] Updater:1100 - Updater Version found : 6.12.0
2024-07-24 10:40:32,035 [INFO] ApplicationProperties:184 - Using Application install path: C:\ST\STM32CubeIDE_1.11.2\STM32CubeIDE\plugins\com.st.stm32cube.common.mx_6.12.0.202406281431
2024-07-24 10:40:32,314 [INFO] ThirdPartyUpdaterWithRetryManager:70 - Updater plugin not ready yet. [2/15]
2024-07-24 10:40:33,617 [ERROR] LogOutputStream:75 - [STDERR_REDIRECT] Jul 24, 2024 10:40:33 AM java.util.prefs.WindowsPreferences <init>
2024-07-24 10:40:33,619 [ERROR] LogOutputStream:75 - [STDERR_REDIRECT] WARNING: Could not open/create prefs root node Software\JavaSoft\Prefs at root 0xffffffff80000002. Windows RegCreateKeyEx(...) returned error code 5.
2024-07-24 10:40:33,619 [ERROR] LogOutputStream:75 - [STDERR_REDIRECT] 
2024-07-24 10:40:34,071 [INFO] MainUpdater:2873 - connection check result : 10
2024-07-24 10:40:34,071 [INFO] MainUpdater:290 - Updater Check For Update Now.
2024-07-24 10:40:34,072 [INFO] MicroXplorer:498 - Change Database Version : DB.6.0.120
2024-07-24 10:40:34,095 [INFO] McuFinderGlobals:63 - Set McuFinder mode to 2 (CubeIDE integrated)
2024-07-24 10:40:34,105 [INFO] UserAuth:417 - Internet connection configuration mode: 1
2024-07-24 10:40:34,148 [INFO] JxBrowserEngine:152 - Initiate JxBrowser Engine with user profile folder
2024-07-24 10:40:34,306 [INFO] CheckServerUpdateThread:120 - End of CheckServer Thread
2024-07-24 10:40:35,508 [WARN] PackLoader:240 - Cannot read IP mode file for STMicroelectronics.FP-SNS-MOTENVWB1.1.4.0
2024-07-24 10:40:35,537 [WARN] PackLoader:240 - Cannot read IP mode file for STMicroelectronics.X-CUBE-SMBUS.2.1.0
2024-07-24 10:40:35,559 [WARN] PackLoader:240 - Cannot read IP mode file for STMicroelectronics.X-CUBE-TOUCHGFX.4.23.0
2024-07-24 10:40:35,578 [WARN] PackLoader:240 - Cannot read IP mode file for STMicroelectronics.X-CUBE-TOUCHGFX.4.23.2
2024-07-24 10:40:35,630 [WARN] PackLoader:240 - Cannot read IP mode file for STMicroelectronics.X-CUBE-AZRTOS-F7.1.1.0
2024-07-24 10:40:35,653 [ERROR] RealEvaluatedCondition:428 - Found unsupported composite condition: GROUP='STM32_MetaDataManager' CLASS='Data Exchange'
2024-07-24 10:40:35,654 [ERROR] RealEvaluatedCondition:428 - Found unsupported composite condition: GROUP='STM32_MetaDataManager' CLASS='Data Exchange'
2024-07-24 10:40:35,655 [WARN] PackLoader:240 - Cannot read IP mode file for STMicroelectronics.FP-SNS-MOTENV1.4.3.0
2024-07-24 10:40:35,679 [WARN] PackLoader:240 - Cannot read IP mode file for STMicroelectronics.FP-SNS-MOTENV1.4.3.2
2024-07-24 10:40:35,699 [WARN] PackLoader:240 - Cannot read IP mode file for STMicroelectronics.FP-SNS-FLIGHT1.5.0.0
2024-07-24 10:40:35,715 [ERROR] RealEvaluatedCondition:428 - Found unsupported composite condition: GROUP='STM32_MetaDataManager' CLASS='Data Exchange'
2024-07-24 10:40:35,715 [ERROR] RealEvaluatedCondition:428 - Found unsupported composite condition: CLASS='Data Exchange' GROUP='STM32_MetaDataManager'
2024-07-24 10:40:35,717 [WARN] PackLoader:240 - Cannot read IP mode file for STMicroelectronics.FP-SNS-MOTENV1.4.3.1
2024-07-24 10:40:35,737 [WARN] PackLoader:240 - Cannot read IP mode file for STMicroelectronics.FP-SNS-FLIGHT1.5.0.1
2024-07-24 10:40:35,758 [WARN] PackLoader:240 - Cannot read IP mode file for STMicroelectronics.X-CUBE-BLE1.6.2.4
2024-07-24 10:40:35,774 [WARN] PackLoader:240 - Cannot read IP mode file for STMicroelectronics.FP-SNS-FLIGHT1.5.0.2
2024-07-24 10:40:35,794 [WARN] PackLoader:240 - Cannot read IP mode file for STMicroelectronics.X-CUBE-DISPLAY.3.0.0
2024-07-24 10:40:35,812 [WARN] PackLoader:240 - Cannot read IP mode file for STMicroelectronics.X-CUBE-BLE1.7.0.0
2024-07-24 10:40:35,826 [WARN] PackLoader:240 - Cannot read IP mode file for STMicroelectronics.X-CUBE-TOUCHGFX.4.22.0
2024-07-24 10:40:35,839 [WARN] PackLoader:240 - Cannot read IP mode file for STMicroelectronics.X-CUBE-TOUCHGFX.4.22.1
2024-07-24 10:40:35,859 [WARN] PackLoader:240 - Cannot read IP mode file for STMicroelectronics.X-CUBE-BLEMGR.3.1.0
2024-07-24 10:40:35,878 [WARN] PackLoader:240 - Cannot read IP mode file for STMicroelectronics.FP-SNS-SMARTAG2.1.2.0
2024-07-24 10:40:35,901 [INFO] LogOutputStream:77 - [STDOUT_REDIRECT] 1 : Invalid condition id : UX_CORESTACK_Condition cause : null
2024-07-24 10:40:35,902 [INFO] LogOutputStream:77 - [STDOUT_REDIRECT] 1 : Invalid condition id : UX_CORESTACK_Condition cause : null
2024-07-24 10:40:35,903 [INFO] LogOutputStream:77 - [STDOUT_REDIRECT] 1 : Invalid condition id : UX_CORESTACK_Condition cause : null
2024-07-24 10:40:35,903 [INFO] LogOutputStream:77 - [STDOUT_REDIRECT] 1 : Invalid condition id : UX_CORESTACK_Condition cause : null
2024-07-24 10:40:35,904 [INFO] LogOutputStream:77 - [STDOUT_REDIRECT] 1 : Invalid condition id : UX_CORESTACK_Condition cause : null
2024-07-24 10:40:35,907 [WARN] PackLoader:240 - Cannot read IP mode file for STMicroelectronics.X-CUBE-AZRTOS-WL.2.0.0
2024-07-24 10:40:35,922 [WARN] PackLoader:240 - Cannot read IP mode file for STMicroelectronics.FP-SNS-MOTENV1.5.0.0
2024-07-24 10:40:35,945 [WARN] PackLoader:240 - Cannot read IP mode file for wolfSSL.I-CUBE-wolfMQTT.1.19.0
2024-07-24 10:40:35,961 [WARN] PackLoader:240 - Cannot read IP mode file for WES.I-CUBE-Cesium.1.3.0
2024-07-24 10:40:35,978 [WARN] PackLoader:240 - Cannot read IP mode file for STMicroelectronics.X-CUBE-BLE2.3.3.0
2024-07-24 10:40:35,996 [WARN] PackLoader:240 - Cannot read IP mode file for STMicroelectronics.X-CUBE-TOF1.3.2.0
2024-07-24 10:40:36,013 [WARN] PackLoader:240 - Cannot read IP mode file for STMicroelectronics.X-CUBE-TCPP.4.1.0
2024-07-24 10:40:36,025 [WARN] PackLoader:240 - Cannot read IP mode file for STMicroelectronics.X-CUBE-TOUCHGFX.4.21.1
2024-07-24 10:40:36,036 [WARN] PackLoader:240 - Cannot read IP mode file for STMicroelectronics.X-CUBE-TOUCHGFX.4.21.3
2024-07-24 10:40:36,048 [WARN] PackLoader:240 - Cannot read IP mode file for STMicroelectronics.X-CUBE-TOUCHGFX.4.21.4
2024-07-24 10:40:36,062 [WARN] PackLoader:240 - Cannot read IP mode file for STMicroelectronics.X-CUBE-ALGOBUILD.1.3.0
2024-07-24 10:40:36,084 [WARN] PackLoader:240 - Cannot read IP mode file for STMicroelectronics.X-CUBE-AZRTOS-G0.1.1.0
2024-07-24 10:40:36,098 [WARN] PackLoader:240 - Cannot read IP mode file for STMicroelectronics.X-CUBE-SAFEA1.1.2.2
2024-07-24 10:40:36,112 [WARN] PackLoader:240 - Cannot read IP mode file for STMicroelectronics.X-CUBE-NFC4.3.0.0
2024-07-24 10:40:36,125 [WARN] PackLoader:240 - Cannot read IP mode file for wolfSSL.I-CUBE-wolfMQTT.1.18.0
2024-07-24 10:40:36,142 [WARN] PackLoader:240 - Cannot read IP mode file for EmbeddedOffice.I-CUBE-FS-RTOS.1.0.1
2024-07-24 10:40:36,142 [ERROR] ConditionMgr:805 - Attr not supported : Dmpu
2024-07-24 10:40:36,142 [ERROR] ConditionMgr:805 - Attr not supported : Dmpu
2024-07-24 10:40:36,142 [ERROR] ConditionMgr:805 - Attr not supported : Dmpu
2024-07-24 10:40:36,142 [ERROR] ConditionMgr:805 - Attr not supported : Dmpu
2024-07-24 10:40:36,142 [ERROR] ConditionMgr:805 - Attr not supported : Dmpu
2024-07-24 10:40:36,143 [ERROR] ConditionMgr:805 - Attr not supported : Dmpu
2024-07-24 10:40:36,143 [ERROR] ConditionMgr:805 - Attr not supported : Dmpu
2024-07-24 10:40:36,143 [ERROR] ConditionMgr:805 - Attr not supported : Dmpu
2024-07-24 10:40:36,143 [ERROR] ConditionMgr:805 - Attr not supported : Dmpu
2024-07-24 10:40:36,143 [ERROR] ConditionMgr:805 - Attr not supported : Dmpu
2024-07-24 10:40:36,143 [ERROR] ConditionMgr:805 - Attr not supported : Dmpu
2024-07-24 10:40:36,143 [ERROR] ConditionMgr:805 - Attr not supported : Dmpu
2024-07-24 10:40:36,143 [ERROR] ConditionMgr:805 - Attr not supported : Dmpu
2024-07-24 10:40:36,143 [ERROR] ConditionMgr:805 - Attr not supported : Dmpu
2024-07-24 10:40:36,143 [ERROR] ConditionMgr:805 - Attr not supported : Dmpu
2024-07-24 10:40:36,143 [ERROR] ConditionMgr:805 - Attr not supported : Dmpu
2024-07-24 10:40:36,143 [ERROR] ConditionMgr:805 - Attr not supported : Dmpu
2024-07-24 10:40:36,143 [ERROR] ConditionMgr:805 - Attr not supported : Dmpu
2024-07-24 10:40:36,143 [ERROR] ConditionMgr:805 - Attr not supported : Dmpu
2024-07-24 10:40:36,143 [ERROR] ConditionMgr:805 - Attr not supported : Dmpu
2024-07-24 10:40:36,143 [ERROR] ConditionMgr:805 - Attr not supported : Dmpu
2024-07-24 10:40:36,143 [ERROR] ConditionMgr:805 - Attr not supported : Dmpu
2024-07-24 10:40:36,143 [ERROR] ConditionMgr:805 - Attr not supported : Dmpu
2024-07-24 10:40:36,143 [ERROR] ConditionMgr:805 - Attr not supported : Dmpu
2024-07-24 10:40:36,144 [ERROR] ConditionMgr:805 - Attr not supported : Dmpu
2024-07-24 10:40:36,144 [ERROR] ConditionMgr:805 - Attr not supported : Dmpu
2024-07-24 10:40:36,144 [ERROR] ConditionMgr:805 - Attr not supported : Dmpu
2024-07-24 10:40:36,144 [ERROR] ConditionMgr:805 - Attr not supported : Dmpu
2024-07-24 10:40:36,144 [ERROR] ConditionMgr:805 - Attr not supported : Dmpu
2024-07-24 10:40:36,144 [ERROR] ConditionMgr:805 - Attr not supported : Dmpu
2024-07-24 10:40:36,144 [ERROR] ConditionMgr:805 - Attr not supported : Dmpu
2024-07-24 10:40:36,144 [ERROR] ConditionMgr:805 - Attr not supported : Dmpu
2024-07-24 10:40:36,144 [ERROR] ConditionMgr:805 - Attr not supported : Dmpu
2024-07-24 10:40:36,144 [ERROR] ConditionMgr:805 - Attr not supported : Dmpu
2024-07-24 10:40:36,144 [ERROR] ConditionMgr:805 - Attr not supported : Dmpu
2024-07-24 10:40:36,144 [ERROR] ConditionMgr:805 - Attr not supported : Dmpu
2024-07-24 10:40:36,144 [ERROR] ConditionMgr:805 - Attr not supported : Dmpu
2024-07-24 10:40:36,144 [ERROR] ConditionMgr:805 - Attr not supported : Dmpu
2024-07-24 10:40:36,144 [ERROR] ConditionMgr:805 - Attr not supported : Dmpu
2024-07-24 10:40:36,144 [ERROR] ConditionMgr:805 - Attr not supported : Dmpu
2024-07-24 10:40:36,144 [ERROR] ConditionMgr:805 - Attr not supported : Dmpu
2024-07-24 10:40:36,144 [ERROR] ConditionMgr:805 - Attr not supported : Dmpu
2024-07-24 10:40:36,144 [ERROR] ConditionMgr:805 - Attr not supported : Dmpu
2024-07-24 10:40:36,144 [ERROR] ConditionMgr:805 - Attr not supported : Dmpu
2024-07-24 10:40:36,145 [ERROR] ConditionMgr:805 - Attr not supported : Dmpu
2024-07-24 10:40:36,145 [ERROR] ConditionMgr:805 - Attr not supported : Dmpu
2024-07-24 10:40:36,145 [ERROR] ConditionMgr:805 - Attr not supported : Dmpu
2024-07-24 10:40:36,145 [ERROR] ConditionMgr:805 - Attr not supported : Dmpu
2024-07-24 10:40:36,145 [ERROR] ConditionMgr:805 - Attr not supported : Dmpu
2024-07-24 10:40:36,145 [ERROR] ConditionMgr:805 - Attr not supported : Dmpu
2024-07-24 10:40:36,145 [ERROR] ConditionMgr:805 - Attr not supported : Dmpu
2024-07-24 10:40:36,145 [ERROR] ConditionMgr:805 - Attr not supported : Dmpu
2024-07-24 10:40:36,145 [ERROR] ConditionMgr:805 - Attr not supported : Dmpu
2024-07-24 10:40:36,145 [ERROR] ConditionMgr:805 - Attr not supported : Dmpu
2024-07-24 10:40:36,145 [ERROR] ConditionMgr:805 - Attr not supported : Dmpu
2024-07-24 10:40:36,145 [ERROR] ConditionMgr:805 - Attr not supported : Dmpu
2024-07-24 10:40:36,145 [ERROR] ConditionMgr:805 - Attr not supported : Dmpu
2024-07-24 10:40:36,145 [ERROR] ConditionMgr:805 - Attr not supported : Dmpu
2024-07-24 10:40:36,145 [ERROR] ConditionMgr:805 - Attr not supported : Dmpu
2024-07-24 10:40:36,145 [ERROR] ConditionMgr:805 - Attr not supported : Dmpu
2024-07-24 10:40:36,145 [ERROR] ConditionMgr:805 - Attr not supported : Dmpu
2024-07-24 10:40:36,145 [ERROR] ConditionMgr:805 - Attr not supported : Dmpu
2024-07-24 10:40:36,145 [ERROR] ConditionMgr:805 - Attr not supported : Dmpu
2024-07-24 10:40:36,146 [ERROR] ConditionMgr:805 - Attr not supported : Dmpu
2024-07-24 10:40:36,162 [WARN] PackLoader:240 - Cannot read IP mode file for STMicroelectronics.X-CUBE-BLEMGR.3.0.0
2024-07-24 10:40:36,180 [WARN] PackLoader:240 - Cannot read IP mode file for STMicroelectronics.X-CUBE-BLEMGR.1.3.0
2024-07-24 10:40:36,195 [WARN] PackLoader:240 - Cannot read IP mode file for RealThread.X-CUBE-RT-Thread_Nano.4.1.1
2024-07-24 10:40:36,208 [WARN] PackLoader:240 - Cannot read IP mode file for STMicroelectronics.FP-ATR-SIGFOX1.3.2.0
2024-07-24 10:40:36,221 [WARN] PackLoader:240 - Cannot read IP mode file for STMicroelectronics.X-CUBE-EEPRMA1.5.1.0
2024-07-24 10:40:36,263 [WARN] PackLoader:240 - Cannot read IP mode file for STMicroelectronics.X-CUBE-MEMS1.9.5.0
2024-07-24 10:40:36,476 [WARN] PackLoader:240 - Cannot read IP mode file for SEGGER.I-CUBE-embOS.1.3.1
2024-07-24 10:40:36,544 [WARN] PackLoader:240 - Cannot read IP mode file for STMicroelectronics.X-CUBE-ALGOBUILD.1.4.0
2024-07-24 10:40:36,560 [WARN] PackLoader:240 - Cannot read IP mode file for STMicroelectronics.X-CUBE-GNSS1.6.0.0
2024-07-24 10:40:36,594 [WARN] PackLoader:240 - Cannot read IP mode file for STMicroelectronics.X-CUBE-AZRTOS-F4.1.1.0
2024-07-24 10:40:36,611 [WARN] PackLoader:240 - Cannot read IP mode file for STMicroelectronics.X-CUBE-FREERTOS.1.2.0
2024-07-24 10:40:36,642 [WARN] PackLoader:240 - Cannot read IP mode file for STMicroelectronics.X-CUBE-AZRTOS-L5.2.0.0
2024-07-24 10:40:36,704 [WARN] PackLoader:240 - Cannot read IP mode file for STMicroelectronics.X-CUBE-MEMS1.9.6.0
2024-07-24 10:40:36,848 [INFO] WebApp:167 - Instantiating new browser for Auth
2024-07-24 10:40:36,862 [WARN] PackLoader:240 - Cannot read IP mode file for STMicroelectronics.X-CUBE-EEPRMA1.4.2.0
2024-07-24 10:40:36,887 [WARN] PackLoader:240 - Cannot read IP mode file for STMicroelectronics.X-CUBE-NFC6.3.1.0
2024-07-24 10:40:36,933 [WARN] PackLoader:240 - Cannot read IP mode file for ITTIA_DB.I-CUBE-ITTIADB.8.8.0
2024-07-24 10:40:36,959 [WARN] PackLoader:240 - Cannot read IP mode file for emotas.I-CUBE-CANOPEN.1.1.3
2024-07-24 10:40:36,980 [WARN] PackLoader:240 - Cannot read IP mode file for STMicroelectronics.X-CUBE-BLEMGR.2.0.0
2024-07-24 10:40:36,998 [WARN] PackLoader:240 - Cannot read IP mode file for STMicroelectronics.X-CUBE-DPower.1.2.0
2024-07-24 10:40:37,011 [WARN] PackLoader:240 - Cannot read IP mode file for STMicroelectronics.X-CUBE-AI.9.0.0
2024-07-24 10:40:37,037 [WARN] ConditionMgr:438 - getConditionDescription Invalid condition id : UX DEVICE CLASS RTOS Condition cause : null
2024-07-24 10:40:37,037 [WARN] ConditionMgr:438 - getConditionDescription Invalid condition id : UX DEVICE CLASS RTOS Condition cause : null
2024-07-24 10:40:37,039 [WARN] PackLoader:240 - Cannot read IP mode file for STMicroelectronics.X-CUBE-AZRTOS-H7.3.1.0
2024-07-24 10:40:37,040 [WARN] ConditionMgr:1039 - genDependencies : Invalid condition id : UX DEVICE CLASS RTOS Condition cause : null
2024-07-24 10:40:37,041 [WARN] ConditionMgr:1039 - genDependencies : Invalid condition id : UX DEVICE CLASS RTOS Condition cause : null
2024-07-24 10:40:37,041 [WARN] ConditionMgr:1039 - genDependencies : Invalid condition id : UX DEVICE CLASS RTOS Condition cause : null
2024-07-24 10:40:37,042 [WARN] ConditionMgr:1039 - genDependencies : Invalid condition id : UX DEVICE CLASS RTOS Condition cause : null
2024-07-24 10:40:37,042 [WARN] ConditionMgr:1039 - genDependencies : Invalid condition id : UX DEVICE CLASS RTOS Condition cause : null
2024-07-24 10:40:37,060 [WARN] PackLoader:240 - Cannot read IP mode file for wolfSSL.I-CUBE-wolfSSL.5.5.4
2024-07-24 10:40:37,074 [WARN] PackLoader:240 - Cannot read IP mode file for STMicroelectronics.X-CUBE-NFC7.1.0.1
2024-07-24 10:40:37,092 [WARN] PackLoader:240 - Cannot read IP mode file for STMicroelectronics.X-CUBE-NFC7.1.0.0
2024-07-24 10:40:37,109 [WARN] PackLoader:240 - Cannot read IP mode file for wolfSSL.I-CUBE-wolfTPM.3.2.0
2024-07-24 10:40:37,125 [WARN] PackLoader:240 - Cannot read IP mode file for STMicroelectronics.X-CUBE-NFC6.3.0.0
2024-07-24 10:40:37,141 [WARN] PackLoader:240 - Cannot read IP mode file for STMicroelectronics.X-CUBE-EEPRMA1.4.1.0
2024-07-24 10:40:37,155 [WARN] PackLoader:240 - Cannot read IP mode file for STMicroelectronics.X-CUBE-AI.8.1.0
2024-07-24 10:40:37,186 [WARN] ConditionMgr:438 - getConditionDescription Invalid condition id : LAN8742 Phy interface Condition cause : null
2024-07-24 10:40:37,187 [WARN] PackLoader:240 - Cannot read IP mode file for STMicroelectronics.X-CUBE-AZRTOS-L4.2.0.0
2024-07-24 10:40:37,188 [WARN] ConditionMgr:1039 - genDependencies : Invalid condition id : LAN8742 Phy interface Condition cause : null
2024-07-24 10:40:37,188 [WARN] ConditionMgr:1039 - genDependencies : Invalid condition id : LAN8742 Phy interface Condition cause : null
2024-07-24 10:40:37,188 [WARN] ConditionMgr:1039 - genDependencies : Invalid condition id : LAN8742 Phy interface Condition cause : null
2024-07-24 10:40:37,205 [WARN] PackLoader:240 - Cannot read IP mode file for STMicroelectronics.X-CUBE-SFXS2LP1.4.0.0
2024-07-24 10:40:37,233 [WARN] PackLoader:240 - Cannot read IP mode file for STMicroelectronics.X-CUBE-AZRTOS-H7.3.0.0
2024-07-24 10:40:37,246 [WARN] PackLoader:240 - Cannot read IP mode file for STMicroelectronics.X-CUBE-ISPU.1.1.0
2024-07-24 10:40:37,263 [WARN] PackLoader:240 - Cannot read IP mode file for RoweBots.I-CUBE-UNISONRTOS.5.5.0-4
2024-07-24 10:40:37,278 [WARN] PackLoader:240 - Cannot read IP mode file for STMicroelectronics.X-CUBE-AI.8.0.0
2024-07-24 10:40:37,301 [WARN] ConditionMgr:438 - getConditionDescription Invalid condition id : UX DEVICE CLASS RTOS Condition cause : null
2024-07-24 10:40:37,301 [WARN] ConditionMgr:438 - getConditionDescription Invalid condition id : UX DEVICE CLASS RTOS Condition cause : null
2024-07-24 10:40:37,303 [WARN] PackLoader:240 - Cannot read IP mode file for STMicroelectronics.X-CUBE-AZRTOS-WB.2.0.0
2024-07-24 10:40:37,312 [WARN] ConditionMgr:1039 - genDependencies : Invalid condition id : UX DEVICE CLASS RTOS Condition cause : null
2024-07-24 10:40:37,312 [WARN] ConditionMgr:1039 - genDependencies : Invalid condition id : UX DEVICE CLASS RTOS Condition cause : null
2024-07-24 10:40:37,312 [WARN] ConditionMgr:1039 - genDependencies : Invalid condition id : UX DEVICE CLASS RTOS Condition cause : null
2024-07-24 10:40:37,312 [WARN] ConditionMgr:1039 - genDependencies : Invalid condition id : UX DEVICE CLASS RTOS Condition cause : null
2024-07-24 10:40:37,312 [WARN] ConditionMgr:1039 - genDependencies : Invalid condition id : UX DEVICE CLASS RTOS Condition cause : null
2024-07-24 10:40:37,325 [WARN] PackLoader:240 - Cannot read IP mode file for STMicroelectronics.X-CUBE-FREERTOS.1.0.0
2024-07-24 10:40:37,339 [WARN] PackLoader:240 - Cannot read IP mode file for STMicroelectronics.X-CUBE-FREERTOS.1.0.1
2024-07-24 10:40:37,356 [WARN] PackLoader:240 - Cannot read IP mode file for STMicroelectronics.FP-SNS-STBOX1.2.0.0
2024-07-24 10:40:37,383 [WARN] PackLoader:240 - Cannot read IP mode file for STMicroelectronics.X-CUBE-AZRTOS-L5.1.1.0
2024-07-24 10:40:37,397 [WARN] PackLoader:240 - Cannot read IP mode file for STMicroelectronics.X-CUBE-AI.8.0.1
2024-07-24 10:40:37,416 [WARN] PackLoader:240 - Cannot read IP mode file for STMicroelectronics.X-CUBE-SUBG2.5.0.0
2024-07-24 10:40:37,432 [WARN] PackLoader:240 - Cannot read IP mode file for Cesanta.I-CUBE-Mongoose.7.13.0
2024-07-24 10:40:37,448 [WARN] PackLoader:240 - Cannot read IP mode file for STMicroelectronics.X-CUBE-TOF1.3.3.1
2024-07-24 10:40:37,472 [WARN] PackLoader:240 - Cannot read IP mode file for STMicroelectronics.X-CUBE-AZRTOS-G4.2.0.0
2024-07-24 10:40:37,493 [WARN] PackLoader:240 - Cannot read IP mode file for STMicroelectronics.X-CUBE-TOF1.3.3.0
2024-07-24 10:40:37,517 [WARN] PackLoader:240 - Cannot read IP mode file for STMicroelectronics.FP-ATR-ASTRA1.1.1.1
2024-07-24 10:40:37,543 [WARN] PackLoader:240 - Cannot read IP mode file for Infineon.AIROC-Wi-Fi-Bluetooth-STM32.1.5.1
2024-07-24 10:40:37,560 [WARN] PackLoader:240 - Cannot read IP mode file for STMicroelectronics.FP-SNS-MOTENVWB1.1.3.0
2024-07-24 10:40:37,573 [WARN] PackLoader:240 - Cannot read IP mode file for STMicroelectronics.FP-SNS-MOTENVWB1.1.3.1
2024-07-24 10:40:37,596 [WARN] PackLoader:240 - Cannot read IP mode file for STMicroelectronics.X-CUBE-AZRTOS-G4.1.0.0
2024-07-24 10:40:37,625 [WARN] PackLoader:240 - Cannot read IP mode file for STMicroelectronics.X-CUBE-AZRTOS-L4.1.0.0
2024-07-24 10:40:37,639 [WARN] PackLoader:240 - Cannot read IP mode file for STMicroelectronics.X-CUBE-ISPU.2.0.0
2024-07-24 10:40:37,653 [WARN] PackLoader:240 - Cannot read IP mode file for STMicroelectronics.X-CUBE-ALS.1.0.2
2024-07-24 10:40:37,719 [WARN] PackLoader:240 - Cannot read IP mode file for STMicroelectronics.X-CUBE-MEMS1.10.0.0
2024-07-24 10:40:37,895 [WARN] PackLoader:240 - Cannot read IP mode file for STMicroelectronics.X-CUBE-FREERTOS.1.1.0
2024-07-24 10:40:37,910 [WARN] PackLoader:240 - Cannot read IP mode file for STMicroelectronics.X-CUBE-TOUCHGFX.4.24.0
2024-07-24 10:40:37,932 [WARN] PackLoader:240 - Cannot read IP mode file for STMicroelectronics.X-CUBE-AZRTOS-WL.1.0.0
2024-07-24 10:40:37,951 [WARN] PackLoader:240 - Cannot read IP mode file for portGmbH.I-Cube-SoM-uGOAL.1.1.0
2024-07-24 10:40:37,969 [WARN] PackLoader:240 - Cannot read IP mode file for STMicroelectronics.X-CUBE-ALS.1.0.1
2024-07-24 10:40:37,995 [WARN] PackLoader:240 - Cannot read IP mode file for STMicroelectronics.X-CUBE-AZRTOS-WB.1.1.0
2024-07-24 10:40:38,027 [WARN] PackLoader:240 - Cannot read IP mode file for STMicroelectronics.X-CUBE-AZRTOS-H7RS.1.0.0
2024-07-24 10:40:38,043 [WARN] PackLoader:240 - Cannot read IP mode file for STMicroelectronics.FP-ATR-ASTRA1.2.0.0
2024-07-24 10:40:38,063 [WARN] PackLoader:240 - Cannot read IP mode file for STMicroelectronics.X-CUBE-TOF1.3.4.0
2024-07-24 10:40:38,088 [WARN] PackLoader:240 - Cannot read IP mode file for STMicroelectronics.X-CUBE-TOF1.3.4.1
2024-07-24 10:40:38,129 [WARN] PackLoader:240 - Cannot read IP mode file for STMicroelectronics.X-CUBE-AZRTOS-H7.3.2.0
2024-07-24 10:40:38,145 [WARN] PackLoader:240 - Cannot read IP mode file for wolfSSL.I-CUBE-wolfSSH.1.4.17
2024-07-24 10:40:38,146 [INFO] ThirdParty:978 - Integrity check success = true
2024-07-24 10:40:38,146 [INFO] IntegrityCheckThread:100 - exiting critical section [integrity check]
2024-07-24 10:40:38,146 [INFO] IntegrityCheckThread:103 - End integrity checks thread
2024-07-24 10:40:38,347 [INFO] WebApp:448 - Apply proxy settings
2024-07-24 10:40:38,347 [INFO] WebApp:533 - Chromium requires no authentication
2024-07-24 10:40:38,356 [INFO] WebApp:476 - Direct internet connection detected
2024-07-24 10:40:38,378 [INFO] WebApp:869 - Register for checkConnection events
2024-07-24 10:40:38,378 [INFO] WebApp:448 - Apply proxy settings
2024-07-24 10:40:38,378 [INFO] WebApp:533 - Chromium requires no authentication
2024-07-24 10:40:38,379 [INFO] WebApp:476 - Direct internet connection detected
2024-07-24 10:40:38,547 [INFO] WebApp:220 - Starting web application
2024-07-24 10:40:38,547 [INFO] WebApp:578 - Web application path used C:\ST\STM32CubeIDE_1.11.2\STM32CubeIDE\plugins\com.st.stm32cube.common.mx_6.12.0.202406281431\db\plugins\mcufinder\reactClient1\index.html
2024-07-24 10:40:38,684 [INFO] UserAuth:417 - Internet connection configuration mode: 1
2024-07-24 10:40:38,828 [INFO] WebApp:186 - Connection restablished
2024-07-24 10:42:03,258 [ERROR] LogOutputStream:75 - [STDERR_REDIRECT] 
