2024-11-16 16:18:23,121 [INFO] Activator:176 - 


2024-11-16 16:18:23,127 [INFO] Activator:177 - !SESSION log4j initialized
2024-11-16 16:18:29,448 [INFO] LogOutputStream:77 - [STDOUT_REDIRECT] 
2024-11-16 16:18:31,008 [INFO] ApplicationProperties:184 - Using Application install path: C:\ST\STM32CubeIDE_1.11.2\STM32CubeIDE\plugins\com.st.stm32cube.common.mx_6.12.1.202409122256
2024-11-16 16:18:31,025 [INFO] DbMcusXml:78 - Set database path to: C:\ST\STM32CubeIDE_1.11.2\STM32CubeIDE\plugins\com.st.stm32cube.common.mx_6.12.1.202409122256\\db\/mcu/
2024-11-16 16:18:31,025 [INFO] ApiDb:274 - Set plugin database path to: C:\ST\STM32CubeIDE_1.11.2\STM32CubeIDE\plugins\com.st.stm32cube.common.mx_6.12.1.202409122256\\db\/plugins/boardmanager/
2024-11-16 16:18:31,025 [WARN] ApiDb:259 - Overriding images path with different value:  => C:\ST\STM32CubeIDE_1.11.2\STM32CubeIDE\plugins\com.st.stm32cube.common.mx_6.12.1.202409122256\\db\/plugins/mcufinder/images/
2024-11-16 16:18:31,034 [INFO] ApiDb:250 - Set database path to: C:\Users\bakra\.stmcufinder\plugins\mcufinder//mcu/
2024-11-16 16:18:31,035 [INFO] DbMcusAds:125 - Set database path to: C:\Users\bakra\.stmcufinder\plugins\mcufinder//mcu/
2024-11-16 16:18:31,037 [INFO] CrossReferenceDbSqlite:203 - Set database path to: C:\Users\bakra\.stmcufinder\plugins\mcufinder//mcu/cs/
2024-11-16 16:18:31,174 [INFO] RulesReader:64 - Compatibility file has been processed (297 Rules)
2024-11-16 16:18:31,265 [INFO] DbMcusXml:78 - Set database path to: C:\ST\STM32CubeIDE_1.11.2\STM32CubeIDE\plugins\com.st.stm32cube.common.mx_6.12.1.202409122256\\db\/mcu/
2024-11-16 16:18:31,265 [INFO] ApiDb:274 - Set plugin database path to: C:\ST\STM32CubeIDE_1.11.2\STM32CubeIDE\plugins\com.st.stm32cube.common.mx_6.12.1.202409122256\\db\/plugins/boardmanager/
2024-11-16 16:18:31,265 [INFO] ApiDb:261 - Set plugin images path to: C:\ST\STM32CubeIDE_1.11.2\STM32CubeIDE\plugins\com.st.stm32cube.common.mx_6.12.1.202409122256\\db\/plugins/mcufinder/images/
2024-11-16 16:18:31,265 [WARN] DbFile:41 - Overriding database path with different value: C:\Users\bakra\.stmcufinder\plugins\mcufinder/ => C:\Users\bakra\.stmcufinder\plugins\mcufinder
2024-11-16 16:18:31,265 [INFO] ApiDb:250 - Set database path to: C:\Users\bakra\.stmcufinder\plugins\mcufinder//mcu/
2024-11-16 16:18:31,265 [WARN] DbFile:41 - Overriding database path with different value: C:\Users\bakra\.stmcufinder\plugins\mcufinder/ => C:\Users\bakra\.stmcufinder\plugins\mcufinder
2024-11-16 16:18:31,267 [INFO] DbMcusAds:125 - Set database path to: C:\Users\bakra\.stmcufinder\plugins\mcufinder//mcu/
2024-11-16 16:18:31,267 [WARN] DbFile:41 - Overriding database path with different value: C:\Users\bakra\.stmcufinder\plugins\mcufinder/ => C:\Users\bakra\.stmcufinder\plugins\mcufinder
2024-11-16 16:18:31,267 [WARN] DbFile:41 - Overriding database path with different value: C:\Users\bakra\.stmcufinder\plugins\mcufinder/ => C:\Users\bakra\.stmcufinder\plugins\mcufinder
2024-11-16 16:18:31,267 [INFO] CrossReferenceDbSqlite:203 - Set database path to: C:\Users\bakra\.stmcufinder\plugins\mcufinder//mcu/cs/
2024-11-16 16:18:31,348 [INFO] MainPanel:268 - HeapMemory: 268435456
2024-11-16 16:18:31,481 [INFO] DbMcusXml:78 - Set database path to: C:\ST\STM32CubeIDE_1.11.2\STM32CubeIDE\plugins\com.st.stm32cube.common.mx_6.12.1.202409122256\\db\/mcu/
2024-11-16 16:18:31,481 [INFO] ApiDb:274 - Set plugin database path to: C:\ST\STM32CubeIDE_1.11.2\STM32CubeIDE\plugins\com.st.stm32cube.common.mx_6.12.1.202409122256\\db\/plugins/boardmanager/
2024-11-16 16:18:31,481 [INFO] ApiDb:261 - Set plugin images path to: C:\ST\STM32CubeIDE_1.11.2\STM32CubeIDE\plugins\com.st.stm32cube.common.mx_6.12.1.202409122256\\db\/plugins/mcufinder/images/
2024-11-16 16:18:31,481 [WARN] DbFile:41 - Overriding database path with different value: C:\Users\bakra\.stmcufinder\plugins\mcufinder/ => C:\Users\bakra\.stmcufinder\plugins\mcufinder
2024-11-16 16:18:31,481 [INFO] ApiDb:250 - Set database path to: C:\Users\bakra\.stmcufinder\plugins\mcufinder//mcu/
2024-11-16 16:18:31,481 [WARN] DbFile:41 - Overriding database path with different value: C:\Users\bakra\.stmcufinder\plugins\mcufinder/ => C:\Users\bakra\.stmcufinder\plugins\mcufinder
2024-11-16 16:18:31,481 [INFO] DbMcusAds:125 - Set database path to: C:\Users\bakra\.stmcufinder\plugins\mcufinder//mcu/
2024-11-16 16:18:31,481 [WARN] DbFile:41 - Overriding database path with different value: C:\Users\bakra\.stmcufinder\plugins\mcufinder/ => C:\Users\bakra\.stmcufinder\plugins\mcufinder
2024-11-16 16:18:31,481 [WARN] DbFile:41 - Overriding database path with different value: C:\Users\bakra\.stmcufinder\plugins\mcufinder/ => C:\Users\bakra\.stmcufinder\plugins\mcufinder
2024-11-16 16:18:31,481 [INFO] CrossReferenceDbSqlite:203 - Set database path to: C:\Users\bakra\.stmcufinder\plugins\mcufinder//mcu/cs/
2024-11-16 16:18:31,498 [INFO] ApplicationProperties:184 - Using Application install path: C:\ST\STM32CubeIDE_1.11.2\STM32CubeIDE\plugins\com.st.stm32cube.common.mx_6.12.1.202409122256
2024-11-16 16:18:31,498 [INFO] PluginManage:196 - Search for loadable plugins [exclusion list=, ]
2024-11-16 16:18:31,500 [INFO] PluginManage:310 - Check plugin analytics
2024-11-16 16:18:31,624 [INFO] AnalyticsPlugin:253 - Accepted Software Licenses: 
2024-11-16 16:18:31,625 [INFO] AnalyticsPlugin:255 - Accepted CMSIS Pack Licenses: 
2024-11-16 16:18:31,625 [INFO] AnalyticsPlugin:257 - Accepted Firmware Licenses: 
2024-11-16 16:18:31,627 [INFO] PluginManage:359 - Loaded plugin analytics (category:tool,tabindex:-1)
2024-11-16 16:18:31,628 [INFO] PluginManage:310 - Check plugin cadmodel
2024-11-16 16:18:31,641 [INFO] CADModel:105 - Init CAD model plugin
2024-11-16 16:18:31,641 [INFO] PluginManage:359 - Loaded plugin cadmodel (category:power,tabindex:5)
2024-11-16 16:18:31,641 [INFO] PluginManage:310 - Check plugin clock
2024-11-16 16:18:31,658 [INFO] PluginManage:359 - Loaded plugin clock (category:base,tabindex:2)
2024-11-16 16:18:31,659 [INFO] PluginManage:310 - Check plugin ddr
2024-11-16 16:18:31,661 [INFO] PluginManage:359 - Loaded plugin ddr (category:tool,tabindex:6)
2024-11-16 16:18:31,661 [INFO] PluginManage:310 - Check plugin filemanager
2024-11-16 16:18:31,779 [INFO] PluginManage:359 - Loaded plugin filemanager (category:base,tabindex:10)
2024-11-16 16:18:31,779 [INFO] PluginManage:310 - Check plugin ipmanager
2024-11-16 16:18:31,786 [INFO] PluginManage:359 - Loaded plugin ipmanager (category:base,tabindex:5)
2024-11-16 16:18:31,786 [INFO] PluginManage:310 - Check plugin lpbam
2024-11-16 16:18:31,804 [INFO] PluginManage:359 - Loaded plugin lpbam (category:base,tabindex:0)
2024-11-16 16:18:31,804 [INFO] PluginManage:310 - Check plugin memorymap
2024-11-16 16:18:31,827 [INFO] PluginManage:359 - Loaded plugin memorymap (category:base,tabindex:4)
2024-11-16 16:18:31,827 [INFO] PluginManage:310 - Check plugin pinoutandconfiguration
2024-11-16 16:18:31,842 [INFO] PluginManage:359 - Loaded plugin pinoutandconfiguration (category:base,tabindex:1)
2024-11-16 16:18:31,843 [INFO] PluginManage:310 - Check plugin pinoutconfig
2024-11-16 16:18:31,930 [WARN] SupportedApi:132 - Cannot load RTOS API schema: s4s-elt-must-match.1: The content of 'definitions' must match (annotation?, (simpleType | complexType)?, (unique | key | keyref)*)). A problem was found starting at: attribute.
2024-11-16 16:18:32,047 [INFO] PluginManage:359 - Loaded plugin pinoutconfig (category:base,tabindex:0)
2024-11-16 16:18:32,047 [INFO] PluginManage:310 - Check plugin power
2024-11-16 16:18:32,064 [INFO] PluginManage:359 - Loaded plugin power (category:power,tabindex:4)
2024-11-16 16:18:32,064 [INFO] PluginManage:310 - Check plugin projectmanager
2024-11-16 16:18:32,075 [INFO] PluginManage:359 - Loaded plugin projectmanager (category:projectmanager,tabindex:4)
2024-11-16 16:18:32,075 [INFO] PluginManage:310 - Check plugin rif
2024-11-16 16:18:32,091 [INFO] PluginManage:359 - Loaded plugin rif (category:base,tabindex:3)
2024-11-16 16:18:32,092 [INFO] PluginManage:310 - Check plugin thirdparty
2024-11-16 16:18:32,342 [INFO] PluginManage:359 - Loaded plugin thirdparty (category:base,tabindex:-1)
2024-11-16 16:18:32,342 [WARN] IntegrityCheckThread:84 - waiting for thirdparty lock release [integrity check]
2024-11-16 16:18:32,342 [INFO] PluginManage:310 - Check plugin tools
2024-11-16 16:18:32,342 [INFO] IntegrityCheckThread:86 - entering critical section [integrity check]
2024-11-16 16:18:32,342 [INFO] ThirdPartyUpdaterWithRetryManager:70 - Updater plugin not ready yet. [1/15]
2024-11-16 16:18:32,372 [INFO] PluginManage:359 - Loaded plugin tools (category:base,tabindex:7)
2024-11-16 16:18:32,372 [INFO] PluginManage:310 - Check plugin tutovideos
2024-11-16 16:18:32,535 [INFO] PluginManage:359 - Loaded plugin tutovideos (category:base,tabindex:-1)
2024-11-16 16:18:32,535 [INFO] PluginManage:310 - Check plugin updater
2024-11-16 16:18:32,551 [INFO] PluginManage:359 - Loaded plugin updater (category:base,tabindex:12)
2024-11-16 16:18:32,551 [INFO] PluginManage:310 - Check plugin userauth
2024-11-16 16:18:32,557 [INFO] UserAuth:113 - Init User Auth plugin
2024-11-16 16:18:32,557 [INFO] PluginManage:359 - Loaded plugin userauth (category:base,tabindex:14)
2024-11-16 16:18:32,557 [INFO] PluginManage:283 - PluginManage : Loaded plugins [18]
2024-11-16 16:18:32,729 [INFO] PinOutPanel:1561 - setPackage(No Configuration,No Configuration)
2024-11-16 16:18:32,797 [INFO] CADModel:165 - CPN selected for project level
2024-11-16 16:18:32,797 [INFO] CADModel:114 - Register for checkConnection events
2024-11-16 16:18:32,820 [INFO] IPUIPlugin:80 - create IPUIPlugin
2024-11-16 16:18:32,820 [INFO] PluginManager:220 - loadIPPluginJar : add adc
2024-11-16 16:18:32,854 [INFO] IPUIPlugin:80 - create IPUIPlugin
2024-11-16 16:18:32,854 [INFO] PluginManager:220 - loadIPPluginJar : add aes
2024-11-16 16:18:32,893 [INFO] IPUIPlugin:80 - create IPUIPlugin
2024-11-16 16:18:32,893 [INFO] PluginManager:220 - loadIPPluginJar : add can
2024-11-16 16:18:32,917 [INFO] IPUIPlugin:80 - create IPUIPlugin
2024-11-16 16:18:32,917 [INFO] PluginManager:220 - loadIPPluginJar : add comp
2024-11-16 16:18:32,947 [INFO] IPUIPlugin:80 - create IPUIPlugin
2024-11-16 16:18:32,947 [INFO] PluginManager:220 - loadIPPluginJar : add cryp
2024-11-16 16:18:32,959 [INFO] IPUIPlugin:80 - create IPUIPlugin
2024-11-16 16:18:32,959 [INFO] PluginManager:220 - loadIPPluginJar : add ddr_ctrl_phy
2024-11-16 16:18:32,992 [INFO] IPUIPlugin:80 - create IPUIPlugin
2024-11-16 16:18:32,992 [INFO] PluginManager:220 - loadIPPluginJar : add dfsdm
2024-11-16 16:18:33,004 [INFO] IPUIPlugin:80 - create IPUIPlugin
2024-11-16 16:18:33,005 [INFO] PluginManager:220 - loadIPPluginJar : add dma
2024-11-16 16:18:33,040 [INFO] IPUIPlugin:80 - create IPUIPlugin
2024-11-16 16:18:33,040 [INFO] PluginManager:220 - loadIPPluginJar : add dma3
2024-11-16 16:18:33,078 [INFO] IPUIPlugin:80 - create IPUIPlugin
2024-11-16 16:18:33,078 [INFO] PluginManager:220 - loadIPPluginJar : add extmemmanager
2024-11-16 16:18:33,097 [INFO] IPUIPlugin:80 - create IPUIPlugin
2024-11-16 16:18:33,097 [INFO] PluginManager:220 - loadIPPluginJar : add fatfs
2024-11-16 16:18:33,138 [INFO] IPUIPlugin:80 - create IPUIPlugin
2024-11-16 16:18:33,138 [INFO] PluginManager:220 - loadIPPluginJar : add fmc
2024-11-16 16:18:33,152 [INFO] IPUIPlugin:80 - create IPUIPlugin
2024-11-16 16:18:33,153 [INFO] PluginManager:220 - loadIPPluginJar : add freertos
2024-11-16 16:18:33,170 [INFO] IPUIPlugin:80 - create IPUIPlugin
2024-11-16 16:18:33,171 [INFO] PluginManager:220 - loadIPPluginJar : add genericplugin
2024-11-16 16:18:33,243 [INFO] IPUIPlugin:80 - create IPUIPlugin
2024-11-16 16:18:33,243 [INFO] PluginManager:220 - loadIPPluginJar : add gfxmmu
2024-11-16 16:18:33,349 [INFO] IPUIPlugin:80 - create IPUIPlugin
2024-11-16 16:18:33,349 [INFO] PluginManager:220 - loadIPPluginJar : add gic
2024-11-16 16:18:33,363 [INFO] IPUIPlugin:80 - create IPUIPlugin
2024-11-16 16:18:33,363 [INFO] PluginManager:220 - loadIPPluginJar : add gpio
2024-11-16 16:18:33,448 [INFO] IPUIPlugin:80 - create IPUIPlugin
2024-11-16 16:18:33,448 [INFO] PluginManager:220 - loadIPPluginJar : add gtzc
2024-11-16 16:18:33,477 [INFO] IPUIPlugin:80 - create IPUIPlugin
2024-11-16 16:18:33,477 [INFO] PluginManager:220 - loadIPPluginJar : add hash
2024-11-16 16:18:33,519 [INFO] IPUIPlugin:80 - create IPUIPlugin
2024-11-16 16:18:33,519 [INFO] PluginManager:220 - loadIPPluginJar : add i2c
2024-11-16 16:18:33,553 [INFO] IPUIPlugin:80 - create IPUIPlugin
2024-11-16 16:18:33,553 [INFO] PluginManager:220 - loadIPPluginJar : add i2s
2024-11-16 16:18:33,587 [INFO] IPUIPlugin:80 - create IPUIPlugin
2024-11-16 16:18:33,587 [INFO] PluginManager:220 - loadIPPluginJar : add i3c
2024-11-16 16:18:33,678 [INFO] IPUIPlugin:80 - create IPUIPlugin
2024-11-16 16:18:33,679 [INFO] PluginManager:220 - loadIPPluginJar : add ipddr
2024-11-16 16:18:33,758 [INFO] IPUIPlugin:80 - create IPUIPlugin
2024-11-16 16:18:33,758 [INFO] PluginManager:220 - loadIPPluginJar : add linkedlist
2024-11-16 16:18:33,789 [INFO] IPUIPlugin:80 - create IPUIPlugin
2024-11-16 16:18:33,789 [INFO] PluginManager:220 - loadIPPluginJar : add lorawan
2024-11-16 16:18:33,818 [INFO] IPUIPlugin:80 - create IPUIPlugin
2024-11-16 16:18:33,819 [INFO] PluginManager:220 - loadIPPluginJar : add ltdc
2024-11-16 16:18:33,831 [INFO] IPUIPlugin:80 - create IPUIPlugin
2024-11-16 16:18:33,832 [INFO] PluginManager:220 - loadIPPluginJar : add mdma
2024-11-16 16:18:33,843 [INFO] IPUIPlugin:80 - create IPUIPlugin
2024-11-16 16:18:33,843 [INFO] PluginManager:220 - loadIPPluginJar : add nvic
2024-11-16 16:18:33,874 [INFO] IPUIPlugin:80 - create IPUIPlugin
2024-11-16 16:18:33,874 [INFO] PluginManager:220 - loadIPPluginJar : add opamp
2024-11-16 16:18:33,933 [INFO] IPUIPlugin:80 - create IPUIPlugin
2024-11-16 16:18:33,934 [INFO] PluginManager:220 - loadIPPluginJar : add openamp
2024-11-16 16:18:33,972 [INFO] IPUIPlugin:80 - create IPUIPlugin
2024-11-16 16:18:33,972 [INFO] PluginManager:220 - loadIPPluginJar : add pdm2pcm
2024-11-16 16:18:33,985 [INFO] IPUIPlugin:80 - create IPUIPlugin
2024-11-16 16:18:33,988 [INFO] PluginManager:220 - loadIPPluginJar : add plateformsettings
2024-11-16 16:18:34,011 [INFO] IPUIPlugin:80 - create IPUIPlugin
2024-11-16 16:18:34,011 [INFO] PluginManager:220 - loadIPPluginJar : add quadspi
2024-11-16 16:18:34,037 [INFO] IPUIPlugin:80 - create IPUIPlugin
2024-11-16 16:18:34,039 [INFO] PluginManager:220 - loadIPPluginJar : add radio
2024-11-16 16:18:34,051 [INFO] IPUIPlugin:80 - create IPUIPlugin
2024-11-16 16:18:34,051 [INFO] PluginManager:220 - loadIPPluginJar : add resmgrutility
2024-11-16 16:18:34,097 [INFO] IPUIPlugin:80 - create IPUIPlugin
2024-11-16 16:18:34,097 [INFO] PluginManager:220 - loadIPPluginJar : add sai
2024-11-16 16:18:34,129 [INFO] IPUIPlugin:80 - create IPUIPlugin
2024-11-16 16:18:34,129 [INFO] PluginManager:220 - loadIPPluginJar : add spi
2024-11-16 16:18:34,192 [INFO] IPUIPlugin:80 - create IPUIPlugin
2024-11-16 16:18:34,192 [INFO] PluginManager:220 - loadIPPluginJar : add stm32_wpan
2024-11-16 16:18:34,213 [INFO] IPUIPlugin:80 - create IPUIPlugin
2024-11-16 16:18:34,213 [INFO] PluginManager:220 - loadIPPluginJar : add tim
2024-11-16 16:18:34,263 [INFO] IPUIPlugin:80 - create IPUIPlugin
2024-11-16 16:18:34,263 [INFO] PluginManager:220 - loadIPPluginJar : add touchsensing
2024-11-16 16:18:34,283 [INFO] IPUIPlugin:80 - create IPUIPlugin
2024-11-16 16:18:34,283 [INFO] PluginManager:220 - loadIPPluginJar : add tracer_emb
2024-11-16 16:18:34,307 [INFO] IPUIPlugin:80 - create IPUIPlugin
2024-11-16 16:18:34,308 [INFO] PluginManager:220 - loadIPPluginJar : add ts
2024-11-16 16:18:34,329 [INFO] IPUIPlugin:80 - create IPUIPlugin
2024-11-16 16:18:34,329 [INFO] PluginManager:220 - loadIPPluginJar : add tsc
2024-11-16 16:18:34,349 [INFO] IPUIPlugin:80 - create IPUIPlugin
2024-11-16 16:18:34,349 [INFO] PluginManager:220 - loadIPPluginJar : add ucpd
2024-11-16 16:18:34,387 [INFO] IPUIPlugin:80 - create IPUIPlugin
2024-11-16 16:18:34,387 [INFO] PluginManager:220 - loadIPPluginJar : add usart
2024-11-16 16:18:34,423 [INFO] IPUIPlugin:80 - create IPUIPlugin
2024-11-16 16:18:34,423 [INFO] PluginManager:220 - loadIPPluginJar : add usbx
2024-11-16 16:18:34,538 [INFO] CADModel:165 - CPN selected for project level
2024-11-16 16:18:34,538 [INFO] CADModel:114 - Register for checkConnection events
2024-11-16 16:18:34,539 [FATAL] Updater:334 - Updater called before beeing initialized
2024-11-16 16:18:34,539 [ERROR] CADModel:125 - Updater not yet initialized, retry later 
2024-11-16 16:18:34,652 [INFO] CADModel:165 - CPN selected for project level
2024-11-16 16:18:34,652 [INFO] CADModel:114 - Register for checkConnection events
2024-11-16 16:18:34,652 [FATAL] Updater:334 - Updater called before beeing initialized
2024-11-16 16:18:34,652 [ERROR] CADModel:125 - Updater not yet initialized, retry later 
2024-11-16 16:18:34,654 [FATAL] Updater:334 - Updater called before beeing initialized
2024-11-16 16:18:34,744 [FATAL] Updater:334 - Updater called before beeing initialized
2024-11-16 16:18:34,755 [INFO] DbMcusAds:53 - JSON generation date=Fri Sep 20 09:04:38 EDT 2024 (1726837478367)
2024-11-16 16:18:34,755 [FATAL] Updater:334 - Updater called before beeing initialized
2024-11-16 16:18:34,786 [WARN] DetailPanel:346 - Failed to get advertising image, set to default
2024-11-16 16:18:34,867 [FATAL] Updater:334 - Updater called before beeing initialized
2024-11-16 16:18:34,869 [FATAL] Updater:334 - Updater called before beeing initialized
2024-11-16 16:18:34,869 [FATAL] Updater:334 - Updater called before beeing initialized
2024-11-16 16:18:34,869 [WARN] DetailPanel:346 - Failed to get advertising image, set to default
2024-11-16 16:18:34,870 [FATAL] Updater:334 - Updater called before beeing initialized
2024-11-16 16:18:34,919 [ERROR] Updater:1164 - MainUpdater not yet initialized. External WinMGr cannot be set.
2024-11-16 16:18:34,930 [INFO] Updater:1100 - Updater Version found : 6.12.1
2024-11-16 16:18:34,948 [INFO] ApplicationProperties:184 - Using Application install path: C:\ST\STM32CubeIDE_1.11.2\STM32CubeIDE\plugins\com.st.stm32cube.common.mx_6.12.1.202409122256
2024-11-16 16:18:35,346 [INFO] ThirdPartyUpdaterWithRetryManager:70 - Updater plugin not ready yet. [2/15]
2024-11-16 16:18:36,523 [ERROR] LogOutputStream:75 - [STDERR_REDIRECT] Nov 16, 2024 4:18:36 PM java.util.prefs.WindowsPreferences <init>
2024-11-16 16:18:36,524 [ERROR] LogOutputStream:75 - [STDERR_REDIRECT] WARNING: Could not open/create prefs root node Software\JavaSoft\Prefs at root 0xffffffff80000002. Windows RegCreateKeyEx(...) returned error code 5.
2024-11-16 16:18:36,525 [ERROR] LogOutputStream:75 - [STDERR_REDIRECT] 
2024-11-16 16:18:37,155 [INFO] MainUpdater:2873 - connection check result : 10
2024-11-16 16:18:37,155 [INFO] MainUpdater:3567 - Updater definition file requires update
2024-11-16 16:18:37,155 [INFO] MainUpdater:290 - Updater Check For Update Now.
2024-11-16 16:18:37,155 [INFO] MicroXplorer:498 - Change Database Version : DB.6.0.121
2024-11-16 16:18:37,172 [INFO] McuFinderGlobals:63 - Set McuFinder mode to 2 (CubeIDE integrated)
2024-11-16 16:18:37,178 [INFO] UserAuth:417 - Internet connection configuration mode: 1
2024-11-16 16:18:37,201 [INFO] JxBrowserEngine:152 - Initiate JxBrowser Engine with user profile folder
2024-11-16 16:18:37,358 [INFO] ServerAccessManage:473 - Download File updaters.zip
2024-11-16 16:18:37,477 [INFO] FileExtend:240 - Unzip File : updaters.zip
2024-11-16 16:18:37,477 [INFO] FileExtend:255 - Standard Zip Deflate
2024-11-16 16:18:38,088 [INFO] ServerAccessManage:473 - Download File PacksControlFlags.xml
2024-11-16 16:18:38,224 [INFO] ServerAccessManage:473 - Download File cubemx.pidx
2024-11-16 16:18:38,347 [WARN] MainUpdater:1194 - Updater busy. Cannot search thirdparties
2024-11-16 16:18:38,347 [INFO] ThirdPartyUpdaterWithRetryManager:96 - Updater plugin is busy. [1/15]
2024-11-16 16:18:38,480 [INFO] ServerAccessManage:473 - Download File STMicroelectronics.FP-ATR-ASTRA1.pdsc
2024-11-16 16:18:40,578 [WARN] PackLoader:240 - Cannot read IP mode file for STMicroelectronics.FP-ATR-ASTRA1.2.0.1
2024-11-16 16:18:40,579 [INFO] PopulateThirdPartyThread:66 - Ending populate Thread
2024-11-16 16:18:40,582 [INFO] ThirdParty:1030 - CMSIS Pack Vendor :STMicroelectronics FP-ATR-ASTRA1 2.0.1
2024-11-16 16:18:40,583 [INFO] LoadServerUpdatesThread:375 - End of LoadServerUpdate Thread
2024-11-16 16:18:40,780 [INFO] CheckServerUpdateThread:120 - End of CheckServer Thread
2024-11-16 16:18:41,561 [WARN] PackLoader:240 - Cannot read IP mode file for STMicroelectronics.FP-SNS-MOTENVWB1.1.4.0
2024-11-16 16:18:41,567 [WARN] PackLoader:240 - Cannot read IP mode file for STMicroelectronics.FP-ATR-ASTRA1.2.0.1
2024-11-16 16:18:41,581 [WARN] PackLoader:240 - Cannot read IP mode file for STMicroelectronics.X-CUBE-SMBUS.2.1.0
2024-11-16 16:18:41,596 [WARN] PackLoader:240 - Cannot read IP mode file for STMicroelectronics.X-CUBE-WB05N.1.1.0
2024-11-16 16:18:41,609 [WARN] PackLoader:240 - Cannot read IP mode file for STMicroelectronics.X-CUBE-TOUCHGFX.4.23.0
2024-11-16 16:18:41,619 [WARN] PackLoader:240 - Cannot read IP mode file for STMicroelectronics.X-CUBE-TOUCHGFX.4.23.2
2024-11-16 16:18:41,663 [WARN] PackLoader:240 - Cannot read IP mode file for STMicroelectronics.X-CUBE-AZRTOS-F7.1.1.0
2024-11-16 16:18:41,684 [ERROR] RealEvaluatedCondition:428 - Found unsupported composite condition: CLASS='Data Exchange' GROUP='STM32_MetaDataManager'
2024-11-16 16:18:41,684 [ERROR] RealEvaluatedCondition:428 - Found unsupported composite condition: GROUP='STM32_MetaDataManager' CLASS='Data Exchange'
2024-11-16 16:18:41,685 [WARN] PackLoader:240 - Cannot read IP mode file for STMicroelectronics.FP-SNS-MOTENV1.4.3.0
2024-11-16 16:18:41,702 [WARN] PackLoader:240 - Cannot read IP mode file for STMicroelectronics.FP-SNS-MOTENV1.4.3.2
2024-11-16 16:18:41,719 [WARN] PackLoader:240 - Cannot read IP mode file for STMicroelectronics.FP-SNS-FLIGHT1.5.0.0
2024-11-16 16:18:41,734 [ERROR] RealEvaluatedCondition:428 - Found unsupported composite condition: GROUP='STM32_MetaDataManager' CLASS='Data Exchange'
2024-11-16 16:18:41,734 [ERROR] RealEvaluatedCondition:428 - Found unsupported composite condition: GROUP='STM32_MetaDataManager' CLASS='Data Exchange'
2024-11-16 16:18:41,737 [WARN] PackLoader:240 - Cannot read IP mode file for STMicroelectronics.FP-SNS-MOTENV1.4.3.1
2024-11-16 16:18:41,753 [WARN] PackLoader:240 - Cannot read IP mode file for STMicroelectronics.FP-SNS-FLIGHT1.5.0.1
2024-11-16 16:18:41,862 [WARN] PackLoader:240 - Cannot read IP mode file for STMicroelectronics.X-CUBE-MEMS1.11.0.0
2024-11-16 16:18:42,117 [WARN] PackLoader:240 - Cannot read IP mode file for STMicroelectronics.X-CUBE-BLE1.6.2.4
2024-11-16 16:18:42,128 [WARN] PackLoader:240 - Cannot read IP mode file for STMicroelectronics.FP-SNS-FLIGHT1.5.0.2
2024-11-16 16:18:42,157 [WARN] PackLoader:240 - Cannot read IP mode file for STMicroelectronics.X-CUBE-DISPLAY.3.0.0
2024-11-16 16:18:42,194 [WARN] PackLoader:240 - Cannot read IP mode file for STMicroelectronics.X-CUBE-BLE1.7.0.0
2024-11-16 16:18:42,224 [WARN] PackLoader:240 - Cannot read IP mode file for STMicroelectronics.X-CUBE-NFC10.1.0.0
2024-11-16 16:18:42,251 [WARN] PackLoader:240 - Cannot read IP mode file for STMicroelectronics.X-CUBE-TOUCHGFX.4.22.0
2024-11-16 16:18:42,278 [WARN] PackLoader:240 - Cannot read IP mode file for STMicroelectronics.X-CUBE-TOUCHGFX.4.22.1
2024-11-16 16:18:42,314 [WARN] PackLoader:240 - Cannot read IP mode file for STMicroelectronics.X-CUBE-BLEMGR.3.1.0
2024-11-16 16:18:42,342 [WARN] PackLoader:240 - Cannot read IP mode file for STMicroelectronics.FP-SNS-SMARTAG2.1.2.0
2024-11-16 16:18:42,379 [INFO] LogOutputStream:77 - [STDOUT_REDIRECT] 1 : Invalid condition id : UX_CORESTACK_Condition cause : null
2024-11-16 16:18:42,381 [INFO] LogOutputStream:77 - [STDOUT_REDIRECT] 1 : Invalid condition id : UX_CORESTACK_Condition cause : null
2024-11-16 16:18:42,382 [INFO] LogOutputStream:77 - [STDOUT_REDIRECT] 1 : Invalid condition id : UX_CORESTACK_Condition cause : null
2024-11-16 16:18:42,384 [INFO] LogOutputStream:77 - [STDOUT_REDIRECT] 1 : Invalid condition id : UX_CORESTACK_Condition cause : null
2024-11-16 16:18:42,385 [INFO] LogOutputStream:77 - [STDOUT_REDIRECT] 1 : Invalid condition id : UX_CORESTACK_Condition cause : null
2024-11-16 16:18:42,394 [WARN] PackLoader:240 - Cannot read IP mode file for STMicroelectronics.X-CUBE-AZRTOS-WL.2.0.0
2024-11-16 16:18:42,419 [WARN] PackLoader:240 - Cannot read IP mode file for STMicroelectronics.FP-SNS-MOTENV1.5.0.0
2024-11-16 16:18:42,430 [WARN] PackLoader:240 - Cannot read IP mode file for wolfSSL.I-CUBE-wolfMQTT.1.19.0
2024-11-16 16:18:42,457 [WARN] PackLoader:240 - Cannot read IP mode file for WES.I-CUBE-Cesium.1.3.0
2024-11-16 16:18:42,480 [WARN] PackLoader:240 - Cannot read IP mode file for STMicroelectronics.X-CUBE-BLE2.3.3.0
2024-11-16 16:18:42,505 [WARN] PackLoader:240 - Cannot read IP mode file for STMicroelectronics.X-CUBE-TOF1.3.2.0
2024-11-16 16:18:42,537 [WARN] PackLoader:240 - Cannot read IP mode file for STMicroelectronics.X-CUBE-NFC9.1.0.0
2024-11-16 16:18:42,565 [WARN] PackLoader:240 - Cannot read IP mode file for STMicroelectronics.X-CUBE-TCPP.4.1.0
2024-11-16 16:18:42,594 [WARN] PackLoader:240 - Cannot read IP mode file for STMicroelectronics.X-CUBE-TOUCHGFX.4.21.1
2024-11-16 16:18:42,611 [WARN] PackLoader:240 - Cannot read IP mode file for STMicroelectronics.X-CUBE-TOUCHGFX.4.21.3
2024-11-16 16:18:42,633 [WARN] PackLoader:240 - Cannot read IP mode file for STMicroelectronics.X-CUBE-TOUCHGFX.4.21.4
2024-11-16 16:18:42,658 [WARN] PackLoader:240 - Cannot read IP mode file for STMicroelectronics.X-CUBE-ALGOBUILD.1.3.0
2024-11-16 16:18:42,714 [WARN] PackLoader:240 - Cannot read IP mode file for STMicroelectronics.X-CUBE-AZRTOS-G0.1.1.0
2024-11-16 16:18:42,740 [WARN] PackLoader:240 - Cannot read IP mode file for STMicroelectronics.X-CUBE-SAFEA1.1.2.2
2024-11-16 16:18:42,765 [WARN] PackLoader:240 - Cannot read IP mode file for STMicroelectronics.X-CUBE-NFC4.3.0.0
2024-11-16 16:18:42,782 [WARN] PackLoader:240 - Cannot read IP mode file for wolfSSL.I-CUBE-wolfMQTT.1.18.0
2024-11-16 16:18:42,807 [WARN] PackLoader:240 - Cannot read IP mode file for EmbeddedOffice.I-CUBE-FS-RTOS.1.0.1
2024-11-16 16:18:42,807 [ERROR] ConditionMgr:805 - Attr not supported : Dmpu
2024-11-16 16:18:42,807 [ERROR] ConditionMgr:805 - Attr not supported : Dmpu
2024-11-16 16:18:42,807 [ERROR] ConditionMgr:805 - Attr not supported : Dmpu
2024-11-16 16:18:42,807 [ERROR] ConditionMgr:805 - Attr not supported : Dmpu
2024-11-16 16:18:42,807 [ERROR] ConditionMgr:805 - Attr not supported : Dmpu
2024-11-16 16:18:42,808 [ERROR] ConditionMgr:805 - Attr not supported : Dmpu
2024-11-16 16:18:42,808 [ERROR] ConditionMgr:805 - Attr not supported : Dmpu
2024-11-16 16:18:42,808 [ERROR] ConditionMgr:805 - Attr not supported : Dmpu
2024-11-16 16:18:42,808 [ERROR] ConditionMgr:805 - Attr not supported : Dmpu
2024-11-16 16:18:42,808 [ERROR] ConditionMgr:805 - Attr not supported : Dmpu
2024-11-16 16:18:42,808 [ERROR] ConditionMgr:805 - Attr not supported : Dmpu
2024-11-16 16:18:42,808 [ERROR] ConditionMgr:805 - Attr not supported : Dmpu
2024-11-16 16:18:42,808 [ERROR] ConditionMgr:805 - Attr not supported : Dmpu
2024-11-16 16:18:42,808 [ERROR] ConditionMgr:805 - Attr not supported : Dmpu
2024-11-16 16:18:42,808 [ERROR] ConditionMgr:805 - Attr not supported : Dmpu
2024-11-16 16:18:42,808 [ERROR] ConditionMgr:805 - Attr not supported : Dmpu
2024-11-16 16:18:42,808 [ERROR] ConditionMgr:805 - Attr not supported : Dmpu
2024-11-16 16:18:42,809 [ERROR] ConditionMgr:805 - Attr not supported : Dmpu
2024-11-16 16:18:42,809 [ERROR] ConditionMgr:805 - Attr not supported : Dmpu
2024-11-16 16:18:42,809 [ERROR] ConditionMgr:805 - Attr not supported : Dmpu
2024-11-16 16:18:42,809 [ERROR] ConditionMgr:805 - Attr not supported : Dmpu
2024-11-16 16:18:42,809 [ERROR] ConditionMgr:805 - Attr not supported : Dmpu
2024-11-16 16:18:42,809 [ERROR] ConditionMgr:805 - Attr not supported : Dmpu
2024-11-16 16:18:42,809 [ERROR] ConditionMgr:805 - Attr not supported : Dmpu
2024-11-16 16:18:42,809 [ERROR] ConditionMgr:805 - Attr not supported : Dmpu
2024-11-16 16:18:42,809 [ERROR] ConditionMgr:805 - Attr not supported : Dmpu
2024-11-16 16:18:42,809 [ERROR] ConditionMgr:805 - Attr not supported : Dmpu
2024-11-16 16:18:42,809 [ERROR] ConditionMgr:805 - Attr not supported : Dmpu
2024-11-16 16:18:42,810 [ERROR] ConditionMgr:805 - Attr not supported : Dmpu
2024-11-16 16:18:42,810 [ERROR] ConditionMgr:805 - Attr not supported : Dmpu
2024-11-16 16:18:42,810 [ERROR] ConditionMgr:805 - Attr not supported : Dmpu
2024-11-16 16:18:42,810 [ERROR] ConditionMgr:805 - Attr not supported : Dmpu
2024-11-16 16:18:42,810 [ERROR] ConditionMgr:805 - Attr not supported : Dmpu
2024-11-16 16:18:42,810 [ERROR] ConditionMgr:805 - Attr not supported : Dmpu
2024-11-16 16:18:42,810 [ERROR] ConditionMgr:805 - Attr not supported : Dmpu
2024-11-16 16:18:42,810 [ERROR] ConditionMgr:805 - Attr not supported : Dmpu
2024-11-16 16:18:42,810 [ERROR] ConditionMgr:805 - Attr not supported : Dmpu
2024-11-16 16:18:42,810 [ERROR] ConditionMgr:805 - Attr not supported : Dmpu
2024-11-16 16:18:42,810 [ERROR] ConditionMgr:805 - Attr not supported : Dmpu
2024-11-16 16:18:42,810 [ERROR] ConditionMgr:805 - Attr not supported : Dmpu
2024-11-16 16:18:42,810 [ERROR] ConditionMgr:805 - Attr not supported : Dmpu
2024-11-16 16:18:42,810 [ERROR] ConditionMgr:805 - Attr not supported : Dmpu
2024-11-16 16:18:42,810 [ERROR] ConditionMgr:805 - Attr not supported : Dmpu
2024-11-16 16:18:42,810 [ERROR] ConditionMgr:805 - Attr not supported : Dmpu
2024-11-16 16:18:42,810 [ERROR] ConditionMgr:805 - Attr not supported : Dmpu
2024-11-16 16:18:42,811 [ERROR] ConditionMgr:805 - Attr not supported : Dmpu
2024-11-16 16:18:42,811 [ERROR] ConditionMgr:805 - Attr not supported : Dmpu
2024-11-16 16:18:42,811 [ERROR] ConditionMgr:805 - Attr not supported : Dmpu
2024-11-16 16:18:42,811 [ERROR] ConditionMgr:805 - Attr not supported : Dmpu
2024-11-16 16:18:42,811 [ERROR] ConditionMgr:805 - Attr not supported : Dmpu
2024-11-16 16:18:42,811 [ERROR] ConditionMgr:805 - Attr not supported : Dmpu
2024-11-16 16:18:42,811 [ERROR] ConditionMgr:805 - Attr not supported : Dmpu
2024-11-16 16:18:42,811 [ERROR] ConditionMgr:805 - Attr not supported : Dmpu
2024-11-16 16:18:42,811 [ERROR] ConditionMgr:805 - Attr not supported : Dmpu
2024-11-16 16:18:42,811 [ERROR] ConditionMgr:805 - Attr not supported : Dmpu
2024-11-16 16:18:42,811 [ERROR] ConditionMgr:805 - Attr not supported : Dmpu
2024-11-16 16:18:42,811 [ERROR] ConditionMgr:805 - Attr not supported : Dmpu
2024-11-16 16:18:42,811 [ERROR] ConditionMgr:805 - Attr not supported : Dmpu
2024-11-16 16:18:42,811 [ERROR] ConditionMgr:805 - Attr not supported : Dmpu
2024-11-16 16:18:42,811 [ERROR] ConditionMgr:805 - Attr not supported : Dmpu
2024-11-16 16:18:42,812 [ERROR] ConditionMgr:805 - Attr not supported : Dmpu
2024-11-16 16:18:42,812 [ERROR] ConditionMgr:805 - Attr not supported : Dmpu
2024-11-16 16:18:42,812 [ERROR] ConditionMgr:805 - Attr not supported : Dmpu
2024-11-16 16:18:42,812 [ERROR] ConditionMgr:805 - Attr not supported : Dmpu
2024-11-16 16:18:42,830 [WARN] PackLoader:240 - Cannot read IP mode file for STMicroelectronics.X-CUBE-BLEMGR.3.0.0
2024-11-16 16:18:42,848 [WARN] PackLoader:240 - Cannot read IP mode file for STMicroelectronics.X-CUBE-BLEMGR.1.3.0
2024-11-16 16:18:42,864 [WARN] PackLoader:240 - Cannot read IP mode file for RealThread.X-CUBE-RT-Thread_Nano.4.1.1
2024-11-16 16:18:42,870 [WARN] PackLoader:240 - Cannot read IP mode file for STMicroelectronics.FP-ATR-SIGFOX1.3.2.0
2024-11-16 16:18:42,876 [WARN] ConditionMgr:438 - getConditionDescription Invalid condition id : Cortex-A Device cause : null
2024-11-16 16:18:42,907 [WARN] ConditionMgr:1039 - genDependencies : Invalid condition id : Cortex-A Device cause : null
2024-11-16 16:18:42,907 [WARN] ConditionMgr:1039 - genDependencies : Invalid condition id : Cortex-A Device cause : null
2024-11-16 16:18:42,907 [WARN] ConditionMgr:1039 - genDependencies : Invalid condition id : Cortex-A Device cause : null
2024-11-16 16:18:42,925 [WARN] PackLoader:240 - Cannot read IP mode file for STMicroelectronics.X-CUBE-EEPRMA1.5.1.0
2024-11-16 16:18:42,999 [WARN] PackLoader:240 - Cannot read IP mode file for STMicroelectronics.X-CUBE-MEMS1.9.5.0
2024-11-16 16:18:43,149 [WARN] PackLoader:240 - Cannot read IP mode file for SEGGER.I-CUBE-embOS.1.3.1
2024-11-16 16:18:43,201 [WARN] PackLoader:240 - Cannot read IP mode file for STMicroelectronics.X-CUBE-ALGOBUILD.1.4.0
2024-11-16 16:18:43,222 [WARN] PackLoader:240 - Cannot read IP mode file for STMicroelectronics.X-CUBE-AI.9.1.0
2024-11-16 16:18:43,242 [WARN] PackLoader:240 - Cannot read IP mode file for STMicroelectronics.X-CUBE-GNSS1.6.0.0
2024-11-16 16:18:43,280 [WARN] PackLoader:240 - Cannot read IP mode file for STMicroelectronics.X-CUBE-AZRTOS-F4.1.1.0
2024-11-16 16:18:43,305 [WARN] PackLoader:240 - Cannot read IP mode file for STMicroelectronics.X-CUBE-ISPU.2.1.0
2024-11-16 16:18:43,326 [WARN] PackLoader:240 - Cannot read IP mode file for STMicroelectronics.X-CUBE-FREERTOS.1.2.0
2024-11-16 16:18:43,359 [WARN] PackLoader:240 - Cannot read IP mode file for STMicroelectronics.X-CUBE-AZRTOS-L5.2.0.0
2024-11-16 16:18:43,431 [WARN] PackLoader:240 - Cannot read IP mode file for STMicroelectronics.X-CUBE-MEMS1.9.6.0
2024-11-16 16:18:43,678 [WARN] PackLoader:240 - Cannot read IP mode file for STMicroelectronics.X-CUBE-EEPRMA1.4.2.0
2024-11-16 16:18:43,705 [WARN] PackLoader:240 - Cannot read IP mode file for STMicroelectronics.X-CUBE-NFC6.3.1.0
2024-11-16 16:18:43,729 [WARN] PackLoader:240 - Cannot read IP mode file for ITTIA_DB.I-CUBE-ITTIADB.8.8.0
2024-11-16 16:18:43,747 [WARN] PackLoader:240 - Cannot read IP mode file for emotas.I-CUBE-CANOPEN.1.1.3
2024-11-16 16:18:43,764 [WARN] PackLoader:240 - Cannot read IP mode file for STMicroelectronics.X-CUBE-BLEMGR.2.0.0
2024-11-16 16:18:43,782 [WARN] PackLoader:240 - Cannot read IP mode file for STMicroelectronics.X-CUBE-DPower.1.2.0
2024-11-16 16:18:43,799 [WARN] PackLoader:240 - Cannot read IP mode file for STMicroelectronics.X-CUBE-AI.9.0.0
2024-11-16 16:18:43,830 [WARN] ConditionMgr:438 - getConditionDescription Invalid condition id : UX DEVICE CLASS RTOS Condition cause : null
2024-11-16 16:18:43,830 [WARN] ConditionMgr:438 - getConditionDescription Invalid condition id : UX DEVICE CLASS RTOS Condition cause : null
2024-11-16 16:18:43,831 [WARN] PackLoader:240 - Cannot read IP mode file for STMicroelectronics.X-CUBE-AZRTOS-H7.3.1.0
2024-11-16 16:18:43,832 [WARN] ConditionMgr:1039 - genDependencies : Invalid condition id : UX DEVICE CLASS RTOS Condition cause : null
2024-11-16 16:18:43,832 [WARN] ConditionMgr:1039 - genDependencies : Invalid condition id : UX DEVICE CLASS RTOS Condition cause : null
2024-11-16 16:18:43,832 [WARN] ConditionMgr:1039 - genDependencies : Invalid condition id : UX DEVICE CLASS RTOS Condition cause : null
2024-11-16 16:18:43,832 [WARN] ConditionMgr:1039 - genDependencies : Invalid condition id : UX DEVICE CLASS RTOS Condition cause : null
2024-11-16 16:18:43,832 [WARN] ConditionMgr:1039 - genDependencies : Invalid condition id : UX DEVICE CLASS RTOS Condition cause : null
2024-11-16 16:18:43,849 [WARN] PackLoader:240 - Cannot read IP mode file for wolfSSL.I-CUBE-wolfSSL.5.5.4
2024-11-16 16:18:43,867 [WARN] PackLoader:240 - Cannot read IP mode file for STMicroelectronics.X-CUBE-NFC7.1.0.1
2024-11-16 16:18:43,882 [WARN] PackLoader:240 - Cannot read IP mode file for STMicroelectronics.X-CUBE-NFC7.1.0.0
2024-11-16 16:18:43,889 [WARN] PackLoader:240 - Cannot read IP mode file for wolfSSL.I-CUBE-wolfTPM.3.2.0
2024-11-16 16:18:43,909 [WARN] PackLoader:240 - Cannot read IP mode file for STMicroelectronics.X-CUBE-NFC6.3.0.0
2024-11-16 16:18:43,932 [WARN] PackLoader:240 - Cannot read IP mode file for STMicroelectronics.X-CUBE-EEPRMA1.4.1.0
2024-11-16 16:18:43,951 [WARN] PackLoader:240 - Cannot read IP mode file for STMicroelectronics.X-CUBE-AI.8.1.0
2024-11-16 16:18:43,987 [WARN] ConditionMgr:438 - getConditionDescription Invalid condition id : LAN8742 Phy interface Condition cause : null
2024-11-16 16:18:43,988 [WARN] PackLoader:240 - Cannot read IP mode file for STMicroelectronics.X-CUBE-AZRTOS-L4.2.0.0
2024-11-16 16:18:43,988 [WARN] ConditionMgr:1039 - genDependencies : Invalid condition id : LAN8742 Phy interface Condition cause : null
2024-11-16 16:18:43,988 [WARN] ConditionMgr:1039 - genDependencies : Invalid condition id : LAN8742 Phy interface Condition cause : null
2024-11-16 16:18:43,988 [WARN] ConditionMgr:1039 - genDependencies : Invalid condition id : LAN8742 Phy interface Condition cause : null
2024-11-16 16:18:44,005 [INFO] WebApp:167 - Instantiating new browser for Auth
2024-11-16 16:18:44,010 [WARN] PackLoader:240 - Cannot read IP mode file for STMicroelectronics.X-CUBE-SFXS2LP1.4.0.0
2024-11-16 16:18:44,056 [WARN] PackLoader:240 - Cannot read IP mode file for STMicroelectronics.X-CUBE-AZRTOS-H7.3.0.0
2024-11-16 16:18:44,081 [WARN] PackLoader:240 - Cannot read IP mode file for STMicroelectronics.X-CUBE-ISPU.1.1.0
2024-11-16 16:18:44,117 [WARN] PackLoader:240 - Cannot read IP mode file for STMicroelectronics.X-CUBE-AZRTOS-H7.3.3.0
2024-11-16 16:18:44,136 [WARN] PackLoader:240 - Cannot read IP mode file for RoweBots.I-CUBE-UNISONRTOS.5.5.0-4
2024-11-16 16:18:44,154 [WARN] PackLoader:240 - Cannot read IP mode file for STMicroelectronics.X-CUBE-AI.8.0.0
2024-11-16 16:18:44,175 [WARN] PackLoader:240 - Cannot read IP mode file for STMicroelectronics.X-CUBE-IPS.3.0.0
2024-11-16 16:18:44,204 [WARN] ConditionMgr:438 - getConditionDescription Invalid condition id : UX DEVICE CLASS RTOS Condition cause : null
2024-11-16 16:18:44,204 [WARN] ConditionMgr:438 - getConditionDescription Invalid condition id : UX DEVICE CLASS RTOS Condition cause : null
2024-11-16 16:18:44,205 [WARN] PackLoader:240 - Cannot read IP mode file for STMicroelectronics.X-CUBE-AZRTOS-WB.2.0.0
2024-11-16 16:18:44,205 [WARN] ConditionMgr:1039 - genDependencies : Invalid condition id : UX DEVICE CLASS RTOS Condition cause : null
2024-11-16 16:18:44,205 [WARN] ConditionMgr:1039 - genDependencies : Invalid condition id : UX DEVICE CLASS RTOS Condition cause : null
2024-11-16 16:18:44,207 [WARN] ConditionMgr:1039 - genDependencies : Invalid condition id : UX DEVICE CLASS RTOS Condition cause : null
2024-11-16 16:18:44,207 [WARN] ConditionMgr:1039 - genDependencies : Invalid condition id : UX DEVICE CLASS RTOS Condition cause : null
2024-11-16 16:18:44,207 [WARN] ConditionMgr:1039 - genDependencies : Invalid condition id : UX DEVICE CLASS RTOS Condition cause : null
2024-11-16 16:18:44,222 [WARN] PackLoader:240 - Cannot read IP mode file for STMicroelectronics.X-CUBE-FREERTOS.1.0.0
2024-11-16 16:18:44,237 [WARN] PackLoader:240 - Cannot read IP mode file for STMicroelectronics.X-CUBE-FREERTOS.1.0.1
2024-11-16 16:18:44,252 [WARN] PackLoader:240 - Cannot read IP mode file for STMicroelectronics.X-CUBE-GNSS1.7.0.0
2024-11-16 16:18:44,267 [WARN] PackLoader:240 - Cannot read IP mode file for STMicroelectronics.FP-SNS-STBOX1.2.0.0
2024-11-16 16:18:44,294 [WARN] PackLoader:240 - Cannot read IP mode file for STMicroelectronics.X-CUBE-AZRTOS-L5.1.1.0
2024-11-16 16:18:44,311 [WARN] PackLoader:240 - Cannot read IP mode file for STMicroelectronics.X-CUBE-AI.8.0.1
2024-11-16 16:18:44,332 [WARN] PackLoader:240 - Cannot read IP mode file for STMicroelectronics.X-CUBE-SUBG2.5.0.0
2024-11-16 16:18:44,342 [WARN] PackLoader:240 - Cannot read IP mode file for Cesanta.I-CUBE-Mongoose.7.13.0
2024-11-16 16:18:44,364 [WARN] PackLoader:240 - Cannot read IP mode file for STMicroelectronics.X-CUBE-TOF1.3.3.1
2024-11-16 16:18:44,401 [WARN] PackLoader:240 - Cannot read IP mode file for STMicroelectronics.X-CUBE-AZRTOS-G4.2.0.0
2024-11-16 16:18:44,427 [WARN] PackLoader:240 - Cannot read IP mode file for STMicroelectronics.X-CUBE-TOF1.3.3.0
2024-11-16 16:18:44,447 [WARN] PackLoader:240 - Cannot read IP mode file for STMicroelectronics.FP-ATR-ASTRA1.1.1.1
2024-11-16 16:18:44,506 [WARN] PackLoader:240 - Cannot read IP mode file for Infineon.AIROC-Wi-Fi-Bluetooth-STM32.1.5.1
2024-11-16 16:18:44,552 [WARN] PackLoader:240 - Cannot read IP mode file for STMicroelectronics.FP-SNS-MOTENVWB1.1.3.0
2024-11-16 16:18:44,573 [WARN] PackLoader:240 - Cannot read IP mode file for STMicroelectronics.FP-SNS-MOTENVWB1.1.3.1
2024-11-16 16:18:44,610 [WARN] PackLoader:240 - Cannot read IP mode file for STMicroelectronics.X-CUBE-AZRTOS-G4.1.0.0
2024-11-16 16:18:44,655 [WARN] PackLoader:240 - Cannot read IP mode file for STMicroelectronics.X-CUBE-AZRTOS-L4.1.0.0
2024-11-16 16:18:44,680 [WARN] PackLoader:240 - Cannot read IP mode file for STMicroelectronics.X-CUBE-ISPU.2.0.0
2024-11-16 16:18:44,700 [WARN] PackLoader:240 - Cannot read IP mode file for STMicroelectronics.X-CUBE-ALS.1.0.2
2024-11-16 16:18:44,768 [WARN] PackLoader:240 - Cannot read IP mode file for STMicroelectronics.X-CUBE-MEMS1.10.0.0
2024-11-16 16:18:44,854 [WARN] PackLoader:240 - Cannot read IP mode file for STMicroelectronics.X-CUBE-FREERTOS.1.1.0
2024-11-16 16:18:44,871 [WARN] PackLoader:240 - Cannot read IP mode file for STMicroelectronics.X-CUBE-TOUCHGFX.4.24.0
2024-11-16 16:18:44,891 [WARN] PackLoader:240 - Cannot read IP mode file for STMicroelectronics.X-CUBE-AZRTOS-WL.1.0.0
2024-11-16 16:18:44,904 [WARN] PackLoader:240 - Cannot read IP mode file for STMicroelectronics.X-CUBE-TOUCHGFX.4.24.1
2024-11-16 16:18:44,920 [WARN] PackLoader:240 - Cannot read IP mode file for portGmbH.I-Cube-SoM-uGOAL.1.1.0
2024-11-16 16:18:44,933 [WARN] PackLoader:240 - Cannot read IP mode file for STMicroelectronics.X-CUBE-ALS.1.0.1
2024-11-16 16:18:44,964 [WARN] PackLoader:240 - Cannot read IP mode file for STMicroelectronics.X-CUBE-AZRTOS-WB.1.1.0
2024-11-16 16:18:45,013 [WARN] PackLoader:240 - Cannot read IP mode file for STMicroelectronics.X-CUBE-AZRTOS-H7RS.1.0.0
2024-11-16 16:18:45,020 [WARN] PackLoader:240 - Cannot read IP mode file for STMicroelectronics.FP-ATR-ASTRA1.2.0.0
2024-11-16 16:18:45,042 [WARN] PackLoader:240 - Cannot read IP mode file for STMicroelectronics.X-CUBE-TOF1.3.4.2
2024-11-16 16:18:45,066 [WARN] PackLoader:240 - Cannot read IP mode file for STMicroelectronics.X-CUBE-TOF1.3.4.0
2024-11-16 16:18:45,089 [WARN] PackLoader:240 - Cannot read IP mode file for STMicroelectronics.X-CUBE-TOF1.3.4.1
2024-11-16 16:18:45,108 [INFO] WebApp:448 - Apply proxy settings
2024-11-16 16:18:45,108 [INFO] WebApp:533 - Chromium requires no authentication
2024-11-16 16:18:45,120 [INFO] WebApp:476 - Direct internet connection detected
2024-11-16 16:18:45,125 [WARN] PackLoader:240 - Cannot read IP mode file for STMicroelectronics.X-CUBE-AZRTOS-H7.3.2.0
2024-11-16 16:18:45,131 [WARN] PackLoader:240 - Cannot read IP mode file for wolfSSL.I-CUBE-wolfSSH.1.4.17
2024-11-16 16:18:45,131 [INFO] ThirdParty:978 - Integrity check success = true
2024-11-16 16:18:45,131 [INFO] IntegrityCheckThread:100 - exiting critical section [integrity check]
2024-11-16 16:18:45,131 [INFO] IntegrityCheckThread:103 - End integrity checks thread
2024-11-16 16:18:45,149 [INFO] WebApp:869 - Register for checkConnection events
2024-11-16 16:18:45,149 [INFO] WebApp:448 - Apply proxy settings
2024-11-16 16:18:45,149 [INFO] WebApp:533 - Chromium requires no authentication
2024-11-16 16:18:45,149 [INFO] WebApp:476 - Direct internet connection detected
2024-11-16 16:18:45,344 [INFO] WebApp:220 - Starting web application
2024-11-16 16:18:45,344 [INFO] WebApp:578 - Web application path used C:\ST\STM32CubeIDE_1.11.2\STM32CubeIDE\plugins\com.st.stm32cube.common.mx_6.12.1.202409122256\db\plugins\mcufinder\reactClient1\index.html
2024-11-16 16:18:45,470 [INFO] WebApp:186 - Connection restablished
2024-11-16 16:18:45,527 [INFO] UserAuth:417 - Internet connection configuration mode: 1
2024-11-16 16:27:32,869 [ERROR] LogOutputStream:75 - [STDERR_REDIRECT] 
