2024-06-12 19:02:29,275 [INFO] Activator:176 - 


2024-06-12 19:02:29,280 [INFO] Activator:177 - !SESSION log4j initialized
2024-06-12 19:02:34,265 [INFO] LogOutputStream:77 - [STDOUT_REDIRECT] 
2024-06-12 19:02:36,785 [INFO] ApplicationProperties:184 - Using Application install path: C:\ST\STM32CubeIDE_1.11.2\STM32CubeIDE\plugins\com.st.stm32cube.common.mx_6.11.1.202404110753
2024-06-12 19:02:36,809 [INFO] DbMcusXml:78 - Set database path to: C:\ST\STM32CubeIDE_1.11.2\STM32CubeIDE\plugins\com.st.stm32cube.common.mx_6.11.1.202404110753\\db\/mcu/
2024-06-12 19:02:36,809 [INFO] ApiDb:274 - Set plugin database path to: C:\ST\STM32CubeIDE_1.11.2\STM32CubeIDE\plugins\com.st.stm32cube.common.mx_6.11.1.202404110753\\db\/plugins/boardmanager/
2024-06-12 19:02:36,809 [WARN] ApiDb:259 - Overriding images path with different value:  => C:\ST\STM32CubeIDE_1.11.2\STM32CubeIDE\plugins\com.st.stm32cube.common.mx_6.11.1.202404110753\\db\/plugins/mcufinder/images/
2024-06-12 19:02:36,816 [INFO] ApiDb:250 - Set database path to: C:\Users\bakra\.stmcufinder\plugins\mcufinder//mcu/
2024-06-12 19:02:36,817 [INFO] DbMcusAds:125 - Set database path to: C:\Users\bakra\.stmcufinder\plugins\mcufinder//mcu/
2024-06-12 19:02:36,818 [INFO] CrossReferenceDbSqlite:203 - Set database path to: C:\Users\bakra\.stmcufinder\plugins\mcufinder//mcu/cs/
2024-06-12 19:02:36,917 [INFO] RulesReader:64 - Compatibility file has been processed (297 Rules)
2024-06-12 19:02:37,029 [INFO] DbMcusXml:78 - Set database path to: C:\ST\STM32CubeIDE_1.11.2\STM32CubeIDE\plugins\com.st.stm32cube.common.mx_6.11.1.202404110753\\db\/mcu/
2024-06-12 19:02:37,029 [INFO] ApiDb:274 - Set plugin database path to: C:\ST\STM32CubeIDE_1.11.2\STM32CubeIDE\plugins\com.st.stm32cube.common.mx_6.11.1.202404110753\\db\/plugins/boardmanager/
2024-06-12 19:02:37,029 [INFO] ApiDb:261 - Set plugin images path to: C:\ST\STM32CubeIDE_1.11.2\STM32CubeIDE\plugins\com.st.stm32cube.common.mx_6.11.1.202404110753\\db\/plugins/mcufinder/images/
2024-06-12 19:02:37,030 [WARN] DbFile:41 - Overriding database path with different value: C:\Users\bakra\.stmcufinder\plugins\mcufinder/ => C:\Users\bakra\.stmcufinder\plugins\mcufinder
2024-06-12 19:02:37,030 [INFO] ApiDb:250 - Set database path to: C:\Users\bakra\.stmcufinder\plugins\mcufinder//mcu/
2024-06-12 19:02:37,030 [WARN] DbFile:41 - Overriding database path with different value: C:\Users\bakra\.stmcufinder\plugins\mcufinder/ => C:\Users\bakra\.stmcufinder\plugins\mcufinder
2024-06-12 19:02:37,030 [INFO] DbMcusAds:125 - Set database path to: C:\Users\bakra\.stmcufinder\plugins\mcufinder//mcu/
2024-06-12 19:02:37,030 [WARN] DbFile:41 - Overriding database path with different value: C:\Users\bakra\.stmcufinder\plugins\mcufinder/ => C:\Users\bakra\.stmcufinder\plugins\mcufinder
2024-06-12 19:02:37,030 [WARN] DbFile:41 - Overriding database path with different value: C:\Users\bakra\.stmcufinder\plugins\mcufinder/ => C:\Users\bakra\.stmcufinder\plugins\mcufinder
2024-06-12 19:02:37,030 [INFO] CrossReferenceDbSqlite:203 - Set database path to: C:\Users\bakra\.stmcufinder\plugins\mcufinder//mcu/cs/
2024-06-12 19:02:37,144 [INFO] MainPanel:264 - HeapMemory: 268435456
2024-06-12 19:02:37,294 [INFO] DbMcusXml:78 - Set database path to: C:\ST\STM32CubeIDE_1.11.2\STM32CubeIDE\plugins\com.st.stm32cube.common.mx_6.11.1.202404110753\\db\/mcu/
2024-06-12 19:02:37,294 [INFO] ApiDb:274 - Set plugin database path to: C:\ST\STM32CubeIDE_1.11.2\STM32CubeIDE\plugins\com.st.stm32cube.common.mx_6.11.1.202404110753\\db\/plugins/boardmanager/
2024-06-12 19:02:37,294 [INFO] ApiDb:261 - Set plugin images path to: C:\ST\STM32CubeIDE_1.11.2\STM32CubeIDE\plugins\com.st.stm32cube.common.mx_6.11.1.202404110753\\db\/plugins/mcufinder/images/
2024-06-12 19:02:37,294 [WARN] DbFile:41 - Overriding database path with different value: C:\Users\bakra\.stmcufinder\plugins\mcufinder/ => C:\Users\bakra\.stmcufinder\plugins\mcufinder
2024-06-12 19:02:37,295 [INFO] ApiDb:250 - Set database path to: C:\Users\bakra\.stmcufinder\plugins\mcufinder//mcu/
2024-06-12 19:02:37,295 [WARN] DbFile:41 - Overriding database path with different value: C:\Users\bakra\.stmcufinder\plugins\mcufinder/ => C:\Users\bakra\.stmcufinder\plugins\mcufinder
2024-06-12 19:02:37,295 [INFO] DbMcusAds:125 - Set database path to: C:\Users\bakra\.stmcufinder\plugins\mcufinder//mcu/
2024-06-12 19:02:37,295 [WARN] DbFile:41 - Overriding database path with different value: C:\Users\bakra\.stmcufinder\plugins\mcufinder/ => C:\Users\bakra\.stmcufinder\plugins\mcufinder
2024-06-12 19:02:37,295 [WARN] DbFile:41 - Overriding database path with different value: C:\Users\bakra\.stmcufinder\plugins\mcufinder/ => C:\Users\bakra\.stmcufinder\plugins\mcufinder
2024-06-12 19:02:37,295 [INFO] CrossReferenceDbSqlite:203 - Set database path to: C:\Users\bakra\.stmcufinder\plugins\mcufinder//mcu/cs/
2024-06-12 19:02:37,319 [INFO] ApplicationProperties:184 - Using Application install path: C:\ST\STM32CubeIDE_1.11.2\STM32CubeIDE\plugins\com.st.stm32cube.common.mx_6.11.1.202404110753
2024-06-12 19:02:37,322 [INFO] PluginManage:196 - Search for loadable plugins [exclusion list=, ]
2024-06-12 19:02:37,324 [INFO] PluginManage:310 - Check plugin analytics
2024-06-12 19:02:37,463 [INFO] AnalyticsPlugin:253 - Accepted Software Licenses: 
2024-06-12 19:02:37,464 [INFO] AnalyticsPlugin:255 - Accepted CMSIS Pack Licenses: 
2024-06-12 19:02:37,464 [INFO] AnalyticsPlugin:257 - Accepted Firmware Licenses: 
2024-06-12 19:02:37,465 [INFO] PluginManage:359 - Loaded plugin analytics (category:tool,tabindex:-1)
2024-06-12 19:02:37,466 [INFO] PluginManage:310 - Check plugin cadmodel
2024-06-12 19:02:37,519 [INFO] CADModel:105 - Init CAD model plugin
2024-06-12 19:02:37,519 [INFO] PluginManage:359 - Loaded plugin cadmodel (category:power,tabindex:5)
2024-06-12 19:02:37,519 [INFO] PluginManage:310 - Check plugin clock
2024-06-12 19:02:37,542 [INFO] PluginManage:359 - Loaded plugin clock (category:base,tabindex:2)
2024-06-12 19:02:37,543 [INFO] PluginManage:310 - Check plugin ddr
2024-06-12 19:02:37,545 [INFO] PluginManage:359 - Loaded plugin ddr (category:tool,tabindex:6)
2024-06-12 19:02:37,545 [INFO] PluginManage:310 - Check plugin filemanager
2024-06-12 19:02:37,686 [INFO] PluginManage:359 - Loaded plugin filemanager (category:base,tabindex:10)
2024-06-12 19:02:37,686 [INFO] PluginManage:310 - Check plugin ipmanager
2024-06-12 19:02:37,693 [INFO] PluginManage:359 - Loaded plugin ipmanager (category:base,tabindex:5)
2024-06-12 19:02:37,693 [INFO] PluginManage:310 - Check plugin lpbam
2024-06-12 19:02:37,711 [INFO] PluginManage:359 - Loaded plugin lpbam (category:base,tabindex:0)
2024-06-12 19:02:37,711 [INFO] PluginManage:310 - Check plugin memorymap
2024-06-12 19:02:37,742 [INFO] PluginManage:359 - Loaded plugin memorymap (category:base,tabindex:4)
2024-06-12 19:02:37,743 [INFO] PluginManage:310 - Check plugin pinoutandconfiguration
2024-06-12 19:02:37,758 [INFO] PluginManage:359 - Loaded plugin pinoutandconfiguration (category:base,tabindex:1)
2024-06-12 19:02:37,758 [INFO] PluginManage:310 - Check plugin pinoutconfig
2024-06-12 19:02:37,857 [WARN] SupportedApi:132 - Cannot load RTOS API schema: s4s-elt-must-match.1: The content of 'definitions' must match (annotation?, (simpleType | complexType)?, (unique | key | keyref)*)). A problem was found starting at: attribute.
2024-06-12 19:02:38,009 [INFO] PluginManage:359 - Loaded plugin pinoutconfig (category:base,tabindex:0)
2024-06-12 19:02:38,010 [INFO] PluginManage:310 - Check plugin power
2024-06-12 19:02:38,031 [INFO] PluginManage:359 - Loaded plugin power (category:power,tabindex:4)
2024-06-12 19:02:38,031 [INFO] PluginManage:310 - Check plugin projectmanager
2024-06-12 19:02:38,045 [INFO] PluginManage:359 - Loaded plugin projectmanager (category:projectmanager,tabindex:3)
2024-06-12 19:02:38,046 [INFO] PluginManage:310 - Check plugin thirdparty
2024-06-12 19:02:38,300 [INFO] PluginManage:359 - Loaded plugin thirdparty (category:base,tabindex:-1)
2024-06-12 19:02:38,300 [WARN] IntegrityCheckThread:84 - waiting for thirdparty lock release [integrity check]
2024-06-12 19:02:38,300 [INFO] PluginManage:310 - Check plugin tools
2024-06-12 19:02:38,300 [INFO] IntegrityCheckThread:86 - entering critical section [integrity check]
2024-06-12 19:02:38,301 [INFO] ThirdPartyUpdaterWithRetryManager:70 - Updater plugin not ready yet. [1/15]
2024-06-12 19:02:38,332 [INFO] PluginManage:359 - Loaded plugin tools (category:base,tabindex:7)
2024-06-12 19:02:38,333 [INFO] PluginManage:310 - Check plugin tutovideos
2024-06-12 19:02:38,549 [INFO] PluginManage:359 - Loaded plugin tutovideos (category:base,tabindex:-1)
2024-06-12 19:02:38,550 [INFO] PluginManage:310 - Check plugin updater
2024-06-12 19:02:38,568 [INFO] PluginManage:359 - Loaded plugin updater (category:base,tabindex:12)
2024-06-12 19:02:38,568 [INFO] PluginManage:310 - Check plugin userauth
2024-06-12 19:02:38,577 [INFO] UserAuth:114 - Init User Auth plugin
2024-06-12 19:02:38,577 [INFO] PluginManage:359 - Loaded plugin userauth (category:base,tabindex:14)
2024-06-12 19:02:38,577 [INFO] PluginManage:283 - PluginManage : Loaded plugins [17]
2024-06-12 19:02:38,873 [INFO] PinOutPanel:1561 - setPackage(No Configuration,No Configuration)
2024-06-12 19:02:38,985 [INFO] CADModel:165 - CPN selected for project level
2024-06-12 19:02:38,986 [INFO] CADModel:114 - Register for checkConnection events
2024-06-12 19:02:39,018 [INFO] IPUIPlugin:80 - create IPUIPlugin
2024-06-12 19:02:39,018 [INFO] PluginManager:220 - loadIPPluginJar : add adc
2024-06-12 19:02:39,057 [INFO] IPUIPlugin:80 - create IPUIPlugin
2024-06-12 19:02:39,057 [INFO] PluginManager:220 - loadIPPluginJar : add aes
2024-06-12 19:02:39,107 [INFO] IPUIPlugin:80 - create IPUIPlugin
2024-06-12 19:02:39,107 [INFO] PluginManager:220 - loadIPPluginJar : add can
2024-06-12 19:02:39,135 [INFO] IPUIPlugin:80 - create IPUIPlugin
2024-06-12 19:02:39,135 [INFO] PluginManager:220 - loadIPPluginJar : add comp
2024-06-12 19:02:39,178 [INFO] IPUIPlugin:80 - create IPUIPlugin
2024-06-12 19:02:39,178 [INFO] PluginManager:220 - loadIPPluginJar : add cryp
2024-06-12 19:02:39,237 [INFO] IPUIPlugin:80 - create IPUIPlugin
2024-06-12 19:02:39,238 [INFO] PluginManager:220 - loadIPPluginJar : add dfsdm
2024-06-12 19:02:39,277 [INFO] IPUIPlugin:80 - create IPUIPlugin
2024-06-12 19:02:39,279 [INFO] PluginManager:220 - loadIPPluginJar : add dma
2024-06-12 19:02:39,365 [INFO] IPUIPlugin:80 - create IPUIPlugin
2024-06-12 19:02:39,366 [INFO] PluginManager:220 - loadIPPluginJar : add dma3
2024-06-12 19:02:39,443 [INFO] IPUIPlugin:80 - create IPUIPlugin
2024-06-12 19:02:39,443 [INFO] PluginManager:220 - loadIPPluginJar : add extmemmanager
2024-06-12 19:02:39,490 [INFO] IPUIPlugin:80 - create IPUIPlugin
2024-06-12 19:02:39,490 [INFO] PluginManager:220 - loadIPPluginJar : add fatfs
2024-06-12 19:02:39,559 [INFO] IPUIPlugin:80 - create IPUIPlugin
2024-06-12 19:02:39,559 [INFO] PluginManager:220 - loadIPPluginJar : add fmc
2024-06-12 19:02:39,579 [INFO] IPUIPlugin:80 - create IPUIPlugin
2024-06-12 19:02:39,580 [INFO] PluginManager:220 - loadIPPluginJar : add freertos
2024-06-12 19:02:39,605 [INFO] IPUIPlugin:80 - create IPUIPlugin
2024-06-12 19:02:39,605 [INFO] PluginManager:220 - loadIPPluginJar : add genericplugin
2024-06-12 19:02:39,729 [INFO] IPUIPlugin:80 - create IPUIPlugin
2024-06-12 19:02:39,729 [INFO] PluginManager:220 - loadIPPluginJar : add gfxmmu
2024-06-12 19:02:39,908 [INFO] IPUIPlugin:80 - create IPUIPlugin
2024-06-12 19:02:39,908 [INFO] PluginManager:220 - loadIPPluginJar : add gic
2024-06-12 19:02:39,923 [INFO] IPUIPlugin:80 - create IPUIPlugin
2024-06-12 19:02:39,923 [INFO] PluginManager:220 - loadIPPluginJar : add gpio
2024-06-12 19:02:40,036 [INFO] IPUIPlugin:80 - create IPUIPlugin
2024-06-12 19:02:40,036 [INFO] PluginManager:220 - loadIPPluginJar : add gtzc
2024-06-12 19:02:40,079 [INFO] IPUIPlugin:80 - create IPUIPlugin
2024-06-12 19:02:40,079 [INFO] PluginManager:220 - loadIPPluginJar : add hash
2024-06-12 19:02:40,152 [INFO] IPUIPlugin:80 - create IPUIPlugin
2024-06-12 19:02:40,152 [INFO] PluginManager:220 - loadIPPluginJar : add i2c
2024-06-12 19:02:40,209 [INFO] IPUIPlugin:80 - create IPUIPlugin
2024-06-12 19:02:40,209 [INFO] PluginManager:220 - loadIPPluginJar : add i2s
2024-06-12 19:02:40,266 [INFO] IPUIPlugin:80 - create IPUIPlugin
2024-06-12 19:02:40,266 [INFO] PluginManager:220 - loadIPPluginJar : add i3c
2024-06-12 19:02:40,414 [INFO] IPUIPlugin:80 - create IPUIPlugin
2024-06-12 19:02:40,415 [INFO] PluginManager:220 - loadIPPluginJar : add ipddr
2024-06-12 19:02:40,566 [INFO] IPUIPlugin:80 - create IPUIPlugin
2024-06-12 19:02:40,567 [INFO] PluginManager:220 - loadIPPluginJar : add linkedlist
2024-06-12 19:02:40,623 [INFO] IPUIPlugin:80 - create IPUIPlugin
2024-06-12 19:02:40,623 [INFO] PluginManager:220 - loadIPPluginJar : add lorawan
2024-06-12 19:02:40,673 [INFO] IPUIPlugin:80 - create IPUIPlugin
2024-06-12 19:02:40,673 [INFO] PluginManager:220 - loadIPPluginJar : add ltdc
2024-06-12 19:02:40,691 [INFO] IPUIPlugin:80 - create IPUIPlugin
2024-06-12 19:02:40,691 [INFO] PluginManager:220 - loadIPPluginJar : add mdma
2024-06-12 19:02:40,706 [INFO] IPUIPlugin:80 - create IPUIPlugin
2024-06-12 19:02:40,707 [INFO] PluginManager:220 - loadIPPluginJar : add nvic
2024-06-12 19:02:40,748 [INFO] IPUIPlugin:80 - create IPUIPlugin
2024-06-12 19:02:40,748 [INFO] PluginManager:220 - loadIPPluginJar : add opamp
2024-06-12 19:02:40,859 [INFO] IPUIPlugin:80 - create IPUIPlugin
2024-06-12 19:02:40,859 [INFO] PluginManager:220 - loadIPPluginJar : add openamp
2024-06-12 19:02:40,932 [INFO] IPUIPlugin:80 - create IPUIPlugin
2024-06-12 19:02:40,932 [INFO] PluginManager:220 - loadIPPluginJar : add pdm2pcm
2024-06-12 19:02:40,955 [INFO] IPUIPlugin:80 - create IPUIPlugin
2024-06-12 19:02:40,959 [INFO] PluginManager:220 - loadIPPluginJar : add plateformsettings
2024-06-12 19:02:41,001 [INFO] IPUIPlugin:80 - create IPUIPlugin
2024-06-12 19:02:41,001 [INFO] PluginManager:220 - loadIPPluginJar : add quadspi
2024-06-12 19:02:41,019 [INFO] IPUIPlugin:80 - create IPUIPlugin
2024-06-12 19:02:41,019 [INFO] PluginManager:220 - loadIPPluginJar : add resmgrutility
2024-06-12 19:02:41,100 [INFO] IPUIPlugin:80 - create IPUIPlugin
2024-06-12 19:02:41,101 [INFO] PluginManager:220 - loadIPPluginJar : add sai
2024-06-12 19:02:41,157 [INFO] IPUIPlugin:80 - create IPUIPlugin
2024-06-12 19:02:41,157 [INFO] PluginManager:220 - loadIPPluginJar : add spi
2024-06-12 19:02:41,244 [INFO] IPUIPlugin:80 - create IPUIPlugin
2024-06-12 19:02:41,245 [INFO] PluginManager:220 - loadIPPluginJar : add stm32_wpan
2024-06-12 19:02:41,275 [INFO] IPUIPlugin:80 - create IPUIPlugin
2024-06-12 19:02:41,275 [INFO] PluginManager:220 - loadIPPluginJar : add tim
2024-06-12 19:02:41,302 [INFO] ThirdPartyUpdaterWithRetryManager:70 - Updater plugin not ready yet. [2/15]
2024-06-12 19:02:41,355 [INFO] IPUIPlugin:80 - create IPUIPlugin
2024-06-12 19:02:41,355 [INFO] PluginManager:220 - loadIPPluginJar : add touchsensing
2024-06-12 19:02:41,383 [INFO] IPUIPlugin:80 - create IPUIPlugin
2024-06-12 19:02:41,383 [INFO] PluginManager:220 - loadIPPluginJar : add tracer_emb
2024-06-12 19:02:41,416 [INFO] IPUIPlugin:80 - create IPUIPlugin
2024-06-12 19:02:41,416 [INFO] PluginManager:220 - loadIPPluginJar : add ts
2024-06-12 19:02:41,442 [INFO] IPUIPlugin:80 - create IPUIPlugin
2024-06-12 19:02:41,442 [INFO] PluginManager:220 - loadIPPluginJar : add tsc
2024-06-12 19:02:41,473 [INFO] IPUIPlugin:80 - create IPUIPlugin
2024-06-12 19:02:41,473 [INFO] PluginManager:220 - loadIPPluginJar : add ucpd
2024-06-12 19:02:41,527 [INFO] IPUIPlugin:80 - create IPUIPlugin
2024-06-12 19:02:41,527 [INFO] PluginManager:220 - loadIPPluginJar : add usart
2024-06-12 19:02:41,577 [INFO] IPUIPlugin:80 - create IPUIPlugin
2024-06-12 19:02:41,577 [INFO] PluginManager:220 - loadIPPluginJar : add usbx
2024-06-12 19:02:41,721 [INFO] CADModel:165 - CPN selected for project level
2024-06-12 19:02:41,721 [INFO] CADModel:114 - Register for checkConnection events
2024-06-12 19:02:41,722 [FATAL] Updater:308 - Updater called before beeing initialized
2024-06-12 19:02:41,722 [ERROR] CADModel:125 - Updater not yet initialized, retry later 
2024-06-12 19:02:41,939 [INFO] CADModel:165 - CPN selected for project level
2024-06-12 19:02:41,940 [INFO] CADModel:114 - Register for checkConnection events
2024-06-12 19:02:41,940 [FATAL] Updater:308 - Updater called before beeing initialized
2024-06-12 19:02:41,940 [ERROR] CADModel:125 - Updater not yet initialized, retry later 
2024-06-12 19:02:41,945 [FATAL] Updater:308 - Updater called before beeing initialized
2024-06-12 19:02:42,120 [FATAL] Updater:308 - Updater called before beeing initialized
2024-06-12 19:02:42,137 [INFO] DbMcusAds:53 - JSON generation date=Thu May 16 05:22:00 EDT 2024 (1715851320852)
2024-06-12 19:02:42,137 [FATAL] Updater:308 - Updater called before beeing initialized
2024-06-12 19:02:42,202 [WARN] DetailPanel:346 - Failed to get advertising image, set to default
2024-06-12 19:02:42,327 [FATAL] Updater:308 - Updater called before beeing initialized
2024-06-12 19:02:42,332 [FATAL] Updater:308 - Updater called before beeing initialized
2024-06-12 19:02:42,332 [FATAL] Updater:308 - Updater called before beeing initialized
2024-06-12 19:02:42,332 [WARN] DetailPanel:346 - Failed to get advertising image, set to default
2024-06-12 19:02:42,334 [FATAL] Updater:308 - Updater called before beeing initialized
2024-06-12 19:02:42,449 [ERROR] Updater:1120 - MainUpdater not yet initialized. External WinMGr cannot be set.
2024-06-12 19:02:42,465 [INFO] Updater:1056 - Updater Version found : 6.11.1
2024-06-12 19:02:42,501 [INFO] ApplicationProperties:184 - Using Application install path: C:\ST\STM32CubeIDE_1.11.2\STM32CubeIDE\plugins\com.st.stm32cube.common.mx_6.11.1.202404110753
2024-06-12 19:02:44,079 [ERROR] LogOutputStream:75 - [STDERR_REDIRECT] Jun 12, 2024 7:02:44 PM java.util.prefs.WindowsPreferences <init>
2024-06-12 19:02:44,081 [ERROR] LogOutputStream:75 - [STDERR_REDIRECT] WARNING: Could not open/create prefs root node Software\JavaSoft\Prefs at root 0xffffffff80000002. Windows RegCreateKeyEx(...) returned error code 5.
2024-06-12 19:02:44,081 [ERROR] LogOutputStream:75 - [STDERR_REDIRECT] 
2024-06-12 19:02:44,304 [INFO] ThirdPartyUpdaterWithRetryManager:70 - Updater plugin not ready yet. [3/15]
2024-06-12 19:02:44,783 [INFO] MainUpdater:2873 - connection check result : 10
2024-06-12 19:02:44,784 [INFO] MainUpdater:290 - Updater Check For Update Now.
2024-06-12 19:02:44,784 [INFO] MicroXplorer:498 - Change Database Version : DB.6.0.111
2024-06-12 19:02:44,799 [INFO] McuFinderGlobals:63 - Set McuFinder mode to 2 (CubeIDE integrated)
2024-06-12 19:02:44,817 [INFO] UserAuth:415 - Internet connection configuration mode: 1
2024-06-12 19:02:44,871 [INFO] JxBrowserEngine:152 - Initiate JxBrowser Engine with user profile folder
2024-06-12 19:02:45,012 [INFO] CheckServerUpdateThread:120 - End of CheckServer Thread
2024-06-12 19:02:47,618 [WARN] PackLoader:240 - Cannot read IP mode file for STMicroelectronics.FP-SNS-MOTENVWB1.1.4.0
2024-06-12 19:02:47,638 [WARN] PackLoader:240 - Cannot read IP mode file for STMicroelectronics.X-CUBE-SMBUS.2.1.0
2024-06-12 19:02:47,651 [WARN] PackLoader:240 - Cannot read IP mode file for STMicroelectronics.X-CUBE-TOUCHGFX.4.23.0
2024-06-12 19:02:47,666 [WARN] PackLoader:240 - Cannot read IP mode file for STMicroelectronics.X-CUBE-TOUCHGFX.4.23.2
2024-06-12 19:02:47,715 [WARN] PackLoader:240 - Cannot read IP mode file for STMicroelectronics.X-CUBE-AZRTOS-F7.1.1.0
2024-06-12 19:02:47,739 [ERROR] RealEvaluatedCondition:428 - Found unsupported composite condition: CLASS='Data Exchange' GROUP='STM32_MetaDataManager'
2024-06-12 19:02:47,739 [ERROR] RealEvaluatedCondition:428 - Found unsupported composite condition: GROUP='STM32_MetaDataManager' CLASS='Data Exchange'
2024-06-12 19:02:47,741 [WARN] PackLoader:240 - Cannot read IP mode file for STMicroelectronics.FP-SNS-MOTENV1.4.3.0
2024-06-12 19:02:47,772 [WARN] PackLoader:240 - Cannot read IP mode file for STMicroelectronics.FP-SNS-MOTENV1.4.3.2
2024-06-12 19:02:47,794 [WARN] PackLoader:240 - Cannot read IP mode file for STMicroelectronics.FP-SNS-FLIGHT1.5.0.0
2024-06-12 19:02:47,814 [ERROR] RealEvaluatedCondition:428 - Found unsupported composite condition: GROUP='STM32_MetaDataManager' CLASS='Data Exchange'
2024-06-12 19:02:47,814 [ERROR] RealEvaluatedCondition:428 - Found unsupported composite condition: GROUP='STM32_MetaDataManager' CLASS='Data Exchange'
2024-06-12 19:02:47,816 [WARN] PackLoader:240 - Cannot read IP mode file for STMicroelectronics.FP-SNS-MOTENV1.4.3.1
2024-06-12 19:02:47,837 [WARN] PackLoader:240 - Cannot read IP mode file for STMicroelectronics.FP-SNS-FLIGHT1.5.0.1
2024-06-12 19:02:47,859 [WARN] PackLoader:240 - Cannot read IP mode file for STMicroelectronics.X-CUBE-BLE1.6.2.4
2024-06-12 19:02:47,877 [WARN] PackLoader:240 - Cannot read IP mode file for STMicroelectronics.FP-SNS-FLIGHT1.5.0.2
2024-06-12 19:02:47,899 [WARN] PackLoader:240 - Cannot read IP mode file for STMicroelectronics.X-CUBE-DISPLAY.3.0.0
2024-06-12 19:02:47,919 [WARN] PackLoader:240 - Cannot read IP mode file for STMicroelectronics.X-CUBE-BLE1.7.0.0
2024-06-12 19:02:47,937 [WARN] PackLoader:240 - Cannot read IP mode file for STMicroelectronics.X-CUBE-TOUCHGFX.4.22.0
2024-06-12 19:02:47,952 [WARN] PackLoader:240 - Cannot read IP mode file for STMicroelectronics.X-CUBE-TOUCHGFX.4.22.1
2024-06-12 19:02:47,975 [WARN] PackLoader:240 - Cannot read IP mode file for STMicroelectronics.X-CUBE-BLEMGR.3.1.0
2024-06-12 19:02:47,997 [WARN] PackLoader:240 - Cannot read IP mode file for STMicroelectronics.FP-SNS-SMARTAG2.1.2.0
2024-06-12 19:02:48,022 [INFO] LogOutputStream:77 - [STDOUT_REDIRECT] 1 : Invalid condition id : UX_CORESTACK_Condition cause : null
2024-06-12 19:02:48,023 [INFO] LogOutputStream:77 - [STDOUT_REDIRECT] 1 : Invalid condition id : UX_CORESTACK_Condition cause : null
2024-06-12 19:02:48,024 [INFO] LogOutputStream:77 - [STDOUT_REDIRECT] 1 : Invalid condition id : UX_CORESTACK_Condition cause : null
2024-06-12 19:02:48,025 [INFO] LogOutputStream:77 - [STDOUT_REDIRECT] 1 : Invalid condition id : UX_CORESTACK_Condition cause : null
2024-06-12 19:02:48,025 [INFO] LogOutputStream:77 - [STDOUT_REDIRECT] 1 : Invalid condition id : UX_CORESTACK_Condition cause : null
2024-06-12 19:02:48,028 [WARN] PackLoader:240 - Cannot read IP mode file for STMicroelectronics.X-CUBE-AZRTOS-WL.2.0.0
2024-06-12 19:02:48,046 [WARN] PackLoader:240 - Cannot read IP mode file for STMicroelectronics.FP-SNS-MOTENV1.5.0.0
2024-06-12 19:02:48,068 [WARN] PackLoader:240 - Cannot read IP mode file for WES.I-CUBE-Cesium.1.3.0
2024-06-12 19:02:48,085 [WARN] PackLoader:240 - Cannot read IP mode file for STMicroelectronics.X-CUBE-BLE2.3.3.0
2024-06-12 19:02:48,111 [WARN] PackLoader:240 - Cannot read IP mode file for STMicroelectronics.X-CUBE-TOF1.3.2.0
2024-06-12 19:02:48,139 [WARN] PackLoader:240 - Cannot read IP mode file for STMicroelectronics.X-CUBE-TCPP.4.1.0
2024-06-12 19:02:48,159 [WARN] PackLoader:240 - Cannot read IP mode file for STMicroelectronics.X-CUBE-TOUCHGFX.4.21.1
2024-06-12 19:02:48,174 [WARN] PackLoader:240 - Cannot read IP mode file for STMicroelectronics.X-CUBE-TOUCHGFX.4.21.3
2024-06-12 19:02:48,192 [WARN] PackLoader:240 - Cannot read IP mode file for STMicroelectronics.X-CUBE-TOUCHGFX.4.21.4
2024-06-12 19:02:48,216 [WARN] PackLoader:240 - Cannot read IP mode file for STMicroelectronics.X-CUBE-ALGOBUILD.1.3.0
2024-06-12 19:02:48,255 [WARN] PackLoader:240 - Cannot read IP mode file for STMicroelectronics.X-CUBE-AZRTOS-G0.1.1.0
2024-06-12 19:02:48,280 [WARN] PackLoader:240 - Cannot read IP mode file for STMicroelectronics.X-CUBE-SAFEA1.1.2.2
2024-06-12 19:02:48,298 [WARN] PackLoader:240 - Cannot read IP mode file for STMicroelectronics.X-CUBE-NFC4.3.0.0
2024-06-12 19:02:48,315 [WARN] PackLoader:240 - Cannot read IP mode file for wolfSSL.I-CUBE-wolfMQTT.1.18.0
2024-06-12 19:02:48,336 [WARN] PackLoader:240 - Cannot read IP mode file for STMicroelectronics.X-CUBE-BLEMGR.3.0.0
2024-06-12 19:02:48,359 [WARN] PackLoader:240 - Cannot read IP mode file for STMicroelectronics.X-CUBE-BLEMGR.1.3.0
2024-06-12 19:02:48,375 [WARN] PackLoader:240 - Cannot read IP mode file for STMicroelectronics.FP-ATR-SIGFOX1.3.2.0
2024-06-12 19:02:48,395 [WARN] PackLoader:240 - Cannot read IP mode file for STMicroelectronics.X-CUBE-EEPRMA1.5.1.0
2024-06-12 19:02:48,458 [WARN] PackLoader:240 - Cannot read IP mode file for STMicroelectronics.X-CUBE-MEMS1.9.5.0
2024-06-12 19:02:48,637 [WARN] PackLoader:240 - Cannot read IP mode file for SEGGER.I-CUBE-embOS.1.3.1
2024-06-12 19:02:48,732 [WARN] PackLoader:240 - Cannot read IP mode file for STMicroelectronics.X-CUBE-ALGOBUILD.1.4.0
2024-06-12 19:02:48,756 [WARN] PackLoader:240 - Cannot read IP mode file for STMicroelectronics.X-CUBE-GNSS1.6.0.0
2024-06-12 19:02:48,803 [WARN] PackLoader:240 - Cannot read IP mode file for STMicroelectronics.X-CUBE-AZRTOS-F4.1.1.0
2024-06-12 19:02:48,829 [WARN] PackLoader:240 - Cannot read IP mode file for STMicroelectronics.X-CUBE-FREERTOS.1.2.0
2024-06-12 19:02:48,876 [WARN] PackLoader:240 - Cannot read IP mode file for STMicroelectronics.X-CUBE-AZRTOS-L5.2.0.0
2024-06-12 19:02:48,948 [WARN] PackLoader:240 - Cannot read IP mode file for STMicroelectronics.X-CUBE-MEMS1.9.6.0
2024-06-12 19:02:49,093 [WARN] PackLoader:240 - Cannot read IP mode file for STMicroelectronics.X-CUBE-EEPRMA1.4.2.0
2024-06-12 19:02:49,114 [WARN] PackLoader:240 - Cannot read IP mode file for STMicroelectronics.X-CUBE-NFC6.3.1.0
2024-06-12 19:02:49,130 [WARN] PackLoader:240 - Cannot read IP mode file for ITTIA_DB.I-CUBE-ITTIADB.8.8.0
2024-06-12 19:02:49,148 [WARN] PackLoader:240 - Cannot read IP mode file for emotas.I-CUBE-CANOPEN.1.1.3
2024-06-12 19:02:49,168 [WARN] PackLoader:240 - Cannot read IP mode file for STMicroelectronics.X-CUBE-BLEMGR.2.0.0
2024-06-12 19:02:49,188 [WARN] PackLoader:240 - Cannot read IP mode file for STMicroelectronics.X-CUBE-AI.9.0.0
2024-06-12 19:02:49,219 [WARN] ConditionMgr:438 - getConditionDescription Invalid condition id : UX DEVICE CLASS RTOS Condition cause : null
2024-06-12 19:02:49,219 [WARN] ConditionMgr:438 - getConditionDescription Invalid condition id : UX DEVICE CLASS RTOS Condition cause : null
2024-06-12 19:02:49,222 [WARN] PackLoader:240 - Cannot read IP mode file for STMicroelectronics.X-CUBE-AZRTOS-H7.3.1.0
2024-06-12 19:02:49,224 [WARN] ConditionMgr:1039 - genDependencies : Invalid condition id : UX DEVICE CLASS RTOS Condition cause : null
2024-06-12 19:02:49,225 [WARN] ConditionMgr:1039 - genDependencies : Invalid condition id : UX DEVICE CLASS RTOS Condition cause : null
2024-06-12 19:02:49,226 [WARN] ConditionMgr:1039 - genDependencies : Invalid condition id : UX DEVICE CLASS RTOS Condition cause : null
2024-06-12 19:02:49,226 [WARN] ConditionMgr:1039 - genDependencies : Invalid condition id : UX DEVICE CLASS RTOS Condition cause : null
2024-06-12 19:02:49,226 [WARN] ConditionMgr:1039 - genDependencies : Invalid condition id : UX DEVICE CLASS RTOS Condition cause : null
2024-06-12 19:02:49,243 [WARN] PackLoader:240 - Cannot read IP mode file for wolfSSL.I-CUBE-wolfSSL.5.5.4
2024-06-12 19:02:49,259 [WARN] PackLoader:240 - Cannot read IP mode file for STMicroelectronics.X-CUBE-NFC7.1.0.1
2024-06-12 19:02:49,279 [WARN] PackLoader:240 - Cannot read IP mode file for STMicroelectronics.X-CUBE-NFC7.1.0.0
2024-06-12 19:02:49,299 [WARN] PackLoader:240 - Cannot read IP mode file for STMicroelectronics.X-CUBE-NFC6.3.0.0
2024-06-12 19:02:49,319 [WARN] PackLoader:240 - Cannot read IP mode file for STMicroelectronics.X-CUBE-EEPRMA1.4.1.0
2024-06-12 19:02:49,339 [WARN] PackLoader:240 - Cannot read IP mode file for STMicroelectronics.X-CUBE-AI.8.1.0
2024-06-12 19:02:49,375 [WARN] ConditionMgr:438 - getConditionDescription Invalid condition id : LAN8742 Phy interface Condition cause : null
2024-06-12 19:02:49,376 [WARN] PackLoader:240 - Cannot read IP mode file for STMicroelectronics.X-CUBE-AZRTOS-L4.2.0.0
2024-06-12 19:02:49,378 [WARN] ConditionMgr:1039 - genDependencies : Invalid condition id : LAN8742 Phy interface Condition cause : null
2024-06-12 19:02:49,378 [WARN] ConditionMgr:1039 - genDependencies : Invalid condition id : LAN8742 Phy interface Condition cause : null
2024-06-12 19:02:49,379 [WARN] ConditionMgr:1039 - genDependencies : Invalid condition id : LAN8742 Phy interface Condition cause : null
2024-06-12 19:02:49,410 [WARN] PackLoader:240 - Cannot read IP mode file for STMicroelectronics.X-CUBE-SFXS2LP1.4.0.0
2024-06-12 19:02:49,463 [WARN] PackLoader:240 - Cannot read IP mode file for STMicroelectronics.X-CUBE-AZRTOS-H7.3.0.0
2024-06-12 19:02:49,486 [WARN] PackLoader:240 - Cannot read IP mode file for STMicroelectronics.X-CUBE-ISPU.1.1.0
2024-06-12 19:02:49,505 [WARN] PackLoader:240 - Cannot read IP mode file for RoweBots.I-CUBE-UNISONRTOS.5.5.0-4
2024-06-12 19:02:49,527 [WARN] PackLoader:240 - Cannot read IP mode file for STMicroelectronics.X-CUBE-AI.8.0.0
2024-06-12 19:02:49,557 [WARN] ConditionMgr:438 - getConditionDescription Invalid condition id : UX DEVICE CLASS RTOS Condition cause : null
2024-06-12 19:02:49,557 [WARN] ConditionMgr:438 - getConditionDescription Invalid condition id : UX DEVICE CLASS RTOS Condition cause : null
2024-06-12 19:02:49,559 [WARN] PackLoader:240 - Cannot read IP mode file for STMicroelectronics.X-CUBE-AZRTOS-WB.2.0.0
2024-06-12 19:02:49,560 [WARN] ConditionMgr:1039 - genDependencies : Invalid condition id : UX DEVICE CLASS RTOS Condition cause : null
2024-06-12 19:02:49,560 [WARN] ConditionMgr:1039 - genDependencies : Invalid condition id : UX DEVICE CLASS RTOS Condition cause : null
2024-06-12 19:02:49,560 [WARN] ConditionMgr:1039 - genDependencies : Invalid condition id : UX DEVICE CLASS RTOS Condition cause : null
2024-06-12 19:02:49,561 [WARN] ConditionMgr:1039 - genDependencies : Invalid condition id : UX DEVICE CLASS RTOS Condition cause : null
2024-06-12 19:02:49,561 [WARN] ConditionMgr:1039 - genDependencies : Invalid condition id : UX DEVICE CLASS RTOS Condition cause : null
2024-06-12 19:02:49,577 [WARN] PackLoader:240 - Cannot read IP mode file for STMicroelectronics.X-CUBE-FREERTOS.1.0.0
2024-06-12 19:02:49,590 [WARN] PackLoader:240 - Cannot read IP mode file for STMicroelectronics.X-CUBE-FREERTOS.1.0.1
2024-06-12 19:02:49,613 [WARN] PackLoader:240 - Cannot read IP mode file for STMicroelectronics.X-CUBE-AZRTOS-L5.1.1.0
2024-06-12 19:02:49,631 [WARN] PackLoader:240 - Cannot read IP mode file for STMicroelectronics.X-CUBE-AI.8.0.1
2024-06-12 19:02:49,653 [WARN] PackLoader:240 - Cannot read IP mode file for STMicroelectronics.X-CUBE-SUBG2.5.0.0
2024-06-12 19:02:49,677 [WARN] PackLoader:240 - Cannot read IP mode file for Cesanta.I-CUBE-Mongoose.7.13.0
2024-06-12 19:02:49,702 [WARN] PackLoader:240 - Cannot read IP mode file for STMicroelectronics.X-CUBE-TOF1.3.3.1
2024-06-12 19:02:49,739 [WARN] PackLoader:240 - Cannot read IP mode file for STMicroelectronics.X-CUBE-AZRTOS-G4.2.0.0
2024-06-12 19:02:49,765 [WARN] PackLoader:240 - Cannot read IP mode file for STMicroelectronics.X-CUBE-TOF1.3.3.0
2024-06-12 19:02:49,787 [WARN] PackLoader:240 - Cannot read IP mode file for STMicroelectronics.FP-ATR-ASTRA1.1.1.1
2024-06-12 19:02:49,810 [WARN] PackLoader:240 - Cannot read IP mode file for Infineon.AIROC-Wi-Fi-Bluetooth-STM32.1.5.1
2024-06-12 19:02:49,825 [WARN] PackLoader:240 - Cannot read IP mode file for STMicroelectronics.FP-SNS-MOTENVWB1.1.3.0
2024-06-12 19:02:49,838 [WARN] PackLoader:240 - Cannot read IP mode file for STMicroelectronics.FP-SNS-MOTENVWB1.1.3.1
2024-06-12 19:02:49,862 [WARN] PackLoader:240 - Cannot read IP mode file for STMicroelectronics.X-CUBE-AZRTOS-G4.1.0.0
2024-06-12 19:02:49,889 [WARN] PackLoader:240 - Cannot read IP mode file for STMicroelectronics.X-CUBE-AZRTOS-L4.1.0.0
2024-06-12 19:02:49,903 [WARN] PackLoader:240 - Cannot read IP mode file for STMicroelectronics.X-CUBE-ISPU.2.0.0
2024-06-12 19:02:49,916 [WARN] PackLoader:240 - Cannot read IP mode file for STMicroelectronics.X-CUBE-ALS.1.0.2
2024-06-12 19:02:49,964 [WARN] PackLoader:240 - Cannot read IP mode file for STMicroelectronics.X-CUBE-MEMS1.10.0.0
2024-06-12 19:02:50,085 [WARN] PackLoader:240 - Cannot read IP mode file for STMicroelectronics.X-CUBE-FREERTOS.1.1.0
2024-06-12 19:02:50,106 [WARN] PackLoader:240 - Cannot read IP mode file for STMicroelectronics.X-CUBE-AZRTOS-WL.1.0.0
2024-06-12 19:02:50,123 [WARN] PackLoader:240 - Cannot read IP mode file for portGmbH.I-Cube-SoM-uGOAL.1.1.0
2024-06-12 19:02:50,139 [WARN] PackLoader:240 - Cannot read IP mode file for STMicroelectronics.X-CUBE-ALS.1.0.1
2024-06-12 19:02:50,165 [WARN] PackLoader:240 - Cannot read IP mode file for STMicroelectronics.X-CUBE-AZRTOS-WB.1.1.0
2024-06-12 19:02:50,193 [WARN] PackLoader:240 - Cannot read IP mode file for STMicroelectronics.X-CUBE-AZRTOS-H7RS.1.0.0
2024-06-12 19:02:50,207 [WARN] PackLoader:240 - Cannot read IP mode file for STMicroelectronics.FP-ATR-ASTRA1.2.0.0
2024-06-12 19:02:50,366 [WARN] PackLoader:240 - Cannot read IP mode file for STMicroelectronics.X-CUBE-TOF1.3.4.0
2024-06-12 19:02:50,437 [WARN] PackLoader:240 - Cannot read IP mode file for STMicroelectronics.X-CUBE-TOF1.3.4.1
2024-06-12 19:02:50,477 [WARN] PackLoader:240 - Cannot read IP mode file for STMicroelectronics.X-CUBE-AZRTOS-H7.3.2.0
2024-06-12 19:02:50,478 [INFO] ThirdParty:978 - Integrity check success = true
2024-06-12 19:02:50,479 [INFO] IntegrityCheckThread:100 - exiting critical section [integrity check]
2024-06-12 19:02:50,479 [INFO] IntegrityCheckThread:103 - End integrity checks thread
2024-06-12 19:02:50,939 [INFO] WebApp:161 - Instantiating new browser for Auth
2024-06-12 19:02:51,779 [INFO] WebApp:779 - Register for checkConnection events
2024-06-12 19:02:51,780 [INFO] WebApp:414 - Apply proxy settings
2024-06-12 19:02:51,780 [INFO] WebApp:499 - Chromium requires no authentication
2024-06-12 19:02:51,794 [INFO] WebApp:442 - Direct internet connection detected
2024-06-12 19:02:52,055 [INFO] WebApp:192 - Starting web application
2024-06-12 19:02:52,056 [INFO] WebApp:544 - Web application path used C:\ST\STM32CubeIDE_1.11.2\STM32CubeIDE\plugins\com.st.stm32cube.common.mx_6.11.1.202404110753\db\plugins\mcufinder\reactClient1\index.html
2024-06-12 19:56:04,405 [ERROR] LogOutputStream:75 - [STDERR_REDIRECT] 
2024-06-12 19:56:04,406 [ERROR] LogOutputStream:75 - [STDERR_REDIRECT] 
2024-06-12 19:57:15,708 [INFO] Activator:176 - 


2024-06-12 19:57:15,711 [INFO] Activator:177 - !SESSION log4j initialized
2024-06-12 19:57:25,483 [INFO] LogOutputStream:77 - [STDOUT_REDIRECT] 
2024-06-12 19:57:28,331 [INFO] ApplicationProperties:184 - Using Application install path: C:\ST\STM32CubeIDE_1.11.2\STM32CubeIDE\plugins\com.st.stm32cube.common.mx_6.11.1.202404110753
2024-06-12 19:57:28,417 [INFO] DbMcusXml:78 - Set database path to: C:\ST\STM32CubeIDE_1.11.2\STM32CubeIDE\plugins\com.st.stm32cube.common.mx_6.11.1.202404110753\\db\/mcu/
2024-06-12 19:57:28,418 [INFO] ApiDb:274 - Set plugin database path to: C:\ST\STM32CubeIDE_1.11.2\STM32CubeIDE\plugins\com.st.stm32cube.common.mx_6.11.1.202404110753\\db\/plugins/boardmanager/
2024-06-12 19:57:28,419 [WARN] ApiDb:259 - Overriding images path with different value:  => C:\ST\STM32CubeIDE_1.11.2\STM32CubeIDE\plugins\com.st.stm32cube.common.mx_6.11.1.202404110753\\db\/plugins/mcufinder/images/
2024-06-12 19:57:28,440 [INFO] ApiDb:250 - Set database path to: C:\Users\bakra\.stmcufinder\plugins\mcufinder//mcu/
2024-06-12 19:57:28,445 [INFO] DbMcusAds:125 - Set database path to: C:\Users\bakra\.stmcufinder\plugins\mcufinder//mcu/
2024-06-12 19:57:28,455 [INFO] CrossReferenceDbSqlite:203 - Set database path to: C:\Users\bakra\.stmcufinder\plugins\mcufinder//mcu/cs/
2024-06-12 19:57:28,882 [INFO] RulesReader:64 - Compatibility file has been processed (297 Rules)
2024-06-12 19:57:29,201 [INFO] DbMcusXml:78 - Set database path to: C:\ST\STM32CubeIDE_1.11.2\STM32CubeIDE\plugins\com.st.stm32cube.common.mx_6.11.1.202404110753\\db\/mcu/
2024-06-12 19:57:29,201 [INFO] ApiDb:274 - Set plugin database path to: C:\ST\STM32CubeIDE_1.11.2\STM32CubeIDE\plugins\com.st.stm32cube.common.mx_6.11.1.202404110753\\db\/plugins/boardmanager/
2024-06-12 19:57:29,201 [INFO] ApiDb:261 - Set plugin images path to: C:\ST\STM32CubeIDE_1.11.2\STM32CubeIDE\plugins\com.st.stm32cube.common.mx_6.11.1.202404110753\\db\/plugins/mcufinder/images/
2024-06-12 19:57:29,202 [WARN] DbFile:41 - Overriding database path with different value: C:\Users\bakra\.stmcufinder\plugins\mcufinder/ => C:\Users\bakra\.stmcufinder\plugins\mcufinder
2024-06-12 19:57:29,202 [INFO] ApiDb:250 - Set database path to: C:\Users\bakra\.stmcufinder\plugins\mcufinder//mcu/
2024-06-12 19:57:29,203 [WARN] DbFile:41 - Overriding database path with different value: C:\Users\bakra\.stmcufinder\plugins\mcufinder/ => C:\Users\bakra\.stmcufinder\plugins\mcufinder
2024-06-12 19:57:29,203 [INFO] DbMcusAds:125 - Set database path to: C:\Users\bakra\.stmcufinder\plugins\mcufinder//mcu/
2024-06-12 19:57:29,203 [WARN] DbFile:41 - Overriding database path with different value: C:\Users\bakra\.stmcufinder\plugins\mcufinder/ => C:\Users\bakra\.stmcufinder\plugins\mcufinder
2024-06-12 19:57:29,203 [WARN] DbFile:41 - Overriding database path with different value: C:\Users\bakra\.stmcufinder\plugins\mcufinder/ => C:\Users\bakra\.stmcufinder\plugins\mcufinder
2024-06-12 19:57:29,204 [INFO] CrossReferenceDbSqlite:203 - Set database path to: C:\Users\bakra\.stmcufinder\plugins\mcufinder//mcu/cs/
2024-06-12 19:57:29,484 [INFO] MainPanel:264 - HeapMemory: 581959680
2024-06-12 19:57:29,779 [INFO] DbMcusXml:78 - Set database path to: C:\ST\STM32CubeIDE_1.11.2\STM32CubeIDE\plugins\com.st.stm32cube.common.mx_6.11.1.202404110753\\db\/mcu/
2024-06-12 19:57:29,779 [INFO] ApiDb:274 - Set plugin database path to: C:\ST\STM32CubeIDE_1.11.2\STM32CubeIDE\plugins\com.st.stm32cube.common.mx_6.11.1.202404110753\\db\/plugins/boardmanager/
2024-06-12 19:57:29,779 [INFO] ApiDb:261 - Set plugin images path to: C:\ST\STM32CubeIDE_1.11.2\STM32CubeIDE\plugins\com.st.stm32cube.common.mx_6.11.1.202404110753\\db\/plugins/mcufinder/images/
2024-06-12 19:57:29,782 [WARN] DbFile:41 - Overriding database path with different value: C:\Users\bakra\.stmcufinder\plugins\mcufinder/ => C:\Users\bakra\.stmcufinder\plugins\mcufinder
2024-06-12 19:57:29,782 [INFO] ApiDb:250 - Set database path to: C:\Users\bakra\.stmcufinder\plugins\mcufinder//mcu/
2024-06-12 19:57:29,782 [WARN] DbFile:41 - Overriding database path with different value: C:\Users\bakra\.stmcufinder\plugins\mcufinder/ => C:\Users\bakra\.stmcufinder\plugins\mcufinder
2024-06-12 19:57:29,782 [INFO] DbMcusAds:125 - Set database path to: C:\Users\bakra\.stmcufinder\plugins\mcufinder//mcu/
2024-06-12 19:57:29,782 [WARN] DbFile:41 - Overriding database path with different value: C:\Users\bakra\.stmcufinder\plugins\mcufinder/ => C:\Users\bakra\.stmcufinder\plugins\mcufinder
2024-06-12 19:57:29,783 [WARN] DbFile:41 - Overriding database path with different value: C:\Users\bakra\.stmcufinder\plugins\mcufinder/ => C:\Users\bakra\.stmcufinder\plugins\mcufinder
2024-06-12 19:57:29,783 [INFO] CrossReferenceDbSqlite:203 - Set database path to: C:\Users\bakra\.stmcufinder\plugins\mcufinder//mcu/cs/
2024-06-12 19:57:29,836 [INFO] ApplicationProperties:184 - Using Application install path: C:\ST\STM32CubeIDE_1.11.2\STM32CubeIDE\plugins\com.st.stm32cube.common.mx_6.11.1.202404110753
2024-06-12 19:57:29,841 [INFO] PluginManage:196 - Search for loadable plugins [exclusion list=, ]
2024-06-12 19:57:29,845 [INFO] PluginManage:310 - Check plugin analytics
2024-06-12 19:57:30,518 [INFO] AnalyticsPlugin:253 - Accepted Software Licenses: 
2024-06-12 19:57:30,518 [INFO] AnalyticsPlugin:255 - Accepted CMSIS Pack Licenses: 
2024-06-12 19:57:30,519 [INFO] AnalyticsPlugin:257 - Accepted Firmware Licenses: 
2024-06-12 19:57:30,526 [INFO] PluginManage:359 - Loaded plugin analytics (category:tool,tabindex:-1)
2024-06-12 19:57:30,527 [INFO] PluginManage:310 - Check plugin cadmodel
2024-06-12 19:57:30,590 [INFO] CADModel:105 - Init CAD model plugin
2024-06-12 19:57:30,590 [INFO] PluginManage:359 - Loaded plugin cadmodel (category:power,tabindex:5)
2024-06-12 19:57:30,591 [INFO] PluginManage:310 - Check plugin clock
2024-06-12 19:57:30,627 [INFO] PluginManage:359 - Loaded plugin clock (category:base,tabindex:2)
2024-06-12 19:57:30,627 [INFO] PluginManage:310 - Check plugin ddr
2024-06-12 19:57:30,637 [INFO] PluginManage:359 - Loaded plugin ddr (category:tool,tabindex:6)
2024-06-12 19:57:30,637 [INFO] PluginManage:310 - Check plugin filemanager
2024-06-12 19:57:31,165 [INFO] PluginManage:359 - Loaded plugin filemanager (category:base,tabindex:10)
2024-06-12 19:57:31,166 [INFO] PluginManage:310 - Check plugin ipmanager
2024-06-12 19:57:31,185 [INFO] PluginManage:359 - Loaded plugin ipmanager (category:base,tabindex:5)
2024-06-12 19:57:31,185 [INFO] PluginManage:310 - Check plugin lpbam
2024-06-12 19:57:31,210 [INFO] PluginManage:359 - Loaded plugin lpbam (category:base,tabindex:0)
2024-06-12 19:57:31,211 [INFO] PluginManage:310 - Check plugin memorymap
2024-06-12 19:57:31,317 [INFO] PluginManage:359 - Loaded plugin memorymap (category:base,tabindex:4)
2024-06-12 19:57:31,317 [INFO] PluginManage:310 - Check plugin pinoutandconfiguration
2024-06-12 19:57:31,352 [INFO] PluginManage:359 - Loaded plugin pinoutandconfiguration (category:base,tabindex:1)
2024-06-12 19:57:31,352 [INFO] PluginManage:310 - Check plugin pinoutconfig
2024-06-12 19:57:31,695 [WARN] SupportedApi:132 - Cannot load RTOS API schema: s4s-elt-must-match.1: The content of 'definitions' must match (annotation?, (simpleType | complexType)?, (unique | key | keyref)*)). A problem was found starting at: attribute.
2024-06-12 19:57:32,288 [INFO] PluginManage:359 - Loaded plugin pinoutconfig (category:base,tabindex:0)
2024-06-12 19:57:32,288 [INFO] PluginManage:310 - Check plugin power
2024-06-12 19:57:32,317 [INFO] PluginManage:359 - Loaded plugin power (category:power,tabindex:4)
2024-06-12 19:57:32,318 [INFO] PluginManage:310 - Check plugin projectmanager
2024-06-12 19:57:32,362 [INFO] PluginManage:359 - Loaded plugin projectmanager (category:projectmanager,tabindex:3)
2024-06-12 19:57:32,362 [INFO] PluginManage:310 - Check plugin thirdparty
2024-06-12 19:57:32,870 [WARN] IntegrityCheckThread:84 - waiting for thirdparty lock release [integrity check]
2024-06-12 19:57:32,871 [INFO] IntegrityCheckThread:86 - entering critical section [integrity check]
2024-06-12 19:57:32,871 [INFO] PluginManage:359 - Loaded plugin thirdparty (category:base,tabindex:-1)
2024-06-12 19:57:32,872 [INFO] PluginManage:310 - Check plugin tools
2024-06-12 19:57:32,872 [INFO] ThirdPartyUpdaterWithRetryManager:70 - Updater plugin not ready yet. [1/15]
2024-06-12 19:57:32,876 [INFO] PluginManage:359 - Loaded plugin tools (category:base,tabindex:7)
2024-06-12 19:57:32,877 [INFO] PluginManage:310 - Check plugin tutovideos
2024-06-12 19:57:33,534 [INFO] PluginManage:359 - Loaded plugin tutovideos (category:base,tabindex:-1)
2024-06-12 19:57:33,534 [INFO] PluginManage:310 - Check plugin updater
2024-06-12 19:57:33,555 [INFO] PluginManage:359 - Loaded plugin updater (category:base,tabindex:12)
2024-06-12 19:57:33,555 [INFO] PluginManage:310 - Check plugin userauth
2024-06-12 19:57:33,565 [INFO] UserAuth:114 - Init User Auth plugin
2024-06-12 19:57:33,565 [INFO] PluginManage:359 - Loaded plugin userauth (category:base,tabindex:14)
2024-06-12 19:57:33,566 [INFO] PluginManage:283 - PluginManage : Loaded plugins [17]
2024-06-12 19:57:34,278 [INFO] PinOutPanel:1561 - setPackage(No Configuration,No Configuration)
2024-06-12 19:57:34,498 [INFO] CADModel:165 - CPN selected for project level
2024-06-12 19:57:34,498 [INFO] CADModel:114 - Register for checkConnection events
2024-06-12 19:57:34,548 [INFO] IPUIPlugin:80 - create IPUIPlugin
2024-06-12 19:57:34,548 [INFO] PluginManager:220 - loadIPPluginJar : add adc
2024-06-12 19:57:34,558 [INFO] IPUIPlugin:80 - create IPUIPlugin
2024-06-12 19:57:34,558 [INFO] PluginManager:220 - loadIPPluginJar : add aes
2024-06-12 19:57:34,566 [INFO] IPUIPlugin:80 - create IPUIPlugin
2024-06-12 19:57:34,566 [INFO] PluginManager:220 - loadIPPluginJar : add can
2024-06-12 19:57:34,579 [INFO] IPUIPlugin:80 - create IPUIPlugin
2024-06-12 19:57:34,579 [INFO] PluginManager:220 - loadIPPluginJar : add comp
2024-06-12 19:57:34,586 [INFO] IPUIPlugin:80 - create IPUIPlugin
2024-06-12 19:57:34,587 [INFO] PluginManager:220 - loadIPPluginJar : add cryp
2024-06-12 19:57:34,598 [INFO] IPUIPlugin:80 - create IPUIPlugin
2024-06-12 19:57:34,600 [INFO] PluginManager:220 - loadIPPluginJar : add dfsdm
2024-06-12 19:57:34,614 [INFO] IPUIPlugin:80 - create IPUIPlugin
2024-06-12 19:57:34,620 [INFO] PluginManager:220 - loadIPPluginJar : add dma
2024-06-12 19:57:34,638 [INFO] IPUIPlugin:80 - create IPUIPlugin
2024-06-12 19:57:34,640 [INFO] PluginManager:220 - loadIPPluginJar : add dma3
2024-06-12 19:57:34,652 [INFO] IPUIPlugin:80 - create IPUIPlugin
2024-06-12 19:57:34,652 [INFO] PluginManager:220 - loadIPPluginJar : add extmemmanager
2024-06-12 19:57:34,657 [INFO] IPUIPlugin:80 - create IPUIPlugin
2024-06-12 19:57:34,658 [INFO] PluginManager:220 - loadIPPluginJar : add fatfs
2024-06-12 19:57:34,666 [INFO] IPUIPlugin:80 - create IPUIPlugin
2024-06-12 19:57:34,666 [INFO] PluginManager:220 - loadIPPluginJar : add fmc
2024-06-12 19:57:34,720 [INFO] IPUIPlugin:80 - create IPUIPlugin
2024-06-12 19:57:34,720 [INFO] PluginManager:220 - loadIPPluginJar : add freertos
2024-06-12 19:57:34,727 [INFO] IPUIPlugin:80 - create IPUIPlugin
2024-06-12 19:57:34,727 [INFO] PluginManager:220 - loadIPPluginJar : add genericplugin
2024-06-12 19:57:34,734 [INFO] IPUIPlugin:80 - create IPUIPlugin
2024-06-12 19:57:34,735 [INFO] PluginManager:220 - loadIPPluginJar : add gfxmmu
2024-06-12 19:57:34,749 [INFO] IPUIPlugin:80 - create IPUIPlugin
2024-06-12 19:57:34,750 [INFO] PluginManager:220 - loadIPPluginJar : add gic
2024-06-12 19:57:34,763 [INFO] IPUIPlugin:80 - create IPUIPlugin
2024-06-12 19:57:34,763 [INFO] PluginManager:220 - loadIPPluginJar : add gpio
2024-06-12 19:57:34,774 [INFO] IPUIPlugin:80 - create IPUIPlugin
2024-06-12 19:57:34,774 [INFO] PluginManager:220 - loadIPPluginJar : add gtzc
2024-06-12 19:57:34,781 [INFO] IPUIPlugin:80 - create IPUIPlugin
2024-06-12 19:57:34,782 [INFO] PluginManager:220 - loadIPPluginJar : add hash
2024-06-12 19:57:34,792 [INFO] IPUIPlugin:80 - create IPUIPlugin
2024-06-12 19:57:34,792 [INFO] PluginManager:220 - loadIPPluginJar : add i2c
2024-06-12 19:57:34,803 [INFO] IPUIPlugin:80 - create IPUIPlugin
2024-06-12 19:57:34,803 [INFO] PluginManager:220 - loadIPPluginJar : add i2s
2024-06-12 19:57:34,811 [INFO] IPUIPlugin:80 - create IPUIPlugin
2024-06-12 19:57:34,811 [INFO] PluginManager:220 - loadIPPluginJar : add i3c
2024-06-12 19:57:34,821 [INFO] IPUIPlugin:80 - create IPUIPlugin
2024-06-12 19:57:34,822 [INFO] PluginManager:220 - loadIPPluginJar : add ipddr
2024-06-12 19:57:34,835 [INFO] IPUIPlugin:80 - create IPUIPlugin
2024-06-12 19:57:34,836 [INFO] PluginManager:220 - loadIPPluginJar : add linkedlist
2024-06-12 19:57:34,845 [INFO] IPUIPlugin:80 - create IPUIPlugin
2024-06-12 19:57:34,846 [INFO] PluginManager:220 - loadIPPluginJar : add lorawan
2024-06-12 19:57:34,849 [INFO] IPUIPlugin:80 - create IPUIPlugin
2024-06-12 19:57:34,849 [INFO] PluginManager:220 - loadIPPluginJar : add ltdc
2024-06-12 19:57:34,866 [INFO] IPUIPlugin:80 - create IPUIPlugin
2024-06-12 19:57:34,867 [INFO] PluginManager:220 - loadIPPluginJar : add mdma
2024-06-12 19:57:34,877 [INFO] IPUIPlugin:80 - create IPUIPlugin
2024-06-12 19:57:34,877 [INFO] PluginManager:220 - loadIPPluginJar : add nvic
2024-06-12 19:57:34,885 [INFO] IPUIPlugin:80 - create IPUIPlugin
2024-06-12 19:57:34,885 [INFO] PluginManager:220 - loadIPPluginJar : add opamp
2024-06-12 19:57:34,898 [INFO] IPUIPlugin:80 - create IPUIPlugin
2024-06-12 19:57:34,898 [INFO] PluginManager:220 - loadIPPluginJar : add openamp
2024-06-12 19:57:34,906 [INFO] IPUIPlugin:80 - create IPUIPlugin
2024-06-12 19:57:34,907 [INFO] PluginManager:220 - loadIPPluginJar : add pdm2pcm
2024-06-12 19:57:34,923 [INFO] IPUIPlugin:80 - create IPUIPlugin
2024-06-12 19:57:34,936 [INFO] PluginManager:220 - loadIPPluginJar : add plateformsettings
2024-06-12 19:57:34,942 [INFO] IPUIPlugin:80 - create IPUIPlugin
2024-06-12 19:57:34,942 [INFO] PluginManager:220 - loadIPPluginJar : add quadspi
2024-06-12 19:57:34,951 [INFO] IPUIPlugin:80 - create IPUIPlugin
2024-06-12 19:57:34,952 [INFO] PluginManager:220 - loadIPPluginJar : add resmgrutility
2024-06-12 19:57:34,960 [INFO] IPUIPlugin:80 - create IPUIPlugin
2024-06-12 19:57:34,960 [INFO] PluginManager:220 - loadIPPluginJar : add sai
2024-06-12 19:57:34,967 [INFO] IPUIPlugin:80 - create IPUIPlugin
2024-06-12 19:57:34,967 [INFO] PluginManager:220 - loadIPPluginJar : add spi
2024-06-12 19:57:34,980 [INFO] IPUIPlugin:80 - create IPUIPlugin
2024-06-12 19:57:34,981 [INFO] PluginManager:220 - loadIPPluginJar : add stm32_wpan
2024-06-12 19:57:34,986 [INFO] IPUIPlugin:80 - create IPUIPlugin
2024-06-12 19:57:34,986 [INFO] PluginManager:220 - loadIPPluginJar : add tim
2024-06-12 19:57:34,995 [INFO] IPUIPlugin:80 - create IPUIPlugin
2024-06-12 19:57:34,996 [INFO] PluginManager:220 - loadIPPluginJar : add touchsensing
2024-06-12 19:57:35,001 [INFO] IPUIPlugin:80 - create IPUIPlugin
2024-06-12 19:57:35,001 [INFO] PluginManager:220 - loadIPPluginJar : add tracer_emb
2024-06-12 19:57:35,006 [INFO] IPUIPlugin:80 - create IPUIPlugin
2024-06-12 19:57:35,006 [INFO] PluginManager:220 - loadIPPluginJar : add ts
2024-06-12 19:57:35,011 [INFO] IPUIPlugin:80 - create IPUIPlugin
2024-06-12 19:57:35,011 [INFO] PluginManager:220 - loadIPPluginJar : add tsc
2024-06-12 19:57:35,014 [INFO] IPUIPlugin:80 - create IPUIPlugin
2024-06-12 19:57:35,015 [INFO] PluginManager:220 - loadIPPluginJar : add ucpd
2024-06-12 19:57:35,020 [INFO] IPUIPlugin:80 - create IPUIPlugin
2024-06-12 19:57:35,020 [INFO] PluginManager:220 - loadIPPluginJar : add usart
2024-06-12 19:57:35,028 [INFO] IPUIPlugin:80 - create IPUIPlugin
2024-06-12 19:57:35,028 [INFO] PluginManager:220 - loadIPPluginJar : add usbx
2024-06-12 19:57:35,243 [INFO] CADModel:165 - CPN selected for project level
2024-06-12 19:57:35,243 [INFO] CADModel:114 - Register for checkConnection events
2024-06-12 19:57:35,244 [FATAL] Updater:308 - Updater called before beeing initialized
2024-06-12 19:57:35,244 [ERROR] CADModel:125 - Updater not yet initialized, retry later 
2024-06-12 19:57:35,472 [INFO] CADModel:165 - CPN selected for project level
2024-06-12 19:57:35,473 [INFO] CADModel:114 - Register for checkConnection events
2024-06-12 19:57:35,473 [FATAL] Updater:308 - Updater called before beeing initialized
2024-06-12 19:57:35,473 [ERROR] CADModel:125 - Updater not yet initialized, retry later 
2024-06-12 19:57:35,477 [FATAL] Updater:308 - Updater called before beeing initialized
2024-06-12 19:57:35,707 [FATAL] Updater:308 - Updater called before beeing initialized
2024-06-12 19:57:35,717 [INFO] DbMcusAds:53 - JSON generation date=Thu May 16 05:22:00 EDT 2024 (1715851320852)
2024-06-12 19:57:35,717 [FATAL] Updater:308 - Updater called before beeing initialized
2024-06-12 19:57:35,782 [WARN] DetailPanel:346 - Failed to get advertising image, set to default
2024-06-12 19:57:35,873 [INFO] ThirdPartyUpdaterWithRetryManager:70 - Updater plugin not ready yet. [2/15]
2024-06-12 19:57:35,964 [FATAL] Updater:308 - Updater called before beeing initialized
2024-06-12 19:57:35,966 [FATAL] Updater:308 - Updater called before beeing initialized
2024-06-12 19:57:35,966 [FATAL] Updater:308 - Updater called before beeing initialized
2024-06-12 19:57:35,966 [WARN] DetailPanel:346 - Failed to get advertising image, set to default
2024-06-12 19:57:35,969 [FATAL] Updater:308 - Updater called before beeing initialized
2024-06-12 19:57:36,056 [ERROR] Updater:1120 - MainUpdater not yet initialized. External WinMGr cannot be set.
2024-06-12 19:57:36,059 [INFO] Updater:1056 - Updater Version found : 6.11.1
2024-06-12 19:57:36,082 [INFO] ApplicationProperties:184 - Using Application install path: C:\ST\STM32CubeIDE_1.11.2\STM32CubeIDE\plugins\com.st.stm32cube.common.mx_6.11.1.202404110753
2024-06-12 19:57:37,667 [ERROR] LogOutputStream:75 - [STDERR_REDIRECT] Jun 12, 2024 7:57:37 PM java.util.prefs.WindowsPreferences <init>
2024-06-12 19:57:37,673 [ERROR] LogOutputStream:75 - [STDERR_REDIRECT] WARNING: Could not open/create prefs root node Software\JavaSoft\Prefs at root 0xffffffff80000002. Windows RegCreateKeyEx(...) returned error code 5.
2024-06-12 19:57:37,674 [ERROR] LogOutputStream:75 - [STDERR_REDIRECT] 
2024-06-12 19:57:38,577 [INFO] MainUpdater:2873 - connection check result : 10
2024-06-12 19:57:38,579 [INFO] MainUpdater:290 - Updater Check For Update Now.
2024-06-12 19:57:38,579 [INFO] MicroXplorer:498 - Change Database Version : DB.6.0.111
2024-06-12 19:57:38,591 [INFO] McuFinderGlobals:63 - Set McuFinder mode to 2 (CubeIDE integrated)
2024-06-12 19:57:38,605 [INFO] UserAuth:415 - Internet connection configuration mode: 1
2024-06-12 19:57:38,665 [INFO] JxBrowserEngine:152 - Initiate JxBrowser Engine with user profile folder
2024-06-12 19:57:38,874 [WARN] MainUpdater:1194 - Updater busy. Cannot search thirdparties
2024-06-12 19:57:38,874 [INFO] ThirdPartyUpdaterWithRetryManager:96 - Updater plugin is busy. [1/15]
2024-06-12 19:57:38,879 [INFO] CheckServerUpdateThread:120 - End of CheckServer Thread
2024-06-12 19:57:39,879 [INFO] WebApp:161 - Instantiating new browser for Auth
2024-06-12 19:57:40,809 [INFO] WebApp:779 - Register for checkConnection events
2024-06-12 19:57:40,809 [INFO] WebApp:414 - Apply proxy settings
2024-06-12 19:57:40,809 [INFO] WebApp:499 - Chromium requires no authentication
2024-06-12 19:57:40,822 [INFO] WebApp:442 - Direct internet connection detected
2024-06-12 19:57:41,068 [INFO] WebApp:192 - Starting web application
2024-06-12 19:57:41,068 [INFO] WebApp:544 - Web application path used C:\ST\STM32CubeIDE_1.11.2\STM32CubeIDE\plugins\com.st.stm32cube.common.mx_6.11.1.202404110753\db\plugins\mcufinder\reactClient1\index.html
2024-06-12 19:57:42,230 [WARN] PackLoader:240 - Cannot read IP mode file for STMicroelectronics.FP-SNS-MOTENVWB1.1.4.0
2024-06-12 19:57:42,256 [WARN] PackLoader:240 - Cannot read IP mode file for STMicroelectronics.X-CUBE-SMBUS.2.1.0
2024-06-12 19:57:42,267 [WARN] PackLoader:240 - Cannot read IP mode file for STMicroelectronics.X-CUBE-TOUCHGFX.4.23.0
2024-06-12 19:57:42,272 [WARN] PackLoader:240 - Cannot read IP mode file for STMicroelectronics.X-CUBE-TOUCHGFX.4.23.2
2024-06-12 19:57:42,349 [WARN] PackLoader:240 - Cannot read IP mode file for STMicroelectronics.X-CUBE-AZRTOS-F7.1.1.0
2024-06-12 19:57:42,373 [ERROR] RealEvaluatedCondition:428 - Found unsupported composite condition: CLASS='Data Exchange' GROUP='STM32_MetaDataManager'
2024-06-12 19:57:42,373 [ERROR] RealEvaluatedCondition:428 - Found unsupported composite condition: GROUP='STM32_MetaDataManager' CLASS='Data Exchange'
2024-06-12 19:57:42,377 [WARN] PackLoader:240 - Cannot read IP mode file for STMicroelectronics.FP-SNS-MOTENV1.4.3.0
2024-06-12 19:57:42,396 [WARN] PackLoader:240 - Cannot read IP mode file for STMicroelectronics.FP-SNS-MOTENV1.4.3.2
2024-06-12 19:57:42,410 [WARN] PackLoader:240 - Cannot read IP mode file for STMicroelectronics.FP-SNS-FLIGHT1.5.0.0
2024-06-12 19:57:42,420 [ERROR] RealEvaluatedCondition:428 - Found unsupported composite condition: GROUP='STM32_MetaDataManager' CLASS='Data Exchange'
2024-06-12 19:57:42,420 [ERROR] RealEvaluatedCondition:428 - Found unsupported composite condition: CLASS='Data Exchange' GROUP='STM32_MetaDataManager'
2024-06-12 19:57:42,423 [WARN] PackLoader:240 - Cannot read IP mode file for STMicroelectronics.FP-SNS-MOTENV1.4.3.1
2024-06-12 19:57:42,433 [WARN] PackLoader:240 - Cannot read IP mode file for STMicroelectronics.FP-SNS-FLIGHT1.5.0.1
2024-06-12 19:57:42,457 [WARN] PackLoader:240 - Cannot read IP mode file for STMicroelectronics.X-CUBE-BLE1.6.2.4
2024-06-12 19:57:42,466 [WARN] PackLoader:240 - Cannot read IP mode file for STMicroelectronics.FP-SNS-FLIGHT1.5.0.2
2024-06-12 19:57:42,482 [WARN] PackLoader:240 - Cannot read IP mode file for STMicroelectronics.X-CUBE-DISPLAY.3.0.0
2024-06-12 19:57:42,497 [WARN] PackLoader:240 - Cannot read IP mode file for STMicroelectronics.X-CUBE-BLE1.7.0.0
2024-06-12 19:57:42,504 [WARN] PackLoader:240 - Cannot read IP mode file for STMicroelectronics.X-CUBE-TOUCHGFX.4.22.0
2024-06-12 19:57:42,509 [WARN] PackLoader:240 - Cannot read IP mode file for STMicroelectronics.X-CUBE-TOUCHGFX.4.22.1
2024-06-12 19:57:42,526 [WARN] PackLoader:240 - Cannot read IP mode file for STMicroelectronics.X-CUBE-BLEMGR.3.1.0
2024-06-12 19:57:42,542 [WARN] PackLoader:240 - Cannot read IP mode file for STMicroelectronics.FP-SNS-SMARTAG2.1.2.0
2024-06-12 19:57:42,561 [INFO] LogOutputStream:77 - [STDOUT_REDIRECT] 1 : Invalid condition id : UX_CORESTACK_Condition cause : null
2024-06-12 19:57:42,563 [INFO] LogOutputStream:77 - [STDOUT_REDIRECT] 1 : Invalid condition id : UX_CORESTACK_Condition cause : null
2024-06-12 19:57:42,565 [INFO] LogOutputStream:77 - [STDOUT_REDIRECT] 1 : Invalid condition id : UX_CORESTACK_Condition cause : null
2024-06-12 19:57:42,569 [INFO] LogOutputStream:77 - [STDOUT_REDIRECT] 1 : Invalid condition id : UX_CORESTACK_Condition cause : null
2024-06-12 19:57:42,572 [INFO] LogOutputStream:77 - [STDOUT_REDIRECT] 1 : Invalid condition id : UX_CORESTACK_Condition cause : null
2024-06-12 19:57:42,579 [WARN] PackLoader:240 - Cannot read IP mode file for STMicroelectronics.X-CUBE-AZRTOS-WL.2.0.0
2024-06-12 19:57:42,588 [WARN] PackLoader:240 - Cannot read IP mode file for STMicroelectronics.FP-SNS-MOTENV1.5.0.0
2024-06-12 19:57:42,609 [WARN] PackLoader:240 - Cannot read IP mode file for WES.I-CUBE-Cesium.1.3.0
2024-06-12 19:57:42,618 [WARN] PackLoader:240 - Cannot read IP mode file for STMicroelectronics.X-CUBE-BLE2.3.3.0
2024-06-12 19:57:42,637 [WARN] PackLoader:240 - Cannot read IP mode file for STMicroelectronics.X-CUBE-TOF1.3.2.0
2024-06-12 19:57:42,655 [WARN] PackLoader:240 - Cannot read IP mode file for STMicroelectronics.X-CUBE-TCPP.4.1.0
2024-06-12 19:57:42,661 [WARN] PackLoader:240 - Cannot read IP mode file for STMicroelectronics.X-CUBE-TOUCHGFX.4.21.1
2024-06-12 19:57:42,665 [WARN] PackLoader:240 - Cannot read IP mode file for STMicroelectronics.X-CUBE-TOUCHGFX.4.21.3
2024-06-12 19:57:42,668 [WARN] PackLoader:240 - Cannot read IP mode file for STMicroelectronics.X-CUBE-TOUCHGFX.4.21.4
2024-06-12 19:57:42,677 [WARN] PackLoader:240 - Cannot read IP mode file for STMicroelectronics.X-CUBE-ALGOBUILD.1.3.0
2024-06-12 19:57:42,703 [WARN] PackLoader:240 - Cannot read IP mode file for STMicroelectronics.X-CUBE-AZRTOS-G0.1.1.0
2024-06-12 19:57:42,716 [WARN] PackLoader:240 - Cannot read IP mode file for STMicroelectronics.X-CUBE-SAFEA1.1.2.2
2024-06-12 19:57:42,725 [WARN] PackLoader:240 - Cannot read IP mode file for STMicroelectronics.X-CUBE-NFC4.3.0.0
2024-06-12 19:57:42,735 [WARN] PackLoader:240 - Cannot read IP mode file for wolfSSL.I-CUBE-wolfMQTT.1.18.0
2024-06-12 19:57:42,750 [WARN] PackLoader:240 - Cannot read IP mode file for STMicroelectronics.X-CUBE-BLEMGR.3.0.0
2024-06-12 19:57:42,768 [WARN] PackLoader:240 - Cannot read IP mode file for STMicroelectronics.X-CUBE-BLEMGR.1.3.0
2024-06-12 19:57:42,778 [WARN] PackLoader:240 - Cannot read IP mode file for STMicroelectronics.FP-ATR-SIGFOX1.3.2.0
2024-06-12 19:57:42,787 [WARN] PackLoader:240 - Cannot read IP mode file for STMicroelectronics.X-CUBE-EEPRMA1.5.1.0
2024-06-12 19:57:42,860 [WARN] PackLoader:240 - Cannot read IP mode file for STMicroelectronics.X-CUBE-MEMS1.9.5.0
2024-06-12 19:57:43,113 [WARN] PackLoader:240 - Cannot read IP mode file for SEGGER.I-CUBE-embOS.1.3.1
2024-06-12 19:57:43,185 [WARN] PackLoader:240 - Cannot read IP mode file for STMicroelectronics.X-CUBE-ALGOBUILD.1.4.0
2024-06-12 19:57:43,197 [WARN] PackLoader:240 - Cannot read IP mode file for STMicroelectronics.X-CUBE-GNSS1.6.0.0
2024-06-12 19:57:43,224 [WARN] PackLoader:240 - Cannot read IP mode file for STMicroelectronics.X-CUBE-AZRTOS-F4.1.1.0
2024-06-12 19:57:43,237 [WARN] PackLoader:240 - Cannot read IP mode file for STMicroelectronics.X-CUBE-FREERTOS.1.2.0
2024-06-12 19:57:43,266 [WARN] PackLoader:240 - Cannot read IP mode file for STMicroelectronics.X-CUBE-AZRTOS-L5.2.0.0
2024-06-12 19:57:43,346 [WARN] PackLoader:240 - Cannot read IP mode file for STMicroelectronics.X-CUBE-MEMS1.9.6.0
2024-06-12 19:57:43,558 [WARN] PackLoader:240 - Cannot read IP mode file for STMicroelectronics.X-CUBE-EEPRMA1.4.2.0
2024-06-12 19:57:43,572 [WARN] PackLoader:240 - Cannot read IP mode file for STMicroelectronics.X-CUBE-NFC6.3.1.0
2024-06-12 19:57:43,587 [WARN] PackLoader:240 - Cannot read IP mode file for ITTIA_DB.I-CUBE-ITTIADB.8.8.0
2024-06-12 19:57:43,598 [WARN] PackLoader:240 - Cannot read IP mode file for emotas.I-CUBE-CANOPEN.1.1.3
2024-06-12 19:57:43,610 [WARN] PackLoader:240 - Cannot read IP mode file for STMicroelectronics.X-CUBE-BLEMGR.2.0.0
2024-06-12 19:57:43,620 [WARN] PackLoader:240 - Cannot read IP mode file for STMicroelectronics.X-CUBE-AI.9.0.0
2024-06-12 19:57:43,648 [WARN] ConditionMgr:438 - getConditionDescription Invalid condition id : UX DEVICE CLASS RTOS Condition cause : null
2024-06-12 19:57:43,648 [WARN] ConditionMgr:438 - getConditionDescription Invalid condition id : UX DEVICE CLASS RTOS Condition cause : null
2024-06-12 19:57:43,654 [WARN] PackLoader:240 - Cannot read IP mode file for STMicroelectronics.X-CUBE-AZRTOS-H7.3.1.0
2024-06-12 19:57:43,657 [WARN] ConditionMgr:1039 - genDependencies : Invalid condition id : UX DEVICE CLASS RTOS Condition cause : null
2024-06-12 19:57:43,657 [WARN] ConditionMgr:1039 - genDependencies : Invalid condition id : UX DEVICE CLASS RTOS Condition cause : null
2024-06-12 19:57:43,659 [WARN] ConditionMgr:1039 - genDependencies : Invalid condition id : UX DEVICE CLASS RTOS Condition cause : null
2024-06-12 19:57:43,659 [WARN] ConditionMgr:1039 - genDependencies : Invalid condition id : UX DEVICE CLASS RTOS Condition cause : null
2024-06-12 19:57:43,660 [WARN] ConditionMgr:1039 - genDependencies : Invalid condition id : UX DEVICE CLASS RTOS Condition cause : null
2024-06-12 19:57:43,668 [WARN] PackLoader:240 - Cannot read IP mode file for wolfSSL.I-CUBE-wolfSSL.5.5.4
2024-06-12 19:57:43,676 [WARN] PackLoader:240 - Cannot read IP mode file for STMicroelectronics.X-CUBE-NFC7.1.0.1
2024-06-12 19:57:43,683 [WARN] PackLoader:240 - Cannot read IP mode file for STMicroelectronics.X-CUBE-NFC7.1.0.0
2024-06-12 19:57:43,694 [WARN] PackLoader:240 - Cannot read IP mode file for STMicroelectronics.X-CUBE-NFC6.3.0.0
2024-06-12 19:57:43,703 [WARN] PackLoader:240 - Cannot read IP mode file for STMicroelectronics.X-CUBE-EEPRMA1.4.1.0
2024-06-12 19:57:43,710 [WARN] PackLoader:240 - Cannot read IP mode file for STMicroelectronics.X-CUBE-AI.8.1.0
2024-06-12 19:57:43,733 [WARN] ConditionMgr:438 - getConditionDescription Invalid condition id : LAN8742 Phy interface Condition cause : null
2024-06-12 19:57:43,734 [WARN] PackLoader:240 - Cannot read IP mode file for STMicroelectronics.X-CUBE-AZRTOS-L4.2.0.0
2024-06-12 19:57:43,735 [WARN] ConditionMgr:1039 - genDependencies : Invalid condition id : LAN8742 Phy interface Condition cause : null
2024-06-12 19:57:43,735 [WARN] ConditionMgr:1039 - genDependencies : Invalid condition id : LAN8742 Phy interface Condition cause : null
2024-06-12 19:57:43,736 [WARN] ConditionMgr:1039 - genDependencies : Invalid condition id : LAN8742 Phy interface Condition cause : null
2024-06-12 19:57:43,749 [WARN] PackLoader:240 - Cannot read IP mode file for STMicroelectronics.X-CUBE-SFXS2LP1.4.0.0
2024-06-12 19:57:43,783 [WARN] PackLoader:240 - Cannot read IP mode file for STMicroelectronics.X-CUBE-AZRTOS-H7.3.0.0
2024-06-12 19:57:43,796 [WARN] PackLoader:240 - Cannot read IP mode file for STMicroelectronics.X-CUBE-ISPU.1.1.0
2024-06-12 19:57:43,809 [WARN] PackLoader:240 - Cannot read IP mode file for RoweBots.I-CUBE-UNISONRTOS.5.5.0-4
2024-06-12 19:57:43,818 [WARN] PackLoader:240 - Cannot read IP mode file for STMicroelectronics.X-CUBE-AI.8.0.0
2024-06-12 19:57:43,838 [WARN] ConditionMgr:438 - getConditionDescription Invalid condition id : UX DEVICE CLASS RTOS Condition cause : null
2024-06-12 19:57:43,838 [WARN] ConditionMgr:438 - getConditionDescription Invalid condition id : UX DEVICE CLASS RTOS Condition cause : null
2024-06-12 19:57:43,857 [WARN] PackLoader:240 - Cannot read IP mode file for STMicroelectronics.X-CUBE-AZRTOS-WB.2.0.0
2024-06-12 19:57:43,859 [WARN] ConditionMgr:1039 - genDependencies : Invalid condition id : UX DEVICE CLASS RTOS Condition cause : null
2024-06-12 19:57:43,859 [WARN] ConditionMgr:1039 - genDependencies : Invalid condition id : UX DEVICE CLASS RTOS Condition cause : null
2024-06-12 19:57:43,859 [WARN] ConditionMgr:1039 - genDependencies : Invalid condition id : UX DEVICE CLASS RTOS Condition cause : null
2024-06-12 19:57:43,860 [WARN] ConditionMgr:1039 - genDependencies : Invalid condition id : UX DEVICE CLASS RTOS Condition cause : null
2024-06-12 19:57:43,860 [WARN] ConditionMgr:1039 - genDependencies : Invalid condition id : UX DEVICE CLASS RTOS Condition cause : null
2024-06-12 19:57:43,867 [WARN] PackLoader:240 - Cannot read IP mode file for STMicroelectronics.X-CUBE-FREERTOS.1.0.0
2024-06-12 19:57:43,876 [WARN] PackLoader:240 - Cannot read IP mode file for STMicroelectronics.X-CUBE-FREERTOS.1.0.1
2024-06-12 19:57:43,895 [WARN] PackLoader:240 - Cannot read IP mode file for STMicroelectronics.X-CUBE-AZRTOS-L5.1.1.0
2024-06-12 19:57:43,903 [WARN] PackLoader:240 - Cannot read IP mode file for STMicroelectronics.X-CUBE-AI.8.0.1
2024-06-12 19:57:43,917 [WARN] PackLoader:240 - Cannot read IP mode file for STMicroelectronics.X-CUBE-SUBG2.5.0.0
2024-06-12 19:57:43,931 [WARN] PackLoader:240 - Cannot read IP mode file for Cesanta.I-CUBE-Mongoose.7.13.0
2024-06-12 19:57:43,944 [WARN] PackLoader:240 - Cannot read IP mode file for STMicroelectronics.X-CUBE-TOF1.3.3.1
2024-06-12 19:57:43,980 [WARN] PackLoader:240 - Cannot read IP mode file for STMicroelectronics.X-CUBE-AZRTOS-G4.2.0.0
2024-06-12 19:57:43,996 [WARN] PackLoader:240 - Cannot read IP mode file for STMicroelectronics.X-CUBE-TOF1.3.3.0
2024-06-12 19:57:44,016 [WARN] PackLoader:240 - Cannot read IP mode file for STMicroelectronics.FP-ATR-ASTRA1.1.1.1
2024-06-12 19:57:44,036 [WARN] PackLoader:240 - Cannot read IP mode file for Infineon.AIROC-Wi-Fi-Bluetooth-STM32.1.5.1
2024-06-12 19:57:44,047 [WARN] PackLoader:240 - Cannot read IP mode file for STMicroelectronics.FP-SNS-MOTENVWB1.1.3.0
2024-06-12 19:57:44,052 [WARN] PackLoader:240 - Cannot read IP mode file for STMicroelectronics.FP-SNS-MOTENVWB1.1.3.1
2024-06-12 19:57:44,068 [WARN] PackLoader:240 - Cannot read IP mode file for STMicroelectronics.X-CUBE-AZRTOS-G4.1.0.0
2024-06-12 19:57:44,089 [WARN] PackLoader:240 - Cannot read IP mode file for STMicroelectronics.X-CUBE-AZRTOS-L4.1.0.0
2024-06-12 19:57:44,097 [WARN] PackLoader:240 - Cannot read IP mode file for STMicroelectronics.X-CUBE-ISPU.2.0.0
2024-06-12 19:57:44,106 [WARN] PackLoader:240 - Cannot read IP mode file for STMicroelectronics.X-CUBE-ALS.1.0.2
2024-06-12 19:57:44,175 [WARN] PackLoader:240 - Cannot read IP mode file for STMicroelectronics.X-CUBE-MEMS1.10.0.0
2024-06-12 19:57:44,398 [WARN] PackLoader:240 - Cannot read IP mode file for STMicroelectronics.X-CUBE-FREERTOS.1.1.0
2024-06-12 19:57:44,414 [WARN] PackLoader:240 - Cannot read IP mode file for STMicroelectronics.X-CUBE-AZRTOS-WL.1.0.0
2024-06-12 19:57:44,423 [WARN] PackLoader:240 - Cannot read IP mode file for portGmbH.I-Cube-SoM-uGOAL.1.1.0
2024-06-12 19:57:44,429 [WARN] PackLoader:240 - Cannot read IP mode file for STMicroelectronics.X-CUBE-ALS.1.0.1
2024-06-12 19:57:44,445 [WARN] PackLoader:240 - Cannot read IP mode file for STMicroelectronics.X-CUBE-AZRTOS-WB.1.1.0
2024-06-12 19:57:44,469 [WARN] PackLoader:240 - Cannot read IP mode file for STMicroelectronics.X-CUBE-AZRTOS-H7RS.1.0.0
2024-06-12 19:57:44,478 [WARN] PackLoader:240 - Cannot read IP mode file for STMicroelectronics.FP-ATR-ASTRA1.2.0.0
2024-06-12 19:57:44,494 [WARN] PackLoader:240 - Cannot read IP mode file for STMicroelectronics.X-CUBE-TOF1.3.4.0
2024-06-12 19:57:44,521 [WARN] PackLoader:240 - Cannot read IP mode file for STMicroelectronics.X-CUBE-TOF1.3.4.1
2024-06-12 19:57:44,564 [WARN] PackLoader:240 - Cannot read IP mode file for STMicroelectronics.X-CUBE-AZRTOS-H7.3.2.0
2024-06-12 19:57:44,568 [INFO] ThirdParty:978 - Integrity check success = true
2024-06-12 19:57:44,568 [INFO] IntegrityCheckThread:100 - exiting critical section [integrity check]
2024-06-12 19:57:44,568 [INFO] IntegrityCheckThread:103 - End integrity checks thread
2024-06-12 21:00:30,403 [ERROR] LogOutputStream:75 - [STDERR_REDIRECT] 
