2024-03-15 18:57:46,815 [INFO] Activator:176 - 


2024-03-15 18:57:46,823 [INFO] Activator:177 - !SESSION log4j initialized
2024-03-15 18:57:53,096 [INFO] LogOutputStream:77 - [STDOUT_REDIRECT] 
2024-03-15 18:57:53,988 [INFO] ApplicationProperties:184 - Using Application install path: C:\ST\STM32CubeIDE_1.11.2\STM32CubeIDE\plugins\com.st.stm32cube.common.mx_6.10.0.202311202037
2024-03-15 18:57:54,012 [INFO] DbMcusXml:78 - Set database path to: C:\ST\STM32CubeIDE_1.11.2\STM32CubeIDE\plugins\com.st.stm32cube.common.mx_6.10.0.202311202037\\db\/mcu/
2024-03-15 18:57:54,012 [INFO] ApiDb:274 - Set plugin database path to: C:\ST\STM32CubeIDE_1.11.2\STM32CubeIDE\plugins\com.st.stm32cube.common.mx_6.10.0.202311202037\\db\/plugins/boardmanager/
2024-03-15 18:57:54,013 [WARN] ApiDb:259 - Overriding images path with different value:  => C:\ST\STM32CubeIDE_1.11.2\STM32CubeIDE\plugins\com.st.stm32cube.common.mx_6.10.0.202311202037\\db\/plugins/mcufinder/images/
2024-03-15 18:57:54,029 [INFO] ApiDb:250 - Set database path to: C:\Users\bakra\.stmcufinder\plugins\mcufinder//mcu/
2024-03-15 18:57:54,031 [INFO] DbMcusAds:125 - Set database path to: C:\Users\bakra\.stmcufinder\plugins\mcufinder//mcu/
2024-03-15 18:57:54,033 [INFO] CrossReferenceDbSqlite:203 - Set database path to: C:\Users\bakra\.stmcufinder\plugins\mcufinder//mcu/cs/
2024-03-15 18:57:54,148 [INFO] RulesReader:64 - Compatibility file has been processed (297 Rules)
2024-03-15 18:57:54,260 [INFO] DbMcusXml:78 - Set database path to: C:\ST\STM32CubeIDE_1.11.2\STM32CubeIDE\plugins\com.st.stm32cube.common.mx_6.10.0.202311202037\\db\/mcu/
2024-03-15 18:57:54,261 [INFO] ApiDb:274 - Set plugin database path to: C:\ST\STM32CubeIDE_1.11.2\STM32CubeIDE\plugins\com.st.stm32cube.common.mx_6.10.0.202311202037\\db\/plugins/boardmanager/
2024-03-15 18:57:54,261 [INFO] ApiDb:261 - Set plugin images path to: C:\ST\STM32CubeIDE_1.11.2\STM32CubeIDE\plugins\com.st.stm32cube.common.mx_6.10.0.202311202037\\db\/plugins/mcufinder/images/
2024-03-15 18:57:54,261 [WARN] DbFile:41 - Overriding database path with different value: C:\Users\bakra\.stmcufinder\plugins\mcufinder/ => C:\Users\bakra\.stmcufinder\plugins\mcufinder
2024-03-15 18:57:54,261 [INFO] ApiDb:250 - Set database path to: C:\Users\bakra\.stmcufinder\plugins\mcufinder//mcu/
2024-03-15 18:57:54,261 [WARN] DbFile:41 - Overriding database path with different value: C:\Users\bakra\.stmcufinder\plugins\mcufinder/ => C:\Users\bakra\.stmcufinder\plugins\mcufinder
2024-03-15 18:57:54,261 [INFO] DbMcusAds:125 - Set database path to: C:\Users\bakra\.stmcufinder\plugins\mcufinder//mcu/
2024-03-15 18:57:54,261 [WARN] DbFile:41 - Overriding database path with different value: C:\Users\bakra\.stmcufinder\plugins\mcufinder/ => C:\Users\bakra\.stmcufinder\plugins\mcufinder
2024-03-15 18:57:54,261 [WARN] DbFile:41 - Overriding database path with different value: C:\Users\bakra\.stmcufinder\plugins\mcufinder/ => C:\Users\bakra\.stmcufinder\plugins\mcufinder
2024-03-15 18:57:54,261 [INFO] CrossReferenceDbSqlite:203 - Set database path to: C:\Users\bakra\.stmcufinder\plugins\mcufinder//mcu/cs/
2024-03-15 18:57:54,347 [INFO] MainPanel:264 - HeapMemory: 268435456
2024-03-15 18:57:54,469 [INFO] DbMcusXml:78 - Set database path to: C:\ST\STM32CubeIDE_1.11.2\STM32CubeIDE\plugins\com.st.stm32cube.common.mx_6.10.0.202311202037\\db\/mcu/
2024-03-15 18:57:54,469 [INFO] ApiDb:274 - Set plugin database path to: C:\ST\STM32CubeIDE_1.11.2\STM32CubeIDE\plugins\com.st.stm32cube.common.mx_6.10.0.202311202037\\db\/plugins/boardmanager/
2024-03-15 18:57:54,469 [INFO] ApiDb:261 - Set plugin images path to: C:\ST\STM32CubeIDE_1.11.2\STM32CubeIDE\plugins\com.st.stm32cube.common.mx_6.10.0.202311202037\\db\/plugins/mcufinder/images/
2024-03-15 18:57:54,469 [WARN] DbFile:41 - Overriding database path with different value: C:\Users\bakra\.stmcufinder\plugins\mcufinder/ => C:\Users\bakra\.stmcufinder\plugins\mcufinder
2024-03-15 18:57:54,469 [INFO] ApiDb:250 - Set database path to: C:\Users\bakra\.stmcufinder\plugins\mcufinder//mcu/
2024-03-15 18:57:54,469 [WARN] DbFile:41 - Overriding database path with different value: C:\Users\bakra\.stmcufinder\plugins\mcufinder/ => C:\Users\bakra\.stmcufinder\plugins\mcufinder
2024-03-15 18:57:54,469 [INFO] DbMcusAds:125 - Set database path to: C:\Users\bakra\.stmcufinder\plugins\mcufinder//mcu/
2024-03-15 18:57:54,470 [WARN] DbFile:41 - Overriding database path with different value: C:\Users\bakra\.stmcufinder\plugins\mcufinder/ => C:\Users\bakra\.stmcufinder\plugins\mcufinder
2024-03-15 18:57:54,470 [WARN] DbFile:41 - Overriding database path with different value: C:\Users\bakra\.stmcufinder\plugins\mcufinder/ => C:\Users\bakra\.stmcufinder\plugins\mcufinder
2024-03-15 18:57:54,470 [INFO] CrossReferenceDbSqlite:203 - Set database path to: C:\Users\bakra\.stmcufinder\plugins\mcufinder//mcu/cs/
2024-03-15 18:57:54,492 [INFO] ApplicationProperties:184 - Using Application install path: C:\ST\STM32CubeIDE_1.11.2\STM32CubeIDE\plugins\com.st.stm32cube.common.mx_6.10.0.202311202037
2024-03-15 18:57:54,494 [INFO] PluginManage:196 - Search for loadable plugins [exclusion list=, ]
2024-03-15 18:57:54,497 [INFO] PluginManage:310 - Check plugin analytics
2024-03-15 18:57:54,615 [INFO] AnalyticsPlugin:253 - Accepted Software Licenses: 
2024-03-15 18:57:54,615 [INFO] AnalyticsPlugin:255 - Accepted CMSIS Pack Licenses: 
2024-03-15 18:57:54,615 [INFO] AnalyticsPlugin:257 - Accepted Firmware Licenses: 
2024-03-15 18:57:54,617 [INFO] PluginManage:359 - Loaded plugin analytics (category:tool,tabindex:-1)
2024-03-15 18:57:54,618 [INFO] PluginManage:310 - Check plugin cadmodel
2024-03-15 18:57:54,629 [INFO] CADModel:105 - Init CAD model plugin
2024-03-15 18:57:54,630 [INFO] PluginManage:359 - Loaded plugin cadmodel (category:power,tabindex:5)
2024-03-15 18:57:54,630 [INFO] PluginManage:310 - Check plugin clock
2024-03-15 18:57:54,651 [INFO] PluginManage:359 - Loaded plugin clock (category:base,tabindex:2)
2024-03-15 18:57:54,651 [INFO] PluginManage:310 - Check plugin ddr
2024-03-15 18:57:54,655 [INFO] PluginManage:359 - Loaded plugin ddr (category:tool,tabindex:6)
2024-03-15 18:57:54,655 [INFO] PluginManage:310 - Check plugin filemanager
2024-03-15 18:57:54,775 [INFO] PluginManage:359 - Loaded plugin filemanager (category:base,tabindex:10)
2024-03-15 18:57:54,775 [INFO] PluginManage:310 - Check plugin ipmanager
2024-03-15 18:57:54,781 [INFO] PluginManage:359 - Loaded plugin ipmanager (category:base,tabindex:5)
2024-03-15 18:57:54,781 [INFO] PluginManage:310 - Check plugin lpbam
2024-03-15 18:57:54,797 [INFO] PluginManage:359 - Loaded plugin lpbam (category:base,tabindex:0)
2024-03-15 18:57:54,797 [INFO] PluginManage:310 - Check plugin memorymap
2024-03-15 18:57:54,824 [INFO] PluginManage:359 - Loaded plugin memorymap (category:base,tabindex:4)
2024-03-15 18:57:54,825 [INFO] PluginManage:310 - Check plugin pinoutandconfiguration
2024-03-15 18:57:54,837 [INFO] PluginManage:359 - Loaded plugin pinoutandconfiguration (category:base,tabindex:1)
2024-03-15 18:57:54,838 [INFO] PluginManage:310 - Check plugin pinoutconfig
2024-03-15 18:57:54,923 [WARN] SupportedApi:132 - Cannot load RTOS API schema: s4s-elt-must-match.1: The content of 'definitions' must match (annotation?, (simpleType | complexType)?, (unique | key | keyref)*)). A problem was found starting at: attribute.
2024-03-15 18:57:55,016 [INFO] PluginManage:359 - Loaded plugin pinoutconfig (category:base,tabindex:0)
2024-03-15 18:57:55,017 [INFO] PluginManage:310 - Check plugin power
2024-03-15 18:57:55,032 [INFO] PluginManage:359 - Loaded plugin power (category:power,tabindex:4)
2024-03-15 18:57:55,032 [INFO] PluginManage:310 - Check plugin projectmanager
2024-03-15 18:57:55,044 [INFO] PluginManage:359 - Loaded plugin projectmanager (category:projectmanager,tabindex:3)
2024-03-15 18:57:55,044 [INFO] PluginManage:310 - Check plugin thirdparty
2024-03-15 18:57:55,270 [INFO] PluginManage:359 - Loaded plugin thirdparty (category:base,tabindex:-1)
2024-03-15 18:57:55,270 [INFO] PluginManage:310 - Check plugin tools
2024-03-15 18:57:55,270 [WARN] IntegrityCheckThread:84 - waiting for thirdparty lock release [integrity check]
2024-03-15 18:57:55,270 [INFO] IntegrityCheckThread:86 - entering critical section [integrity check]
2024-03-15 18:57:55,271 [INFO] ThirdPartyUpdaterWithRetryManager:70 - Updater plugin not ready yet. [1/15]
2024-03-15 18:57:55,294 [INFO] PluginManage:359 - Loaded plugin tools (category:base,tabindex:7)
2024-03-15 18:57:55,294 [INFO] PluginManage:310 - Check plugin tutovideos
2024-03-15 18:57:55,474 [INFO] PluginManage:359 - Loaded plugin tutovideos (category:base,tabindex:-1)
2024-03-15 18:57:55,475 [INFO] PluginManage:310 - Check plugin updater
2024-03-15 18:57:55,482 [INFO] PluginManage:359 - Loaded plugin updater (category:base,tabindex:12)
2024-03-15 18:57:55,482 [INFO] PluginManage:310 - Check plugin userauth
2024-03-15 18:57:55,487 [INFO] UserAuth:114 - Init User Auth plugin
2024-03-15 18:57:55,487 [INFO] PluginManage:359 - Loaded plugin userauth (category:base,tabindex:14)
2024-03-15 18:57:55,487 [INFO] PluginManage:283 - PluginManage : Loaded plugins [17]
2024-03-15 18:57:55,693 [INFO] PinOutPanel:1499 - setPackage(No Configuration,No Configuration)
2024-03-15 18:57:55,756 [INFO] CADModel:165 - CPN selected for project level
2024-03-15 18:57:55,756 [INFO] CADModel:114 - Register for checkConnection events
2024-03-15 18:57:55,781 [INFO] IPUIPlugin:80 - create IPUIPlugin
2024-03-15 18:57:55,782 [INFO] PluginManager:220 - loadIPPluginJar : add adc
2024-03-15 18:57:55,805 [INFO] IPUIPlugin:80 - create IPUIPlugin
2024-03-15 18:57:55,805 [INFO] PluginManager:220 - loadIPPluginJar : add aes
2024-03-15 18:57:55,832 [INFO] IPUIPlugin:80 - create IPUIPlugin
2024-03-15 18:57:55,833 [INFO] PluginManager:220 - loadIPPluginJar : add can
2024-03-15 18:57:55,850 [INFO] IPUIPlugin:80 - create IPUIPlugin
2024-03-15 18:57:55,850 [INFO] PluginManager:220 - loadIPPluginJar : add comp
2024-03-15 18:57:55,872 [INFO] IPUIPlugin:80 - create IPUIPlugin
2024-03-15 18:57:55,872 [INFO] PluginManager:220 - loadIPPluginJar : add cryp
2024-03-15 18:57:55,892 [INFO] IPUIPlugin:80 - create IPUIPlugin
2024-03-15 18:57:55,892 [INFO] PluginManager:220 - loadIPPluginJar : add dfsdm
2024-03-15 18:57:55,902 [INFO] IPUIPlugin:80 - create IPUIPlugin
2024-03-15 18:57:55,903 [INFO] PluginManager:220 - loadIPPluginJar : add dma
2024-03-15 18:57:55,932 [INFO] IPUIPlugin:80 - create IPUIPlugin
2024-03-15 18:57:55,932 [INFO] PluginManager:220 - loadIPPluginJar : add dma3
2024-03-15 18:57:55,946 [INFO] IPUIPlugin:80 - create IPUIPlugin
2024-03-15 18:57:55,946 [INFO] PluginManager:220 - loadIPPluginJar : add fatfs
2024-03-15 18:57:55,977 [INFO] IPUIPlugin:80 - create IPUIPlugin
2024-03-15 18:57:55,977 [INFO] PluginManager:220 - loadIPPluginJar : add fmc
2024-03-15 18:57:55,992 [INFO] IPUIPlugin:80 - create IPUIPlugin
2024-03-15 18:57:55,992 [INFO] PluginManager:220 - loadIPPluginJar : add freertos
2024-03-15 18:57:56,007 [INFO] IPUIPlugin:80 - create IPUIPlugin
2024-03-15 18:57:56,007 [INFO] PluginManager:220 - loadIPPluginJar : add genericplugin
2024-03-15 18:57:56,068 [INFO] IPUIPlugin:80 - create IPUIPlugin
2024-03-15 18:57:56,068 [INFO] PluginManager:220 - loadIPPluginJar : add gfxmmu
2024-03-15 18:57:56,149 [INFO] IPUIPlugin:80 - create IPUIPlugin
2024-03-15 18:57:56,149 [INFO] PluginManager:220 - loadIPPluginJar : add gic
2024-03-15 18:57:56,160 [INFO] IPUIPlugin:80 - create IPUIPlugin
2024-03-15 18:57:56,161 [INFO] PluginManager:220 - loadIPPluginJar : add gpio
2024-03-15 18:57:56,220 [INFO] IPUIPlugin:80 - create IPUIPlugin
2024-03-15 18:57:56,220 [INFO] PluginManager:220 - loadIPPluginJar : add gtzc
2024-03-15 18:57:56,240 [INFO] IPUIPlugin:80 - create IPUIPlugin
2024-03-15 18:57:56,240 [INFO] PluginManager:220 - loadIPPluginJar : add hash
2024-03-15 18:57:56,273 [INFO] IPUIPlugin:80 - create IPUIPlugin
2024-03-15 18:57:56,273 [INFO] PluginManager:220 - loadIPPluginJar : add i2c
2024-03-15 18:57:56,298 [INFO] IPUIPlugin:80 - create IPUIPlugin
2024-03-15 18:57:56,298 [INFO] PluginManager:220 - loadIPPluginJar : add i2s
2024-03-15 18:57:56,325 [INFO] IPUIPlugin:80 - create IPUIPlugin
2024-03-15 18:57:56,325 [INFO] PluginManager:220 - loadIPPluginJar : add i3c
2024-03-15 18:57:56,395 [INFO] IPUIPlugin:80 - create IPUIPlugin
2024-03-15 18:57:56,395 [INFO] PluginManager:220 - loadIPPluginJar : add ipddr
2024-03-15 18:57:56,455 [INFO] IPUIPlugin:80 - create IPUIPlugin
2024-03-15 18:57:56,455 [INFO] PluginManager:220 - loadIPPluginJar : add linkedlist
2024-03-15 18:57:56,477 [INFO] IPUIPlugin:80 - create IPUIPlugin
2024-03-15 18:57:56,477 [INFO] PluginManager:220 - loadIPPluginJar : add lorawan
2024-03-15 18:57:56,500 [INFO] IPUIPlugin:80 - create IPUIPlugin
2024-03-15 18:57:56,500 [INFO] PluginManager:220 - loadIPPluginJar : add ltdc
2024-03-15 18:57:56,514 [INFO] IPUIPlugin:80 - create IPUIPlugin
2024-03-15 18:57:56,515 [INFO] PluginManager:220 - loadIPPluginJar : add mdma
2024-03-15 18:57:56,524 [INFO] IPUIPlugin:80 - create IPUIPlugin
2024-03-15 18:57:56,524 [INFO] PluginManager:220 - loadIPPluginJar : add nvic
2024-03-15 18:57:56,548 [INFO] IPUIPlugin:80 - create IPUIPlugin
2024-03-15 18:57:56,548 [INFO] PluginManager:220 - loadIPPluginJar : add opamp
2024-03-15 18:57:56,586 [INFO] IPUIPlugin:80 - create IPUIPlugin
2024-03-15 18:57:56,586 [INFO] PluginManager:220 - loadIPPluginJar : add openamp
2024-03-15 18:57:56,613 [INFO] IPUIPlugin:80 - create IPUIPlugin
2024-03-15 18:57:56,613 [INFO] PluginManager:220 - loadIPPluginJar : add pdm2pcm
2024-03-15 18:57:56,625 [INFO] IPUIPlugin:80 - create IPUIPlugin
2024-03-15 18:57:56,626 [INFO] PluginManager:220 - loadIPPluginJar : add plateformsettings
2024-03-15 18:57:56,643 [INFO] IPUIPlugin:80 - create IPUIPlugin
2024-03-15 18:57:56,643 [INFO] PluginManager:220 - loadIPPluginJar : add quadspi
2024-03-15 18:57:56,654 [INFO] IPUIPlugin:80 - create IPUIPlugin
2024-03-15 18:57:56,654 [INFO] PluginManager:220 - loadIPPluginJar : add resmgrutility
2024-03-15 18:57:56,689 [INFO] IPUIPlugin:80 - create IPUIPlugin
2024-03-15 18:57:56,689 [INFO] PluginManager:220 - loadIPPluginJar : add sai
2024-03-15 18:57:56,713 [INFO] IPUIPlugin:80 - create IPUIPlugin
2024-03-15 18:57:56,713 [INFO] PluginManager:220 - loadIPPluginJar : add spi
2024-03-15 18:57:56,757 [INFO] IPUIPlugin:80 - create IPUIPlugin
2024-03-15 18:57:56,757 [INFO] PluginManager:220 - loadIPPluginJar : add stm32_wpan
2024-03-15 18:57:56,772 [INFO] IPUIPlugin:80 - create IPUIPlugin
2024-03-15 18:57:56,772 [INFO] PluginManager:220 - loadIPPluginJar : add tim
2024-03-15 18:57:56,807 [INFO] IPUIPlugin:80 - create IPUIPlugin
2024-03-15 18:57:56,807 [INFO] PluginManager:220 - loadIPPluginJar : add touchsensing
2024-03-15 18:57:56,822 [INFO] IPUIPlugin:80 - create IPUIPlugin
2024-03-15 18:57:56,822 [INFO] PluginManager:220 - loadIPPluginJar : add tracer_emb
2024-03-15 18:57:56,836 [INFO] IPUIPlugin:80 - create IPUIPlugin
2024-03-15 18:57:56,837 [INFO] PluginManager:220 - loadIPPluginJar : add ts
2024-03-15 18:57:56,851 [INFO] IPUIPlugin:80 - create IPUIPlugin
2024-03-15 18:57:56,851 [INFO] PluginManager:220 - loadIPPluginJar : add tsc
2024-03-15 18:57:56,864 [INFO] IPUIPlugin:80 - create IPUIPlugin
2024-03-15 18:57:56,864 [INFO] PluginManager:220 - loadIPPluginJar : add ucpd
2024-03-15 18:57:56,893 [INFO] IPUIPlugin:80 - create IPUIPlugin
2024-03-15 18:57:56,893 [INFO] PluginManager:220 - loadIPPluginJar : add usart
2024-03-15 18:57:56,921 [INFO] IPUIPlugin:80 - create IPUIPlugin
2024-03-15 18:57:56,921 [INFO] PluginManager:220 - loadIPPluginJar : add usbx
2024-03-15 18:57:57,034 [INFO] CADModel:165 - CPN selected for project level
2024-03-15 18:57:57,034 [INFO] CADModel:114 - Register for checkConnection events
2024-03-15 18:57:57,035 [FATAL] Updater:308 - Updater called before beeing initialized
2024-03-15 18:57:57,035 [ERROR] CADModel:125 - Updater not yet initialized, retry later 
2024-03-15 18:57:57,178 [INFO] CADModel:165 - CPN selected for project level
2024-03-15 18:57:57,178 [INFO] CADModel:114 - Register for checkConnection events
2024-03-15 18:57:57,178 [FATAL] Updater:308 - Updater called before beeing initialized
2024-03-15 18:57:57,178 [ERROR] CADModel:125 - Updater not yet initialized, retry later 
2024-03-15 18:57:57,180 [FATAL] Updater:308 - Updater called before beeing initialized
2024-03-15 18:57:57,276 [FATAL] Updater:308 - Updater called before beeing initialized
2024-03-15 18:57:57,285 [INFO] DbMcusAds:53 - JSON generation date=Wed Nov 29 05:52:27 EST 2023 (1701255147349)
2024-03-15 18:57:57,285 [FATAL] Updater:308 - Updater called before beeing initialized
2024-03-15 18:57:57,350 [WARN] DetailPanel:346 - Failed to get advertising image, set to default
2024-03-15 18:57:57,445 [FATAL] Updater:308 - Updater called before beeing initialized
2024-03-15 18:57:57,448 [FATAL] Updater:308 - Updater called before beeing initialized
2024-03-15 18:57:57,448 [FATAL] Updater:308 - Updater called before beeing initialized
2024-03-15 18:57:57,448 [WARN] DetailPanel:346 - Failed to get advertising image, set to default
2024-03-15 18:57:57,448 [FATAL] Updater:308 - Updater called before beeing initialized
2024-03-15 18:57:57,500 [ERROR] Updater:1120 - MainUpdater not yet initialized. External WinMGr cannot be set.
2024-03-15 18:57:57,510 [INFO] Updater:1056 - Updater Version found : 6.10.0
2024-03-15 18:57:57,526 [INFO] ApplicationProperties:184 - Using Application install path: C:\ST\STM32CubeIDE_1.11.2\STM32CubeIDE\plugins\com.st.stm32cube.common.mx_6.10.0.202311202037
2024-03-15 18:57:58,272 [INFO] ThirdPartyUpdaterWithRetryManager:70 - Updater plugin not ready yet. [2/15]
2024-03-15 18:57:59,105 [ERROR] LogOutputStream:75 - [STDERR_REDIRECT] Mar 15, 2024 6:57:59 PM java.util.prefs.WindowsPreferences <init>
2024-03-15 18:57:59,106 [ERROR] LogOutputStream:75 - [STDERR_REDIRECT] WARNING: Could not open/create prefs root node Software\JavaSoft\Prefs at root 0xffffffff80000002. Windows RegCreateKeyEx(...) returned error code 5.
2024-03-15 18:57:59,106 [ERROR] LogOutputStream:75 - [STDERR_REDIRECT] 
2024-03-15 18:57:59,496 [INFO] MainUpdater:2873 - connection check result : 10
2024-03-15 18:57:59,496 [INFO] MainUpdater:290 - Updater Check For Update Now.
2024-03-15 18:57:59,496 [INFO] MicroXplorer:498 - Change Database Version : DB.6.0.100
2024-03-15 18:57:59,508 [INFO] McuFinderGlobals:63 - Set McuFinder mode to 2 (CubeIDE integrated)
2024-03-15 18:57:59,521 [INFO] UserAuth:404 - Internet connection configuration mode: 1
2024-03-15 18:57:59,557 [INFO] JxBrowserEngine:152 - Initiate JxBrowser Engine with user profile folder
2024-03-15 18:57:59,682 [INFO] CheckServerUpdateThread:120 - End of CheckServer Thread
2024-03-15 18:58:01,425 [WARN] PackLoader:240 - Cannot read IP mode file for STMicroelectronics.X-CUBE-SMBUS.2.1.0
2024-03-15 18:58:01,437 [WARN] PackLoader:240 - Cannot read IP mode file for STMicroelectronics.X-CUBE-TOUCHGFX.4.23.0
2024-03-15 18:58:01,467 [WARN] PackLoader:240 - Cannot read IP mode file for STMicroelectronics.X-CUBE-AZRTOS-F7.1.1.0
2024-03-15 18:58:01,555 [ERROR] RealEvaluatedCondition:428 - Found unsupported composite condition: CLASS='Data Exchange' GROUP='STM32_MetaDataManager'
2024-03-15 18:58:01,556 [ERROR] RealEvaluatedCondition:428 - Found unsupported composite condition: GROUP='STM32_MetaDataManager' CLASS='Data Exchange'
2024-03-15 18:58:01,558 [WARN] PackLoader:240 - Cannot read IP mode file for STMicroelectronics.FP-SNS-MOTENV1.4.3.0
2024-03-15 18:58:01,570 [WARN] PackLoader:240 - Cannot read IP mode file for STMicroelectronics.FP-SNS-MOTENV1.4.3.2
2024-03-15 18:58:01,581 [WARN] PackLoader:240 - Cannot read IP mode file for STMicroelectronics.FP-SNS-FLIGHT1.5.0.0
2024-03-15 18:58:01,593 [ERROR] RealEvaluatedCondition:428 - Found unsupported composite condition: GROUP='STM32_MetaDataManager' CLASS='Data Exchange'
2024-03-15 18:58:01,593 [ERROR] RealEvaluatedCondition:428 - Found unsupported composite condition: CLASS='Data Exchange' GROUP='STM32_MetaDataManager'
2024-03-15 18:58:01,594 [WARN] PackLoader:240 - Cannot read IP mode file for STMicroelectronics.FP-SNS-MOTENV1.4.3.1
2024-03-15 18:58:01,605 [WARN] PackLoader:240 - Cannot read IP mode file for STMicroelectronics.FP-SNS-FLIGHT1.5.0.1
2024-03-15 18:58:01,620 [WARN] PackLoader:240 - Cannot read IP mode file for STMicroelectronics.X-CUBE-BLE1.6.2.4
2024-03-15 18:58:01,768 [WARN] PackLoader:240 - Cannot read IP mode file for STMicroelectronics.FP-SNS-FLIGHT1.5.0.2
2024-03-15 18:58:01,822 [WARN] PackLoader:240 - Cannot read IP mode file for STMicroelectronics.X-CUBE-DISPLAY.3.0.0
2024-03-15 18:58:01,835 [WARN] PackLoader:240 - Cannot read IP mode file for STMicroelectronics.X-CUBE-BLE1.7.0.0
2024-03-15 18:58:01,844 [WARN] PackLoader:240 - Cannot read IP mode file for STMicroelectronics.X-CUBE-TOUCHGFX.4.22.0
2024-03-15 18:58:01,852 [WARN] PackLoader:240 - Cannot read IP mode file for STMicroelectronics.X-CUBE-TOUCHGFX.4.22.1
2024-03-15 18:58:01,865 [WARN] PackLoader:240 - Cannot read IP mode file for STMicroelectronics.X-CUBE-BLEMGR.3.1.0
2024-03-15 18:58:01,875 [WARN] PackLoader:240 - Cannot read IP mode file for STMicroelectronics.FP-SNS-SMARTAG2.1.2.0
2024-03-15 18:58:01,894 [INFO] LogOutputStream:77 - [STDOUT_REDIRECT] 1 : Invalid condition id : UX_CORESTACK_Condition cause : null
2024-03-15 18:58:01,896 [INFO] LogOutputStream:77 - [STDOUT_REDIRECT] 1 : Invalid condition id : UX_CORESTACK_Condition cause : null
2024-03-15 18:58:01,897 [INFO] LogOutputStream:77 - [STDOUT_REDIRECT] 1 : Invalid condition id : UX_CORESTACK_Condition cause : null
2024-03-15 18:58:01,898 [INFO] LogOutputStream:77 - [STDOUT_REDIRECT] 1 : Invalid condition id : UX_CORESTACK_Condition cause : null
2024-03-15 18:58:01,899 [INFO] LogOutputStream:77 - [STDOUT_REDIRECT] 1 : Invalid condition id : UX_CORESTACK_Condition cause : null
2024-03-15 18:58:01,903 [WARN] PackLoader:240 - Cannot read IP mode file for STMicroelectronics.X-CUBE-AZRTOS-WL.2.0.0
2024-03-15 18:58:02,040 [WARN] PackLoader:240 - Cannot read IP mode file for WES.I-CUBE-Cesium.1.3.0
2024-03-15 18:58:02,060 [WARN] PackLoader:240 - Cannot read IP mode file for STMicroelectronics.X-CUBE-BLE2.3.3.0
2024-03-15 18:58:02,079 [WARN] PackLoader:240 - Cannot read IP mode file for STMicroelectronics.X-CUBE-TOF1.3.2.0
2024-03-15 18:58:02,096 [WARN] PackLoader:240 - Cannot read IP mode file for STMicroelectronics.X-CUBE-TOUCHGFX.4.21.1
2024-03-15 18:58:02,106 [WARN] PackLoader:240 - Cannot read IP mode file for STMicroelectronics.X-CUBE-TOUCHGFX.4.21.3
2024-03-15 18:58:02,116 [WARN] PackLoader:240 - Cannot read IP mode file for STMicroelectronics.X-CUBE-TOUCHGFX.4.21.4
2024-03-15 18:58:02,126 [WARN] PackLoader:240 - Cannot read IP mode file for STMicroelectronics.X-CUBE-ALGOBUILD.1.3.0
2024-03-15 18:58:02,147 [WARN] PackLoader:240 - Cannot read IP mode file for STMicroelectronics.X-CUBE-AZRTOS-G0.1.1.0
2024-03-15 18:58:02,159 [WARN] PackLoader:240 - Cannot read IP mode file for STMicroelectronics.X-CUBE-NFC4.3.0.0
2024-03-15 18:58:02,172 [WARN] PackLoader:240 - Cannot read IP mode file for STMicroelectronics.X-CUBE-BLEMGR.3.0.0
2024-03-15 18:58:02,185 [WARN] PackLoader:240 - Cannot read IP mode file for STMicroelectronics.X-CUBE-BLEMGR.1.3.0
2024-03-15 18:58:02,195 [WARN] PackLoader:240 - Cannot read IP mode file for STMicroelectronics.FP-ATR-SIGFOX1.3.2.0
2024-03-15 18:58:02,200 [INFO] WebApp:161 - Instantiating new browser for Auth
2024-03-15 18:58:02,206 [WARN] PackLoader:240 - Cannot read IP mode file for STMicroelectronics.X-CUBE-EEPRMA1.5.1.0
2024-03-15 18:58:02,256 [WARN] PackLoader:240 - Cannot read IP mode file for STMicroelectronics.X-CUBE-MEMS1.9.5.0
2024-03-15 18:58:02,428 [WARN] PackLoader:240 - Cannot read IP mode file for SEGGER.I-CUBE-embOS.1.3.1
2024-03-15 18:58:02,484 [WARN] PackLoader:240 - Cannot read IP mode file for STMicroelectronics.X-CUBE-GNSS1.6.0.0
2024-03-15 18:58:02,510 [WARN] PackLoader:240 - Cannot read IP mode file for STMicroelectronics.X-CUBE-AZRTOS-F4.1.1.0
2024-03-15 18:58:02,539 [WARN] PackLoader:240 - Cannot read IP mode file for STMicroelectronics.X-CUBE-AZRTOS-L5.2.0.0
2024-03-15 18:58:02,579 [WARN] PackLoader:240 - Cannot read IP mode file for STMicroelectronics.X-CUBE-MEMS1.9.6.0
2024-03-15 18:58:02,719 [WARN] PackLoader:240 - Cannot read IP mode file for STMicroelectronics.X-CUBE-EEPRMA1.4.2.0
2024-03-15 18:58:02,732 [WARN] PackLoader:240 - Cannot read IP mode file for ITTIA_DB.I-CUBE-ITTIADB.8.8.0
2024-03-15 18:58:02,747 [WARN] PackLoader:240 - Cannot read IP mode file for emotas.I-CUBE-CANOPEN.1.1.3
2024-03-15 18:58:02,761 [WARN] PackLoader:240 - Cannot read IP mode file for STMicroelectronics.X-CUBE-BLEMGR.2.0.0
2024-03-15 18:58:02,793 [WARN] ConditionMgr:438 - getConditionDescription Invalid condition id : UX DEVICE CLASS RTOS Condition cause : null
2024-03-15 18:58:02,793 [WARN] ConditionMgr:438 - getConditionDescription Invalid condition id : UX DEVICE CLASS RTOS Condition cause : null
2024-03-15 18:58:02,795 [WARN] PackLoader:240 - Cannot read IP mode file for STMicroelectronics.X-CUBE-AZRTOS-H7.3.1.0
2024-03-15 18:58:02,797 [WARN] ConditionMgr:1039 - genDependencies : Invalid condition id : UX DEVICE CLASS RTOS Condition cause : null
2024-03-15 18:58:02,797 [WARN] ConditionMgr:1039 - genDependencies : Invalid condition id : UX DEVICE CLASS RTOS Condition cause : null
2024-03-15 18:58:02,797 [WARN] ConditionMgr:1039 - genDependencies : Invalid condition id : UX DEVICE CLASS RTOS Condition cause : null
2024-03-15 18:58:02,798 [WARN] ConditionMgr:1039 - genDependencies : Invalid condition id : UX DEVICE CLASS RTOS Condition cause : null
2024-03-15 18:58:02,798 [WARN] ConditionMgr:1039 - genDependencies : Invalid condition id : UX DEVICE CLASS RTOS Condition cause : null
2024-03-15 18:58:02,813 [WARN] PackLoader:240 - Cannot read IP mode file for wolfSSL.I-CUBE-wolfSSL.5.5.4
2024-03-15 18:58:02,829 [WARN] PackLoader:240 - Cannot read IP mode file for STMicroelectronics.X-CUBE-NFC7.1.0.1
2024-03-15 18:58:02,844 [WARN] PackLoader:240 - Cannot read IP mode file for STMicroelectronics.X-CUBE-NFC7.1.0.0
2024-03-15 18:58:02,864 [WARN] PackLoader:240 - Cannot read IP mode file for STMicroelectronics.X-CUBE-NFC6.3.0.0
2024-03-15 18:58:02,881 [WARN] PackLoader:240 - Cannot read IP mode file for STMicroelectronics.X-CUBE-EEPRMA1.4.1.0
2024-03-15 18:58:02,900 [WARN] PackLoader:240 - Cannot read IP mode file for STMicroelectronics.X-CUBE-AI.8.1.0
2024-03-15 18:58:02,935 [WARN] ConditionMgr:438 - getConditionDescription Invalid condition id : LAN8742 Phy interface Condition cause : null
2024-03-15 18:58:02,936 [WARN] PackLoader:240 - Cannot read IP mode file for STMicroelectronics.X-CUBE-AZRTOS-L4.2.0.0
2024-03-15 18:58:02,937 [WARN] ConditionMgr:1039 - genDependencies : Invalid condition id : LAN8742 Phy interface Condition cause : null
2024-03-15 18:58:02,938 [WARN] ConditionMgr:1039 - genDependencies : Invalid condition id : LAN8742 Phy interface Condition cause : null
2024-03-15 18:58:02,939 [WARN] ConditionMgr:1039 - genDependencies : Invalid condition id : LAN8742 Phy interface Condition cause : null
2024-03-15 18:58:02,958 [WARN] PackLoader:240 - Cannot read IP mode file for STMicroelectronics.X-CUBE-SFXS2LP1.4.0.0
2024-03-15 18:58:02,986 [WARN] PackLoader:240 - Cannot read IP mode file for STMicroelectronics.X-CUBE-AZRTOS-H7.3.0.0
2024-03-15 18:58:02,999 [WARN] PackLoader:240 - Cannot read IP mode file for STMicroelectronics.X-CUBE-ISPU.1.1.0
2024-03-15 18:58:03,013 [WARN] PackLoader:240 - Cannot read IP mode file for RoweBots.I-CUBE-UNISONRTOS.5.5.0-4
2024-03-15 18:58:03,025 [WARN] PackLoader:240 - Cannot read IP mode file for STMicroelectronics.X-CUBE-AI.8.0.0
2024-03-15 18:58:03,046 [WARN] ConditionMgr:438 - getConditionDescription Invalid condition id : UX DEVICE CLASS RTOS Condition cause : null
2024-03-15 18:58:03,046 [WARN] ConditionMgr:438 - getConditionDescription Invalid condition id : UX DEVICE CLASS RTOS Condition cause : null
2024-03-15 18:58:03,047 [WARN] PackLoader:240 - Cannot read IP mode file for STMicroelectronics.X-CUBE-AZRTOS-WB.2.0.0
2024-03-15 18:58:03,048 [WARN] ConditionMgr:1039 - genDependencies : Invalid condition id : UX DEVICE CLASS RTOS Condition cause : null
2024-03-15 18:58:03,048 [WARN] ConditionMgr:1039 - genDependencies : Invalid condition id : UX DEVICE CLASS RTOS Condition cause : null
2024-03-15 18:58:03,048 [WARN] ConditionMgr:1039 - genDependencies : Invalid condition id : UX DEVICE CLASS RTOS Condition cause : null
2024-03-15 18:58:03,048 [WARN] ConditionMgr:1039 - genDependencies : Invalid condition id : UX DEVICE CLASS RTOS Condition cause : null
2024-03-15 18:58:03,048 [WARN] ConditionMgr:1039 - genDependencies : Invalid condition id : UX DEVICE CLASS RTOS Condition cause : null
2024-03-15 18:58:03,061 [WARN] PackLoader:240 - Cannot read IP mode file for STMicroelectronics.X-CUBE-FREERTOS.1.0.0
2024-03-15 18:58:03,074 [WARN] PackLoader:240 - Cannot read IP mode file for STMicroelectronics.X-CUBE-FREERTOS.1.0.1
2024-03-15 18:58:03,098 [WARN] PackLoader:240 - Cannot read IP mode file for STMicroelectronics.X-CUBE-AZRTOS-L5.1.1.0
2024-03-15 18:58:03,114 [WARN] PackLoader:240 - Cannot read IP mode file for STMicroelectronics.X-CUBE-AI.8.0.1
2024-03-15 18:58:03,130 [WARN] PackLoader:240 - Cannot read IP mode file for STMicroelectronics.X-CUBE-SUBG2.5.0.0
2024-03-15 18:58:03,153 [WARN] PackLoader:240 - Cannot read IP mode file for STMicroelectronics.X-CUBE-TOF1.3.3.1
2024-03-15 18:58:03,186 [WARN] PackLoader:240 - Cannot read IP mode file for STMicroelectronics.X-CUBE-AZRTOS-G4.2.0.0
2024-03-15 18:58:03,212 [WARN] PackLoader:240 - Cannot read IP mode file for STMicroelectronics.X-CUBE-TOF1.3.3.0
2024-03-15 18:58:03,236 [WARN] PackLoader:240 - Cannot read IP mode file for STMicroelectronics.FP-ATR-ASTRA1.1.1.1
2024-03-15 18:58:03,266 [WARN] PackLoader:240 - Cannot read IP mode file for Infineon.AIROC-Wi-Fi-Bluetooth-STM32.1.5.1
2024-03-15 18:58:03,279 [INFO] WebApp:780 - Register for checkConnection events
2024-03-15 18:58:03,279 [INFO] WebApp:414 - Apply proxy settings
2024-03-15 18:58:03,279 [INFO] WebApp:499 - Chromium requires no authentication
2024-03-15 18:58:03,285 [WARN] PackLoader:240 - Cannot read IP mode file for STMicroelectronics.FP-SNS-MOTENVWB1.1.3.0
2024-03-15 18:58:03,294 [INFO] WebApp:442 - Direct internet connection detected
2024-03-15 18:58:03,298 [WARN] PackLoader:240 - Cannot read IP mode file for STMicroelectronics.FP-SNS-MOTENVWB1.1.3.1
2024-03-15 18:58:03,321 [WARN] PackLoader:240 - Cannot read IP mode file for STMicroelectronics.X-CUBE-AZRTOS-G4.1.0.0
2024-03-15 18:58:03,350 [WARN] PackLoader:240 - Cannot read IP mode file for STMicroelectronics.X-CUBE-AZRTOS-L4.1.0.0
2024-03-15 18:58:03,364 [WARN] PackLoader:240 - Cannot read IP mode file for STMicroelectronics.X-CUBE-ISPU.2.0.0
2024-03-15 18:58:03,398 [WARN] PackLoader:240 - Cannot read IP mode file for STMicroelectronics.X-CUBE-MEMS1.10.0.0
2024-03-15 18:58:03,483 [WARN] PackLoader:240 - Cannot read IP mode file for STMicroelectronics.X-CUBE-FREERTOS.1.1.0
2024-03-15 18:58:03,500 [WARN] PackLoader:240 - Cannot read IP mode file for STMicroelectronics.X-CUBE-AZRTOS-WL.1.0.0
2024-03-15 18:58:03,512 [WARN] PackLoader:240 - Cannot read IP mode file for portGmbH.I-Cube-SoM-uGOAL.1.1.0
2024-03-15 18:58:03,523 [WARN] PackLoader:240 - Cannot read IP mode file for STMicroelectronics.X-CUBE-ALS.1.0.1
2024-03-15 18:58:03,540 [WARN] PackLoader:240 - Cannot read IP mode file for STMicroelectronics.X-CUBE-AZRTOS-WB.1.1.0
2024-03-15 18:58:03,551 [WARN] PackLoader:240 - Cannot read IP mode file for STMicroelectronics.FP-ATR-ASTRA1.2.0.0
2024-03-15 18:58:03,566 [WARN] PackLoader:240 - Cannot read IP mode file for STMicroelectronics.X-CUBE-TOF1.3.4.0
2024-03-15 18:58:03,587 [WARN] PackLoader:240 - Cannot read IP mode file for STMicroelectronics.X-CUBE-TOF1.3.4.1
2024-03-15 18:58:03,613 [WARN] PackLoader:240 - Cannot read IP mode file for STMicroelectronics.X-CUBE-AZRTOS-H7.3.2.0
2024-03-15 18:58:03,615 [INFO] ThirdParty:978 - Integrity check success = true
2024-03-15 18:58:03,615 [INFO] IntegrityCheckThread:100 - exiting critical section [integrity check]
2024-03-15 18:58:03,615 [INFO] IntegrityCheckThread:103 - End integrity checks thread
2024-03-15 18:58:03,672 [INFO] WebApp:192 - Starting web application
2024-03-15 18:58:03,672 [INFO] WebApp:544 - Web application path used C:\ST\STM32CubeIDE_1.11.2\STM32CubeIDE\plugins\com.st.stm32cube.common.mx_6.10.0.202311202037\db\plugins\mcufinder\reactClient1\index.html
2024-03-15 18:58:13,932 [ERROR] LogOutputStream:75 - [STDERR_REDIRECT] SLF4J: Failed to load class "org.slf4j.impl.StaticLoggerBinder".
2024-03-15 18:58:13,933 [ERROR] LogOutputStream:75 - [STDERR_REDIRECT] SLF4J: Defaulting to no-operation (NOP) logger implementation
2024-03-15 18:58:13,934 [ERROR] LogOutputStream:75 - [STDERR_REDIRECT] SLF4J: See http://www.slf4j.org/codes.html#StaticLoggerBinder for further details.
