2024-06-06 21:09:19,558 [INFO] Activator:176 - 


2024-06-06 21:09:19,563 [INFO] Activator:177 - !SESSION log4j initialized
2024-06-06 21:09:25,355 [INFO] LogOutputStream:77 - [STDOUT_REDIRECT] 
2024-06-06 21:09:27,429 [INFO] ApplicationProperties:184 - Using Application install path: C:\ST\STM32CubeIDE_1.11.2\STM32CubeIDE\plugins\com.st.stm32cube.common.mx_6.11.1.202404110753
2024-06-06 21:09:27,451 [INFO] DbMcusXml:78 - Set database path to: C:\ST\STM32CubeIDE_1.11.2\STM32CubeIDE\plugins\com.st.stm32cube.common.mx_6.11.1.202404110753\\db\/mcu/
2024-06-06 21:09:27,451 [INFO] ApiDb:274 - Set plugin database path to: C:\ST\STM32CubeIDE_1.11.2\STM32CubeIDE\plugins\com.st.stm32cube.common.mx_6.11.1.202404110753\\db\/plugins/boardmanager/
2024-06-06 21:09:27,452 [WARN] ApiDb:259 - Overriding images path with different value:  => C:\ST\STM32CubeIDE_1.11.2\STM32CubeIDE\plugins\com.st.stm32cube.common.mx_6.11.1.202404110753\\db\/plugins/mcufinder/images/
2024-06-06 21:09:27,462 [INFO] ApiDb:250 - Set database path to: C:\Users\bakra\.stmcufinder\plugins\mcufinder//mcu/
2024-06-06 21:09:27,463 [INFO] DbMcusAds:125 - Set database path to: C:\Users\bakra\.stmcufinder\plugins\mcufinder//mcu/
2024-06-06 21:09:27,465 [INFO] CrossReferenceDbSqlite:203 - Set database path to: C:\Users\bakra\.stmcufinder\plugins\mcufinder//mcu/cs/
2024-06-06 21:09:27,569 [INFO] RulesReader:64 - Compatibility file has been processed (297 Rules)
2024-06-06 21:09:27,678 [INFO] DbMcusXml:78 - Set database path to: C:\ST\STM32CubeIDE_1.11.2\STM32CubeIDE\plugins\com.st.stm32cube.common.mx_6.11.1.202404110753\\db\/mcu/
2024-06-06 21:09:27,678 [INFO] ApiDb:274 - Set plugin database path to: C:\ST\STM32CubeIDE_1.11.2\STM32CubeIDE\plugins\com.st.stm32cube.common.mx_6.11.1.202404110753\\db\/plugins/boardmanager/
2024-06-06 21:09:27,678 [INFO] ApiDb:261 - Set plugin images path to: C:\ST\STM32CubeIDE_1.11.2\STM32CubeIDE\plugins\com.st.stm32cube.common.mx_6.11.1.202404110753\\db\/plugins/mcufinder/images/
2024-06-06 21:09:27,678 [WARN] DbFile:41 - Overriding database path with different value: C:\Users\bakra\.stmcufinder\plugins\mcufinder/ => C:\Users\bakra\.stmcufinder\plugins\mcufinder
2024-06-06 21:09:27,678 [INFO] ApiDb:250 - Set database path to: C:\Users\bakra\.stmcufinder\plugins\mcufinder//mcu/
2024-06-06 21:09:27,678 [WARN] DbFile:41 - Overriding database path with different value: C:\Users\bakra\.stmcufinder\plugins\mcufinder/ => C:\Users\bakra\.stmcufinder\plugins\mcufinder
2024-06-06 21:09:27,679 [INFO] DbMcusAds:125 - Set database path to: C:\Users\bakra\.stmcufinder\plugins\mcufinder//mcu/
2024-06-06 21:09:27,679 [WARN] DbFile:41 - Overriding database path with different value: C:\Users\bakra\.stmcufinder\plugins\mcufinder/ => C:\Users\bakra\.stmcufinder\plugins\mcufinder
2024-06-06 21:09:27,679 [WARN] DbFile:41 - Overriding database path with different value: C:\Users\bakra\.stmcufinder\plugins\mcufinder/ => C:\Users\bakra\.stmcufinder\plugins\mcufinder
2024-06-06 21:09:27,679 [INFO] CrossReferenceDbSqlite:203 - Set database path to: C:\Users\bakra\.stmcufinder\plugins\mcufinder//mcu/cs/
2024-06-06 21:09:27,798 [INFO] MainPanel:264 - HeapMemory: 268435456
2024-06-06 21:09:27,945 [INFO] DbMcusXml:78 - Set database path to: C:\ST\STM32CubeIDE_1.11.2\STM32CubeIDE\plugins\com.st.stm32cube.common.mx_6.11.1.202404110753\\db\/mcu/
2024-06-06 21:09:27,945 [INFO] ApiDb:274 - Set plugin database path to: C:\ST\STM32CubeIDE_1.11.2\STM32CubeIDE\plugins\com.st.stm32cube.common.mx_6.11.1.202404110753\\db\/plugins/boardmanager/
2024-06-06 21:09:27,945 [INFO] ApiDb:261 - Set plugin images path to: C:\ST\STM32CubeIDE_1.11.2\STM32CubeIDE\plugins\com.st.stm32cube.common.mx_6.11.1.202404110753\\db\/plugins/mcufinder/images/
2024-06-06 21:09:27,945 [WARN] DbFile:41 - Overriding database path with different value: C:\Users\bakra\.stmcufinder\plugins\mcufinder/ => C:\Users\bakra\.stmcufinder\plugins\mcufinder
2024-06-06 21:09:27,945 [INFO] ApiDb:250 - Set database path to: C:\Users\bakra\.stmcufinder\plugins\mcufinder//mcu/
2024-06-06 21:09:27,945 [WARN] DbFile:41 - Overriding database path with different value: C:\Users\bakra\.stmcufinder\plugins\mcufinder/ => C:\Users\bakra\.stmcufinder\plugins\mcufinder
2024-06-06 21:09:27,945 [INFO] DbMcusAds:125 - Set database path to: C:\Users\bakra\.stmcufinder\plugins\mcufinder//mcu/
2024-06-06 21:09:27,945 [WARN] DbFile:41 - Overriding database path with different value: C:\Users\bakra\.stmcufinder\plugins\mcufinder/ => C:\Users\bakra\.stmcufinder\plugins\mcufinder
2024-06-06 21:09:27,945 [WARN] DbFile:41 - Overriding database path with different value: C:\Users\bakra\.stmcufinder\plugins\mcufinder/ => C:\Users\bakra\.stmcufinder\plugins\mcufinder
2024-06-06 21:09:27,946 [INFO] CrossReferenceDbSqlite:203 - Set database path to: C:\Users\bakra\.stmcufinder\plugins\mcufinder//mcu/cs/
2024-06-06 21:09:27,971 [INFO] ApplicationProperties:184 - Using Application install path: C:\ST\STM32CubeIDE_1.11.2\STM32CubeIDE\plugins\com.st.stm32cube.common.mx_6.11.1.202404110753
2024-06-06 21:09:27,973 [INFO] PluginManage:196 - Search for loadable plugins [exclusion list=, ]
2024-06-06 21:09:27,975 [INFO] PluginManage:310 - Check plugin analytics
2024-06-06 21:09:28,123 [INFO] AnalyticsPlugin:253 - Accepted Software Licenses: 
2024-06-06 21:09:28,124 [INFO] AnalyticsPlugin:255 - Accepted CMSIS Pack Licenses: 
2024-06-06 21:09:28,124 [INFO] AnalyticsPlugin:257 - Accepted Firmware Licenses: 
2024-06-06 21:09:28,126 [INFO] PluginManage:359 - Loaded plugin analytics (category:tool,tabindex:-1)
2024-06-06 21:09:28,126 [INFO] PluginManage:310 - Check plugin cadmodel
2024-06-06 21:09:28,185 [INFO] CADModel:105 - Init CAD model plugin
2024-06-06 21:09:28,186 [INFO] PluginManage:359 - Loaded plugin cadmodel (category:power,tabindex:5)
2024-06-06 21:09:28,186 [INFO] PluginManage:310 - Check plugin clock
2024-06-06 21:09:28,205 [INFO] PluginManage:359 - Loaded plugin clock (category:base,tabindex:2)
2024-06-06 21:09:28,206 [INFO] PluginManage:310 - Check plugin ddr
2024-06-06 21:09:28,208 [INFO] PluginManage:359 - Loaded plugin ddr (category:tool,tabindex:6)
2024-06-06 21:09:28,208 [INFO] PluginManage:310 - Check plugin filemanager
2024-06-06 21:09:28,336 [INFO] PluginManage:359 - Loaded plugin filemanager (category:base,tabindex:10)
2024-06-06 21:09:28,337 [INFO] PluginManage:310 - Check plugin ipmanager
2024-06-06 21:09:28,344 [INFO] PluginManage:359 - Loaded plugin ipmanager (category:base,tabindex:5)
2024-06-06 21:09:28,344 [INFO] PluginManage:310 - Check plugin lpbam
2024-06-06 21:09:28,362 [INFO] PluginManage:359 - Loaded plugin lpbam (category:base,tabindex:0)
2024-06-06 21:09:28,362 [INFO] PluginManage:310 - Check plugin memorymap
2024-06-06 21:09:28,393 [INFO] PluginManage:359 - Loaded plugin memorymap (category:base,tabindex:4)
2024-06-06 21:09:28,393 [INFO] PluginManage:310 - Check plugin pinoutandconfiguration
2024-06-06 21:09:28,410 [INFO] PluginManage:359 - Loaded plugin pinoutandconfiguration (category:base,tabindex:1)
2024-06-06 21:09:28,410 [INFO] PluginManage:310 - Check plugin pinoutconfig
2024-06-06 21:09:28,506 [WARN] SupportedApi:132 - Cannot load RTOS API schema: s4s-elt-must-match.1: The content of 'definitions' must match (annotation?, (simpleType | complexType)?, (unique | key | keyref)*)). A problem was found starting at: attribute.
2024-06-06 21:09:28,652 [INFO] PluginManage:359 - Loaded plugin pinoutconfig (category:base,tabindex:0)
2024-06-06 21:09:28,652 [INFO] PluginManage:310 - Check plugin power
2024-06-06 21:09:28,673 [INFO] PluginManage:359 - Loaded plugin power (category:power,tabindex:4)
2024-06-06 21:09:28,674 [INFO] PluginManage:310 - Check plugin projectmanager
2024-06-06 21:09:28,686 [INFO] PluginManage:359 - Loaded plugin projectmanager (category:projectmanager,tabindex:3)
2024-06-06 21:09:28,686 [INFO] PluginManage:310 - Check plugin thirdparty
2024-06-06 21:09:28,947 [INFO] PluginManage:359 - Loaded plugin thirdparty (category:base,tabindex:-1)
2024-06-06 21:09:28,947 [WARN] IntegrityCheckThread:84 - waiting for thirdparty lock release [integrity check]
2024-06-06 21:09:28,947 [INFO] PluginManage:310 - Check plugin tools
2024-06-06 21:09:28,947 [INFO] IntegrityCheckThread:86 - entering critical section [integrity check]
2024-06-06 21:09:28,947 [INFO] ThirdPartyUpdaterWithRetryManager:70 - Updater plugin not ready yet. [1/15]
2024-06-06 21:09:28,979 [INFO] PluginManage:359 - Loaded plugin tools (category:base,tabindex:7)
2024-06-06 21:09:28,979 [INFO] PluginManage:310 - Check plugin tutovideos
2024-06-06 21:09:29,195 [INFO] PluginManage:359 - Loaded plugin tutovideos (category:base,tabindex:-1)
2024-06-06 21:09:29,195 [INFO] PluginManage:310 - Check plugin updater
2024-06-06 21:09:29,212 [INFO] PluginManage:359 - Loaded plugin updater (category:base,tabindex:12)
2024-06-06 21:09:29,212 [INFO] PluginManage:310 - Check plugin userauth
2024-06-06 21:09:29,220 [INFO] UserAuth:114 - Init User Auth plugin
2024-06-06 21:09:29,220 [INFO] PluginManage:359 - Loaded plugin userauth (category:base,tabindex:14)
2024-06-06 21:09:29,221 [INFO] PluginManage:283 - PluginManage : Loaded plugins [17]
2024-06-06 21:09:29,481 [INFO] PinOutPanel:1561 - setPackage(No Configuration,No Configuration)
2024-06-06 21:09:29,556 [INFO] CADModel:165 - CPN selected for project level
2024-06-06 21:09:29,556 [INFO] CADModel:114 - Register for checkConnection events
2024-06-06 21:09:29,580 [INFO] IPUIPlugin:80 - create IPUIPlugin
2024-06-06 21:09:29,581 [INFO] PluginManager:220 - loadIPPluginJar : add adc
2024-06-06 21:09:29,610 [INFO] IPUIPlugin:80 - create IPUIPlugin
2024-06-06 21:09:29,610 [INFO] PluginManager:220 - loadIPPluginJar : add aes
2024-06-06 21:09:29,642 [INFO] IPUIPlugin:80 - create IPUIPlugin
2024-06-06 21:09:29,643 [INFO] PluginManager:220 - loadIPPluginJar : add can
2024-06-06 21:09:29,662 [INFO] IPUIPlugin:80 - create IPUIPlugin
2024-06-06 21:09:29,663 [INFO] PluginManager:220 - loadIPPluginJar : add comp
2024-06-06 21:09:29,690 [INFO] IPUIPlugin:80 - create IPUIPlugin
2024-06-06 21:09:29,690 [INFO] PluginManager:220 - loadIPPluginJar : add cryp
2024-06-06 21:09:29,716 [INFO] IPUIPlugin:80 - create IPUIPlugin
2024-06-06 21:09:29,717 [INFO] PluginManager:220 - loadIPPluginJar : add dfsdm
2024-06-06 21:09:29,730 [INFO] IPUIPlugin:80 - create IPUIPlugin
2024-06-06 21:09:29,730 [INFO] PluginManager:220 - loadIPPluginJar : add dma
2024-06-06 21:09:29,766 [INFO] IPUIPlugin:80 - create IPUIPlugin
2024-06-06 21:09:29,766 [INFO] PluginManager:220 - loadIPPluginJar : add dma3
2024-06-06 21:09:29,802 [INFO] IPUIPlugin:80 - create IPUIPlugin
2024-06-06 21:09:29,802 [INFO] PluginManager:220 - loadIPPluginJar : add extmemmanager
2024-06-06 21:09:29,818 [INFO] IPUIPlugin:80 - create IPUIPlugin
2024-06-06 21:09:29,819 [INFO] PluginManager:220 - loadIPPluginJar : add fatfs
2024-06-06 21:09:29,856 [INFO] IPUIPlugin:80 - create IPUIPlugin
2024-06-06 21:09:29,856 [INFO] PluginManager:220 - loadIPPluginJar : add fmc
2024-06-06 21:09:29,870 [INFO] IPUIPlugin:80 - create IPUIPlugin
2024-06-06 21:09:29,870 [INFO] PluginManager:220 - loadIPPluginJar : add freertos
2024-06-06 21:09:29,886 [INFO] IPUIPlugin:80 - create IPUIPlugin
2024-06-06 21:09:29,887 [INFO] PluginManager:220 - loadIPPluginJar : add genericplugin
2024-06-06 21:09:29,958 [INFO] IPUIPlugin:80 - create IPUIPlugin
2024-06-06 21:09:29,959 [INFO] PluginManager:220 - loadIPPluginJar : add gfxmmu
2024-06-06 21:09:30,062 [INFO] IPUIPlugin:80 - create IPUIPlugin
2024-06-06 21:09:30,062 [INFO] PluginManager:220 - loadIPPluginJar : add gic
2024-06-06 21:09:30,074 [INFO] IPUIPlugin:80 - create IPUIPlugin
2024-06-06 21:09:30,074 [INFO] PluginManager:220 - loadIPPluginJar : add gpio
2024-06-06 21:09:30,150 [INFO] IPUIPlugin:80 - create IPUIPlugin
2024-06-06 21:09:30,150 [INFO] PluginManager:220 - loadIPPluginJar : add gtzc
2024-06-06 21:09:30,183 [INFO] IPUIPlugin:80 - create IPUIPlugin
2024-06-06 21:09:30,183 [INFO] PluginManager:220 - loadIPPluginJar : add hash
2024-06-06 21:09:30,239 [INFO] IPUIPlugin:80 - create IPUIPlugin
2024-06-06 21:09:30,239 [INFO] PluginManager:220 - loadIPPluginJar : add i2c
2024-06-06 21:09:30,277 [INFO] IPUIPlugin:80 - create IPUIPlugin
2024-06-06 21:09:30,277 [INFO] PluginManager:220 - loadIPPluginJar : add i2s
2024-06-06 21:09:30,322 [INFO] IPUIPlugin:80 - create IPUIPlugin
2024-06-06 21:09:30,322 [INFO] PluginManager:220 - loadIPPluginJar : add i3c
2024-06-06 21:09:30,433 [INFO] IPUIPlugin:80 - create IPUIPlugin
2024-06-06 21:09:30,433 [INFO] PluginManager:220 - loadIPPluginJar : add ipddr
2024-06-06 21:09:30,519 [INFO] IPUIPlugin:80 - create IPUIPlugin
2024-06-06 21:09:30,519 [INFO] PluginManager:220 - loadIPPluginJar : add linkedlist
2024-06-06 21:09:30,550 [INFO] IPUIPlugin:80 - create IPUIPlugin
2024-06-06 21:09:30,550 [INFO] PluginManager:220 - loadIPPluginJar : add lorawan
2024-06-06 21:09:30,585 [INFO] IPUIPlugin:80 - create IPUIPlugin
2024-06-06 21:09:30,586 [INFO] PluginManager:220 - loadIPPluginJar : add ltdc
2024-06-06 21:09:30,599 [INFO] IPUIPlugin:80 - create IPUIPlugin
2024-06-06 21:09:30,599 [INFO] PluginManager:220 - loadIPPluginJar : add mdma
2024-06-06 21:09:30,610 [INFO] IPUIPlugin:80 - create IPUIPlugin
2024-06-06 21:09:30,610 [INFO] PluginManager:220 - loadIPPluginJar : add nvic
2024-06-06 21:09:30,642 [INFO] IPUIPlugin:80 - create IPUIPlugin
2024-06-06 21:09:30,642 [INFO] PluginManager:220 - loadIPPluginJar : add opamp
2024-06-06 21:09:30,693 [INFO] IPUIPlugin:80 - create IPUIPlugin
2024-06-06 21:09:30,693 [INFO] PluginManager:220 - loadIPPluginJar : add openamp
2024-06-06 21:09:30,727 [INFO] IPUIPlugin:80 - create IPUIPlugin
2024-06-06 21:09:30,727 [INFO] PluginManager:220 - loadIPPluginJar : add pdm2pcm
2024-06-06 21:09:30,739 [INFO] IPUIPlugin:80 - create IPUIPlugin
2024-06-06 21:09:30,741 [INFO] PluginManager:220 - loadIPPluginJar : add plateformsettings
2024-06-06 21:09:30,761 [INFO] IPUIPlugin:80 - create IPUIPlugin
2024-06-06 21:09:30,761 [INFO] PluginManager:220 - loadIPPluginJar : add quadspi
2024-06-06 21:09:30,773 [INFO] IPUIPlugin:80 - create IPUIPlugin
2024-06-06 21:09:30,773 [INFO] PluginManager:220 - loadIPPluginJar : add resmgrutility
2024-06-06 21:09:30,814 [INFO] IPUIPlugin:80 - create IPUIPlugin
2024-06-06 21:09:30,814 [INFO] PluginManager:220 - loadIPPluginJar : add sai
2024-06-06 21:09:30,847 [INFO] IPUIPlugin:80 - create IPUIPlugin
2024-06-06 21:09:30,847 [INFO] PluginManager:220 - loadIPPluginJar : add spi
2024-06-06 21:09:30,904 [INFO] IPUIPlugin:80 - create IPUIPlugin
2024-06-06 21:09:30,904 [INFO] PluginManager:220 - loadIPPluginJar : add stm32_wpan
2024-06-06 21:09:30,923 [INFO] IPUIPlugin:80 - create IPUIPlugin
2024-06-06 21:09:30,923 [INFO] PluginManager:220 - loadIPPluginJar : add tim
2024-06-06 21:09:30,968 [INFO] IPUIPlugin:80 - create IPUIPlugin
2024-06-06 21:09:30,969 [INFO] PluginManager:220 - loadIPPluginJar : add touchsensing
2024-06-06 21:09:30,987 [INFO] IPUIPlugin:80 - create IPUIPlugin
2024-06-06 21:09:30,987 [INFO] PluginManager:220 - loadIPPluginJar : add tracer_emb
2024-06-06 21:09:31,004 [INFO] IPUIPlugin:80 - create IPUIPlugin
2024-06-06 21:09:31,004 [INFO] PluginManager:220 - loadIPPluginJar : add ts
2024-06-06 21:09:31,022 [INFO] IPUIPlugin:80 - create IPUIPlugin
2024-06-06 21:09:31,022 [INFO] PluginManager:220 - loadIPPluginJar : add tsc
2024-06-06 21:09:31,041 [INFO] IPUIPlugin:80 - create IPUIPlugin
2024-06-06 21:09:31,041 [INFO] PluginManager:220 - loadIPPluginJar : add ucpd
2024-06-06 21:09:31,076 [INFO] IPUIPlugin:80 - create IPUIPlugin
2024-06-06 21:09:31,076 [INFO] PluginManager:220 - loadIPPluginJar : add usart
2024-06-06 21:09:31,112 [INFO] IPUIPlugin:80 - create IPUIPlugin
2024-06-06 21:09:31,112 [INFO] PluginManager:220 - loadIPPluginJar : add usbx
2024-06-06 21:09:31,235 [INFO] CADModel:165 - CPN selected for project level
2024-06-06 21:09:31,235 [INFO] CADModel:114 - Register for checkConnection events
2024-06-06 21:09:31,235 [FATAL] Updater:308 - Updater called before beeing initialized
2024-06-06 21:09:31,235 [ERROR] CADModel:125 - Updater not yet initialized, retry later 
2024-06-06 21:09:31,402 [INFO] CADModel:165 - CPN selected for project level
2024-06-06 21:09:31,402 [INFO] CADModel:114 - Register for checkConnection events
2024-06-06 21:09:31,402 [FATAL] Updater:308 - Updater called before beeing initialized
2024-06-06 21:09:31,402 [ERROR] CADModel:125 - Updater not yet initialized, retry later 
2024-06-06 21:09:31,405 [FATAL] Updater:308 - Updater called before beeing initialized
2024-06-06 21:09:31,528 [FATAL] Updater:308 - Updater called before beeing initialized
2024-06-06 21:09:31,545 [INFO] DbMcusAds:53 - JSON generation date=Thu May 16 05:22:01 EDT 2024 (1715851321456)
2024-06-06 21:09:31,545 [FATAL] Updater:308 - Updater called before beeing initialized
2024-06-06 21:09:31,590 [WARN] DetailPanel:346 - Failed to get advertising image, set to default
2024-06-06 21:09:31,680 [FATAL] Updater:308 - Updater called before beeing initialized
2024-06-06 21:09:31,693 [FATAL] Updater:308 - Updater called before beeing initialized
2024-06-06 21:09:31,693 [FATAL] Updater:308 - Updater called before beeing initialized
2024-06-06 21:09:31,693 [WARN] DetailPanel:346 - Failed to get advertising image, set to default
2024-06-06 21:09:31,694 [FATAL] Updater:308 - Updater called before beeing initialized
2024-06-06 21:09:31,765 [ERROR] Updater:1120 - MainUpdater not yet initialized. External WinMGr cannot be set.
2024-06-06 21:09:31,778 [INFO] Updater:1056 - Updater Version found : 6.11.1
2024-06-06 21:09:31,807 [INFO] ApplicationProperties:184 - Using Application install path: C:\ST\STM32CubeIDE_1.11.2\STM32CubeIDE\plugins\com.st.stm32cube.common.mx_6.11.1.202404110753
2024-06-06 21:09:31,948 [INFO] ThirdPartyUpdaterWithRetryManager:70 - Updater plugin not ready yet. [2/15]
2024-06-06 21:09:33,382 [ERROR] LogOutputStream:75 - [STDERR_REDIRECT] Jun 06, 2024 9:09:33 PM java.util.prefs.WindowsPreferences <init>
2024-06-06 21:09:33,383 [ERROR] LogOutputStream:75 - [STDERR_REDIRECT] WARNING: Could not open/create prefs root node Software\JavaSoft\Prefs at root 0xffffffff80000002. Windows RegCreateKeyEx(...) returned error code 5.
2024-06-06 21:09:33,383 [ERROR] LogOutputStream:75 - [STDERR_REDIRECT] 
2024-06-06 21:09:34,284 [INFO] MainUpdater:2873 - connection check result : 10
2024-06-06 21:09:34,284 [INFO] MainUpdater:290 - Updater Check For Update Now.
2024-06-06 21:09:34,284 [INFO] MicroXplorer:498 - Change Database Version : DB.6.0.111
2024-06-06 21:09:34,300 [INFO] McuFinderGlobals:63 - Set McuFinder mode to 2 (CubeIDE integrated)
2024-06-06 21:09:34,312 [INFO] UserAuth:415 - Internet connection configuration mode: 1
2024-06-06 21:09:34,351 [INFO] JxBrowserEngine:152 - Initiate JxBrowser Engine with user profile folder
2024-06-06 21:09:34,473 [INFO] CheckServerUpdateThread:120 - End of CheckServer Thread
2024-06-06 21:09:35,155 [WARN] PackLoader:240 - Cannot read IP mode file for STMicroelectronics.FP-SNS-MOTENVWB1.1.4.0
2024-06-06 21:09:35,169 [WARN] PackLoader:240 - Cannot read IP mode file for STMicroelectronics.X-CUBE-SMBUS.2.1.0
2024-06-06 21:09:35,179 [WARN] PackLoader:240 - Cannot read IP mode file for STMicroelectronics.X-CUBE-TOUCHGFX.4.23.0
2024-06-06 21:09:35,189 [WARN] PackLoader:240 - Cannot read IP mode file for STMicroelectronics.X-CUBE-TOUCHGFX.4.23.2
2024-06-06 21:09:35,219 [WARN] PackLoader:240 - Cannot read IP mode file for STMicroelectronics.X-CUBE-AZRTOS-F7.1.1.0
2024-06-06 21:09:35,240 [ERROR] RealEvaluatedCondition:428 - Found unsupported composite condition: GROUP='STM32_MetaDataManager' CLASS='Data Exchange'
2024-06-06 21:09:35,240 [ERROR] RealEvaluatedCondition:428 - Found unsupported composite condition: CLASS='Data Exchange' GROUP='STM32_MetaDataManager'
2024-06-06 21:09:35,241 [WARN] PackLoader:240 - Cannot read IP mode file for STMicroelectronics.FP-SNS-MOTENV1.4.3.0
2024-06-06 21:09:35,254 [WARN] PackLoader:240 - Cannot read IP mode file for STMicroelectronics.FP-SNS-MOTENV1.4.3.2
2024-06-06 21:09:35,267 [WARN] PackLoader:240 - Cannot read IP mode file for STMicroelectronics.FP-SNS-FLIGHT1.5.0.0
2024-06-06 21:09:35,280 [ERROR] RealEvaluatedCondition:428 - Found unsupported composite condition: CLASS='Data Exchange' GROUP='STM32_MetaDataManager'
2024-06-06 21:09:35,280 [ERROR] RealEvaluatedCondition:428 - Found unsupported composite condition: CLASS='Data Exchange' GROUP='STM32_MetaDataManager'
2024-06-06 21:09:35,281 [WARN] PackLoader:240 - Cannot read IP mode file for STMicroelectronics.FP-SNS-MOTENV1.4.3.1
2024-06-06 21:09:35,294 [WARN] PackLoader:240 - Cannot read IP mode file for STMicroelectronics.FP-SNS-FLIGHT1.5.0.1
2024-06-06 21:09:35,308 [WARN] PackLoader:240 - Cannot read IP mode file for STMicroelectronics.X-CUBE-BLE1.6.2.4
2024-06-06 21:09:35,320 [WARN] PackLoader:240 - Cannot read IP mode file for STMicroelectronics.FP-SNS-FLIGHT1.5.0.2
2024-06-06 21:09:35,333 [WARN] PackLoader:240 - Cannot read IP mode file for STMicroelectronics.X-CUBE-DISPLAY.3.0.0
2024-06-06 21:09:35,347 [WARN] PackLoader:240 - Cannot read IP mode file for STMicroelectronics.X-CUBE-BLE1.7.0.0
2024-06-06 21:09:35,358 [WARN] PackLoader:240 - Cannot read IP mode file for STMicroelectronics.X-CUBE-TOUCHGFX.4.22.0
2024-06-06 21:09:35,367 [WARN] PackLoader:240 - Cannot read IP mode file for STMicroelectronics.X-CUBE-TOUCHGFX.4.22.1
2024-06-06 21:09:35,382 [WARN] PackLoader:240 - Cannot read IP mode file for STMicroelectronics.X-CUBE-BLEMGR.3.1.0
2024-06-06 21:09:35,394 [WARN] PackLoader:240 - Cannot read IP mode file for STMicroelectronics.FP-SNS-SMARTAG2.1.2.0
2024-06-06 21:09:35,411 [INFO] LogOutputStream:77 - [STDOUT_REDIRECT] 1 : Invalid condition id : UX_CORESTACK_Condition cause : null
2024-06-06 21:09:35,411 [INFO] LogOutputStream:77 - [STDOUT_REDIRECT] 1 : Invalid condition id : UX_CORESTACK_Condition cause : null
2024-06-06 21:09:35,412 [INFO] LogOutputStream:77 - [STDOUT_REDIRECT] 1 : Invalid condition id : UX_CORESTACK_Condition cause : null
2024-06-06 21:09:35,413 [INFO] LogOutputStream:77 - [STDOUT_REDIRECT] 1 : Invalid condition id : UX_CORESTACK_Condition cause : null
2024-06-06 21:09:35,414 [INFO] LogOutputStream:77 - [STDOUT_REDIRECT] 1 : Invalid condition id : UX_CORESTACK_Condition cause : null
2024-06-06 21:09:35,415 [WARN] PackLoader:240 - Cannot read IP mode file for STMicroelectronics.X-CUBE-AZRTOS-WL.2.0.0
2024-06-06 21:09:35,427 [WARN] PackLoader:240 - Cannot read IP mode file for STMicroelectronics.FP-SNS-MOTENV1.5.0.0
2024-06-06 21:09:35,443 [WARN] PackLoader:240 - Cannot read IP mode file for WES.I-CUBE-Cesium.1.3.0
2024-06-06 21:09:35,456 [WARN] PackLoader:240 - Cannot read IP mode file for STMicroelectronics.X-CUBE-BLE2.3.3.0
2024-06-06 21:09:35,482 [WARN] PackLoader:240 - Cannot read IP mode file for STMicroelectronics.X-CUBE-TOF1.3.2.0
2024-06-06 21:09:35,499 [WARN] PackLoader:240 - Cannot read IP mode file for STMicroelectronics.X-CUBE-TCPP.4.1.0
2024-06-06 21:09:35,513 [WARN] PackLoader:240 - Cannot read IP mode file for STMicroelectronics.X-CUBE-TOUCHGFX.4.21.1
2024-06-06 21:09:35,524 [WARN] PackLoader:240 - Cannot read IP mode file for STMicroelectronics.X-CUBE-TOUCHGFX.4.21.3
2024-06-06 21:09:35,535 [WARN] PackLoader:240 - Cannot read IP mode file for STMicroelectronics.X-CUBE-TOUCHGFX.4.21.4
2024-06-06 21:09:35,549 [WARN] PackLoader:240 - Cannot read IP mode file for STMicroelectronics.X-CUBE-ALGOBUILD.1.3.0
2024-06-06 21:09:35,573 [WARN] PackLoader:240 - Cannot read IP mode file for STMicroelectronics.X-CUBE-AZRTOS-G0.1.1.0
2024-06-06 21:09:35,587 [WARN] PackLoader:240 - Cannot read IP mode file for STMicroelectronics.X-CUBE-SAFEA1.1.2.2
2024-06-06 21:09:35,600 [WARN] PackLoader:240 - Cannot read IP mode file for STMicroelectronics.X-CUBE-NFC4.3.0.0
2024-06-06 21:09:35,612 [WARN] PackLoader:240 - Cannot read IP mode file for wolfSSL.I-CUBE-wolfMQTT.1.18.0
2024-06-06 21:09:35,628 [WARN] PackLoader:240 - Cannot read IP mode file for STMicroelectronics.X-CUBE-BLEMGR.3.0.0
2024-06-06 21:09:35,642 [WARN] PackLoader:240 - Cannot read IP mode file for STMicroelectronics.X-CUBE-BLEMGR.1.3.0
2024-06-06 21:09:35,654 [WARN] PackLoader:240 - Cannot read IP mode file for STMicroelectronics.FP-ATR-SIGFOX1.3.2.0
2024-06-06 21:09:35,668 [WARN] PackLoader:240 - Cannot read IP mode file for STMicroelectronics.X-CUBE-EEPRMA1.5.1.0
2024-06-06 21:09:35,709 [WARN] PackLoader:240 - Cannot read IP mode file for STMicroelectronics.X-CUBE-MEMS1.9.5.0
2024-06-06 21:09:35,855 [WARN] PackLoader:240 - Cannot read IP mode file for SEGGER.I-CUBE-embOS.1.3.1
2024-06-06 21:09:35,913 [WARN] PackLoader:240 - Cannot read IP mode file for STMicroelectronics.X-CUBE-ALGOBUILD.1.4.0
2024-06-06 21:09:35,929 [WARN] PackLoader:240 - Cannot read IP mode file for STMicroelectronics.X-CUBE-GNSS1.6.0.0
2024-06-06 21:09:35,963 [WARN] PackLoader:240 - Cannot read IP mode file for STMicroelectronics.X-CUBE-AZRTOS-F4.1.1.0
2024-06-06 21:09:35,977 [WARN] PackLoader:240 - Cannot read IP mode file for STMicroelectronics.X-CUBE-FREERTOS.1.2.0
2024-06-06 21:09:36,004 [WARN] PackLoader:240 - Cannot read IP mode file for STMicroelectronics.X-CUBE-AZRTOS-L5.2.0.0
2024-06-06 21:09:36,042 [WARN] PackLoader:240 - Cannot read IP mode file for STMicroelectronics.X-CUBE-MEMS1.9.6.0
2024-06-06 21:09:36,124 [WARN] PackLoader:240 - Cannot read IP mode file for STMicroelectronics.X-CUBE-EEPRMA1.4.2.0
2024-06-06 21:09:36,140 [WARN] PackLoader:240 - Cannot read IP mode file for STMicroelectronics.X-CUBE-NFC6.3.1.0
2024-06-06 21:09:36,154 [WARN] PackLoader:240 - Cannot read IP mode file for ITTIA_DB.I-CUBE-ITTIADB.8.8.0
2024-06-06 21:09:36,168 [WARN] PackLoader:240 - Cannot read IP mode file for emotas.I-CUBE-CANOPEN.1.1.3
2024-06-06 21:09:36,187 [WARN] PackLoader:240 - Cannot read IP mode file for STMicroelectronics.X-CUBE-BLEMGR.2.0.0
2024-06-06 21:09:36,204 [WARN] PackLoader:240 - Cannot read IP mode file for STMicroelectronics.X-CUBE-AI.9.0.0
2024-06-06 21:09:36,239 [WARN] ConditionMgr:438 - getConditionDescription Invalid condition id : UX DEVICE CLASS RTOS Condition cause : null
2024-06-06 21:09:36,239 [WARN] ConditionMgr:438 - getConditionDescription Invalid condition id : UX DEVICE CLASS RTOS Condition cause : null
2024-06-06 21:09:36,242 [WARN] PackLoader:240 - Cannot read IP mode file for STMicroelectronics.X-CUBE-AZRTOS-H7.3.1.0
2024-06-06 21:09:36,243 [WARN] ConditionMgr:1039 - genDependencies : Invalid condition id : UX DEVICE CLASS RTOS Condition cause : null
2024-06-06 21:09:36,244 [WARN] ConditionMgr:1039 - genDependencies : Invalid condition id : UX DEVICE CLASS RTOS Condition cause : null
2024-06-06 21:09:36,244 [WARN] ConditionMgr:1039 - genDependencies : Invalid condition id : UX DEVICE CLASS RTOS Condition cause : null
2024-06-06 21:09:36,245 [WARN] ConditionMgr:1039 - genDependencies : Invalid condition id : UX DEVICE CLASS RTOS Condition cause : null
2024-06-06 21:09:36,245 [WARN] ConditionMgr:1039 - genDependencies : Invalid condition id : UX DEVICE CLASS RTOS Condition cause : null
2024-06-06 21:09:36,262 [WARN] PackLoader:240 - Cannot read IP mode file for wolfSSL.I-CUBE-wolfSSL.5.5.4
2024-06-06 21:09:36,278 [WARN] PackLoader:240 - Cannot read IP mode file for STMicroelectronics.X-CUBE-NFC7.1.0.1
2024-06-06 21:09:36,293 [WARN] PackLoader:240 - Cannot read IP mode file for STMicroelectronics.X-CUBE-NFC7.1.0.0
2024-06-06 21:09:36,309 [WARN] PackLoader:240 - Cannot read IP mode file for STMicroelectronics.X-CUBE-NFC6.3.0.0
2024-06-06 21:09:36,327 [WARN] PackLoader:240 - Cannot read IP mode file for STMicroelectronics.X-CUBE-EEPRMA1.4.1.0
2024-06-06 21:09:36,340 [WARN] PackLoader:240 - Cannot read IP mode file for STMicroelectronics.X-CUBE-AI.8.1.0
2024-06-06 21:09:36,364 [WARN] ConditionMgr:438 - getConditionDescription Invalid condition id : LAN8742 Phy interface Condition cause : null
2024-06-06 21:09:36,364 [WARN] PackLoader:240 - Cannot read IP mode file for STMicroelectronics.X-CUBE-AZRTOS-L4.2.0.0
2024-06-06 21:09:36,365 [WARN] ConditionMgr:1039 - genDependencies : Invalid condition id : LAN8742 Phy interface Condition cause : null
2024-06-06 21:09:36,365 [WARN] ConditionMgr:1039 - genDependencies : Invalid condition id : LAN8742 Phy interface Condition cause : null
2024-06-06 21:09:36,365 [WARN] ConditionMgr:1039 - genDependencies : Invalid condition id : LAN8742 Phy interface Condition cause : null
2024-06-06 21:09:36,379 [WARN] PackLoader:240 - Cannot read IP mode file for STMicroelectronics.X-CUBE-SFXS2LP1.4.0.0
2024-06-06 21:09:36,407 [WARN] PackLoader:240 - Cannot read IP mode file for STMicroelectronics.X-CUBE-AZRTOS-H7.3.0.0
2024-06-06 21:09:36,420 [WARN] PackLoader:240 - Cannot read IP mode file for STMicroelectronics.X-CUBE-ISPU.1.1.0
2024-06-06 21:09:36,439 [WARN] PackLoader:240 - Cannot read IP mode file for RoweBots.I-CUBE-UNISONRTOS.5.5.0-4
2024-06-06 21:09:36,459 [WARN] PackLoader:240 - Cannot read IP mode file for STMicroelectronics.X-CUBE-AI.8.0.0
2024-06-06 21:09:36,481 [WARN] ConditionMgr:438 - getConditionDescription Invalid condition id : UX DEVICE CLASS RTOS Condition cause : null
2024-06-06 21:09:36,482 [WARN] ConditionMgr:438 - getConditionDescription Invalid condition id : UX DEVICE CLASS RTOS Condition cause : null
2024-06-06 21:09:36,483 [WARN] PackLoader:240 - Cannot read IP mode file for STMicroelectronics.X-CUBE-AZRTOS-WB.2.0.0
2024-06-06 21:09:36,483 [WARN] ConditionMgr:1039 - genDependencies : Invalid condition id : UX DEVICE CLASS RTOS Condition cause : null
2024-06-06 21:09:36,484 [WARN] ConditionMgr:1039 - genDependencies : Invalid condition id : UX DEVICE CLASS RTOS Condition cause : null
2024-06-06 21:09:36,484 [WARN] ConditionMgr:1039 - genDependencies : Invalid condition id : UX DEVICE CLASS RTOS Condition cause : null
2024-06-06 21:09:36,484 [WARN] ConditionMgr:1039 - genDependencies : Invalid condition id : UX DEVICE CLASS RTOS Condition cause : null
2024-06-06 21:09:36,484 [WARN] ConditionMgr:1039 - genDependencies : Invalid condition id : UX DEVICE CLASS RTOS Condition cause : null
2024-06-06 21:09:36,497 [WARN] PackLoader:240 - Cannot read IP mode file for STMicroelectronics.X-CUBE-FREERTOS.1.0.0
2024-06-06 21:09:36,509 [WARN] PackLoader:240 - Cannot read IP mode file for STMicroelectronics.X-CUBE-FREERTOS.1.0.1
2024-06-06 21:09:36,530 [WARN] PackLoader:240 - Cannot read IP mode file for STMicroelectronics.X-CUBE-AZRTOS-L5.1.1.0
2024-06-06 21:09:36,544 [WARN] PackLoader:240 - Cannot read IP mode file for STMicroelectronics.X-CUBE-AI.8.0.1
2024-06-06 21:09:36,564 [WARN] PackLoader:240 - Cannot read IP mode file for STMicroelectronics.X-CUBE-SUBG2.5.0.0
2024-06-06 21:09:36,584 [WARN] PackLoader:240 - Cannot read IP mode file for Cesanta.I-CUBE-Mongoose.7.13.0
2024-06-06 21:09:36,602 [WARN] PackLoader:240 - Cannot read IP mode file for STMicroelectronics.X-CUBE-TOF1.3.3.1
2024-06-06 21:09:36,632 [WARN] PackLoader:240 - Cannot read IP mode file for STMicroelectronics.X-CUBE-AZRTOS-G4.2.0.0
2024-06-06 21:09:36,653 [WARN] PackLoader:240 - Cannot read IP mode file for STMicroelectronics.X-CUBE-TOF1.3.3.0
2024-06-06 21:09:36,673 [WARN] PackLoader:240 - Cannot read IP mode file for STMicroelectronics.FP-ATR-ASTRA1.1.1.1
2024-06-06 21:09:36,697 [WARN] PackLoader:240 - Cannot read IP mode file for Infineon.AIROC-Wi-Fi-Bluetooth-STM32.1.5.1
2024-06-06 21:09:36,716 [WARN] PackLoader:240 - Cannot read IP mode file for STMicroelectronics.FP-SNS-MOTENVWB1.1.3.0
2024-06-06 21:09:36,733 [WARN] PackLoader:240 - Cannot read IP mode file for STMicroelectronics.FP-SNS-MOTENVWB1.1.3.1
2024-06-06 21:09:36,766 [WARN] PackLoader:240 - Cannot read IP mode file for STMicroelectronics.X-CUBE-AZRTOS-G4.1.0.0
2024-06-06 21:09:36,795 [WARN] PackLoader:240 - Cannot read IP mode file for STMicroelectronics.X-CUBE-AZRTOS-L4.1.0.0
2024-06-06 21:09:36,810 [WARN] PackLoader:240 - Cannot read IP mode file for STMicroelectronics.X-CUBE-ISPU.2.0.0
2024-06-06 21:09:36,826 [WARN] PackLoader:240 - Cannot read IP mode file for STMicroelectronics.X-CUBE-ALS.1.0.2
2024-06-06 21:09:36,861 [WARN] PackLoader:240 - Cannot read IP mode file for STMicroelectronics.X-CUBE-MEMS1.10.0.0
2024-06-06 21:09:36,948 [WARN] PackLoader:240 - Cannot read IP mode file for STMicroelectronics.X-CUBE-FREERTOS.1.1.0
2024-06-06 21:09:36,966 [WARN] PackLoader:240 - Cannot read IP mode file for STMicroelectronics.X-CUBE-AZRTOS-WL.1.0.0
2024-06-06 21:09:36,980 [WARN] PackLoader:240 - Cannot read IP mode file for portGmbH.I-Cube-SoM-uGOAL.1.1.0
2024-06-06 21:09:36,993 [WARN] PackLoader:240 - Cannot read IP mode file for STMicroelectronics.X-CUBE-ALS.1.0.1
2024-06-06 21:09:37,013 [WARN] PackLoader:240 - Cannot read IP mode file for STMicroelectronics.X-CUBE-AZRTOS-WB.1.1.0
2024-06-06 21:09:37,039 [WARN] PackLoader:240 - Cannot read IP mode file for STMicroelectronics.X-CUBE-AZRTOS-H7RS.1.0.0
2024-06-06 21:09:37,053 [WARN] PackLoader:240 - Cannot read IP mode file for STMicroelectronics.FP-ATR-ASTRA1.2.0.0
2024-06-06 21:09:37,072 [WARN] PackLoader:240 - Cannot read IP mode file for STMicroelectronics.X-CUBE-TOF1.3.4.0
2024-06-06 21:09:37,095 [WARN] PackLoader:240 - Cannot read IP mode file for STMicroelectronics.X-CUBE-TOF1.3.4.1
2024-06-06 21:09:37,146 [WARN] PackLoader:240 - Cannot read IP mode file for STMicroelectronics.X-CUBE-AZRTOS-H7.3.2.0
2024-06-06 21:09:37,150 [INFO] ThirdParty:978 - Integrity check success = true
2024-06-06 21:09:37,151 [INFO] IntegrityCheckThread:100 - exiting critical section [integrity check]
2024-06-06 21:09:37,151 [INFO] IntegrityCheckThread:103 - End integrity checks thread
2024-06-06 21:09:39,376 [INFO] WebApp:161 - Instantiating new browser for Auth
2024-06-06 21:09:39,872 [INFO] WebApp:779 - Register for checkConnection events
2024-06-06 21:09:39,873 [INFO] WebApp:414 - Apply proxy settings
2024-06-06 21:09:39,873 [INFO] WebApp:499 - Chromium requires no authentication
2024-06-06 21:09:39,881 [INFO] WebApp:442 - Direct internet connection detected
2024-06-06 21:09:40,039 [INFO] WebApp:192 - Starting web application
2024-06-06 21:09:40,039 [INFO] WebApp:544 - Web application path used C:\ST\STM32CubeIDE_1.11.2\STM32CubeIDE\plugins\com.st.stm32cube.common.mx_6.11.1.202404110753\db\plugins\mcufinder\reactClient1\index.html
