2024-05-28 19:14:22,957 [INFO] Activator:176 - 


2024-05-28 19:14:22,962 [INFO] Activator:177 - !SESSION log4j initialized
2024-05-28 19:14:29,714 [INFO] LogOutputStream:77 - [STDOUT_REDIRECT] 
2024-05-28 19:14:33,549 [INFO] ApplicationProperties:184 - Using Application install path: C:\ST\STM32CubeIDE_1.11.2\STM32CubeIDE\plugins\com.st.stm32cube.common.mx_6.11.1.202404110753
2024-05-28 19:14:33,574 [INFO] DbMcusXml:78 - Set database path to: C:\ST\STM32CubeIDE_1.11.2\STM32CubeIDE\plugins\com.st.stm32cube.common.mx_6.11.1.202404110753\\db\/mcu/
2024-05-28 19:14:33,574 [INFO] ApiDb:274 - Set plugin database path to: C:\ST\STM32CubeIDE_1.11.2\STM32CubeIDE\plugins\com.st.stm32cube.common.mx_6.11.1.202404110753\\db\/plugins/boardmanager/
2024-05-28 19:14:33,574 [WARN] ApiDb:259 - Overriding images path with different value:  => C:\ST\STM32CubeIDE_1.11.2\STM32CubeIDE\plugins\com.st.stm32cube.common.mx_6.11.1.202404110753\\db\/plugins/mcufinder/images/
2024-05-28 19:14:33,583 [INFO] ApiDb:250 - Set database path to: C:\Users\bakra\.stmcufinder\plugins\mcufinder//mcu/
2024-05-28 19:14:33,584 [INFO] DbMcusAds:125 - Set database path to: C:\Users\bakra\.stmcufinder\plugins\mcufinder//mcu/
2024-05-28 19:14:33,585 [INFO] CrossReferenceDbSqlite:203 - Set database path to: C:\Users\bakra\.stmcufinder\plugins\mcufinder//mcu/cs/
2024-05-28 19:14:33,686 [INFO] RulesReader:64 - Compatibility file has been processed (297 Rules)
2024-05-28 19:14:33,787 [INFO] DbMcusXml:78 - Set database path to: C:\ST\STM32CubeIDE_1.11.2\STM32CubeIDE\plugins\com.st.stm32cube.common.mx_6.11.1.202404110753\\db\/mcu/
2024-05-28 19:14:33,787 [INFO] ApiDb:274 - Set plugin database path to: C:\ST\STM32CubeIDE_1.11.2\STM32CubeIDE\plugins\com.st.stm32cube.common.mx_6.11.1.202404110753\\db\/plugins/boardmanager/
2024-05-28 19:14:33,787 [INFO] ApiDb:261 - Set plugin images path to: C:\ST\STM32CubeIDE_1.11.2\STM32CubeIDE\plugins\com.st.stm32cube.common.mx_6.11.1.202404110753\\db\/plugins/mcufinder/images/
2024-05-28 19:14:33,787 [WARN] DbFile:41 - Overriding database path with different value: C:\Users\bakra\.stmcufinder\plugins\mcufinder/ => C:\Users\bakra\.stmcufinder\plugins\mcufinder
2024-05-28 19:14:33,787 [INFO] ApiDb:250 - Set database path to: C:\Users\bakra\.stmcufinder\plugins\mcufinder//mcu/
2024-05-28 19:14:33,787 [WARN] DbFile:41 - Overriding database path with different value: C:\Users\bakra\.stmcufinder\plugins\mcufinder/ => C:\Users\bakra\.stmcufinder\plugins\mcufinder
2024-05-28 19:14:33,787 [INFO] DbMcusAds:125 - Set database path to: C:\Users\bakra\.stmcufinder\plugins\mcufinder//mcu/
2024-05-28 19:14:33,787 [WARN] DbFile:41 - Overriding database path with different value: C:\Users\bakra\.stmcufinder\plugins\mcufinder/ => C:\Users\bakra\.stmcufinder\plugins\mcufinder
2024-05-28 19:14:33,787 [WARN] DbFile:41 - Overriding database path with different value: C:\Users\bakra\.stmcufinder\plugins\mcufinder/ => C:\Users\bakra\.stmcufinder\plugins\mcufinder
2024-05-28 19:14:33,787 [INFO] CrossReferenceDbSqlite:203 - Set database path to: C:\Users\bakra\.stmcufinder\plugins\mcufinder//mcu/cs/
2024-05-28 19:14:33,894 [INFO] MainPanel:264 - HeapMemory: 268435456
2024-05-28 19:14:34,030 [INFO] DbMcusXml:78 - Set database path to: C:\ST\STM32CubeIDE_1.11.2\STM32CubeIDE\plugins\com.st.stm32cube.common.mx_6.11.1.202404110753\\db\/mcu/
2024-05-28 19:14:34,030 [INFO] ApiDb:274 - Set plugin database path to: C:\ST\STM32CubeIDE_1.11.2\STM32CubeIDE\plugins\com.st.stm32cube.common.mx_6.11.1.202404110753\\db\/plugins/boardmanager/
2024-05-28 19:14:34,030 [INFO] ApiDb:261 - Set plugin images path to: C:\ST\STM32CubeIDE_1.11.2\STM32CubeIDE\plugins\com.st.stm32cube.common.mx_6.11.1.202404110753\\db\/plugins/mcufinder/images/
2024-05-28 19:14:34,030 [WARN] DbFile:41 - Overriding database path with different value: C:\Users\bakra\.stmcufinder\plugins\mcufinder/ => C:\Users\bakra\.stmcufinder\plugins\mcufinder
2024-05-28 19:14:34,030 [INFO] ApiDb:250 - Set database path to: C:\Users\bakra\.stmcufinder\plugins\mcufinder//mcu/
2024-05-28 19:14:34,030 [WARN] DbFile:41 - Overriding database path with different value: C:\Users\bakra\.stmcufinder\plugins\mcufinder/ => C:\Users\bakra\.stmcufinder\plugins\mcufinder
2024-05-28 19:14:34,030 [INFO] DbMcusAds:125 - Set database path to: C:\Users\bakra\.stmcufinder\plugins\mcufinder//mcu/
2024-05-28 19:14:34,031 [WARN] DbFile:41 - Overriding database path with different value: C:\Users\bakra\.stmcufinder\plugins\mcufinder/ => C:\Users\bakra\.stmcufinder\plugins\mcufinder
2024-05-28 19:14:34,031 [WARN] DbFile:41 - Overriding database path with different value: C:\Users\bakra\.stmcufinder\plugins\mcufinder/ => C:\Users\bakra\.stmcufinder\plugins\mcufinder
2024-05-28 19:14:34,031 [INFO] CrossReferenceDbSqlite:203 - Set database path to: C:\Users\bakra\.stmcufinder\plugins\mcufinder//mcu/cs/
2024-05-28 19:14:34,054 [INFO] ApplicationProperties:184 - Using Application install path: C:\ST\STM32CubeIDE_1.11.2\STM32CubeIDE\plugins\com.st.stm32cube.common.mx_6.11.1.202404110753
2024-05-28 19:14:34,056 [INFO] PluginManage:196 - Search for loadable plugins [exclusion list=, ]
2024-05-28 19:14:34,057 [INFO] PluginManage:310 - Check plugin analytics
2024-05-28 19:14:34,185 [INFO] AnalyticsPlugin:253 - Accepted Software Licenses: 
2024-05-28 19:14:34,185 [INFO] AnalyticsPlugin:255 - Accepted CMSIS Pack Licenses: 
2024-05-28 19:14:34,186 [INFO] AnalyticsPlugin:257 - Accepted Firmware Licenses: 
2024-05-28 19:14:34,187 [INFO] PluginManage:359 - Loaded plugin analytics (category:tool,tabindex:-1)
2024-05-28 19:14:34,187 [INFO] PluginManage:310 - Check plugin cadmodel
2024-05-28 19:14:34,239 [INFO] CADModel:105 - Init CAD model plugin
2024-05-28 19:14:34,239 [INFO] PluginManage:359 - Loaded plugin cadmodel (category:power,tabindex:5)
2024-05-28 19:14:34,239 [INFO] PluginManage:310 - Check plugin clock
2024-05-28 19:14:34,259 [INFO] PluginManage:359 - Loaded plugin clock (category:base,tabindex:2)
2024-05-28 19:14:34,259 [INFO] PluginManage:310 - Check plugin ddr
2024-05-28 19:14:34,262 [INFO] PluginManage:359 - Loaded plugin ddr (category:tool,tabindex:6)
2024-05-28 19:14:34,262 [INFO] PluginManage:310 - Check plugin filemanager
2024-05-28 19:14:34,382 [INFO] PluginManage:359 - Loaded plugin filemanager (category:base,tabindex:10)
2024-05-28 19:14:34,382 [INFO] PluginManage:310 - Check plugin ipmanager
2024-05-28 19:14:34,390 [INFO] PluginManage:359 - Loaded plugin ipmanager (category:base,tabindex:5)
2024-05-28 19:14:34,390 [INFO] PluginManage:310 - Check plugin lpbam
2024-05-28 19:14:34,407 [INFO] PluginManage:359 - Loaded plugin lpbam (category:base,tabindex:0)
2024-05-28 19:14:34,407 [INFO] PluginManage:310 - Check plugin memorymap
2024-05-28 19:14:34,438 [INFO] PluginManage:359 - Loaded plugin memorymap (category:base,tabindex:4)
2024-05-28 19:14:34,438 [INFO] PluginManage:310 - Check plugin pinoutandconfiguration
2024-05-28 19:14:34,453 [INFO] PluginManage:359 - Loaded plugin pinoutandconfiguration (category:base,tabindex:1)
2024-05-28 19:14:34,453 [INFO] PluginManage:310 - Check plugin pinoutconfig
2024-05-28 19:14:34,547 [WARN] SupportedApi:132 - Cannot load RTOS API schema: s4s-elt-must-match.1: The content of 'definitions' must match (annotation?, (simpleType | complexType)?, (unique | key | keyref)*)). A problem was found starting at: attribute.
2024-05-28 19:14:34,689 [INFO] PluginManage:359 - Loaded plugin pinoutconfig (category:base,tabindex:0)
2024-05-28 19:14:34,690 [INFO] PluginManage:310 - Check plugin power
2024-05-28 19:14:34,709 [INFO] PluginManage:359 - Loaded plugin power (category:power,tabindex:4)
2024-05-28 19:14:34,709 [INFO] PluginManage:310 - Check plugin projectmanager
2024-05-28 19:14:34,722 [INFO] PluginManage:359 - Loaded plugin projectmanager (category:projectmanager,tabindex:3)
2024-05-28 19:14:34,722 [INFO] PluginManage:310 - Check plugin thirdparty
2024-05-28 19:14:34,959 [INFO] PluginManage:359 - Loaded plugin thirdparty (category:base,tabindex:-1)
2024-05-28 19:14:34,959 [WARN] IntegrityCheckThread:84 - waiting for thirdparty lock release [integrity check]
2024-05-28 19:14:34,959 [INFO] PluginManage:310 - Check plugin tools
2024-05-28 19:14:34,959 [INFO] IntegrityCheckThread:86 - entering critical section [integrity check]
2024-05-28 19:14:34,960 [INFO] ThirdPartyUpdaterWithRetryManager:70 - Updater plugin not ready yet. [1/15]
2024-05-28 19:14:34,989 [INFO] PluginManage:359 - Loaded plugin tools (category:base,tabindex:7)
2024-05-28 19:14:34,989 [INFO] PluginManage:310 - Check plugin tutovideos
2024-05-28 19:14:35,177 [INFO] PluginManage:359 - Loaded plugin tutovideos (category:base,tabindex:-1)
2024-05-28 19:14:35,178 [INFO] PluginManage:310 - Check plugin updater
2024-05-28 19:14:35,189 [INFO] PluginManage:359 - Loaded plugin updater (category:base,tabindex:12)
2024-05-28 19:14:35,189 [INFO] PluginManage:310 - Check plugin userauth
2024-05-28 19:14:35,195 [INFO] UserAuth:114 - Init User Auth plugin
2024-05-28 19:14:35,196 [INFO] PluginManage:359 - Loaded plugin userauth (category:base,tabindex:14)
2024-05-28 19:14:35,196 [INFO] PluginManage:283 - PluginManage : Loaded plugins [17]
2024-05-28 19:14:35,459 [INFO] PinOutPanel:1561 - setPackage(No Configuration,No Configuration)
2024-05-28 19:14:35,528 [INFO] CADModel:165 - CPN selected for project level
2024-05-28 19:14:35,528 [INFO] CADModel:114 - Register for checkConnection events
2024-05-28 19:14:35,550 [INFO] IPUIPlugin:80 - create IPUIPlugin
2024-05-28 19:14:35,551 [INFO] PluginManager:220 - loadIPPluginJar : add adc
2024-05-28 19:14:35,580 [INFO] IPUIPlugin:80 - create IPUIPlugin
2024-05-28 19:14:35,580 [INFO] PluginManager:220 - loadIPPluginJar : add aes
2024-05-28 19:14:35,612 [INFO] IPUIPlugin:80 - create IPUIPlugin
2024-05-28 19:14:35,612 [INFO] PluginManager:220 - loadIPPluginJar : add can
2024-05-28 19:14:35,629 [INFO] IPUIPlugin:80 - create IPUIPlugin
2024-05-28 19:14:35,629 [INFO] PluginManager:220 - loadIPPluginJar : add comp
2024-05-28 19:14:35,652 [INFO] IPUIPlugin:80 - create IPUIPlugin
2024-05-28 19:14:35,652 [INFO] PluginManager:220 - loadIPPluginJar : add cryp
2024-05-28 19:14:35,674 [INFO] IPUIPlugin:80 - create IPUIPlugin
2024-05-28 19:14:35,674 [INFO] PluginManager:220 - loadIPPluginJar : add dfsdm
2024-05-28 19:14:35,687 [INFO] IPUIPlugin:80 - create IPUIPlugin
2024-05-28 19:14:35,688 [INFO] PluginManager:220 - loadIPPluginJar : add dma
2024-05-28 19:14:35,719 [INFO] IPUIPlugin:80 - create IPUIPlugin
2024-05-28 19:14:35,719 [INFO] PluginManager:220 - loadIPPluginJar : add dma3
2024-05-28 19:14:35,751 [INFO] IPUIPlugin:80 - create IPUIPlugin
2024-05-28 19:14:35,751 [INFO] PluginManager:220 - loadIPPluginJar : add extmemmanager
2024-05-28 19:14:35,767 [INFO] IPUIPlugin:80 - create IPUIPlugin
2024-05-28 19:14:35,767 [INFO] PluginManager:220 - loadIPPluginJar : add fatfs
2024-05-28 19:14:35,802 [INFO] IPUIPlugin:80 - create IPUIPlugin
2024-05-28 19:14:35,802 [INFO] PluginManager:220 - loadIPPluginJar : add fmc
2024-05-28 19:14:35,815 [INFO] IPUIPlugin:80 - create IPUIPlugin
2024-05-28 19:14:35,815 [INFO] PluginManager:220 - loadIPPluginJar : add freertos
2024-05-28 19:14:35,830 [INFO] IPUIPlugin:80 - create IPUIPlugin
2024-05-28 19:14:35,830 [INFO] PluginManager:220 - loadIPPluginJar : add genericplugin
2024-05-28 19:14:35,892 [INFO] IPUIPlugin:80 - create IPUIPlugin
2024-05-28 19:14:35,892 [INFO] PluginManager:220 - loadIPPluginJar : add gfxmmu
2024-05-28 19:14:35,979 [INFO] IPUIPlugin:80 - create IPUIPlugin
2024-05-28 19:14:35,979 [INFO] PluginManager:220 - loadIPPluginJar : add gic
2024-05-28 19:14:35,990 [INFO] IPUIPlugin:80 - create IPUIPlugin
2024-05-28 19:14:35,991 [INFO] PluginManager:220 - loadIPPluginJar : add gpio
2024-05-28 19:14:36,057 [INFO] IPUIPlugin:80 - create IPUIPlugin
2024-05-28 19:14:36,057 [INFO] PluginManager:220 - loadIPPluginJar : add gtzc
2024-05-28 19:14:36,080 [INFO] IPUIPlugin:80 - create IPUIPlugin
2024-05-28 19:14:36,080 [INFO] PluginManager:220 - loadIPPluginJar : add hash
2024-05-28 19:14:36,116 [INFO] IPUIPlugin:80 - create IPUIPlugin
2024-05-28 19:14:36,116 [INFO] PluginManager:220 - loadIPPluginJar : add i2c
2024-05-28 19:14:36,144 [INFO] IPUIPlugin:80 - create IPUIPlugin
2024-05-28 19:14:36,144 [INFO] PluginManager:220 - loadIPPluginJar : add i2s
2024-05-28 19:14:36,171 [INFO] IPUIPlugin:80 - create IPUIPlugin
2024-05-28 19:14:36,172 [INFO] PluginManager:220 - loadIPPluginJar : add i3c
2024-05-28 19:14:36,255 [INFO] IPUIPlugin:80 - create IPUIPlugin
2024-05-28 19:14:36,255 [INFO] PluginManager:220 - loadIPPluginJar : add ipddr
2024-05-28 19:14:36,324 [INFO] IPUIPlugin:80 - create IPUIPlugin
2024-05-28 19:14:36,325 [INFO] PluginManager:220 - loadIPPluginJar : add linkedlist
2024-05-28 19:14:36,353 [INFO] IPUIPlugin:80 - create IPUIPlugin
2024-05-28 19:14:36,354 [INFO] PluginManager:220 - loadIPPluginJar : add lorawan
2024-05-28 19:14:36,382 [INFO] IPUIPlugin:80 - create IPUIPlugin
2024-05-28 19:14:36,382 [INFO] PluginManager:220 - loadIPPluginJar : add ltdc
2024-05-28 19:14:36,394 [INFO] IPUIPlugin:80 - create IPUIPlugin
2024-05-28 19:14:36,395 [INFO] PluginManager:220 - loadIPPluginJar : add mdma
2024-05-28 19:14:36,405 [INFO] IPUIPlugin:80 - create IPUIPlugin
2024-05-28 19:14:36,405 [INFO] PluginManager:220 - loadIPPluginJar : add nvic
2024-05-28 19:14:36,430 [INFO] IPUIPlugin:80 - create IPUIPlugin
2024-05-28 19:14:36,430 [INFO] PluginManager:220 - loadIPPluginJar : add opamp
2024-05-28 19:14:36,472 [INFO] IPUIPlugin:80 - create IPUIPlugin
2024-05-28 19:14:36,472 [INFO] PluginManager:220 - loadIPPluginJar : add openamp
2024-05-28 19:14:36,501 [INFO] IPUIPlugin:80 - create IPUIPlugin
2024-05-28 19:14:36,501 [INFO] PluginManager:220 - loadIPPluginJar : add pdm2pcm
2024-05-28 19:14:36,513 [INFO] IPUIPlugin:80 - create IPUIPlugin
2024-05-28 19:14:36,514 [INFO] PluginManager:220 - loadIPPluginJar : add plateformsettings
2024-05-28 19:14:36,530 [INFO] IPUIPlugin:80 - create IPUIPlugin
2024-05-28 19:14:36,530 [INFO] PluginManager:220 - loadIPPluginJar : add quadspi
2024-05-28 19:14:36,540 [INFO] IPUIPlugin:80 - create IPUIPlugin
2024-05-28 19:14:36,540 [INFO] PluginManager:220 - loadIPPluginJar : add resmgrutility
2024-05-28 19:14:36,574 [INFO] IPUIPlugin:80 - create IPUIPlugin
2024-05-28 19:14:36,574 [INFO] PluginManager:220 - loadIPPluginJar : add sai
2024-05-28 19:14:36,600 [INFO] IPUIPlugin:80 - create IPUIPlugin
2024-05-28 19:14:36,600 [INFO] PluginManager:220 - loadIPPluginJar : add spi
2024-05-28 19:14:36,646 [INFO] IPUIPlugin:80 - create IPUIPlugin
2024-05-28 19:14:36,646 [INFO] PluginManager:220 - loadIPPluginJar : add stm32_wpan
2024-05-28 19:14:36,663 [INFO] IPUIPlugin:80 - create IPUIPlugin
2024-05-28 19:14:36,663 [INFO] PluginManager:220 - loadIPPluginJar : add tim
2024-05-28 19:14:36,704 [INFO] IPUIPlugin:80 - create IPUIPlugin
2024-05-28 19:14:36,704 [INFO] PluginManager:220 - loadIPPluginJar : add touchsensing
2024-05-28 19:14:36,721 [INFO] IPUIPlugin:80 - create IPUIPlugin
2024-05-28 19:14:36,721 [INFO] PluginManager:220 - loadIPPluginJar : add tracer_emb
2024-05-28 19:14:36,738 [INFO] IPUIPlugin:80 - create IPUIPlugin
2024-05-28 19:14:36,738 [INFO] PluginManager:220 - loadIPPluginJar : add ts
2024-05-28 19:14:36,754 [INFO] IPUIPlugin:80 - create IPUIPlugin
2024-05-28 19:14:36,754 [INFO] PluginManager:220 - loadIPPluginJar : add tsc
2024-05-28 19:14:36,770 [INFO] IPUIPlugin:80 - create IPUIPlugin
2024-05-28 19:14:36,770 [INFO] PluginManager:220 - loadIPPluginJar : add ucpd
2024-05-28 19:14:36,801 [INFO] IPUIPlugin:80 - create IPUIPlugin
2024-05-28 19:14:36,801 [INFO] PluginManager:220 - loadIPPluginJar : add usart
2024-05-28 19:14:36,834 [INFO] IPUIPlugin:80 - create IPUIPlugin
2024-05-28 19:14:36,834 [INFO] PluginManager:220 - loadIPPluginJar : add usbx
2024-05-28 19:14:36,957 [INFO] CADModel:165 - CPN selected for project level
2024-05-28 19:14:36,958 [INFO] CADModel:114 - Register for checkConnection events
2024-05-28 19:14:36,958 [FATAL] Updater:308 - Updater called before beeing initialized
2024-05-28 19:14:36,958 [ERROR] CADModel:125 - Updater not yet initialized, retry later 
2024-05-28 19:14:37,104 [INFO] CADModel:165 - CPN selected for project level
2024-05-28 19:14:37,104 [INFO] CADModel:114 - Register for checkConnection events
2024-05-28 19:14:37,104 [FATAL] Updater:308 - Updater called before beeing initialized
2024-05-28 19:14:37,104 [ERROR] CADModel:125 - Updater not yet initialized, retry later 
2024-05-28 19:14:37,106 [FATAL] Updater:308 - Updater called before beeing initialized
2024-05-28 19:14:37,197 [FATAL] Updater:308 - Updater called before beeing initialized
2024-05-28 19:14:37,208 [INFO] DbMcusAds:53 - JSON generation date=Thu May 16 05:22:01 EDT 2024 (1715851321109)
2024-05-28 19:14:37,208 [FATAL] Updater:308 - Updater called before beeing initialized
2024-05-28 19:14:37,248 [WARN] DetailPanel:346 - Failed to get advertising image, set to default
2024-05-28 19:14:37,333 [FATAL] Updater:308 - Updater called before beeing initialized
2024-05-28 19:14:37,336 [FATAL] Updater:308 - Updater called before beeing initialized
2024-05-28 19:14:37,337 [FATAL] Updater:308 - Updater called before beeing initialized
2024-05-28 19:14:37,337 [WARN] DetailPanel:346 - Failed to get advertising image, set to default
2024-05-28 19:14:37,337 [FATAL] Updater:308 - Updater called before beeing initialized
2024-05-28 19:14:37,390 [ERROR] Updater:1120 - MainUpdater not yet initialized. External WinMGr cannot be set.
2024-05-28 19:14:37,399 [INFO] Updater:1056 - Updater Version found : 6.11.1
2024-05-28 19:14:37,417 [INFO] ApplicationProperties:184 - Using Application install path: C:\ST\STM32CubeIDE_1.11.2\STM32CubeIDE\plugins\com.st.stm32cube.common.mx_6.11.1.202404110753
2024-05-28 19:14:37,961 [INFO] ThirdPartyUpdaterWithRetryManager:70 - Updater plugin not ready yet. [2/15]
2024-05-28 19:14:38,995 [ERROR] LogOutputStream:75 - [STDERR_REDIRECT] May 28, 2024 7:14:38 PM java.util.prefs.WindowsPreferences <init>
2024-05-28 19:14:38,996 [ERROR] LogOutputStream:75 - [STDERR_REDIRECT] WARNING: Could not open/create prefs root node Software\JavaSoft\Prefs at root 0xffffffff80000002. Windows RegCreateKeyEx(...) returned error code 5.
2024-05-28 19:14:38,996 [ERROR] LogOutputStream:75 - [STDERR_REDIRECT] 
2024-05-28 19:14:39,692 [INFO] MainUpdater:2873 - connection check result : 10
2024-05-28 19:14:39,692 [INFO] MainUpdater:3567 - Updater definition file requires update
2024-05-28 19:14:39,693 [INFO] MainUpdater:290 - Updater Check For Update Now.
2024-05-28 19:14:39,693 [INFO] MicroXplorer:498 - Change Database Version : DB.6.0.111
2024-05-28 19:14:39,707 [INFO] McuFinderGlobals:63 - Set McuFinder mode to 2 (CubeIDE integrated)
2024-05-28 19:14:39,717 [INFO] UserAuth:415 - Internet connection configuration mode: 1
2024-05-28 19:14:39,741 [INFO] JxBrowserEngine:152 - Initiate JxBrowser Engine with user profile folder
2024-05-28 19:14:40,583 [INFO] ServerAccessManage:473 - Download File updaters.zip
2024-05-28 19:14:40,707 [INFO] FileExtend:240 - Unzip File : updaters.zip
2024-05-28 19:14:40,707 [INFO] FileExtend:255 - Standard Zip Deflate
2024-05-28 19:14:40,962 [WARN] MainUpdater:1194 - Updater busy. Cannot search thirdparties
2024-05-28 19:14:40,963 [INFO] ThirdPartyUpdaterWithRetryManager:96 - Updater plugin is busy. [1/15]
2024-05-28 19:14:41,105 [INFO] ServerAccessManage:473 - Download File PacksControlFlags.xml
2024-05-28 19:14:41,220 [INFO] ServerAccessManage:473 - Download File cubemx.pidx
2024-05-28 19:14:41,307 [INFO] LoadServerUpdatesThread:375 - End of LoadServerUpdate Thread
2024-05-28 19:14:41,465 [INFO] CheckServerUpdateThread:120 - End of CheckServer Thread
2024-05-28 19:14:44,219 [WARN] PackLoader:240 - Cannot read IP mode file for STMicroelectronics.FP-SNS-MOTENVWB1.1.4.0
2024-05-28 19:14:44,238 [WARN] PackLoader:240 - Cannot read IP mode file for STMicroelectronics.X-CUBE-SMBUS.2.1.0
2024-05-28 19:14:44,250 [WARN] PackLoader:240 - Cannot read IP mode file for STMicroelectronics.X-CUBE-TOUCHGFX.4.23.0
2024-05-28 19:14:44,259 [WARN] PackLoader:240 - Cannot read IP mode file for STMicroelectronics.X-CUBE-TOUCHGFX.4.23.2
2024-05-28 19:14:44,293 [WARN] PackLoader:240 - Cannot read IP mode file for STMicroelectronics.X-CUBE-AZRTOS-F7.1.1.0
2024-05-28 19:14:44,308 [ERROR] RealEvaluatedCondition:428 - Found unsupported composite condition: GROUP='STM32_MetaDataManager' CLASS='Data Exchange'
2024-05-28 19:14:44,308 [ERROR] RealEvaluatedCondition:428 - Found unsupported composite condition: CLASS='Data Exchange' GROUP='STM32_MetaDataManager'
2024-05-28 19:14:44,309 [WARN] PackLoader:240 - Cannot read IP mode file for STMicroelectronics.FP-SNS-MOTENV1.4.3.0
2024-05-28 19:14:44,321 [WARN] PackLoader:240 - Cannot read IP mode file for STMicroelectronics.FP-SNS-MOTENV1.4.3.2
2024-05-28 19:14:44,333 [WARN] PackLoader:240 - Cannot read IP mode file for STMicroelectronics.FP-SNS-FLIGHT1.5.0.0
2024-05-28 19:14:44,333 [INFO] WebApp:161 - Instantiating new browser for Auth
2024-05-28 19:14:44,344 [ERROR] RealEvaluatedCondition:428 - Found unsupported composite condition: GROUP='STM32_MetaDataManager' CLASS='Data Exchange'
2024-05-28 19:14:44,344 [ERROR] RealEvaluatedCondition:428 - Found unsupported composite condition: CLASS='Data Exchange' GROUP='STM32_MetaDataManager'
2024-05-28 19:14:44,346 [WARN] PackLoader:240 - Cannot read IP mode file for STMicroelectronics.FP-SNS-MOTENV1.4.3.1
2024-05-28 19:14:44,363 [WARN] PackLoader:240 - Cannot read IP mode file for STMicroelectronics.FP-SNS-FLIGHT1.5.0.1
2024-05-28 19:14:44,383 [WARN] PackLoader:240 - Cannot read IP mode file for STMicroelectronics.X-CUBE-BLE1.6.2.4
2024-05-28 19:14:44,394 [WARN] PackLoader:240 - Cannot read IP mode file for STMicroelectronics.FP-SNS-FLIGHT1.5.0.2
2024-05-28 19:14:44,408 [WARN] PackLoader:240 - Cannot read IP mode file for STMicroelectronics.X-CUBE-DISPLAY.3.0.0
2024-05-28 19:14:44,423 [WARN] PackLoader:240 - Cannot read IP mode file for STMicroelectronics.X-CUBE-BLE1.7.0.0
2024-05-28 19:14:44,434 [WARN] PackLoader:240 - Cannot read IP mode file for STMicroelectronics.X-CUBE-TOUCHGFX.4.22.0
2024-05-28 19:14:44,447 [WARN] PackLoader:240 - Cannot read IP mode file for STMicroelectronics.X-CUBE-TOUCHGFX.4.22.1
2024-05-28 19:14:44,465 [WARN] PackLoader:240 - Cannot read IP mode file for STMicroelectronics.X-CUBE-BLEMGR.3.1.0
2024-05-28 19:14:44,481 [WARN] PackLoader:240 - Cannot read IP mode file for STMicroelectronics.FP-SNS-SMARTAG2.1.2.0
2024-05-28 19:14:44,502 [INFO] LogOutputStream:77 - [STDOUT_REDIRECT] 1 : Invalid condition id : UX_CORESTACK_Condition cause : null
2024-05-28 19:14:44,502 [INFO] LogOutputStream:77 - [STDOUT_REDIRECT] 1 : Invalid condition id : UX_CORESTACK_Condition cause : null
2024-05-28 19:14:44,503 [INFO] LogOutputStream:77 - [STDOUT_REDIRECT] 1 : Invalid condition id : UX_CORESTACK_Condition cause : null
2024-05-28 19:14:44,503 [INFO] LogOutputStream:77 - [STDOUT_REDIRECT] 1 : Invalid condition id : UX_CORESTACK_Condition cause : null
2024-05-28 19:14:44,504 [INFO] LogOutputStream:77 - [STDOUT_REDIRECT] 1 : Invalid condition id : UX_CORESTACK_Condition cause : null
2024-05-28 19:14:44,507 [WARN] PackLoader:240 - Cannot read IP mode file for STMicroelectronics.X-CUBE-AZRTOS-WL.2.0.0
2024-05-28 19:14:44,519 [WARN] PackLoader:240 - Cannot read IP mode file for STMicroelectronics.FP-SNS-MOTENV1.5.0.0
2024-05-28 19:14:44,538 [WARN] PackLoader:240 - Cannot read IP mode file for WES.I-CUBE-Cesium.1.3.0
2024-05-28 19:14:44,553 [WARN] PackLoader:240 - Cannot read IP mode file for STMicroelectronics.X-CUBE-BLE2.3.3.0
2024-05-28 19:14:44,578 [WARN] PackLoader:240 - Cannot read IP mode file for STMicroelectronics.X-CUBE-TOF1.3.2.0
2024-05-28 19:14:44,604 [WARN] PackLoader:240 - Cannot read IP mode file for STMicroelectronics.X-CUBE-TCPP.4.1.0
2024-05-28 19:14:44,622 [WARN] PackLoader:240 - Cannot read IP mode file for STMicroelectronics.X-CUBE-TOUCHGFX.4.21.1
2024-05-28 19:14:44,638 [WARN] PackLoader:240 - Cannot read IP mode file for STMicroelectronics.X-CUBE-TOUCHGFX.4.21.3
2024-05-28 19:14:44,653 [WARN] PackLoader:240 - Cannot read IP mode file for STMicroelectronics.X-CUBE-TOUCHGFX.4.21.4
2024-05-28 19:14:44,673 [WARN] PackLoader:240 - Cannot read IP mode file for STMicroelectronics.X-CUBE-ALGOBUILD.1.3.0
2024-05-28 19:14:44,708 [WARN] PackLoader:240 - Cannot read IP mode file for STMicroelectronics.X-CUBE-AZRTOS-G0.1.1.0
2024-05-28 19:14:44,729 [WARN] PackLoader:240 - Cannot read IP mode file for STMicroelectronics.X-CUBE-SAFEA1.1.2.2
2024-05-28 19:14:44,742 [WARN] PackLoader:240 - Cannot read IP mode file for STMicroelectronics.X-CUBE-NFC4.3.0.0
2024-05-28 19:14:44,756 [WARN] PackLoader:240 - Cannot read IP mode file for STMicroelectronics.X-CUBE-BLEMGR.3.0.0
2024-05-28 19:14:44,773 [WARN] PackLoader:240 - Cannot read IP mode file for STMicroelectronics.X-CUBE-BLEMGR.1.3.0
2024-05-28 19:14:44,787 [WARN] PackLoader:240 - Cannot read IP mode file for STMicroelectronics.FP-ATR-SIGFOX1.3.2.0
2024-05-28 19:14:44,800 [WARN] PackLoader:240 - Cannot read IP mode file for STMicroelectronics.X-CUBE-EEPRMA1.5.1.0
2024-05-28 19:14:44,854 [WARN] PackLoader:240 - Cannot read IP mode file for STMicroelectronics.X-CUBE-MEMS1.9.5.0
2024-05-28 19:14:45,003 [WARN] PackLoader:240 - Cannot read IP mode file for SEGGER.I-CUBE-embOS.1.3.1
2024-05-28 19:14:45,072 [WARN] PackLoader:240 - Cannot read IP mode file for STMicroelectronics.X-CUBE-ALGOBUILD.1.4.0
2024-05-28 19:14:45,090 [WARN] PackLoader:240 - Cannot read IP mode file for STMicroelectronics.X-CUBE-GNSS1.6.0.0
2024-05-28 19:14:45,149 [WARN] PackLoader:240 - Cannot read IP mode file for STMicroelectronics.X-CUBE-AZRTOS-F4.1.1.0
2024-05-28 19:14:45,173 [WARN] PackLoader:240 - Cannot read IP mode file for STMicroelectronics.X-CUBE-FREERTOS.1.2.0
2024-05-28 19:14:45,238 [WARN] PackLoader:240 - Cannot read IP mode file for STMicroelectronics.X-CUBE-AZRTOS-L5.2.0.0
2024-05-28 19:14:45,323 [WARN] PackLoader:240 - Cannot read IP mode file for STMicroelectronics.X-CUBE-MEMS1.9.6.0
2024-05-28 19:14:45,488 [WARN] PackLoader:240 - Cannot read IP mode file for STMicroelectronics.X-CUBE-EEPRMA1.4.2.0
2024-05-28 19:14:45,507 [WARN] PackLoader:240 - Cannot read IP mode file for STMicroelectronics.X-CUBE-NFC6.3.1.0
2024-05-28 19:14:45,524 [WARN] PackLoader:240 - Cannot read IP mode file for ITTIA_DB.I-CUBE-ITTIADB.8.8.0
2024-05-28 19:14:45,539 [WARN] PackLoader:240 - Cannot read IP mode file for emotas.I-CUBE-CANOPEN.1.1.3
2024-05-28 19:14:45,554 [WARN] PackLoader:240 - Cannot read IP mode file for STMicroelectronics.X-CUBE-BLEMGR.2.0.0
2024-05-28 19:14:45,569 [WARN] PackLoader:240 - Cannot read IP mode file for STMicroelectronics.X-CUBE-AI.9.0.0
2024-05-28 19:14:45,596 [WARN] ConditionMgr:438 - getConditionDescription Invalid condition id : UX DEVICE CLASS RTOS Condition cause : null
2024-05-28 19:14:45,598 [WARN] ConditionMgr:438 - getConditionDescription Invalid condition id : UX DEVICE CLASS RTOS Condition cause : null
2024-05-28 19:14:45,601 [WARN] PackLoader:240 - Cannot read IP mode file for STMicroelectronics.X-CUBE-AZRTOS-H7.3.1.0
2024-05-28 19:14:45,602 [WARN] ConditionMgr:1039 - genDependencies : Invalid condition id : UX DEVICE CLASS RTOS Condition cause : null
2024-05-28 19:14:45,602 [WARN] ConditionMgr:1039 - genDependencies : Invalid condition id : UX DEVICE CLASS RTOS Condition cause : null
2024-05-28 19:14:45,603 [WARN] ConditionMgr:1039 - genDependencies : Invalid condition id : UX DEVICE CLASS RTOS Condition cause : null
2024-05-28 19:14:45,603 [WARN] ConditionMgr:1039 - genDependencies : Invalid condition id : UX DEVICE CLASS RTOS Condition cause : null
2024-05-28 19:14:45,603 [WARN] ConditionMgr:1039 - genDependencies : Invalid condition id : UX DEVICE CLASS RTOS Condition cause : null
2024-05-28 19:14:45,620 [WARN] PackLoader:240 - Cannot read IP mode file for wolfSSL.I-CUBE-wolfSSL.5.5.4
2024-05-28 19:14:45,634 [WARN] PackLoader:240 - Cannot read IP mode file for STMicroelectronics.X-CUBE-NFC7.1.0.1
2024-05-28 19:14:45,650 [WARN] PackLoader:240 - Cannot read IP mode file for STMicroelectronics.X-CUBE-NFC7.1.0.0
2024-05-28 19:14:45,667 [WARN] PackLoader:240 - Cannot read IP mode file for STMicroelectronics.X-CUBE-NFC6.3.0.0
2024-05-28 19:14:45,676 [INFO] WebApp:779 - Register for checkConnection events
2024-05-28 19:14:45,676 [INFO] WebApp:414 - Apply proxy settings
2024-05-28 19:14:45,676 [INFO] WebApp:499 - Chromium requires no authentication
2024-05-28 19:14:45,685 [WARN] PackLoader:240 - Cannot read IP mode file for STMicroelectronics.X-CUBE-EEPRMA1.4.1.0
2024-05-28 19:14:45,696 [INFO] WebApp:442 - Direct internet connection detected
2024-05-28 19:14:45,702 [WARN] PackLoader:240 - Cannot read IP mode file for STMicroelectronics.X-CUBE-AI.8.1.0
2024-05-28 19:14:45,729 [WARN] ConditionMgr:438 - getConditionDescription Invalid condition id : LAN8742 Phy interface Condition cause : null
2024-05-28 19:14:45,735 [WARN] PackLoader:240 - Cannot read IP mode file for STMicroelectronics.X-CUBE-AZRTOS-L4.2.0.0
2024-05-28 19:14:45,737 [WARN] ConditionMgr:1039 - genDependencies : Invalid condition id : LAN8742 Phy interface Condition cause : null
2024-05-28 19:14:45,737 [WARN] ConditionMgr:1039 - genDependencies : Invalid condition id : LAN8742 Phy interface Condition cause : null
2024-05-28 19:14:45,738 [WARN] ConditionMgr:1039 - genDependencies : Invalid condition id : LAN8742 Phy interface Condition cause : null
2024-05-28 19:14:45,758 [WARN] PackLoader:240 - Cannot read IP mode file for STMicroelectronics.X-CUBE-SFXS2LP1.4.0.0
2024-05-28 19:14:45,793 [WARN] PackLoader:240 - Cannot read IP mode file for STMicroelectronics.X-CUBE-AZRTOS-H7.3.0.0
2024-05-28 19:14:45,811 [WARN] PackLoader:240 - Cannot read IP mode file for STMicroelectronics.X-CUBE-ISPU.1.1.0
2024-05-28 19:14:45,833 [WARN] PackLoader:240 - Cannot read IP mode file for RoweBots.I-CUBE-UNISONRTOS.5.5.0-4
2024-05-28 19:14:45,857 [WARN] PackLoader:240 - Cannot read IP mode file for STMicroelectronics.X-CUBE-AI.8.0.0
2024-05-28 19:14:45,885 [WARN] ConditionMgr:438 - getConditionDescription Invalid condition id : UX DEVICE CLASS RTOS Condition cause : null
2024-05-28 19:14:45,885 [WARN] ConditionMgr:438 - getConditionDescription Invalid condition id : UX DEVICE CLASS RTOS Condition cause : null
2024-05-28 19:14:45,887 [WARN] PackLoader:240 - Cannot read IP mode file for STMicroelectronics.X-CUBE-AZRTOS-WB.2.0.0
2024-05-28 19:14:45,887 [WARN] ConditionMgr:1039 - genDependencies : Invalid condition id : UX DEVICE CLASS RTOS Condition cause : null
2024-05-28 19:14:45,888 [WARN] ConditionMgr:1039 - genDependencies : Invalid condition id : UX DEVICE CLASS RTOS Condition cause : null
2024-05-28 19:14:45,888 [WARN] ConditionMgr:1039 - genDependencies : Invalid condition id : UX DEVICE CLASS RTOS Condition cause : null
2024-05-28 19:14:45,888 [WARN] ConditionMgr:1039 - genDependencies : Invalid condition id : UX DEVICE CLASS RTOS Condition cause : null
2024-05-28 19:14:45,888 [WARN] ConditionMgr:1039 - genDependencies : Invalid condition id : UX DEVICE CLASS RTOS Condition cause : null
2024-05-28 19:14:45,900 [WARN] PackLoader:240 - Cannot read IP mode file for STMicroelectronics.X-CUBE-FREERTOS.1.0.0
2024-05-28 19:14:45,912 [WARN] PackLoader:240 - Cannot read IP mode file for STMicroelectronics.X-CUBE-FREERTOS.1.0.1
2024-05-28 19:14:45,932 [WARN] PackLoader:240 - Cannot read IP mode file for STMicroelectronics.X-CUBE-AZRTOS-L5.1.1.0
2024-05-28 19:14:45,946 [WARN] PackLoader:240 - Cannot read IP mode file for STMicroelectronics.X-CUBE-AI.8.0.1
2024-05-28 19:14:45,963 [WARN] PackLoader:240 - Cannot read IP mode file for STMicroelectronics.X-CUBE-SUBG2.5.0.0
2024-05-28 19:14:45,981 [WARN] PackLoader:240 - Cannot read IP mode file for Cesanta.I-CUBE-Mongoose.7.13.0
2024-05-28 19:14:45,999 [WARN] PackLoader:240 - Cannot read IP mode file for STMicroelectronics.X-CUBE-TOF1.3.3.1
2024-05-28 19:14:46,029 [WARN] PackLoader:240 - Cannot read IP mode file for STMicroelectronics.X-CUBE-AZRTOS-G4.2.0.0
2024-05-28 19:14:46,047 [WARN] PackLoader:240 - Cannot read IP mode file for STMicroelectronics.X-CUBE-TOF1.3.3.0
2024-05-28 19:14:46,065 [WARN] PackLoader:240 - Cannot read IP mode file for STMicroelectronics.FP-ATR-ASTRA1.1.1.1
2024-05-28 19:14:46,086 [WARN] PackLoader:240 - Cannot read IP mode file for Infineon.AIROC-Wi-Fi-Bluetooth-STM32.1.5.1
2024-05-28 19:14:46,100 [WARN] PackLoader:240 - Cannot read IP mode file for STMicroelectronics.FP-SNS-MOTENVWB1.1.3.0
2024-05-28 19:14:46,113 [WARN] PackLoader:240 - Cannot read IP mode file for STMicroelectronics.FP-SNS-MOTENVWB1.1.3.1
2024-05-28 19:14:46,138 [WARN] PackLoader:240 - Cannot read IP mode file for STMicroelectronics.X-CUBE-AZRTOS-G4.1.0.0
2024-05-28 19:14:46,170 [WARN] PackLoader:240 - Cannot read IP mode file for STMicroelectronics.X-CUBE-AZRTOS-L4.1.0.0
2024-05-28 19:14:46,183 [WARN] PackLoader:240 - Cannot read IP mode file for STMicroelectronics.X-CUBE-ISPU.2.0.0
2024-05-28 19:14:46,195 [WARN] PackLoader:240 - Cannot read IP mode file for STMicroelectronics.X-CUBE-ALS.1.0.2
2024-05-28 19:14:46,236 [WARN] PackLoader:240 - Cannot read IP mode file for STMicroelectronics.X-CUBE-MEMS1.10.0.0
2024-05-28 19:14:46,315 [INFO] WebApp:192 - Starting web application
2024-05-28 19:14:46,315 [INFO] WebApp:544 - Web application path used C:\ST\STM32CubeIDE_1.11.2\STM32CubeIDE\plugins\com.st.stm32cube.common.mx_6.11.1.202404110753\db\plugins\mcufinder\reactClient1\index.html
2024-05-28 19:14:46,343 [WARN] PackLoader:240 - Cannot read IP mode file for STMicroelectronics.X-CUBE-FREERTOS.1.1.0
2024-05-28 19:14:46,368 [WARN] PackLoader:240 - Cannot read IP mode file for STMicroelectronics.X-CUBE-AZRTOS-WL.1.0.0
2024-05-28 19:14:46,385 [WARN] PackLoader:240 - Cannot read IP mode file for portGmbH.I-Cube-SoM-uGOAL.1.1.0
2024-05-28 19:14:46,402 [WARN] PackLoader:240 - Cannot read IP mode file for STMicroelectronics.X-CUBE-ALS.1.0.1
2024-05-28 19:14:46,426 [WARN] PackLoader:240 - Cannot read IP mode file for STMicroelectronics.X-CUBE-AZRTOS-WB.1.1.0
2024-05-28 19:14:46,452 [WARN] PackLoader:240 - Cannot read IP mode file for STMicroelectronics.X-CUBE-AZRTOS-H7RS.1.0.0
2024-05-28 19:14:46,466 [WARN] PackLoader:240 - Cannot read IP mode file for STMicroelectronics.FP-ATR-ASTRA1.2.0.0
2024-05-28 19:14:46,487 [WARN] PackLoader:240 - Cannot read IP mode file for STMicroelectronics.X-CUBE-TOF1.3.4.0
2024-05-28 19:14:46,533 [WARN] PackLoader:240 - Cannot read IP mode file for STMicroelectronics.X-CUBE-TOF1.3.4.1
2024-05-28 19:14:46,587 [WARN] PackLoader:240 - Cannot read IP mode file for STMicroelectronics.X-CUBE-AZRTOS-H7.3.2.0
2024-05-28 19:14:46,591 [INFO] ThirdParty:978 - Integrity check success = true
2024-05-28 19:14:46,591 [INFO] IntegrityCheckThread:100 - exiting critical section [integrity check]
2024-05-28 19:14:46,592 [INFO] IntegrityCheckThread:103 - End integrity checks thread
2024-05-28 21:48:18,557 [ERROR] LogOutputStream:75 - [STDERR_REDIRECT] 
