2024-01-27 08:35:51,106 [INFO] MainUpdater:2873 - connection check result : 10
2024-01-27 08:35:51,159 [INFO] McuFinderGlobals:76 - Set McuFinderConnectedMode to true
2024-01-27 08:35:51,159 [INFO] MultiScanPanel:200 - Auto-refresh data requested => check proxy status ongoing
2024-01-27 08:35:51,160 [INFO] FinderPluginLoader:95 - Searching for filters in installed packs
2024-01-27 08:35:51,704 [INFO] LoadUrlFilesThread:185 - End of LoadServerUrlFiles without Thread
2024-01-27 08:35:51,704 [INFO] DetailPanel:341 - Set advertising image to C:/Users/bakra/STM32Cube/Repository/\en.prom-stm32wl3-mcu-finder.jpg
2024-01-27 08:35:51,917 [INFO] MultiScanPanel:728 - adjusting invalid saved split location: -0.06
2024-01-27 08:35:51,993 [INFO] MultiScanPanel:728 - adjusting invalid saved split location: -0.06
2024-01-27 08:35:51,993 [INFO] MultiScanPanel:200 - Auto-refresh data requested => check proxy status ongoing
2024-01-27 08:35:52,037 [INFO] LoadUrlFilesThread:185 - End of LoadServerUrlFiles without Thread
2024-01-27 08:35:52,037 [INFO] DetailPanel:341 - Set advertising image to C:/Users/bakra/STM32Cube/Repository/\en.prom-stm32wl3-mcu-finder.jpg
2024-01-27 08:35:52,042 [INFO] MultiScanPanel:728 - adjusting invalid saved split location: -0.06
2024-01-27 08:35:52,057 [INFO] MultiScanPanel:728 - adjusting invalid saved split location: -0.06
2024-01-27 08:35:52,059 [INFO] MultiScanPanel:200 - Auto-refresh data requested => check proxy status ongoing
2024-01-27 08:35:52,061 [INFO] ApiDb:581 - Connected to CubeFinder SQLite database (C:\Users\bakra\.stmcufinder\plugins\mcufinder\mcu\cube-finder-db.db)
2024-01-27 08:35:52,107 [INFO] ApiDb:668 - CubeFinder database Data Model version=2.1
2024-01-27 08:35:52,107 [INFO] ApiDb:669 - CubeFinder database Configuration version=3.0.39
2024-01-27 08:35:52,108 [INFO] ApiDb:670 - CubeFinder database generation date=2024-01-11 (1704964531)
2024-01-27 08:35:52,108 [INFO] ApiDb:671 - CubeFinder database FW Pack versions=[FP-ATR-ASTRA1_V2.0.0, FP-SNS-FLIGHT1_V5.0.1, FP-SNS-FLIGHT1_V5.0.2, FP-SNS-MOTENV1_V4.3.1, FP-SNS-MOTENV1_V4.3.2, FP-SNS-MOTENVWB1_V1.3.1, FP-SNS-SMARTAG2_V1.2.0, STM32Cube_FW_C0_V1.1.0, STM32Cube_FW_F4_V1.28.0, STM32Cube_FW_F7_V1.17.0, STM32Cube_FW_G0_V1.6.2, STM32Cube_FW_G4_V1.5.2, STM32Cube_FW_H5_V0.5.1, STM32Cube_FW_H5_V1.1.1, STM32Cube_FW_H5_V1.2.0RC2, STM32Cube_FW_H7_V1.11.0, STM32Cube_FW_L0_V1.12.2, STM32Cube_FW_L5_V1.5.0, STM32Cube_FW_U5_V1.3.0RC4, STM32Cube_FW_U5_V1.4.0, STM32Cube_FW_WBA_V1.0.0RC1, STM32Cube_FW_WBA_V1.1.0RC1, STM32Cube_FW_WBA_V1.2.0, STM32Cube_FW_WBA_V1.2.0RC2, STM32Cube_FW_WB_V1.15.0RC1, STM32Cube_FW_WB_V1.16.0, STM32Cube_FW_WB_V1.16.0RC2, STM32Cube_FW_WB_V1.18.0, STM32Cube_FW_WL_V1.3.0, X-CUBE-ALGOBUILD_V1.3.0, X-CUBE-ALS_V1.0.1, X-CUBE-AZRTOS-F4_V1.1.0, X-CUBE-AZRTOS-F7_V1.1.0, X-CUBE-AZRTOS-G0_V1.1.0, X-CUBE-AZRTOS-G4_V2.0.0, X-CUBE-AZRTOS-H7_V3.2.0, X-CUBE-AZRTOS-L4_V1.0.0, X-CUBE-AZRTOS-L4_V2.0.0, X-CUBE-AZRTOS-L5_V1.1.0, X-CUBE-AZRTOS-WB_V2.0.0, X-CUBE-AZRTOS-WL_V2.0.0, X-CUBE-BLE1_V7.0.0, X-CUBE-BLE2_V3.3.0, X-CUBE-BLEMGR_V3.0.0, X-CUBE-EEPRMA1_V4.1.0, X-CUBE-EEPRMA1_V4.2.0, X-CUBE-FREERTOS_V1.1.0, X-CUBE-GNSS1_V6.0.0, X-CUBE-MEMS1_V10.0.0, X-CUBE-MEMS1_V9.1.0, X-CUBE-MEMS1_V9.4.0, X-CUBE-MEMS1_V9.6.0, X-CUBE-NFC4_V3.0.0, X-CUBE-NFC7_V1.0.1, X-CUBE-SFXS2LP1_V4.0.0, X-CUBE-SUBG2_V5.0.0, X-CUBE-TOF1_V3.4.0]
2024-01-27 08:35:52,701 [ERROR] DbExamplesSqlite:437 - Missing JSON key: board_cpn
2024-01-27 08:35:52,702 [ERROR] DbExamplesSqlite:437 - Missing JSON key: board_cpn
2024-01-27 08:35:52,702 [ERROR] DbExamplesSqlite:437 - Missing JSON key: board_cpn
2024-01-27 08:35:52,702 [ERROR] DbExamplesSqlite:437 - Missing JSON key: board_cpn
2024-01-27 08:35:52,735 [INFO] DbExamplesSqlite:395 - Ignored 55 examples not supported by CubeIDE
2024-01-27 08:35:52,735 [INFO] DbExamplesSqlite:396 - Found 7560 examples active
2024-01-27 08:35:52,735 [INFO] DbExamplesSqlite:397 - Found 844 examples obsolete
2024-01-27 08:35:52,735 [INFO] DbExamplesSqlite:398 - Found 0 examples under development
2024-01-27 08:35:52,735 [INFO] DbExamplesSqlite:399 - Found 8 examples not building
2024-01-27 08:35:52,736 [INFO] DbExamples:125 - Found 7513 examples
2024-01-27 08:35:52,744 [INFO] DbExamples:222 - Found 95 boards with related examples
2024-01-27 08:35:52,745 [INFO] DbExamples:235 - Found 80 MCUs with related examples
2024-01-27 08:35:52,761 [INFO] ApiDb:423 - Load user favorites file C:\Users\bakra/.stm32cubeide/favorites.examples.txt: 0 item(s)
2024-01-27 08:35:52,761 [INFO] ApiDb:427 - User favorites Examples=[]
2024-01-27 08:35:52,761 [INFO] DbExamples:250 - Set 0 / 0 favorites Examples
2024-01-27 08:35:53,267 [INFO] SoftwarePacks:127 - Download is needed for SW pack 'FP-ATR-ASTRA1_V2.0.0'
2024-01-27 08:35:53,267 [INFO] SoftwarePacks:127 - Download is needed for SW pack 'FP-SNS-FLIGHT1_V5.0.2'
2024-01-27 08:35:53,267 [INFO] SoftwarePacks:127 - Download is needed for SW pack 'FP-SNS-MOTENV1_V4.3.2'
2024-01-27 08:35:53,268 [INFO] SoftwarePacks:127 - Download is needed for SW pack 'FP-SNS-MOTENVWB1_V1.3.1'
2024-01-27 08:35:53,268 [INFO] SoftwarePacks:127 - Download is needed for SW pack 'FP-SNS-SMARTAG2_V1.2.0'
2024-01-27 08:35:53,304 [INFO] SoftwarePacks:127 - Download is needed for SW pack 'STM32Cube_FW_C0_V1.1.0'
2024-01-27 08:35:53,310 [INFO] SoftwarePacks:127 - Download is needed for SW pack 'STM32Cube_FW_F4_V1.28.0'
2024-01-27 08:35:53,316 [INFO] SoftwarePacks:131 - Found SW pack 'STM32Cube_FW_F7_V1.17.0' up-to-date on disk.
2024-01-27 08:35:53,322 [INFO] SoftwarePacks:127 - Download is needed for SW pack 'STM32Cube_FW_G0_V1.6.2'
2024-01-27 08:35:53,327 [INFO] SoftwarePacks:127 - Download is needed for SW pack 'STM32Cube_FW_G4_V1.5.2'
2024-01-27 08:35:53,331 [INFO] SoftwarePacks:127 - Download is needed for SW pack 'STM32Cube_FW_H5_V1.1.1'
2024-01-27 08:35:53,336 [INFO] SoftwarePacks:127 - Download is needed for SW pack 'STM32Cube_FW_H7_V1.11.0'
2024-01-27 08:35:53,342 [INFO] SoftwarePacks:127 - Download is needed for SW pack 'STM32Cube_FW_L0_V1.12.2'
2024-01-27 08:35:53,347 [INFO] SoftwarePacks:127 - Download is needed for SW pack 'STM32Cube_FW_L5_V1.5.0'
2024-01-27 08:35:53,352 [INFO] SoftwarePacks:127 - Download is needed for SW pack 'STM32Cube_FW_U5_V1.4.0'
2024-01-27 08:35:53,358 [INFO] SoftwarePacks:127 - Download is needed for SW pack 'STM32Cube_FW_WBA_V1.2.0'
2024-01-27 08:35:53,363 [INFO] SoftwarePacks:127 - Download is needed for SW pack 'STM32Cube_FW_WB_V1.18.0'
2024-01-27 08:35:53,369 [INFO] SoftwarePacks:127 - Download is needed for SW pack 'STM32Cube_FW_WL_V1.3.0'
2024-01-27 08:35:53,369 [INFO] SoftwarePacks:127 - Download is needed for SW pack 'X-CUBE-ALGOBUILD_V1.3.0'
2024-01-27 08:35:53,369 [INFO] SoftwarePacks:127 - Download is needed for SW pack 'X-CUBE-ALS_V1.0.1'
2024-01-27 08:35:53,369 [INFO] SoftwarePacks:127 - Download is needed for SW pack 'X-CUBE-AZRTOS-F4_V1.1.0'
2024-01-27 08:35:53,369 [INFO] SoftwarePacks:127 - Download is needed for SW pack 'X-CUBE-AZRTOS-F7_V1.1.0'
2024-01-27 08:35:53,369 [INFO] SoftwarePacks:127 - Download is needed for SW pack 'X-CUBE-AZRTOS-G0_V1.1.0'
2024-01-27 08:35:53,369 [INFO] SoftwarePacks:127 - Download is needed for SW pack 'X-CUBE-AZRTOS-G4_V2.0.0'
2024-01-27 08:35:53,370 [INFO] SoftwarePacks:127 - Download is needed for SW pack 'X-CUBE-AZRTOS-H7_V3.2.0'
2024-01-27 08:35:53,370 [INFO] SoftwarePacks:127 - Download is needed for SW pack 'X-CUBE-AZRTOS-L4_V2.0.0'
2024-01-27 08:35:53,370 [INFO] SoftwarePacks:127 - Download is needed for SW pack 'X-CUBE-AZRTOS-L5_V1.1.0'
2024-01-27 08:35:53,370 [INFO] SoftwarePacks:127 - Download is needed for SW pack 'X-CUBE-AZRTOS-WB_V2.0.0'
2024-01-27 08:35:53,370 [INFO] SoftwarePacks:127 - Download is needed for SW pack 'X-CUBE-AZRTOS-WL_V2.0.0'
2024-01-27 08:35:53,370 [INFO] SoftwarePacks:127 - Download is needed for SW pack 'X-CUBE-BLE1_V7.0.0'
2024-01-27 08:35:53,370 [INFO] SoftwarePacks:127 - Download is needed for SW pack 'X-CUBE-BLE2_V3.3.0'
2024-01-27 08:35:53,370 [INFO] SoftwarePacks:127 - Download is needed for SW pack 'X-CUBE-BLEMGR_V3.0.0'
2024-01-27 08:35:53,370 [INFO] SoftwarePacks:127 - Download is needed for SW pack 'X-CUBE-EEPRMA1_V4.2.0'
2024-01-27 08:35:53,370 [INFO] SoftwarePacks:127 - Download is needed for SW pack 'X-CUBE-FREERTOS_V1.1.0'
2024-01-27 08:35:53,370 [INFO] SoftwarePacks:127 - Download is needed for SW pack 'X-CUBE-GNSS1_V6.0.0'
2024-01-27 08:35:53,370 [INFO] SoftwarePacks:127 - Download is needed for SW pack 'X-CUBE-MEMS1_V10.0.0'
2024-01-27 08:35:53,370 [INFO] SoftwarePacks:127 - Download is needed for SW pack 'X-CUBE-NFC4_V3.0.0'
2024-01-27 08:35:53,370 [INFO] SoftwarePacks:127 - Download is needed for SW pack 'X-CUBE-NFC7_V1.0.1'
2024-01-27 08:35:53,371 [INFO] SoftwarePacks:127 - Download is needed for SW pack 'X-CUBE-SFXS2LP1_V4.0.0'
2024-01-27 08:35:53,371 [INFO] SoftwarePacks:127 - Download is needed for SW pack 'X-CUBE-SUBG2_V5.0.0'
2024-01-27 08:35:53,371 [INFO] SoftwarePacks:127 - Download is needed for SW pack 'X-CUBE-TOF1_V3.4.0'
2024-01-27 08:35:54,003 [INFO] LoadUrlFilesThread:185 - End of LoadServerUrlFiles without Thread
2024-01-27 08:35:54,003 [INFO] DetailPanel:341 - Set advertising image to C:/Users/bakra/STM32Cube/Repository/\en.prom-stm32wl3-mcu-finder.jpg
2024-01-27 08:36:19,889 [INFO] SoftwarePacks:190 - Size of SW pack 'STM32Cube_FW_F7_V1.17.0' is: 1157.12 MB
2024-01-27 08:36:52,457 [INFO] McuFinderGlobals:76 - Set McuFinderConnectedMode to true
2024-01-27 08:36:52,459 [INFO] ApiDb:448 - Save user favorites file C:\Users\bakra/.stm32cubeide/favorites.mcus.txt: 0 item(s)
2024-01-27 08:36:52,461 [INFO] ApiDb:452 - User favorites MCUs=[]
2024-01-27 08:36:52,461 [INFO] ApiDb:448 - Save user favorites file C:\Users\bakra/.stm32cubeide/favorites.boards.txt: 0 item(s)
2024-01-27 08:36:52,461 [INFO] ApiDb:452 - User favorites Boards=[]
2024-01-27 08:36:52,463 [INFO] ApiDb:448 - Save user favorites file C:\Users\bakra/.stm32cubeide/favorites.examples.txt: 0 item(s)
2024-01-27 08:36:52,463 [INFO] ApiDb:452 - User favorites Examples=[]
