2024-07-15 22:04:25,114 [INFO] Activator:176 - 


2024-07-15 22:04:25,119 [INFO] Activator:177 - !SESSION log4j initialized
2024-07-15 22:04:32,998 [INFO] LogOutputStream:77 - [STDOUT_REDIRECT] 
2024-07-15 22:04:35,782 [INFO] ApplicationProperties:184 - Using Application install path: C:\ST\STM32CubeIDE_1.11.2\STM32CubeIDE\plugins\com.st.stm32cube.common.mx_6.12.0.202406281431
2024-07-15 22:04:35,798 [INFO] DbMcusXml:78 - Set database path to: C:\ST\STM32CubeIDE_1.11.2\STM32CubeIDE\plugins\com.st.stm32cube.common.mx_6.12.0.202406281431\\db\/mcu/
2024-07-15 22:04:35,798 [INFO] ApiDb:274 - Set plugin database path to: C:\ST\STM32CubeIDE_1.11.2\STM32CubeIDE\plugins\com.st.stm32cube.common.mx_6.12.0.202406281431\\db\/plugins/boardmanager/
2024-07-15 22:04:35,799 [WARN] ApiDb:259 - Overriding images path with different value:  => C:\ST\STM32CubeIDE_1.11.2\STM32CubeIDE\plugins\com.st.stm32cube.common.mx_6.12.0.202406281431\\db\/plugins/mcufinder/images/
2024-07-15 22:04:35,808 [INFO] ApiDb:250 - Set database path to: C:\Users\bakra\.stmcufinder\plugins\mcufinder//mcu/
2024-07-15 22:04:35,808 [INFO] DbMcusAds:125 - Set database path to: C:\Users\bakra\.stmcufinder\plugins\mcufinder//mcu/
2024-07-15 22:04:35,811 [INFO] CrossReferenceDbSqlite:203 - Set database path to: C:\Users\bakra\.stmcufinder\plugins\mcufinder//mcu/cs/
2024-07-15 22:04:35,907 [INFO] RulesReader:64 - Compatibility file has been processed (297 Rules)
2024-07-15 22:04:35,992 [INFO] DbMcusXml:78 - Set database path to: C:\ST\STM32CubeIDE_1.11.2\STM32CubeIDE\plugins\com.st.stm32cube.common.mx_6.12.0.202406281431\\db\/mcu/
2024-07-15 22:04:35,993 [INFO] ApiDb:274 - Set plugin database path to: C:\ST\STM32CubeIDE_1.11.2\STM32CubeIDE\plugins\com.st.stm32cube.common.mx_6.12.0.202406281431\\db\/plugins/boardmanager/
2024-07-15 22:04:35,993 [INFO] ApiDb:261 - Set plugin images path to: C:\ST\STM32CubeIDE_1.11.2\STM32CubeIDE\plugins\com.st.stm32cube.common.mx_6.12.0.202406281431\\db\/plugins/mcufinder/images/
2024-07-15 22:04:35,993 [WARN] DbFile:41 - Overriding database path with different value: C:\Users\bakra\.stmcufinder\plugins\mcufinder/ => C:\Users\bakra\.stmcufinder\plugins\mcufinder
2024-07-15 22:04:35,993 [INFO] ApiDb:250 - Set database path to: C:\Users\bakra\.stmcufinder\plugins\mcufinder//mcu/
2024-07-15 22:04:35,993 [WARN] DbFile:41 - Overriding database path with different value: C:\Users\bakra\.stmcufinder\plugins\mcufinder/ => C:\Users\bakra\.stmcufinder\plugins\mcufinder
2024-07-15 22:04:35,993 [INFO] DbMcusAds:125 - Set database path to: C:\Users\bakra\.stmcufinder\plugins\mcufinder//mcu/
2024-07-15 22:04:35,993 [WARN] DbFile:41 - Overriding database path with different value: C:\Users\bakra\.stmcufinder\plugins\mcufinder/ => C:\Users\bakra\.stmcufinder\plugins\mcufinder
2024-07-15 22:04:35,993 [WARN] DbFile:41 - Overriding database path with different value: C:\Users\bakra\.stmcufinder\plugins\mcufinder/ => C:\Users\bakra\.stmcufinder\plugins\mcufinder
2024-07-15 22:04:35,993 [INFO] CrossReferenceDbSqlite:203 - Set database path to: C:\Users\bakra\.stmcufinder\plugins\mcufinder//mcu/cs/
2024-07-15 22:04:36,077 [INFO] MainPanel:268 - HeapMemory: 268435456
2024-07-15 22:04:36,177 [INFO] DbMcusXml:78 - Set database path to: C:\ST\STM32CubeIDE_1.11.2\STM32CubeIDE\plugins\com.st.stm32cube.common.mx_6.12.0.202406281431\\db\/mcu/
2024-07-15 22:04:36,177 [INFO] ApiDb:274 - Set plugin database path to: C:\ST\STM32CubeIDE_1.11.2\STM32CubeIDE\plugins\com.st.stm32cube.common.mx_6.12.0.202406281431\\db\/plugins/boardmanager/
2024-07-15 22:04:36,177 [INFO] ApiDb:261 - Set plugin images path to: C:\ST\STM32CubeIDE_1.11.2\STM32CubeIDE\plugins\com.st.stm32cube.common.mx_6.12.0.202406281431\\db\/plugins/mcufinder/images/
2024-07-15 22:04:36,177 [WARN] DbFile:41 - Overriding database path with different value: C:\Users\bakra\.stmcufinder\plugins\mcufinder/ => C:\Users\bakra\.stmcufinder\plugins\mcufinder
2024-07-15 22:04:36,178 [INFO] ApiDb:250 - Set database path to: C:\Users\bakra\.stmcufinder\plugins\mcufinder//mcu/
2024-07-15 22:04:36,178 [WARN] DbFile:41 - Overriding database path with different value: C:\Users\bakra\.stmcufinder\plugins\mcufinder/ => C:\Users\bakra\.stmcufinder\plugins\mcufinder
2024-07-15 22:04:36,178 [INFO] DbMcusAds:125 - Set database path to: C:\Users\bakra\.stmcufinder\plugins\mcufinder//mcu/
2024-07-15 22:04:36,178 [WARN] DbFile:41 - Overriding database path with different value: C:\Users\bakra\.stmcufinder\plugins\mcufinder/ => C:\Users\bakra\.stmcufinder\plugins\mcufinder
2024-07-15 22:04:36,178 [WARN] DbFile:41 - Overriding database path with different value: C:\Users\bakra\.stmcufinder\plugins\mcufinder/ => C:\Users\bakra\.stmcufinder\plugins\mcufinder
2024-07-15 22:04:36,178 [INFO] CrossReferenceDbSqlite:203 - Set database path to: C:\Users\bakra\.stmcufinder\plugins\mcufinder//mcu/cs/
2024-07-15 22:04:36,194 [INFO] ApplicationProperties:184 - Using Application install path: C:\ST\STM32CubeIDE_1.11.2\STM32CubeIDE\plugins\com.st.stm32cube.common.mx_6.12.0.202406281431
2024-07-15 22:04:36,195 [INFO] PluginManage:196 - Search for loadable plugins [exclusion list=, ]
2024-07-15 22:04:36,197 [INFO] PluginManage:310 - Check plugin analytics
2024-07-15 22:04:36,356 [INFO] AnalyticsPlugin:253 - Accepted Software Licenses: 
2024-07-15 22:04:36,356 [INFO] AnalyticsPlugin:255 - Accepted CMSIS Pack Licenses: 
2024-07-15 22:04:36,358 [INFO] AnalyticsPlugin:257 - Accepted Firmware Licenses: 
2024-07-15 22:04:36,359 [INFO] PluginManage:359 - Loaded plugin analytics (category:tool,tabindex:-1)
2024-07-15 22:04:36,360 [INFO] PluginManage:310 - Check plugin cadmodel
2024-07-15 22:04:36,374 [INFO] CADModel:105 - Init CAD model plugin
2024-07-15 22:04:36,374 [INFO] PluginManage:359 - Loaded plugin cadmodel (category:power,tabindex:5)
2024-07-15 22:04:36,374 [INFO] PluginManage:310 - Check plugin clock
2024-07-15 22:04:36,394 [INFO] PluginManage:359 - Loaded plugin clock (category:base,tabindex:2)
2024-07-15 22:04:36,394 [INFO] PluginManage:310 - Check plugin ddr
2024-07-15 22:04:36,397 [INFO] PluginManage:359 - Loaded plugin ddr (category:tool,tabindex:6)
2024-07-15 22:04:36,397 [INFO] PluginManage:310 - Check plugin filemanager
2024-07-15 22:04:36,522 [INFO] PluginManage:359 - Loaded plugin filemanager (category:base,tabindex:10)
2024-07-15 22:04:36,522 [INFO] PluginManage:310 - Check plugin ipmanager
2024-07-15 22:04:36,528 [INFO] PluginManage:359 - Loaded plugin ipmanager (category:base,tabindex:5)
2024-07-15 22:04:36,528 [INFO] PluginManage:310 - Check plugin lpbam
2024-07-15 22:04:36,546 [INFO] PluginManage:359 - Loaded plugin lpbam (category:base,tabindex:0)
2024-07-15 22:04:36,546 [INFO] PluginManage:310 - Check plugin memorymap
2024-07-15 22:04:36,570 [INFO] PluginManage:359 - Loaded plugin memorymap (category:base,tabindex:4)
2024-07-15 22:04:36,570 [INFO] PluginManage:310 - Check plugin pinoutandconfiguration
2024-07-15 22:04:36,586 [INFO] PluginManage:359 - Loaded plugin pinoutandconfiguration (category:base,tabindex:1)
2024-07-15 22:04:36,587 [INFO] PluginManage:310 - Check plugin pinoutconfig
2024-07-15 22:04:36,672 [WARN] SupportedApi:132 - Cannot load RTOS API schema: s4s-elt-must-match.1: The content of 'definitions' must match (annotation?, (simpleType | complexType)?, (unique | key | keyref)*)). A problem was found starting at: attribute.
2024-07-15 22:04:36,781 [INFO] PluginManage:359 - Loaded plugin pinoutconfig (category:base,tabindex:0)
2024-07-15 22:04:36,781 [INFO] PluginManage:310 - Check plugin power
2024-07-15 22:04:36,802 [INFO] PluginManage:359 - Loaded plugin power (category:power,tabindex:4)
2024-07-15 22:04:36,802 [INFO] PluginManage:310 - Check plugin projectmanager
2024-07-15 22:04:36,815 [INFO] PluginManage:359 - Loaded plugin projectmanager (category:projectmanager,tabindex:4)
2024-07-15 22:04:36,817 [INFO] PluginManage:310 - Check plugin rif
2024-07-15 22:04:36,832 [INFO] PluginManage:359 - Loaded plugin rif (category:base,tabindex:3)
2024-07-15 22:04:36,833 [INFO] PluginManage:310 - Check plugin thirdparty
2024-07-15 22:04:37,097 [INFO] PluginManage:359 - Loaded plugin thirdparty (category:base,tabindex:-1)
2024-07-15 22:04:37,097 [WARN] IntegrityCheckThread:84 - waiting for thirdparty lock release [integrity check]
2024-07-15 22:04:37,098 [INFO] IntegrityCheckThread:86 - entering critical section [integrity check]
2024-07-15 22:04:37,098 [INFO] PluginManage:310 - Check plugin tools
2024-07-15 22:04:37,098 [INFO] ThirdPartyUpdaterWithRetryManager:70 - Updater plugin not ready yet. [1/15]
2024-07-15 22:04:37,140 [INFO] PluginManage:359 - Loaded plugin tools (category:base,tabindex:7)
2024-07-15 22:04:37,140 [INFO] PluginManage:310 - Check plugin tutovideos
2024-07-15 22:04:37,341 [INFO] PluginManage:359 - Loaded plugin tutovideos (category:base,tabindex:-1)
2024-07-15 22:04:37,341 [INFO] PluginManage:310 - Check plugin updater
2024-07-15 22:04:37,361 [INFO] PluginManage:359 - Loaded plugin updater (category:base,tabindex:12)
2024-07-15 22:04:37,361 [INFO] PluginManage:310 - Check plugin userauth
2024-07-15 22:04:37,368 [INFO] UserAuth:113 - Init User Auth plugin
2024-07-15 22:04:37,368 [INFO] PluginManage:359 - Loaded plugin userauth (category:base,tabindex:14)
2024-07-15 22:04:37,368 [INFO] PluginManage:283 - PluginManage : Loaded plugins [18]
2024-07-15 22:04:37,576 [INFO] PinOutPanel:1561 - setPackage(No Configuration,No Configuration)
2024-07-15 22:04:37,660 [INFO] CADModel:165 - CPN selected for project level
2024-07-15 22:04:37,661 [INFO] CADModel:114 - Register for checkConnection events
2024-07-15 22:04:37,685 [INFO] IPUIPlugin:80 - create IPUIPlugin
2024-07-15 22:04:37,685 [INFO] PluginManager:220 - loadIPPluginJar : add adc
2024-07-15 22:04:37,719 [INFO] IPUIPlugin:80 - create IPUIPlugin
2024-07-15 22:04:37,719 [INFO] PluginManager:220 - loadIPPluginJar : add aes
2024-07-15 22:04:37,753 [INFO] IPUIPlugin:80 - create IPUIPlugin
2024-07-15 22:04:37,753 [INFO] PluginManager:220 - loadIPPluginJar : add can
2024-07-15 22:04:37,773 [INFO] IPUIPlugin:80 - create IPUIPlugin
2024-07-15 22:04:37,773 [INFO] PluginManager:220 - loadIPPluginJar : add comp
2024-07-15 22:04:37,800 [INFO] IPUIPlugin:80 - create IPUIPlugin
2024-07-15 22:04:37,800 [INFO] PluginManager:220 - loadIPPluginJar : add cryp
2024-07-15 22:04:37,811 [INFO] IPUIPlugin:80 - create IPUIPlugin
2024-07-15 22:04:37,812 [INFO] PluginManager:220 - loadIPPluginJar : add ddr_ctrl_phy
2024-07-15 22:04:37,835 [INFO] IPUIPlugin:80 - create IPUIPlugin
2024-07-15 22:04:37,835 [INFO] PluginManager:220 - loadIPPluginJar : add dfsdm
2024-07-15 22:04:37,847 [INFO] IPUIPlugin:80 - create IPUIPlugin
2024-07-15 22:04:37,847 [INFO] PluginManager:220 - loadIPPluginJar : add dma
2024-07-15 22:04:37,884 [INFO] IPUIPlugin:80 - create IPUIPlugin
2024-07-15 22:04:37,884 [INFO] PluginManager:220 - loadIPPluginJar : add dma3
2024-07-15 22:04:37,924 [INFO] IPUIPlugin:80 - create IPUIPlugin
2024-07-15 22:04:37,924 [INFO] PluginManager:220 - loadIPPluginJar : add extmemmanager
2024-07-15 22:04:37,943 [INFO] IPUIPlugin:80 - create IPUIPlugin
2024-07-15 22:04:37,943 [INFO] PluginManager:220 - loadIPPluginJar : add fatfs
2024-07-15 22:04:37,985 [INFO] IPUIPlugin:80 - create IPUIPlugin
2024-07-15 22:04:37,985 [INFO] PluginManager:220 - loadIPPluginJar : add fmc
2024-07-15 22:04:37,998 [INFO] IPUIPlugin:80 - create IPUIPlugin
2024-07-15 22:04:37,998 [INFO] PluginManager:220 - loadIPPluginJar : add freertos
2024-07-15 22:04:38,017 [INFO] IPUIPlugin:80 - create IPUIPlugin
2024-07-15 22:04:38,017 [INFO] PluginManager:220 - loadIPPluginJar : add genericplugin
2024-07-15 22:04:38,097 [INFO] IPUIPlugin:80 - create IPUIPlugin
2024-07-15 22:04:38,097 [INFO] PluginManager:220 - loadIPPluginJar : add gfxmmu
2024-07-15 22:04:38,214 [INFO] IPUIPlugin:80 - create IPUIPlugin
2024-07-15 22:04:38,215 [INFO] PluginManager:220 - loadIPPluginJar : add gic
2024-07-15 22:04:38,229 [INFO] IPUIPlugin:80 - create IPUIPlugin
2024-07-15 22:04:38,229 [INFO] PluginManager:220 - loadIPPluginJar : add gpio
2024-07-15 22:04:38,334 [INFO] IPUIPlugin:80 - create IPUIPlugin
2024-07-15 22:04:38,334 [INFO] PluginManager:220 - loadIPPluginJar : add gtzc
2024-07-15 22:04:38,364 [INFO] IPUIPlugin:80 - create IPUIPlugin
2024-07-15 22:04:38,364 [INFO] PluginManager:220 - loadIPPluginJar : add hash
2024-07-15 22:04:38,412 [INFO] IPUIPlugin:80 - create IPUIPlugin
2024-07-15 22:04:38,412 [INFO] PluginManager:220 - loadIPPluginJar : add i2c
2024-07-15 22:04:38,448 [INFO] IPUIPlugin:80 - create IPUIPlugin
2024-07-15 22:04:38,448 [INFO] PluginManager:220 - loadIPPluginJar : add i2s
2024-07-15 22:04:38,487 [INFO] IPUIPlugin:80 - create IPUIPlugin
2024-07-15 22:04:38,487 [INFO] PluginManager:220 - loadIPPluginJar : add i3c
2024-07-15 22:04:38,579 [INFO] IPUIPlugin:80 - create IPUIPlugin
2024-07-15 22:04:38,579 [INFO] PluginManager:220 - loadIPPluginJar : add ipddr
2024-07-15 22:04:38,656 [INFO] IPUIPlugin:80 - create IPUIPlugin
2024-07-15 22:04:38,657 [INFO] PluginManager:220 - loadIPPluginJar : add linkedlist
2024-07-15 22:04:38,686 [INFO] IPUIPlugin:80 - create IPUIPlugin
2024-07-15 22:04:38,686 [INFO] PluginManager:220 - loadIPPluginJar : add lorawan
2024-07-15 22:04:38,718 [INFO] IPUIPlugin:80 - create IPUIPlugin
2024-07-15 22:04:38,718 [INFO] PluginManager:220 - loadIPPluginJar : add ltdc
2024-07-15 22:04:38,730 [INFO] IPUIPlugin:80 - create IPUIPlugin
2024-07-15 22:04:38,730 [INFO] PluginManager:220 - loadIPPluginJar : add mdma
2024-07-15 22:04:38,742 [INFO] IPUIPlugin:80 - create IPUIPlugin
2024-07-15 22:04:38,742 [INFO] PluginManager:220 - loadIPPluginJar : add nvic
2024-07-15 22:04:38,771 [INFO] IPUIPlugin:80 - create IPUIPlugin
2024-07-15 22:04:38,772 [INFO] PluginManager:220 - loadIPPluginJar : add opamp
2024-07-15 22:04:38,822 [INFO] IPUIPlugin:80 - create IPUIPlugin
2024-07-15 22:04:38,822 [INFO] PluginManager:220 - loadIPPluginJar : add openamp
2024-07-15 22:04:38,863 [INFO] IPUIPlugin:80 - create IPUIPlugin
2024-07-15 22:04:38,863 [INFO] PluginManager:220 - loadIPPluginJar : add pdm2pcm
2024-07-15 22:04:38,877 [INFO] IPUIPlugin:80 - create IPUIPlugin
2024-07-15 22:04:38,879 [INFO] PluginManager:220 - loadIPPluginJar : add plateformsettings
2024-07-15 22:04:38,899 [INFO] IPUIPlugin:80 - create IPUIPlugin
2024-07-15 22:04:38,899 [INFO] PluginManager:220 - loadIPPluginJar : add quadspi
2024-07-15 22:04:38,920 [INFO] IPUIPlugin:80 - create IPUIPlugin
2024-07-15 22:04:38,921 [INFO] PluginManager:220 - loadIPPluginJar : add radio
2024-07-15 22:04:38,932 [INFO] IPUIPlugin:80 - create IPUIPlugin
2024-07-15 22:04:38,932 [INFO] PluginManager:220 - loadIPPluginJar : add resmgrutility
2024-07-15 22:04:38,969 [INFO] IPUIPlugin:80 - create IPUIPlugin
2024-07-15 22:04:38,969 [INFO] PluginManager:220 - loadIPPluginJar : add sai
2024-07-15 22:04:38,998 [INFO] IPUIPlugin:80 - create IPUIPlugin
2024-07-15 22:04:38,998 [INFO] PluginManager:220 - loadIPPluginJar : add spi
2024-07-15 22:04:39,053 [INFO] IPUIPlugin:80 - create IPUIPlugin
2024-07-15 22:04:39,053 [INFO] PluginManager:220 - loadIPPluginJar : add stm32_wpan
2024-07-15 22:04:39,074 [INFO] IPUIPlugin:80 - create IPUIPlugin
2024-07-15 22:04:39,074 [INFO] PluginManager:220 - loadIPPluginJar : add tim
2024-07-15 22:04:39,122 [INFO] IPUIPlugin:80 - create IPUIPlugin
2024-07-15 22:04:39,123 [INFO] PluginManager:220 - loadIPPluginJar : add touchsensing
2024-07-15 22:04:39,143 [INFO] IPUIPlugin:80 - create IPUIPlugin
2024-07-15 22:04:39,143 [INFO] PluginManager:220 - loadIPPluginJar : add tracer_emb
2024-07-15 22:04:39,165 [INFO] IPUIPlugin:80 - create IPUIPlugin
2024-07-15 22:04:39,165 [INFO] PluginManager:220 - loadIPPluginJar : add ts
2024-07-15 22:04:39,188 [INFO] IPUIPlugin:80 - create IPUIPlugin
2024-07-15 22:04:39,188 [INFO] PluginManager:220 - loadIPPluginJar : add tsc
2024-07-15 22:04:39,208 [INFO] IPUIPlugin:80 - create IPUIPlugin
2024-07-15 22:04:39,208 [INFO] PluginManager:220 - loadIPPluginJar : add ucpd
2024-07-15 22:04:39,249 [INFO] IPUIPlugin:80 - create IPUIPlugin
2024-07-15 22:04:39,249 [INFO] PluginManager:220 - loadIPPluginJar : add usart
2024-07-15 22:04:39,298 [INFO] IPUIPlugin:80 - create IPUIPlugin
2024-07-15 22:04:39,299 [INFO] PluginManager:220 - loadIPPluginJar : add usbx
2024-07-15 22:04:39,418 [INFO] CADModel:165 - CPN selected for project level
2024-07-15 22:04:39,418 [INFO] CADModel:114 - Register for checkConnection events
2024-07-15 22:04:39,418 [FATAL] Updater:334 - Updater called before beeing initialized
2024-07-15 22:04:39,418 [ERROR] CADModel:125 - Updater not yet initialized, retry later 
2024-07-15 22:04:39,532 [INFO] CADModel:165 - CPN selected for project level
2024-07-15 22:04:39,532 [INFO] CADModel:114 - Register for checkConnection events
2024-07-15 22:04:39,532 [FATAL] Updater:334 - Updater called before beeing initialized
2024-07-15 22:04:39,533 [ERROR] CADModel:125 - Updater not yet initialized, retry later 
2024-07-15 22:04:39,535 [FATAL] Updater:334 - Updater called before beeing initialized
2024-07-15 22:04:39,619 [FATAL] Updater:334 - Updater called before beeing initialized
2024-07-15 22:04:39,629 [INFO] DbMcusAds:53 - JSON generation date=Thu Sep 30 02:55:09 EDT 2021 (1632984909247)
2024-07-15 22:04:39,629 [FATAL] Updater:334 - Updater called before beeing initialized
2024-07-15 22:04:39,667 [WARN] DetailPanel:346 - Failed to get advertising image, set to default
2024-07-15 22:04:39,740 [FATAL] Updater:334 - Updater called before beeing initialized
2024-07-15 22:04:39,743 [FATAL] Updater:334 - Updater called before beeing initialized
2024-07-15 22:04:39,743 [FATAL] Updater:334 - Updater called before beeing initialized
2024-07-15 22:04:39,743 [WARN] DetailPanel:346 - Failed to get advertising image, set to default
2024-07-15 22:04:39,744 [FATAL] Updater:334 - Updater called before beeing initialized
2024-07-15 22:04:39,795 [ERROR] Updater:1164 - MainUpdater not yet initialized. External WinMGr cannot be set.
2024-07-15 22:04:39,806 [INFO] Updater:1100 - Updater Version found : 6.12.0
2024-07-15 22:04:39,824 [INFO] ApplicationProperties:184 - Using Application install path: C:\ST\STM32CubeIDE_1.11.2\STM32CubeIDE\plugins\com.st.stm32cube.common.mx_6.12.0.202406281431
2024-07-15 22:04:40,098 [INFO] ThirdPartyUpdaterWithRetryManager:70 - Updater plugin not ready yet. [2/15]
2024-07-15 22:04:41,403 [ERROR] LogOutputStream:75 - [STDERR_REDIRECT] Jul 15, 2024 10:04:41 PM java.util.prefs.WindowsPreferences <init>
2024-07-15 22:04:41,405 [ERROR] LogOutputStream:75 - [STDERR_REDIRECT] WARNING: Could not open/create prefs root node Software\JavaSoft\Prefs at root 0xffffffff80000002. Windows RegCreateKeyEx(...) returned error code 5.
2024-07-15 22:04:41,405 [ERROR] LogOutputStream:75 - [STDERR_REDIRECT] 
2024-07-15 22:04:42,452 [INFO] MainUpdater:2873 - connection check result : 10
2024-07-15 22:04:42,452 [INFO] MainUpdater:3567 - Updater definition file requires update
2024-07-15 22:04:42,454 [INFO] MainUpdater:290 - Updater Check For Update Now.
2024-07-15 22:04:42,454 [INFO] MicroXplorer:498 - Change Database Version : DB.6.0.120
2024-07-15 22:04:42,472 [INFO] McuFinderGlobals:63 - Set McuFinder mode to 2 (CubeIDE integrated)
2024-07-15 22:04:42,477 [INFO] UserAuth:417 - Internet connection configuration mode: 1
2024-07-15 22:04:42,503 [INFO] JxBrowserEngine:152 - Initiate JxBrowser Engine with user profile folder
2024-07-15 22:04:43,099 [WARN] MainUpdater:1194 - Updater busy. Cannot search thirdparties
2024-07-15 22:04:43,099 [INFO] ThirdPartyUpdaterWithRetryManager:96 - Updater plugin is busy. [1/15]
2024-07-15 22:04:43,395 [INFO] ServerAccessManage:473 - Download File updaters.zip
2024-07-15 22:04:43,494 [INFO] FileExtend:240 - Unzip File : updaters.zip
2024-07-15 22:04:43,494 [INFO] FileExtend:255 - Standard Zip Deflate
2024-07-15 22:04:44,330 [INFO] ServerAccessManage:473 - Download File PacksControlFlags.xml
2024-07-15 22:04:44,769 [INFO] ServerAccessManage:473 - Download File cubemx.pidx
2024-07-15 22:04:44,882 [INFO] LoadServerUpdatesThread:375 - End of LoadServerUpdate Thread
2024-07-15 22:04:45,065 [INFO] CheckServerUpdateThread:120 - End of CheckServer Thread
2024-07-15 22:04:45,520 [INFO] WebApp:167 - Instantiating new browser for Auth
2024-07-15 22:04:46,348 [INFO] WebApp:448 - Apply proxy settings
2024-07-15 22:04:46,350 [INFO] WebApp:533 - Chromium requires no authentication
2024-07-15 22:04:46,363 [INFO] WebApp:476 - Direct internet connection detected
2024-07-15 22:04:46,366 [WARN] PackLoader:240 - Cannot read IP mode file for STMicroelectronics.FP-SNS-MOTENVWB1.1.4.0
2024-07-15 22:04:46,388 [WARN] PackLoader:240 - Cannot read IP mode file for STMicroelectronics.X-CUBE-SMBUS.2.1.0
2024-07-15 22:04:46,399 [INFO] WebApp:869 - Register for checkConnection events
2024-07-15 22:04:46,399 [INFO] WebApp:448 - Apply proxy settings
2024-07-15 22:04:46,399 [INFO] WebApp:533 - Chromium requires no authentication
2024-07-15 22:04:46,400 [INFO] WebApp:476 - Direct internet connection detected
2024-07-15 22:04:46,405 [WARN] PackLoader:240 - Cannot read IP mode file for STMicroelectronics.X-CUBE-TOUCHGFX.4.23.0
2024-07-15 22:04:46,419 [WARN] PackLoader:240 - Cannot read IP mode file for STMicroelectronics.X-CUBE-TOUCHGFX.4.23.2
2024-07-15 22:04:46,471 [WARN] PackLoader:240 - Cannot read IP mode file for STMicroelectronics.X-CUBE-AZRTOS-F7.1.1.0
2024-07-15 22:04:46,498 [ERROR] RealEvaluatedCondition:428 - Found unsupported composite condition: CLASS='Data Exchange' GROUP='STM32_MetaDataManager'
2024-07-15 22:04:46,498 [ERROR] RealEvaluatedCondition:428 - Found unsupported composite condition: CLASS='Data Exchange' GROUP='STM32_MetaDataManager'
2024-07-15 22:04:46,501 [WARN] PackLoader:240 - Cannot read IP mode file for STMicroelectronics.FP-SNS-MOTENV1.4.3.0
2024-07-15 22:04:46,522 [WARN] PackLoader:240 - Cannot read IP mode file for STMicroelectronics.FP-SNS-MOTENV1.4.3.2
2024-07-15 22:04:46,541 [WARN] PackLoader:240 - Cannot read IP mode file for STMicroelectronics.FP-SNS-FLIGHT1.5.0.0
2024-07-15 22:04:46,558 [ERROR] RealEvaluatedCondition:428 - Found unsupported composite condition: CLASS='Data Exchange' GROUP='STM32_MetaDataManager'
2024-07-15 22:04:46,558 [ERROR] RealEvaluatedCondition:428 - Found unsupported composite condition: CLASS='Data Exchange' GROUP='STM32_MetaDataManager'
2024-07-15 22:04:46,560 [WARN] PackLoader:240 - Cannot read IP mode file for STMicroelectronics.FP-SNS-MOTENV1.4.3.1
2024-07-15 22:04:46,576 [WARN] PackLoader:240 - Cannot read IP mode file for STMicroelectronics.FP-SNS-FLIGHT1.5.0.1
2024-07-15 22:04:46,596 [WARN] PackLoader:240 - Cannot read IP mode file for STMicroelectronics.X-CUBE-BLE1.6.2.4
2024-07-15 22:04:46,610 [WARN] PackLoader:240 - Cannot read IP mode file for STMicroelectronics.FP-SNS-FLIGHT1.5.0.2
2024-07-15 22:04:46,634 [WARN] PackLoader:240 - Cannot read IP mode file for STMicroelectronics.X-CUBE-DISPLAY.3.0.0
2024-07-15 22:04:46,640 [INFO] WebApp:186 - Connection restablished
2024-07-15 22:04:46,662 [WARN] PackLoader:240 - Cannot read IP mode file for STMicroelectronics.X-CUBE-BLE1.7.0.0
2024-07-15 22:04:46,675 [WARN] PackLoader:240 - Cannot read IP mode file for STMicroelectronics.X-CUBE-TOUCHGFX.4.22.0
2024-07-15 22:04:46,691 [WARN] PackLoader:240 - Cannot read IP mode file for STMicroelectronics.X-CUBE-TOUCHGFX.4.22.1
2024-07-15 22:04:46,710 [WARN] PackLoader:240 - Cannot read IP mode file for STMicroelectronics.X-CUBE-BLEMGR.3.1.0
2024-07-15 22:04:46,731 [WARN] PackLoader:240 - Cannot read IP mode file for STMicroelectronics.FP-SNS-SMARTAG2.1.2.0
2024-07-15 22:04:46,759 [INFO] LogOutputStream:77 - [STDOUT_REDIRECT] 1 : Invalid condition id : UX_CORESTACK_Condition cause : null
2024-07-15 22:04:46,760 [INFO] LogOutputStream:77 - [STDOUT_REDIRECT] 1 : Invalid condition id : UX_CORESTACK_Condition cause : null
2024-07-15 22:04:46,761 [INFO] LogOutputStream:77 - [STDOUT_REDIRECT] 1 : Invalid condition id : UX_CORESTACK_Condition cause : null
2024-07-15 22:04:46,762 [INFO] LogOutputStream:77 - [STDOUT_REDIRECT] 1 : Invalid condition id : UX_CORESTACK_Condition cause : null
2024-07-15 22:04:46,763 [INFO] LogOutputStream:77 - [STDOUT_REDIRECT] 1 : Invalid condition id : UX_CORESTACK_Condition cause : null
2024-07-15 22:04:46,767 [WARN] PackLoader:240 - Cannot read IP mode file for STMicroelectronics.X-CUBE-AZRTOS-WL.2.0.0
2024-07-15 22:04:46,781 [INFO] WebApp:220 - Starting web application
2024-07-15 22:04:46,781 [INFO] WebApp:578 - Web application path used C:\ST\STM32CubeIDE_1.11.2\STM32CubeIDE\plugins\com.st.stm32cube.common.mx_6.12.0.202406281431\db\plugins\mcufinder\reactClient1\index.html
2024-07-15 22:04:46,790 [WARN] PackLoader:240 - Cannot read IP mode file for STMicroelectronics.FP-SNS-MOTENV1.5.0.0
2024-07-15 22:04:46,811 [WARN] PackLoader:240 - Cannot read IP mode file for wolfSSL.I-CUBE-wolfMQTT.1.19.0
2024-07-15 22:04:46,833 [WARN] PackLoader:240 - Cannot read IP mode file for WES.I-CUBE-Cesium.1.3.0
2024-07-15 22:04:46,851 [WARN] PackLoader:240 - Cannot read IP mode file for STMicroelectronics.X-CUBE-BLE2.3.3.0
2024-07-15 22:04:46,882 [WARN] PackLoader:240 - Cannot read IP mode file for STMicroelectronics.X-CUBE-TOF1.3.2.0
2024-07-15 22:04:46,910 [WARN] PackLoader:240 - Cannot read IP mode file for STMicroelectronics.X-CUBE-TCPP.4.1.0
2024-07-15 22:04:46,929 [WARN] PackLoader:240 - Cannot read IP mode file for STMicroelectronics.X-CUBE-TOUCHGFX.4.21.1
2024-07-15 22:04:46,947 [WARN] PackLoader:240 - Cannot read IP mode file for STMicroelectronics.X-CUBE-TOUCHGFX.4.21.3
2024-07-15 22:04:46,948 [INFO] UserAuth:417 - Internet connection configuration mode: 1
2024-07-15 22:04:46,963 [WARN] PackLoader:240 - Cannot read IP mode file for STMicroelectronics.X-CUBE-TOUCHGFX.4.21.4
2024-07-15 22:04:46,985 [WARN] PackLoader:240 - Cannot read IP mode file for STMicroelectronics.X-CUBE-ALGOBUILD.1.3.0
2024-07-15 22:04:47,019 [WARN] PackLoader:240 - Cannot read IP mode file for STMicroelectronics.X-CUBE-AZRTOS-G0.1.1.0
2024-07-15 22:04:47,040 [WARN] PackLoader:240 - Cannot read IP mode file for STMicroelectronics.X-CUBE-SAFEA1.1.2.2
2024-07-15 22:04:47,060 [WARN] PackLoader:240 - Cannot read IP mode file for STMicroelectronics.X-CUBE-NFC4.3.0.0
2024-07-15 22:04:47,075 [WARN] PackLoader:240 - Cannot read IP mode file for wolfSSL.I-CUBE-wolfMQTT.1.18.0
2024-07-15 22:04:47,098 [WARN] PackLoader:240 - Cannot read IP mode file for EmbeddedOffice.I-CUBE-FS-RTOS.1.0.1
2024-07-15 22:04:47,099 [ERROR] ConditionMgr:805 - Attr not supported : Dmpu
2024-07-15 22:04:47,099 [ERROR] ConditionMgr:805 - Attr not supported : Dmpu
2024-07-15 22:04:47,099 [ERROR] ConditionMgr:805 - Attr not supported : Dmpu
2024-07-15 22:04:47,099 [ERROR] ConditionMgr:805 - Attr not supported : Dmpu
2024-07-15 22:04:47,099 [ERROR] ConditionMgr:805 - Attr not supported : Dmpu
2024-07-15 22:04:47,099 [ERROR] ConditionMgr:805 - Attr not supported : Dmpu
2024-07-15 22:04:47,099 [ERROR] ConditionMgr:805 - Attr not supported : Dmpu
2024-07-15 22:04:47,099 [ERROR] ConditionMgr:805 - Attr not supported : Dmpu
2024-07-15 22:04:47,099 [ERROR] ConditionMgr:805 - Attr not supported : Dmpu
2024-07-15 22:04:47,099 [ERROR] ConditionMgr:805 - Attr not supported : Dmpu
2024-07-15 22:04:47,099 [ERROR] ConditionMgr:805 - Attr not supported : Dmpu
2024-07-15 22:04:47,099 [ERROR] ConditionMgr:805 - Attr not supported : Dmpu
2024-07-15 22:04:47,099 [ERROR] ConditionMgr:805 - Attr not supported : Dmpu
2024-07-15 22:04:47,099 [ERROR] ConditionMgr:805 - Attr not supported : Dmpu
2024-07-15 22:04:47,099 [ERROR] ConditionMgr:805 - Attr not supported : Dmpu
2024-07-15 22:04:47,099 [ERROR] ConditionMgr:805 - Attr not supported : Dmpu
2024-07-15 22:04:47,099 [ERROR] ConditionMgr:805 - Attr not supported : Dmpu
2024-07-15 22:04:47,099 [ERROR] ConditionMgr:805 - Attr not supported : Dmpu
2024-07-15 22:04:47,099 [ERROR] ConditionMgr:805 - Attr not supported : Dmpu
2024-07-15 22:04:47,099 [ERROR] ConditionMgr:805 - Attr not supported : Dmpu
2024-07-15 22:04:47,100 [ERROR] ConditionMgr:805 - Attr not supported : Dmpu
2024-07-15 22:04:47,100 [ERROR] ConditionMgr:805 - Attr not supported : Dmpu
2024-07-15 22:04:47,100 [ERROR] ConditionMgr:805 - Attr not supported : Dmpu
2024-07-15 22:04:47,100 [ERROR] ConditionMgr:805 - Attr not supported : Dmpu
2024-07-15 22:04:47,100 [ERROR] ConditionMgr:805 - Attr not supported : Dmpu
2024-07-15 22:04:47,100 [ERROR] ConditionMgr:805 - Attr not supported : Dmpu
2024-07-15 22:04:47,100 [ERROR] ConditionMgr:805 - Attr not supported : Dmpu
2024-07-15 22:04:47,100 [ERROR] ConditionMgr:805 - Attr not supported : Dmpu
2024-07-15 22:04:47,100 [ERROR] ConditionMgr:805 - Attr not supported : Dmpu
2024-07-15 22:04:47,100 [ERROR] ConditionMgr:805 - Attr not supported : Dmpu
2024-07-15 22:04:47,100 [ERROR] ConditionMgr:805 - Attr not supported : Dmpu
2024-07-15 22:04:47,100 [ERROR] ConditionMgr:805 - Attr not supported : Dmpu
2024-07-15 22:04:47,100 [ERROR] ConditionMgr:805 - Attr not supported : Dmpu
2024-07-15 22:04:47,100 [ERROR] ConditionMgr:805 - Attr not supported : Dmpu
2024-07-15 22:04:47,100 [ERROR] ConditionMgr:805 - Attr not supported : Dmpu
2024-07-15 22:04:47,100 [ERROR] ConditionMgr:805 - Attr not supported : Dmpu
2024-07-15 22:04:47,100 [ERROR] ConditionMgr:805 - Attr not supported : Dmpu
2024-07-15 22:04:47,100 [ERROR] ConditionMgr:805 - Attr not supported : Dmpu
2024-07-15 22:04:47,100 [ERROR] ConditionMgr:805 - Attr not supported : Dmpu
2024-07-15 22:04:47,100 [ERROR] ConditionMgr:805 - Attr not supported : Dmpu
2024-07-15 22:04:47,100 [ERROR] ConditionMgr:805 - Attr not supported : Dmpu
2024-07-15 22:04:47,100 [ERROR] ConditionMgr:805 - Attr not supported : Dmpu
2024-07-15 22:04:47,101 [ERROR] ConditionMgr:805 - Attr not supported : Dmpu
2024-07-15 22:04:47,101 [ERROR] ConditionMgr:805 - Attr not supported : Dmpu
2024-07-15 22:04:47,101 [ERROR] ConditionMgr:805 - Attr not supported : Dmpu
2024-07-15 22:04:47,101 [ERROR] ConditionMgr:805 - Attr not supported : Dmpu
2024-07-15 22:04:47,101 [ERROR] ConditionMgr:805 - Attr not supported : Dmpu
2024-07-15 22:04:47,101 [ERROR] ConditionMgr:805 - Attr not supported : Dmpu
2024-07-15 22:04:47,101 [ERROR] ConditionMgr:805 - Attr not supported : Dmpu
2024-07-15 22:04:47,101 [ERROR] ConditionMgr:805 - Attr not supported : Dmpu
2024-07-15 22:04:47,101 [ERROR] ConditionMgr:805 - Attr not supported : Dmpu
2024-07-15 22:04:47,101 [ERROR] ConditionMgr:805 - Attr not supported : Dmpu
2024-07-15 22:04:47,101 [ERROR] ConditionMgr:805 - Attr not supported : Dmpu
2024-07-15 22:04:47,101 [ERROR] ConditionMgr:805 - Attr not supported : Dmpu
2024-07-15 22:04:47,101 [ERROR] ConditionMgr:805 - Attr not supported : Dmpu
2024-07-15 22:04:47,101 [ERROR] ConditionMgr:805 - Attr not supported : Dmpu
2024-07-15 22:04:47,101 [ERROR] ConditionMgr:805 - Attr not supported : Dmpu
2024-07-15 22:04:47,101 [ERROR] ConditionMgr:805 - Attr not supported : Dmpu
2024-07-15 22:04:47,101 [ERROR] ConditionMgr:805 - Attr not supported : Dmpu
2024-07-15 22:04:47,101 [ERROR] ConditionMgr:805 - Attr not supported : Dmpu
2024-07-15 22:04:47,101 [ERROR] ConditionMgr:805 - Attr not supported : Dmpu
2024-07-15 22:04:47,101 [ERROR] ConditionMgr:805 - Attr not supported : Dmpu
2024-07-15 22:04:47,101 [ERROR] ConditionMgr:805 - Attr not supported : Dmpu
2024-07-15 22:04:47,101 [ERROR] ConditionMgr:805 - Attr not supported : Dmpu
2024-07-15 22:04:47,123 [WARN] PackLoader:240 - Cannot read IP mode file for STMicroelectronics.X-CUBE-BLEMGR.3.0.0
2024-07-15 22:04:47,145 [WARN] PackLoader:240 - Cannot read IP mode file for STMicroelectronics.X-CUBE-BLEMGR.1.3.0
2024-07-15 22:04:47,162 [WARN] PackLoader:240 - Cannot read IP mode file for RealThread.X-CUBE-RT-Thread_Nano.4.1.1
2024-07-15 22:04:47,177 [WARN] PackLoader:240 - Cannot read IP mode file for STMicroelectronics.FP-ATR-SIGFOX1.3.2.0
2024-07-15 22:04:47,192 [WARN] PackLoader:240 - Cannot read IP mode file for STMicroelectronics.X-CUBE-EEPRMA1.5.1.0
2024-07-15 22:04:47,254 [WARN] PackLoader:240 - Cannot read IP mode file for STMicroelectronics.X-CUBE-MEMS1.9.5.0
2024-07-15 22:04:47,414 [WARN] PackLoader:240 - Cannot read IP mode file for SEGGER.I-CUBE-embOS.1.3.1
2024-07-15 22:04:47,458 [WARN] PackLoader:240 - Cannot read IP mode file for STMicroelectronics.X-CUBE-ALGOBUILD.1.4.0
2024-07-15 22:04:47,480 [WARN] PackLoader:240 - Cannot read IP mode file for STMicroelectronics.X-CUBE-GNSS1.6.0.0
2024-07-15 22:04:47,510 [WARN] PackLoader:240 - Cannot read IP mode file for STMicroelectronics.X-CUBE-AZRTOS-F4.1.1.0
2024-07-15 22:04:47,529 [WARN] PackLoader:240 - Cannot read IP mode file for STMicroelectronics.X-CUBE-FREERTOS.1.2.0
2024-07-15 22:04:47,567 [WARN] PackLoader:240 - Cannot read IP mode file for STMicroelectronics.X-CUBE-AZRTOS-L5.2.0.0
2024-07-15 22:04:47,638 [WARN] PackLoader:240 - Cannot read IP mode file for STMicroelectronics.X-CUBE-MEMS1.9.6.0
2024-07-15 22:04:47,768 [WARN] PackLoader:240 - Cannot read IP mode file for STMicroelectronics.X-CUBE-EEPRMA1.4.2.0
2024-07-15 22:04:47,788 [WARN] PackLoader:240 - Cannot read IP mode file for STMicroelectronics.X-CUBE-NFC6.3.1.0
2024-07-15 22:04:47,806 [WARN] PackLoader:240 - Cannot read IP mode file for ITTIA_DB.I-CUBE-ITTIADB.8.8.0
2024-07-15 22:04:47,825 [WARN] PackLoader:240 - Cannot read IP mode file for emotas.I-CUBE-CANOPEN.1.1.3
2024-07-15 22:04:47,841 [WARN] PackLoader:240 - Cannot read IP mode file for STMicroelectronics.X-CUBE-BLEMGR.2.0.0
2024-07-15 22:04:47,858 [WARN] PackLoader:240 - Cannot read IP mode file for STMicroelectronics.X-CUBE-DPower.1.2.0
2024-07-15 22:04:47,874 [WARN] PackLoader:240 - Cannot read IP mode file for STMicroelectronics.X-CUBE-AI.9.0.0
2024-07-15 22:04:47,908 [WARN] ConditionMgr:438 - getConditionDescription Invalid condition id : UX DEVICE CLASS RTOS Condition cause : null
2024-07-15 22:04:47,908 [WARN] ConditionMgr:438 - getConditionDescription Invalid condition id : UX DEVICE CLASS RTOS Condition cause : null
2024-07-15 22:04:47,911 [WARN] PackLoader:240 - Cannot read IP mode file for STMicroelectronics.X-CUBE-AZRTOS-H7.3.1.0
2024-07-15 22:04:47,913 [WARN] ConditionMgr:1039 - genDependencies : Invalid condition id : UX DEVICE CLASS RTOS Condition cause : null
2024-07-15 22:04:47,913 [WARN] ConditionMgr:1039 - genDependencies : Invalid condition id : UX DEVICE CLASS RTOS Condition cause : null
2024-07-15 22:04:47,914 [WARN] ConditionMgr:1039 - genDependencies : Invalid condition id : UX DEVICE CLASS RTOS Condition cause : null
2024-07-15 22:04:47,914 [WARN] ConditionMgr:1039 - genDependencies : Invalid condition id : UX DEVICE CLASS RTOS Condition cause : null
2024-07-15 22:04:47,914 [WARN] ConditionMgr:1039 - genDependencies : Invalid condition id : UX DEVICE CLASS RTOS Condition cause : null
2024-07-15 22:04:47,931 [WARN] PackLoader:240 - Cannot read IP mode file for wolfSSL.I-CUBE-wolfSSL.5.5.4
2024-07-15 22:04:47,946 [WARN] PackLoader:240 - Cannot read IP mode file for STMicroelectronics.X-CUBE-NFC7.1.0.1
2024-07-15 22:04:47,959 [WARN] PackLoader:240 - Cannot read IP mode file for STMicroelectronics.X-CUBE-NFC7.1.0.0
2024-07-15 22:04:47,973 [WARN] PackLoader:240 - Cannot read IP mode file for wolfSSL.I-CUBE-wolfTPM.3.2.0
2024-07-15 22:04:47,986 [WARN] PackLoader:240 - Cannot read IP mode file for STMicroelectronics.X-CUBE-NFC6.3.0.0
2024-07-15 22:04:48,001 [WARN] PackLoader:240 - Cannot read IP mode file for STMicroelectronics.X-CUBE-EEPRMA1.4.1.0
2024-07-15 22:04:48,016 [WARN] PackLoader:240 - Cannot read IP mode file for STMicroelectronics.X-CUBE-AI.8.1.0
2024-07-15 22:04:48,047 [WARN] ConditionMgr:438 - getConditionDescription Invalid condition id : LAN8742 Phy interface Condition cause : null
2024-07-15 22:04:48,047 [WARN] PackLoader:240 - Cannot read IP mode file for STMicroelectronics.X-CUBE-AZRTOS-L4.2.0.0
2024-07-15 22:04:48,048 [WARN] ConditionMgr:1039 - genDependencies : Invalid condition id : LAN8742 Phy interface Condition cause : null
2024-07-15 22:04:48,048 [WARN] ConditionMgr:1039 - genDependencies : Invalid condition id : LAN8742 Phy interface Condition cause : null
2024-07-15 22:04:48,049 [WARN] ConditionMgr:1039 - genDependencies : Invalid condition id : LAN8742 Phy interface Condition cause : null
2024-07-15 22:04:48,067 [WARN] PackLoader:240 - Cannot read IP mode file for STMicroelectronics.X-CUBE-SFXS2LP1.4.0.0
2024-07-15 22:04:48,100 [WARN] PackLoader:240 - Cannot read IP mode file for STMicroelectronics.X-CUBE-AZRTOS-H7.3.0.0
2024-07-15 22:04:48,119 [WARN] PackLoader:240 - Cannot read IP mode file for STMicroelectronics.X-CUBE-ISPU.1.1.0
2024-07-15 22:04:48,138 [WARN] PackLoader:240 - Cannot read IP mode file for RoweBots.I-CUBE-UNISONRTOS.5.5.0-4
2024-07-15 22:04:48,151 [WARN] PackLoader:240 - Cannot read IP mode file for STMicroelectronics.X-CUBE-AI.8.0.0
2024-07-15 22:04:48,177 [WARN] ConditionMgr:438 - getConditionDescription Invalid condition id : UX DEVICE CLASS RTOS Condition cause : null
2024-07-15 22:04:48,178 [WARN] ConditionMgr:438 - getConditionDescription Invalid condition id : UX DEVICE CLASS RTOS Condition cause : null
2024-07-15 22:04:48,178 [WARN] PackLoader:240 - Cannot read IP mode file for STMicroelectronics.X-CUBE-AZRTOS-WB.2.0.0
2024-07-15 22:04:48,179 [WARN] ConditionMgr:1039 - genDependencies : Invalid condition id : UX DEVICE CLASS RTOS Condition cause : null
2024-07-15 22:04:48,179 [WARN] ConditionMgr:1039 - genDependencies : Invalid condition id : UX DEVICE CLASS RTOS Condition cause : null
2024-07-15 22:04:48,179 [WARN] ConditionMgr:1039 - genDependencies : Invalid condition id : UX DEVICE CLASS RTOS Condition cause : null
2024-07-15 22:04:48,179 [WARN] ConditionMgr:1039 - genDependencies : Invalid condition id : UX DEVICE CLASS RTOS Condition cause : null
2024-07-15 22:04:48,179 [WARN] ConditionMgr:1039 - genDependencies : Invalid condition id : UX DEVICE CLASS RTOS Condition cause : null
2024-07-15 22:04:48,194 [WARN] PackLoader:240 - Cannot read IP mode file for STMicroelectronics.X-CUBE-FREERTOS.1.0.0
2024-07-15 22:04:48,207 [WARN] PackLoader:240 - Cannot read IP mode file for STMicroelectronics.X-CUBE-FREERTOS.1.0.1
2024-07-15 22:04:48,231 [WARN] PackLoader:240 - Cannot read IP mode file for STMicroelectronics.X-CUBE-AZRTOS-L5.1.1.0
2024-07-15 22:04:48,247 [WARN] PackLoader:240 - Cannot read IP mode file for STMicroelectronics.X-CUBE-AI.8.0.1
2024-07-15 22:04:48,263 [WARN] PackLoader:240 - Cannot read IP mode file for STMicroelectronics.X-CUBE-SUBG2.5.0.0
2024-07-15 22:04:48,277 [WARN] PackLoader:240 - Cannot read IP mode file for Cesanta.I-CUBE-Mongoose.7.13.0
2024-07-15 22:04:48,295 [WARN] PackLoader:240 - Cannot read IP mode file for STMicroelectronics.X-CUBE-TOF1.3.3.1
2024-07-15 22:04:48,327 [WARN] PackLoader:240 - Cannot read IP mode file for STMicroelectronics.X-CUBE-AZRTOS-G4.2.0.0
2024-07-15 22:04:48,344 [WARN] PackLoader:240 - Cannot read IP mode file for STMicroelectronics.X-CUBE-TOF1.3.3.0
2024-07-15 22:04:48,361 [WARN] PackLoader:240 - Cannot read IP mode file for STMicroelectronics.FP-ATR-ASTRA1.1.1.1
2024-07-15 22:04:48,385 [WARN] PackLoader:240 - Cannot read IP mode file for Infineon.AIROC-Wi-Fi-Bluetooth-STM32.1.5.1
2024-07-15 22:04:48,400 [WARN] PackLoader:240 - Cannot read IP mode file for STMicroelectronics.FP-SNS-MOTENVWB1.1.3.0
2024-07-15 22:04:48,413 [WARN] PackLoader:240 - Cannot read IP mode file for STMicroelectronics.FP-SNS-MOTENVWB1.1.3.1
2024-07-15 22:04:48,435 [WARN] PackLoader:240 - Cannot read IP mode file for STMicroelectronics.X-CUBE-AZRTOS-G4.1.0.0
2024-07-15 22:04:48,467 [WARN] PackLoader:240 - Cannot read IP mode file for STMicroelectronics.X-CUBE-AZRTOS-L4.1.0.0
2024-07-15 22:04:48,483 [WARN] PackLoader:240 - Cannot read IP mode file for STMicroelectronics.X-CUBE-ISPU.2.0.0
2024-07-15 22:04:48,496 [WARN] PackLoader:240 - Cannot read IP mode file for STMicroelectronics.X-CUBE-ALS.1.0.2
2024-07-15 22:04:48,536 [WARN] PackLoader:240 - Cannot read IP mode file for STMicroelectronics.X-CUBE-MEMS1.10.0.0
2024-07-15 22:04:48,620 [WARN] PackLoader:240 - Cannot read IP mode file for STMicroelectronics.X-CUBE-FREERTOS.1.1.0
2024-07-15 22:04:48,634 [WARN] PackLoader:240 - Cannot read IP mode file for STMicroelectronics.X-CUBE-TOUCHGFX.4.24.0
2024-07-15 22:04:48,655 [WARN] PackLoader:240 - Cannot read IP mode file for STMicroelectronics.X-CUBE-AZRTOS-WL.1.0.0
2024-07-15 22:04:48,671 [WARN] PackLoader:240 - Cannot read IP mode file for portGmbH.I-Cube-SoM-uGOAL.1.1.0
2024-07-15 22:04:48,684 [WARN] PackLoader:240 - Cannot read IP mode file for STMicroelectronics.X-CUBE-ALS.1.0.1
2024-07-15 22:04:48,707 [WARN] PackLoader:240 - Cannot read IP mode file for STMicroelectronics.X-CUBE-AZRTOS-WB.1.1.0
2024-07-15 22:04:48,744 [WARN] PackLoader:240 - Cannot read IP mode file for STMicroelectronics.X-CUBE-AZRTOS-H7RS.1.0.0
2024-07-15 22:04:48,758 [WARN] PackLoader:240 - Cannot read IP mode file for STMicroelectronics.FP-ATR-ASTRA1.2.0.0
2024-07-15 22:04:48,777 [WARN] PackLoader:240 - Cannot read IP mode file for STMicroelectronics.X-CUBE-TOF1.3.4.0
2024-07-15 22:04:48,800 [WARN] PackLoader:240 - Cannot read IP mode file for STMicroelectronics.X-CUBE-TOF1.3.4.1
2024-07-15 22:04:48,834 [WARN] PackLoader:240 - Cannot read IP mode file for STMicroelectronics.X-CUBE-AZRTOS-H7.3.2.0
2024-07-15 22:04:48,847 [WARN] PackLoader:240 - Cannot read IP mode file for wolfSSL.I-CUBE-wolfSSH.1.4.17
2024-07-15 22:04:48,847 [INFO] ThirdParty:978 - Integrity check success = true
2024-07-15 22:04:48,847 [INFO] IntegrityCheckThread:100 - exiting critical section [integrity check]
2024-07-15 22:04:48,848 [INFO] IntegrityCheckThread:103 - End integrity checks thread
