2025-01-21 07:02:34,850 [INFO] WebApp:190 - Connection lost
2025-01-21 07:02:39,145 [INFO] WebApp:187 - Connection restablished
2025-01-21 07:02:42,140 [INFO] WebApp:190 - Connection lost
2025-01-21 07:02:42,270 [INFO] WebApp:187 - Connection restablished
2025-01-21 07:02:45,151 [INFO] WebApp:190 - Connection lost
2025-01-21 07:02:45,288 [INFO] WebApp:187 - Connection restablished
2025-01-21 07:04:30,819 [INFO] WebApp:190 - Connection lost
2025-01-21 07:04:32,016 [INFO] WebApp:187 - Connection restablished
2025-01-21 08:19:18,876 [INFO] WebApp:190 - Connection lost
2025-01-21 11:19:37,319 [INFO] WebApp:187 - Connection restablished
2025-01-21 11:19:39,365 [INFO] WebApp:190 - Connection lost
2025-01-21 11:19:39,490 [INFO] WebApp:187 - Connection restablished
2025-01-21 12:03:44,495 [INFO] WebApp:190 - Connection lost
2025-01-21 12:03:48,961 [INFO] WebApp:187 - Connection restablished
2025-01-21 12:03:51,968 [INFO] WebApp:190 - Connection lost
2025-01-21 12:03:52,075 [INFO] WebApp:187 - Connection restablished
2025-01-21 12:03:55,027 [INFO] WebApp:190 - Connection lost
2025-01-21 12:03:55,147 [INFO] WebApp:187 - Connection restablished
2025-01-21 12:05:40,349 [INFO] WebApp:190 - Connection lost
2025-01-21 12:05:40,514 [INFO] WebApp:187 - Connection restablished
2025-01-21 18:06:44,448 [INFO] WebApp:190 - Connection lost
2025-01-21 18:06:48,252 [INFO] WebApp:187 - Connection restablished
2025-01-21 18:06:48,864 [INFO] WebApp:190 - Connection lost
2025-01-21 18:06:54,966 [INFO] WebApp:187 - Connection restablished
2025-01-21 18:06:55,014 [INFO] WebApp:190 - Connection lost
2025-01-21 18:06:55,149 [INFO] WebApp:187 - Connection restablished
2025-01-21 18:06:58,078 [INFO] WebApp:190 - Connection lost
2025-01-21 18:06:59,325 [INFO] WebApp:187 - Connection restablished
2025-01-21 18:07:09,340 [INFO] WebApp:190 - Connection lost
2025-01-21 18:07:10,620 [INFO] WebApp:187 - Connection restablished
2025-01-21 18:07:23,423 [INFO] WebApp:190 - Connection lost
2025-01-21 18:07:29,762 [INFO] WebApp:187 - Connection restablished
2025-01-21 18:07:32,836 [INFO] WebApp:190 - Connection lost
2025-01-21 18:07:35,244 [INFO] WebApp:187 - Connection restablished
2025-01-21 18:07:35,332 [INFO] WebApp:190 - Connection lost
2025-01-21 18:07:35,462 [INFO] WebApp:187 - Connection restablished
2025-01-21 18:09:21,839 [INFO] WebApp:190 - Connection lost
2025-01-21 18:09:23,129 [INFO] WebApp:187 - Connection restablished
2025-01-21 18:46:45,329 [INFO] WebApp:190 - Connection lost
2025-01-21 18:46:46,564 [INFO] WebApp:187 - Connection restablished
2025-01-21 18:50:42,327 [INFO] WebApp:190 - Connection lost
2025-01-21 18:50:42,743 [INFO] WebApp:187 - Connection restablished
2025-01-21 19:00:30,353 [INFO] WebApp:190 - Connection lost
2025-01-21 19:00:32,218 [INFO] WebApp:187 - Connection restablished
2025-01-21 19:51:30,479 [INFO] MainUpdater:2872 - connection check result : 10
2025-01-21 19:51:30,480 [INFO] MainUpdater:2872 - connection check result : 10
2025-01-21 19:51:30,540 [INFO] MicroXplorer:468 - Change Database Path : 
2025-01-21 19:51:30,541 [INFO] MicroXplorer:498 - Change Database Version : DB.6.0.130
2025-01-21 19:51:30,669 [ERROR] ProjectManagerView:394 - 
java.lang.NullPointerException: Cannot invoke "javax.swing.JTextField.getText()" because the return value of "java.util.List.get(int)" is null
	at com.st.microxplorer.plugins.projectmanager.gui.ProjectChoiceTab$9.caretUpdate(ProjectChoiceTab.java:2616) ~[filemanager.jar:?]
	at javax.swing.text.JTextComponent.fireCaretUpdate(JTextComponent.java:408) ~[?:?]
	at javax.swing.text.JTextComponent$MutableCaretEvent.fire(JTextComponent.java:4484) ~[?:?]
	at javax.swing.text.JTextComponent$MutableCaretEvent.stateChanged(JTextComponent.java:4506) ~[?:?]
	at javax.swing.text.DefaultCaret.fireStateChanged(DefaultCaret.java:857) ~[?:?]
	at javax.swing.text.DefaultCaret.changeCaretPosition(DefaultCaret.java:1343) ~[?:?]
	at javax.swing.text.DefaultCaret.handleSetDot(DefaultCaret.java:1242) ~[?:?]
	at javax.swing.text.DefaultCaret.setDot(DefaultCaret.java:1223) ~[?:?]
	at javax.swing.text.DefaultCaret$Handler.insertUpdate(DefaultCaret.java:1819) ~[?:?]
	at javax.swing.text.AbstractDocument.fireInsertUpdate(AbstractDocument.java:227) ~[?:?]
	at javax.swing.text.AbstractDocument.handleInsertString(AbstractDocument.java:781) ~[?:?]
	at javax.swing.text.AbstractDocument.insertString(AbstractDocument.java:740) ~[?:?]
	at javax.swing.text.PlainDocument.insertString(PlainDocument.java:131) ~[?:?]
	at javax.swing.text.AbstractDocument.replace(AbstractDocument.java:699) ~[?:?]
	at javax.swing.text.JTextComponent.setText(JTextComponent.java:1725) ~[?:?]
	at com.st.microxplorer.plugins.projectmanager.gui.ProjectChoiceTab.createHeapStackFields(ProjectChoiceTab.java:975) ~[filemanager.jar:?]
	at com.st.microxplorer.plugins.projectmanager.gui.ProjectChoiceTab.buildLinkSettingsPanel(ProjectChoiceTab.java:3666) ~[filemanager.jar:?]
	at com.st.microxplorer.plugins.projectmanager.gui.ProjectChoiceTab.defineWindowsFields(ProjectChoiceTab.java:1934) ~[filemanager.jar:?]
	at com.st.microxplorer.plugins.projectmanager.gui.ProjectChoiceTab.updateSettings(ProjectChoiceTab.java:553) ~[filemanager.jar:?]
	at com.st.microxplorer.plugins.projectmanager.gui.ProjectSettingsPanel.UpdateDialog(ProjectSettingsPanel.java:245) ~[filemanager.jar:?]
	at com.st.microxplorer.plugins.projectmanager.ProjectManagerView.propertyChange(ProjectManagerView.java:391) ~[filemanager.jar:?]
	at java.beans.PropertyChangeSupport.fire(PropertyChangeSupport.java:343) ~[?:?]
	at java.beans.PropertyChangeSupport.firePropertyChange(PropertyChangeSupport.java:335) ~[?:?]
	at java.beans.PropertyChangeSupport.firePropertyChange(PropertyChangeSupport.java:268) ~[?:?]
	at com.st.microxplorer.util.MXPropertyChangeSupport.firePropertyChange(MXPropertyChangeSupport.java:54) ~[STM32CubeMX.jar:?]
	at com.st.microxplorer.mxsystem.MxSystem.closeConfig(MxSystem.java:899) ~[STM32CubeMX.jar:?]
	at com.st.microxplorer.maingui.MainPanel.closeConfig(MainPanel.java:789) ~[STM32CubeMX.jar:?]
	at com.st.microxplorer.plugins.filemanager.engine.OpenFileManager.loadConfigurationFile(OpenFileManager.java:265) ~[filemanager.jar:?]
	at com.st.microxplorer.plugins.filemanager.engine.MainFileManager.userLoadConfig(MainFileManager.java:340) ~[filemanager.jar:?]
	at com.st.microxplorer.plugins.filemanager.engine.MainFileManager.userLoadConfig(MainFileManager.java:318) ~[filemanager.jar:?]
	at com.st.microxplorer.plugins.filemanager.FileManagerView.getSpecificTask(FileManagerView.java:246) ~[filemanager.jar:?]
	at com.st.stm32cube.common.mx.editor.CubeMxEditor.getMxTabbedPaneInstance(CubeMxEditor.java:1198) ~[com.st.stm32cube.common.mx_6.13.0.202411220809/:?]
	at com.st.stm32cube.common.mx.editor.CubeMxEditor$12$1.createSwingComponent(CubeMxEditor.java:1068) ~[com.st.stm32cube.common.mx_6.13.0.202411220809/:?]
	at com.st.stm32cube.common.mx.oss.core.awtswtbridge.EmbeddedSwingComposite.doComponentCreation(EmbeddedSwingComposite.java:492) ~[com.st.stm32cube.common.mx.oss_6.13.0.202411220809/:?]
	at com.st.stm32cube.common.mx.oss.core.awtswtbridge.EmbeddedSwingComposite$4.run(EmbeddedSwingComposite.java:291) ~[com.st.stm32cube.common.mx.oss_6.13.0.202411220809/:?]
	at com.st.stm32cube.common.mx.oss.core.awtswtbridge.AwtEnvironment$2.run(AwtEnvironment.java:166) ~[com.st.stm32cube.common.mx.oss_6.13.0.202411220809/:?]
	at java.awt.event.InvocationEvent.dispatch(InvocationEvent.java:318) ~[?:?]
	at java.awt.EventQueue.dispatchEventImpl(EventQueue.java:773) ~[?:?]
	at java.awt.EventQueue$4.run(EventQueue.java:720) ~[?:?]
	at java.awt.EventQueue$4.run(EventQueue.java:714) ~[?:?]
	at java.security.AccessController.doPrivileged(AccessController.java:400) ~[?:?]
	at java.security.ProtectionDomain$JavaSecurityAccessImpl.doIntersectionPrivilege(ProtectionDomain.java:87) ~[?:?]
	at java.awt.EventQueue.dispatchEvent(EventQueue.java:742) ~[?:?]
	at java.awt.EventDispatchThread.pumpOneEventForFilters(EventDispatchThread.java:203) ~[?:?]
	at java.awt.EventDispatchThread.pumpEventsForFilter(EventDispatchThread.java:124) ~[?:?]
	at java.awt.EventDispatchThread.pumpEventsForHierarchy(EventDispatchThread.java:113) ~[?:?]
	at java.awt.EventDispatchThread.pumpEvents(EventDispatchThread.java:109) ~[?:?]
	at java.awt.EventDispatchThread.pumpEvents(EventDispatchThread.java:101) ~[?:?]
	at java.awt.EventDispatchThread.run(EventDispatchThread.java:90) ~[?:?]
2025-01-21 19:51:30,674 [WARN] ThirdParty:871 - waiting for thirdparty lock release [close project]
2025-01-21 19:51:30,674 [INFO] ThirdParty:873 - entering critical section [close project]
2025-01-21 19:51:30,675 [INFO] ThirdParty:883 - exiting critical section [close project]
2025-01-21 19:51:30,684 [INFO] PinOutPanel:1589 - setPackage(No Configuration,No Configuration)
2025-01-21 19:51:30,729 [WARN] IpParametersView:154 - Warning: This peripheral hasn't parameters
2025-01-21 19:51:30,774 [WARN] MainPanel:289 - <html><b><center>Warning: This peripheral has no parameters to be configured<br></b></html>
2025-01-21 19:51:30,777 [ERROR] MainPanel:599 - java.lang.IndexOutOfBoundsException: Index: 0, Tab count: 0
2025-01-21 19:51:30,791 [INFO] UtilMem:75 - Begin LoadConfig() Used Memory: 590254800 Bytes (958398464)
2025-01-21 19:51:30,794 [INFO] MicroXplorer:468 - Change Database Path : 
2025-01-21 19:51:30,794 [INFO] MicroXplorer:498 - Change Database Version : DB.6.0.130
2025-01-21 19:51:30,794 [INFO] OpenFileManager:332 - Change cursor
2025-01-21 19:51:30,880 [INFO] RulesReader:64 - Compatibility file has been processed (297 Rules)
2025-01-21 19:51:30,918 [INFO] Mcu:2035 - Initializing MCU STM32F767ZITx STM32F767ZITx STM32F767ZIT6
2025-01-21 19:51:34,394 [INFO] Context:748 - Trying to add GPIOservice into a context  which must be forbidden
2025-01-21 19:51:35,796 [INFO] RtosManager:555 - Registered RTOS mode: class=CMSIS, group=RTOS, mode=CMSIS_V1, owner=FREERTOS
2025-01-21 19:51:35,796 [INFO] RtosManager:555 - Registered RTOS mode: class=CMSIS, group=RTOS2, mode=CMSIS_V2, owner=FREERTOS
2025-01-21 19:51:35,796 [INFO] RtosManager:555 - Registered RTOS mode: class=RTOS, group=Core, mode=CMSIS_V1, owner=FREERTOS
2025-01-21 19:51:35,797 [INFO] RtosManager:555 - Registered RTOS mode: class=RTOS, group=Core, mode=CMSIS_V2, owner=FREERTOS
2025-01-21 19:51:35,797 [WARN] ModelIntegratedComponent:184 - Missing modes for component STMicroelectronics:FreeRTOS:0.0.1:STMicroelectronics:RTOS:FreeRTOS:Core:::10.2.0:
2025-01-21 19:51:35,801 [WARN] ModelIntegratedComponent:63 - No mode defined for component null
2025-01-21 19:51:35,801 [WARN] ModelIntegratedComponent:63 - No mode defined for component null
2025-01-21 19:51:35,801 [WARN] ModelIntegratedComponent:63 - No mode defined for component null
2025-01-21 19:51:35,801 [WARN] ModelIntegratedComponent:63 - No mode defined for component null
2025-01-21 19:51:35,801 [WARN] ModelIntegratedComponent:63 - No mode defined for component null
2025-01-21 19:51:35,801 [WARN] ModelIntegratedComponent:63 - No mode defined for component null
2025-01-21 19:51:35,801 [WARN] ModelIntegratedComponent:63 - No mode defined for component null
2025-01-21 19:51:35,801 [WARN] ModelIntegratedComponent:63 - No mode defined for component null
2025-01-21 19:51:35,802 [WARN] ModelIntegratedComponent:63 - No mode defined for component null
2025-01-21 19:51:35,802 [WARN] ModelIntegratedComponent:63 - No mode defined for component null
2025-01-21 19:51:35,802 [WARN] ModelIntegratedComponent:63 - No mode defined for component null
2025-01-21 19:51:35,802 [WARN] ModelIntegratedComponent:63 - No mode defined for component null
2025-01-21 19:51:35,802 [WARN] ModelIntegratedComponent:63 - No mode defined for component null
2025-01-21 19:51:35,802 [WARN] ModelIntegratedComponent:63 - No mode defined for component null
2025-01-21 19:51:35,802 [WARN] ModelIntegratedComponent:63 - No mode defined for component null
2025-01-21 19:51:35,802 [WARN] ModelIntegratedComponent:63 - No mode defined for component null
2025-01-21 19:51:35,802 [WARN] ModelIntegratedComponent:63 - No mode defined for component null
2025-01-21 19:51:35,802 [WARN] ModelIntegratedComponent:63 - No mode defined for component null
2025-01-21 19:51:35,802 [WARN] ModelIntegratedComponent:63 - No mode defined for component null
2025-01-21 19:51:35,802 [WARN] ModelIntegratedComponent:63 - No mode defined for component null
2025-01-21 19:51:35,802 [WARN] ModelIntegratedComponent:63 - No mode defined for component null
2025-01-21 19:51:35,802 [WARN] ModelIntegratedComponent:63 - No mode defined for component null
2025-01-21 19:51:35,803 [WARN] ModelIntegratedComponent:63 - No mode defined for component null
2025-01-21 19:51:35,803 [WARN] ModelIntegratedComponent:63 - No mode defined for component null
2025-01-21 19:51:35,803 [WARN] ModelIntegratedComponent:63 - No mode defined for component null
2025-01-21 19:51:35,803 [WARN] ModelIntegratedComponent:63 - No mode defined for component null
2025-01-21 19:51:35,803 [WARN] ModelIntegratedComponent:63 - No mode defined for component null
2025-01-21 19:51:35,803 [WARN] ModelIntegratedComponent:63 - No mode defined for component null
2025-01-21 19:51:35,803 [WARN] ModelIntegratedComponent:63 - No mode defined for component null
2025-01-21 19:51:35,803 [WARN] ModelIntegratedComponent:63 - No mode defined for component null
2025-01-21 19:51:35,803 [WARN] ModelIntegratedComponent:63 - No mode defined for component null
2025-01-21 19:51:35,803 [WARN] ModelIntegratedComponent:63 - No mode defined for component null
2025-01-21 19:51:35,803 [WARN] ModelIntegratedComponent:63 - No mode defined for component null
2025-01-21 19:51:35,803 [WARN] ModelIntegratedComponent:63 - No mode defined for component null
2025-01-21 19:51:35,803 [WARN] ModelIntegratedComponent:63 - No mode defined for component null
2025-01-21 19:51:35,804 [WARN] ModelPack:524 - Component already loaded: STMicroelectronics:HAL Drivers:0.0.0:STMicroelectronics:Device:STMicro_Driver:XSPI:HAL::0.0.1:HAL_XSPI
2025-01-21 19:51:36,059 [INFO] ThirdPartyModel:298 - Start build external matchings
2025-01-21 19:51:38,793 [INFO] ThirdPartyModel:316 - End build external matchings
2025-01-21 19:51:38,874 [INFO] ImportTextPane:218 - (OptionalMessage_ERROR) IP (RCC) : Invalid parameter (48MHZClocksFreq_Value)
2025-01-21 19:51:38,874 [INFO] ImportTextPane:218 - (OptionalMessage_ERROR) IP (RCC) : Invalid parameter (ADC12outputFreq_Value)
2025-01-21 19:51:38,874 [INFO] ImportTextPane:218 - (OptionalMessage_ERROR) IP (RCC) : Invalid parameter (ADC34outputFreq_Value)
2025-01-21 19:51:38,874 [INFO] ImportTextPane:218 - (OptionalMessage_ERROR) IP (RCC) : Invalid parameter (FamilyName)
2025-01-21 19:51:38,874 [INFO] ImportTextPane:218 - (OptionalMessage_ERROR) IP (RCC) : Invalid parameter (I2SClocksFreq_Value)
2025-01-21 19:51:38,874 [INFO] ImportTextPane:218 - (OptionalMessage_ERROR) IP (RCC) : Invalid parameter (LCDTFToutputFreq_Value)
2025-01-21 19:51:38,875 [INFO] ImportTextPane:218 - (OptionalMessage_ERROR) IP (RCC) : Invalid parameter (MCOFreq_Value)
2025-01-21 19:51:38,875 [INFO] ImportTextPane:218 - (OptionalMessage_ERROR) IP (RCC) : Invalid parameter (PLLMCOFreq_Value)
2025-01-21 19:51:38,875 [INFO] ImportTextPane:218 - (OptionalMessage_ERROR) IP (RCC) : Invalid parameter (PLLMUL)
2025-01-21 19:51:38,876 [INFO] ImportTextPane:218 - (OptionalMessage_ERROR) IP (RCC) : Invalid parameter (PRESCALERUSB)
2025-01-21 19:51:38,876 [INFO] ImportTextPane:218 - (OptionalMessage_ERROR) IP (RCC) : Invalid parameter (RTCHSEDivFreq_Value)
2025-01-21 19:51:38,876 [INFO] ImportTextPane:218 - (OptionalMessage_ERROR) IP (RCC) : Invalid parameter (SYSCLKSourceVirtual)
2025-01-21 19:51:38,876 [INFO] ImportTextPane:218 - (OptionalMessage_ERROR) IP (RCC) : Invalid parameter (TIM15Freq_Value)
2025-01-21 19:51:38,876 [INFO] ImportTextPane:218 - (OptionalMessage_ERROR) IP (RCC) : Invalid parameter (TIM16Freq_Value)
2025-01-21 19:51:38,876 [INFO] ImportTextPane:218 - (OptionalMessage_ERROR) IP (RCC) : Invalid parameter (TIM17Freq_Value)
2025-01-21 19:51:38,876 [INFO] ImportTextPane:218 - (OptionalMessage_ERROR) IP (RCC) : Invalid parameter (TIM1Freq_Value)
2025-01-21 19:51:38,876 [INFO] ImportTextPane:218 - (OptionalMessage_ERROR) IP (RCC) : Invalid parameter (TIM20Freq_Value)
2025-01-21 19:51:38,876 [INFO] ImportTextPane:218 - (OptionalMessage_ERROR) IP (RCC) : Invalid parameter (TIM2Freq_Value)
2025-01-21 19:51:38,876 [INFO] ImportTextPane:218 - (OptionalMessage_ERROR) IP (RCC) : Invalid parameter (TIM3Freq_Value)
2025-01-21 19:51:38,876 [INFO] ImportTextPane:218 - (OptionalMessage_ERROR) IP (RCC) : Invalid parameter (TIM8Freq_Value)
2025-01-21 19:51:38,877 [INFO] ImportTextPane:218 - (OptionalMessage_ERROR) IP (RCC) : Invalid parameter (VCOOutput2Freq_Value)
2025-01-21 19:51:38,877 [INFO] ImportTextPane:218 - (OptionalMessage_ERROR) IP (RCC) : Invalid parameter (VcooutputI2S)
2025-01-21 19:51:39,514 [INFO] UtilMem:75 - End LoadConfig() Used Memory: 492490056 Bytes (958398464)
2025-01-21 19:51:39,571 [WARN] ThirdParty:833 - waiting for thirdparty lock release [change project]
2025-01-21 19:51:39,571 [INFO] ThirdParty:835 - entering critical section [change project]
2025-01-21 19:51:39,571 [INFO] ThirdParty:1030 - CMSIS Pack Vendor :STMicroelectronics USBPD 4.1
2025-01-21 19:51:39,571 [INFO] ThirdParty:1030 - CMSIS Pack Vendor :STMicroelectronics X-CUBE-GNSS1 6.0.0
2025-01-21 19:51:39,571 [INFO] ThirdParty:1030 - CMSIS Pack Vendor :STMicroelectronics USB_HOST 2.0.0
2025-01-21 19:51:39,571 [INFO] ThirdParty:1030 - CMSIS Pack Vendor :STMicroelectronics FP-SNS-MOTENVWB1 1.4.0
2025-01-21 19:51:39,571 [INFO] ThirdParty:1030 - CMSIS Pack Vendor :STMicroelectronics X-CUBE-AZRTOS-F4 1.1.0
2025-01-21 19:51:39,571 [INFO] ThirdParty:1030 - CMSIS Pack Vendor :STMicroelectronics LIBJPEG 8.0.0
2025-01-21 19:51:39,572 [INFO] ThirdParty:1030 - CMSIS Pack Vendor :STMicroelectronics FP-ATR-ASTRA1 2.0.1
2025-01-21 19:51:39,572 [INFO] ThirdParty:1030 - CMSIS Pack Vendor :STMicroelectronics X-CUBE-SMBUS 2.1.0
2025-01-21 19:51:39,572 [INFO] ThirdParty:1030 - CMSIS Pack Vendor :STMicroelectronics X-CUBE-WB05N 1.1.0
2025-01-21 19:51:39,572 [INFO] ThirdParty:1030 - CMSIS Pack Vendor :STMicroelectronics X-CUBE-ISPU 2.1.0
2025-01-21 19:51:39,572 [INFO] ThirdParty:1030 - CMSIS Pack Vendor :STMicroelectronics X-CUBE-FREERTOS 1.2.0
2025-01-21 19:51:39,572 [INFO] ThirdParty:1030 - CMSIS Pack Vendor :STMicroelectronics X-CUBE-TOUCHGFX 4.23.0
2025-01-21 19:51:39,572 [INFO] ThirdParty:1030 - CMSIS Pack Vendor :STMicroelectronics X-CUBE-TOUCHGFX 4.23.2
2025-01-21 19:51:39,572 [INFO] ThirdParty:1030 - CMSIS Pack Vendor :STMicroelectronics X-CUBE-AZRTOS-F7 1.1.0
2025-01-21 19:51:39,572 [INFO] ThirdParty:1030 - CMSIS Pack Vendor :STMicroelectronics X-CUBE-AZRTOS-L5 2.0.0
2025-01-21 19:51:39,572 [INFO] ThirdParty:1030 - CMSIS Pack Vendor :STMicroelectronics USB_DEVICE 2.0.0
2025-01-21 19:51:39,572 [INFO] ThirdParty:1030 - CMSIS Pack Vendor :STMicroelectronics X-CUBE-MEMS1 9.6.0
2025-01-21 19:51:39,572 [INFO] ThirdParty:1030 - CMSIS Pack Vendor :STMicroelectronics X-CUBE-EEPRMA1 4.2.0
2025-01-21 19:51:39,572 [INFO] ThirdParty:1030 - CMSIS Pack Vendor :STMicroelectronics X-CUBE-NFC6 3.1.0
2025-01-21 19:51:39,572 [INFO] ThirdParty:1030 - CMSIS Pack Vendor :ITTIA_DB I-CUBE-ITTIADB 8.8.0
2025-01-21 19:51:39,572 [INFO] ThirdParty:1030 - CMSIS Pack Vendor :STMicroelectronics FP-SNS-MOTENV1 4.3.0
2025-01-21 19:51:39,572 [INFO] ThirdParty:1030 - CMSIS Pack Vendor :STMicroelectronics FP-SNS-MOTENV1 4.3.2
2025-01-21 19:51:39,572 [INFO] ThirdParty:1030 - CMSIS Pack Vendor :STMicroelectronics FP-SNS-FLIGHT1 5.0.0
2025-01-21 19:51:39,572 [INFO] ThirdParty:1030 - CMSIS Pack Vendor :STMicroelectronics FP-SNS-MOTENV1 4.3.1
2025-01-21 19:51:39,572 [INFO] ThirdParty:1030 - CMSIS Pack Vendor :STMicroelectronics FP-SNS-FLIGHT1 5.0.1
2025-01-21 19:51:39,572 [INFO] ThirdParty:1030 - CMSIS Pack Vendor :STMicroelectronics X-CUBE-MEMS1 11.0.0
2025-01-21 19:51:39,572 [INFO] ThirdParty:1030 - CMSIS Pack Vendor :STMicroelectronics X-CUBE-BLE1 6.2.4
2025-01-21 19:51:39,572 [INFO] ThirdParty:1030 - CMSIS Pack Vendor :STMicroelectronics FreeRTOS 0.0.1
2025-01-21 19:51:39,572 [INFO] ThirdParty:1030 - CMSIS Pack Vendor :emotas I-CUBE-CANOPEN 1.1.3
2025-01-21 19:51:39,572 [INFO] ThirdParty:1030 - CMSIS Pack Vendor :STMicroelectronics X-CUBE-BLEMGR 2.0.0
2025-01-21 19:51:39,572 [INFO] ThirdParty:1030 - CMSIS Pack Vendor :STMicroelectronics X-CUBE-DPower 1.2.0
2025-01-21 19:51:39,572 [INFO] ThirdParty:1030 - CMSIS Pack Vendor :STMicroelectronics FP-SNS-FLIGHT1 5.0.2
2025-01-21 19:51:39,572 [INFO] ThirdParty:1030 - CMSIS Pack Vendor :STMicroelectronics X-CUBE-AI 9.0.0
2025-01-21 19:51:39,572 [INFO] ThirdParty:1030 - CMSIS Pack Vendor :STMicroelectronics X-CUBE-AZRTOS-H7 3.1.0
2025-01-21 19:51:39,572 [INFO] ThirdParty:1030 - CMSIS Pack Vendor :STMicroelectronics PDM2PCM 3.3.0
2025-01-21 19:51:39,572 [INFO] ThirdParty:1030 - CMSIS Pack Vendor :STMicroelectronics X-CUBE-DISPLAY 3.0.0
2025-01-21 19:51:39,572 [INFO] ThirdParty:1030 - CMSIS Pack Vendor :STMicroelectronics X-CUBE-BLE1 7.0.0
2025-01-21 19:51:39,572 [INFO] ThirdParty:1030 - CMSIS Pack Vendor :STMicroelectronics X-CUBE-NFC10 1.0.0
2025-01-21 19:51:39,572 [INFO] ThirdParty:1030 - CMSIS Pack Vendor :wolfSSL I-CUBE-wolfSSL 5.5.4
2025-01-21 19:51:39,572 [INFO] ThirdParty:1030 - CMSIS Pack Vendor :STMicroelectronics X-CUBE-BLEMGR 4.0.0
2025-01-21 19:51:39,572 [INFO] ThirdParty:1030 - CMSIS Pack Vendor :STMicroelectronics HAL Drivers 0.0.0
2025-01-21 19:51:39,573 [INFO] ThirdParty:1030 - CMSIS Pack Vendor :STMicroelectronics X-CUBE-FREERTOS 1.3.0
2025-01-21 19:51:39,573 [INFO] ThirdParty:1030 - CMSIS Pack Vendor :STMicroelectronics X-CUBE-TOUCHGFX 4.22.0
2025-01-21 19:51:39,573 [INFO] ThirdParty:1030 - CMSIS Pack Vendor :STMicroelectronics X-CUBE-NFC7 1.0.1
2025-01-21 19:51:39,573 [INFO] ThirdParty:1030 - CMSIS Pack Vendor :STMicroelectronics MBEDTLS 2.14.1
2025-01-21 19:51:39,573 [INFO] ThirdParty:1030 - CMSIS Pack Vendor :STMicroelectronics X-CUBE-NFC7 1.0.0
2025-01-21 19:51:39,573 [INFO] ThirdParty:1030 - CMSIS Pack Vendor :STMicroelectronics X-CUBE-TOUCHGFX 4.22.1
2025-01-21 19:51:39,573 [INFO] ThirdParty:1030 - CMSIS Pack Vendor :wolfSSL I-CUBE-wolfTPM 3.2.0
2025-01-21 19:51:39,573 [INFO] ThirdParty:1030 - CMSIS Pack Vendor :STMicroelectronics X-CUBE-NFC6 3.0.0
2025-01-21 19:51:39,573 [INFO] ThirdParty:1030 - CMSIS Pack Vendor :STMicroelectronics X-CUBE-EEPRMA1 4.1.0
2025-01-21 19:51:39,573 [INFO] ThirdParty:1030 - CMSIS Pack Vendor :STMicroelectronics X-CUBE-BLEMGR 3.1.0
2025-01-21 19:51:39,573 [INFO] ThirdParty:1030 - CMSIS Pack Vendor :STMicroelectronics FP-SNS-SMARTAG2 1.2.0
2025-01-21 19:51:39,573 [INFO] ThirdParty:1030 - CMSIS Pack Vendor :STMicroelectronics X-CUBE-MEMS1 11.1.0
2025-01-21 19:51:39,573 [INFO] ThirdParty:1030 - CMSIS Pack Vendor :STMicroelectronics X-CUBE-AZRTOS-WL 2.0.0
2025-01-21 19:51:39,573 [INFO] ThirdParty:1030 - CMSIS Pack Vendor :STMicroelectronics FP-SNS-MOTENV1 5.0.0
2025-01-21 19:51:39,573 [INFO] ThirdParty:1030 - CMSIS Pack Vendor :STMicroelectronics USB_DEVICE 1.0.0
2025-01-21 19:51:39,573 [INFO] ThirdParty:1030 - CMSIS Pack Vendor :STMicroelectronics X-CUBE-AI 8.1.0
2025-01-21 19:51:39,573 [INFO] ThirdParty:1030 - CMSIS Pack Vendor :wolfSSL I-CUBE-wolfMQTT 1.19.0
2025-01-21 19:51:39,573 [INFO] ThirdParty:1030 - CMSIS Pack Vendor :STMicroelectronics X-CUBE-AZRTOS-L4 2.0.0
2025-01-21 19:51:39,573 [INFO] ThirdParty:1030 - CMSIS Pack Vendor :STMicroelectronics ThreadX 0.0.2
2025-01-21 19:51:39,573 [INFO] ThirdParty:1030 - CMSIS Pack Vendor :WES I-CUBE-Cesium 1.3.0
2025-01-21 19:51:39,573 [INFO] ThirdParty:1030 - CMSIS Pack Vendor :STMicroelectronics lwIP 2.1.2
2025-01-21 19:51:39,573 [INFO] ThirdParty:1030 - CMSIS Pack Vendor :STMicroelectronics X-CUBE-SFXS2LP1 4.0.0
2025-01-21 19:51:39,573 [INFO] ThirdParty:1030 - CMSIS Pack Vendor :STMicroelectronics X-CUBE-BLE2 3.3.0
2025-01-21 19:51:39,574 [INFO] ThirdParty:1030 - CMSIS Pack Vendor :STMicroelectronics X-CUBE-TOF1 3.2.0
2025-01-21 19:51:39,574 [INFO] ThirdParty:1030 - CMSIS Pack Vendor :STMicroelectronics PDM2PCM 3.2.0
2025-01-21 19:51:39,574 [INFO] ThirdParty:1030 - CMSIS Pack Vendor :STMicroelectronics X-CUBE-AZRTOS-H7 3.0.0
2025-01-21 19:51:39,574 [INFO] ThirdParty:1030 - CMSIS Pack Vendor :STMicroelectronics X-CUBE-ISPU 1.1.0
2025-01-21 19:51:39,574 [INFO] ThirdParty:1030 - CMSIS Pack Vendor :STMicroelectronics X-CUBE-AZRTOS-H7 3.3.0
2025-01-21 19:51:39,574 [INFO] ThirdParty:1030 - CMSIS Pack Vendor :RoweBots I-CUBE-UNISONRTOS 5.5.0-4
2025-01-21 19:51:39,574 [INFO] ThirdParty:1030 - CMSIS Pack Vendor :STMicroelectronics X-CUBE-NFC9 1.0.0
2025-01-21 19:51:39,574 [INFO] ThirdParty:1030 - CMSIS Pack Vendor :STMicroelectronics USB_DEVICE 3.0.0
2025-01-21 19:51:39,574 [INFO] ThirdParty:1030 - CMSIS Pack Vendor :STMicroelectronics X-CUBE-TCPP 4.1.0
2025-01-21 19:51:39,574 [INFO] ThirdParty:1030 - CMSIS Pack Vendor :STMicroelectronics X-CUBE-AI 8.0.0
2025-01-21 19:51:39,574 [INFO] ThirdParty:1030 - CMSIS Pack Vendor :STMicroelectronics X-CUBE-IPS 3.0.0
2025-01-21 19:51:39,574 [INFO] ThirdParty:1030 - CMSIS Pack Vendor :STMicroelectronics X-CUBE-AZRTOS-WB 2.0.0
2025-01-21 19:51:39,574 [INFO] ThirdParty:1030 - CMSIS Pack Vendor :STMicroelectronics X-CUBE-FREERTOS 1.0.0
2025-01-21 19:51:39,574 [INFO] ThirdParty:1030 - CMSIS Pack Vendor :STMicroelectronics X-CUBE-FREERTOS 1.0.1
2025-01-21 19:51:39,574 [INFO] ThirdParty:1030 - CMSIS Pack Vendor :STMicroelectronics X-CUBE-TOUCHGFX 4.21.1
2025-01-21 19:51:39,574 [INFO] ThirdParty:1030 - CMSIS Pack Vendor :STMicroelectronics X-CUBE-GNSS1 7.0.0
2025-01-21 19:51:39,574 [INFO] ThirdParty:1030 - CMSIS Pack Vendor :STMicroelectronics X-CUBE-GNSS1 7.0.1
2025-01-21 19:51:39,574 [INFO] ThirdParty:1030 - CMSIS Pack Vendor :STMicroelectronics X-CUBE-TOUCHGFX 4.21.3
2025-01-21 19:51:39,574 [INFO] ThirdParty:1030 - CMSIS Pack Vendor :STMicroelectronics X-CUBE-TOUCHGFX 4.21.4
2025-01-21 19:51:39,574 [INFO] ThirdParty:1030 - CMSIS Pack Vendor :STMicroelectronics FP-SNS-STBOX1 2.0.0
2025-01-21 19:51:39,574 [INFO] ThirdParty:1030 - CMSIS Pack Vendor :STMicroelectronics X-CUBE-ALGOBUILD 1.3.0
2025-01-21 19:51:39,574 [INFO] ThirdParty:1030 - CMSIS Pack Vendor :STMicroelectronics X-CUBE-AZRTOS-L5 1.1.0
2025-01-21 19:51:39,574 [INFO] ThirdParty:1030 - CMSIS Pack Vendor :STMicroelectronics X-CUBE-AZRTOS-G0 1.1.0
2025-01-21 19:51:39,574 [INFO] ThirdParty:1030 - CMSIS Pack Vendor :STMicroelectronics X-CUBE-AI 8.0.1
2025-01-21 19:51:39,574 [INFO] ThirdParty:1030 - CMSIS Pack Vendor :STMicroelectronics X-CUBE-SAFEA1 1.2.2
2025-01-21 19:51:39,574 [INFO] ThirdParty:1030 - CMSIS Pack Vendor :STMicroelectronics X-CUBE-NFC4 3.0.0
2025-01-21 19:51:39,574 [INFO] ThirdParty:1030 - CMSIS Pack Vendor :STMicroelectronics X-CUBE-SUBG2 5.0.0
2025-01-21 19:51:39,574 [INFO] ThirdParty:1030 - CMSIS Pack Vendor :STMicroelectronics STM32_WPAN 1.0.0
2025-01-21 19:51:39,574 [INFO] ThirdParty:1030 - CMSIS Pack Vendor :wolfSSL I-CUBE-wolfMQTT 1.18.0
2025-01-21 19:51:39,574 [INFO] ThirdParty:1030 - CMSIS Pack Vendor :EmbeddedOffice I-CUBE-FS-RTOS 1.0.1
2025-01-21 19:51:39,574 [INFO] ThirdParty:1030 - CMSIS Pack Vendor :STMicroelectronics lwIP 2.0.3
2025-01-21 19:51:39,574 [INFO] ThirdParty:1030 - CMSIS Pack Vendor :Cesanta I-CUBE-Mongoose 7.13.0
2025-01-21 19:51:39,574 [INFO] ThirdParty:1030 - CMSIS Pack Vendor :STMicroelectronics USB_HOST 1.0.0
2025-01-21 19:51:39,574 [INFO] ThirdParty:1030 - CMSIS Pack Vendor :STMicroelectronics X-CUBE-TOF1 3.3.1
2025-01-21 19:51:39,574 [INFO] ThirdParty:1030 - CMSIS Pack Vendor :STMicroelectronics X-CUBE-AZRTOS-G4 2.0.0
2025-01-21 19:51:39,574 [INFO] ThirdParty:1030 - CMSIS Pack Vendor :STMicroelectronics PDM2PCM 3.1.0
2025-01-21 19:51:39,575 [INFO] ThirdParty:1030 - CMSIS Pack Vendor :STMicroelectronics X-CUBE-TOF1 3.3.0
2025-01-21 19:51:39,575 [INFO] ThirdParty:1030 - CMSIS Pack Vendor :STMicroelectronics FP-ATR-ASTRA1 1.1.1
2025-01-21 19:51:39,575 [INFO] ThirdParty:1030 - CMSIS Pack Vendor :Infineon AIROC-Wi-Fi-Bluetooth-STM32 1.5.1
2025-01-21 19:51:39,575 [INFO] ThirdParty:1030 - CMSIS Pack Vendor :STMicroelectronics X-CUBE-BLEMGR 3.0.0
2025-01-21 19:51:39,575 [INFO] ThirdParty:1030 - CMSIS Pack Vendor :STMicroelectronics X-CUBE-BLEMGR 1.3.0
2025-01-21 19:51:39,575 [INFO] ThirdParty:1030 - CMSIS Pack Vendor :STMicroelectronics FP-SNS-MOTENVWB1 1.3.0
2025-01-21 19:51:39,575 [INFO] ThirdParty:1030 - CMSIS Pack Vendor :STMicroelectronics X-CUBE-TCPP 4.2.0
2025-01-21 19:51:39,575 [INFO] ThirdParty:1030 - CMSIS Pack Vendor :RealThread X-CUBE-RT-Thread_Nano 4.1.1
2025-01-21 19:51:39,575 [INFO] ThirdParty:1030 - CMSIS Pack Vendor :STMicroelectronics FP-SNS-MOTENVWB1 1.3.1
2025-01-21 19:51:39,575 [INFO] ThirdParty:1030 - CMSIS Pack Vendor :STMicroelectronics FP-ATR-SIGFOX1 3.2.0
2025-01-21 19:51:39,575 [INFO] ThirdParty:1030 - CMSIS Pack Vendor :STMicroelectronics X-CUBE-AZRTOS-G4 1.0.0
2025-01-21 19:51:39,575 [INFO] ThirdParty:1030 - CMSIS Pack Vendor :STMicroelectronics X-CUBE-AZRTOS-L4 1.0.0
2025-01-21 19:51:39,575 [INFO] ThirdParty:1030 - CMSIS Pack Vendor :quantropi X-CUBE-qispace-sdk-base 1.9.3
2025-01-21 19:51:39,575 [INFO] ThirdParty:1030 - CMSIS Pack Vendor :STMicroelectronics X-CUBE-ISPU 2.0.0
2025-01-21 19:51:39,575 [INFO] ThirdParty:1030 - CMSIS Pack Vendor :STMicroelectronics X-CUBE-EEPRMA1 5.1.0
2025-01-21 19:51:39,575 [INFO] ThirdParty:1030 - CMSIS Pack Vendor :STMicroelectronics MBEDTLS 2.16.2
2025-01-21 19:51:39,575 [INFO] ThirdParty:1030 - CMSIS Pack Vendor :STMicroelectronics X-CUBE-IPS 3.1.0
2025-01-21 19:51:39,575 [INFO] ThirdParty:1030 - CMSIS Pack Vendor :STMicroelectronics X-CUBE-ALS 1.0.2
2025-01-21 19:51:39,575 [INFO] ThirdParty:1030 - CMSIS Pack Vendor :STMicroelectronics X-CUBE-MEMS1 10.0.0
2025-01-21 19:51:39,575 [INFO] ThirdParty:1030 - CMSIS Pack Vendor :STMicroelectronics X-CUBE-FREERTOS 1.1.0
2025-01-21 19:51:39,575 [INFO] ThirdParty:1030 - CMSIS Pack Vendor :STMicroelectronics X-CUBE-TOUCHGFX 4.24.0
2025-01-21 19:51:39,575 [INFO] ThirdParty:1030 - CMSIS Pack Vendor :STMicroelectronics X-CUBE-TOUCHGFX 4.24.2
2025-01-21 19:51:39,576 [INFO] ThirdParty:1030 - CMSIS Pack Vendor :STMicroelectronics X-CUBE-AZRTOS-WL 1.0.0
2025-01-21 19:51:39,576 [INFO] ThirdParty:1030 - CMSIS Pack Vendor :STMicroelectronics X-CUBE-TOUCHGFX 4.24.1
2025-01-21 19:51:39,576 [INFO] ThirdParty:1030 - CMSIS Pack Vendor :portGmbH I-Cube-SoM-uGOAL 1.1.0
2025-01-21 19:51:39,576 [INFO] ThirdParty:1030 - CMSIS Pack Vendor :STMicroelectronics X-CUBE-ALS 1.0.1
2025-01-21 19:51:39,576 [INFO] ThirdParty:1030 - CMSIS Pack Vendor :STMicroelectronics X-CUBE-MEMS1 9.5.0
2025-01-21 19:51:39,576 [INFO] ThirdParty:1030 - CMSIS Pack Vendor :STMicroelectronics ThreadX 1.0.0
2025-01-21 19:51:39,576 [INFO] ThirdParty:1030 - CMSIS Pack Vendor :STMicroelectronics X-CUBE-AZRTOS-WB 1.1.0
2025-01-21 19:51:39,576 [INFO] ThirdParty:1030 - CMSIS Pack Vendor :SEGGER I-CUBE-embOS 1.3.1
2025-01-21 19:51:39,576 [INFO] ThirdParty:1030 - CMSIS Pack Vendor :STMicroelectronics X-CUBE-ALGOBUILD 1.4.0
2025-01-21 19:51:39,576 [INFO] ThirdParty:1030 - CMSIS Pack Vendor :STMicroelectronics X-CUBE-AZRTOS-H7RS 1.0.0
2025-01-21 19:51:39,576 [INFO] ThirdParty:1030 - CMSIS Pack Vendor :STMicroelectronics FP-ATR-ASTRA1 2.0.0
2025-01-21 19:51:39,576 [INFO] ThirdParty:1030 - CMSIS Pack Vendor :STMicroelectronics X-CUBE-TOF1 3.4.2
2025-01-21 19:51:39,576 [INFO] ThirdParty:1030 - CMSIS Pack Vendor :STMicroelectronics X-CUBE-AI 9.1.0
2025-01-21 19:51:39,576 [INFO] ThirdParty:1030 - CMSIS Pack Vendor :STMicroelectronics X-CUBE-TOF1 3.4.0
2025-01-21 19:51:39,576 [INFO] ThirdParty:1030 - CMSIS Pack Vendor :STMicroelectronics X-CUBE-TOF1 3.4.1
2025-01-21 19:51:39,576 [INFO] ThirdParty:1030 - CMSIS Pack Vendor :STMicroelectronics X-CUBE-AZRTOS-H7 3.2.0
2025-01-21 19:51:39,576 [INFO] ThirdParty:1030 - CMSIS Pack Vendor :wolfSSL I-CUBE-wolfSSH 1.4.17
2025-01-21 19:51:39,576 [INFO] ThirdParty:841 - exiting critical section [change project]
2025-01-21 19:51:39,975 [INFO] PinOutPanel:1589 - setPackage(No Configuration,No Configuration)
2025-01-21 19:51:39,977 [INFO] PinOutPanel:1589 - setPackage(STM32F767ZITx,LQFP144)
2025-01-21 19:51:40,610 [INFO] UtilMem:75 - Before build in PCC Used Memory: 489586432 Bytes (958398464)
2025-01-21 19:51:41,046 [INFO] UtilMem:75 - After build in PCC Used Memory: 540966656 Bytes (958398464)
2025-01-21 19:51:41,076 [INFO] IPUIPlugin:80 - create IPUIPlugin
2025-01-21 19:51:41,076 [INFO] IPUIPlugin:80 - create IPUIPlugin
2025-01-21 19:51:41,076 [INFO] IPUIPlugin:80 - create IPUIPlugin
2025-01-21 19:51:41,076 [INFO] IPUIPlugin:80 - create IPUIPlugin
2025-01-21 19:51:41,076 [INFO] IPUIPlugin:80 - create IPUIPlugin
2025-01-21 19:51:41,076 [INFO] IPUIPlugin:80 - create IPUIPlugin
2025-01-21 19:51:41,077 [INFO] IPUIPlugin:80 - create IPUIPlugin
2025-01-21 19:51:41,077 [INFO] IPUIPlugin:80 - create IPUIPlugin
2025-01-21 19:51:41,077 [INFO] IPUIPlugin:80 - create IPUIPlugin
2025-01-21 19:51:41,077 [INFO] IPUIPlugin:80 - create IPUIPlugin
2025-01-21 19:51:41,078 [INFO] IPUIPlugin:80 - create IPUIPlugin
2025-01-21 19:51:41,078 [INFO] IPUIPlugin:80 - create IPUIPlugin
2025-01-21 19:51:41,078 [INFO] IPUIPlugin:80 - create IPUIPlugin
2025-01-21 19:51:41,078 [INFO] IPUIPlugin:80 - create IPUIPlugin
2025-01-21 19:51:41,078 [INFO] IPUIPlugin:80 - create IPUIPlugin
2025-01-21 19:51:41,078 [INFO] IPUIPlugin:80 - create IPUIPlugin
2025-01-21 19:51:41,078 [INFO] IPUIPlugin:80 - create IPUIPlugin
2025-01-21 19:51:41,078 [INFO] IPUIPlugin:80 - create IPUIPlugin
2025-01-21 19:51:41,078 [INFO] IPUIPlugin:80 - create IPUIPlugin
2025-01-21 19:51:41,078 [INFO] IPUIPlugin:80 - create IPUIPlugin
2025-01-21 19:51:41,079 [INFO] IPUIPlugin:80 - create IPUIPlugin
2025-01-21 19:51:41,079 [INFO] IPUIPlugin:80 - create IPUIPlugin
2025-01-21 19:51:41,079 [INFO] IPUIPlugin:80 - create IPUIPlugin
2025-01-21 19:51:41,079 [INFO] IPUIPlugin:80 - create IPUIPlugin
2025-01-21 19:51:41,079 [INFO] IPUIPlugin:80 - create IPUIPlugin
2025-01-21 19:51:41,079 [INFO] IPUIPlugin:80 - create IPUIPlugin
2025-01-21 19:51:41,079 [INFO] IPUIPlugin:80 - create IPUIPlugin
2025-01-21 19:51:41,079 [INFO] IPUIPlugin:80 - create IPUIPlugin
2025-01-21 19:51:41,079 [INFO] IPUIPlugin:80 - create IPUIPlugin
2025-01-21 19:51:41,080 [INFO] IPUIPlugin:80 - create IPUIPlugin
2025-01-21 19:51:41,080 [INFO] IPUIPlugin:80 - create IPUIPlugin
2025-01-21 19:51:41,080 [INFO] IPUIPlugin:80 - create IPUIPlugin
2025-01-21 19:51:41,080 [INFO] IPUIPlugin:80 - create IPUIPlugin
2025-01-21 19:51:41,080 [INFO] IPUIPlugin:80 - create IPUIPlugin
2025-01-21 19:51:41,080 [INFO] IPUIPlugin:80 - create IPUIPlugin
2025-01-21 19:51:41,081 [INFO] IPUIPlugin:80 - create IPUIPlugin
2025-01-21 19:51:41,081 [INFO] IPUIPlugin:80 - create IPUIPlugin
2025-01-21 19:51:41,081 [INFO] IPUIPlugin:80 - create IPUIPlugin
2025-01-21 19:51:41,081 [INFO] IPUIPlugin:80 - create IPUIPlugin
2025-01-21 19:51:41,081 [INFO] IPUIPlugin:80 - create IPUIPlugin
2025-01-21 19:51:41,082 [INFO] IPUIPlugin:80 - create IPUIPlugin
2025-01-21 19:51:41,082 [INFO] IPUIPlugin:80 - create IPUIPlugin
2025-01-21 19:51:41,082 [INFO] IPUIPlugin:80 - create IPUIPlugin
2025-01-21 19:51:41,082 [INFO] IPUIPlugin:80 - create IPUIPlugin
2025-01-21 19:51:41,082 [INFO] IPUIPlugin:80 - create IPUIPlugin
2025-01-21 19:51:41,083 [INFO] IPUIPlugin:80 - create IPUIPlugin
2025-01-21 19:51:41,083 [INFO] IPUIPlugin:80 - create IPUIPlugin
2025-01-21 19:51:41,083 [INFO] IPUIPlugin:80 - create IPUIPlugin
2025-01-21 19:51:41,083 [INFO] IPUIPlugin:80 - create IPUIPlugin
2025-01-21 19:51:41,084 [INFO] IPUIPlugin:80 - create IPUIPlugin
2025-01-21 19:51:41,084 [INFO] IPUIPlugin:80 - create IPUIPlugin
2025-01-21 19:51:41,084 [INFO] IPUIPlugin:80 - create IPUIPlugin
2025-01-21 19:51:41,084 [INFO] IPUIPlugin:80 - create IPUIPlugin
2025-01-21 19:51:41,084 [INFO] IPUIPlugin:80 - create IPUIPlugin
2025-01-21 19:51:41,085 [INFO] IPUIPlugin:80 - create IPUIPlugin
2025-01-21 19:51:41,085 [INFO] IPUIPlugin:80 - create IPUIPlugin
2025-01-21 19:51:41,085 [INFO] IPUIPlugin:80 - create IPUIPlugin
2025-01-21 19:51:41,085 [INFO] IPUIPlugin:80 - create IPUIPlugin
2025-01-21 19:51:41,085 [INFO] IPUIPlugin:80 - create IPUIPlugin
2025-01-21 19:51:41,086 [INFO] IPUIPlugin:80 - create IPUIPlugin
2025-01-21 19:51:41,086 [INFO] IPUIPlugin:80 - create IPUIPlugin
2025-01-21 19:51:41,086 [INFO] IPUIPlugin:80 - create IPUIPlugin
2025-01-21 19:51:41,086 [INFO] IPUIPlugin:80 - create IPUIPlugin
2025-01-21 19:51:41,087 [INFO] IPUIPlugin:80 - create IPUIPlugin
2025-01-21 19:51:41,087 [INFO] IPUIPlugin:80 - create IPUIPlugin
2025-01-21 19:51:41,087 [INFO] IPUIPlugin:80 - create IPUIPlugin
2025-01-21 19:51:41,087 [INFO] IPUIPlugin:80 - create IPUIPlugin
2025-01-21 19:51:41,088 [INFO] IPUIPlugin:80 - create IPUIPlugin
2025-01-21 19:51:41,088 [INFO] IPUIPlugin:80 - create IPUIPlugin
2025-01-21 19:51:41,089 [INFO] IPUIPlugin:80 - create IPUIPlugin
2025-01-21 19:51:41,089 [INFO] IPUIPlugin:80 - create IPUIPlugin
2025-01-21 19:51:41,089 [INFO] IPUIPlugin:80 - create IPUIPlugin
2025-01-21 19:51:41,089 [INFO] IPUIPlugin:80 - create IPUIPlugin
2025-01-21 19:51:41,089 [INFO] IPUIPlugin:80 - create IPUIPlugin
2025-01-21 19:51:41,091 [INFO] IPUIPlugin:80 - create IPUIPlugin
2025-01-21 19:51:41,091 [INFO] IPUIPlugin:80 - create IPUIPlugin
2025-01-21 19:51:41,091 [INFO] IPUIPlugin:80 - create IPUIPlugin
2025-01-21 19:51:41,092 [INFO] IPUIPlugin:80 - create IPUIPlugin
2025-01-21 19:51:41,092 [INFO] IPUIPlugin:80 - create IPUIPlugin
2025-01-21 19:51:41,121 [INFO] ApiDbMcu:508 - Load IP Config File for PDM2PCM
2025-01-21 19:51:41,279 [INFO] CADModel:165 - CPN selected for project levelSTM32F767ZIT6
2025-01-21 19:51:41,279 [INFO] CADModel:114 - Register for checkConnection events
2025-01-21 19:51:41,337 [INFO] OpenFileManager:363 - Restore cursor
