2024-11-02 12:14:14,456 [INFO] MainUpdater:2873 - connection check result : 10
2024-11-02 12:14:14,685 [INFO] McuFinderGlobals:76 - Set McuFinderConnectedMode to true
2024-11-02 12:14:14,695 [INFO] MultiScanPanel:200 - Auto-refresh data requested => check proxy status ongoing
2024-11-02 12:14:14,699 [INFO] FinderPluginLoader:95 - Searching for filters in installed packs
2024-11-02 12:14:15,846 [INFO] LoadUrlFilesThread:185 - End of LoadServerUrlFiles without Thread
2024-11-02 12:14:15,919 [INFO] DetailPanel:341 - Set advertising image to C:/Users/bakra/STM32Cube/Repository/\en.prom-stm32c071-usb-memories-mcu-finder.png
2024-11-02 12:14:19,643 [INFO] MultiScanPanel:200 - Auto-refresh data requested => check proxy status ongoing
2024-11-02 12:14:19,721 [INFO] LoadUrlFilesThread:185 - End of LoadServerUrlFiles without Thread
2024-11-02 12:14:19,721 [INFO] DetailPanel:341 - Set advertising image to C:/Users/bakra/STM32Cube/Repository/\en.prom-stm32c071-usb-memories-mcu-finder.png
2024-11-02 12:14:19,732 [INFO] DbBoards:642 - Loading board mini-images...
2024-11-02 12:14:21,003 [ERROR] DbBoards:659 - Image file not found for board NUCLEO-WB05KZ: C:\Users\bakra\.stmcufinder\plugins\mcufinder//mcu//boards_images/NUCLEO-WB05KZ.jpg
2024-11-02 12:14:22,484 [INFO] DbBoards:665 - Loaded 200 board mini-images
2024-11-02 12:14:56,526 [INFO] MainUpdater:2873 - connection check result : 10
2024-11-02 12:14:56,526 [INFO] MainUpdater:2873 - connection check result : 10
2024-11-02 12:14:56,556 [INFO] MicroXplorer:468 - Change Database Path : 
2024-11-02 12:14:56,556 [INFO] MicroXplorer:498 - Change Database Version : DB.6.0.121
2024-11-02 12:14:56,595 [ERROR] ProjectManagerView:394 - 
java.lang.NullPointerException: Cannot invoke "javax.swing.JTextField.getText()" because the return value of "java.util.List.get(int)" is null
	at com.st.microxplorer.plugins.projectmanager.gui.ProjectChoiceTab$10.caretUpdate(ProjectChoiceTab.java:2622) ~[filemanager.jar:?]
	at javax.swing.text.JTextComponent.fireCaretUpdate(JTextComponent.java:412) ~[?:?]
	at javax.swing.text.JTextComponent$MutableCaretEvent.fire(JTextComponent.java:4491) ~[?:?]
	at javax.swing.text.JTextComponent$MutableCaretEvent.stateChanged(JTextComponent.java:4513) ~[?:?]
	at javax.swing.text.DefaultCaret.fireStateChanged(DefaultCaret.java:842) ~[?:?]
	at javax.swing.text.DefaultCaret.changeCaretPosition(DefaultCaret.java:1313) ~[?:?]
	at javax.swing.text.DefaultCaret.handleSetDot(DefaultCaret.java:1212) ~[?:?]
	at javax.swing.text.DefaultCaret.setDot(DefaultCaret.java:1193) ~[?:?]
	at javax.swing.text.DefaultCaret$Handler.insertUpdate(DefaultCaret.java:1789) ~[?:?]
	at javax.swing.text.AbstractDocument.fireInsertUpdate(AbstractDocument.java:226) ~[?:?]
	at javax.swing.text.AbstractDocument.handleInsertString(AbstractDocument.java:780) ~[?:?]
	at javax.swing.text.AbstractDocument.insertString(AbstractDocument.java:739) ~[?:?]
	at javax.swing.text.PlainDocument.insertString(PlainDocument.java:131) ~[?:?]
	at javax.swing.text.AbstractDocument.replace(AbstractDocument.java:698) ~[?:?]
	at javax.swing.text.JTextComponent.setText(JTextComponent.java:1729) ~[?:?]
	at com.st.microxplorer.plugins.projectmanager.gui.ProjectChoiceTab.createHeapStackFields(ProjectChoiceTab.java:972) ~[filemanager.jar:?]
	at com.st.microxplorer.plugins.projectmanager.gui.ProjectChoiceTab.buildLinkSettingsPanel(ProjectChoiceTab.java:3597) ~[filemanager.jar:?]
	at com.st.microxplorer.plugins.projectmanager.gui.ProjectChoiceTab.defineWindowsFields(ProjectChoiceTab.java:1940) ~[filemanager.jar:?]
	at com.st.microxplorer.plugins.projectmanager.gui.ProjectChoiceTab.updateSettings(ProjectChoiceTab.java:550) ~[filemanager.jar:?]
	at com.st.microxplorer.plugins.projectmanager.gui.ProjectSettingsPanel.UpdateDialog(ProjectSettingsPanel.java:245) ~[filemanager.jar:?]
	at com.st.microxplorer.plugins.projectmanager.ProjectManagerView.propertyChange(ProjectManagerView.java:391) ~[filemanager.jar:?]
	at java.beans.PropertyChangeSupport.fire(PropertyChangeSupport.java:343) ~[?:?]
	at java.beans.PropertyChangeSupport.firePropertyChange(PropertyChangeSupport.java:335) ~[?:?]
	at java.beans.PropertyChangeSupport.firePropertyChange(PropertyChangeSupport.java:268) ~[?:?]
	at com.st.microxplorer.util.MXPropertyChangeSupport.firePropertyChange(MXPropertyChangeSupport.java:54) ~[STM32CubeMX.jar:?]
	at com.st.microxplorer.mxsystem.MxSystem.closeConfig(MxSystem.java:900) ~[STM32CubeMX.jar:?]
	at com.st.microxplorer.maingui.MainPanel.closeConfig(MainPanel.java:781) ~[STM32CubeMX.jar:?]
	at com.st.microxplorer.plugins.filemanager.engine.OpenFileManager.loadConfigurationFile(OpenFileManager.java:265) ~[filemanager.jar:?]
	at com.st.microxplorer.plugins.filemanager.engine.MainFileManager.userLoadConfig(MainFileManager.java:352) ~[filemanager.jar:?]
	at com.st.microxplorer.plugins.filemanager.FileManagerView.getSpecificTask(FileManagerView.java:250) ~[filemanager.jar:?]
	at com.st.stm32cube.common.mx.editor.CubeMxEditor.getMxTabbedPaneInstance(CubeMxEditor.java:1191) ~[com.st.stm32cube.common.mx_6.12.1.202409122256/:?]
	at com.st.stm32cube.common.mx.editor.CubeMxEditor$12$1.createSwingComponent(CubeMxEditor.java:1068) ~[com.st.stm32cube.common.mx_6.12.1.202409122256/:?]
	at com.st.stm32cube.common.mx.oss.core.awtswtbridge.EmbeddedSwingComposite.doComponentCreation(EmbeddedSwingComposite.java:492) ~[com.st.stm32cube.common.mx.oss_6.12.1.202409122256/:?]
	at com.st.stm32cube.common.mx.oss.core.awtswtbridge.EmbeddedSwingComposite$4.run(EmbeddedSwingComposite.java:291) ~[com.st.stm32cube.common.mx.oss_6.12.1.202409122256/:?]
	at com.st.stm32cube.common.mx.oss.core.awtswtbridge.AwtEnvironment$2.run(AwtEnvironment.java:166) ~[com.st.stm32cube.common.mx.oss_6.12.1.202409122256/:?]
	at java.awt.event.InvocationEvent.dispatch(InvocationEvent.java:318) ~[?:?]
	at java.awt.EventQueue.dispatchEventImpl(EventQueue.java:773) ~[?:?]
	at java.awt.EventQueue$4.run(EventQueue.java:720) ~[?:?]
	at java.awt.EventQueue$4.run(EventQueue.java:714) ~[?:?]
	at java.security.AccessController.doPrivileged(AccessController.java:399) ~[?:?]
	at java.security.ProtectionDomain$JavaSecurityAccessImpl.doIntersectionPrivilege(ProtectionDomain.java:86) ~[?:?]
	at java.awt.EventQueue.dispatchEvent(EventQueue.java:742) ~[?:?]
	at java.awt.EventDispatchThread.pumpOneEventForFilters(EventDispatchThread.java:203) ~[?:?]
	at java.awt.EventDispatchThread.pumpEventsForFilter(EventDispatchThread.java:124) ~[?:?]
	at java.awt.EventDispatchThread.pumpEventsForHierarchy(EventDispatchThread.java:113) ~[?:?]
	at java.awt.EventDispatchThread.pumpEvents(EventDispatchThread.java:109) ~[?:?]
	at java.awt.EventDispatchThread.pumpEvents(EventDispatchThread.java:101) ~[?:?]
	at java.awt.EventDispatchThread.run(EventDispatchThread.java:90) ~[?:?]
2024-11-02 12:14:56,621 [WARN] ThirdParty:871 - waiting for thirdparty lock release [close project]
2024-11-02 12:14:56,621 [INFO] ThirdParty:873 - entering critical section [close project]
2024-11-02 12:14:56,621 [INFO] ThirdParty:883 - exiting critical section [close project]
2024-11-02 12:14:56,626 [INFO] PinOutPanel:1561 - setPackage(No Configuration,No Configuration)
2024-11-02 12:14:56,668 [WARN] IpParametersView:151 - Warning: This peripheral hasn't parameters
2024-11-02 12:14:56,699 [WARN] MainPanel:284 - <html><b><center>Warning: This peripheral has no parameters to be configured<br></b></html>
2024-11-02 12:14:56,721 [INFO] UtilMem:75 - Begin LoadConfig() Used Memory: 599565696 Bytes (780140544)
2024-11-02 12:14:56,723 [INFO] OpenFileManager:332 - Change cursor
2024-11-02 12:14:56,747 [INFO] ProjectFactory:442 - No CPN specified for board NUCLEO-F767ZI => set CPN to STM32F767ZIT6
2024-11-02 12:14:56,747 [INFO] Mcu:2032 - Initializing MCU STM32F767ZITx STM32F767ZITx STM32F767ZIT6
2024-11-02 12:14:58,817 [INFO] Context:742 - Trying to add GPIOservice into a context  which must be forbidden
2024-11-02 12:14:59,403 [INFO] Rule:228 - rule 117617 - U5Cobra4M][GTZC] default value MPCBB3 and MPCBB5 - Not Secured memory - MPCBB1 is applicable
2024-11-02 12:14:59,403 [INFO] Rule:228 - rule 117617 - U5Cobra4M][GTZC] default value MPCBB3 and MPCBB5 - Not Secured memory - MPCBB1 is applicable
2024-11-02 12:14:59,403 [INFO] Rule:228 - rule 117617 - U5Cobra4M][GTZC] default value MPCBB3 and MPCBB5 - Not Secured memory - MPCBB2 is applicable
2024-11-02 12:14:59,403 [INFO] Rule:228 - rule 117617 - U5Cobra4M][GTZC] default value MPCBB3 and MPCBB5 - Not Secured memory - MPCBB2 is applicable
2024-11-02 12:14:59,403 [INFO] Rule:228 - rule 117617 - U5Cobra4M][GTZC] default value MPCBB3 and MPCBB5 - Not Secured memory - MPCBB3 is applicable
2024-11-02 12:14:59,403 [INFO] Rule:228 - rule 117617 - U5Cobra4M][GTZC] default value MPCBB3 and MPCBB5 - Not Secured memory - MPCBB3 is applicable
2024-11-02 12:14:59,403 [INFO] Rule:228 - rule 117617 - U5Cobra4M][GTZC] default value MPCBB3 and MPCBB5 - Not Secured memory - MPCBB4 is applicable
2024-11-02 12:14:59,403 [INFO] Rule:228 - rule 117617 - U5Cobra4M][GTZC] default value MPCBB3 and MPCBB5 - Not Secured memory - MPCBB4 is applicable
2024-11-02 12:14:59,403 [INFO] Rule:228 - rule 117617 - U5Cobra4M][GTZC] default value MPCBB3 and MPCBB5 - Secured memory - MPCBB1 is applicable
2024-11-02 12:14:59,403 [INFO] Rule:228 - rule 117617 - U5Cobra4M][GTZC] default value MPCBB3 and MPCBB5 - Secured memory - MPCBB2 is applicable
2024-11-02 12:14:59,403 [INFO] Rule:228 - rule 117617 - U5Cobra4M][GTZC] default value MPCBB3 and MPCBB5 - Secured memory - MPCBB3 is applicable
2024-11-02 12:14:59,403 [INFO] Rule:228 - rule 117617 - U5Cobra4M][GTZC] default value MPCBB3 and MPCBB5 - Secured memory - MPCBB4 is applicable
2024-11-02 12:14:59,403 [INFO] Rule:228 - rule 117617 - U5Cobra4M][GTZC] default value MPCBB3 and MPCBB5 - Privileged memory - MPCBB1 is applicable
2024-11-02 12:14:59,403 [INFO] Rule:228 - rule 117617 - U5Cobra4M][GTZC] default value MPCBB3 and MPCBB5 - Privileged memory - MPCBB2 is applicable
2024-11-02 12:14:59,403 [INFO] Rule:228 - rule 117617 - U5Cobra4M][GTZC] default value MPCBB3 and MPCBB5 - Privileged memory - MPCBB3 is applicable
2024-11-02 12:14:59,403 [INFO] Rule:228 - rule 117617 - U5Cobra4M][GTZC] default value MPCBB3 and MPCBB5 - Privileged memory - MPCBB4 is applicable
2024-11-02 12:14:59,403 [INFO] Rule:228 - rule 117617 - U5Cobra4M][GTZC] default value MPCBB3 and MPCBB5 - Not Privileged memory - MPCBB1 is applicable
2024-11-02 12:14:59,403 [INFO] Rule:228 - rule 117617 - U5Cobra4M][GTZC] default value MPCBB3 and MPCBB5 - Not Privileged memory - MPCBB2 is applicable
2024-11-02 12:14:59,403 [INFO] Rule:228 - rule 117617 - U5Cobra4M][GTZC] default value MPCBB3 and MPCBB5 - Not Privileged memory - MPCBB3 is applicable
2024-11-02 12:14:59,403 [INFO] Rule:228 - rule 117617 - U5Cobra4M][GTZC] default value MPCBB3 and MPCBB5 - Not Privileged memory - MPCBB4 is applicable
2024-11-02 12:14:59,403 [INFO] Rule:228 - rule 117617 - U5Cobra4M][GTZC] default value MPCBB3 and MPCBB5 - Privileged memory - MPCBB1 is applicable
2024-11-02 12:14:59,403 [INFO] Rule:228 - rule 117617 - U5Cobra4M][GTZC] default value MPCBB3 and MPCBB5 - Privileged memory - MPCBB2 is applicable
2024-11-02 12:14:59,403 [INFO] Rule:228 - rule 117617 - U5Cobra4M][GTZC] default value MPCBB3 and MPCBB5 - Privileged memory - MPCBB3 is applicable
2024-11-02 12:14:59,403 [INFO] Rule:228 - rule 117617 - U5Cobra4M][GTZC] default value MPCBB3 and MPCBB5 - Privileged memory - MPCBB4 is applicable
2024-11-02 12:14:59,403 [INFO] Rule:228 - rule 117617 - U5Cobra4M][GTZC] default value MPCBB3 and MPCBB5 - Privileged memory - MPCBB1 is applicable
2024-11-02 12:14:59,403 [INFO] Rule:228 - rule 117617 - U5Cobra4M][GTZC] default value MPCBB3 and MPCBB5 - Privileged memory - MPCBB2 is applicable
2024-11-02 12:14:59,403 [INFO] Rule:228 - rule 117617 - U5Cobra4M][GTZC] default value MPCBB3 and MPCBB5 - Privileged memory - MPCBB3 is applicable
2024-11-02 12:14:59,403 [INFO] Rule:228 - rule 117617 - U5Cobra4M][GTZC] default value MPCBB3 and MPCBB5 - Privileged memory - MPCBB4 is applicable
2024-11-02 12:14:59,403 [INFO] Rule:228 - rule 117617 - U5Cobra4M][GTZC] default value MPCBB3 and MPCBB5 - Not Privileged memory - MPCBB1 is applicable
2024-11-02 12:14:59,403 [INFO] Rule:228 - rule 117617 - U5Cobra4M][GTZC] default value MPCBB3 and MPCBB5 - Not Privileged memory - MPCBB2 is applicable
2024-11-02 12:14:59,403 [INFO] Rule:228 - rule 117617 - U5Cobra4M][GTZC] default value MPCBB3 and MPCBB5 - Not Privileged memory - MPCBB3 is applicable
2024-11-02 12:14:59,403 [INFO] Rule:228 - rule 117617 - U5Cobra4M][GTZC] default value MPCBB3 and MPCBB5 - Not Privileged memory - MPCBB4 is applicable
2024-11-02 12:14:59,403 [INFO] Rule:228 - rule 117617 - U5Cobra4M][GTZC] default value MPCBB3 and MPCBB5 - Privileged memory - MPCBB1 is applicable
2024-11-02 12:14:59,403 [INFO] Rule:228 - rule 117617 - U5Cobra4M][GTZC] default value MPCBB3 and MPCBB5 - Privileged memory - MPCBB2 is applicable
2024-11-02 12:14:59,403 [INFO] Rule:228 - rule 117617 - U5Cobra4M][GTZC] default value MPCBB3 and MPCBB5 - Privileged memory - MPCBB3 is applicable
2024-11-02 12:14:59,403 [INFO] Rule:228 - rule 117617 - U5Cobra4M][GTZC] default value MPCBB3 and MPCBB5 - Privileged memory - MPCBB4 is applicable
2024-11-02 12:14:59,403 [INFO] Rule:228 - rule Rename SubGHz_Phy SUBGHZ_APPLICATION SUBGHZ_PINGPONG to SUBGHZ_ADV_APPLICATION is applicable
2024-11-02 12:14:59,403 [INFO] Rule:228 - rule Rename Enabled to IBEACON is applicable
2024-11-02 12:14:59,403 [INFO] Rule:228 - rule GTZC_S instance for project manager is applicable
2024-11-02 12:14:59,403 [INFO] Rule:228 - rule GTZC_S instance for context M33S is applicable
2024-11-02 12:14:59,403 [INFO] Rule:228 - rule GTZC_S instance value for IP GTZC is applicable
2024-11-02 12:14:59,403 [INFO] Rule:228 - rule GTZC_S instance for mcu.IP is applicable
2024-11-02 12:14:59,403 [INFO] Rule:228 - rule GTZC_S instance for VP is applicable
2024-11-02 12:14:59,403 [INFO] Rule:228 - rule GTZC_S instance for signal is applicable
2024-11-02 12:14:59,403 [INFO] Rule:228 - rule GTZC_S instance for mcu.Pin is applicable
2024-11-02 12:14:59,403 [INFO] Rule:228 - rule GTZC_S instance for VP is applicable
2024-11-02 12:14:59,403 [INFO] Rule:228 - rule GTZC_S instance for signal is applicable
2024-11-02 12:14:59,403 [INFO] Rule:228 - rule GTZC_S instance for mcu is applicable
2024-11-02 12:14:59,403 [INFO] Rule:228 - rule GTZC_S instance for mcu.Pin is applicable
2024-11-02 12:14:59,403 [INFO] Rule:228 - rule GTZC_S instance value for IP GTZC is applicable
2024-11-02 12:14:59,403 [INFO] Rule:228 - rule GTZC_S instance for project manager is applicable
2024-11-02 12:14:59,403 [INFO] Rule:228 - rule GTZC_S instance for context M33S is applicable
2024-11-02 12:14:59,403 [INFO] Rule:228 - rule GTZC_S instance for VP is applicable
2024-11-02 12:14:59,403 [INFO] Rule:228 - rule GTZC_S instance for signal is applicable
2024-11-02 12:14:59,403 [INFO] Rule:228 - rule WakeUp0 Mode is applicable
2024-11-02 12:14:59,403 [INFO] Rule:228 - rule WakeUp0 SIGNAL is applicable
2024-11-02 12:14:59,403 [INFO] Rule:228 - rule WakeUp1 Mode is applicable
2024-11-02 12:14:59,403 [INFO] Rule:228 - rule WakeUp1 SIGNAL is applicable
2024-11-02 12:14:59,403 [INFO] Rule:228 - rule WakeUp2 Mode is applicable
2024-11-02 12:14:59,403 [INFO] Rule:228 - rule WakeUp2 SIGNAL is applicable
2024-11-02 12:14:59,403 [INFO] Rule:228 - rule WakeUp4 Mode is applicable
2024-11-02 12:14:59,403 [INFO] Rule:228 - rule WakeUp4 SIGNAL is applicable
2024-11-02 12:14:59,403 [INFO] Rule:228 - rule WakeUp5 Mode is applicable
2024-11-02 12:14:59,403 [INFO] Rule:228 - rule WakeUp5 SIGNAL is applicable
2024-11-02 12:14:59,403 [INFO] Rule:228 - rule Change Default Value for LSE Drive Capability for WB family is applicable
2024-11-02 12:14:59,403 [INFO] Rule:228 - rule Change Default Value for ADC Clock Prescaler G0 family is applicable
2024-11-02 12:14:59,404 [INFO] Rule:228 - rule Change USART1CLockSelection refparam name for MP1 is applicable
2024-11-02 12:14:59,404 [INFO] Rule:228 - rule Change USART2CLockSelection refparam name for MP1 is applicable
2024-11-02 12:14:59,404 [INFO] Rule:228 - rule Change USART3CLockSelection refparam name for MP1 is applicable
2024-11-02 12:14:59,404 [INFO] Rule:228 - rule Change UART4CLockSelection refparam name for MP1 is applicable
2024-11-02 12:14:59,404 [INFO] Rule:228 - rule Change UART5CLockSelection refparam name for MP1 is applicable
2024-11-02 12:14:59,404 [INFO] Rule:228 - rule Change LPUART1CLockSelection refparam name for MP1 is applicable
2024-11-02 12:14:59,404 [INFO] Rule:228 - rule Change LPTIM1CLockSelection refparam name for MP1 is applicable
2024-11-02 12:14:59,404 [INFO] Rule:228 - rule Change LPTIM2CLockSelection refparam name for MP1 is applicable
2024-11-02 12:14:59,404 [INFO] Rule:228 - rule Change RCC_MCO1Source refparam name for MP1 is applicable
2024-11-02 12:14:59,404 [INFO] Rule:228 - rule Change LSCOSource1 refparam name for MP1 is applicable
2024-11-02 12:14:59,404 [INFO] Rule:228 - rule Change SMPSCLockSelection refparam name for MP1 is applicable
2024-11-02 12:14:59,404 [INFO] Rule:228 - rule Change LPTIM3CLockSelection refparam name for MP1 is applicable
2024-11-02 12:14:59,404 [INFO] Rule:228 - rule Change MPCBB* Default Template Mode to Parameters is applicable
2024-11-02 12:14:59,404 [INFO] Rule:228 - rule Change MPCWM* or MPCBB* Secure Mode to Parameters is applicable
2024-11-02 12:14:59,404 [INFO] Rule:228 - rule Change MPCWM* or MPCBB* No Secure Mode to Parameters is applicable
2024-11-02 12:14:59,404 [INFO] Rule:228 - rule Change TZSC IP Secure Mode to Parameters is applicable
2024-11-02 12:14:59,404 [INFO] Rule:228 - rule Change TZSC IP No Secure Mode to Parameters is applicable
2024-11-02 12:14:59,404 [INFO] Rule:228 - rule Change TZSC IP Privilege Mode to Parameters is applicable
2024-11-02 12:14:59,404 [INFO] Rule:228 - rule Change TZSC IP No Privilege Mode to Parameters is applicable
2024-11-02 12:14:59,404 [INFO] Rule:228 - rule Change TZIC IT Secure Mode to Parameters is applicable
2024-11-02 12:14:59,404 [INFO] Rule:228 - rule Change TZIC IT No Secure Mode to Parameters is applicable
2024-11-02 12:14:59,405 [INFO] Rule:228 - rule Add MPCBB1_NonSecureArea_Start_Address value with referenced to MPCBB1_NonSecureArea_Start value is applicable
2024-11-02 12:14:59,405 [INFO] Rule:228 - rule Add MPCBB2_NonSecureArea_Start_Address value with referenced to MPCBB2_NonSecureArea_Start value is applicable
2024-11-02 12:14:59,405 [INFO] Rule:228 - rule Add MPCWM1_NonSecureArea*_Start_Address value with referenced to MPCWM1_NonSecureArea*_Start value is applicable
2024-11-02 12:14:59,405 [INFO] Rule:228 - rule Add MPCWM2_NonSecureArea*_Start_Address value with referenced to MPCWM2_NonSecureArea*_Start value is applicable
2024-11-02 12:14:59,405 [INFO] Rule:228 - rule Add MPCWM3_NonSecureArea_Start_Address value with referenced to MPCWM3_NonSecureArea_Start value is applicable
2024-11-02 12:14:59,405 [INFO] Rule:228 - rule Change Default Value for PLL1UserDefinedConfig is applicable
2024-11-02 12:14:59,405 [INFO] Rule:228 - rule OPAMP is applicable
2024-11-02 12:14:59,405 [INFO] Rule:228 - rule LPUART IPParameter rename Prescaler parameter to ClockPrescaler for STM32H7 is applicable
2024-11-02 12:14:59,405 [INFO] Rule:228 - rule LPUART IPParameter rename Prescaler parameter to ClockPrescaler for STM32H7 is applicable
2024-11-02 12:14:59,405 [INFO] Rule:228 - rule LPUART IPParameter rename Prescaler parameter to ClockPrescaler for STM32WB is applicable
2024-11-02 12:14:59,405 [INFO] Rule:228 - rule LPUART IPParameter rename Prescaler parameter to ClockPrescaler for STM32WB is applicable
2024-11-02 12:14:59,405 [INFO] Rule:228 - rule LPUART IPParameter rename Prescaler parameter to ClockPrescaler for STM32G4 is applicable
2024-11-02 12:14:59,405 [INFO] Rule:228 - rule LPUART IPParameter rename Prescaler parameter to ClockPrescaler for STM32G4 is applicable
2024-11-02 12:14:59,405 [INFO] Rule:228 - rule LPUART IPParameter rename Prescaler parameter to ClockPrescaler for STM32L5 is applicable
2024-11-02 12:14:59,405 [INFO] Rule:228 - rule LPUART IPParameter rename Prescaler parameter to ClockPrescaler for STM32L5 is applicable
2024-11-02 12:14:59,405 [INFO] Rule:228 - rule LPUART IPParameter rename Prescaler parameter to ClockPrescaler for STM32G4 is applicable
2024-11-02 12:14:59,405 [INFO] Rule:228 - rule LPUART IPParameter rename Prescaler parameter to ClockPrescaler for STM32G4 is applicable
2024-11-02 12:14:59,405 [INFO] Rule:228 - rule USB device lib V2.5.3 for L0 rename USBD_SUPPORT_USER_STRING parameter to USBD_SUPPORT_USER_STRING_DESC4 is applicable
2024-11-02 12:14:59,405 [INFO] Rule:228 - rule I2SCLockSelection clock entry align is applicable
2024-11-02 12:14:59,405 [INFO] Rule:228 - rule Assign TIMx context if used as SYS timebase is applicable
2024-11-02 12:14:59,405 [INFO] Rule:228 - rule Change GPIO_Pu Default Value for I2C is applicable
2024-11-02 12:14:59,405 [INFO] Rule:228 - rule Change GPIO_Pu Default Value for SMBus is applicable
2024-11-02 12:14:59,405 [INFO] Rule:228 - rule change FDCAN default value is applicable
2024-11-02 12:14:59,405 [INFO] Rule:228 - rule Rename STM32WPAN CFG_BLE_IRK to CFG_BLE_IR is applicable
2024-11-02 12:14:59,405 [INFO] Rule:228 - rule Rename STM32WPAN CFG_BLE_ERK to CFG_BLE_ER is applicable
2024-11-02 12:14:59,405 [INFO] Rule:228 - rule Rename STM32WPAN CFG_BLE_IRK_HEX to CFG_BLE_IR_HEX is applicable
2024-11-02 12:14:59,405 [INFO] Rule:228 - rule Rename STM32WPAN CFG_BLE_ERK_HEX to CFG_BLE_ER_HEX is applicable
2024-11-02 12:14:59,406 [INFO] DbConfProperties:307 - Apply Compatibility (3/114 Rules)
2024-11-02 12:14:59,527 [INFO] RtosManager:555 - Registered RTOS mode: class=CMSIS, group=RTOS, mode=CMSIS_V1, owner=FREERTOS
2024-11-02 12:14:59,527 [INFO] RtosManager:555 - Registered RTOS mode: class=CMSIS, group=RTOS2, mode=CMSIS_V2, owner=FREERTOS
2024-11-02 12:14:59,527 [INFO] RtosManager:555 - Registered RTOS mode: class=RTOS, group=Core, mode=CMSIS_V1, owner=FREERTOS
2024-11-02 12:14:59,527 [INFO] RtosManager:555 - Registered RTOS mode: class=RTOS, group=Core, mode=CMSIS_V2, owner=FREERTOS
2024-11-02 12:14:59,527 [WARN] ModelIntegratedComponent:184 - Missing modes for component STMicroelectronics:FreeRTOS:0.0.1:STMicroelectronics:RTOS:FreeRTOS:Core:::10.2.0:
2024-11-02 12:14:59,529 [WARN] ModelIntegratedComponent:63 - No mode defined for component null
2024-11-02 12:14:59,529 [WARN] ModelIntegratedComponent:63 - No mode defined for component null
2024-11-02 12:14:59,529 [WARN] ModelIntegratedComponent:63 - No mode defined for component null
2024-11-02 12:14:59,529 [WARN] ModelIntegratedComponent:63 - No mode defined for component null
2024-11-02 12:14:59,529 [WARN] ModelIntegratedComponent:63 - No mode defined for component null
2024-11-02 12:14:59,529 [WARN] ModelIntegratedComponent:63 - No mode defined for component null
2024-11-02 12:14:59,529 [WARN] ModelIntegratedComponent:63 - No mode defined for component null
2024-11-02 12:14:59,529 [WARN] ModelIntegratedComponent:63 - No mode defined for component null
2024-11-02 12:14:59,529 [WARN] ModelIntegratedComponent:63 - No mode defined for component null
2024-11-02 12:14:59,529 [WARN] ModelIntegratedComponent:63 - No mode defined for component null
2024-11-02 12:14:59,530 [WARN] ModelIntegratedComponent:63 - No mode defined for component null
2024-11-02 12:14:59,530 [WARN] ModelIntegratedComponent:63 - No mode defined for component null
2024-11-02 12:14:59,530 [WARN] ModelIntegratedComponent:63 - No mode defined for component null
2024-11-02 12:14:59,530 [WARN] ModelIntegratedComponent:63 - No mode defined for component null
2024-11-02 12:14:59,530 [WARN] ModelIntegratedComponent:63 - No mode defined for component null
2024-11-02 12:14:59,530 [WARN] ModelIntegratedComponent:63 - No mode defined for component null
2024-11-02 12:14:59,530 [WARN] ModelIntegratedComponent:63 - No mode defined for component null
2024-11-02 12:14:59,530 [WARN] ModelIntegratedComponent:63 - No mode defined for component null
2024-11-02 12:14:59,530 [WARN] ModelIntegratedComponent:63 - No mode defined for component null
2024-11-02 12:14:59,530 [WARN] ModelIntegratedComponent:63 - No mode defined for component null
2024-11-02 12:14:59,530 [WARN] ModelIntegratedComponent:63 - No mode defined for component null
2024-11-02 12:14:59,530 [WARN] ModelIntegratedComponent:63 - No mode defined for component null
2024-11-02 12:14:59,530 [WARN] ModelIntegratedComponent:63 - No mode defined for component null
2024-11-02 12:14:59,530 [WARN] ModelIntegratedComponent:63 - No mode defined for component null
2024-11-02 12:14:59,530 [WARN] ModelIntegratedComponent:63 - No mode defined for component null
2024-11-02 12:14:59,530 [WARN] ModelIntegratedComponent:63 - No mode defined for component null
2024-11-02 12:14:59,530 [WARN] ModelIntegratedComponent:63 - No mode defined for component null
2024-11-02 12:14:59,530 [WARN] ModelIntegratedComponent:63 - No mode defined for component null
2024-11-02 12:14:59,530 [WARN] ModelIntegratedComponent:63 - No mode defined for component null
2024-11-02 12:14:59,530 [WARN] ModelIntegratedComponent:63 - No mode defined for component null
2024-11-02 12:14:59,530 [WARN] ModelIntegratedComponent:63 - No mode defined for component null
2024-11-02 12:14:59,530 [WARN] ModelIntegratedComponent:63 - No mode defined for component null
2024-11-02 12:14:59,530 [WARN] ModelIntegratedComponent:63 - No mode defined for component null
2024-11-02 12:14:59,530 [WARN] ModelIntegratedComponent:63 - No mode defined for component null
2024-11-02 12:14:59,530 [WARN] ModelIntegratedComponent:63 - No mode defined for component null
2024-11-02 12:14:59,530 [WARN] ModelPack:524 - Component already loaded: STMicroelectronics:HAL Drivers:0.0.0:STMicroelectronics:Device:STMicro_Driver:XSPI:HAL::0.0.1:HAL_XSPI
2024-11-02 12:14:59,645 [INFO] ThirdPartyModel:298 - Start build external matchings
2024-11-02 12:15:01,832 [INFO] ThirdPartyModel:316 - End build external matchings
2024-11-02 12:15:02,314 [INFO] UtilMem:75 - End LoadConfig() Used Memory: 863945832 Bytes (1073741824)
2024-11-02 12:15:02,335 [WARN] ThirdParty:833 - waiting for thirdparty lock release [change project]
2024-11-02 12:15:02,335 [INFO] ThirdParty:835 - entering critical section [change project]
2024-11-02 12:15:02,335 [INFO] ThirdParty:1030 - CMSIS Pack Vendor :STMicroelectronics USBPD 4.1
2024-11-02 12:15:02,335 [INFO] ThirdParty:1030 - CMSIS Pack Vendor :STMicroelectronics X-CUBE-GNSS1 6.0.0
2024-11-02 12:15:02,335 [INFO] ThirdParty:1030 - CMSIS Pack Vendor :STMicroelectronics USB_HOST 2.0.0
2024-11-02 12:15:02,335 [INFO] ThirdParty:1030 - CMSIS Pack Vendor :STMicroelectronics FP-SNS-MOTENVWB1 1.4.0
2024-11-02 12:15:02,336 [INFO] ThirdParty:1030 - CMSIS Pack Vendor :STMicroelectronics X-CUBE-AZRTOS-F4 1.1.0
2024-11-02 12:15:02,336 [INFO] ThirdParty:1030 - CMSIS Pack Vendor :STMicroelectronics LIBJPEG 8.0.0
2024-11-02 12:15:02,336 [INFO] ThirdParty:1030 - CMSIS Pack Vendor :STMicroelectronics X-CUBE-SMBUS 2.1.0
2024-11-02 12:15:02,336 [INFO] ThirdParty:1030 - CMSIS Pack Vendor :STMicroelectronics X-CUBE-WB05N 1.1.0
2024-11-02 12:15:02,336 [INFO] ThirdParty:1030 - CMSIS Pack Vendor :STMicroelectronics X-CUBE-ISPU 2.1.0
2024-11-02 12:15:02,336 [INFO] ThirdParty:1030 - CMSIS Pack Vendor :STMicroelectronics X-CUBE-FREERTOS 1.2.0
2024-11-02 12:15:02,336 [INFO] ThirdParty:1030 - CMSIS Pack Vendor :STMicroelectronics X-CUBE-TOUCHGFX 4.23.0
2024-11-02 12:15:02,336 [INFO] ThirdParty:1030 - CMSIS Pack Vendor :STMicroelectronics X-CUBE-TOUCHGFX 4.23.2
2024-11-02 12:15:02,336 [INFO] ThirdParty:1030 - CMSIS Pack Vendor :STMicroelectronics X-CUBE-AZRTOS-F7 1.1.0
2024-11-02 12:15:02,336 [INFO] ThirdParty:1030 - CMSIS Pack Vendor :STMicroelectronics X-CUBE-AZRTOS-L5 2.0.0
2024-11-02 12:15:02,336 [INFO] ThirdParty:1030 - CMSIS Pack Vendor :STMicroelectronics USB_DEVICE 2.0.0
2024-11-02 12:15:02,336 [INFO] ThirdParty:1030 - CMSIS Pack Vendor :STMicroelectronics X-CUBE-MEMS1 9.6.0
2024-11-02 12:15:02,336 [INFO] ThirdParty:1030 - CMSIS Pack Vendor :STMicroelectronics X-CUBE-EEPRMA1 4.2.0
2024-11-02 12:15:02,336 [INFO] ThirdParty:1030 - CMSIS Pack Vendor :STMicroelectronics X-CUBE-NFC6 3.1.0
2024-11-02 12:15:02,336 [INFO] ThirdParty:1030 - CMSIS Pack Vendor :ITTIA_DB I-CUBE-ITTIADB 8.8.0
2024-11-02 12:15:02,336 [INFO] ThirdParty:1030 - CMSIS Pack Vendor :STMicroelectronics FP-SNS-MOTENV1 4.3.0
2024-11-02 12:15:02,336 [INFO] ThirdParty:1030 - CMSIS Pack Vendor :STMicroelectronics FP-SNS-MOTENV1 4.3.2
2024-11-02 12:15:02,336 [INFO] ThirdParty:1030 - CMSIS Pack Vendor :STMicroelectronics FP-SNS-FLIGHT1 5.0.0
2024-11-02 12:15:02,336 [INFO] ThirdParty:1030 - CMSIS Pack Vendor :STMicroelectronics FP-SNS-MOTENV1 4.3.1
2024-11-02 12:15:02,336 [INFO] ThirdParty:1030 - CMSIS Pack Vendor :STMicroelectronics FP-SNS-FLIGHT1 5.0.1
2024-11-02 12:15:02,336 [INFO] ThirdParty:1030 - CMSIS Pack Vendor :STMicroelectronics X-CUBE-MEMS1 11.0.0
2024-11-02 12:15:02,336 [INFO] ThirdParty:1030 - CMSIS Pack Vendor :STMicroelectronics X-CUBE-BLE1 6.2.4
2024-11-02 12:15:02,336 [INFO] ThirdParty:1030 - CMSIS Pack Vendor :STMicroelectronics FreeRTOS 0.0.1
2024-11-02 12:15:02,336 [INFO] ThirdParty:1030 - CMSIS Pack Vendor :emotas I-CUBE-CANOPEN 1.1.3
2024-11-02 12:15:02,336 [INFO] ThirdParty:1030 - CMSIS Pack Vendor :STMicroelectronics X-CUBE-BLEMGR 2.0.0
2024-11-02 12:15:02,336 [INFO] ThirdParty:1030 - CMSIS Pack Vendor :STMicroelectronics X-CUBE-DPower 1.2.0
2024-11-02 12:15:02,336 [INFO] ThirdParty:1030 - CMSIS Pack Vendor :STMicroelectronics FP-SNS-FLIGHT1 5.0.2
2024-11-02 12:15:02,336 [INFO] ThirdParty:1030 - CMSIS Pack Vendor :STMicroelectronics X-CUBE-AI 9.0.0
2024-11-02 12:15:02,336 [INFO] ThirdParty:1030 - CMSIS Pack Vendor :STMicroelectronics X-CUBE-AZRTOS-H7 3.1.0
2024-11-02 12:15:02,336 [INFO] ThirdParty:1030 - CMSIS Pack Vendor :STMicroelectronics PDM2PCM 3.3.0
2024-11-02 12:15:02,336 [INFO] ThirdParty:1030 - CMSIS Pack Vendor :STMicroelectronics X-CUBE-DISPLAY 3.0.0
2024-11-02 12:15:02,336 [INFO] ThirdParty:1030 - CMSIS Pack Vendor :STMicroelectronics X-CUBE-BLE1 7.0.0
2024-11-02 12:15:02,336 [INFO] ThirdParty:1030 - CMSIS Pack Vendor :STMicroelectronics X-CUBE-NFC10 1.0.0
2024-11-02 12:15:02,336 [INFO] ThirdParty:1030 - CMSIS Pack Vendor :wolfSSL I-CUBE-wolfSSL 5.5.4
2024-11-02 12:15:02,336 [INFO] ThirdParty:1030 - CMSIS Pack Vendor :STMicroelectronics HAL Drivers 0.0.0
2024-11-02 12:15:02,336 [INFO] ThirdParty:1030 - CMSIS Pack Vendor :STMicroelectronics X-CUBE-TOUCHGFX 4.22.0
2024-11-02 12:15:02,336 [INFO] ThirdParty:1030 - CMSIS Pack Vendor :STMicroelectronics X-CUBE-NFC7 1.0.1
2024-11-02 12:15:02,336 [INFO] ThirdParty:1030 - CMSIS Pack Vendor :STMicroelectronics MBEDTLS 2.14.1
2024-11-02 12:15:02,336 [INFO] ThirdParty:1030 - CMSIS Pack Vendor :STMicroelectronics X-CUBE-NFC7 1.0.0
2024-11-02 12:15:02,336 [INFO] ThirdParty:1030 - CMSIS Pack Vendor :STMicroelectronics X-CUBE-TOUCHGFX 4.22.1
2024-11-02 12:15:02,336 [INFO] ThirdParty:1030 - CMSIS Pack Vendor :wolfSSL I-CUBE-wolfTPM 3.2.0
2024-11-02 12:15:02,336 [INFO] ThirdParty:1030 - CMSIS Pack Vendor :STMicroelectronics X-CUBE-NFC6 3.0.0
2024-11-02 12:15:02,336 [INFO] ThirdParty:1030 - CMSIS Pack Vendor :STMicroelectronics X-CUBE-EEPRMA1 4.1.0
2024-11-02 12:15:02,336 [INFO] ThirdParty:1030 - CMSIS Pack Vendor :STMicroelectronics X-CUBE-BLEMGR 3.1.0
2024-11-02 12:15:02,336 [INFO] ThirdParty:1030 - CMSIS Pack Vendor :STMicroelectronics FP-SNS-SMARTAG2 1.2.0
2024-11-02 12:15:02,336 [INFO] ThirdParty:1030 - CMSIS Pack Vendor :STMicroelectronics X-CUBE-AZRTOS-WL 2.0.0
2024-11-02 12:15:02,336 [INFO] ThirdParty:1030 - CMSIS Pack Vendor :STMicroelectronics FP-SNS-MOTENV1 5.0.0
2024-11-02 12:15:02,336 [INFO] ThirdParty:1030 - CMSIS Pack Vendor :STMicroelectronics USB_DEVICE 1.0.0
2024-11-02 12:15:02,336 [INFO] ThirdParty:1030 - CMSIS Pack Vendor :STMicroelectronics X-CUBE-AI 8.1.0
2024-11-02 12:15:02,336 [INFO] ThirdParty:1030 - CMSIS Pack Vendor :wolfSSL I-CUBE-wolfMQTT 1.19.0
2024-11-02 12:15:02,336 [INFO] ThirdParty:1030 - CMSIS Pack Vendor :STMicroelectronics X-CUBE-AZRTOS-L4 2.0.0
2024-11-02 12:15:02,336 [INFO] ThirdParty:1030 - CMSIS Pack Vendor :STMicroelectronics ThreadX 0.0.2
2024-11-02 12:15:02,336 [INFO] ThirdParty:1030 - CMSIS Pack Vendor :WES I-CUBE-Cesium 1.3.0
2024-11-02 12:15:02,336 [INFO] ThirdParty:1030 - CMSIS Pack Vendor :STMicroelectronics lwIP 2.1.2
2024-11-02 12:15:02,337 [INFO] ThirdParty:1030 - CMSIS Pack Vendor :STMicroelectronics X-CUBE-SFXS2LP1 4.0.0
2024-11-02 12:15:02,337 [INFO] ThirdParty:1030 - CMSIS Pack Vendor :STMicroelectronics X-CUBE-BLE2 3.3.0
2024-11-02 12:15:02,337 [INFO] ThirdParty:1030 - CMSIS Pack Vendor :STMicroelectronics X-CUBE-TOF1 3.2.0
2024-11-02 12:15:02,337 [INFO] ThirdParty:1030 - CMSIS Pack Vendor :STMicroelectronics PDM2PCM 3.2.0
2024-11-02 12:15:02,337 [INFO] ThirdParty:1030 - CMSIS Pack Vendor :STMicroelectronics X-CUBE-AZRTOS-H7 3.0.0
2024-11-02 12:15:02,337 [INFO] ThirdParty:1030 - CMSIS Pack Vendor :STMicroelectronics X-CUBE-ISPU 1.1.0
2024-11-02 12:15:02,337 [INFO] ThirdParty:1030 - CMSIS Pack Vendor :STMicroelectronics X-CUBE-AZRTOS-H7 3.3.0
2024-11-02 12:15:02,337 [INFO] ThirdParty:1030 - CMSIS Pack Vendor :RoweBots I-CUBE-UNISONRTOS 5.5.0-4
2024-11-02 12:15:02,337 [INFO] ThirdParty:1030 - CMSIS Pack Vendor :STMicroelectronics X-CUBE-NFC9 1.0.0
2024-11-02 12:15:02,337 [INFO] ThirdParty:1030 - CMSIS Pack Vendor :STMicroelectronics USB_DEVICE 3.0.0
2024-11-02 12:15:02,337 [INFO] ThirdParty:1030 - CMSIS Pack Vendor :STMicroelectronics X-CUBE-TCPP 4.1.0
2024-11-02 12:15:02,337 [INFO] ThirdParty:1030 - CMSIS Pack Vendor :STMicroelectronics X-CUBE-AI 8.0.0
2024-11-02 12:15:02,337 [INFO] ThirdParty:1030 - CMSIS Pack Vendor :STMicroelectronics X-CUBE-IPS 3.0.0
2024-11-02 12:15:02,337 [INFO] ThirdParty:1030 - CMSIS Pack Vendor :STMicroelectronics X-CUBE-AZRTOS-WB 2.0.0
2024-11-02 12:15:02,337 [INFO] ThirdParty:1030 - CMSIS Pack Vendor :STMicroelectronics X-CUBE-FREERTOS 1.0.0
2024-11-02 12:15:02,337 [INFO] ThirdParty:1030 - CMSIS Pack Vendor :STMicroelectronics X-CUBE-FREERTOS 1.0.1
2024-11-02 12:15:02,337 [INFO] ThirdParty:1030 - CMSIS Pack Vendor :STMicroelectronics X-CUBE-TOUCHGFX 4.21.1
2024-11-02 12:15:02,337 [INFO] ThirdParty:1030 - CMSIS Pack Vendor :STMicroelectronics X-CUBE-GNSS1 7.0.0
2024-11-02 12:15:02,337 [INFO] ThirdParty:1030 - CMSIS Pack Vendor :STMicroelectronics X-CUBE-TOUCHGFX 4.21.3
2024-11-02 12:15:02,337 [INFO] ThirdParty:1030 - CMSIS Pack Vendor :STMicroelectronics X-CUBE-TOUCHGFX 4.21.4
2024-11-02 12:15:02,337 [INFO] ThirdParty:1030 - CMSIS Pack Vendor :STMicroelectronics FP-SNS-STBOX1 2.0.0
2024-11-02 12:15:02,337 [INFO] ThirdParty:1030 - CMSIS Pack Vendor :STMicroelectronics X-CUBE-ALGOBUILD 1.3.0
2024-11-02 12:15:02,337 [INFO] ThirdParty:1030 - CMSIS Pack Vendor :STMicroelectronics X-CUBE-AZRTOS-L5 1.1.0
2024-11-02 12:15:02,337 [INFO] ThirdParty:1030 - CMSIS Pack Vendor :STMicroelectronics X-CUBE-AZRTOS-G0 1.1.0
2024-11-02 12:15:02,337 [INFO] ThirdParty:1030 - CMSIS Pack Vendor :STMicroelectronics X-CUBE-AI 8.0.1
2024-11-02 12:15:02,337 [INFO] ThirdParty:1030 - CMSIS Pack Vendor :STMicroelectronics X-CUBE-SAFEA1 1.2.2
2024-11-02 12:15:02,337 [INFO] ThirdParty:1030 - CMSIS Pack Vendor :STMicroelectronics X-CUBE-NFC4 3.0.0
2024-11-02 12:15:02,337 [INFO] ThirdParty:1030 - CMSIS Pack Vendor :STMicroelectronics X-CUBE-SUBG2 5.0.0
2024-11-02 12:15:02,337 [INFO] ThirdParty:1030 - CMSIS Pack Vendor :STMicroelectronics STM32_WPAN 1.0.0
2024-11-02 12:15:02,337 [INFO] ThirdParty:1030 - CMSIS Pack Vendor :wolfSSL I-CUBE-wolfMQTT 1.18.0
2024-11-02 12:15:02,337 [INFO] ThirdParty:1030 - CMSIS Pack Vendor :EmbeddedOffice I-CUBE-FS-RTOS 1.0.1
2024-11-02 12:15:02,337 [INFO] ThirdParty:1030 - CMSIS Pack Vendor :STMicroelectronics lwIP 2.0.3
2024-11-02 12:15:02,337 [INFO] ThirdParty:1030 - CMSIS Pack Vendor :Cesanta I-CUBE-Mongoose 7.13.0
2024-11-02 12:15:02,337 [INFO] ThirdParty:1030 - CMSIS Pack Vendor :STMicroelectronics USB_HOST 1.0.0
2024-11-02 12:15:02,337 [INFO] ThirdParty:1030 - CMSIS Pack Vendor :STMicroelectronics X-CUBE-TOF1 3.3.1
2024-11-02 12:15:02,337 [INFO] ThirdParty:1030 - CMSIS Pack Vendor :STMicroelectronics X-CUBE-AZRTOS-G4 2.0.0
2024-11-02 12:15:02,337 [INFO] ThirdParty:1030 - CMSIS Pack Vendor :STMicroelectronics PDM2PCM 3.1.0
2024-11-02 12:15:02,337 [INFO] ThirdParty:1030 - CMSIS Pack Vendor :STMicroelectronics X-CUBE-TOF1 3.3.0
2024-11-02 12:15:02,337 [INFO] ThirdParty:1030 - CMSIS Pack Vendor :STMicroelectronics FP-ATR-ASTRA1 1.1.1
2024-11-02 12:15:02,337 [INFO] ThirdParty:1030 - CMSIS Pack Vendor :Infineon AIROC-Wi-Fi-Bluetooth-STM32 1.5.1
2024-11-02 12:15:02,337 [INFO] ThirdParty:1030 - CMSIS Pack Vendor :STMicroelectronics X-CUBE-BLEMGR 3.0.0
2024-11-02 12:15:02,337 [INFO] ThirdParty:1030 - CMSIS Pack Vendor :STMicroelectronics X-CUBE-BLEMGR 1.3.0
2024-11-02 12:15:02,337 [INFO] ThirdParty:1030 - CMSIS Pack Vendor :STMicroelectronics FP-SNS-MOTENVWB1 1.3.0
2024-11-02 12:15:02,337 [INFO] ThirdParty:1030 - CMSIS Pack Vendor :RealThread X-CUBE-RT-Thread_Nano 4.1.1
2024-11-02 12:15:02,337 [INFO] ThirdParty:1030 - CMSIS Pack Vendor :STMicroelectronics FP-SNS-MOTENVWB1 1.3.1
2024-11-02 12:15:02,337 [INFO] ThirdParty:1030 - CMSIS Pack Vendor :STMicroelectronics FP-ATR-SIGFOX1 3.2.0
2024-11-02 12:15:02,337 [INFO] ThirdParty:1030 - CMSIS Pack Vendor :STMicroelectronics X-CUBE-AZRTOS-G4 1.0.0
2024-11-02 12:15:02,337 [INFO] ThirdParty:1030 - CMSIS Pack Vendor :STMicroelectronics X-CUBE-AZRTOS-L4 1.0.0
2024-11-02 12:15:02,337 [INFO] ThirdParty:1030 - CMSIS Pack Vendor :STMicroelectronics X-CUBE-ISPU 2.0.0
2024-11-02 12:15:02,337 [INFO] ThirdParty:1030 - CMSIS Pack Vendor :STMicroelectronics X-CUBE-EEPRMA1 5.1.0
2024-11-02 12:15:02,337 [INFO] ThirdParty:1030 - CMSIS Pack Vendor :STMicroelectronics MBEDTLS 2.16.2
2024-11-02 12:15:02,337 [INFO] ThirdParty:1030 - CMSIS Pack Vendor :STMicroelectronics X-CUBE-ALS 1.0.2
2024-11-02 12:15:02,337 [INFO] ThirdParty:1030 - CMSIS Pack Vendor :STMicroelectronics X-CUBE-MEMS1 10.0.0
2024-11-02 12:15:02,337 [INFO] ThirdParty:1030 - CMSIS Pack Vendor :STMicroelectronics X-CUBE-FREERTOS 1.1.0
2024-11-02 12:15:02,337 [INFO] ThirdParty:1030 - CMSIS Pack Vendor :STMicroelectronics X-CUBE-TOUCHGFX 4.24.0
2024-11-02 12:15:02,337 [INFO] ThirdParty:1030 - CMSIS Pack Vendor :STMicroelectronics X-CUBE-AZRTOS-WL 1.0.0
2024-11-02 12:15:02,337 [INFO] ThirdParty:1030 - CMSIS Pack Vendor :STMicroelectronics X-CUBE-TOUCHGFX 4.24.1
2024-11-02 12:15:02,339 [INFO] ThirdParty:1030 - CMSIS Pack Vendor :portGmbH I-Cube-SoM-uGOAL 1.1.0
2024-11-02 12:15:02,339 [INFO] ThirdParty:1030 - CMSIS Pack Vendor :STMicroelectronics X-CUBE-ALS 1.0.1
2024-11-02 12:15:02,339 [INFO] ThirdParty:1030 - CMSIS Pack Vendor :STMicroelectronics X-CUBE-MEMS1 9.5.0
2024-11-02 12:15:02,339 [INFO] ThirdParty:1030 - CMSIS Pack Vendor :STMicroelectronics ThreadX 1.0.0
2024-11-02 12:15:02,339 [INFO] ThirdParty:1030 - CMSIS Pack Vendor :STMicroelectronics X-CUBE-AZRTOS-WB 1.1.0
2024-11-02 12:15:02,339 [INFO] ThirdParty:1030 - CMSIS Pack Vendor :SEGGER I-CUBE-embOS 1.3.1
2024-11-02 12:15:02,339 [INFO] ThirdParty:1030 - CMSIS Pack Vendor :STMicroelectronics X-CUBE-ALGOBUILD 1.4.0
2024-11-02 12:15:02,339 [INFO] ThirdParty:1030 - CMSIS Pack Vendor :STMicroelectronics X-CUBE-AZRTOS-H7RS 1.0.0
2024-11-02 12:15:02,339 [INFO] ThirdParty:1030 - CMSIS Pack Vendor :STMicroelectronics FP-ATR-ASTRA1 2.0.0
2024-11-02 12:15:02,339 [INFO] ThirdParty:1030 - CMSIS Pack Vendor :STMicroelectronics X-CUBE-TOF1 3.4.2
2024-11-02 12:15:02,339 [INFO] ThirdParty:1030 - CMSIS Pack Vendor :STMicroelectronics X-CUBE-AI 9.1.0
2024-11-02 12:15:02,339 [INFO] ThirdParty:1030 - CMSIS Pack Vendor :STMicroelectronics X-CUBE-TOF1 3.4.0
2024-11-02 12:15:02,339 [INFO] ThirdParty:1030 - CMSIS Pack Vendor :STMicroelectronics X-CUBE-TOF1 3.4.1
2024-11-02 12:15:02,339 [INFO] ThirdParty:1030 - CMSIS Pack Vendor :STMicroelectronics X-CUBE-AZRTOS-H7 3.2.0
2024-11-02 12:15:02,339 [INFO] ThirdParty:1030 - CMSIS Pack Vendor :wolfSSL I-CUBE-wolfSSH 1.4.17
2024-11-02 12:15:02,339 [INFO] ThirdParty:841 - exiting critical section [change project]
2024-11-02 12:15:02,616 [INFO] PinOutPanel:1561 - setPackage(No Configuration,No Configuration)
2024-11-02 12:15:02,619 [INFO] PinOutPanel:1561 - setPackage(STM32F767ZITx,LQFP144)
2024-11-02 12:15:03,010 [INFO] UtilMem:75 - Before build in PCC Used Memory: 615984688 Bytes (1073741824)
2024-11-02 12:15:03,300 [INFO] UtilMem:75 - After build in PCC Used Memory: 665267760 Bytes (1073741824)
2024-11-02 12:15:03,327 [INFO] IPUIPlugin:80 - create IPUIPlugin
2024-11-02 12:15:03,327 [INFO] IPUIPlugin:80 - create IPUIPlugin
2024-11-02 12:15:03,327 [INFO] IPUIPlugin:80 - create IPUIPlugin
2024-11-02 12:15:03,328 [INFO] IPUIPlugin:80 - create IPUIPlugin
2024-11-02 12:15:03,328 [INFO] IPUIPlugin:80 - create IPUIPlugin
2024-11-02 12:15:03,328 [INFO] IPUIPlugin:80 - create IPUIPlugin
2024-11-02 12:15:03,328 [INFO] IPUIPlugin:80 - create IPUIPlugin
2024-11-02 12:15:03,328 [INFO] IPUIPlugin:80 - create IPUIPlugin
2024-11-02 12:15:03,328 [INFO] IPUIPlugin:80 - create IPUIPlugin
2024-11-02 12:15:03,328 [INFO] IPUIPlugin:80 - create IPUIPlugin
2024-11-02 12:15:03,328 [INFO] IPUIPlugin:80 - create IPUIPlugin
2024-11-02 12:15:03,328 [INFO] IPUIPlugin:80 - create IPUIPlugin
2024-11-02 12:15:03,328 [INFO] IPUIPlugin:80 - create IPUIPlugin
2024-11-02 12:15:03,328 [INFO] IPUIPlugin:80 - create IPUIPlugin
2024-11-02 12:15:03,328 [INFO] IPUIPlugin:80 - create IPUIPlugin
2024-11-02 12:15:03,328 [INFO] IPUIPlugin:80 - create IPUIPlugin
2024-11-02 12:15:03,328 [INFO] IPUIPlugin:80 - create IPUIPlugin
2024-11-02 12:15:03,330 [INFO] IPUIPlugin:80 - create IPUIPlugin
2024-11-02 12:15:03,330 [INFO] IPUIPlugin:80 - create IPUIPlugin
2024-11-02 12:15:03,330 [INFO] IPUIPlugin:80 - create IPUIPlugin
2024-11-02 12:15:03,330 [INFO] IPUIPlugin:80 - create IPUIPlugin
2024-11-02 12:15:03,330 [INFO] IPUIPlugin:80 - create IPUIPlugin
2024-11-02 12:15:03,330 [INFO] IPUIPlugin:80 - create IPUIPlugin
2024-11-02 12:15:03,330 [INFO] IPUIPlugin:80 - create IPUIPlugin
2024-11-02 12:15:03,330 [INFO] IPUIPlugin:80 - create IPUIPlugin
2024-11-02 12:15:03,330 [INFO] IPUIPlugin:80 - create IPUIPlugin
2024-11-02 12:15:03,330 [INFO] IPUIPlugin:80 - create IPUIPlugin
2024-11-02 12:15:03,330 [INFO] IPUIPlugin:80 - create IPUIPlugin
2024-11-02 12:15:03,330 [INFO] IPUIPlugin:80 - create IPUIPlugin
2024-11-02 12:15:03,331 [INFO] IPUIPlugin:80 - create IPUIPlugin
2024-11-02 12:15:03,331 [INFO] IPUIPlugin:80 - create IPUIPlugin
2024-11-02 12:15:03,331 [INFO] IPUIPlugin:80 - create IPUIPlugin
2024-11-02 12:15:03,332 [INFO] IPUIPlugin:80 - create IPUIPlugin
2024-11-02 12:15:03,332 [INFO] IPUIPlugin:80 - create IPUIPlugin
2024-11-02 12:15:03,332 [INFO] IPUIPlugin:80 - create IPUIPlugin
2024-11-02 12:15:03,332 [INFO] IPUIPlugin:80 - create IPUIPlugin
2024-11-02 12:15:03,332 [INFO] IPUIPlugin:80 - create IPUIPlugin
2024-11-02 12:15:03,332 [INFO] IPUIPlugin:80 - create IPUIPlugin
2024-11-02 12:15:03,334 [INFO] IPUIPlugin:80 - create IPUIPlugin
2024-11-02 12:15:03,335 [INFO] IPUIPlugin:80 - create IPUIPlugin
2024-11-02 12:15:03,335 [INFO] IPUIPlugin:80 - create IPUIPlugin
2024-11-02 12:15:03,335 [INFO] IPUIPlugin:80 - create IPUIPlugin
2024-11-02 12:15:03,336 [INFO] IPUIPlugin:80 - create IPUIPlugin
2024-11-02 12:15:03,336 [INFO] IPUIPlugin:80 - create IPUIPlugin
2024-11-02 12:15:03,336 [INFO] IPUIPlugin:80 - create IPUIPlugin
2024-11-02 12:15:03,336 [INFO] IPUIPlugin:80 - create IPUIPlugin
2024-11-02 12:15:03,337 [INFO] IPUIPlugin:80 - create IPUIPlugin
2024-11-02 12:15:03,337 [INFO] IPUIPlugin:80 - create IPUIPlugin
2024-11-02 12:15:03,337 [INFO] IPUIPlugin:80 - create IPUIPlugin
2024-11-02 12:15:03,337 [INFO] IPUIPlugin:80 - create IPUIPlugin
2024-11-02 12:15:03,337 [INFO] IPUIPlugin:80 - create IPUIPlugin
2024-11-02 12:15:03,338 [INFO] IPUIPlugin:80 - create IPUIPlugin
2024-11-02 12:15:03,338 [INFO] IPUIPlugin:80 - create IPUIPlugin
2024-11-02 12:15:03,338 [INFO] IPUIPlugin:80 - create IPUIPlugin
2024-11-02 12:15:03,338 [INFO] IPUIPlugin:80 - create IPUIPlugin
2024-11-02 12:15:03,339 [INFO] IPUIPlugin:80 - create IPUIPlugin
2024-11-02 12:15:03,339 [INFO] IPUIPlugin:80 - create IPUIPlugin
2024-11-02 12:15:03,339 [INFO] IPUIPlugin:80 - create IPUIPlugin
2024-11-02 12:15:03,339 [INFO] IPUIPlugin:80 - create IPUIPlugin
2024-11-02 12:15:03,340 [INFO] IPUIPlugin:80 - create IPUIPlugin
2024-11-02 12:15:03,340 [INFO] IPUIPlugin:80 - create IPUIPlugin
2024-11-02 12:15:03,340 [INFO] IPUIPlugin:80 - create IPUIPlugin
2024-11-02 12:15:03,340 [INFO] IPUIPlugin:80 - create IPUIPlugin
2024-11-02 12:15:03,341 [INFO] IPUIPlugin:80 - create IPUIPlugin
2024-11-02 12:15:03,341 [INFO] IPUIPlugin:80 - create IPUIPlugin
2024-11-02 12:15:03,341 [INFO] IPUIPlugin:80 - create IPUIPlugin
2024-11-02 12:15:03,341 [INFO] IPUIPlugin:80 - create IPUIPlugin
2024-11-02 12:15:03,342 [INFO] IPUIPlugin:80 - create IPUIPlugin
2024-11-02 12:15:03,342 [INFO] IPUIPlugin:80 - create IPUIPlugin
2024-11-02 12:15:03,343 [INFO] IPUIPlugin:80 - create IPUIPlugin
2024-11-02 12:15:03,343 [INFO] IPUIPlugin:80 - create IPUIPlugin
2024-11-02 12:15:03,343 [INFO] IPUIPlugin:80 - create IPUIPlugin
2024-11-02 12:15:03,343 [INFO] IPUIPlugin:80 - create IPUIPlugin
2024-11-02 12:15:03,344 [INFO] IPUIPlugin:80 - create IPUIPlugin
2024-11-02 12:15:03,344 [INFO] IPUIPlugin:80 - create IPUIPlugin
2024-11-02 12:15:03,345 [INFO] IPUIPlugin:80 - create IPUIPlugin
2024-11-02 12:15:03,345 [INFO] IPUIPlugin:80 - create IPUIPlugin
2024-11-02 12:15:03,345 [INFO] IPUIPlugin:80 - create IPUIPlugin
2024-11-02 12:15:03,346 [INFO] IPUIPlugin:80 - create IPUIPlugin
2024-11-02 12:15:03,370 [INFO] ApiDbMcu:508 - Load IP Config File for PDM2PCM
2024-11-02 12:15:03,504 [INFO] CADModel:165 - CPN selected for project levelSTM32F767ZIT6
2024-11-02 12:15:03,504 [INFO] CADModel:114 - Register for checkConnection events
2024-11-02 12:15:03,542 [INFO] OpenFileManager:363 - Restore cursor
2024-11-02 12:15:04,179 [INFO] UtilMem:75 - End SaveConfig() Used Memory: 854915424 Bytes (1073741824)
2024-11-02 12:15:04,300 [INFO] UtilMem:75 - End SaveConfig() Used Memory: 886942456 Bytes (1073741824)
2024-11-02 12:15:04,965 [INFO] BlockDiagram:2766 - set Specific Code input for plugin: SYS
2024-11-02 12:15:04,965 [INFO] BlockDiagram:2766 - set Specific Code input for plugin: RCC
2024-11-02 12:15:04,965 [INFO] BlockDiagram:2766 - set Specific Code input for plugin: NVIC
2024-11-02 12:15:04,967 [INFO] BlockDiagram:2766 - set Specific Code input for plugin: GPIO
2024-11-02 12:15:04,969 [INFO] CodeGenerator:807 - code generatio: config db path: C:\ST\STM32CubeIDE_1.11.2\STM32CubeIDE\plugins\com.st.stm32cube.common.mx_6.12.1.202409122256\\db\
2024-11-02 12:15:05,244 [INFO] CodeEngine:255 - oldGeneratedFile, C:\Users\bakra\Desktop\STM32F767ZI\usart_read_registers\MXTmpFiles\license.tmp_save
2024-11-02 12:15:05,657 [INFO] CodeEngine:279 - Generated code: C:\Users\bakra\Desktop\STM32F767ZI\usart_read_registers\MXTmpFiles\license.tmp
2024-11-02 12:15:05,904 [INFO] CodeEngine:255 - oldGeneratedFile, C:\Users\bakra\Desktop\STM32F767ZI\usart_read_registers\MXTmpFiles\gpio.tmp_save
2024-11-02 12:15:06,208 [INFO] CodeEngine:279 - Generated code: C:\Users\bakra\Desktop\STM32F767ZI\usart_read_registers\MXTmpFiles\gpio.tmp
2024-11-02 12:15:06,526 [INFO] CodeEngine:255 - oldGeneratedFile, C:\Users\bakra\Desktop\STM32F767ZI\usart_read_registers\MXTmpFiles\cortex.tmp_save
2024-11-02 12:15:06,685 [INFO] CodeEngine:279 - Generated code: C:\Users\bakra\Desktop\STM32F767ZI\usart_read_registers\MXTmpFiles\cortex.tmp
2024-11-02 12:15:06,720 [INFO] CodeEngine:255 - oldGeneratedFile, C:\Users\bakra\Desktop\STM32F767ZI\usart_read_registers\Core\Src\stm32f7xx_it.c_save
2024-11-02 12:15:06,939 [INFO] CodeEngine:279 - Generated code: C:\Users\bakra\Desktop\STM32F767ZI\usart_read_registers\Core\Src\stm32f7xx_it.c
2024-11-02 12:15:06,958 [INFO] CodeEngine:255 - oldGeneratedFile, C:\Users\bakra\Desktop\STM32F767ZI\usart_read_registers\Core\Inc\stm32f7xx_it.h_save
2024-11-02 12:15:07,070 [INFO] CodeEngine:279 - Generated code: C:\Users\bakra\Desktop\STM32F767ZI\usart_read_registers\Core\Inc\stm32f7xx_it.h
2024-11-02 12:15:07,106 [INFO] CodeEngine:255 - oldGeneratedFile, C:\Users\bakra\Desktop\STM32F767ZI\usart_read_registers\Core\Src\stm32f7xx_hal_msp.c_save
2024-11-02 12:15:07,284 [INFO] CodeEngine:279 - Generated code: C:\Users\bakra\Desktop\STM32F767ZI\usart_read_registers\Core\Src\stm32f7xx_hal_msp.c
2024-11-02 12:15:07,297 [INFO] CodeEngine:255 - oldGeneratedFile, C:\Users\bakra\Desktop\STM32F767ZI\usart_read_registers\MXTmpFiles\system.tmp_save
2024-11-02 12:15:07,377 [INFO] CodeEngine:279 - Generated code: C:\Users\bakra\Desktop\STM32F767ZI\usart_read_registers\MXTmpFiles\system.tmp
2024-11-02 12:15:07,397 [INFO] CodeEngine:311 - oldGeneratedFile, C:\Users\bakra\Desktop\STM32F767ZI\usart_read_registers\Core\Inc\stm32f7xx_hal_conf.h_save
2024-11-02 12:15:07,517 [INFO] CodeEngine:335 - Generated code: C:\Users\bakra\Desktop\STM32F767ZI\usart_read_registers\Core\Inc\stm32f7xx_hal_conf.h
2024-11-02 12:15:07,601 [INFO] CodeEngine:255 - oldGeneratedFile, C:\Users\bakra\Desktop\STM32F767ZI\usart_read_registers\Core\Inc\main.h_save
2024-11-02 12:15:07,759 [INFO] CodeEngine:279 - Generated code: C:\Users\bakra\Desktop\STM32F767ZI\usart_read_registers\Core\Inc\main.h
2024-11-02 12:15:07,776 [INFO] CodeEngine:255 - oldGeneratedFile, C:\Users\bakra\Desktop\STM32F767ZI\usart_read_registers\Core\Src\main.c_save
2024-11-02 12:15:08,020 [INFO] CodeEngine:279 - Generated code: C:\Users\bakra\Desktop\STM32F767ZI\usart_read_registers\Core\Src\main.c
2024-11-02 12:15:08,537 [INFO] ProjectBuilder:3249 - Time for Copy HAL[1] : 210mS.
2024-11-02 12:15:08,544 [INFO] ProjectBuilder:4828 - Project Generator version: 4.5.0-B34
2024-11-02 12:15:08,679 [INFO] ConfigFileManager:1531 - The Die is : DIE451
2024-11-02 12:15:08,702 [INFO] ApiDbMcu:508 - Load IP Config File for FATFS
2024-11-02 12:15:08,721 [INFO] ApiDbMcu:508 - Load IP Config File for FREERTOS
2024-11-02 12:15:08,735 [INFO] ApiDbMcu:508 - Load IP Config File for LIBJPEG
2024-11-02 12:15:08,752 [INFO] ApiDbMcu:508 - Load IP Config File for LWIP
2024-11-02 12:15:08,773 [INFO] ApiDbMcu:508 - Load IP Config File for MBEDTLS
2024-11-02 12:15:08,795 [INFO] ApiDbMcu:508 - Load IP Config File for USB_DEVICE
2024-11-02 12:15:08,811 [INFO] ApiDbMcu:508 - Load IP Config File for USB_HOST
