2024-03-04 19:27:02,215 [INFO] Activator:176 - 


2024-03-04 19:27:02,220 [INFO] Activator:177 - !SESSION log4j initialized
2024-03-04 19:27:10,870 [INFO] LogOutputStream:77 - [STDOUT_REDIRECT] 
2024-03-04 19:27:11,797 [INFO] ApplicationProperties:184 - Using Application install path: C:\ST\STM32CubeIDE_1.11.2\STM32CubeIDE\plugins\com.st.stm32cube.common.mx_6.10.0.202311202037
2024-03-04 19:27:11,824 [INFO] DbMcusXml:78 - Set database path to: C:\ST\STM32CubeIDE_1.11.2\STM32CubeIDE\plugins\com.st.stm32cube.common.mx_6.10.0.202311202037\\db\/mcu/
2024-03-04 19:27:11,824 [INFO] ApiDb:274 - Set plugin database path to: C:\ST\STM32CubeIDE_1.11.2\STM32CubeIDE\plugins\com.st.stm32cube.common.mx_6.10.0.202311202037\\db\/plugins/boardmanager/
2024-03-04 19:27:11,824 [WARN] ApiDb:259 - Overriding images path with different value:  => C:\ST\STM32CubeIDE_1.11.2\STM32CubeIDE\plugins\com.st.stm32cube.common.mx_6.10.0.202311202037\\db\/plugins/mcufinder/images/
2024-03-04 19:27:11,834 [INFO] ApiDb:250 - Set database path to: C:\Users\bakra\.stmcufinder\plugins\mcufinder//mcu/
2024-03-04 19:27:11,834 [INFO] DbMcusAds:125 - Set database path to: C:\Users\bakra\.stmcufinder\plugins\mcufinder//mcu/
2024-03-04 19:27:11,836 [INFO] CrossReferenceDbSqlite:203 - Set database path to: C:\Users\bakra\.stmcufinder\plugins\mcufinder//mcu/cs/
2024-03-04 19:27:11,939 [INFO] RulesReader:64 - Compatibility file has been processed (297 Rules)
2024-03-04 19:27:12,039 [INFO] DbMcusXml:78 - Set database path to: C:\ST\STM32CubeIDE_1.11.2\STM32CubeIDE\plugins\com.st.stm32cube.common.mx_6.10.0.202311202037\\db\/mcu/
2024-03-04 19:27:12,039 [INFO] ApiDb:274 - Set plugin database path to: C:\ST\STM32CubeIDE_1.11.2\STM32CubeIDE\plugins\com.st.stm32cube.common.mx_6.10.0.202311202037\\db\/plugins/boardmanager/
2024-03-04 19:27:12,039 [INFO] ApiDb:261 - Set plugin images path to: C:\ST\STM32CubeIDE_1.11.2\STM32CubeIDE\plugins\com.st.stm32cube.common.mx_6.10.0.202311202037\\db\/plugins/mcufinder/images/
2024-03-04 19:27:12,039 [WARN] DbFile:41 - Overriding database path with different value: C:\Users\bakra\.stmcufinder\plugins\mcufinder/ => C:\Users\bakra\.stmcufinder\plugins\mcufinder
2024-03-04 19:27:12,039 [INFO] ApiDb:250 - Set database path to: C:\Users\bakra\.stmcufinder\plugins\mcufinder//mcu/
2024-03-04 19:27:12,039 [WARN] DbFile:41 - Overriding database path with different value: C:\Users\bakra\.stmcufinder\plugins\mcufinder/ => C:\Users\bakra\.stmcufinder\plugins\mcufinder
2024-03-04 19:27:12,039 [INFO] DbMcusAds:125 - Set database path to: C:\Users\bakra\.stmcufinder\plugins\mcufinder//mcu/
2024-03-04 19:27:12,039 [WARN] DbFile:41 - Overriding database path with different value: C:\Users\bakra\.stmcufinder\plugins\mcufinder/ => C:\Users\bakra\.stmcufinder\plugins\mcufinder
2024-03-04 19:27:12,039 [WARN] DbFile:41 - Overriding database path with different value: C:\Users\bakra\.stmcufinder\plugins\mcufinder/ => C:\Users\bakra\.stmcufinder\plugins\mcufinder
2024-03-04 19:27:12,039 [INFO] CrossReferenceDbSqlite:203 - Set database path to: C:\Users\bakra\.stmcufinder\plugins\mcufinder//mcu/cs/
2024-03-04 19:27:12,128 [INFO] MainPanel:264 - HeapMemory: 268435456
2024-03-04 19:27:12,263 [INFO] DbMcusXml:78 - Set database path to: C:\ST\STM32CubeIDE_1.11.2\STM32CubeIDE\plugins\com.st.stm32cube.common.mx_6.10.0.202311202037\\db\/mcu/
2024-03-04 19:27:12,263 [INFO] ApiDb:274 - Set plugin database path to: C:\ST\STM32CubeIDE_1.11.2\STM32CubeIDE\plugins\com.st.stm32cube.common.mx_6.10.0.202311202037\\db\/plugins/boardmanager/
2024-03-04 19:27:12,263 [INFO] ApiDb:261 - Set plugin images path to: C:\ST\STM32CubeIDE_1.11.2\STM32CubeIDE\plugins\com.st.stm32cube.common.mx_6.10.0.202311202037\\db\/plugins/mcufinder/images/
2024-03-04 19:27:12,263 [WARN] DbFile:41 - Overriding database path with different value: C:\Users\bakra\.stmcufinder\plugins\mcufinder/ => C:\Users\bakra\.stmcufinder\plugins\mcufinder
2024-03-04 19:27:12,263 [INFO] ApiDb:250 - Set database path to: C:\Users\bakra\.stmcufinder\plugins\mcufinder//mcu/
2024-03-04 19:27:12,263 [WARN] DbFile:41 - Overriding database path with different value: C:\Users\bakra\.stmcufinder\plugins\mcufinder/ => C:\Users\bakra\.stmcufinder\plugins\mcufinder
2024-03-04 19:27:12,264 [INFO] DbMcusAds:125 - Set database path to: C:\Users\bakra\.stmcufinder\plugins\mcufinder//mcu/
2024-03-04 19:27:12,264 [WARN] DbFile:41 - Overriding database path with different value: C:\Users\bakra\.stmcufinder\plugins\mcufinder/ => C:\Users\bakra\.stmcufinder\plugins\mcufinder
2024-03-04 19:27:12,264 [WARN] DbFile:41 - Overriding database path with different value: C:\Users\bakra\.stmcufinder\plugins\mcufinder/ => C:\Users\bakra\.stmcufinder\plugins\mcufinder
2024-03-04 19:27:12,264 [INFO] CrossReferenceDbSqlite:203 - Set database path to: C:\Users\bakra\.stmcufinder\plugins\mcufinder//mcu/cs/
2024-03-04 19:27:12,288 [INFO] ApplicationProperties:184 - Using Application install path: C:\ST\STM32CubeIDE_1.11.2\STM32CubeIDE\plugins\com.st.stm32cube.common.mx_6.10.0.202311202037
2024-03-04 19:27:12,290 [INFO] PluginManage:196 - Search for loadable plugins [exclusion list=, ]
2024-03-04 19:27:12,291 [INFO] PluginManage:310 - Check plugin analytics
2024-03-04 19:27:12,412 [INFO] AnalyticsPlugin:253 - Accepted Software Licenses: 
2024-03-04 19:27:12,412 [INFO] AnalyticsPlugin:255 - Accepted CMSIS Pack Licenses: 
2024-03-04 19:27:12,412 [INFO] AnalyticsPlugin:257 - Accepted Firmware Licenses: 
2024-03-04 19:27:12,414 [INFO] PluginManage:359 - Loaded plugin analytics (category:tool,tabindex:-1)
2024-03-04 19:27:12,415 [INFO] PluginManage:310 - Check plugin cadmodel
2024-03-04 19:27:12,427 [INFO] CADModel:105 - Init CAD model plugin
2024-03-04 19:27:12,427 [INFO] PluginManage:359 - Loaded plugin cadmodel (category:power,tabindex:5)
2024-03-04 19:27:12,427 [INFO] PluginManage:310 - Check plugin clock
2024-03-04 19:27:12,446 [INFO] PluginManage:359 - Loaded plugin clock (category:base,tabindex:2)
2024-03-04 19:27:12,446 [INFO] PluginManage:310 - Check plugin ddr
2024-03-04 19:27:12,449 [INFO] PluginManage:359 - Loaded plugin ddr (category:tool,tabindex:6)
2024-03-04 19:27:12,449 [INFO] PluginManage:310 - Check plugin filemanager
2024-03-04 19:27:12,569 [INFO] PluginManage:359 - Loaded plugin filemanager (category:base,tabindex:10)
2024-03-04 19:27:12,569 [INFO] PluginManage:310 - Check plugin ipmanager
2024-03-04 19:27:12,575 [INFO] PluginManage:359 - Loaded plugin ipmanager (category:base,tabindex:5)
2024-03-04 19:27:12,575 [INFO] PluginManage:310 - Check plugin lpbam
2024-03-04 19:27:12,590 [INFO] PluginManage:359 - Loaded plugin lpbam (category:base,tabindex:0)
2024-03-04 19:27:12,590 [INFO] PluginManage:310 - Check plugin memorymap
2024-03-04 19:27:12,626 [INFO] PluginManage:359 - Loaded plugin memorymap (category:base,tabindex:4)
2024-03-04 19:27:12,626 [INFO] PluginManage:310 - Check plugin pinoutandconfiguration
2024-03-04 19:27:12,640 [INFO] PluginManage:359 - Loaded plugin pinoutandconfiguration (category:base,tabindex:1)
2024-03-04 19:27:12,640 [INFO] PluginManage:310 - Check plugin pinoutconfig
2024-03-04 19:27:12,732 [WARN] SupportedApi:132 - Cannot load RTOS API schema: s4s-elt-must-match.1: The content of 'definitions' must match (annotation?, (simpleType | complexType)?, (unique | key | keyref)*)). A problem was found starting at: attribute.
2024-03-04 19:27:12,835 [INFO] PluginManage:359 - Loaded plugin pinoutconfig (category:base,tabindex:0)
2024-03-04 19:27:12,835 [INFO] PluginManage:310 - Check plugin power
2024-03-04 19:27:12,852 [INFO] PluginManage:359 - Loaded plugin power (category:power,tabindex:4)
2024-03-04 19:27:12,852 [INFO] PluginManage:310 - Check plugin projectmanager
2024-03-04 19:27:12,867 [INFO] PluginManage:359 - Loaded plugin projectmanager (category:projectmanager,tabindex:3)
2024-03-04 19:27:12,867 [INFO] PluginManage:310 - Check plugin thirdparty
2024-03-04 19:27:13,097 [INFO] PluginManage:359 - Loaded plugin thirdparty (category:base,tabindex:-1)
2024-03-04 19:27:13,097 [WARN] IntegrityCheckThread:84 - waiting for thirdparty lock release [integrity check]
2024-03-04 19:27:13,097 [INFO] PluginManage:310 - Check plugin tools
2024-03-04 19:27:13,097 [INFO] IntegrityCheckThread:86 - entering critical section [integrity check]
2024-03-04 19:27:13,098 [INFO] ThirdPartyUpdaterWithRetryManager:70 - Updater plugin not ready yet. [1/15]
2024-03-04 19:27:13,121 [INFO] PluginManage:359 - Loaded plugin tools (category:base,tabindex:7)
2024-03-04 19:27:13,121 [INFO] PluginManage:310 - Check plugin tutovideos
2024-03-04 19:27:13,345 [INFO] PluginManage:359 - Loaded plugin tutovideos (category:base,tabindex:-1)
2024-03-04 19:27:13,346 [INFO] PluginManage:310 - Check plugin updater
2024-03-04 19:27:13,355 [INFO] PluginManage:359 - Loaded plugin updater (category:base,tabindex:12)
2024-03-04 19:27:13,355 [INFO] PluginManage:310 - Check plugin userauth
2024-03-04 19:27:13,360 [INFO] UserAuth:114 - Init User Auth plugin
2024-03-04 19:27:13,360 [INFO] PluginManage:359 - Loaded plugin userauth (category:base,tabindex:14)
2024-03-04 19:27:13,360 [INFO] PluginManage:283 - PluginManage : Loaded plugins [17]
2024-03-04 19:27:13,569 [INFO] PinOutPanel:1499 - setPackage(No Configuration,No Configuration)
2024-03-04 19:27:13,631 [INFO] CADModel:165 - CPN selected for project level
2024-03-04 19:27:13,631 [INFO] CADModel:114 - Register for checkConnection events
2024-03-04 19:27:13,654 [INFO] IPUIPlugin:80 - create IPUIPlugin
2024-03-04 19:27:13,654 [INFO] PluginManager:220 - loadIPPluginJar : add adc
2024-03-04 19:27:13,681 [INFO] IPUIPlugin:80 - create IPUIPlugin
2024-03-04 19:27:13,682 [INFO] PluginManager:220 - loadIPPluginJar : add aes
2024-03-04 19:27:13,710 [INFO] IPUIPlugin:80 - create IPUIPlugin
2024-03-04 19:27:13,710 [INFO] PluginManager:220 - loadIPPluginJar : add can
2024-03-04 19:27:13,728 [INFO] IPUIPlugin:80 - create IPUIPlugin
2024-03-04 19:27:13,728 [INFO] PluginManager:220 - loadIPPluginJar : add comp
2024-03-04 19:27:13,750 [INFO] IPUIPlugin:80 - create IPUIPlugin
2024-03-04 19:27:13,750 [INFO] PluginManager:220 - loadIPPluginJar : add cryp
2024-03-04 19:27:13,770 [INFO] IPUIPlugin:80 - create IPUIPlugin
2024-03-04 19:27:13,770 [INFO] PluginManager:220 - loadIPPluginJar : add dfsdm
2024-03-04 19:27:13,781 [INFO] IPUIPlugin:80 - create IPUIPlugin
2024-03-04 19:27:13,782 [INFO] PluginManager:220 - loadIPPluginJar : add dma
2024-03-04 19:27:13,810 [INFO] IPUIPlugin:80 - create IPUIPlugin
2024-03-04 19:27:13,810 [INFO] PluginManager:220 - loadIPPluginJar : add dma3
2024-03-04 19:27:13,824 [INFO] IPUIPlugin:80 - create IPUIPlugin
2024-03-04 19:27:13,824 [INFO] PluginManager:220 - loadIPPluginJar : add fatfs
2024-03-04 19:27:13,855 [INFO] IPUIPlugin:80 - create IPUIPlugin
2024-03-04 19:27:13,856 [INFO] PluginManager:220 - loadIPPluginJar : add fmc
2024-03-04 19:27:13,870 [INFO] IPUIPlugin:80 - create IPUIPlugin
2024-03-04 19:27:13,870 [INFO] PluginManager:220 - loadIPPluginJar : add freertos
2024-03-04 19:27:13,884 [INFO] IPUIPlugin:80 - create IPUIPlugin
2024-03-04 19:27:13,884 [INFO] PluginManager:220 - loadIPPluginJar : add genericplugin
2024-03-04 19:27:13,942 [INFO] IPUIPlugin:80 - create IPUIPlugin
2024-03-04 19:27:13,942 [INFO] PluginManager:220 - loadIPPluginJar : add gfxmmu
2024-03-04 19:27:14,024 [INFO] IPUIPlugin:80 - create IPUIPlugin
2024-03-04 19:27:14,024 [INFO] PluginManager:220 - loadIPPluginJar : add gic
2024-03-04 19:27:14,035 [INFO] IPUIPlugin:80 - create IPUIPlugin
2024-03-04 19:27:14,035 [INFO] PluginManager:220 - loadIPPluginJar : add gpio
2024-03-04 19:27:14,096 [INFO] IPUIPlugin:80 - create IPUIPlugin
2024-03-04 19:27:14,096 [INFO] PluginManager:220 - loadIPPluginJar : add gtzc
2024-03-04 19:27:14,117 [INFO] IPUIPlugin:80 - create IPUIPlugin
2024-03-04 19:27:14,117 [INFO] PluginManager:220 - loadIPPluginJar : add hash
2024-03-04 19:27:14,151 [INFO] IPUIPlugin:80 - create IPUIPlugin
2024-03-04 19:27:14,151 [INFO] PluginManager:220 - loadIPPluginJar : add i2c
2024-03-04 19:27:14,177 [INFO] IPUIPlugin:80 - create IPUIPlugin
2024-03-04 19:27:14,177 [INFO] PluginManager:220 - loadIPPluginJar : add i2s
2024-03-04 19:27:14,204 [INFO] IPUIPlugin:80 - create IPUIPlugin
2024-03-04 19:27:14,204 [INFO] PluginManager:220 - loadIPPluginJar : add i3c
2024-03-04 19:27:14,280 [INFO] IPUIPlugin:80 - create IPUIPlugin
2024-03-04 19:27:14,280 [INFO] PluginManager:220 - loadIPPluginJar : add ipddr
2024-03-04 19:27:14,342 [INFO] IPUIPlugin:80 - create IPUIPlugin
2024-03-04 19:27:14,342 [INFO] PluginManager:220 - loadIPPluginJar : add linkedlist
2024-03-04 19:27:14,369 [INFO] IPUIPlugin:80 - create IPUIPlugin
2024-03-04 19:27:14,370 [INFO] PluginManager:220 - loadIPPluginJar : add lorawan
2024-03-04 19:27:14,399 [INFO] IPUIPlugin:80 - create IPUIPlugin
2024-03-04 19:27:14,400 [INFO] PluginManager:220 - loadIPPluginJar : add ltdc
2024-03-04 19:27:14,412 [INFO] IPUIPlugin:80 - create IPUIPlugin
2024-03-04 19:27:14,413 [INFO] PluginManager:220 - loadIPPluginJar : add mdma
2024-03-04 19:27:14,423 [INFO] IPUIPlugin:80 - create IPUIPlugin
2024-03-04 19:27:14,423 [INFO] PluginManager:220 - loadIPPluginJar : add nvic
2024-03-04 19:27:14,452 [INFO] IPUIPlugin:80 - create IPUIPlugin
2024-03-04 19:27:14,452 [INFO] PluginManager:220 - loadIPPluginJar : add opamp
2024-03-04 19:27:14,495 [INFO] IPUIPlugin:80 - create IPUIPlugin
2024-03-04 19:27:14,495 [INFO] PluginManager:220 - loadIPPluginJar : add openamp
2024-03-04 19:27:14,524 [INFO] IPUIPlugin:80 - create IPUIPlugin
2024-03-04 19:27:14,524 [INFO] PluginManager:220 - loadIPPluginJar : add pdm2pcm
2024-03-04 19:27:14,536 [INFO] IPUIPlugin:80 - create IPUIPlugin
2024-03-04 19:27:14,537 [INFO] PluginManager:220 - loadIPPluginJar : add plateformsettings
2024-03-04 19:27:14,555 [INFO] IPUIPlugin:80 - create IPUIPlugin
2024-03-04 19:27:14,555 [INFO] PluginManager:220 - loadIPPluginJar : add quadspi
2024-03-04 19:27:14,565 [INFO] IPUIPlugin:80 - create IPUIPlugin
2024-03-04 19:27:14,565 [INFO] PluginManager:220 - loadIPPluginJar : add resmgrutility
2024-03-04 19:27:14,600 [INFO] IPUIPlugin:80 - create IPUIPlugin
2024-03-04 19:27:14,601 [INFO] PluginManager:220 - loadIPPluginJar : add sai
2024-03-04 19:27:14,625 [INFO] IPUIPlugin:80 - create IPUIPlugin
2024-03-04 19:27:14,625 [INFO] PluginManager:220 - loadIPPluginJar : add spi
2024-03-04 19:27:14,672 [INFO] IPUIPlugin:80 - create IPUIPlugin
2024-03-04 19:27:14,672 [INFO] PluginManager:220 - loadIPPluginJar : add stm32_wpan
2024-03-04 19:27:14,688 [INFO] IPUIPlugin:80 - create IPUIPlugin
2024-03-04 19:27:14,688 [INFO] PluginManager:220 - loadIPPluginJar : add tim
2024-03-04 19:27:14,725 [INFO] IPUIPlugin:80 - create IPUIPlugin
2024-03-04 19:27:14,725 [INFO] PluginManager:220 - loadIPPluginJar : add touchsensing
2024-03-04 19:27:14,741 [INFO] IPUIPlugin:80 - create IPUIPlugin
2024-03-04 19:27:14,741 [INFO] PluginManager:220 - loadIPPluginJar : add tracer_emb
2024-03-04 19:27:14,757 [INFO] IPUIPlugin:80 - create IPUIPlugin
2024-03-04 19:27:14,757 [INFO] PluginManager:220 - loadIPPluginJar : add ts
2024-03-04 19:27:14,773 [INFO] IPUIPlugin:80 - create IPUIPlugin
2024-03-04 19:27:14,773 [INFO] PluginManager:220 - loadIPPluginJar : add tsc
2024-03-04 19:27:14,786 [INFO] IPUIPlugin:80 - create IPUIPlugin
2024-03-04 19:27:14,787 [INFO] PluginManager:220 - loadIPPluginJar : add ucpd
2024-03-04 19:27:14,815 [INFO] IPUIPlugin:80 - create IPUIPlugin
2024-03-04 19:27:14,815 [INFO] PluginManager:220 - loadIPPluginJar : add usart
2024-03-04 19:27:14,843 [INFO] IPUIPlugin:80 - create IPUIPlugin
2024-03-04 19:27:14,844 [INFO] PluginManager:220 - loadIPPluginJar : add usbx
2024-03-04 19:27:14,961 [INFO] CADModel:165 - CPN selected for project level
2024-03-04 19:27:14,961 [INFO] CADModel:114 - Register for checkConnection events
2024-03-04 19:27:14,962 [FATAL] Updater:308 - Updater called before beeing initialized
2024-03-04 19:27:14,962 [ERROR] CADModel:125 - Updater not yet initialized, retry later 
2024-03-04 19:27:15,117 [INFO] CADModel:165 - CPN selected for project level
2024-03-04 19:27:15,117 [INFO] CADModel:114 - Register for checkConnection events
2024-03-04 19:27:15,117 [FATAL] Updater:308 - Updater called before beeing initialized
2024-03-04 19:27:15,117 [ERROR] CADModel:125 - Updater not yet initialized, retry later 
2024-03-04 19:27:15,119 [FATAL] Updater:308 - Updater called before beeing initialized
2024-03-04 19:27:15,210 [FATAL] Updater:308 - Updater called before beeing initialized
2024-03-04 19:27:15,219 [INFO] DbMcusAds:53 - JSON generation date=Wed Nov 29 05:52:27 EST 2023 (1701255147349)
2024-03-04 19:27:15,219 [FATAL] Updater:308 - Updater called before beeing initialized
2024-03-04 19:27:15,287 [WARN] DetailPanel:346 - Failed to get advertising image, set to default
2024-03-04 19:27:15,374 [FATAL] Updater:308 - Updater called before beeing initialized
2024-03-04 19:27:15,387 [FATAL] Updater:308 - Updater called before beeing initialized
2024-03-04 19:27:15,387 [FATAL] Updater:308 - Updater called before beeing initialized
2024-03-04 19:27:15,387 [WARN] DetailPanel:346 - Failed to get advertising image, set to default
2024-03-04 19:27:15,387 [FATAL] Updater:308 - Updater called before beeing initialized
2024-03-04 19:27:15,449 [ERROR] Updater:1120 - MainUpdater not yet initialized. External WinMGr cannot be set.
2024-03-04 19:27:15,459 [INFO] Updater:1056 - Updater Version found : 6.10.0
2024-03-04 19:27:15,474 [INFO] ApplicationProperties:184 - Using Application install path: C:\ST\STM32CubeIDE_1.11.2\STM32CubeIDE\plugins\com.st.stm32cube.common.mx_6.10.0.202311202037
2024-03-04 19:27:16,099 [INFO] ThirdPartyUpdaterWithRetryManager:70 - Updater plugin not ready yet. [2/15]
2024-03-04 19:27:17,050 [ERROR] LogOutputStream:75 - [STDERR_REDIRECT] Mar 04, 2024 7:27:17 PM java.util.prefs.WindowsPreferences <init>
2024-03-04 19:27:17,051 [ERROR] LogOutputStream:75 - [STDERR_REDIRECT] WARNING: Could not open/create prefs root node Software\JavaSoft\Prefs at root 0xffffffff80000002. Windows RegCreateKeyEx(...) returned error code 5.
2024-03-04 19:27:17,051 [ERROR] LogOutputStream:75 - [STDERR_REDIRECT] 
2024-03-04 19:27:17,517 [INFO] MainUpdater:2873 - connection check result : 10
2024-03-04 19:27:17,518 [INFO] MainUpdater:3567 - Updater definition file requires update
2024-03-04 19:27:17,518 [INFO] MainUpdater:290 - Updater Check For Update Now.
2024-03-04 19:27:17,518 [INFO] MicroXplorer:498 - Change Database Version : DB.6.0.100
2024-03-04 19:27:17,531 [INFO] McuFinderGlobals:63 - Set McuFinder mode to 2 (CubeIDE integrated)
2024-03-04 19:27:17,540 [INFO] UserAuth:404 - Internet connection configuration mode: 1
2024-03-04 19:27:17,559 [INFO] JxBrowserEngine:152 - Initiate JxBrowser Engine with user profile folder
2024-03-04 19:27:17,594 [INFO] ServerAccessManage:473 - Download File updaters.zip
2024-03-04 19:27:17,650 [INFO] FileExtend:240 - Unzip File : updaters.zip
2024-03-04 19:27:17,650 [INFO] FileExtend:255 - Standard Zip Deflate
2024-03-04 19:27:17,944 [INFO] ServerAccessManage:473 - Download File PacksControlFlags.xml
2024-03-04 19:27:18,021 [INFO] ServerAccessManage:473 - Download File cubemx.pidx
2024-03-04 19:27:18,430 [INFO] ServerAccessManage:473 - Download File STMicroelectronics.X-CUBE-BLEMGR.pdsc
2024-03-04 19:27:18,910 [INFO] ServerAccessManage:473 - Download File STMicroelectronics.X-CUBE-TOF1.pdsc
2024-03-04 19:27:19,100 [WARN] MainUpdater:1194 - Updater busy. Cannot search thirdparties
2024-03-04 19:27:19,100 [INFO] ThirdPartyUpdaterWithRetryManager:96 - Updater plugin is busy. [1/15]
2024-03-04 19:27:19,277 [ERROR] ServerAccessManage:1089 - Problem, file not found on Server
2024-03-04 19:27:19,686 [WARN] PackLoader:240 - Cannot read IP mode file for STMicroelectronics.X-CUBE-BLEMGR.3.1.0
2024-03-04 19:27:19,704 [WARN] PackLoader:240 - Cannot read IP mode file for STMicroelectronics.X-CUBE-TOF1.3.4.1
2024-03-04 19:27:19,714 [INFO] PopulateThirdPartyThread:66 - Ending populate Thread
2024-03-04 19:27:19,716 [INFO] ThirdParty:1030 - CMSIS Pack Vendor :STMicroelectronics X-CUBE-BLEMGR 3.1.0
2024-03-04 19:27:19,716 [INFO] ThirdParty:1030 - CMSIS Pack Vendor :STMicroelectronics X-CUBE-TOF1 3.4.1
2024-03-04 19:27:19,716 [INFO] LoadServerUpdatesThread:375 - End of LoadServerUpdate Thread
2024-03-04 19:27:19,797 [INFO] CheckServerUpdateThread:120 - End of CheckServer Thread
2024-03-04 19:27:20,700 [INFO] WebApp:161 - Instantiating new browser for Auth
2024-03-04 19:27:21,163 [INFO] WebApp:780 - Register for checkConnection events
2024-03-04 19:27:21,163 [INFO] WebApp:414 - Apply proxy settings
2024-03-04 19:27:21,163 [INFO] WebApp:499 - Chromium requires no authentication
2024-03-04 19:27:21,170 [INFO] WebApp:442 - Direct internet connection detected
2024-03-04 19:27:21,298 [INFO] WebApp:192 - Starting web application
2024-03-04 19:27:21,298 [INFO] WebApp:544 - Web application path used C:\ST\STM32CubeIDE_1.11.2\STM32CubeIDE\plugins\com.st.stm32cube.common.mx_6.10.0.202311202037\db\plugins\mcufinder\reactClient1\index.html
2024-03-04 19:27:22,235 [WARN] PackLoader:240 - Cannot read IP mode file for STMicroelectronics.X-CUBE-SMBUS.2.1.0
2024-03-04 19:27:22,245 [WARN] PackLoader:240 - Cannot read IP mode file for STMicroelectronics.X-CUBE-TOUCHGFX.4.23.0
2024-03-04 19:27:22,268 [WARN] PackLoader:240 - Cannot read IP mode file for STMicroelectronics.X-CUBE-AZRTOS-F7.1.1.0
2024-03-04 19:27:22,282 [ERROR] RealEvaluatedCondition:428 - Found unsupported composite condition: GROUP='STM32_MetaDataManager' CLASS='Data Exchange'
2024-03-04 19:27:22,282 [ERROR] RealEvaluatedCondition:428 - Found unsupported composite condition: GROUP='STM32_MetaDataManager' CLASS='Data Exchange'
2024-03-04 19:27:22,283 [WARN] PackLoader:240 - Cannot read IP mode file for STMicroelectronics.FP-SNS-MOTENV1.4.3.0
2024-03-04 19:27:22,295 [WARN] PackLoader:240 - Cannot read IP mode file for STMicroelectronics.FP-SNS-MOTENV1.4.3.2
2024-03-04 19:27:22,304 [WARN] PackLoader:240 - Cannot read IP mode file for STMicroelectronics.FP-SNS-FLIGHT1.5.0.0
2024-03-04 19:27:22,315 [ERROR] RealEvaluatedCondition:428 - Found unsupported composite condition: GROUP='STM32_MetaDataManager' CLASS='Data Exchange'
2024-03-04 19:27:22,316 [ERROR] RealEvaluatedCondition:428 - Found unsupported composite condition: GROUP='STM32_MetaDataManager' CLASS='Data Exchange'
2024-03-04 19:27:22,316 [WARN] PackLoader:240 - Cannot read IP mode file for STMicroelectronics.FP-SNS-MOTENV1.4.3.1
2024-03-04 19:27:22,328 [WARN] PackLoader:240 - Cannot read IP mode file for STMicroelectronics.FP-SNS-FLIGHT1.5.0.1
2024-03-04 19:27:22,340 [WARN] PackLoader:240 - Cannot read IP mode file for STMicroelectronics.X-CUBE-BLE1.6.2.4
2024-03-04 19:27:22,345 [WARN] PackLoader:240 - Cannot read IP mode file for STMicroelectronics.FP-SNS-FLIGHT1.5.0.2
2024-03-04 19:27:22,358 [WARN] PackLoader:240 - Cannot read IP mode file for STMicroelectronics.X-CUBE-DISPLAY.3.0.0
2024-03-04 19:27:22,371 [WARN] PackLoader:240 - Cannot read IP mode file for STMicroelectronics.X-CUBE-BLE1.7.0.0
2024-03-04 19:27:22,381 [WARN] PackLoader:240 - Cannot read IP mode file for STMicroelectronics.X-CUBE-TOUCHGFX.4.22.0
2024-03-04 19:27:22,392 [WARN] PackLoader:240 - Cannot read IP mode file for STMicroelectronics.X-CUBE-TOUCHGFX.4.22.1
2024-03-04 19:27:22,398 [WARN] PackLoader:240 - Cannot read IP mode file for STMicroelectronics.X-CUBE-BLEMGR.3.1.0
2024-03-04 19:27:22,411 [WARN] PackLoader:240 - Cannot read IP mode file for STMicroelectronics.FP-SNS-SMARTAG2.1.2.0
2024-03-04 19:27:22,428 [INFO] LogOutputStream:77 - [STDOUT_REDIRECT] 1 : Invalid condition id : UX_CORESTACK_Condition cause : null
2024-03-04 19:27:22,430 [INFO] LogOutputStream:77 - [STDOUT_REDIRECT] 1 : Invalid condition id : UX_CORESTACK_Condition cause : null
2024-03-04 19:27:22,431 [INFO] LogOutputStream:77 - [STDOUT_REDIRECT] 1 : Invalid condition id : UX_CORESTACK_Condition cause : null
2024-03-04 19:27:22,431 [INFO] LogOutputStream:77 - [STDOUT_REDIRECT] 1 : Invalid condition id : UX_CORESTACK_Condition cause : null
2024-03-04 19:27:22,432 [INFO] LogOutputStream:77 - [STDOUT_REDIRECT] 1 : Invalid condition id : UX_CORESTACK_Condition cause : null
2024-03-04 19:27:22,434 [WARN] PackLoader:240 - Cannot read IP mode file for STMicroelectronics.X-CUBE-AZRTOS-WL.2.0.0
2024-03-04 19:27:22,446 [WARN] PackLoader:240 - Cannot read IP mode file for WES.I-CUBE-Cesium.1.3.0
2024-03-04 19:27:22,458 [WARN] PackLoader:240 - Cannot read IP mode file for STMicroelectronics.X-CUBE-BLE2.3.3.0
2024-03-04 19:27:22,474 [WARN] PackLoader:240 - Cannot read IP mode file for STMicroelectronics.X-CUBE-TOF1.3.2.0
2024-03-04 19:27:22,487 [WARN] PackLoader:240 - Cannot read IP mode file for STMicroelectronics.X-CUBE-TOUCHGFX.4.21.1
2024-03-04 19:27:22,496 [WARN] PackLoader:240 - Cannot read IP mode file for STMicroelectronics.X-CUBE-TOUCHGFX.4.21.3
2024-03-04 19:27:22,506 [WARN] PackLoader:240 - Cannot read IP mode file for STMicroelectronics.X-CUBE-TOUCHGFX.4.21.4
2024-03-04 19:27:22,517 [WARN] PackLoader:240 - Cannot read IP mode file for STMicroelectronics.X-CUBE-ALGOBUILD.1.3.0
2024-03-04 19:27:22,548 [WARN] PackLoader:240 - Cannot read IP mode file for STMicroelectronics.X-CUBE-AZRTOS-G0.1.1.0
2024-03-04 19:27:22,560 [WARN] PackLoader:240 - Cannot read IP mode file for STMicroelectronics.X-CUBE-NFC4.3.0.0
2024-03-04 19:27:22,574 [WARN] PackLoader:240 - Cannot read IP mode file for STMicroelectronics.X-CUBE-BLEMGR.3.0.0
2024-03-04 19:27:22,587 [WARN] PackLoader:240 - Cannot read IP mode file for STMicroelectronics.X-CUBE-BLEMGR.1.3.0
2024-03-04 19:27:22,592 [WARN] PackLoader:240 - Cannot read IP mode file for STMicroelectronics.FP-ATR-SIGFOX1.3.2.0
2024-03-04 19:27:22,605 [WARN] PackLoader:240 - Cannot read IP mode file for STMicroelectronics.X-CUBE-EEPRMA1.5.1.0
2024-03-04 19:27:22,642 [WARN] PackLoader:240 - Cannot read IP mode file for STMicroelectronics.X-CUBE-MEMS1.9.5.0
2024-03-04 19:27:22,767 [WARN] PackLoader:240 - Cannot read IP mode file for SEGGER.I-CUBE-embOS.1.3.1
2024-03-04 19:27:22,818 [WARN] PackLoader:240 - Cannot read IP mode file for STMicroelectronics.X-CUBE-GNSS1.6.0.0
2024-03-04 19:27:22,853 [WARN] PackLoader:240 - Cannot read IP mode file for STMicroelectronics.X-CUBE-AZRTOS-F4.1.1.0
2024-03-04 19:27:22,897 [WARN] PackLoader:240 - Cannot read IP mode file for STMicroelectronics.X-CUBE-AZRTOS-L5.2.0.0
2024-03-04 19:27:22,975 [WARN] PackLoader:240 - Cannot read IP mode file for STMicroelectronics.X-CUBE-MEMS1.9.6.0
2024-03-04 19:27:23,113 [WARN] PackLoader:240 - Cannot read IP mode file for STMicroelectronics.X-CUBE-EEPRMA1.4.2.0
2024-03-04 19:27:23,129 [WARN] PackLoader:240 - Cannot read IP mode file for ITTIA_DB.I-CUBE-ITTIADB.8.8.0
2024-03-04 19:27:23,147 [WARN] PackLoader:240 - Cannot read IP mode file for emotas.I-CUBE-CANOPEN.1.1.3
2024-03-04 19:27:23,164 [WARN] PackLoader:240 - Cannot read IP mode file for STMicroelectronics.X-CUBE-BLEMGR.2.0.0
2024-03-04 19:27:23,197 [WARN] ConditionMgr:438 - getConditionDescription Invalid condition id : UX DEVICE CLASS RTOS Condition cause : null
2024-03-04 19:27:23,197 [WARN] ConditionMgr:438 - getConditionDescription Invalid condition id : UX DEVICE CLASS RTOS Condition cause : null
2024-03-04 19:27:23,199 [WARN] PackLoader:240 - Cannot read IP mode file for STMicroelectronics.X-CUBE-AZRTOS-H7.3.1.0
2024-03-04 19:27:23,200 [WARN] ConditionMgr:1039 - genDependencies : Invalid condition id : UX DEVICE CLASS RTOS Condition cause : null
2024-03-04 19:27:23,201 [WARN] ConditionMgr:1039 - genDependencies : Invalid condition id : UX DEVICE CLASS RTOS Condition cause : null
2024-03-04 19:27:23,201 [WARN] ConditionMgr:1039 - genDependencies : Invalid condition id : UX DEVICE CLASS RTOS Condition cause : null
2024-03-04 19:27:23,202 [WARN] ConditionMgr:1039 - genDependencies : Invalid condition id : UX DEVICE CLASS RTOS Condition cause : null
2024-03-04 19:27:23,202 [WARN] ConditionMgr:1039 - genDependencies : Invalid condition id : UX DEVICE CLASS RTOS Condition cause : null
2024-03-04 19:27:23,215 [WARN] PackLoader:240 - Cannot read IP mode file for wolfSSL.I-CUBE-wolfSSL.5.5.4
2024-03-04 19:27:23,232 [WARN] PackLoader:240 - Cannot read IP mode file for STMicroelectronics.X-CUBE-NFC7.1.0.1
2024-03-04 19:27:23,245 [WARN] PackLoader:240 - Cannot read IP mode file for STMicroelectronics.X-CUBE-NFC7.1.0.0
2024-03-04 19:27:23,260 [WARN] PackLoader:240 - Cannot read IP mode file for STMicroelectronics.X-CUBE-NFC6.3.0.0
2024-03-04 19:27:23,276 [WARN] PackLoader:240 - Cannot read IP mode file for STMicroelectronics.X-CUBE-EEPRMA1.4.1.0
2024-03-04 19:27:23,291 [WARN] PackLoader:240 - Cannot read IP mode file for STMicroelectronics.X-CUBE-AI.8.1.0
2024-03-04 19:27:23,321 [WARN] ConditionMgr:438 - getConditionDescription Invalid condition id : LAN8742 Phy interface Condition cause : null
2024-03-04 19:27:23,323 [WARN] PackLoader:240 - Cannot read IP mode file for STMicroelectronics.X-CUBE-AZRTOS-L4.2.0.0
2024-03-04 19:27:23,324 [WARN] ConditionMgr:1039 - genDependencies : Invalid condition id : LAN8742 Phy interface Condition cause : null
2024-03-04 19:27:23,324 [WARN] ConditionMgr:1039 - genDependencies : Invalid condition id : LAN8742 Phy interface Condition cause : null
2024-03-04 19:27:23,325 [WARN] ConditionMgr:1039 - genDependencies : Invalid condition id : LAN8742 Phy interface Condition cause : null
2024-03-04 19:27:23,341 [WARN] PackLoader:240 - Cannot read IP mode file for STMicroelectronics.X-CUBE-SFXS2LP1.4.0.0
2024-03-04 19:27:23,372 [WARN] PackLoader:240 - Cannot read IP mode file for STMicroelectronics.X-CUBE-AZRTOS-H7.3.0.0
2024-03-04 19:27:23,387 [WARN] PackLoader:240 - Cannot read IP mode file for STMicroelectronics.X-CUBE-ISPU.1.1.0
2024-03-04 19:27:23,409 [WARN] PackLoader:240 - Cannot read IP mode file for RoweBots.I-CUBE-UNISONRTOS.5.5.0-4
2024-03-04 19:27:23,424 [WARN] PackLoader:240 - Cannot read IP mode file for STMicroelectronics.X-CUBE-AI.8.0.0
2024-03-04 19:27:23,449 [WARN] ConditionMgr:438 - getConditionDescription Invalid condition id : UX DEVICE CLASS RTOS Condition cause : null
2024-03-04 19:27:23,449 [WARN] ConditionMgr:438 - getConditionDescription Invalid condition id : UX DEVICE CLASS RTOS Condition cause : null
2024-03-04 19:27:23,450 [WARN] PackLoader:240 - Cannot read IP mode file for STMicroelectronics.X-CUBE-AZRTOS-WB.2.0.0
2024-03-04 19:27:23,450 [WARN] ConditionMgr:1039 - genDependencies : Invalid condition id : UX DEVICE CLASS RTOS Condition cause : null
2024-03-04 19:27:23,450 [WARN] ConditionMgr:1039 - genDependencies : Invalid condition id : UX DEVICE CLASS RTOS Condition cause : null
2024-03-04 19:27:23,451 [WARN] ConditionMgr:1039 - genDependencies : Invalid condition id : UX DEVICE CLASS RTOS Condition cause : null
2024-03-04 19:27:23,451 [WARN] ConditionMgr:1039 - genDependencies : Invalid condition id : UX DEVICE CLASS RTOS Condition cause : null
2024-03-04 19:27:23,451 [WARN] ConditionMgr:1039 - genDependencies : Invalid condition id : UX DEVICE CLASS RTOS Condition cause : null
2024-03-04 19:27:23,464 [WARN] PackLoader:240 - Cannot read IP mode file for STMicroelectronics.X-CUBE-FREERTOS.1.0.0
2024-03-04 19:27:23,479 [WARN] PackLoader:240 - Cannot read IP mode file for STMicroelectronics.X-CUBE-FREERTOS.1.0.1
2024-03-04 19:27:23,515 [WARN] PackLoader:240 - Cannot read IP mode file for STMicroelectronics.X-CUBE-AZRTOS-L5.1.1.0
2024-03-04 19:27:23,530 [WARN] PackLoader:240 - Cannot read IP mode file for STMicroelectronics.X-CUBE-AI.8.0.1
2024-03-04 19:27:23,546 [WARN] PackLoader:240 - Cannot read IP mode file for STMicroelectronics.X-CUBE-SUBG2.5.0.0
2024-03-04 19:27:23,567 [WARN] PackLoader:240 - Cannot read IP mode file for STMicroelectronics.X-CUBE-TOF1.3.3.1
2024-03-04 19:27:23,594 [WARN] PackLoader:240 - Cannot read IP mode file for STMicroelectronics.X-CUBE-AZRTOS-G4.2.0.0
2024-03-04 19:27:23,612 [WARN] PackLoader:240 - Cannot read IP mode file for STMicroelectronics.X-CUBE-TOF1.3.3.0
2024-03-04 19:27:23,628 [WARN] PackLoader:240 - Cannot read IP mode file for STMicroelectronics.FP-ATR-ASTRA1.1.1.1
2024-03-04 19:27:23,647 [WARN] PackLoader:240 - Cannot read IP mode file for Infineon.AIROC-Wi-Fi-Bluetooth-STM32.1.5.1
2024-03-04 19:27:23,662 [WARN] PackLoader:240 - Cannot read IP mode file for STMicroelectronics.FP-SNS-MOTENVWB1.1.3.0
2024-03-04 19:27:23,667 [WARN] PackLoader:240 - Cannot read IP mode file for STMicroelectronics.FP-SNS-MOTENVWB1.1.3.1
2024-03-04 19:27:23,690 [WARN] PackLoader:240 - Cannot read IP mode file for STMicroelectronics.X-CUBE-AZRTOS-G4.1.0.0
2024-03-04 19:27:23,714 [WARN] PackLoader:240 - Cannot read IP mode file for STMicroelectronics.X-CUBE-AZRTOS-L4.1.0.0
2024-03-04 19:27:23,727 [WARN] PackLoader:240 - Cannot read IP mode file for STMicroelectronics.X-CUBE-ISPU.2.0.0
2024-03-04 19:27:23,760 [WARN] PackLoader:240 - Cannot read IP mode file for STMicroelectronics.X-CUBE-MEMS1.10.0.0
2024-03-04 19:27:23,855 [WARN] PackLoader:240 - Cannot read IP mode file for STMicroelectronics.X-CUBE-FREERTOS.1.1.0
2024-03-04 19:27:23,871 [WARN] PackLoader:240 - Cannot read IP mode file for STMicroelectronics.X-CUBE-AZRTOS-WL.1.0.0
2024-03-04 19:27:23,883 [WARN] PackLoader:240 - Cannot read IP mode file for portGmbH.I-Cube-SoM-uGOAL.1.1.0
2024-03-04 19:27:23,895 [WARN] PackLoader:240 - Cannot read IP mode file for STMicroelectronics.X-CUBE-ALS.1.0.1
2024-03-04 19:27:23,911 [WARN] PackLoader:240 - Cannot read IP mode file for STMicroelectronics.X-CUBE-AZRTOS-WB.1.1.0
2024-03-04 19:27:23,915 [WARN] PackLoader:240 - Cannot read IP mode file for STMicroelectronics.FP-ATR-ASTRA1.2.0.0
2024-03-04 19:27:23,930 [WARN] PackLoader:240 - Cannot read IP mode file for STMicroelectronics.X-CUBE-TOF1.3.4.0
2024-03-04 19:27:23,939 [WARN] PackLoader:240 - Cannot read IP mode file for STMicroelectronics.X-CUBE-TOF1.3.4.1
2024-03-04 19:27:23,972 [WARN] PackLoader:240 - Cannot read IP mode file for STMicroelectronics.X-CUBE-AZRTOS-H7.3.2.0
2024-03-04 19:27:23,974 [INFO] ThirdParty:978 - Integrity check success = true
2024-03-04 19:27:23,974 [INFO] IntegrityCheckThread:100 - exiting critical section [integrity check]
2024-03-04 19:27:23,974 [INFO] IntegrityCheckThread:103 - End integrity checks thread
2024-03-04 19:27:31,767 [ERROR] LogOutputStream:75 - [STDERR_REDIRECT] SLF4J: Failed to load class "org.slf4j.impl.StaticLoggerBinder".
2024-03-04 19:27:31,768 [ERROR] LogOutputStream:75 - [STDERR_REDIRECT] SLF4J: Defaulting to no-operation (NOP) logger implementation
2024-03-04 19:27:31,768 [ERROR] LogOutputStream:75 - [STDERR_REDIRECT] SLF4J: See http://www.slf4j.org/codes.html#StaticLoggerBinder for further details.
2024-03-04 20:57:09,624 [ERROR] LogOutputStream:75 - [STDERR_REDIRECT] 
