2024-03-08 19:06:38,563 [INFO] Activator:176 - 


2024-03-08 19:06:38,570 [INFO] Activator:177 - !SESSION log4j initialized
2024-03-08 19:06:49,730 [INFO] LogOutputStream:77 - [STDOUT_REDIRECT] 
2024-03-08 19:06:51,001 [INFO] ApplicationProperties:184 - Using Application install path: C:\ST\STM32CubeIDE_1.11.2\STM32CubeIDE\plugins\com.st.stm32cube.common.mx_6.10.0.202311202037
2024-03-08 19:06:51,034 [INFO] DbMcusXml:78 - Set database path to: C:\ST\STM32CubeIDE_1.11.2\STM32CubeIDE\plugins\com.st.stm32cube.common.mx_6.10.0.202311202037\\db\/mcu/
2024-03-08 19:06:51,034 [INFO] ApiDb:274 - Set plugin database path to: C:\ST\STM32CubeIDE_1.11.2\STM32CubeIDE\plugins\com.st.stm32cube.common.mx_6.10.0.202311202037\\db\/plugins/boardmanager/
2024-03-08 19:06:51,034 [WARN] ApiDb:259 - Overriding images path with different value:  => C:\ST\STM32CubeIDE_1.11.2\STM32CubeIDE\plugins\com.st.stm32cube.common.mx_6.10.0.202311202037\\db\/plugins/mcufinder/images/
2024-03-08 19:06:51,050 [INFO] ApiDb:250 - Set database path to: C:\Users\bakra\.stmcufinder\plugins\mcufinder//mcu/
2024-03-08 19:06:51,052 [INFO] DbMcusAds:125 - Set database path to: C:\Users\bakra\.stmcufinder\plugins\mcufinder//mcu/
2024-03-08 19:06:51,057 [INFO] CrossReferenceDbSqlite:203 - Set database path to: C:\Users\bakra\.stmcufinder\plugins\mcufinder//mcu/cs/
2024-03-08 19:06:51,231 [INFO] RulesReader:64 - Compatibility file has been processed (297 Rules)
2024-03-08 19:06:51,392 [INFO] DbMcusXml:78 - Set database path to: C:\ST\STM32CubeIDE_1.11.2\STM32CubeIDE\plugins\com.st.stm32cube.common.mx_6.10.0.202311202037\\db\/mcu/
2024-03-08 19:06:51,392 [INFO] ApiDb:274 - Set plugin database path to: C:\ST\STM32CubeIDE_1.11.2\STM32CubeIDE\plugins\com.st.stm32cube.common.mx_6.10.0.202311202037\\db\/plugins/boardmanager/
2024-03-08 19:06:51,392 [INFO] ApiDb:261 - Set plugin images path to: C:\ST\STM32CubeIDE_1.11.2\STM32CubeIDE\plugins\com.st.stm32cube.common.mx_6.10.0.202311202037\\db\/plugins/mcufinder/images/
2024-03-08 19:06:51,392 [WARN] DbFile:41 - Overriding database path with different value: C:\Users\bakra\.stmcufinder\plugins\mcufinder/ => C:\Users\bakra\.stmcufinder\plugins\mcufinder
2024-03-08 19:06:51,393 [INFO] ApiDb:250 - Set database path to: C:\Users\bakra\.stmcufinder\plugins\mcufinder//mcu/
2024-03-08 19:06:51,393 [WARN] DbFile:41 - Overriding database path with different value: C:\Users\bakra\.stmcufinder\plugins\mcufinder/ => C:\Users\bakra\.stmcufinder\plugins\mcufinder
2024-03-08 19:06:51,393 [INFO] DbMcusAds:125 - Set database path to: C:\Users\bakra\.stmcufinder\plugins\mcufinder//mcu/
2024-03-08 19:06:51,393 [WARN] DbFile:41 - Overriding database path with different value: C:\Users\bakra\.stmcufinder\plugins\mcufinder/ => C:\Users\bakra\.stmcufinder\plugins\mcufinder
2024-03-08 19:06:51,393 [WARN] DbFile:41 - Overriding database path with different value: C:\Users\bakra\.stmcufinder\plugins\mcufinder/ => C:\Users\bakra\.stmcufinder\plugins\mcufinder
2024-03-08 19:06:51,394 [INFO] CrossReferenceDbSqlite:203 - Set database path to: C:\Users\bakra\.stmcufinder\plugins\mcufinder//mcu/cs/
2024-03-08 19:06:51,511 [INFO] MainPanel:264 - HeapMemory: 268435456
2024-03-08 19:06:51,628 [INFO] DbMcusXml:78 - Set database path to: C:\ST\STM32CubeIDE_1.11.2\STM32CubeIDE\plugins\com.st.stm32cube.common.mx_6.10.0.202311202037\\db\/mcu/
2024-03-08 19:06:51,628 [INFO] ApiDb:274 - Set plugin database path to: C:\ST\STM32CubeIDE_1.11.2\STM32CubeIDE\plugins\com.st.stm32cube.common.mx_6.10.0.202311202037\\db\/plugins/boardmanager/
2024-03-08 19:06:51,628 [INFO] ApiDb:261 - Set plugin images path to: C:\ST\STM32CubeIDE_1.11.2\STM32CubeIDE\plugins\com.st.stm32cube.common.mx_6.10.0.202311202037\\db\/plugins/mcufinder/images/
2024-03-08 19:06:51,628 [WARN] DbFile:41 - Overriding database path with different value: C:\Users\bakra\.stmcufinder\plugins\mcufinder/ => C:\Users\bakra\.stmcufinder\plugins\mcufinder
2024-03-08 19:06:51,629 [INFO] ApiDb:250 - Set database path to: C:\Users\bakra\.stmcufinder\plugins\mcufinder//mcu/
2024-03-08 19:06:51,629 [WARN] DbFile:41 - Overriding database path with different value: C:\Users\bakra\.stmcufinder\plugins\mcufinder/ => C:\Users\bakra\.stmcufinder\plugins\mcufinder
2024-03-08 19:06:51,629 [INFO] DbMcusAds:125 - Set database path to: C:\Users\bakra\.stmcufinder\plugins\mcufinder//mcu/
2024-03-08 19:06:51,629 [WARN] DbFile:41 - Overriding database path with different value: C:\Users\bakra\.stmcufinder\plugins\mcufinder/ => C:\Users\bakra\.stmcufinder\plugins\mcufinder
2024-03-08 19:06:51,629 [WARN] DbFile:41 - Overriding database path with different value: C:\Users\bakra\.stmcufinder\plugins\mcufinder/ => C:\Users\bakra\.stmcufinder\plugins\mcufinder
2024-03-08 19:06:51,629 [INFO] CrossReferenceDbSqlite:203 - Set database path to: C:\Users\bakra\.stmcufinder\plugins\mcufinder//mcu/cs/
2024-03-08 19:06:51,651 [INFO] ApplicationProperties:184 - Using Application install path: C:\ST\STM32CubeIDE_1.11.2\STM32CubeIDE\plugins\com.st.stm32cube.common.mx_6.10.0.202311202037
2024-03-08 19:06:51,653 [INFO] PluginManage:196 - Search for loadable plugins [exclusion list=, ]
2024-03-08 19:06:51,654 [INFO] PluginManage:310 - Check plugin analytics
2024-03-08 19:06:51,831 [INFO] AnalyticsPlugin:253 - Accepted Software Licenses: 
2024-03-08 19:06:51,831 [INFO] AnalyticsPlugin:255 - Accepted CMSIS Pack Licenses: 
2024-03-08 19:06:51,832 [INFO] AnalyticsPlugin:257 - Accepted Firmware Licenses: 
2024-03-08 19:06:51,836 [INFO] PluginManage:359 - Loaded plugin analytics (category:tool,tabindex:-1)
2024-03-08 19:06:51,837 [INFO] PluginManage:310 - Check plugin cadmodel
2024-03-08 19:06:51,854 [INFO] CADModel:105 - Init CAD model plugin
2024-03-08 19:06:51,854 [INFO] PluginManage:359 - Loaded plugin cadmodel (category:power,tabindex:5)
2024-03-08 19:06:51,854 [INFO] PluginManage:310 - Check plugin clock
2024-03-08 19:06:51,876 [INFO] PluginManage:359 - Loaded plugin clock (category:base,tabindex:2)
2024-03-08 19:06:51,876 [INFO] PluginManage:310 - Check plugin ddr
2024-03-08 19:06:51,879 [INFO] PluginManage:359 - Loaded plugin ddr (category:tool,tabindex:6)
2024-03-08 19:06:51,880 [INFO] PluginManage:310 - Check plugin filemanager
2024-03-08 19:06:52,014 [INFO] PluginManage:359 - Loaded plugin filemanager (category:base,tabindex:10)
2024-03-08 19:06:52,015 [INFO] PluginManage:310 - Check plugin ipmanager
2024-03-08 19:06:52,021 [INFO] PluginManage:359 - Loaded plugin ipmanager (category:base,tabindex:5)
2024-03-08 19:06:52,022 [INFO] PluginManage:310 - Check plugin lpbam
2024-03-08 19:06:52,037 [INFO] PluginManage:359 - Loaded plugin lpbam (category:base,tabindex:0)
2024-03-08 19:06:52,037 [INFO] PluginManage:310 - Check plugin memorymap
2024-03-08 19:06:52,060 [INFO] PluginManage:359 - Loaded plugin memorymap (category:base,tabindex:4)
2024-03-08 19:06:52,060 [INFO] PluginManage:310 - Check plugin pinoutandconfiguration
2024-03-08 19:06:52,076 [INFO] PluginManage:359 - Loaded plugin pinoutandconfiguration (category:base,tabindex:1)
2024-03-08 19:06:52,076 [INFO] PluginManage:310 - Check plugin pinoutconfig
2024-03-08 19:06:52,164 [WARN] SupportedApi:132 - Cannot load RTOS API schema: s4s-elt-must-match.1: The content of 'definitions' must match (annotation?, (simpleType | complexType)?, (unique | key | keyref)*)). A problem was found starting at: attribute.
2024-03-08 19:06:52,286 [INFO] PluginManage:359 - Loaded plugin pinoutconfig (category:base,tabindex:0)
2024-03-08 19:06:52,286 [INFO] PluginManage:310 - Check plugin power
2024-03-08 19:06:52,304 [INFO] PluginManage:359 - Loaded plugin power (category:power,tabindex:4)
2024-03-08 19:06:52,304 [INFO] PluginManage:310 - Check plugin projectmanager
2024-03-08 19:06:52,321 [INFO] PluginManage:359 - Loaded plugin projectmanager (category:projectmanager,tabindex:3)
2024-03-08 19:06:52,321 [INFO] PluginManage:310 - Check plugin thirdparty
2024-03-08 19:06:52,594 [WARN] IntegrityCheckThread:84 - waiting for thirdparty lock release [integrity check]
2024-03-08 19:06:52,594 [INFO] PluginManage:359 - Loaded plugin thirdparty (category:base,tabindex:-1)
2024-03-08 19:06:52,594 [INFO] IntegrityCheckThread:86 - entering critical section [integrity check]
2024-03-08 19:06:52,594 [INFO] PluginManage:310 - Check plugin tools
2024-03-08 19:06:52,595 [INFO] ThirdPartyUpdaterWithRetryManager:70 - Updater plugin not ready yet. [1/15]
2024-03-08 19:06:52,624 [INFO] PluginManage:359 - Loaded plugin tools (category:base,tabindex:7)
2024-03-08 19:06:52,624 [INFO] PluginManage:310 - Check plugin tutovideos
2024-03-08 19:06:52,819 [INFO] PluginManage:359 - Loaded plugin tutovideos (category:base,tabindex:-1)
2024-03-08 19:06:52,819 [INFO] PluginManage:310 - Check plugin updater
2024-03-08 19:06:52,831 [INFO] PluginManage:359 - Loaded plugin updater (category:base,tabindex:12)
2024-03-08 19:06:52,831 [INFO] PluginManage:310 - Check plugin userauth
2024-03-08 19:06:52,837 [INFO] UserAuth:114 - Init User Auth plugin
2024-03-08 19:06:52,837 [INFO] PluginManage:359 - Loaded plugin userauth (category:base,tabindex:14)
2024-03-08 19:06:52,837 [INFO] PluginManage:283 - PluginManage : Loaded plugins [17]
2024-03-08 19:06:53,056 [INFO] PinOutPanel:1499 - setPackage(No Configuration,No Configuration)
2024-03-08 19:06:53,127 [INFO] CADModel:165 - CPN selected for project level
2024-03-08 19:06:53,127 [INFO] CADModel:114 - Register for checkConnection events
2024-03-08 19:06:53,152 [INFO] IPUIPlugin:80 - create IPUIPlugin
2024-03-08 19:06:53,152 [INFO] PluginManager:220 - loadIPPluginJar : add adc
2024-03-08 19:06:53,181 [INFO] IPUIPlugin:80 - create IPUIPlugin
2024-03-08 19:06:53,181 [INFO] PluginManager:220 - loadIPPluginJar : add aes
2024-03-08 19:06:53,212 [INFO] IPUIPlugin:80 - create IPUIPlugin
2024-03-08 19:06:53,212 [INFO] PluginManager:220 - loadIPPluginJar : add can
2024-03-08 19:06:53,233 [INFO] IPUIPlugin:80 - create IPUIPlugin
2024-03-08 19:06:53,233 [INFO] PluginManager:220 - loadIPPluginJar : add comp
2024-03-08 19:06:53,274 [INFO] IPUIPlugin:80 - create IPUIPlugin
2024-03-08 19:06:53,274 [INFO] PluginManager:220 - loadIPPluginJar : add cryp
2024-03-08 19:06:53,306 [INFO] IPUIPlugin:80 - create IPUIPlugin
2024-03-08 19:06:53,306 [INFO] PluginManager:220 - loadIPPluginJar : add dfsdm
2024-03-08 19:06:53,319 [INFO] IPUIPlugin:80 - create IPUIPlugin
2024-03-08 19:06:53,320 [INFO] PluginManager:220 - loadIPPluginJar : add dma
2024-03-08 19:06:53,356 [INFO] IPUIPlugin:80 - create IPUIPlugin
2024-03-08 19:06:53,356 [INFO] PluginManager:220 - loadIPPluginJar : add dma3
2024-03-08 19:06:53,372 [INFO] IPUIPlugin:80 - create IPUIPlugin
2024-03-08 19:06:53,372 [INFO] PluginManager:220 - loadIPPluginJar : add fatfs
2024-03-08 19:06:53,526 [INFO] IPUIPlugin:80 - create IPUIPlugin
2024-03-08 19:06:53,526 [INFO] PluginManager:220 - loadIPPluginJar : add fmc
2024-03-08 19:06:53,540 [INFO] IPUIPlugin:80 - create IPUIPlugin
2024-03-08 19:06:53,541 [INFO] PluginManager:220 - loadIPPluginJar : add freertos
2024-03-08 19:06:53,557 [INFO] IPUIPlugin:80 - create IPUIPlugin
2024-03-08 19:06:53,557 [INFO] PluginManager:220 - loadIPPluginJar : add genericplugin
2024-03-08 19:06:53,637 [INFO] IPUIPlugin:80 - create IPUIPlugin
2024-03-08 19:06:53,637 [INFO] PluginManager:220 - loadIPPluginJar : add gfxmmu
2024-03-08 19:06:53,747 [INFO] IPUIPlugin:80 - create IPUIPlugin
2024-03-08 19:06:53,748 [INFO] PluginManager:220 - loadIPPluginJar : add gic
2024-03-08 19:06:53,759 [INFO] IPUIPlugin:80 - create IPUIPlugin
2024-03-08 19:06:53,759 [INFO] PluginManager:220 - loadIPPluginJar : add gpio
2024-03-08 19:06:53,834 [INFO] IPUIPlugin:80 - create IPUIPlugin
2024-03-08 19:06:53,834 [INFO] PluginManager:220 - loadIPPluginJar : add gtzc
2024-03-08 19:06:53,859 [INFO] IPUIPlugin:80 - create IPUIPlugin
2024-03-08 19:06:53,859 [INFO] PluginManager:220 - loadIPPluginJar : add hash
2024-03-08 19:06:53,899 [INFO] IPUIPlugin:80 - create IPUIPlugin
2024-03-08 19:06:53,900 [INFO] PluginManager:220 - loadIPPluginJar : add i2c
2024-03-08 19:06:53,928 [INFO] IPUIPlugin:80 - create IPUIPlugin
2024-03-08 19:06:53,928 [INFO] PluginManager:220 - loadIPPluginJar : add i2s
2024-03-08 19:06:53,957 [INFO] IPUIPlugin:80 - create IPUIPlugin
2024-03-08 19:06:53,957 [INFO] PluginManager:220 - loadIPPluginJar : add i3c
2024-03-08 19:06:54,045 [INFO] IPUIPlugin:80 - create IPUIPlugin
2024-03-08 19:06:54,045 [INFO] PluginManager:220 - loadIPPluginJar : add ipddr
2024-03-08 19:06:54,122 [INFO] IPUIPlugin:80 - create IPUIPlugin
2024-03-08 19:06:54,122 [INFO] PluginManager:220 - loadIPPluginJar : add linkedlist
2024-03-08 19:06:54,155 [INFO] IPUIPlugin:80 - create IPUIPlugin
2024-03-08 19:06:54,155 [INFO] PluginManager:220 - loadIPPluginJar : add lorawan
2024-03-08 19:06:54,193 [INFO] IPUIPlugin:80 - create IPUIPlugin
2024-03-08 19:06:54,194 [INFO] PluginManager:220 - loadIPPluginJar : add ltdc
2024-03-08 19:06:54,209 [INFO] IPUIPlugin:80 - create IPUIPlugin
2024-03-08 19:06:54,209 [INFO] PluginManager:220 - loadIPPluginJar : add mdma
2024-03-08 19:06:54,220 [INFO] IPUIPlugin:80 - create IPUIPlugin
2024-03-08 19:06:54,220 [INFO] PluginManager:220 - loadIPPluginJar : add nvic
2024-03-08 19:06:54,256 [INFO] IPUIPlugin:80 - create IPUIPlugin
2024-03-08 19:06:54,256 [INFO] PluginManager:220 - loadIPPluginJar : add opamp
2024-03-08 19:06:54,316 [INFO] IPUIPlugin:80 - create IPUIPlugin
2024-03-08 19:06:54,316 [INFO] PluginManager:220 - loadIPPluginJar : add openamp
2024-03-08 19:06:54,367 [INFO] IPUIPlugin:80 - create IPUIPlugin
2024-03-08 19:06:54,367 [INFO] PluginManager:220 - loadIPPluginJar : add pdm2pcm
2024-03-08 19:06:54,381 [INFO] IPUIPlugin:80 - create IPUIPlugin
2024-03-08 19:06:54,385 [INFO] PluginManager:220 - loadIPPluginJar : add plateformsettings
2024-03-08 19:06:54,416 [INFO] IPUIPlugin:80 - create IPUIPlugin
2024-03-08 19:06:54,416 [INFO] PluginManager:220 - loadIPPluginJar : add quadspi
2024-03-08 19:06:54,436 [INFO] IPUIPlugin:80 - create IPUIPlugin
2024-03-08 19:06:54,436 [INFO] PluginManager:220 - loadIPPluginJar : add resmgrutility
2024-03-08 19:06:54,504 [INFO] IPUIPlugin:80 - create IPUIPlugin
2024-03-08 19:06:54,504 [INFO] PluginManager:220 - loadIPPluginJar : add sai
2024-03-08 19:06:54,552 [INFO] IPUIPlugin:80 - create IPUIPlugin
2024-03-08 19:06:54,552 [INFO] PluginManager:220 - loadIPPluginJar : add spi
2024-03-08 19:06:54,631 [INFO] IPUIPlugin:80 - create IPUIPlugin
2024-03-08 19:06:54,632 [INFO] PluginManager:220 - loadIPPluginJar : add stm32_wpan
2024-03-08 19:06:54,664 [INFO] IPUIPlugin:80 - create IPUIPlugin
2024-03-08 19:06:54,664 [INFO] PluginManager:220 - loadIPPluginJar : add tim
2024-03-08 19:06:54,730 [INFO] IPUIPlugin:80 - create IPUIPlugin
2024-03-08 19:06:54,730 [INFO] PluginManager:220 - loadIPPluginJar : add touchsensing
2024-03-08 19:06:54,761 [INFO] IPUIPlugin:80 - create IPUIPlugin
2024-03-08 19:06:54,761 [INFO] PluginManager:220 - loadIPPluginJar : add tracer_emb
2024-03-08 19:06:54,789 [INFO] IPUIPlugin:80 - create IPUIPlugin
2024-03-08 19:06:54,789 [INFO] PluginManager:220 - loadIPPluginJar : add ts
2024-03-08 19:06:54,817 [INFO] IPUIPlugin:80 - create IPUIPlugin
2024-03-08 19:06:54,817 [INFO] PluginManager:220 - loadIPPluginJar : add tsc
2024-03-08 19:06:54,844 [INFO] IPUIPlugin:80 - create IPUIPlugin
2024-03-08 19:06:54,845 [INFO] PluginManager:220 - loadIPPluginJar : add ucpd
2024-03-08 19:06:54,891 [INFO] IPUIPlugin:80 - create IPUIPlugin
2024-03-08 19:06:54,891 [INFO] PluginManager:220 - loadIPPluginJar : add usart
2024-03-08 19:06:54,948 [INFO] IPUIPlugin:80 - create IPUIPlugin
2024-03-08 19:06:54,948 [INFO] PluginManager:220 - loadIPPluginJar : add usbx
2024-03-08 19:06:55,090 [INFO] CADModel:165 - CPN selected for project level
2024-03-08 19:06:55,090 [INFO] CADModel:114 - Register for checkConnection events
2024-03-08 19:06:55,090 [FATAL] Updater:308 - Updater called before beeing initialized
2024-03-08 19:06:55,090 [ERROR] CADModel:125 - Updater not yet initialized, retry later 
2024-03-08 19:06:55,244 [INFO] CADModel:165 - CPN selected for project level
2024-03-08 19:06:55,244 [INFO] CADModel:114 - Register for checkConnection events
2024-03-08 19:06:55,244 [FATAL] Updater:308 - Updater called before beeing initialized
2024-03-08 19:06:55,244 [ERROR] CADModel:125 - Updater not yet initialized, retry later 
2024-03-08 19:06:55,249 [FATAL] Updater:308 - Updater called before beeing initialized
2024-03-08 19:06:55,390 [FATAL] Updater:308 - Updater called before beeing initialized
2024-03-08 19:06:55,402 [INFO] DbMcusAds:53 - JSON generation date=Wed Nov 29 05:52:27 EST 2023 (1701255147349)
2024-03-08 19:06:55,403 [FATAL] Updater:308 - Updater called before beeing initialized
2024-03-08 19:06:55,497 [WARN] DetailPanel:346 - Failed to get advertising image, set to default
2024-03-08 19:06:55,596 [INFO] ThirdPartyUpdaterWithRetryManager:70 - Updater plugin not ready yet. [2/15]
2024-03-08 19:06:55,641 [FATAL] Updater:308 - Updater called before beeing initialized
2024-03-08 19:06:55,643 [FATAL] Updater:308 - Updater called before beeing initialized
2024-03-08 19:06:55,643 [FATAL] Updater:308 - Updater called before beeing initialized
2024-03-08 19:06:55,643 [WARN] DetailPanel:346 - Failed to get advertising image, set to default
2024-03-08 19:06:55,644 [FATAL] Updater:308 - Updater called before beeing initialized
2024-03-08 19:06:55,724 [ERROR] Updater:1120 - MainUpdater not yet initialized. External WinMGr cannot be set.
2024-03-08 19:06:55,739 [INFO] Updater:1056 - Updater Version found : 6.10.0
2024-03-08 19:06:55,767 [INFO] ApplicationProperties:184 - Using Application install path: C:\ST\STM32CubeIDE_1.11.2\STM32CubeIDE\plugins\com.st.stm32cube.common.mx_6.10.0.202311202037
2024-03-08 19:06:57,363 [ERROR] LogOutputStream:75 - [STDERR_REDIRECT] Mar 08, 2024 7:06:57 PM java.util.prefs.WindowsPreferences <init>
2024-03-08 19:06:57,365 [ERROR] LogOutputStream:75 - [STDERR_REDIRECT] WARNING: Could not open/create prefs root node Software\JavaSoft\Prefs at root 0xffffffff80000002. Windows RegCreateKeyEx(...) returned error code 5.
2024-03-08 19:06:57,365 [ERROR] LogOutputStream:75 - [STDERR_REDIRECT] 
2024-03-08 19:06:58,046 [INFO] MainUpdater:2873 - connection check result : 10
2024-03-08 19:06:58,046 [INFO] MainUpdater:290 - Updater Check For Update Now.
2024-03-08 19:06:58,046 [INFO] MicroXplorer:498 - Change Database Version : DB.6.0.100
2024-03-08 19:06:58,062 [INFO] McuFinderGlobals:63 - Set McuFinder mode to 2 (CubeIDE integrated)
2024-03-08 19:06:58,083 [INFO] UserAuth:404 - Internet connection configuration mode: 1
2024-03-08 19:06:58,130 [INFO] JxBrowserEngine:152 - Initiate JxBrowser Engine with user profile folder
2024-03-08 19:06:58,276 [INFO] CheckServerUpdateThread:120 - End of CheckServer Thread
2024-03-08 19:06:58,817 [WARN] PackLoader:240 - Cannot read IP mode file for STMicroelectronics.X-CUBE-SMBUS.2.1.0
2024-03-08 19:06:58,832 [WARN] PackLoader:240 - Cannot read IP mode file for STMicroelectronics.X-CUBE-TOUCHGFX.4.23.0
2024-03-08 19:06:58,870 [WARN] PackLoader:240 - Cannot read IP mode file for STMicroelectronics.X-CUBE-AZRTOS-F7.1.1.0
2024-03-08 19:06:58,888 [ERROR] RealEvaluatedCondition:428 - Found unsupported composite condition: GROUP='STM32_MetaDataManager' CLASS='Data Exchange'
2024-03-08 19:06:58,888 [ERROR] RealEvaluatedCondition:428 - Found unsupported composite condition: CLASS='Data Exchange' GROUP='STM32_MetaDataManager'
2024-03-08 19:06:58,890 [WARN] PackLoader:240 - Cannot read IP mode file for STMicroelectronics.FP-SNS-MOTENV1.4.3.0
2024-03-08 19:06:58,904 [WARN] PackLoader:240 - Cannot read IP mode file for STMicroelectronics.FP-SNS-MOTENV1.4.3.2
2024-03-08 19:06:58,920 [WARN] PackLoader:240 - Cannot read IP mode file for STMicroelectronics.FP-SNS-FLIGHT1.5.0.0
2024-03-08 19:06:58,932 [ERROR] RealEvaluatedCondition:428 - Found unsupported composite condition: GROUP='STM32_MetaDataManager' CLASS='Data Exchange'
2024-03-08 19:06:58,932 [ERROR] RealEvaluatedCondition:428 - Found unsupported composite condition: CLASS='Data Exchange' GROUP='STM32_MetaDataManager'
2024-03-08 19:06:58,934 [WARN] PackLoader:240 - Cannot read IP mode file for STMicroelectronics.FP-SNS-MOTENV1.4.3.1
2024-03-08 19:06:58,948 [WARN] PackLoader:240 - Cannot read IP mode file for STMicroelectronics.FP-SNS-FLIGHT1.5.0.1
2024-03-08 19:06:58,963 [WARN] PackLoader:240 - Cannot read IP mode file for STMicroelectronics.X-CUBE-BLE1.6.2.4
2024-03-08 19:06:58,976 [WARN] PackLoader:240 - Cannot read IP mode file for STMicroelectronics.FP-SNS-FLIGHT1.5.0.2
2024-03-08 19:06:58,992 [WARN] PackLoader:240 - Cannot read IP mode file for STMicroelectronics.X-CUBE-DISPLAY.3.0.0
2024-03-08 19:06:59,007 [WARN] PackLoader:240 - Cannot read IP mode file for STMicroelectronics.X-CUBE-BLE1.7.0.0
2024-03-08 19:06:59,017 [WARN] PackLoader:240 - Cannot read IP mode file for STMicroelectronics.X-CUBE-TOUCHGFX.4.22.0
2024-03-08 19:06:59,026 [WARN] PackLoader:240 - Cannot read IP mode file for STMicroelectronics.X-CUBE-TOUCHGFX.4.22.1
2024-03-08 19:06:59,041 [WARN] PackLoader:240 - Cannot read IP mode file for STMicroelectronics.X-CUBE-BLEMGR.3.1.0
2024-03-08 19:06:59,056 [WARN] PackLoader:240 - Cannot read IP mode file for STMicroelectronics.FP-SNS-SMARTAG2.1.2.0
2024-03-08 19:06:59,076 [INFO] LogOutputStream:77 - [STDOUT_REDIRECT] 1 : Invalid condition id : UX_CORESTACK_Condition cause : null
2024-03-08 19:06:59,078 [INFO] LogOutputStream:77 - [STDOUT_REDIRECT] 1 : Invalid condition id : UX_CORESTACK_Condition cause : null
2024-03-08 19:06:59,079 [INFO] LogOutputStream:77 - [STDOUT_REDIRECT] 1 : Invalid condition id : UX_CORESTACK_Condition cause : null
2024-03-08 19:06:59,080 [INFO] LogOutputStream:77 - [STDOUT_REDIRECT] 1 : Invalid condition id : UX_CORESTACK_Condition cause : null
2024-03-08 19:06:59,081 [INFO] LogOutputStream:77 - [STDOUT_REDIRECT] 1 : Invalid condition id : UX_CORESTACK_Condition cause : null
2024-03-08 19:06:59,084 [WARN] PackLoader:240 - Cannot read IP mode file for STMicroelectronics.X-CUBE-AZRTOS-WL.2.0.0
2024-03-08 19:06:59,098 [WARN] PackLoader:240 - Cannot read IP mode file for WES.I-CUBE-Cesium.1.3.0
2024-03-08 19:06:59,109 [WARN] PackLoader:240 - Cannot read IP mode file for STMicroelectronics.X-CUBE-BLE2.3.3.0
2024-03-08 19:06:59,131 [WARN] PackLoader:240 - Cannot read IP mode file for STMicroelectronics.X-CUBE-TOF1.3.2.0
2024-03-08 19:06:59,155 [WARN] PackLoader:240 - Cannot read IP mode file for STMicroelectronics.X-CUBE-TOUCHGFX.4.21.1
2024-03-08 19:06:59,168 [WARN] PackLoader:240 - Cannot read IP mode file for STMicroelectronics.X-CUBE-TOUCHGFX.4.21.3
2024-03-08 19:06:59,179 [WARN] PackLoader:240 - Cannot read IP mode file for STMicroelectronics.X-CUBE-TOUCHGFX.4.21.4
2024-03-08 19:06:59,191 [WARN] PackLoader:240 - Cannot read IP mode file for STMicroelectronics.X-CUBE-ALGOBUILD.1.3.0
2024-03-08 19:06:59,221 [WARN] PackLoader:240 - Cannot read IP mode file for STMicroelectronics.X-CUBE-AZRTOS-G0.1.1.0
2024-03-08 19:06:59,236 [WARN] PackLoader:240 - Cannot read IP mode file for STMicroelectronics.X-CUBE-NFC4.3.0.0
2024-03-08 19:06:59,253 [WARN] PackLoader:240 - Cannot read IP mode file for STMicroelectronics.X-CUBE-BLEMGR.3.0.0
2024-03-08 19:06:59,272 [WARN] PackLoader:240 - Cannot read IP mode file for STMicroelectronics.X-CUBE-BLEMGR.1.3.0
2024-03-08 19:06:59,285 [WARN] PackLoader:240 - Cannot read IP mode file for STMicroelectronics.FP-ATR-SIGFOX1.3.2.0
2024-03-08 19:06:59,297 [WARN] PackLoader:240 - Cannot read IP mode file for STMicroelectronics.X-CUBE-EEPRMA1.5.1.0
2024-03-08 19:06:59,352 [WARN] PackLoader:240 - Cannot read IP mode file for STMicroelectronics.X-CUBE-MEMS1.9.5.0
2024-03-08 19:06:59,674 [WARN] PackLoader:240 - Cannot read IP mode file for SEGGER.I-CUBE-embOS.1.3.1
2024-03-08 19:06:59,829 [WARN] PackLoader:240 - Cannot read IP mode file for STMicroelectronics.X-CUBE-GNSS1.6.0.0
2024-03-08 19:06:59,897 [WARN] PackLoader:240 - Cannot read IP mode file for STMicroelectronics.X-CUBE-AZRTOS-F4.1.1.0
2024-03-08 19:06:59,962 [WARN] PackLoader:240 - Cannot read IP mode file for STMicroelectronics.X-CUBE-AZRTOS-L5.2.0.0
2024-03-08 19:07:00,101 [WARN] PackLoader:240 - Cannot read IP mode file for STMicroelectronics.X-CUBE-MEMS1.9.6.0
2024-03-08 19:07:00,387 [WARN] PackLoader:240 - Cannot read IP mode file for STMicroelectronics.X-CUBE-EEPRMA1.4.2.0
2024-03-08 19:07:00,415 [WARN] PackLoader:240 - Cannot read IP mode file for ITTIA_DB.I-CUBE-ITTIADB.8.8.0
2024-03-08 19:07:00,448 [WARN] PackLoader:240 - Cannot read IP mode file for emotas.I-CUBE-CANOPEN.1.1.3
2024-03-08 19:07:00,477 [WARN] PackLoader:240 - Cannot read IP mode file for STMicroelectronics.X-CUBE-BLEMGR.2.0.0
2024-03-08 19:07:00,531 [WARN] ConditionMgr:438 - getConditionDescription Invalid condition id : UX DEVICE CLASS RTOS Condition cause : null
2024-03-08 19:07:00,531 [WARN] ConditionMgr:438 - getConditionDescription Invalid condition id : UX DEVICE CLASS RTOS Condition cause : null
2024-03-08 19:07:00,537 [WARN] PackLoader:240 - Cannot read IP mode file for STMicroelectronics.X-CUBE-AZRTOS-H7.3.1.0
2024-03-08 19:07:00,539 [WARN] ConditionMgr:1039 - genDependencies : Invalid condition id : UX DEVICE CLASS RTOS Condition cause : null
2024-03-08 19:07:00,539 [WARN] ConditionMgr:1039 - genDependencies : Invalid condition id : UX DEVICE CLASS RTOS Condition cause : null
2024-03-08 19:07:00,540 [WARN] ConditionMgr:1039 - genDependencies : Invalid condition id : UX DEVICE CLASS RTOS Condition cause : null
2024-03-08 19:07:00,542 [WARN] ConditionMgr:1039 - genDependencies : Invalid condition id : UX DEVICE CLASS RTOS Condition cause : null
2024-03-08 19:07:00,542 [WARN] ConditionMgr:1039 - genDependencies : Invalid condition id : UX DEVICE CLASS RTOS Condition cause : null
2024-03-08 19:07:00,562 [WARN] PackLoader:240 - Cannot read IP mode file for wolfSSL.I-CUBE-wolfSSL.5.5.4
2024-03-08 19:07:00,586 [WARN] PackLoader:240 - Cannot read IP mode file for STMicroelectronics.X-CUBE-NFC7.1.0.1
2024-03-08 19:07:00,615 [WARN] PackLoader:240 - Cannot read IP mode file for STMicroelectronics.X-CUBE-NFC7.1.0.0
2024-03-08 19:07:00,640 [WARN] PackLoader:240 - Cannot read IP mode file for STMicroelectronics.X-CUBE-NFC6.3.0.0
2024-03-08 19:07:00,662 [WARN] PackLoader:240 - Cannot read IP mode file for STMicroelectronics.X-CUBE-EEPRMA1.4.1.0
2024-03-08 19:07:00,688 [WARN] PackLoader:240 - Cannot read IP mode file for STMicroelectronics.X-CUBE-AI.8.1.0
2024-03-08 19:07:00,731 [WARN] ConditionMgr:438 - getConditionDescription Invalid condition id : LAN8742 Phy interface Condition cause : null
2024-03-08 19:07:00,731 [WARN] PackLoader:240 - Cannot read IP mode file for STMicroelectronics.X-CUBE-AZRTOS-L4.2.0.0
2024-03-08 19:07:00,734 [WARN] ConditionMgr:1039 - genDependencies : Invalid condition id : LAN8742 Phy interface Condition cause : null
2024-03-08 19:07:00,734 [WARN] ConditionMgr:1039 - genDependencies : Invalid condition id : LAN8742 Phy interface Condition cause : null
2024-03-08 19:07:00,735 [WARN] ConditionMgr:1039 - genDependencies : Invalid condition id : LAN8742 Phy interface Condition cause : null
2024-03-08 19:07:00,755 [WARN] PackLoader:240 - Cannot read IP mode file for STMicroelectronics.X-CUBE-SFXS2LP1.4.0.0
2024-03-08 19:07:00,803 [WARN] PackLoader:240 - Cannot read IP mode file for STMicroelectronics.X-CUBE-AZRTOS-H7.3.0.0
2024-03-08 19:07:00,832 [WARN] PackLoader:240 - Cannot read IP mode file for STMicroelectronics.X-CUBE-ISPU.1.1.0
2024-03-08 19:07:00,851 [WARN] PackLoader:240 - Cannot read IP mode file for RoweBots.I-CUBE-UNISONRTOS.5.5.0-4
2024-03-08 19:07:00,866 [WARN] PackLoader:240 - Cannot read IP mode file for STMicroelectronics.X-CUBE-AI.8.0.0
2024-03-08 19:07:00,894 [WARN] ConditionMgr:438 - getConditionDescription Invalid condition id : UX DEVICE CLASS RTOS Condition cause : null
2024-03-08 19:07:00,895 [WARN] ConditionMgr:438 - getConditionDescription Invalid condition id : UX DEVICE CLASS RTOS Condition cause : null
2024-03-08 19:07:00,896 [WARN] PackLoader:240 - Cannot read IP mode file for STMicroelectronics.X-CUBE-AZRTOS-WB.2.0.0
2024-03-08 19:07:00,897 [WARN] ConditionMgr:1039 - genDependencies : Invalid condition id : UX DEVICE CLASS RTOS Condition cause : null
2024-03-08 19:07:00,897 [WARN] ConditionMgr:1039 - genDependencies : Invalid condition id : UX DEVICE CLASS RTOS Condition cause : null
2024-03-08 19:07:00,897 [WARN] ConditionMgr:1039 - genDependencies : Invalid condition id : UX DEVICE CLASS RTOS Condition cause : null
2024-03-08 19:07:00,898 [WARN] ConditionMgr:1039 - genDependencies : Invalid condition id : UX DEVICE CLASS RTOS Condition cause : null
2024-03-08 19:07:00,898 [WARN] ConditionMgr:1039 - genDependencies : Invalid condition id : UX DEVICE CLASS RTOS Condition cause : null
2024-03-08 19:07:00,911 [WARN] PackLoader:240 - Cannot read IP mode file for STMicroelectronics.X-CUBE-FREERTOS.1.0.0
2024-03-08 19:07:00,927 [WARN] PackLoader:240 - Cannot read IP mode file for STMicroelectronics.X-CUBE-FREERTOS.1.0.1
2024-03-08 19:07:00,954 [WARN] PackLoader:240 - Cannot read IP mode file for STMicroelectronics.X-CUBE-AZRTOS-L5.1.1.0
2024-03-08 19:07:00,969 [WARN] PackLoader:240 - Cannot read IP mode file for STMicroelectronics.X-CUBE-AI.8.0.1
2024-03-08 19:07:00,990 [WARN] PackLoader:240 - Cannot read IP mode file for STMicroelectronics.X-CUBE-SUBG2.5.0.0
2024-03-08 19:07:01,033 [WARN] PackLoader:240 - Cannot read IP mode file for STMicroelectronics.X-CUBE-TOF1.3.3.1
2024-03-08 19:07:01,107 [WARN] PackLoader:240 - Cannot read IP mode file for STMicroelectronics.X-CUBE-AZRTOS-G4.2.0.0
2024-03-08 19:07:01,130 [WARN] PackLoader:240 - Cannot read IP mode file for STMicroelectronics.X-CUBE-TOF1.3.3.0
2024-03-08 19:07:01,151 [WARN] PackLoader:240 - Cannot read IP mode file for STMicroelectronics.FP-ATR-ASTRA1.1.1.1
2024-03-08 19:07:01,176 [WARN] PackLoader:240 - Cannot read IP mode file for Infineon.AIROC-Wi-Fi-Bluetooth-STM32.1.5.1
2024-03-08 19:07:01,195 [WARN] PackLoader:240 - Cannot read IP mode file for STMicroelectronics.FP-SNS-MOTENVWB1.1.3.0
2024-03-08 19:07:01,213 [WARN] PackLoader:240 - Cannot read IP mode file for STMicroelectronics.FP-SNS-MOTENVWB1.1.3.1
2024-03-08 19:07:01,247 [WARN] PackLoader:240 - Cannot read IP mode file for STMicroelectronics.X-CUBE-AZRTOS-G4.1.0.0
2024-03-08 19:07:01,279 [WARN] PackLoader:240 - Cannot read IP mode file for STMicroelectronics.X-CUBE-AZRTOS-L4.1.0.0
2024-03-08 19:07:01,296 [WARN] PackLoader:240 - Cannot read IP mode file for STMicroelectronics.X-CUBE-ISPU.2.0.0
2024-03-08 19:07:01,369 [WARN] PackLoader:240 - Cannot read IP mode file for STMicroelectronics.X-CUBE-MEMS1.10.0.0
2024-03-08 19:07:01,569 [WARN] PackLoader:240 - Cannot read IP mode file for STMicroelectronics.X-CUBE-FREERTOS.1.1.0
2024-03-08 19:07:01,603 [WARN] PackLoader:240 - Cannot read IP mode file for STMicroelectronics.X-CUBE-AZRTOS-WL.1.0.0
2024-03-08 19:07:01,627 [WARN] PackLoader:240 - Cannot read IP mode file for portGmbH.I-Cube-SoM-uGOAL.1.1.0
2024-03-08 19:07:01,645 [WARN] PackLoader:240 - Cannot read IP mode file for STMicroelectronics.X-CUBE-ALS.1.0.1
2024-03-08 19:07:01,672 [WARN] PackLoader:240 - Cannot read IP mode file for STMicroelectronics.X-CUBE-AZRTOS-WB.1.1.0
2024-03-08 19:07:01,689 [WARN] PackLoader:240 - Cannot read IP mode file for STMicroelectronics.FP-ATR-ASTRA1.2.0.0
2024-03-08 19:07:01,715 [WARN] PackLoader:240 - Cannot read IP mode file for STMicroelectronics.X-CUBE-TOF1.3.4.0
2024-03-08 19:07:01,763 [WARN] PackLoader:240 - Cannot read IP mode file for STMicroelectronics.X-CUBE-TOF1.3.4.1
2024-03-08 19:07:01,814 [WARN] PackLoader:240 - Cannot read IP mode file for STMicroelectronics.X-CUBE-AZRTOS-H7.3.2.0
2024-03-08 19:07:01,817 [INFO] ThirdParty:978 - Integrity check success = true
2024-03-08 19:07:01,817 [INFO] IntegrityCheckThread:100 - exiting critical section [integrity check]
2024-03-08 19:07:01,817 [INFO] IntegrityCheckThread:103 - End integrity checks thread
2024-03-08 19:07:02,937 [INFO] WebApp:161 - Instantiating new browser for Auth
2024-03-08 19:07:03,497 [INFO] WebApp:780 - Register for checkConnection events
2024-03-08 19:07:03,498 [INFO] WebApp:414 - Apply proxy settings
2024-03-08 19:07:03,498 [INFO] WebApp:499 - Chromium requires no authentication
2024-03-08 19:07:03,507 [INFO] WebApp:442 - Direct internet connection detected
2024-03-08 19:07:03,684 [INFO] WebApp:192 - Starting web application
2024-03-08 19:07:03,685 [INFO] WebApp:544 - Web application path used C:\ST\STM32CubeIDE_1.11.2\STM32CubeIDE\plugins\com.st.stm32cube.common.mx_6.10.0.202311202037\db\plugins\mcufinder\reactClient1\index.html
2024-03-08 19:07:10,769 [ERROR] LogOutputStream:75 - [STDERR_REDIRECT] SLF4J: Failed to load class "org.slf4j.impl.StaticLoggerBinder".
2024-03-08 19:07:10,770 [ERROR] LogOutputStream:75 - [STDERR_REDIRECT] SLF4J: Defaulting to no-operation (NOP) logger implementation
2024-03-08 19:07:10,772 [ERROR] LogOutputStream:75 - [STDERR_REDIRECT] SLF4J: See http://www.slf4j.org/codes.html#StaticLoggerBinder for further details.
2024-03-08 21:28:02,739 [ERROR] LogOutputStream:75 - [STDERR_REDIRECT] 
