2024-10-08 20:51:14,734 [INFO] Activator:176 - 


2024-10-08 20:51:14,740 [INFO] Activator:177 - !SESSION log4j initialized
2024-10-08 20:51:22,812 [INFO] LogOutputStream:77 - [STDOUT_REDIRECT] 
2024-10-08 20:51:25,155 [INFO] ApplicationProperties:184 - Using Application install path: C:\ST\STM32CubeIDE_1.11.2\STM32CubeIDE\plugins\com.st.stm32cube.common.mx_6.12.1.202409122256
2024-10-08 20:51:25,174 [INFO] DbMcusXml:78 - Set database path to: C:\ST\STM32CubeIDE_1.11.2\STM32CubeIDE\plugins\com.st.stm32cube.common.mx_6.12.1.202409122256\\db\/mcu/
2024-10-08 20:51:25,175 [INFO] ApiDb:274 - Set plugin database path to: C:\ST\STM32CubeIDE_1.11.2\STM32CubeIDE\plugins\com.st.stm32cube.common.mx_6.12.1.202409122256\\db\/plugins/boardmanager/
2024-10-08 20:51:25,176 [WARN] ApiDb:259 - Overriding images path with different value:  => C:\ST\STM32CubeIDE_1.11.2\STM32CubeIDE\plugins\com.st.stm32cube.common.mx_6.12.1.202409122256\\db\/plugins/mcufinder/images/
2024-10-08 20:51:25,189 [INFO] ApiDb:250 - Set database path to: C:\Users\bakra\.stmcufinder\plugins\mcufinder//mcu/
2024-10-08 20:51:25,190 [INFO] DbMcusAds:125 - Set database path to: C:\Users\bakra\.stmcufinder\plugins\mcufinder//mcu/
2024-10-08 20:51:25,193 [INFO] CrossReferenceDbSqlite:203 - Set database path to: C:\Users\bakra\.stmcufinder\plugins\mcufinder//mcu/cs/
2024-10-08 20:51:25,308 [INFO] RulesReader:64 - Compatibility file has been processed (297 Rules)
2024-10-08 20:51:25,431 [INFO] DbMcusXml:78 - Set database path to: C:\ST\STM32CubeIDE_1.11.2\STM32CubeIDE\plugins\com.st.stm32cube.common.mx_6.12.1.202409122256\\db\/mcu/
2024-10-08 20:51:25,431 [INFO] ApiDb:274 - Set plugin database path to: C:\ST\STM32CubeIDE_1.11.2\STM32CubeIDE\plugins\com.st.stm32cube.common.mx_6.12.1.202409122256\\db\/plugins/boardmanager/
2024-10-08 20:51:25,431 [INFO] ApiDb:261 - Set plugin images path to: C:\ST\STM32CubeIDE_1.11.2\STM32CubeIDE\plugins\com.st.stm32cube.common.mx_6.12.1.202409122256\\db\/plugins/mcufinder/images/
2024-10-08 20:51:25,432 [WARN] DbFile:41 - Overriding database path with different value: C:\Users\bakra\.stmcufinder\plugins\mcufinder/ => C:\Users\bakra\.stmcufinder\plugins\mcufinder
2024-10-08 20:51:25,432 [INFO] ApiDb:250 - Set database path to: C:\Users\bakra\.stmcufinder\plugins\mcufinder//mcu/
2024-10-08 20:51:25,432 [WARN] DbFile:41 - Overriding database path with different value: C:\Users\bakra\.stmcufinder\plugins\mcufinder/ => C:\Users\bakra\.stmcufinder\plugins\mcufinder
2024-10-08 20:51:25,432 [INFO] DbMcusAds:125 - Set database path to: C:\Users\bakra\.stmcufinder\plugins\mcufinder//mcu/
2024-10-08 20:51:25,432 [WARN] DbFile:41 - Overriding database path with different value: C:\Users\bakra\.stmcufinder\plugins\mcufinder/ => C:\Users\bakra\.stmcufinder\plugins\mcufinder
2024-10-08 20:51:25,432 [WARN] DbFile:41 - Overriding database path with different value: C:\Users\bakra\.stmcufinder\plugins\mcufinder/ => C:\Users\bakra\.stmcufinder\plugins\mcufinder
2024-10-08 20:51:25,432 [INFO] CrossReferenceDbSqlite:203 - Set database path to: C:\Users\bakra\.stmcufinder\plugins\mcufinder//mcu/cs/
2024-10-08 20:51:25,562 [INFO] MainPanel:268 - HeapMemory: 268435456
2024-10-08 20:51:25,806 [INFO] DbMcusXml:78 - Set database path to: C:\ST\STM32CubeIDE_1.11.2\STM32CubeIDE\plugins\com.st.stm32cube.common.mx_6.12.1.202409122256\\db\/mcu/
2024-10-08 20:51:25,806 [INFO] ApiDb:274 - Set plugin database path to: C:\ST\STM32CubeIDE_1.11.2\STM32CubeIDE\plugins\com.st.stm32cube.common.mx_6.12.1.202409122256\\db\/plugins/boardmanager/
2024-10-08 20:51:25,806 [INFO] ApiDb:261 - Set plugin images path to: C:\ST\STM32CubeIDE_1.11.2\STM32CubeIDE\plugins\com.st.stm32cube.common.mx_6.12.1.202409122256\\db\/plugins/mcufinder/images/
2024-10-08 20:51:25,807 [WARN] DbFile:41 - Overriding database path with different value: C:\Users\bakra\.stmcufinder\plugins\mcufinder/ => C:\Users\bakra\.stmcufinder\plugins\mcufinder
2024-10-08 20:51:25,807 [INFO] ApiDb:250 - Set database path to: C:\Users\bakra\.stmcufinder\plugins\mcufinder//mcu/
2024-10-08 20:51:25,807 [WARN] DbFile:41 - Overriding database path with different value: C:\Users\bakra\.stmcufinder\plugins\mcufinder/ => C:\Users\bakra\.stmcufinder\plugins\mcufinder
2024-10-08 20:51:25,807 [INFO] DbMcusAds:125 - Set database path to: C:\Users\bakra\.stmcufinder\plugins\mcufinder//mcu/
2024-10-08 20:51:25,807 [WARN] DbFile:41 - Overriding database path with different value: C:\Users\bakra\.stmcufinder\plugins\mcufinder/ => C:\Users\bakra\.stmcufinder\plugins\mcufinder
2024-10-08 20:51:25,807 [WARN] DbFile:41 - Overriding database path with different value: C:\Users\bakra\.stmcufinder\plugins\mcufinder/ => C:\Users\bakra\.stmcufinder\plugins\mcufinder
2024-10-08 20:51:25,807 [INFO] CrossReferenceDbSqlite:203 - Set database path to: C:\Users\bakra\.stmcufinder\plugins\mcufinder//mcu/cs/
2024-10-08 20:51:25,832 [INFO] ApplicationProperties:184 - Using Application install path: C:\ST\STM32CubeIDE_1.11.2\STM32CubeIDE\plugins\com.st.stm32cube.common.mx_6.12.1.202409122256
2024-10-08 20:51:25,834 [INFO] PluginManage:196 - Search for loadable plugins [exclusion list=, ]
2024-10-08 20:51:25,836 [INFO] PluginManage:310 - Check plugin analytics
2024-10-08 20:51:26,018 [INFO] AnalyticsPlugin:253 - Accepted Software Licenses: 
2024-10-08 20:51:26,018 [INFO] AnalyticsPlugin:255 - Accepted CMSIS Pack Licenses: 
2024-10-08 20:51:26,018 [INFO] AnalyticsPlugin:257 - Accepted Firmware Licenses: 
2024-10-08 20:51:26,022 [INFO] PluginManage:359 - Loaded plugin analytics (category:tool,tabindex:-1)
2024-10-08 20:51:26,022 [INFO] PluginManage:310 - Check plugin cadmodel
2024-10-08 20:51:26,042 [INFO] CADModel:105 - Init CAD model plugin
2024-10-08 20:51:26,043 [INFO] PluginManage:359 - Loaded plugin cadmodel (category:power,tabindex:5)
2024-10-08 20:51:26,043 [INFO] PluginManage:310 - Check plugin clock
2024-10-08 20:51:26,066 [INFO] PluginManage:359 - Loaded plugin clock (category:base,tabindex:2)
2024-10-08 20:51:26,067 [INFO] PluginManage:310 - Check plugin ddr
2024-10-08 20:51:26,071 [INFO] PluginManage:359 - Loaded plugin ddr (category:tool,tabindex:6)
2024-10-08 20:51:26,071 [INFO] PluginManage:310 - Check plugin filemanager
2024-10-08 20:51:26,226 [INFO] PluginManage:359 - Loaded plugin filemanager (category:base,tabindex:10)
2024-10-08 20:51:26,227 [INFO] PluginManage:310 - Check plugin ipmanager
2024-10-08 20:51:26,234 [INFO] PluginManage:359 - Loaded plugin ipmanager (category:base,tabindex:5)
2024-10-08 20:51:26,234 [INFO] PluginManage:310 - Check plugin lpbam
2024-10-08 20:51:26,253 [INFO] PluginManage:359 - Loaded plugin lpbam (category:base,tabindex:0)
2024-10-08 20:51:26,253 [INFO] PluginManage:310 - Check plugin memorymap
2024-10-08 20:51:26,279 [INFO] PluginManage:359 - Loaded plugin memorymap (category:base,tabindex:4)
2024-10-08 20:51:26,279 [INFO] PluginManage:310 - Check plugin pinoutandconfiguration
2024-10-08 20:51:26,298 [INFO] PluginManage:359 - Loaded plugin pinoutandconfiguration (category:base,tabindex:1)
2024-10-08 20:51:26,298 [INFO] PluginManage:310 - Check plugin pinoutconfig
2024-10-08 20:51:26,407 [WARN] SupportedApi:132 - Cannot load RTOS API schema: s4s-elt-must-match.1: The content of 'definitions' must match (annotation?, (simpleType | complexType)?, (unique | key | keyref)*)). A problem was found starting at: attribute.
2024-10-08 20:51:26,549 [INFO] PluginManage:359 - Loaded plugin pinoutconfig (category:base,tabindex:0)
2024-10-08 20:51:26,549 [INFO] PluginManage:310 - Check plugin power
2024-10-08 20:51:26,572 [INFO] PluginManage:359 - Loaded plugin power (category:power,tabindex:4)
2024-10-08 20:51:26,572 [INFO] PluginManage:310 - Check plugin projectmanager
2024-10-08 20:51:26,590 [INFO] PluginManage:359 - Loaded plugin projectmanager (category:projectmanager,tabindex:4)
2024-10-08 20:51:26,590 [INFO] PluginManage:310 - Check plugin rif
2024-10-08 20:51:26,612 [INFO] PluginManage:359 - Loaded plugin rif (category:base,tabindex:3)
2024-10-08 20:51:26,612 [INFO] PluginManage:310 - Check plugin thirdparty
2024-10-08 20:51:26,932 [INFO] PluginManage:359 - Loaded plugin thirdparty (category:base,tabindex:-1)
2024-10-08 20:51:26,932 [WARN] IntegrityCheckThread:84 - waiting for thirdparty lock release [integrity check]
2024-10-08 20:51:26,932 [INFO] IntegrityCheckThread:86 - entering critical section [integrity check]
2024-10-08 20:51:26,932 [INFO] PluginManage:310 - Check plugin tools
2024-10-08 20:51:26,933 [INFO] ThirdPartyUpdaterWithRetryManager:70 - Updater plugin not ready yet. [1/15]
2024-10-08 20:51:26,968 [INFO] PluginManage:359 - Loaded plugin tools (category:base,tabindex:7)
2024-10-08 20:51:26,968 [INFO] PluginManage:310 - Check plugin tutovideos
2024-10-08 20:51:27,177 [INFO] PluginManage:359 - Loaded plugin tutovideos (category:base,tabindex:-1)
2024-10-08 20:51:27,177 [INFO] PluginManage:310 - Check plugin updater
2024-10-08 20:51:27,196 [INFO] PluginManage:359 - Loaded plugin updater (category:base,tabindex:12)
2024-10-08 20:51:27,196 [INFO] PluginManage:310 - Check plugin userauth
2024-10-08 20:51:27,204 [INFO] UserAuth:113 - Init User Auth plugin
2024-10-08 20:51:27,204 [INFO] PluginManage:359 - Loaded plugin userauth (category:base,tabindex:14)
2024-10-08 20:51:27,204 [INFO] PluginManage:283 - PluginManage : Loaded plugins [18]
2024-10-08 20:51:27,441 [INFO] PinOutPanel:1561 - setPackage(No Configuration,No Configuration)
2024-10-08 20:51:27,537 [INFO] CADModel:165 - CPN selected for project level
2024-10-08 20:51:27,537 [INFO] CADModel:114 - Register for checkConnection events
2024-10-08 20:51:27,569 [INFO] IPUIPlugin:80 - create IPUIPlugin
2024-10-08 20:51:27,569 [INFO] PluginManager:220 - loadIPPluginJar : add adc
2024-10-08 20:51:27,609 [INFO] IPUIPlugin:80 - create IPUIPlugin
2024-10-08 20:51:27,610 [INFO] PluginManager:220 - loadIPPluginJar : add aes
2024-10-08 20:51:27,655 [INFO] IPUIPlugin:80 - create IPUIPlugin
2024-10-08 20:51:27,655 [INFO] PluginManager:220 - loadIPPluginJar : add can
2024-10-08 20:51:27,681 [INFO] IPUIPlugin:80 - create IPUIPlugin
2024-10-08 20:51:27,681 [INFO] PluginManager:220 - loadIPPluginJar : add comp
2024-10-08 20:51:27,716 [INFO] IPUIPlugin:80 - create IPUIPlugin
2024-10-08 20:51:27,716 [INFO] PluginManager:220 - loadIPPluginJar : add cryp
2024-10-08 20:51:27,729 [INFO] IPUIPlugin:80 - create IPUIPlugin
2024-10-08 20:51:27,729 [INFO] PluginManager:220 - loadIPPluginJar : add ddr_ctrl_phy
2024-10-08 20:51:27,757 [INFO] IPUIPlugin:80 - create IPUIPlugin
2024-10-08 20:51:27,758 [INFO] PluginManager:220 - loadIPPluginJar : add dfsdm
2024-10-08 20:51:27,772 [INFO] IPUIPlugin:80 - create IPUIPlugin
2024-10-08 20:51:27,772 [INFO] PluginManager:220 - loadIPPluginJar : add dma
2024-10-08 20:51:27,814 [INFO] IPUIPlugin:80 - create IPUIPlugin
2024-10-08 20:51:27,815 [INFO] PluginManager:220 - loadIPPluginJar : add dma3
2024-10-08 20:51:27,867 [INFO] IPUIPlugin:80 - create IPUIPlugin
2024-10-08 20:51:27,868 [INFO] PluginManager:220 - loadIPPluginJar : add extmemmanager
2024-10-08 20:51:27,890 [INFO] IPUIPlugin:80 - create IPUIPlugin
2024-10-08 20:51:27,891 [INFO] PluginManager:220 - loadIPPluginJar : add fatfs
2024-10-08 20:51:27,953 [INFO] IPUIPlugin:80 - create IPUIPlugin
2024-10-08 20:51:27,953 [INFO] PluginManager:220 - loadIPPluginJar : add fmc
2024-10-08 20:51:27,970 [INFO] IPUIPlugin:80 - create IPUIPlugin
2024-10-08 20:51:27,970 [INFO] PluginManager:220 - loadIPPluginJar : add freertos
2024-10-08 20:51:27,993 [INFO] IPUIPlugin:80 - create IPUIPlugin
2024-10-08 20:51:27,993 [INFO] PluginManager:220 - loadIPPluginJar : add genericplugin
2024-10-08 20:51:28,082 [INFO] IPUIPlugin:80 - create IPUIPlugin
2024-10-08 20:51:28,082 [INFO] PluginManager:220 - loadIPPluginJar : add gfxmmu
2024-10-08 20:51:28,228 [INFO] IPUIPlugin:80 - create IPUIPlugin
2024-10-08 20:51:28,228 [INFO] PluginManager:220 - loadIPPluginJar : add gic
2024-10-08 20:51:28,243 [INFO] IPUIPlugin:80 - create IPUIPlugin
2024-10-08 20:51:28,243 [INFO] PluginManager:220 - loadIPPluginJar : add gpio
2024-10-08 20:51:28,336 [INFO] IPUIPlugin:80 - create IPUIPlugin
2024-10-08 20:51:28,336 [INFO] PluginManager:220 - loadIPPluginJar : add gtzc
2024-10-08 20:51:28,367 [INFO] IPUIPlugin:80 - create IPUIPlugin
2024-10-08 20:51:28,367 [INFO] PluginManager:220 - loadIPPluginJar : add hash
2024-10-08 20:51:28,415 [INFO] IPUIPlugin:80 - create IPUIPlugin
2024-10-08 20:51:28,415 [INFO] PluginManager:220 - loadIPPluginJar : add i2c
2024-10-08 20:51:28,453 [INFO] IPUIPlugin:80 - create IPUIPlugin
2024-10-08 20:51:28,455 [INFO] PluginManager:220 - loadIPPluginJar : add i2s
2024-10-08 20:51:28,495 [INFO] IPUIPlugin:80 - create IPUIPlugin
2024-10-08 20:51:28,495 [INFO] PluginManager:220 - loadIPPluginJar : add i3c
2024-10-08 20:51:28,610 [INFO] IPUIPlugin:80 - create IPUIPlugin
2024-10-08 20:51:28,611 [INFO] PluginManager:220 - loadIPPluginJar : add ipddr
2024-10-08 20:51:28,699 [INFO] IPUIPlugin:80 - create IPUIPlugin
2024-10-08 20:51:28,699 [INFO] PluginManager:220 - loadIPPluginJar : add linkedlist
2024-10-08 20:51:28,734 [INFO] IPUIPlugin:80 - create IPUIPlugin
2024-10-08 20:51:28,734 [INFO] PluginManager:220 - loadIPPluginJar : add lorawan
2024-10-08 20:51:28,769 [INFO] IPUIPlugin:80 - create IPUIPlugin
2024-10-08 20:51:28,769 [INFO] PluginManager:220 - loadIPPluginJar : add ltdc
2024-10-08 20:51:28,784 [INFO] IPUIPlugin:80 - create IPUIPlugin
2024-10-08 20:51:28,784 [INFO] PluginManager:220 - loadIPPluginJar : add mdma
2024-10-08 20:51:28,797 [INFO] IPUIPlugin:80 - create IPUIPlugin
2024-10-08 20:51:28,797 [INFO] PluginManager:220 - loadIPPluginJar : add nvic
2024-10-08 20:51:28,836 [INFO] IPUIPlugin:80 - create IPUIPlugin
2024-10-08 20:51:28,836 [INFO] PluginManager:220 - loadIPPluginJar : add opamp
2024-10-08 20:51:28,895 [INFO] IPUIPlugin:80 - create IPUIPlugin
2024-10-08 20:51:28,896 [INFO] PluginManager:220 - loadIPPluginJar : add openamp
2024-10-08 20:51:28,939 [INFO] IPUIPlugin:80 - create IPUIPlugin
2024-10-08 20:51:28,939 [INFO] PluginManager:220 - loadIPPluginJar : add pdm2pcm
2024-10-08 20:51:28,956 [INFO] IPUIPlugin:80 - create IPUIPlugin
2024-10-08 20:51:28,959 [INFO] PluginManager:220 - loadIPPluginJar : add plateformsettings
2024-10-08 20:51:28,982 [INFO] IPUIPlugin:80 - create IPUIPlugin
2024-10-08 20:51:28,983 [INFO] PluginManager:220 - loadIPPluginJar : add quadspi
2024-10-08 20:51:29,011 [INFO] IPUIPlugin:80 - create IPUIPlugin
2024-10-08 20:51:29,013 [INFO] PluginManager:220 - loadIPPluginJar : add radio
2024-10-08 20:51:29,027 [INFO] IPUIPlugin:80 - create IPUIPlugin
2024-10-08 20:51:29,028 [INFO] PluginManager:220 - loadIPPluginJar : add resmgrutility
2024-10-08 20:51:29,080 [INFO] IPUIPlugin:80 - create IPUIPlugin
2024-10-08 20:51:29,080 [INFO] PluginManager:220 - loadIPPluginJar : add sai
2024-10-08 20:51:29,117 [INFO] IPUIPlugin:80 - create IPUIPlugin
2024-10-08 20:51:29,117 [INFO] PluginManager:220 - loadIPPluginJar : add spi
2024-10-08 20:51:29,192 [INFO] IPUIPlugin:80 - create IPUIPlugin
2024-10-08 20:51:29,193 [INFO] PluginManager:220 - loadIPPluginJar : add stm32_wpan
2024-10-08 20:51:29,217 [INFO] IPUIPlugin:80 - create IPUIPlugin
2024-10-08 20:51:29,217 [INFO] PluginManager:220 - loadIPPluginJar : add tim
2024-10-08 20:51:29,277 [INFO] IPUIPlugin:80 - create IPUIPlugin
2024-10-08 20:51:29,277 [INFO] PluginManager:220 - loadIPPluginJar : add touchsensing
2024-10-08 20:51:29,300 [INFO] IPUIPlugin:80 - create IPUIPlugin
2024-10-08 20:51:29,300 [INFO] PluginManager:220 - loadIPPluginJar : add tracer_emb
2024-10-08 20:51:29,324 [INFO] IPUIPlugin:80 - create IPUIPlugin
2024-10-08 20:51:29,324 [INFO] PluginManager:220 - loadIPPluginJar : add ts
2024-10-08 20:51:29,346 [INFO] IPUIPlugin:80 - create IPUIPlugin
2024-10-08 20:51:29,346 [INFO] PluginManager:220 - loadIPPluginJar : add tsc
2024-10-08 20:51:29,367 [INFO] IPUIPlugin:80 - create IPUIPlugin
2024-10-08 20:51:29,367 [INFO] PluginManager:220 - loadIPPluginJar : add ucpd
2024-10-08 20:51:29,419 [INFO] IPUIPlugin:80 - create IPUIPlugin
2024-10-08 20:51:29,419 [INFO] PluginManager:220 - loadIPPluginJar : add usart
2024-10-08 20:51:29,465 [INFO] IPUIPlugin:80 - create IPUIPlugin
2024-10-08 20:51:29,465 [INFO] PluginManager:220 - loadIPPluginJar : add usbx
2024-10-08 20:51:29,589 [INFO] CADModel:165 - CPN selected for project level
2024-10-08 20:51:29,589 [INFO] CADModel:114 - Register for checkConnection events
2024-10-08 20:51:29,589 [FATAL] Updater:334 - Updater called before beeing initialized
2024-10-08 20:51:29,589 [ERROR] CADModel:125 - Updater not yet initialized, retry later 
2024-10-08 20:51:29,742 [INFO] CADModel:165 - CPN selected for project level
2024-10-08 20:51:29,742 [INFO] CADModel:114 - Register for checkConnection events
2024-10-08 20:51:29,742 [FATAL] Updater:334 - Updater called before beeing initialized
2024-10-08 20:51:29,742 [ERROR] CADModel:125 - Updater not yet initialized, retry later 
2024-10-08 20:51:29,744 [FATAL] Updater:334 - Updater called before beeing initialized
2024-10-08 20:51:29,862 [FATAL] Updater:334 - Updater called before beeing initialized
2024-10-08 20:51:29,874 [INFO] DbMcusAds:53 - JSON generation date=Thu Sep 30 02:55:09 EDT 2021 (1632984909247)
2024-10-08 20:51:29,874 [FATAL] Updater:334 - Updater called before beeing initialized
2024-10-08 20:51:29,928 [WARN] DetailPanel:346 - Failed to get advertising image, set to default
2024-10-08 20:51:29,935 [INFO] ThirdPartyUpdaterWithRetryManager:70 - Updater plugin not ready yet. [2/15]
2024-10-08 20:51:30,045 [FATAL] Updater:334 - Updater called before beeing initialized
2024-10-08 20:51:30,047 [FATAL] Updater:334 - Updater called before beeing initialized
2024-10-08 20:51:30,047 [FATAL] Updater:334 - Updater called before beeing initialized
2024-10-08 20:51:30,047 [WARN] DetailPanel:346 - Failed to get advertising image, set to default
2024-10-08 20:51:30,048 [FATAL] Updater:334 - Updater called before beeing initialized
2024-10-08 20:51:30,165 [ERROR] Updater:1164 - MainUpdater not yet initialized. External WinMGr cannot be set.
2024-10-08 20:51:30,178 [INFO] Updater:1100 - Updater Version found : 6.12.1
2024-10-08 20:51:30,200 [INFO] ApplicationProperties:184 - Using Application install path: C:\ST\STM32CubeIDE_1.11.2\STM32CubeIDE\plugins\com.st.stm32cube.common.mx_6.12.1.202409122256
2024-10-08 20:51:31,779 [ERROR] LogOutputStream:75 - [STDERR_REDIRECT] Oct 08, 2024 8:51:31 PM java.util.prefs.WindowsPreferences <init>
2024-10-08 20:51:31,780 [ERROR] LogOutputStream:75 - [STDERR_REDIRECT] WARNING: Could not open/create prefs root node Software\JavaSoft\Prefs at root 0xffffffff80000002. Windows RegCreateKeyEx(...) returned error code 5.
2024-10-08 20:51:31,780 [ERROR] LogOutputStream:75 - [STDERR_REDIRECT] 
2024-10-08 20:51:32,406 [INFO] MainUpdater:2873 - connection check result : 10
2024-10-08 20:51:32,406 [INFO] MainUpdater:290 - Updater Check For Update Now.
2024-10-08 20:51:32,406 [INFO] MicroXplorer:498 - Change Database Version : DB.6.0.121
2024-10-08 20:51:32,426 [INFO] McuFinderGlobals:63 - Set McuFinder mode to 2 (CubeIDE integrated)
2024-10-08 20:51:32,434 [INFO] UserAuth:417 - Internet connection configuration mode: 1
2024-10-08 20:51:32,474 [INFO] JxBrowserEngine:152 - Initiate JxBrowser Engine with user profile folder
2024-10-08 20:51:32,676 [INFO] CheckServerUpdateThread:120 - End of CheckServer Thread
2024-10-08 20:51:33,223 [WARN] PackLoader:240 - Cannot read IP mode file for STMicroelectronics.FP-SNS-MOTENVWB1.1.4.0
2024-10-08 20:51:33,243 [WARN] PackLoader:240 - Cannot read IP mode file for STMicroelectronics.X-CUBE-SMBUS.2.1.0
2024-10-08 20:51:33,263 [WARN] PackLoader:240 - Cannot read IP mode file for STMicroelectronics.X-CUBE-WB05N.1.1.0
2024-10-08 20:51:33,279 [WARN] PackLoader:240 - Cannot read IP mode file for STMicroelectronics.X-CUBE-TOUCHGFX.4.23.0
2024-10-08 20:51:33,293 [WARN] PackLoader:240 - Cannot read IP mode file for STMicroelectronics.X-CUBE-TOUCHGFX.4.23.2
2024-10-08 20:51:33,345 [WARN] PackLoader:240 - Cannot read IP mode file for STMicroelectronics.X-CUBE-AZRTOS-F7.1.1.0
2024-10-08 20:51:33,369 [ERROR] RealEvaluatedCondition:428 - Found unsupported composite condition: GROUP='STM32_MetaDataManager' CLASS='Data Exchange'
2024-10-08 20:51:33,369 [ERROR] RealEvaluatedCondition:428 - Found unsupported composite condition: CLASS='Data Exchange' GROUP='STM32_MetaDataManager'
2024-10-08 20:51:33,372 [WARN] PackLoader:240 - Cannot read IP mode file for STMicroelectronics.FP-SNS-MOTENV1.4.3.0
2024-10-08 20:51:33,391 [WARN] PackLoader:240 - Cannot read IP mode file for STMicroelectronics.FP-SNS-MOTENV1.4.3.2
2024-10-08 20:51:33,413 [WARN] PackLoader:240 - Cannot read IP mode file for STMicroelectronics.FP-SNS-FLIGHT1.5.0.0
2024-10-08 20:51:33,430 [ERROR] RealEvaluatedCondition:428 - Found unsupported composite condition: GROUP='STM32_MetaDataManager' CLASS='Data Exchange'
2024-10-08 20:51:33,430 [ERROR] RealEvaluatedCondition:428 - Found unsupported composite condition: GROUP='STM32_MetaDataManager' CLASS='Data Exchange'
2024-10-08 20:51:33,431 [WARN] PackLoader:240 - Cannot read IP mode file for STMicroelectronics.FP-SNS-MOTENV1.4.3.1
2024-10-08 20:51:33,454 [WARN] PackLoader:240 - Cannot read IP mode file for STMicroelectronics.FP-SNS-FLIGHT1.5.0.1
2024-10-08 20:51:33,561 [WARN] PackLoader:240 - Cannot read IP mode file for STMicroelectronics.X-CUBE-MEMS1.11.0.0
2024-10-08 20:51:33,770 [WARN] PackLoader:240 - Cannot read IP mode file for STMicroelectronics.X-CUBE-BLE1.6.2.4
2024-10-08 20:51:33,790 [WARN] PackLoader:240 - Cannot read IP mode file for STMicroelectronics.FP-SNS-FLIGHT1.5.0.2
2024-10-08 20:51:33,811 [WARN] PackLoader:240 - Cannot read IP mode file for STMicroelectronics.X-CUBE-DISPLAY.3.0.0
2024-10-08 20:51:33,832 [WARN] PackLoader:240 - Cannot read IP mode file for STMicroelectronics.X-CUBE-BLE1.7.0.0
2024-10-08 20:51:33,853 [WARN] PackLoader:240 - Cannot read IP mode file for STMicroelectronics.X-CUBE-NFC10.1.0.0
2024-10-08 20:51:33,871 [WARN] PackLoader:240 - Cannot read IP mode file for STMicroelectronics.X-CUBE-TOUCHGFX.4.22.0
2024-10-08 20:51:33,888 [WARN] PackLoader:240 - Cannot read IP mode file for STMicroelectronics.X-CUBE-TOUCHGFX.4.22.1
2024-10-08 20:51:33,915 [WARN] PackLoader:240 - Cannot read IP mode file for STMicroelectronics.X-CUBE-BLEMGR.3.1.0
2024-10-08 20:51:33,935 [WARN] PackLoader:240 - Cannot read IP mode file for STMicroelectronics.FP-SNS-SMARTAG2.1.2.0
2024-10-08 20:51:33,969 [INFO] LogOutputStream:77 - [STDOUT_REDIRECT] 1 : Invalid condition id : UX_CORESTACK_Condition cause : null
2024-10-08 20:51:33,970 [INFO] LogOutputStream:77 - [STDOUT_REDIRECT] 1 : Invalid condition id : UX_CORESTACK_Condition cause : null
2024-10-08 20:51:33,972 [INFO] LogOutputStream:77 - [STDOUT_REDIRECT] 1 : Invalid condition id : UX_CORESTACK_Condition cause : null
2024-10-08 20:51:33,974 [INFO] LogOutputStream:77 - [STDOUT_REDIRECT] 1 : Invalid condition id : UX_CORESTACK_Condition cause : null
2024-10-08 20:51:33,976 [INFO] LogOutputStream:77 - [STDOUT_REDIRECT] 1 : Invalid condition id : UX_CORESTACK_Condition cause : null
2024-10-08 20:51:33,980 [WARN] PackLoader:240 - Cannot read IP mode file for STMicroelectronics.X-CUBE-AZRTOS-WL.2.0.0
2024-10-08 20:51:33,999 [WARN] PackLoader:240 - Cannot read IP mode file for STMicroelectronics.FP-SNS-MOTENV1.5.0.0
2024-10-08 20:51:34,018 [WARN] PackLoader:240 - Cannot read IP mode file for wolfSSL.I-CUBE-wolfMQTT.1.19.0
2024-10-08 20:51:34,041 [WARN] PackLoader:240 - Cannot read IP mode file for WES.I-CUBE-Cesium.1.3.0
2024-10-08 20:51:34,066 [WARN] PackLoader:240 - Cannot read IP mode file for STMicroelectronics.X-CUBE-BLE2.3.3.0
2024-10-08 20:51:34,096 [WARN] PackLoader:240 - Cannot read IP mode file for STMicroelectronics.X-CUBE-TOF1.3.2.0
2024-10-08 20:51:34,137 [WARN] PackLoader:240 - Cannot read IP mode file for STMicroelectronics.X-CUBE-NFC9.1.0.0
2024-10-08 20:51:34,164 [WARN] PackLoader:240 - Cannot read IP mode file for STMicroelectronics.X-CUBE-TCPP.4.1.0
2024-10-08 20:51:34,191 [WARN] PackLoader:240 - Cannot read IP mode file for STMicroelectronics.X-CUBE-TOUCHGFX.4.21.1
2024-10-08 20:51:34,232 [WARN] PackLoader:240 - Cannot read IP mode file for STMicroelectronics.X-CUBE-TOUCHGFX.4.21.3
2024-10-08 20:51:34,256 [WARN] PackLoader:240 - Cannot read IP mode file for STMicroelectronics.X-CUBE-TOUCHGFX.4.21.4
2024-10-08 20:51:34,285 [WARN] PackLoader:240 - Cannot read IP mode file for STMicroelectronics.X-CUBE-ALGOBUILD.1.3.0
2024-10-08 20:51:34,318 [WARN] PackLoader:240 - Cannot read IP mode file for STMicroelectronics.X-CUBE-AZRTOS-G0.1.1.0
2024-10-08 20:51:34,347 [WARN] PackLoader:240 - Cannot read IP mode file for STMicroelectronics.X-CUBE-SAFEA1.1.2.2
2024-10-08 20:51:34,370 [WARN] PackLoader:240 - Cannot read IP mode file for STMicroelectronics.X-CUBE-NFC4.3.0.0
2024-10-08 20:51:34,388 [WARN] PackLoader:240 - Cannot read IP mode file for wolfSSL.I-CUBE-wolfMQTT.1.18.0
2024-10-08 20:51:34,423 [WARN] PackLoader:240 - Cannot read IP mode file for EmbeddedOffice.I-CUBE-FS-RTOS.1.0.1
2024-10-08 20:51:34,424 [ERROR] ConditionMgr:805 - Attr not supported : Dmpu
2024-10-08 20:51:34,424 [ERROR] ConditionMgr:805 - Attr not supported : Dmpu
2024-10-08 20:51:34,424 [ERROR] ConditionMgr:805 - Attr not supported : Dmpu
2024-10-08 20:51:34,424 [ERROR] ConditionMgr:805 - Attr not supported : Dmpu
2024-10-08 20:51:34,424 [ERROR] ConditionMgr:805 - Attr not supported : Dmpu
2024-10-08 20:51:34,425 [ERROR] ConditionMgr:805 - Attr not supported : Dmpu
2024-10-08 20:51:34,425 [ERROR] ConditionMgr:805 - Attr not supported : Dmpu
2024-10-08 20:51:34,425 [ERROR] ConditionMgr:805 - Attr not supported : Dmpu
2024-10-08 20:51:34,426 [ERROR] ConditionMgr:805 - Attr not supported : Dmpu
2024-10-08 20:51:34,426 [ERROR] ConditionMgr:805 - Attr not supported : Dmpu
2024-10-08 20:51:34,426 [ERROR] ConditionMgr:805 - Attr not supported : Dmpu
2024-10-08 20:51:34,426 [ERROR] ConditionMgr:805 - Attr not supported : Dmpu
2024-10-08 20:51:34,426 [ERROR] ConditionMgr:805 - Attr not supported : Dmpu
2024-10-08 20:51:34,426 [ERROR] ConditionMgr:805 - Attr not supported : Dmpu
2024-10-08 20:51:34,426 [ERROR] ConditionMgr:805 - Attr not supported : Dmpu
2024-10-08 20:51:34,427 [ERROR] ConditionMgr:805 - Attr not supported : Dmpu
2024-10-08 20:51:34,427 [ERROR] ConditionMgr:805 - Attr not supported : Dmpu
2024-10-08 20:51:34,427 [ERROR] ConditionMgr:805 - Attr not supported : Dmpu
2024-10-08 20:51:34,427 [ERROR] ConditionMgr:805 - Attr not supported : Dmpu
2024-10-08 20:51:34,427 [ERROR] ConditionMgr:805 - Attr not supported : Dmpu
2024-10-08 20:51:34,427 [ERROR] ConditionMgr:805 - Attr not supported : Dmpu
2024-10-08 20:51:34,427 [ERROR] ConditionMgr:805 - Attr not supported : Dmpu
2024-10-08 20:51:34,427 [ERROR] ConditionMgr:805 - Attr not supported : Dmpu
2024-10-08 20:51:34,427 [ERROR] ConditionMgr:805 - Attr not supported : Dmpu
2024-10-08 20:51:34,428 [ERROR] ConditionMgr:805 - Attr not supported : Dmpu
2024-10-08 20:51:34,428 [ERROR] ConditionMgr:805 - Attr not supported : Dmpu
2024-10-08 20:51:34,428 [ERROR] ConditionMgr:805 - Attr not supported : Dmpu
2024-10-08 20:51:34,428 [ERROR] ConditionMgr:805 - Attr not supported : Dmpu
2024-10-08 20:51:34,428 [ERROR] ConditionMgr:805 - Attr not supported : Dmpu
2024-10-08 20:51:34,428 [ERROR] ConditionMgr:805 - Attr not supported : Dmpu
2024-10-08 20:51:34,428 [ERROR] ConditionMgr:805 - Attr not supported : Dmpu
2024-10-08 20:51:34,428 [ERROR] ConditionMgr:805 - Attr not supported : Dmpu
2024-10-08 20:51:34,428 [ERROR] ConditionMgr:805 - Attr not supported : Dmpu
2024-10-08 20:51:34,428 [ERROR] ConditionMgr:805 - Attr not supported : Dmpu
2024-10-08 20:51:34,428 [ERROR] ConditionMgr:805 - Attr not supported : Dmpu
2024-10-08 20:51:34,429 [ERROR] ConditionMgr:805 - Attr not supported : Dmpu
2024-10-08 20:51:34,429 [ERROR] ConditionMgr:805 - Attr not supported : Dmpu
2024-10-08 20:51:34,429 [ERROR] ConditionMgr:805 - Attr not supported : Dmpu
2024-10-08 20:51:34,429 [ERROR] ConditionMgr:805 - Attr not supported : Dmpu
2024-10-08 20:51:34,429 [ERROR] ConditionMgr:805 - Attr not supported : Dmpu
2024-10-08 20:51:34,429 [ERROR] ConditionMgr:805 - Attr not supported : Dmpu
2024-10-08 20:51:34,429 [ERROR] ConditionMgr:805 - Attr not supported : Dmpu
2024-10-08 20:51:34,429 [ERROR] ConditionMgr:805 - Attr not supported : Dmpu
2024-10-08 20:51:34,429 [ERROR] ConditionMgr:805 - Attr not supported : Dmpu
2024-10-08 20:51:34,430 [ERROR] ConditionMgr:805 - Attr not supported : Dmpu
2024-10-08 20:51:34,430 [ERROR] ConditionMgr:805 - Attr not supported : Dmpu
2024-10-08 20:51:34,430 [ERROR] ConditionMgr:805 - Attr not supported : Dmpu
2024-10-08 20:51:34,430 [ERROR] ConditionMgr:805 - Attr not supported : Dmpu
2024-10-08 20:51:34,430 [ERROR] ConditionMgr:805 - Attr not supported : Dmpu
2024-10-08 20:51:34,430 [ERROR] ConditionMgr:805 - Attr not supported : Dmpu
2024-10-08 20:51:34,430 [ERROR] ConditionMgr:805 - Attr not supported : Dmpu
2024-10-08 20:51:34,430 [ERROR] ConditionMgr:805 - Attr not supported : Dmpu
2024-10-08 20:51:34,430 [ERROR] ConditionMgr:805 - Attr not supported : Dmpu
2024-10-08 20:51:34,430 [ERROR] ConditionMgr:805 - Attr not supported : Dmpu
2024-10-08 20:51:34,431 [ERROR] ConditionMgr:805 - Attr not supported : Dmpu
2024-10-08 20:51:34,431 [ERROR] ConditionMgr:805 - Attr not supported : Dmpu
2024-10-08 20:51:34,431 [ERROR] ConditionMgr:805 - Attr not supported : Dmpu
2024-10-08 20:51:34,431 [ERROR] ConditionMgr:805 - Attr not supported : Dmpu
2024-10-08 20:51:34,432 [ERROR] ConditionMgr:805 - Attr not supported : Dmpu
2024-10-08 20:51:34,432 [ERROR] ConditionMgr:805 - Attr not supported : Dmpu
2024-10-08 20:51:34,432 [ERROR] ConditionMgr:805 - Attr not supported : Dmpu
2024-10-08 20:51:34,432 [ERROR] ConditionMgr:805 - Attr not supported : Dmpu
2024-10-08 20:51:34,432 [ERROR] ConditionMgr:805 - Attr not supported : Dmpu
2024-10-08 20:51:34,432 [ERROR] ConditionMgr:805 - Attr not supported : Dmpu
2024-10-08 20:51:34,457 [WARN] PackLoader:240 - Cannot read IP mode file for STMicroelectronics.X-CUBE-BLEMGR.3.0.0
2024-10-08 20:51:34,481 [WARN] PackLoader:240 - Cannot read IP mode file for STMicroelectronics.X-CUBE-BLEMGR.1.3.0
2024-10-08 20:51:34,506 [WARN] PackLoader:240 - Cannot read IP mode file for RealThread.X-CUBE-RT-Thread_Nano.4.1.1
2024-10-08 20:51:34,527 [WARN] PackLoader:240 - Cannot read IP mode file for STMicroelectronics.FP-ATR-SIGFOX1.3.2.0
2024-10-08 20:51:34,547 [WARN] PackLoader:240 - Cannot read IP mode file for STMicroelectronics.X-CUBE-EEPRMA1.5.1.0
2024-10-08 20:51:34,617 [WARN] PackLoader:240 - Cannot read IP mode file for STMicroelectronics.X-CUBE-MEMS1.9.5.0
2024-10-08 20:51:34,865 [WARN] PackLoader:240 - Cannot read IP mode file for SEGGER.I-CUBE-embOS.1.3.1
2024-10-08 20:51:34,941 [WARN] PackLoader:240 - Cannot read IP mode file for STMicroelectronics.X-CUBE-ALGOBUILD.1.4.0
2024-10-08 20:51:34,965 [WARN] PackLoader:240 - Cannot read IP mode file for STMicroelectronics.X-CUBE-AI.9.1.0
2024-10-08 20:51:34,990 [WARN] PackLoader:240 - Cannot read IP mode file for STMicroelectronics.X-CUBE-GNSS1.6.0.0
2024-10-08 20:51:35,043 [WARN] PackLoader:240 - Cannot read IP mode file for STMicroelectronics.X-CUBE-AZRTOS-F4.1.1.0
2024-10-08 20:51:35,065 [WARN] PackLoader:240 - Cannot read IP mode file for STMicroelectronics.X-CUBE-ISPU.2.1.0
2024-10-08 20:51:35,089 [WARN] PackLoader:240 - Cannot read IP mode file for STMicroelectronics.X-CUBE-FREERTOS.1.2.0
2024-10-08 20:51:35,140 [WARN] PackLoader:240 - Cannot read IP mode file for STMicroelectronics.X-CUBE-AZRTOS-L5.2.0.0
2024-10-08 20:51:35,241 [WARN] PackLoader:240 - Cannot read IP mode file for STMicroelectronics.X-CUBE-MEMS1.9.6.0
2024-10-08 20:51:35,424 [WARN] PackLoader:240 - Cannot read IP mode file for STMicroelectronics.X-CUBE-EEPRMA1.4.2.0
2024-10-08 20:51:35,449 [WARN] PackLoader:240 - Cannot read IP mode file for STMicroelectronics.X-CUBE-NFC6.3.1.0
2024-10-08 20:51:35,475 [WARN] PackLoader:240 - Cannot read IP mode file for ITTIA_DB.I-CUBE-ITTIADB.8.8.0
2024-10-08 20:51:35,498 [WARN] PackLoader:240 - Cannot read IP mode file for emotas.I-CUBE-CANOPEN.1.1.3
2024-10-08 20:51:35,519 [WARN] PackLoader:240 - Cannot read IP mode file for STMicroelectronics.X-CUBE-BLEMGR.2.0.0
2024-10-08 20:51:35,537 [WARN] PackLoader:240 - Cannot read IP mode file for STMicroelectronics.X-CUBE-DPower.1.2.0
2024-10-08 20:51:35,554 [WARN] PackLoader:240 - Cannot read IP mode file for STMicroelectronics.X-CUBE-AI.9.0.0
2024-10-08 20:51:35,592 [WARN] ConditionMgr:438 - getConditionDescription Invalid condition id : UX DEVICE CLASS RTOS Condition cause : null
2024-10-08 20:51:35,592 [WARN] ConditionMgr:438 - getConditionDescription Invalid condition id : UX DEVICE CLASS RTOS Condition cause : null
2024-10-08 20:51:35,596 [WARN] PackLoader:240 - Cannot read IP mode file for STMicroelectronics.X-CUBE-AZRTOS-H7.3.1.0
2024-10-08 20:51:35,598 [WARN] ConditionMgr:1039 - genDependencies : Invalid condition id : UX DEVICE CLASS RTOS Condition cause : null
2024-10-08 20:51:35,598 [WARN] ConditionMgr:1039 - genDependencies : Invalid condition id : UX DEVICE CLASS RTOS Condition cause : null
2024-10-08 20:51:35,599 [WARN] ConditionMgr:1039 - genDependencies : Invalid condition id : UX DEVICE CLASS RTOS Condition cause : null
2024-10-08 20:51:35,600 [WARN] ConditionMgr:1039 - genDependencies : Invalid condition id : UX DEVICE CLASS RTOS Condition cause : null
2024-10-08 20:51:35,600 [WARN] ConditionMgr:1039 - genDependencies : Invalid condition id : UX DEVICE CLASS RTOS Condition cause : null
2024-10-08 20:51:35,617 [WARN] PackLoader:240 - Cannot read IP mode file for wolfSSL.I-CUBE-wolfSSL.5.5.4
2024-10-08 20:51:35,638 [WARN] PackLoader:240 - Cannot read IP mode file for STMicroelectronics.X-CUBE-NFC7.1.0.1
2024-10-08 20:51:35,663 [WARN] PackLoader:240 - Cannot read IP mode file for STMicroelectronics.X-CUBE-NFC7.1.0.0
2024-10-08 20:51:35,686 [WARN] PackLoader:240 - Cannot read IP mode file for wolfSSL.I-CUBE-wolfTPM.3.2.0
2024-10-08 20:51:35,710 [WARN] PackLoader:240 - Cannot read IP mode file for STMicroelectronics.X-CUBE-NFC6.3.0.0
2024-10-08 20:51:35,739 [WARN] PackLoader:240 - Cannot read IP mode file for STMicroelectronics.X-CUBE-EEPRMA1.4.1.0
2024-10-08 20:51:35,761 [WARN] PackLoader:240 - Cannot read IP mode file for STMicroelectronics.X-CUBE-AI.8.1.0
2024-10-08 20:51:35,798 [WARN] ConditionMgr:438 - getConditionDescription Invalid condition id : LAN8742 Phy interface Condition cause : null
2024-10-08 20:51:35,799 [WARN] PackLoader:240 - Cannot read IP mode file for STMicroelectronics.X-CUBE-AZRTOS-L4.2.0.0
2024-10-08 20:51:35,800 [WARN] ConditionMgr:1039 - genDependencies : Invalid condition id : LAN8742 Phy interface Condition cause : null
2024-10-08 20:51:35,800 [WARN] ConditionMgr:1039 - genDependencies : Invalid condition id : LAN8742 Phy interface Condition cause : null
2024-10-08 20:51:35,801 [WARN] ConditionMgr:1039 - genDependencies : Invalid condition id : LAN8742 Phy interface Condition cause : null
2024-10-08 20:51:35,822 [WARN] PackLoader:240 - Cannot read IP mode file for STMicroelectronics.X-CUBE-SFXS2LP1.4.0.0
2024-10-08 20:51:35,859 [WARN] PackLoader:240 - Cannot read IP mode file for STMicroelectronics.X-CUBE-AZRTOS-H7.3.0.0
2024-10-08 20:51:35,879 [WARN] PackLoader:240 - Cannot read IP mode file for STMicroelectronics.X-CUBE-ISPU.1.1.0
2024-10-08 20:51:35,919 [WARN] PackLoader:240 - Cannot read IP mode file for STMicroelectronics.X-CUBE-AZRTOS-H7.3.3.0
2024-10-08 20:51:35,938 [WARN] PackLoader:240 - Cannot read IP mode file for RoweBots.I-CUBE-UNISONRTOS.5.5.0-4
2024-10-08 20:51:35,951 [WARN] PackLoader:240 - Cannot read IP mode file for STMicroelectronics.X-CUBE-AI.8.0.0
2024-10-08 20:51:35,969 [WARN] PackLoader:240 - Cannot read IP mode file for STMicroelectronics.X-CUBE-IPS.3.0.0
2024-10-08 20:51:35,996 [WARN] ConditionMgr:438 - getConditionDescription Invalid condition id : UX DEVICE CLASS RTOS Condition cause : null
2024-10-08 20:51:35,996 [WARN] ConditionMgr:438 - getConditionDescription Invalid condition id : UX DEVICE CLASS RTOS Condition cause : null
2024-10-08 20:51:35,997 [WARN] PackLoader:240 - Cannot read IP mode file for STMicroelectronics.X-CUBE-AZRTOS-WB.2.0.0
2024-10-08 20:51:35,998 [WARN] ConditionMgr:1039 - genDependencies : Invalid condition id : UX DEVICE CLASS RTOS Condition cause : null
2024-10-08 20:51:35,998 [WARN] ConditionMgr:1039 - genDependencies : Invalid condition id : UX DEVICE CLASS RTOS Condition cause : null
2024-10-08 20:51:35,998 [WARN] ConditionMgr:1039 - genDependencies : Invalid condition id : UX DEVICE CLASS RTOS Condition cause : null
2024-10-08 20:51:35,998 [WARN] ConditionMgr:1039 - genDependencies : Invalid condition id : UX DEVICE CLASS RTOS Condition cause : null
2024-10-08 20:51:35,998 [WARN] ConditionMgr:1039 - genDependencies : Invalid condition id : UX DEVICE CLASS RTOS Condition cause : null
2024-10-08 20:51:36,011 [WARN] PackLoader:240 - Cannot read IP mode file for STMicroelectronics.X-CUBE-FREERTOS.1.0.0
2024-10-08 20:51:36,023 [WARN] PackLoader:240 - Cannot read IP mode file for STMicroelectronics.X-CUBE-FREERTOS.1.0.1
2024-10-08 20:51:36,036 [WARN] PackLoader:240 - Cannot read IP mode file for STMicroelectronics.X-CUBE-GNSS1.7.0.0
2024-10-08 20:51:36,050 [WARN] PackLoader:240 - Cannot read IP mode file for STMicroelectronics.FP-SNS-STBOX1.2.0.0
2024-10-08 20:51:36,076 [WARN] PackLoader:240 - Cannot read IP mode file for STMicroelectronics.X-CUBE-AZRTOS-L5.1.1.0
2024-10-08 20:51:36,089 [WARN] PackLoader:240 - Cannot read IP mode file for STMicroelectronics.X-CUBE-AI.8.0.1
2024-10-08 20:51:36,108 [WARN] PackLoader:240 - Cannot read IP mode file for STMicroelectronics.X-CUBE-SUBG2.5.0.0
2024-10-08 20:51:36,124 [WARN] PackLoader:240 - Cannot read IP mode file for Cesanta.I-CUBE-Mongoose.7.13.0
2024-10-08 20:51:36,141 [WARN] PackLoader:240 - Cannot read IP mode file for STMicroelectronics.X-CUBE-TOF1.3.3.1
2024-10-08 20:51:36,170 [WARN] PackLoader:240 - Cannot read IP mode file for STMicroelectronics.X-CUBE-AZRTOS-G4.2.0.0
2024-10-08 20:51:36,199 [WARN] PackLoader:240 - Cannot read IP mode file for STMicroelectronics.X-CUBE-TOF1.3.3.0
2024-10-08 20:51:36,220 [WARN] PackLoader:240 - Cannot read IP mode file for STMicroelectronics.FP-ATR-ASTRA1.1.1.1
2024-10-08 20:51:36,248 [WARN] PackLoader:240 - Cannot read IP mode file for Infineon.AIROC-Wi-Fi-Bluetooth-STM32.1.5.1
2024-10-08 20:51:36,262 [WARN] PackLoader:240 - Cannot read IP mode file for STMicroelectronics.FP-SNS-MOTENVWB1.1.3.0
2024-10-08 20:51:36,276 [WARN] PackLoader:240 - Cannot read IP mode file for STMicroelectronics.FP-SNS-MOTENVWB1.1.3.1
2024-10-08 20:51:36,300 [WARN] PackLoader:240 - Cannot read IP mode file for STMicroelectronics.X-CUBE-AZRTOS-G4.1.0.0
2024-10-08 20:51:36,328 [WARN] PackLoader:240 - Cannot read IP mode file for STMicroelectronics.X-CUBE-AZRTOS-L4.1.0.0
2024-10-08 20:51:36,344 [WARN] PackLoader:240 - Cannot read IP mode file for STMicroelectronics.X-CUBE-ISPU.2.0.0
2024-10-08 20:51:36,358 [WARN] PackLoader:240 - Cannot read IP mode file for STMicroelectronics.X-CUBE-ALS.1.0.2
2024-10-08 20:51:36,408 [WARN] PackLoader:240 - Cannot read IP mode file for STMicroelectronics.X-CUBE-MEMS1.10.0.0
2024-10-08 20:51:36,514 [WARN] PackLoader:240 - Cannot read IP mode file for STMicroelectronics.X-CUBE-FREERTOS.1.1.0
2024-10-08 20:51:36,532 [WARN] PackLoader:240 - Cannot read IP mode file for STMicroelectronics.X-CUBE-TOUCHGFX.4.24.0
2024-10-08 20:51:36,565 [WARN] PackLoader:240 - Cannot read IP mode file for STMicroelectronics.X-CUBE-AZRTOS-WL.1.0.0
2024-10-08 20:51:36,582 [WARN] PackLoader:240 - Cannot read IP mode file for STMicroelectronics.X-CUBE-TOUCHGFX.4.24.1
2024-10-08 20:51:36,605 [WARN] PackLoader:240 - Cannot read IP mode file for portGmbH.I-Cube-SoM-uGOAL.1.1.0
2024-10-08 20:51:36,621 [WARN] PackLoader:240 - Cannot read IP mode file for STMicroelectronics.X-CUBE-ALS.1.0.1
2024-10-08 20:51:36,647 [WARN] PackLoader:240 - Cannot read IP mode file for STMicroelectronics.X-CUBE-AZRTOS-WB.1.1.0
2024-10-08 20:51:36,681 [WARN] PackLoader:240 - Cannot read IP mode file for STMicroelectronics.X-CUBE-AZRTOS-H7RS.1.0.0
2024-10-08 20:51:36,696 [WARN] PackLoader:240 - Cannot read IP mode file for STMicroelectronics.FP-ATR-ASTRA1.2.0.0
2024-10-08 20:51:36,718 [WARN] PackLoader:240 - Cannot read IP mode file for STMicroelectronics.X-CUBE-TOF1.3.4.2
2024-10-08 20:51:36,744 [WARN] PackLoader:240 - Cannot read IP mode file for STMicroelectronics.X-CUBE-TOF1.3.4.0
2024-10-08 20:51:36,770 [WARN] PackLoader:240 - Cannot read IP mode file for STMicroelectronics.X-CUBE-TOF1.3.4.1
2024-10-08 20:51:36,804 [WARN] PackLoader:240 - Cannot read IP mode file for STMicroelectronics.X-CUBE-AZRTOS-H7.3.2.0
2024-10-08 20:51:36,818 [WARN] PackLoader:240 - Cannot read IP mode file for wolfSSL.I-CUBE-wolfSSH.1.4.17
2024-10-08 20:51:36,819 [INFO] ThirdParty:978 - Integrity check success = true
2024-10-08 20:51:36,819 [INFO] IntegrityCheckThread:100 - exiting critical section [integrity check]
2024-10-08 20:51:36,819 [INFO] IntegrityCheckThread:103 - End integrity checks thread
2024-10-08 20:51:39,346 [INFO] WebApp:167 - Instantiating new browser for Auth
2024-10-08 20:51:40,188 [INFO] WebApp:448 - Apply proxy settings
2024-10-08 20:51:40,188 [INFO] WebApp:533 - Chromium requires no authentication
2024-10-08 20:51:40,201 [INFO] WebApp:476 - Direct internet connection detected
2024-10-08 20:51:40,232 [INFO] WebApp:869 - Register for checkConnection events
2024-10-08 20:51:40,232 [INFO] WebApp:448 - Apply proxy settings
2024-10-08 20:51:40,232 [INFO] WebApp:533 - Chromium requires no authentication
2024-10-08 20:51:40,233 [INFO] WebApp:476 - Direct internet connection detected
2024-10-08 20:51:40,442 [INFO] WebApp:220 - Starting web application
2024-10-08 20:51:40,443 [INFO] WebApp:578 - Web application path used C:\ST\STM32CubeIDE_1.11.2\STM32CubeIDE\plugins\com.st.stm32cube.common.mx_6.12.1.202409122256\db\plugins\mcufinder\reactClient1\index.html
2024-10-08 20:51:40,572 [INFO] WebApp:186 - Connection restablished
2024-10-08 20:51:40,648 [INFO] UserAuth:417 - Internet connection configuration mode: 1
2024-10-08 20:53:57,658 [ERROR] LogOutputStream:75 - [STDERR_REDIRECT] 
2024-10-08 20:53:57,660 [ERROR] LogOutputStream:75 - [STDERR_REDIRECT] 
