2024-03-06 19:23:33,042 [INFO] Activator:176 - 


2024-03-06 19:23:33,048 [INFO] Activator:177 - !SESSION log4j initialized
2024-03-06 19:23:44,120 [INFO] LogOutputStream:77 - [STDOUT_REDIRECT] 
2024-03-06 19:23:45,249 [INFO] ApplicationProperties:184 - Using Application install path: C:\ST\STM32CubeIDE_1.11.2\STM32CubeIDE\plugins\com.st.stm32cube.common.mx_6.10.0.202311202037
2024-03-06 19:23:45,269 [INFO] DbMcusXml:78 - Set database path to: C:\ST\STM32CubeIDE_1.11.2\STM32CubeIDE\plugins\com.st.stm32cube.common.mx_6.10.0.202311202037\\db\/mcu/
2024-03-06 19:23:45,269 [INFO] ApiDb:274 - Set plugin database path to: C:\ST\STM32CubeIDE_1.11.2\STM32CubeIDE\plugins\com.st.stm32cube.common.mx_6.10.0.202311202037\\db\/plugins/boardmanager/
2024-03-06 19:23:45,269 [WARN] ApiDb:259 - Overriding images path with different value:  => C:\ST\STM32CubeIDE_1.11.2\STM32CubeIDE\plugins\com.st.stm32cube.common.mx_6.10.0.202311202037\\db\/plugins/mcufinder/images/
2024-03-06 19:23:45,278 [INFO] ApiDb:250 - Set database path to: C:\Users\bakra\.stmcufinder\plugins\mcufinder//mcu/
2024-03-06 19:23:45,279 [INFO] DbMcusAds:125 - Set database path to: C:\Users\bakra\.stmcufinder\plugins\mcufinder//mcu/
2024-03-06 19:23:45,281 [INFO] CrossReferenceDbSqlite:203 - Set database path to: C:\Users\bakra\.stmcufinder\plugins\mcufinder//mcu/cs/
2024-03-06 19:23:45,419 [INFO] RulesReader:64 - Compatibility file has been processed (297 Rules)
2024-03-06 19:23:45,553 [INFO] DbMcusXml:78 - Set database path to: C:\ST\STM32CubeIDE_1.11.2\STM32CubeIDE\plugins\com.st.stm32cube.common.mx_6.10.0.202311202037\\db\/mcu/
2024-03-06 19:23:45,553 [INFO] ApiDb:274 - Set plugin database path to: C:\ST\STM32CubeIDE_1.11.2\STM32CubeIDE\plugins\com.st.stm32cube.common.mx_6.10.0.202311202037\\db\/plugins/boardmanager/
2024-03-06 19:23:45,553 [INFO] ApiDb:261 - Set plugin images path to: C:\ST\STM32CubeIDE_1.11.2\STM32CubeIDE\plugins\com.st.stm32cube.common.mx_6.10.0.202311202037\\db\/plugins/mcufinder/images/
2024-03-06 19:23:45,553 [WARN] DbFile:41 - Overriding database path with different value: C:\Users\bakra\.stmcufinder\plugins\mcufinder/ => C:\Users\bakra\.stmcufinder\plugins\mcufinder
2024-03-06 19:23:45,553 [INFO] ApiDb:250 - Set database path to: C:\Users\bakra\.stmcufinder\plugins\mcufinder//mcu/
2024-03-06 19:23:45,554 [WARN] DbFile:41 - Overriding database path with different value: C:\Users\bakra\.stmcufinder\plugins\mcufinder/ => C:\Users\bakra\.stmcufinder\plugins\mcufinder
2024-03-06 19:23:45,554 [INFO] DbMcusAds:125 - Set database path to: C:\Users\bakra\.stmcufinder\plugins\mcufinder//mcu/
2024-03-06 19:23:45,554 [WARN] DbFile:41 - Overriding database path with different value: C:\Users\bakra\.stmcufinder\plugins\mcufinder/ => C:\Users\bakra\.stmcufinder\plugins\mcufinder
2024-03-06 19:23:45,554 [WARN] DbFile:41 - Overriding database path with different value: C:\Users\bakra\.stmcufinder\plugins\mcufinder/ => C:\Users\bakra\.stmcufinder\plugins\mcufinder
2024-03-06 19:23:45,554 [INFO] CrossReferenceDbSqlite:203 - Set database path to: C:\Users\bakra\.stmcufinder\plugins\mcufinder//mcu/cs/
2024-03-06 19:23:45,662 [INFO] MainPanel:264 - HeapMemory: 268435456
2024-03-06 19:23:45,780 [INFO] DbMcusXml:78 - Set database path to: C:\ST\STM32CubeIDE_1.11.2\STM32CubeIDE\plugins\com.st.stm32cube.common.mx_6.10.0.202311202037\\db\/mcu/
2024-03-06 19:23:45,781 [INFO] ApiDb:274 - Set plugin database path to: C:\ST\STM32CubeIDE_1.11.2\STM32CubeIDE\plugins\com.st.stm32cube.common.mx_6.10.0.202311202037\\db\/plugins/boardmanager/
2024-03-06 19:23:45,781 [INFO] ApiDb:261 - Set plugin images path to: C:\ST\STM32CubeIDE_1.11.2\STM32CubeIDE\plugins\com.st.stm32cube.common.mx_6.10.0.202311202037\\db\/plugins/mcufinder/images/
2024-03-06 19:23:45,781 [WARN] DbFile:41 - Overriding database path with different value: C:\Users\bakra\.stmcufinder\plugins\mcufinder/ => C:\Users\bakra\.stmcufinder\plugins\mcufinder
2024-03-06 19:23:45,781 [INFO] ApiDb:250 - Set database path to: C:\Users\bakra\.stmcufinder\plugins\mcufinder//mcu/
2024-03-06 19:23:45,781 [WARN] DbFile:41 - Overriding database path with different value: C:\Users\bakra\.stmcufinder\plugins\mcufinder/ => C:\Users\bakra\.stmcufinder\plugins\mcufinder
2024-03-06 19:23:45,781 [INFO] DbMcusAds:125 - Set database path to: C:\Users\bakra\.stmcufinder\plugins\mcufinder//mcu/
2024-03-06 19:23:45,781 [WARN] DbFile:41 - Overriding database path with different value: C:\Users\bakra\.stmcufinder\plugins\mcufinder/ => C:\Users\bakra\.stmcufinder\plugins\mcufinder
2024-03-06 19:23:45,781 [WARN] DbFile:41 - Overriding database path with different value: C:\Users\bakra\.stmcufinder\plugins\mcufinder/ => C:\Users\bakra\.stmcufinder\plugins\mcufinder
2024-03-06 19:23:45,781 [INFO] CrossReferenceDbSqlite:203 - Set database path to: C:\Users\bakra\.stmcufinder\plugins\mcufinder//mcu/cs/
2024-03-06 19:23:45,807 [INFO] ApplicationProperties:184 - Using Application install path: C:\ST\STM32CubeIDE_1.11.2\STM32CubeIDE\plugins\com.st.stm32cube.common.mx_6.10.0.202311202037
2024-03-06 19:23:45,809 [INFO] PluginManage:196 - Search for loadable plugins [exclusion list=, ]
2024-03-06 19:23:45,810 [INFO] PluginManage:310 - Check plugin analytics
2024-03-06 19:23:45,966 [INFO] AnalyticsPlugin:253 - Accepted Software Licenses: 
2024-03-06 19:23:45,967 [INFO] AnalyticsPlugin:255 - Accepted CMSIS Pack Licenses: 
2024-03-06 19:23:45,967 [INFO] AnalyticsPlugin:257 - Accepted Firmware Licenses: 
2024-03-06 19:23:45,972 [INFO] PluginManage:359 - Loaded plugin analytics (category:tool,tabindex:-1)
2024-03-06 19:23:45,972 [INFO] PluginManage:310 - Check plugin cadmodel
2024-03-06 19:23:45,989 [INFO] CADModel:105 - Init CAD model plugin
2024-03-06 19:23:45,990 [INFO] PluginManage:359 - Loaded plugin cadmodel (category:power,tabindex:5)
2024-03-06 19:23:45,990 [INFO] PluginManage:310 - Check plugin clock
2024-03-06 19:23:46,015 [INFO] PluginManage:359 - Loaded plugin clock (category:base,tabindex:2)
2024-03-06 19:23:46,015 [INFO] PluginManage:310 - Check plugin ddr
2024-03-06 19:23:46,019 [INFO] PluginManage:359 - Loaded plugin ddr (category:tool,tabindex:6)
2024-03-06 19:23:46,019 [INFO] PluginManage:310 - Check plugin filemanager
2024-03-06 19:23:46,194 [INFO] PluginManage:359 - Loaded plugin filemanager (category:base,tabindex:10)
2024-03-06 19:23:46,194 [INFO] PluginManage:310 - Check plugin ipmanager
2024-03-06 19:23:46,202 [INFO] PluginManage:359 - Loaded plugin ipmanager (category:base,tabindex:5)
2024-03-06 19:23:46,203 [INFO] PluginManage:310 - Check plugin lpbam
2024-03-06 19:23:46,221 [INFO] PluginManage:359 - Loaded plugin lpbam (category:base,tabindex:0)
2024-03-06 19:23:46,221 [INFO] PluginManage:310 - Check plugin memorymap
2024-03-06 19:23:46,249 [INFO] PluginManage:359 - Loaded plugin memorymap (category:base,tabindex:4)
2024-03-06 19:23:46,249 [INFO] PluginManage:310 - Check plugin pinoutandconfiguration
2024-03-06 19:23:46,267 [INFO] PluginManage:359 - Loaded plugin pinoutandconfiguration (category:base,tabindex:1)
2024-03-06 19:23:46,267 [INFO] PluginManage:310 - Check plugin pinoutconfig
2024-03-06 19:23:46,370 [WARN] SupportedApi:132 - Cannot load RTOS API schema: s4s-elt-must-match.1: The content of 'definitions' must match (annotation?, (simpleType | complexType)?, (unique | key | keyref)*)). A problem was found starting at: attribute.
2024-03-06 19:23:46,508 [INFO] PluginManage:359 - Loaded plugin pinoutconfig (category:base,tabindex:0)
2024-03-06 19:23:46,508 [INFO] PluginManage:310 - Check plugin power
2024-03-06 19:23:46,528 [INFO] PluginManage:359 - Loaded plugin power (category:power,tabindex:4)
2024-03-06 19:23:46,528 [INFO] PluginManage:310 - Check plugin projectmanager
2024-03-06 19:23:46,546 [INFO] PluginManage:359 - Loaded plugin projectmanager (category:projectmanager,tabindex:3)
2024-03-06 19:23:46,546 [INFO] PluginManage:310 - Check plugin thirdparty
2024-03-06 19:23:46,804 [INFO] PluginManage:359 - Loaded plugin thirdparty (category:base,tabindex:-1)
2024-03-06 19:23:46,804 [WARN] IntegrityCheckThread:84 - waiting for thirdparty lock release [integrity check]
2024-03-06 19:23:46,805 [INFO] IntegrityCheckThread:86 - entering critical section [integrity check]
2024-03-06 19:23:46,804 [INFO] PluginManage:310 - Check plugin tools
2024-03-06 19:23:46,805 [INFO] ThirdPartyUpdaterWithRetryManager:70 - Updater plugin not ready yet. [1/15]
2024-03-06 19:23:46,840 [INFO] PluginManage:359 - Loaded plugin tools (category:base,tabindex:7)
2024-03-06 19:23:46,840 [INFO] PluginManage:310 - Check plugin tutovideos
2024-03-06 19:23:47,045 [INFO] PluginManage:359 - Loaded plugin tutovideos (category:base,tabindex:-1)
2024-03-06 19:23:47,045 [INFO] PluginManage:310 - Check plugin updater
2024-03-06 19:23:47,056 [INFO] PluginManage:359 - Loaded plugin updater (category:base,tabindex:12)
2024-03-06 19:23:47,056 [INFO] PluginManage:310 - Check plugin userauth
2024-03-06 19:23:47,064 [INFO] UserAuth:114 - Init User Auth plugin
2024-03-06 19:23:47,065 [INFO] PluginManage:359 - Loaded plugin userauth (category:base,tabindex:14)
2024-03-06 19:23:47,065 [INFO] PluginManage:283 - PluginManage : Loaded plugins [17]
2024-03-06 19:23:47,284 [INFO] PinOutPanel:1499 - setPackage(No Configuration,No Configuration)
2024-03-06 19:23:47,363 [INFO] CADModel:165 - CPN selected for project level
2024-03-06 19:23:47,363 [INFO] CADModel:114 - Register for checkConnection events
2024-03-06 19:23:47,393 [INFO] IPUIPlugin:80 - create IPUIPlugin
2024-03-06 19:23:47,393 [INFO] PluginManager:220 - loadIPPluginJar : add adc
2024-03-06 19:23:47,435 [INFO] IPUIPlugin:80 - create IPUIPlugin
2024-03-06 19:23:47,435 [INFO] PluginManager:220 - loadIPPluginJar : add aes
2024-03-06 19:23:47,481 [INFO] IPUIPlugin:80 - create IPUIPlugin
2024-03-06 19:23:47,481 [INFO] PluginManager:220 - loadIPPluginJar : add can
2024-03-06 19:23:47,503 [INFO] IPUIPlugin:80 - create IPUIPlugin
2024-03-06 19:23:47,503 [INFO] PluginManager:220 - loadIPPluginJar : add comp
2024-03-06 19:23:47,526 [INFO] IPUIPlugin:80 - create IPUIPlugin
2024-03-06 19:23:47,526 [INFO] PluginManager:220 - loadIPPluginJar : add cryp
2024-03-06 19:23:47,548 [INFO] IPUIPlugin:80 - create IPUIPlugin
2024-03-06 19:23:47,548 [INFO] PluginManager:220 - loadIPPluginJar : add dfsdm
2024-03-06 19:23:47,560 [INFO] IPUIPlugin:80 - create IPUIPlugin
2024-03-06 19:23:47,561 [INFO] PluginManager:220 - loadIPPluginJar : add dma
2024-03-06 19:23:47,591 [INFO] IPUIPlugin:80 - create IPUIPlugin
2024-03-06 19:23:47,591 [INFO] PluginManager:220 - loadIPPluginJar : add dma3
2024-03-06 19:23:47,608 [INFO] IPUIPlugin:80 - create IPUIPlugin
2024-03-06 19:23:47,609 [INFO] PluginManager:220 - loadIPPluginJar : add fatfs
2024-03-06 19:23:47,651 [INFO] IPUIPlugin:80 - create IPUIPlugin
2024-03-06 19:23:47,651 [INFO] PluginManager:220 - loadIPPluginJar : add fmc
2024-03-06 19:23:47,667 [INFO] IPUIPlugin:80 - create IPUIPlugin
2024-03-06 19:23:47,667 [INFO] PluginManager:220 - loadIPPluginJar : add freertos
2024-03-06 19:23:47,685 [INFO] IPUIPlugin:80 - create IPUIPlugin
2024-03-06 19:23:47,686 [INFO] PluginManager:220 - loadIPPluginJar : add genericplugin
2024-03-06 19:23:47,758 [INFO] IPUIPlugin:80 - create IPUIPlugin
2024-03-06 19:23:47,758 [INFO] PluginManager:220 - loadIPPluginJar : add gfxmmu
2024-03-06 19:23:47,855 [INFO] IPUIPlugin:80 - create IPUIPlugin
2024-03-06 19:23:47,856 [INFO] PluginManager:220 - loadIPPluginJar : add gic
2024-03-06 19:23:47,866 [INFO] IPUIPlugin:80 - create IPUIPlugin
2024-03-06 19:23:47,866 [INFO] PluginManager:220 - loadIPPluginJar : add gpio
2024-03-06 19:23:47,935 [INFO] IPUIPlugin:80 - create IPUIPlugin
2024-03-06 19:23:47,937 [INFO] PluginManager:220 - loadIPPluginJar : add gtzc
2024-03-06 19:23:47,964 [INFO] IPUIPlugin:80 - create IPUIPlugin
2024-03-06 19:23:47,964 [INFO] PluginManager:220 - loadIPPluginJar : add hash
2024-03-06 19:23:48,004 [INFO] IPUIPlugin:80 - create IPUIPlugin
2024-03-06 19:23:48,004 [INFO] PluginManager:220 - loadIPPluginJar : add i2c
2024-03-06 19:23:48,037 [INFO] IPUIPlugin:80 - create IPUIPlugin
2024-03-06 19:23:48,037 [INFO] PluginManager:220 - loadIPPluginJar : add i2s
2024-03-06 19:23:48,074 [INFO] IPUIPlugin:80 - create IPUIPlugin
2024-03-06 19:23:48,074 [INFO] PluginManager:220 - loadIPPluginJar : add i3c
2024-03-06 19:23:48,180 [INFO] IPUIPlugin:80 - create IPUIPlugin
2024-03-06 19:23:48,180 [INFO] PluginManager:220 - loadIPPluginJar : add ipddr
2024-03-06 19:23:48,245 [INFO] IPUIPlugin:80 - create IPUIPlugin
2024-03-06 19:23:48,245 [INFO] PluginManager:220 - loadIPPluginJar : add linkedlist
2024-03-06 19:23:48,276 [INFO] IPUIPlugin:80 - create IPUIPlugin
2024-03-06 19:23:48,276 [INFO] PluginManager:220 - loadIPPluginJar : add lorawan
2024-03-06 19:23:48,307 [INFO] IPUIPlugin:80 - create IPUIPlugin
2024-03-06 19:23:48,308 [INFO] PluginManager:220 - loadIPPluginJar : add ltdc
2024-03-06 19:23:48,320 [INFO] IPUIPlugin:80 - create IPUIPlugin
2024-03-06 19:23:48,320 [INFO] PluginManager:220 - loadIPPluginJar : add mdma
2024-03-06 19:23:48,331 [INFO] IPUIPlugin:80 - create IPUIPlugin
2024-03-06 19:23:48,331 [INFO] PluginManager:220 - loadIPPluginJar : add nvic
2024-03-06 19:23:48,363 [INFO] IPUIPlugin:80 - create IPUIPlugin
2024-03-06 19:23:48,364 [INFO] PluginManager:220 - loadIPPluginJar : add opamp
2024-03-06 19:23:48,418 [INFO] IPUIPlugin:80 - create IPUIPlugin
2024-03-06 19:23:48,418 [INFO] PluginManager:220 - loadIPPluginJar : add openamp
2024-03-06 19:23:48,459 [INFO] IPUIPlugin:80 - create IPUIPlugin
2024-03-06 19:23:48,459 [INFO] PluginManager:220 - loadIPPluginJar : add pdm2pcm
2024-03-06 19:23:48,473 [INFO] IPUIPlugin:80 - create IPUIPlugin
2024-03-06 19:23:48,475 [INFO] PluginManager:220 - loadIPPluginJar : add plateformsettings
2024-03-06 19:23:48,499 [INFO] IPUIPlugin:80 - create IPUIPlugin
2024-03-06 19:23:48,499 [INFO] PluginManager:220 - loadIPPluginJar : add quadspi
2024-03-06 19:23:48,514 [INFO] IPUIPlugin:80 - create IPUIPlugin
2024-03-06 19:23:48,514 [INFO] PluginManager:220 - loadIPPluginJar : add resmgrutility
2024-03-06 19:23:48,572 [INFO] IPUIPlugin:80 - create IPUIPlugin
2024-03-06 19:23:48,572 [INFO] PluginManager:220 - loadIPPluginJar : add sai
2024-03-06 19:23:48,614 [INFO] IPUIPlugin:80 - create IPUIPlugin
2024-03-06 19:23:48,615 [INFO] PluginManager:220 - loadIPPluginJar : add spi
2024-03-06 19:23:48,691 [INFO] IPUIPlugin:80 - create IPUIPlugin
2024-03-06 19:23:48,692 [INFO] PluginManager:220 - loadIPPluginJar : add stm32_wpan
2024-03-06 19:23:48,717 [INFO] IPUIPlugin:80 - create IPUIPlugin
2024-03-06 19:23:48,717 [INFO] PluginManager:220 - loadIPPluginJar : add tim
2024-03-06 19:23:48,777 [INFO] IPUIPlugin:80 - create IPUIPlugin
2024-03-06 19:23:48,777 [INFO] PluginManager:220 - loadIPPluginJar : add touchsensing
2024-03-06 19:23:48,804 [INFO] IPUIPlugin:80 - create IPUIPlugin
2024-03-06 19:23:48,804 [INFO] PluginManager:220 - loadIPPluginJar : add tracer_emb
2024-03-06 19:23:48,832 [INFO] IPUIPlugin:80 - create IPUIPlugin
2024-03-06 19:23:48,833 [INFO] PluginManager:220 - loadIPPluginJar : add ts
2024-03-06 19:23:48,860 [INFO] IPUIPlugin:80 - create IPUIPlugin
2024-03-06 19:23:48,860 [INFO] PluginManager:220 - loadIPPluginJar : add tsc
2024-03-06 19:23:48,884 [INFO] IPUIPlugin:80 - create IPUIPlugin
2024-03-06 19:23:48,884 [INFO] PluginManager:220 - loadIPPluginJar : add ucpd
2024-03-06 19:23:48,933 [INFO] IPUIPlugin:80 - create IPUIPlugin
2024-03-06 19:23:48,933 [INFO] PluginManager:220 - loadIPPluginJar : add usart
2024-03-06 19:23:48,980 [INFO] IPUIPlugin:80 - create IPUIPlugin
2024-03-06 19:23:48,980 [INFO] PluginManager:220 - loadIPPluginJar : add usbx
2024-03-06 19:23:49,121 [INFO] CADModel:165 - CPN selected for project level
2024-03-06 19:23:49,121 [INFO] CADModel:114 - Register for checkConnection events
2024-03-06 19:23:49,121 [FATAL] Updater:308 - Updater called before beeing initialized
2024-03-06 19:23:49,121 [ERROR] CADModel:125 - Updater not yet initialized, retry later 
2024-03-06 19:23:49,280 [INFO] CADModel:165 - CPN selected for project level
2024-03-06 19:23:49,280 [INFO] CADModel:114 - Register for checkConnection events
2024-03-06 19:23:49,281 [FATAL] Updater:308 - Updater called before beeing initialized
2024-03-06 19:23:49,281 [ERROR] CADModel:125 - Updater not yet initialized, retry later 
2024-03-06 19:23:49,286 [FATAL] Updater:308 - Updater called before beeing initialized
2024-03-06 19:23:49,434 [FATAL] Updater:308 - Updater called before beeing initialized
2024-03-06 19:23:49,448 [INFO] DbMcusAds:53 - JSON generation date=Wed Nov 29 05:52:27 EST 2023 (1701255147349)
2024-03-06 19:23:49,448 [FATAL] Updater:308 - Updater called before beeing initialized
2024-03-06 19:23:49,529 [WARN] DetailPanel:346 - Failed to get advertising image, set to default
2024-03-06 19:23:49,657 [FATAL] Updater:308 - Updater called before beeing initialized
2024-03-06 19:23:49,660 [FATAL] Updater:308 - Updater called before beeing initialized
2024-03-06 19:23:49,660 [FATAL] Updater:308 - Updater called before beeing initialized
2024-03-06 19:23:49,660 [WARN] DetailPanel:346 - Failed to get advertising image, set to default
2024-03-06 19:23:49,661 [FATAL] Updater:308 - Updater called before beeing initialized
2024-03-06 19:23:49,737 [ERROR] Updater:1120 - MainUpdater not yet initialized. External WinMGr cannot be set.
2024-03-06 19:23:49,750 [INFO] Updater:1056 - Updater Version found : 6.10.0
2024-03-06 19:23:49,774 [INFO] ApplicationProperties:184 - Using Application install path: C:\ST\STM32CubeIDE_1.11.2\STM32CubeIDE\plugins\com.st.stm32cube.common.mx_6.10.0.202311202037
2024-03-06 19:23:49,807 [INFO] ThirdPartyUpdaterWithRetryManager:70 - Updater plugin not ready yet. [2/15]
2024-03-06 19:23:51,355 [ERROR] LogOutputStream:75 - [STDERR_REDIRECT] Mar 06, 2024 7:23:51 PM java.util.prefs.WindowsPreferences <init>
2024-03-06 19:23:51,358 [ERROR] LogOutputStream:75 - [STDERR_REDIRECT] WARNING: Could not open/create prefs root node Software\JavaSoft\Prefs at root 0xffffffff80000002. Windows RegCreateKeyEx(...) returned error code 5.
2024-03-06 19:23:51,358 [ERROR] LogOutputStream:75 - [STDERR_REDIRECT] 
2024-03-06 19:23:52,093 [INFO] MainUpdater:2873 - connection check result : 10
2024-03-06 19:23:52,094 [INFO] MainUpdater:290 - Updater Check For Update Now.
2024-03-06 19:23:52,094 [INFO] MicroXplorer:498 - Change Database Version : DB.6.0.100
2024-03-06 19:23:52,108 [INFO] McuFinderGlobals:63 - Set McuFinder mode to 2 (CubeIDE integrated)
2024-03-06 19:23:52,121 [INFO] UserAuth:404 - Internet connection configuration mode: 1
2024-03-06 19:23:52,158 [INFO] JxBrowserEngine:152 - Initiate JxBrowser Engine with user profile folder
2024-03-06 19:23:52,307 [INFO] CheckServerUpdateThread:120 - End of CheckServer Thread
2024-03-06 19:23:53,002 [WARN] PackLoader:240 - Cannot read IP mode file for STMicroelectronics.X-CUBE-SMBUS.2.1.0
2024-03-06 19:23:53,016 [WARN] PackLoader:240 - Cannot read IP mode file for STMicroelectronics.X-CUBE-TOUCHGFX.4.23.0
2024-03-06 19:23:53,055 [WARN] PackLoader:240 - Cannot read IP mode file for STMicroelectronics.X-CUBE-AZRTOS-F7.1.1.0
2024-03-06 19:23:53,074 [ERROR] RealEvaluatedCondition:428 - Found unsupported composite condition: GROUP='STM32_MetaDataManager' CLASS='Data Exchange'
2024-03-06 19:23:53,075 [ERROR] RealEvaluatedCondition:428 - Found unsupported composite condition: GROUP='STM32_MetaDataManager' CLASS='Data Exchange'
2024-03-06 19:23:53,076 [WARN] PackLoader:240 - Cannot read IP mode file for STMicroelectronics.FP-SNS-MOTENV1.4.3.0
2024-03-06 19:23:53,094 [WARN] PackLoader:240 - Cannot read IP mode file for STMicroelectronics.FP-SNS-MOTENV1.4.3.2
2024-03-06 19:23:53,110 [WARN] PackLoader:240 - Cannot read IP mode file for STMicroelectronics.FP-SNS-FLIGHT1.5.0.0
2024-03-06 19:23:53,126 [ERROR] RealEvaluatedCondition:428 - Found unsupported composite condition: GROUP='STM32_MetaDataManager' CLASS='Data Exchange'
2024-03-06 19:23:53,127 [ERROR] RealEvaluatedCondition:428 - Found unsupported composite condition: CLASS='Data Exchange' GROUP='STM32_MetaDataManager'
2024-03-06 19:23:53,128 [WARN] PackLoader:240 - Cannot read IP mode file for STMicroelectronics.FP-SNS-MOTENV1.4.3.1
2024-03-06 19:23:53,145 [WARN] PackLoader:240 - Cannot read IP mode file for STMicroelectronics.FP-SNS-FLIGHT1.5.0.1
2024-03-06 19:23:53,163 [WARN] PackLoader:240 - Cannot read IP mode file for STMicroelectronics.X-CUBE-BLE1.6.2.4
2024-03-06 19:23:53,176 [WARN] PackLoader:240 - Cannot read IP mode file for STMicroelectronics.FP-SNS-FLIGHT1.5.0.2
2024-03-06 19:23:53,195 [WARN] PackLoader:240 - Cannot read IP mode file for STMicroelectronics.X-CUBE-DISPLAY.3.0.0
2024-03-06 19:23:53,214 [WARN] PackLoader:240 - Cannot read IP mode file for STMicroelectronics.X-CUBE-BLE1.7.0.0
2024-03-06 19:23:53,229 [WARN] PackLoader:240 - Cannot read IP mode file for STMicroelectronics.X-CUBE-TOUCHGFX.4.22.0
2024-03-06 19:23:53,241 [WARN] PackLoader:240 - Cannot read IP mode file for STMicroelectronics.X-CUBE-TOUCHGFX.4.22.1
2024-03-06 19:23:53,258 [WARN] PackLoader:240 - Cannot read IP mode file for STMicroelectronics.X-CUBE-BLEMGR.3.1.0
2024-03-06 19:23:53,273 [WARN] PackLoader:240 - Cannot read IP mode file for STMicroelectronics.FP-SNS-SMARTAG2.1.2.0
2024-03-06 19:23:53,295 [INFO] LogOutputStream:77 - [STDOUT_REDIRECT] 1 : Invalid condition id : UX_CORESTACK_Condition cause : null
2024-03-06 19:23:53,296 [INFO] LogOutputStream:77 - [STDOUT_REDIRECT] 1 : Invalid condition id : UX_CORESTACK_Condition cause : null
2024-03-06 19:23:53,297 [INFO] LogOutputStream:77 - [STDOUT_REDIRECT] 1 : Invalid condition id : UX_CORESTACK_Condition cause : null
2024-03-06 19:23:53,298 [INFO] LogOutputStream:77 - [STDOUT_REDIRECT] 1 : Invalid condition id : UX_CORESTACK_Condition cause : null
2024-03-06 19:23:53,298 [INFO] LogOutputStream:77 - [STDOUT_REDIRECT] 1 : Invalid condition id : UX_CORESTACK_Condition cause : null
2024-03-06 19:23:53,300 [WARN] PackLoader:240 - Cannot read IP mode file for STMicroelectronics.X-CUBE-AZRTOS-WL.2.0.0
2024-03-06 19:23:53,315 [WARN] PackLoader:240 - Cannot read IP mode file for WES.I-CUBE-Cesium.1.3.0
2024-03-06 19:23:53,328 [WARN] PackLoader:240 - Cannot read IP mode file for STMicroelectronics.X-CUBE-BLE2.3.3.0
2024-03-06 19:23:53,347 [WARN] PackLoader:240 - Cannot read IP mode file for STMicroelectronics.X-CUBE-TOF1.3.2.0
2024-03-06 19:23:53,374 [WARN] PackLoader:240 - Cannot read IP mode file for STMicroelectronics.X-CUBE-TOUCHGFX.4.21.1
2024-03-06 19:23:53,387 [WARN] PackLoader:240 - Cannot read IP mode file for STMicroelectronics.X-CUBE-TOUCHGFX.4.21.3
2024-03-06 19:23:53,402 [WARN] PackLoader:240 - Cannot read IP mode file for STMicroelectronics.X-CUBE-TOUCHGFX.4.21.4
2024-03-06 19:23:53,428 [WARN] PackLoader:240 - Cannot read IP mode file for STMicroelectronics.X-CUBE-ALGOBUILD.1.3.0
2024-03-06 19:23:53,481 [WARN] PackLoader:240 - Cannot read IP mode file for STMicroelectronics.X-CUBE-AZRTOS-G0.1.1.0
2024-03-06 19:23:53,518 [WARN] PackLoader:240 - Cannot read IP mode file for STMicroelectronics.X-CUBE-NFC4.3.0.0
2024-03-06 19:23:53,561 [WARN] PackLoader:240 - Cannot read IP mode file for STMicroelectronics.X-CUBE-BLEMGR.3.0.0
2024-03-06 19:23:53,590 [WARN] PackLoader:240 - Cannot read IP mode file for STMicroelectronics.X-CUBE-BLEMGR.1.3.0
2024-03-06 19:23:53,612 [WARN] PackLoader:240 - Cannot read IP mode file for STMicroelectronics.FP-ATR-SIGFOX1.3.2.0
2024-03-06 19:23:53,632 [WARN] PackLoader:240 - Cannot read IP mode file for STMicroelectronics.X-CUBE-EEPRMA1.5.1.0
2024-03-06 19:23:53,717 [WARN] PackLoader:240 - Cannot read IP mode file for STMicroelectronics.X-CUBE-MEMS1.9.5.0
2024-03-06 19:23:54,175 [WARN] PackLoader:240 - Cannot read IP mode file for SEGGER.I-CUBE-embOS.1.3.1
2024-03-06 19:23:54,264 [WARN] PackLoader:240 - Cannot read IP mode file for STMicroelectronics.X-CUBE-GNSS1.6.0.0
2024-03-06 19:23:54,342 [WARN] PackLoader:240 - Cannot read IP mode file for STMicroelectronics.X-CUBE-AZRTOS-F4.1.1.0
2024-03-06 19:23:54,453 [WARN] PackLoader:240 - Cannot read IP mode file for STMicroelectronics.X-CUBE-AZRTOS-L5.2.0.0
2024-03-06 19:23:54,591 [WARN] PackLoader:240 - Cannot read IP mode file for STMicroelectronics.X-CUBE-MEMS1.9.6.0
2024-03-06 19:23:54,816 [WARN] PackLoader:240 - Cannot read IP mode file for STMicroelectronics.X-CUBE-EEPRMA1.4.2.0
2024-03-06 19:23:54,847 [WARN] PackLoader:240 - Cannot read IP mode file for ITTIA_DB.I-CUBE-ITTIADB.8.8.0
2024-03-06 19:23:54,873 [WARN] PackLoader:240 - Cannot read IP mode file for emotas.I-CUBE-CANOPEN.1.1.3
2024-03-06 19:23:54,911 [WARN] PackLoader:240 - Cannot read IP mode file for STMicroelectronics.X-CUBE-BLEMGR.2.0.0
2024-03-06 19:23:54,971 [WARN] ConditionMgr:438 - getConditionDescription Invalid condition id : UX DEVICE CLASS RTOS Condition cause : null
2024-03-06 19:23:54,971 [WARN] ConditionMgr:438 - getConditionDescription Invalid condition id : UX DEVICE CLASS RTOS Condition cause : null
2024-03-06 19:23:54,975 [WARN] PackLoader:240 - Cannot read IP mode file for STMicroelectronics.X-CUBE-AZRTOS-H7.3.1.0
2024-03-06 19:23:54,977 [WARN] ConditionMgr:1039 - genDependencies : Invalid condition id : UX DEVICE CLASS RTOS Condition cause : null
2024-03-06 19:23:54,977 [WARN] ConditionMgr:1039 - genDependencies : Invalid condition id : UX DEVICE CLASS RTOS Condition cause : null
2024-03-06 19:23:54,978 [WARN] ConditionMgr:1039 - genDependencies : Invalid condition id : UX DEVICE CLASS RTOS Condition cause : null
2024-03-06 19:23:54,979 [WARN] ConditionMgr:1039 - genDependencies : Invalid condition id : UX DEVICE CLASS RTOS Condition cause : null
2024-03-06 19:23:54,979 [WARN] ConditionMgr:1039 - genDependencies : Invalid condition id : UX DEVICE CLASS RTOS Condition cause : null
2024-03-06 19:23:55,037 [WARN] PackLoader:240 - Cannot read IP mode file for wolfSSL.I-CUBE-wolfSSL.5.5.4
2024-03-06 19:23:55,080 [WARN] PackLoader:240 - Cannot read IP mode file for STMicroelectronics.X-CUBE-NFC7.1.0.1
2024-03-06 19:23:55,100 [WARN] PackLoader:240 - Cannot read IP mode file for STMicroelectronics.X-CUBE-NFC7.1.0.0
2024-03-06 19:23:55,134 [WARN] PackLoader:240 - Cannot read IP mode file for STMicroelectronics.X-CUBE-NFC6.3.0.0
2024-03-06 19:23:55,161 [WARN] PackLoader:240 - Cannot read IP mode file for STMicroelectronics.X-CUBE-EEPRMA1.4.1.0
2024-03-06 19:23:55,178 [WARN] PackLoader:240 - Cannot read IP mode file for STMicroelectronics.X-CUBE-AI.8.1.0
2024-03-06 19:23:55,208 [WARN] ConditionMgr:438 - getConditionDescription Invalid condition id : LAN8742 Phy interface Condition cause : null
2024-03-06 19:23:55,209 [WARN] PackLoader:240 - Cannot read IP mode file for STMicroelectronics.X-CUBE-AZRTOS-L4.2.0.0
2024-03-06 19:23:55,211 [WARN] ConditionMgr:1039 - genDependencies : Invalid condition id : LAN8742 Phy interface Condition cause : null
2024-03-06 19:23:55,211 [WARN] ConditionMgr:1039 - genDependencies : Invalid condition id : LAN8742 Phy interface Condition cause : null
2024-03-06 19:23:55,211 [WARN] ConditionMgr:1039 - genDependencies : Invalid condition id : LAN8742 Phy interface Condition cause : null
2024-03-06 19:23:55,226 [WARN] PackLoader:240 - Cannot read IP mode file for STMicroelectronics.X-CUBE-SFXS2LP1.4.0.0
2024-03-06 19:23:55,258 [WARN] PackLoader:240 - Cannot read IP mode file for STMicroelectronics.X-CUBE-AZRTOS-H7.3.0.0
2024-03-06 19:23:55,277 [WARN] PackLoader:240 - Cannot read IP mode file for STMicroelectronics.X-CUBE-ISPU.1.1.0
2024-03-06 19:23:55,307 [WARN] PackLoader:240 - Cannot read IP mode file for RoweBots.I-CUBE-UNISONRTOS.5.5.0-4
2024-03-06 19:23:55,332 [WARN] PackLoader:240 - Cannot read IP mode file for STMicroelectronics.X-CUBE-AI.8.0.0
2024-03-06 19:23:55,376 [WARN] ConditionMgr:438 - getConditionDescription Invalid condition id : UX DEVICE CLASS RTOS Condition cause : null
2024-03-06 19:23:55,377 [WARN] ConditionMgr:438 - getConditionDescription Invalid condition id : UX DEVICE CLASS RTOS Condition cause : null
2024-03-06 19:23:55,379 [WARN] PackLoader:240 - Cannot read IP mode file for STMicroelectronics.X-CUBE-AZRTOS-WB.2.0.0
2024-03-06 19:23:55,379 [WARN] ConditionMgr:1039 - genDependencies : Invalid condition id : UX DEVICE CLASS RTOS Condition cause : null
2024-03-06 19:23:55,380 [WARN] ConditionMgr:1039 - genDependencies : Invalid condition id : UX DEVICE CLASS RTOS Condition cause : null
2024-03-06 19:23:55,380 [WARN] ConditionMgr:1039 - genDependencies : Invalid condition id : UX DEVICE CLASS RTOS Condition cause : null
2024-03-06 19:23:55,381 [WARN] ConditionMgr:1039 - genDependencies : Invalid condition id : UX DEVICE CLASS RTOS Condition cause : null
2024-03-06 19:23:55,381 [WARN] ConditionMgr:1039 - genDependencies : Invalid condition id : UX DEVICE CLASS RTOS Condition cause : null
2024-03-06 19:23:55,408 [WARN] PackLoader:240 - Cannot read IP mode file for STMicroelectronics.X-CUBE-FREERTOS.1.0.0
2024-03-06 19:23:55,432 [WARN] PackLoader:240 - Cannot read IP mode file for STMicroelectronics.X-CUBE-FREERTOS.1.0.1
2024-03-06 19:23:55,474 [WARN] PackLoader:240 - Cannot read IP mode file for STMicroelectronics.X-CUBE-AZRTOS-L5.1.1.0
2024-03-06 19:23:55,493 [WARN] PackLoader:240 - Cannot read IP mode file for STMicroelectronics.X-CUBE-AI.8.0.1
2024-03-06 19:23:55,523 [WARN] PackLoader:240 - Cannot read IP mode file for STMicroelectronics.X-CUBE-SUBG2.5.0.0
2024-03-06 19:23:55,566 [WARN] PackLoader:240 - Cannot read IP mode file for STMicroelectronics.X-CUBE-TOF1.3.3.1
2024-03-06 19:23:55,616 [WARN] PackLoader:240 - Cannot read IP mode file for STMicroelectronics.X-CUBE-AZRTOS-G4.2.0.0
2024-03-06 19:23:55,682 [WARN] PackLoader:240 - Cannot read IP mode file for STMicroelectronics.X-CUBE-TOF1.3.3.0
2024-03-06 19:23:55,730 [WARN] PackLoader:240 - Cannot read IP mode file for STMicroelectronics.FP-ATR-ASTRA1.1.1.1
2024-03-06 19:23:55,778 [WARN] PackLoader:240 - Cannot read IP mode file for Infineon.AIROC-Wi-Fi-Bluetooth-STM32.1.5.1
2024-03-06 19:23:55,807 [WARN] PackLoader:240 - Cannot read IP mode file for STMicroelectronics.FP-SNS-MOTENVWB1.1.3.0
2024-03-06 19:23:55,827 [WARN] PackLoader:240 - Cannot read IP mode file for STMicroelectronics.FP-SNS-MOTENVWB1.1.3.1
2024-03-06 19:23:55,855 [WARN] PackLoader:240 - Cannot read IP mode file for STMicroelectronics.X-CUBE-AZRTOS-G4.1.0.0
2024-03-06 19:23:55,884 [WARN] PackLoader:240 - Cannot read IP mode file for STMicroelectronics.X-CUBE-AZRTOS-L4.1.0.0
2024-03-06 19:23:55,902 [WARN] PackLoader:240 - Cannot read IP mode file for STMicroelectronics.X-CUBE-ISPU.2.0.0
2024-03-06 19:23:55,959 [WARN] PackLoader:240 - Cannot read IP mode file for STMicroelectronics.X-CUBE-MEMS1.10.0.0
2024-03-06 19:23:56,132 [WARN] PackLoader:240 - Cannot read IP mode file for STMicroelectronics.X-CUBE-FREERTOS.1.1.0
2024-03-06 19:23:56,207 [WARN] PackLoader:240 - Cannot read IP mode file for STMicroelectronics.X-CUBE-AZRTOS-WL.1.0.0
2024-03-06 19:23:56,299 [WARN] PackLoader:240 - Cannot read IP mode file for portGmbH.I-Cube-SoM-uGOAL.1.1.0
2024-03-06 19:23:56,349 [WARN] PackLoader:240 - Cannot read IP mode file for STMicroelectronics.X-CUBE-ALS.1.0.1
2024-03-06 19:23:56,414 [WARN] PackLoader:240 - Cannot read IP mode file for STMicroelectronics.X-CUBE-AZRTOS-WB.1.1.0
2024-03-06 19:23:56,455 [WARN] PackLoader:240 - Cannot read IP mode file for STMicroelectronics.FP-ATR-ASTRA1.2.0.0
2024-03-06 19:23:56,504 [WARN] PackLoader:240 - Cannot read IP mode file for STMicroelectronics.X-CUBE-TOF1.3.4.0
2024-03-06 19:23:56,551 [WARN] PackLoader:240 - Cannot read IP mode file for STMicroelectronics.X-CUBE-TOF1.3.4.1
2024-03-06 19:23:56,880 [WARN] PackLoader:240 - Cannot read IP mode file for STMicroelectronics.X-CUBE-AZRTOS-H7.3.2.0
2024-03-06 19:23:56,883 [INFO] ThirdParty:978 - Integrity check success = true
2024-03-06 19:23:56,883 [INFO] IntegrityCheckThread:100 - exiting critical section [integrity check]
2024-03-06 19:23:56,883 [INFO] IntegrityCheckThread:103 - End integrity checks thread
2024-03-06 19:23:57,335 [INFO] WebApp:161 - Instantiating new browser for Auth
2024-03-06 19:23:57,897 [INFO] WebApp:780 - Register for checkConnection events
2024-03-06 19:23:57,897 [INFO] WebApp:414 - Apply proxy settings
2024-03-06 19:23:57,898 [INFO] WebApp:499 - Chromium requires no authentication
2024-03-06 19:23:57,908 [INFO] WebApp:442 - Direct internet connection detected
2024-03-06 19:23:58,055 [INFO] WebApp:192 - Starting web application
2024-03-06 19:23:58,055 [INFO] WebApp:544 - Web application path used C:\ST\STM32CubeIDE_1.11.2\STM32CubeIDE\plugins\com.st.stm32cube.common.mx_6.10.0.202311202037\db\plugins\mcufinder\reactClient1\index.html
2024-03-06 19:24:05,471 [ERROR] LogOutputStream:75 - [STDERR_REDIRECT] SLF4J: Failed to load class "org.slf4j.impl.StaticLoggerBinder".
2024-03-06 19:24:05,472 [ERROR] LogOutputStream:75 - [STDERR_REDIRECT] SLF4J: Defaulting to no-operation (NOP) logger implementation
2024-03-06 19:24:05,473 [ERROR] LogOutputStream:75 - [STDERR_REDIRECT] SLF4J: See http://www.slf4j.org/codes.html#StaticLoggerBinder for further details.
2024-03-06 21:50:12,540 [ERROR] LogOutputStream:75 - [STDERR_REDIRECT] 
