2025-03-31 20:06:29,838 [INFO] Activator:176 - 


2025-03-31 20:06:29,848 [INFO] Activator:177 - !SESSION log4j initialized
2025-03-31 20:06:41,717 [INFO] LogOutputStream:77 - [STDOUT_REDIRECT] 
2025-03-31 20:06:43,739 [INFO] McuFinderGlobals:63 - Set McuFinder mode to 2 (CubeIDE integrated)
2025-03-31 20:06:43,767 [INFO] ApplicationProperties:184 - Using Application install path: C:\ST\STM32CubeIDE_1.11.2\STM32CubeIDE\plugins\com.st.stm32cube.common.mx_6.13.0.202411220809
2025-03-31 20:06:43,791 [INFO] DbMcusXml:78 - Set database path to: C:\ST\STM32CubeIDE_1.11.2\STM32CubeIDE\plugins\com.st.stm32cube.common.mx_6.13.0.202411220809\\db\/mcu/
2025-03-31 20:06:43,792 [INFO] ApiDb:274 - Set plugin database path to: C:\ST\STM32CubeIDE_1.11.2\STM32CubeIDE\plugins\com.st.stm32cube.common.mx_6.13.0.202411220809\\db\/plugins/boardmanager/
2025-03-31 20:06:43,793 [WARN] ApiDb:259 - Overriding images path with different value:  => C:\ST\STM32CubeIDE_1.11.2\STM32CubeIDE\plugins\com.st.stm32cube.common.mx_6.13.0.202411220809\\db\/plugins/mcufinder/images/
2025-03-31 20:06:43,806 [INFO] ApiDb:250 - Set database path to: C:\Users\bakra\.stmcufinder\plugins\mcufinder//mcu/
2025-03-31 20:06:43,808 [INFO] DbMcusAds:125 - Set database path to: C:\Users\bakra\.stmcufinder\plugins\mcufinder//mcu/
2025-03-31 20:06:43,812 [INFO] CrossReferenceDbSqlite:203 - Set database path to: C:\Users\bakra\.stmcufinder\plugins\mcufinder//mcu/cs/
2025-03-31 20:06:43,950 [INFO] RulesReader:64 - Compatibility file has been processed (297 Rules)
2025-03-31 20:06:44,082 [INFO] DbMcusXml:78 - Set database path to: C:\ST\STM32CubeIDE_1.11.2\STM32CubeIDE\plugins\com.st.stm32cube.common.mx_6.13.0.202411220809\\db\/mcu/
2025-03-31 20:06:44,082 [INFO] ApiDb:274 - Set plugin database path to: C:\ST\STM32CubeIDE_1.11.2\STM32CubeIDE\plugins\com.st.stm32cube.common.mx_6.13.0.202411220809\\db\/plugins/boardmanager/
2025-03-31 20:06:44,083 [INFO] ApiDb:261 - Set plugin images path to: C:\ST\STM32CubeIDE_1.11.2\STM32CubeIDE\plugins\com.st.stm32cube.common.mx_6.13.0.202411220809\\db\/plugins/mcufinder/images/
2025-03-31 20:06:44,083 [WARN] DbFile:41 - Overriding database path with different value: C:\Users\bakra\.stmcufinder\plugins\mcufinder/ => C:\Users\bakra\.stmcufinder\plugins\mcufinder
2025-03-31 20:06:44,083 [INFO] ApiDb:250 - Set database path to: C:\Users\bakra\.stmcufinder\plugins\mcufinder//mcu/
2025-03-31 20:06:44,083 [WARN] DbFile:41 - Overriding database path with different value: C:\Users\bakra\.stmcufinder\plugins\mcufinder/ => C:\Users\bakra\.stmcufinder\plugins\mcufinder
2025-03-31 20:06:44,083 [INFO] DbMcusAds:125 - Set database path to: C:\Users\bakra\.stmcufinder\plugins\mcufinder//mcu/
2025-03-31 20:06:44,083 [WARN] DbFile:41 - Overriding database path with different value: C:\Users\bakra\.stmcufinder\plugins\mcufinder/ => C:\Users\bakra\.stmcufinder\plugins\mcufinder
2025-03-31 20:06:44,083 [WARN] DbFile:41 - Overriding database path with different value: C:\Users\bakra\.stmcufinder\plugins\mcufinder/ => C:\Users\bakra\.stmcufinder\plugins\mcufinder
2025-03-31 20:06:44,084 [INFO] CrossReferenceDbSqlite:203 - Set database path to: C:\Users\bakra\.stmcufinder\plugins\mcufinder//mcu/cs/
2025-03-31 20:06:44,201 [INFO] MainPanel:272 - HeapMemory: 268435456
2025-03-31 20:06:44,341 [INFO] DbMcusXml:78 - Set database path to: C:\ST\STM32CubeIDE_1.11.2\STM32CubeIDE\plugins\com.st.stm32cube.common.mx_6.13.0.202411220809\\db\/mcu/
2025-03-31 20:06:44,341 [INFO] ApiDb:274 - Set plugin database path to: C:\ST\STM32CubeIDE_1.11.2\STM32CubeIDE\plugins\com.st.stm32cube.common.mx_6.13.0.202411220809\\db\/plugins/boardmanager/
2025-03-31 20:06:44,341 [INFO] ApiDb:261 - Set plugin images path to: C:\ST\STM32CubeIDE_1.11.2\STM32CubeIDE\plugins\com.st.stm32cube.common.mx_6.13.0.202411220809\\db\/plugins/mcufinder/images/
2025-03-31 20:06:44,342 [WARN] DbFile:41 - Overriding database path with different value: C:\Users\bakra\.stmcufinder\plugins\mcufinder/ => C:\Users\bakra\.stmcufinder\plugins\mcufinder
2025-03-31 20:06:44,342 [INFO] ApiDb:250 - Set database path to: C:\Users\bakra\.stmcufinder\plugins\mcufinder//mcu/
2025-03-31 20:06:44,342 [WARN] DbFile:41 - Overriding database path with different value: C:\Users\bakra\.stmcufinder\plugins\mcufinder/ => C:\Users\bakra\.stmcufinder\plugins\mcufinder
2025-03-31 20:06:44,342 [INFO] DbMcusAds:125 - Set database path to: C:\Users\bakra\.stmcufinder\plugins\mcufinder//mcu/
2025-03-31 20:06:44,342 [WARN] DbFile:41 - Overriding database path with different value: C:\Users\bakra\.stmcufinder\plugins\mcufinder/ => C:\Users\bakra\.stmcufinder\plugins\mcufinder
2025-03-31 20:06:44,342 [WARN] DbFile:41 - Overriding database path with different value: C:\Users\bakra\.stmcufinder\plugins\mcufinder/ => C:\Users\bakra\.stmcufinder\plugins\mcufinder
2025-03-31 20:06:44,342 [INFO] CrossReferenceDbSqlite:203 - Set database path to: C:\Users\bakra\.stmcufinder\plugins\mcufinder//mcu/cs/
2025-03-31 20:06:44,365 [INFO] ApplicationProperties:184 - Using Application install path: C:\ST\STM32CubeIDE_1.11.2\STM32CubeIDE\plugins\com.st.stm32cube.common.mx_6.13.0.202411220809
2025-03-31 20:06:44,367 [INFO] PluginManage:196 - Search for loadable plugins [exclusion list=, ]
2025-03-31 20:06:44,369 [INFO] PluginManage:310 - Check plugin analytics
2025-03-31 20:06:44,596 [INFO] AnalyticsPlugin:253 - Accepted Software Licenses: 
2025-03-31 20:06:44,596 [INFO] AnalyticsPlugin:255 - Accepted CMSIS Pack Licenses: 
2025-03-31 20:06:44,596 [INFO] AnalyticsPlugin:257 - Accepted Firmware Licenses: 
2025-03-31 20:06:44,602 [INFO] PluginManage:359 - Loaded plugin analytics (category:tool,tabindex:-1)
2025-03-31 20:06:44,603 [INFO] PluginManage:310 - Check plugin cadmodel
2025-03-31 20:06:44,633 [INFO] CADModel:105 - Init CAD model plugin
2025-03-31 20:06:44,633 [INFO] PluginManage:359 - Loaded plugin cadmodel (category:power,tabindex:5)
2025-03-31 20:06:44,634 [INFO] PluginManage:310 - Check plugin clock
2025-03-31 20:06:44,666 [INFO] PluginManage:359 - Loaded plugin clock (category:base,tabindex:2)
2025-03-31 20:06:44,666 [INFO] PluginManage:310 - Check plugin ddr
2025-03-31 20:06:44,671 [INFO] PluginManage:359 - Loaded plugin ddr (category:tool,tabindex:6)
2025-03-31 20:06:44,672 [INFO] PluginManage:310 - Check plugin filemanager
2025-03-31 20:06:44,914 [INFO] PluginManage:359 - Loaded plugin filemanager (category:base,tabindex:10)
2025-03-31 20:06:44,914 [INFO] PluginManage:310 - Check plugin ipmanager
2025-03-31 20:06:44,923 [INFO] PluginManage:359 - Loaded plugin ipmanager (category:base,tabindex:5)
2025-03-31 20:06:44,924 [INFO] PluginManage:310 - Check plugin lpbam
2025-03-31 20:06:44,951 [INFO] PluginManage:359 - Loaded plugin lpbam (category:base,tabindex:0)
2025-03-31 20:06:44,951 [INFO] PluginManage:310 - Check plugin memorymap
2025-03-31 20:06:44,985 [INFO] PluginManage:359 - Loaded plugin memorymap (category:base,tabindex:4)
2025-03-31 20:06:44,985 [INFO] PluginManage:310 - Check plugin pinoutandconfiguration
2025-03-31 20:06:45,015 [INFO] PluginManage:359 - Loaded plugin pinoutandconfiguration (category:base,tabindex:1)
2025-03-31 20:06:45,015 [INFO] PluginManage:310 - Check plugin pinoutconfig
2025-03-31 20:06:45,141 [WARN] SupportedApi:132 - Cannot load RTOS API schema: s4s-elt-must-match.1: The content of 'definitions' must match (annotation?, (simpleType | complexType)?, (unique | key | keyref)*)). A problem was found starting at: attribute.
2025-03-31 20:06:45,302 [INFO] PluginManage:359 - Loaded plugin pinoutconfig (category:base,tabindex:0)
2025-03-31 20:06:45,302 [INFO] PluginManage:310 - Check plugin power
2025-03-31 20:06:45,333 [INFO] PluginManage:359 - Loaded plugin power (category:power,tabindex:4)
2025-03-31 20:06:45,333 [INFO] PluginManage:310 - Check plugin projectmanager
2025-03-31 20:06:45,355 [INFO] PluginManage:359 - Loaded plugin projectmanager (category:projectmanager,tabindex:4)
2025-03-31 20:06:45,355 [INFO] PluginManage:310 - Check plugin rif
2025-03-31 20:06:45,382 [INFO] PluginManage:359 - Loaded plugin rif (category:base,tabindex:3)
2025-03-31 20:06:45,382 [INFO] PluginManage:310 - Check plugin thirdparty
2025-03-31 20:06:45,812 [WARN] IntegrityCheckThread:84 - waiting for thirdparty lock release [integrity check]
2025-03-31 20:06:45,812 [INFO] PluginManage:359 - Loaded plugin thirdparty (category:base,tabindex:-1)
2025-03-31 20:06:45,813 [INFO] IntegrityCheckThread:86 - entering critical section [integrity check]
2025-03-31 20:06:45,813 [INFO] PluginManage:310 - Check plugin tools
2025-03-31 20:06:45,813 [INFO] ThirdPartyUpdaterWithRetryManager:70 - Updater plugin not ready yet. [1/15]
2025-03-31 20:06:45,870 [INFO] PluginManage:359 - Loaded plugin tools (category:base,tabindex:7)
2025-03-31 20:06:45,870 [INFO] PluginManage:310 - Check plugin tutovideos
2025-03-31 20:06:46,147 [INFO] PluginManage:359 - Loaded plugin tutovideos (category:base,tabindex:-1)
2025-03-31 20:06:46,147 [INFO] PluginManage:310 - Check plugin updater
2025-03-31 20:06:46,175 [INFO] PluginManage:359 - Loaded plugin updater (category:base,tabindex:12)
2025-03-31 20:06:46,175 [INFO] PluginManage:310 - Check plugin userauth
2025-03-31 20:06:46,180 [INFO] UserAuth:118 - Init User Auth plugin
2025-03-31 20:06:46,182 [INFO] PluginManage:359 - Loaded plugin userauth (category:base,tabindex:14)
2025-03-31 20:06:46,182 [INFO] PluginManage:283 - PluginManage : Loaded plugins [18]
2025-03-31 20:06:46,471 [INFO] PinOutPanel:1589 - setPackage(No Configuration,No Configuration)
2025-03-31 20:06:46,576 [INFO] CADModel:165 - CPN selected for project level
2025-03-31 20:06:46,576 [INFO] CADModel:114 - Register for checkConnection events
2025-03-31 20:06:46,617 [INFO] IPUIPlugin:80 - create IPUIPlugin
2025-03-31 20:06:46,617 [INFO] PluginManager:220 - loadIPPluginJar : add adc
2025-03-31 20:06:46,685 [INFO] IPUIPlugin:80 - create IPUIPlugin
2025-03-31 20:06:46,685 [INFO] PluginManager:220 - loadIPPluginJar : add aes
2025-03-31 20:06:46,762 [INFO] IPUIPlugin:80 - create IPUIPlugin
2025-03-31 20:06:46,762 [INFO] PluginManager:220 - loadIPPluginJar : add can
2025-03-31 20:06:46,805 [INFO] IPUIPlugin:80 - create IPUIPlugin
2025-03-31 20:06:46,805 [INFO] PluginManager:220 - loadIPPluginJar : add comp
2025-03-31 20:06:46,860 [INFO] IPUIPlugin:80 - create IPUIPlugin
2025-03-31 20:06:46,861 [INFO] PluginManager:220 - loadIPPluginJar : add cryp
2025-03-31 20:06:46,879 [INFO] IPUIPlugin:80 - create IPUIPlugin
2025-03-31 20:06:46,879 [INFO] PluginManager:220 - loadIPPluginJar : add ddr_ctrl_phy
2025-03-31 20:06:46,923 [INFO] IPUIPlugin:80 - create IPUIPlugin
2025-03-31 20:06:46,924 [INFO] PluginManager:220 - loadIPPluginJar : add dfsdm
2025-03-31 20:06:46,943 [INFO] IPUIPlugin:80 - create IPUIPlugin
2025-03-31 20:06:46,943 [INFO] PluginManager:220 - loadIPPluginJar : add dma
2025-03-31 20:06:46,999 [INFO] IPUIPlugin:80 - create IPUIPlugin
2025-03-31 20:06:46,999 [INFO] PluginManager:220 - loadIPPluginJar : add dma3
2025-03-31 20:06:47,062 [INFO] IPUIPlugin:80 - create IPUIPlugin
2025-03-31 20:06:47,062 [INFO] PluginManager:220 - loadIPPluginJar : add extmemmanager
2025-03-31 20:06:47,096 [INFO] IPUIPlugin:80 - create IPUIPlugin
2025-03-31 20:06:47,096 [INFO] PluginManager:220 - loadIPPluginJar : add fatfs
2025-03-31 20:06:47,171 [INFO] IPUIPlugin:80 - create IPUIPlugin
2025-03-31 20:06:47,172 [INFO] PluginManager:220 - loadIPPluginJar : add fmc
2025-03-31 20:06:47,194 [INFO] IPUIPlugin:80 - create IPUIPlugin
2025-03-31 20:06:47,195 [INFO] PluginManager:220 - loadIPPluginJar : add freertos
2025-03-31 20:06:47,228 [INFO] IPUIPlugin:80 - create IPUIPlugin
2025-03-31 20:06:47,228 [INFO] PluginManager:220 - loadIPPluginJar : add genericplugin
2025-03-31 20:06:47,387 [INFO] IPUIPlugin:80 - create IPUIPlugin
2025-03-31 20:06:47,387 [INFO] PluginManager:220 - loadIPPluginJar : add gfxmmu
2025-03-31 20:06:47,614 [INFO] IPUIPlugin:80 - create IPUIPlugin
2025-03-31 20:06:47,615 [INFO] PluginManager:220 - loadIPPluginJar : add gic
2025-03-31 20:06:47,634 [INFO] IPUIPlugin:80 - create IPUIPlugin
2025-03-31 20:06:47,635 [INFO] PluginManager:220 - loadIPPluginJar : add gpio
2025-03-31 20:06:47,773 [INFO] IPUIPlugin:80 - create IPUIPlugin
2025-03-31 20:06:47,774 [INFO] PluginManager:220 - loadIPPluginJar : add gtzc
2025-03-31 20:06:47,818 [INFO] IPUIPlugin:80 - create IPUIPlugin
2025-03-31 20:06:47,818 [INFO] PluginManager:220 - loadIPPluginJar : add hash
2025-03-31 20:06:47,911 [INFO] IPUIPlugin:80 - create IPUIPlugin
2025-03-31 20:06:47,912 [INFO] PluginManager:220 - loadIPPluginJar : add i2c
2025-03-31 20:06:47,994 [INFO] IPUIPlugin:80 - create IPUIPlugin
2025-03-31 20:06:47,995 [INFO] PluginManager:220 - loadIPPluginJar : add i2s
2025-03-31 20:06:48,064 [INFO] IPUIPlugin:80 - create IPUIPlugin
2025-03-31 20:06:48,064 [INFO] PluginManager:220 - loadIPPluginJar : add i3c
2025-03-31 20:06:48,216 [INFO] IPUIPlugin:80 - create IPUIPlugin
2025-03-31 20:06:48,216 [INFO] PluginManager:220 - loadIPPluginJar : add ipddr
2025-03-31 20:06:48,364 [INFO] IPUIPlugin:80 - create IPUIPlugin
2025-03-31 20:06:48,365 [INFO] PluginManager:220 - loadIPPluginJar : add linkedlist
2025-03-31 20:06:48,422 [INFO] IPUIPlugin:80 - create IPUIPlugin
2025-03-31 20:06:48,422 [INFO] PluginManager:220 - loadIPPluginJar : add lorawan
2025-03-31 20:06:48,486 [INFO] IPUIPlugin:80 - create IPUIPlugin
2025-03-31 20:06:48,486 [INFO] PluginManager:220 - loadIPPluginJar : add ltdc
2025-03-31 20:06:48,506 [INFO] IPUIPlugin:80 - create IPUIPlugin
2025-03-31 20:06:48,506 [INFO] PluginManager:220 - loadIPPluginJar : add mdma
2025-03-31 20:06:48,523 [INFO] IPUIPlugin:80 - create IPUIPlugin
2025-03-31 20:06:48,523 [INFO] PluginManager:220 - loadIPPluginJar : add nvic
2025-03-31 20:06:48,574 [INFO] IPUIPlugin:80 - create IPUIPlugin
2025-03-31 20:06:48,574 [INFO] PluginManager:220 - loadIPPluginJar : add opamp
2025-03-31 20:06:48,656 [INFO] IPUIPlugin:80 - create IPUIPlugin
2025-03-31 20:06:48,656 [INFO] PluginManager:220 - loadIPPluginJar : add openamp
2025-03-31 20:06:48,715 [INFO] IPUIPlugin:80 - create IPUIPlugin
2025-03-31 20:06:48,715 [INFO] PluginManager:220 - loadIPPluginJar : add pdm2pcm
2025-03-31 20:06:48,736 [INFO] IPUIPlugin:80 - create IPUIPlugin
2025-03-31 20:06:48,738 [INFO] PluginManager:220 - loadIPPluginJar : add plateformsettings
2025-03-31 20:06:48,770 [INFO] IPUIPlugin:80 - create IPUIPlugin
2025-03-31 20:06:48,770 [INFO] PluginManager:220 - loadIPPluginJar : add quadspi
2025-03-31 20:06:48,807 [INFO] IPUIPlugin:80 - create IPUIPlugin
2025-03-31 20:06:48,807 [INFO] PluginManager:220 - loadIPPluginJar : add radio
2025-03-31 20:06:48,814 [INFO] ThirdPartyUpdaterWithRetryManager:70 - Updater plugin not ready yet. [2/15]
2025-03-31 20:06:48,825 [INFO] IPUIPlugin:80 - create IPUIPlugin
2025-03-31 20:06:48,825 [INFO] PluginManager:220 - loadIPPluginJar : add resmgrutility
2025-03-31 20:06:48,890 [INFO] IPUIPlugin:80 - create IPUIPlugin
2025-03-31 20:06:48,890 [INFO] PluginManager:220 - loadIPPluginJar : add sai
2025-03-31 20:06:48,946 [INFO] IPUIPlugin:80 - create IPUIPlugin
2025-03-31 20:06:48,947 [INFO] PluginManager:220 - loadIPPluginJar : add spi
2025-03-31 20:06:49,041 [INFO] IPUIPlugin:80 - create IPUIPlugin
2025-03-31 20:06:49,041 [INFO] PluginManager:220 - loadIPPluginJar : add stm32_wpan
2025-03-31 20:06:49,076 [INFO] IPUIPlugin:80 - create IPUIPlugin
2025-03-31 20:06:49,076 [INFO] PluginManager:220 - loadIPPluginJar : add tim
2025-03-31 20:06:49,164 [INFO] IPUIPlugin:80 - create IPUIPlugin
2025-03-31 20:06:49,164 [INFO] PluginManager:220 - loadIPPluginJar : add touchsensing
2025-03-31 20:06:49,196 [INFO] IPUIPlugin:80 - create IPUIPlugin
2025-03-31 20:06:49,196 [INFO] PluginManager:220 - loadIPPluginJar : add tracer_emb
2025-03-31 20:06:49,232 [INFO] IPUIPlugin:80 - create IPUIPlugin
2025-03-31 20:06:49,232 [INFO] PluginManager:220 - loadIPPluginJar : add ts
2025-03-31 20:06:49,264 [INFO] IPUIPlugin:80 - create IPUIPlugin
2025-03-31 20:06:49,264 [INFO] PluginManager:220 - loadIPPluginJar : add tsc
2025-03-31 20:06:49,296 [INFO] IPUIPlugin:80 - create IPUIPlugin
2025-03-31 20:06:49,296 [INFO] PluginManager:220 - loadIPPluginJar : add ucpd
2025-03-31 20:06:49,358 [INFO] IPUIPlugin:80 - create IPUIPlugin
2025-03-31 20:06:49,358 [INFO] PluginManager:220 - loadIPPluginJar : add usart
2025-03-31 20:06:49,423 [INFO] IPUIPlugin:80 - create IPUIPlugin
2025-03-31 20:06:49,423 [INFO] PluginManager:220 - loadIPPluginJar : add usbx
2025-03-31 20:06:49,576 [FATAL] Updater:351 - Updater called before beeing initialized
2025-03-31 20:06:49,607 [INFO] RulesReader:64 - Compatibility file has been processed (297 Rules)
2025-03-31 20:06:49,621 [INFO] RulesReader:64 - Compatibility file has been processed (297 Rules)
2025-03-31 20:06:49,634 [INFO] CADModel:165 - CPN selected for project level
2025-03-31 20:06:49,634 [INFO] CADModel:114 - Register for checkConnection events
2025-03-31 20:06:49,634 [FATAL] Updater:351 - Updater called before beeing initialized
2025-03-31 20:06:49,635 [ERROR] CADModel:125 - Updater not yet initialized, retry later 
2025-03-31 20:06:49,870 [FATAL] Updater:351 - Updater called before beeing initialized
2025-03-31 20:06:49,873 [INFO] CADModel:165 - CPN selected for project level
2025-03-31 20:06:49,873 [INFO] CADModel:114 - Register for checkConnection events
2025-03-31 20:06:49,873 [FATAL] Updater:351 - Updater called before beeing initialized
2025-03-31 20:06:49,873 [ERROR] CADModel:125 - Updater not yet initialized, retry later 
2025-03-31 20:06:49,878 [FATAL] Updater:351 - Updater called before beeing initialized
2025-03-31 20:06:50,099 [FATAL] Updater:351 - Updater called before beeing initialized
2025-03-31 20:06:50,122 [INFO] DbMcusAds:53 - JSON generation date=Tue Dec 17 11:01:15 EST 2024 (1734451275111)
2025-03-31 20:06:50,122 [FATAL] Updater:351 - Updater called before beeing initialized
2025-03-31 20:06:50,176 [WARN] DetailPanel:346 - Failed to get advertising image, set to default
2025-03-31 20:06:50,443 [FATAL] Updater:351 - Updater called before beeing initialized
2025-03-31 20:06:50,447 [FATAL] Updater:351 - Updater called before beeing initialized
2025-03-31 20:06:50,447 [FATAL] Updater:351 - Updater called before beeing initialized
2025-03-31 20:06:50,447 [WARN] DetailPanel:346 - Failed to get advertising image, set to default
2025-03-31 20:06:50,447 [FATAL] Updater:351 - Updater called before beeing initialized
2025-03-31 20:06:50,522 [ERROR] Updater:1198 - MainUpdater not yet initialized. External WinMGr cannot be set.
2025-03-31 20:06:50,537 [INFO] Updater:1134 - Updater Version found : 6.13.0
2025-03-31 20:06:50,561 [INFO] ApplicationProperties:184 - Using Application install path: C:\ST\STM32CubeIDE_1.11.2\STM32CubeIDE\plugins\com.st.stm32cube.common.mx_6.13.0.202411220809
2025-03-31 20:06:51,815 [INFO] ThirdPartyUpdaterWithRetryManager:70 - Updater plugin not ready yet. [3/15]
2025-03-31 20:06:52,149 [ERROR] LogOutputStream:75 - [STDERR_REDIRECT] Mar 31, 2025 8:06:52 PM java.util.prefs.WindowsPreferences <init>
2025-03-31 20:06:52,150 [ERROR] LogOutputStream:75 - [STDERR_REDIRECT] WARNING: Could not open/create prefs root node Software\JavaSoft\Prefs at root 0xffffffff80000002. Windows RegCreateKeyEx(...) returned error code 5.
2025-03-31 20:06:52,150 [ERROR] LogOutputStream:75 - [STDERR_REDIRECT] 
2025-03-31 20:06:53,695 [INFO] MainUpdater:2872 - connection check result : 10
2025-03-31 20:06:53,695 [INFO] MainUpdater:3566 - Updater definition file requires update
2025-03-31 20:06:53,702 [INFO] MainUpdater:289 - Updater Check For Update Now.
2025-03-31 20:06:53,703 [INFO] MicroXplorer:498 - Change Database Version : DB.6.0.130
2025-03-31 20:06:53,722 [INFO] McuFinderGlobals:63 - Set McuFinder mode to 2 (CubeIDE integrated)
2025-03-31 20:06:53,737 [INFO] UserAuth:486 - Internet connection configuration mode: 1
2025-03-31 20:06:53,836 [INFO] JxBrowserEngine:152 - Initiate JxBrowser Engine with user profile folder
2025-03-31 20:06:54,816 [WARN] MainUpdater:1193 - Updater busy. Cannot search thirdparties
2025-03-31 20:06:54,816 [INFO] ThirdPartyUpdaterWithRetryManager:96 - Updater plugin is busy. [1/15]
2025-03-31 20:06:54,878 [INFO] ServerAccessManage:473 - Download File updaters.zip
2025-03-31 20:06:55,042 [INFO] FileExtend:240 - Unzip File : updaters.zip
2025-03-31 20:06:55,042 [INFO] FileExtend:255 - Standard Zip Deflate
2025-03-31 20:06:56,449 [INFO] ServerAccessManage:473 - Download File PacksControlFlags.xml
2025-03-31 20:06:56,779 [INFO] ServerAccessManage:473 - Download File cubemx.pidx
2025-03-31 20:06:56,858 [INFO] WebApp:168 - Instantiating new browser for Auth
2025-03-31 20:06:57,596 [INFO] ServerAccessManage:473 - Download File STMicroelectronics.FP-ATR-ASTRA1.pdsc
2025-03-31 20:06:57,817 [WARN] MainUpdater:1193 - Updater busy. Cannot search thirdparties
2025-03-31 20:06:57,817 [INFO] ThirdPartyUpdaterWithRetryManager:96 - Updater plugin is busy. [2/15]
2025-03-31 20:06:58,203 [INFO] WebApp:449 - Apply proxy settings
2025-03-31 20:06:58,204 [INFO] WebApp:534 - Chromium requires no authentication
2025-03-31 20:06:58,225 [INFO] WebApp:477 - Direct internet connection detected
2025-03-31 20:06:58,279 [INFO] WebApp:880 - Register for checkConnection events
2025-03-31 20:06:58,280 [INFO] WebApp:449 - Apply proxy settings
2025-03-31 20:06:58,280 [INFO] WebApp:534 - Chromium requires no authentication
2025-03-31 20:06:58,281 [INFO] WebApp:477 - Direct internet connection detected
2025-03-31 20:06:58,602 [INFO] WebApp:187 - Connection restablished
2025-03-31 20:06:58,693 [INFO] WebApp:221 - Starting web application
2025-03-31 20:06:58,693 [INFO] WebApp:579 - Web application path used C:\ST\STM32CubeIDE_1.11.2\STM32CubeIDE\plugins\com.st.stm32cube.common.mx_6.13.0.202411220809\db\plugins\mcufinder\reactClient1\index.html
2025-03-31 20:06:58,997 [INFO] UserAuth:486 - Internet connection configuration mode: 1
2025-03-31 20:07:00,057 [INFO] ServerAccessManage:473 - Download File STMicroelectronics.FP-SNS-FLIGHT1.pdsc
2025-03-31 20:07:00,818 [WARN] MainUpdater:1193 - Updater busy. Cannot search thirdparties
2025-03-31 20:07:00,818 [INFO] ThirdPartyUpdaterWithRetryManager:96 - Updater plugin is busy. [3/15]
2025-03-31 20:07:01,886 [INFO] ServerAccessManage:473 - Download File STMicroelectronics.X-CUBE-BLE1.pdsc
2025-03-31 20:07:03,819 [WARN] MainUpdater:1193 - Updater busy. Cannot search thirdparties
2025-03-31 20:07:03,819 [INFO] ThirdPartyUpdaterWithRetryManager:96 - Updater plugin is busy. [4/15]
2025-03-31 20:07:06,819 [WARN] MainUpdater:1193 - Updater busy. Cannot search thirdparties
2025-03-31 20:07:06,819 [INFO] ThirdPartyUpdaterWithRetryManager:96 - Updater plugin is busy. [5/15]
2025-03-31 20:07:08,723 [ERROR] ServerAccessManage:1089 - Problem, file not found on Server
2025-03-31 20:07:09,032 [INFO] ServerAccessManage:473 - Download File STMicroelectronics.X-CUBE-DPOWER.pdsc
2025-03-31 20:07:09,801 [ERROR] ServerAccessManage:1089 - Problem, file not found on Server
2025-03-31 20:07:09,821 [WARN] MainUpdater:1193 - Updater busy. Cannot search thirdparties
2025-03-31 20:07:09,821 [INFO] ThirdPartyUpdaterWithRetryManager:96 - Updater plugin is busy. [6/15]
2025-03-31 20:07:10,192 [ERROR] ServerAccessManage:1089 - Problem, file not found on Server
2025-03-31 20:07:10,507 [ERROR] ServerAccessManage:1089 - Problem, file not found on Server
2025-03-31 20:07:10,916 [ERROR] ServerAccessManage:1089 - Problem, file not found on Server
2025-03-31 20:07:11,255 [ERROR] ServerAccessManage:1089 - Problem, file not found on Server
2025-03-31 20:07:11,641 [ERROR] ServerAccessManage:1089 - Problem, file not found on Server
2025-03-31 20:07:11,996 [ERROR] ServerAccessManage:1089 - Problem, file not found on Server
2025-03-31 20:07:12,343 [ERROR] ServerAccessManage:1089 - Problem, file not found on Server
2025-03-31 20:07:12,642 [ERROR] ServerAccessManage:1089 - Problem, file not found on Server
2025-03-31 20:07:12,825 [WARN] MainUpdater:1193 - Updater busy. Cannot search thirdparties
2025-03-31 20:07:12,825 [INFO] ThirdPartyUpdaterWithRetryManager:96 - Updater plugin is busy. [7/15]
2025-03-31 20:07:12,955 [ERROR] ServerAccessManage:1089 - Problem, file not found on Server
2025-03-31 20:07:13,167 [ERROR] ServerAccessManage:1089 - Problem, file not found on Server
2025-03-31 20:07:13,950 [INFO] MainUpdater:2872 - connection check result : 10
2025-03-31 20:07:14,699 [INFO] ServerAccessManage:473 - Download File STMicroelectronics.X-CUBE-TOUCHGFX.pdsc
2025-03-31 20:07:15,827 [WARN] MainUpdater:1193 - Updater busy. Cannot search thirdparties
2025-03-31 20:07:15,827 [INFO] ThirdPartyUpdaterWithRetryManager:96 - Updater plugin is busy. [8/15]
2025-03-31 20:07:18,839 [WARN] MainUpdater:1193 - Updater busy. Cannot search thirdparties
2025-03-31 20:07:18,840 [INFO] ThirdPartyUpdaterWithRetryManager:96 - Updater plugin is busy. [9/15]
